reverse-dns.chicago - - [24/Nov/2017:02:06:54 +0100] "GET / HTTP/1.1" 200 35804
reverse-dns.chicago - - [24/Nov/2017:02:06:55 +0100] "GET /events.shtml HTTP/1.1" 200 22514
reverse-dns.chicago - - [24/Nov/2017:02:06:56 +0100] "GET /galerie.shtml HTTP/1.1" 200 22747
reverse-dns.chicago - - [24/Nov/2017:02:06:57 +0100] "GET /kurse.shtml HTTP/1.1" 200 31031
reverse-dns.chicago - - [24/Nov/2017:02:06:58 +0100] "GET /vermietung.shtml HTTP/1.1" 200 25728
reverse-dns.chicago - - [24/Nov/2017:02:06:59 +0100] "GET /event-gruppesmartkat.shtml HTTP/1.1" 200 21256
reverse-dns.chicago - - [24/Nov/2017:02:06:59 +0100] "GET /event-matchracing.shtml HTTP/1.1" 200 21251
reverse-dns.chicago - - [24/Nov/2017:02:07:00 +0100] "GET /event-pedalo.shtml HTTP/1.1" 200 20248
reverse-dns.chicago - - [24/Nov/2017:02:07:00 +0100] "GET /galerie-gruppesmartkat.shtml HTTP/1.1" 200 20574
reverse-dns.chicago - - [24/Nov/2017:02:07:01 +0100] "GET /galerie-matchracing.shtml HTTP/1.1" 200 21704
reverse-dns.chicago - - [24/Nov/2017:02:07:02 +0100] "GET /galerie-sktrophy-2014.shtml HTTP/1.1" 200 29913
reverse-dns.chicago - - [24/Nov/2017:02:07:03 +0100] "GET /galerie-sktrophy-2015.shtml HTTP/1.1" 200 49420
reverse-dns.chicago - - [24/Nov/2017:02:07:04 +0100] "GET /kinder-segelkurs.shtml HTTP/1.1" 200 19898
reverse-dns.chicago - - [24/Nov/2017:02:07:04 +0100] "GET /optikurse-2014.shtml HTTP/1.1" 200 26353
reverse-dns.chicago - - [24/Nov/2017:02:07:04 +0100] "GET /pruefungskurs.shtml HTTP/1.1" 200 23039
reverse-dns.chicago - - [24/Nov/2017:02:07:06 +0100] "GET /segel-grundkurs.shtml HTTP/1.1" 200 21440
reverse-dns.chicago - - [24/Nov/2017:02:07:06 +0100] "GET /segelkurs-jollesmartkat.shtml HTTP/1.1" 200 19993
reverse-dns.chicago - - [24/Nov/2017:02:07:06 +0100] "GET /smartkat-crashkurs.shtml HTTP/1.1" 200 17863
reverse-dns.chicago - - [24/Nov/2017:02:07:07 +0100] "GET /Perspectiva.html? HTTP/1.1" 200 18069
reverse-dns.chicago - - [24/Nov/2017:02:07:07 +0100] "GET /js/functions_stripped.js?v=6.6.7.2.41064 HTTP/1.1" 200 7672
reverse-dns.chicago - - [24/Nov/2017:02:07:07 +0100] "GET /flotte.shtml HTTP/1.1" 200 29241
reverse-dns.chicago - - [24/Nov/2017:02:07:08 +0100] "GET /js/jquery.lazyload.min.js?v=6.6.7.2.41064 HTTP/1.1" 200 3342
reverse-dns.chicago - - [24/Nov/2017:02:07:08 +0100] "GET /js/).html(a);null==$( HTTP/1.1" 200 219
reverse-dns.chicago - - [24/Nov/2017:02:07:08 +0100] "GET /js/index.php?sid=46&lang=en&item=1&act=users&ajax=state HTTP/1.1" 200 210
reverse-dns.chicago - - [24/Nov/2017:02:07:10 +0100] "GET /aktuelles-wetter HTTP/1.1" 200 18388
reverse-dns.chicago - - [24/Nov/2017:02:07:13 +0100] "GET /davosersee HTTP/1.1" 200 19505
reverse-dns.chicago - - [24/Nov/2017:02:07:15 +0100] "GET /event-gruppesmartkat HTTP/1.1" 200 21256
reverse-dns.chicago - - [24/Nov/2017:02:07:16 +0100] "GET /event-pedalo HTTP/1.1" 200 20248
reverse-dns.chicago - - [24/Nov/2017:02:07:16 +0100] "GET /event-matchracing HTTP/1.1" 200 21251
reverse-dns.chicago - - [24/Nov/2017:02:07:17 +0100] "GET /events HTTP/1.1" 200 22514
msnbot-40-77-167-115.search.msn.com - - [24/Nov/2017:02:15:12 +0100] "GET /galerie-sktrophy-2014.shtml HTTP/1.1" 200 5044
95-108-181-76.spider.yandex.com - - [24/Nov/2017:02:17:17 +0100] "GET /var/m_0/0d/0dd/12455/7230905-G5_Matchracing_02.jpg HTTP/1.1" 200 68797
crawl-66-249-64-30.googlebot.com - - [24/Nov/2017:02:28:31 +0100] "GET /kurse HTTP/1.1" 200 6281
crawl19.lp.007ac9.net - - [24/Nov/2017:02:50:40 +0100] "GET /robots.txt HTTP/1.0" 200 120
crawl19.lp.007ac9.net - - [24/Nov/2017:02:50:40 +0100] "GET / HTTP/1.1" 200 35804
crawl19.lp.007ac9.net - - [24/Nov/2017:02:50:42 +0100] "GET /davosersee.shtml HTTP/1.1" 200 19505
crawl19.lp.007ac9.net - - [24/Nov/2017:02:50:45 +0100] "GET /kurse.shtml HTTP/1.1" 200 31031
crawl19.lp.007ac9.net - - [24/Nov/2017:02:50:47 +0100] "GET /kinder-segelkurs.shtml HTTP/1.1" 200 19898
crawl19.lp.007ac9.net - - [24/Nov/2017:02:50:50 +0100] "GET /segelkurs-jollesmartkat.shtml HTTP/1.1" 200 19993
crawl19.lp.007ac9.net - - [24/Nov/2017:02:50:52 +0100] "GET /smartkat-crashkurs.shtml HTTP/1.1" 200 17863
crawl19.lp.007ac9.net - - [24/Nov/2017:02:50:54 +0100] "GET /segel-grundkurs.shtml HTTP/1.1" 200 21440
crawl19.lp.007ac9.net - - [24/Nov/2017:02:50:56 +0100] "GET /pruefungskurs.shtml HTTP/1.1" 200 23039
crawl19.lp.007ac9.net - - [24/Nov/2017:02:50:58 +0100] "GET /events.shtml HTTP/1.1" 200 22514
crawl19.lp.007ac9.net - - [24/Nov/2017:02:51:00 +0100] "GET /event-gruppesmartkat.shtml HTTP/1.1" 200 21256
crawl19.lp.007ac9.net - - [24/Nov/2017:02:51:03 +0100] "GET /event-matchracing.shtml HTTP/1.1" 200 21251
crawl19.lp.007ac9.net - - [24/Nov/2017:02:51:05 +0100] "GET /event-pedalo.shtml HTTP/1.1" 200 20248
crawl19.lp.007ac9.net - - [24/Nov/2017:02:51:07 +0100] "GET /flotte.shtml HTTP/1.1" 200 29241
crawl19.lp.007ac9.net - - [24/Nov/2017:02:51:09 +0100] "GET /vermietung.shtml HTTP/1.1" 200 25728
crawl19.lp.007ac9.net - - [24/Nov/2017:02:51:11 +0100] "GET /galerie.shtml HTTP/1.1" 200 22747
crawl19.lp.007ac9.net - - [24/Nov/2017:02:51:13 +0100] "GET /galerie-sktrophy-2015.shtml HTTP/1.1" 200 49420
crawl19.lp.007ac9.net - - [24/Nov/2017:02:51:15 +0100] "GET /galerie-matchracing.shtml HTTP/1.1" 200 21704
crawl19.lp.007ac9.net - - [24/Nov/2017:02:51:17 +0100] "GET /galerie-gruppesmartkat.shtml HTTP/1.1" 200 20574
crawl19.lp.007ac9.net - - [24/Nov/2017:02:51:19 +0100] "GET /galerie-sktrophy-2014.shtml HTTP/1.1" 200 29913
crawl19.lp.007ac9.net - - [24/Nov/2017:02:51:21 +0100] "GET /optikurse-2014.shtml HTTP/1.1" 200 26353
crawl19.lp.007ac9.net - - [24/Nov/2017:02:51:23 +0100] "GET /%C3%BCber-uns.shtml HTTP/1.1" 200 21862
crawl19.lp.007ac9.net - - [24/Nov/2017:02:51:25 +0100] "GET /standort.shtml HTTP/1.1" 200 17547
crawl19.lp.007ac9.net - - [24/Nov/2017:02:51:27 +0100] "GET /kursanmeldung.shtml HTTP/1.1" 200 49926
crawl19.lp.007ac9.net - - [24/Nov/2017:02:51:30 +0100] "GET /aktuelles-wetter.shtml HTTP/1.1" 200 18388
