hydrogen247.a.ahrefs.com - - [15/Oct/2017:21:04:49 +0200] "GET /var/m_0/0d/0dd/12455/143502-G1_SKT2014_24.JPG HTTP/1.1" 200 108909
malta2970.startdedicated.de - - [15/Oct/2017:21:07:28 +0200] "GET /var/m_0/0d/0dd/12455/6564703-G3_SKT2015_32.jpg HTTP/1.1" 200 112691
msnbot-157-55-39-122.search.msn.com - - [15/Oct/2017:21:13:13 +0200] "GET / HTTP/1.1" 200 6440
malta2970.startdedicated.de - - [15/Oct/2017:21:19:31 +0200] "GET /var/m_0/0d/0dd/12455/6564723-G3_SKT2015_50.jpg HTTP/1.1" 200 84898
65.210.18.95.dynamic.jazztel.es - - [15/Oct/2017:21:21:09 +0200] "GET /%C3%BCber-uns.shtml HTTP/1.1" 200 21862
65.210.18.95.dynamic.jazztel.es - - [15/Oct/2017:21:21:09 +0200] "GET / HTTP/1.1" 200 35804
65.210.18.95.dynamic.jazztel.es - - [15/Oct/2017:21:21:11 +0200] "GET /davosersee.shtml HTTP/1.1" 200 19505
65.210.18.95.dynamic.jazztel.es - - [15/Oct/2017:21:21:10 +0200] "GET /aktuelles-wetter.shtml HTTP/1.1" 200 18388
65.210.18.95.dynamic.jazztel.es - - [15/Oct/2017:21:21:12 +0200] "GET /event-gruppesmartkat.shtml HTTP/1.1" 200 21256
65.210.18.95.dynamic.jazztel.es - - [15/Oct/2017:21:21:12 +0200] "GET /event-matchracing.shtml HTTP/1.1" 200 21251
65.210.18.95.dynamic.jazztel.es - - [15/Oct/2017:21:21:13 +0200] "GET /events.shtml HTTP/1.1" 200 22514
65.210.18.95.dynamic.jazztel.es - - [15/Oct/2017:21:21:13 +0200] "GET /event-pedalo.shtml HTTP/1.1" 200 20248
65.210.18.95.dynamic.jazztel.es - - [15/Oct/2017:21:21:14 +0200] "GET /galerie-matchracing.shtml HTTP/1.1" 200 21704
65.210.18.95.dynamic.jazztel.es - - [15/Oct/2017:21:21:14 +0200] "GET /flotte.shtml HTTP/1.1" 200 29241
65.210.18.95.dynamic.jazztel.es - - [15/Oct/2017:21:21:14 +0200] "GET /galerie.shtml HTTP/1.1" 200 22747
65.210.18.95.dynamic.jazztel.es - - [15/Oct/2017:21:21:14 +0200] "GET /galerie-gruppesmartkat.shtml HTTP/1.1" 200 20574
65.210.18.95.dynamic.jazztel.es - - [15/Oct/2017:21:21:14 +0200] "GET /galerie-sktrophy-2014.shtml HTTP/1.1" 200 29913
65.210.18.95.dynamic.jazztel.es - - [15/Oct/2017:21:21:14 +0200] "GET /galerie-sktrophy-2015.shtml HTTP/1.1" 200 49420
65.210.18.95.dynamic.jazztel.es - - [15/Oct/2017:21:21:15 +0200] "GET /optikurse-2014.shtml HTTP/1.1" 200 26353
65.210.18.95.dynamic.jazztel.es - - [15/Oct/2017:21:21:15 +0200] "GET /kurse.shtml HTTP/1.1" 200 31031
65.210.18.95.dynamic.jazztel.es - - [15/Oct/2017:21:21:15 +0200] "GET /kinder-segelkurs.shtml HTTP/1.1" 200 19898
65.210.18.95.dynamic.jazztel.es - - [15/Oct/2017:21:21:15 +0200] "GET /pruefungskurs.shtml HTTP/1.1" 200 23039
65.210.18.95.dynamic.jazztel.es - - [15/Oct/2017:21:21:15 +0200] "GET /kursanmeldung.shtml HTTP/1.1" 200 49926
65.210.18.95.dynamic.jazztel.es - - [15/Oct/2017:21:21:15 +0200] "GET /segel-grundkurs.shtml HTTP/1.1" 200 21440
65.210.18.95.dynamic.jazztel.es - - [15/Oct/2017:21:21:16 +0200] "GET /smartkat-crashkurs.shtml HTTP/1.1" 200 17863
65.210.18.95.dynamic.jazztel.es - - [15/Oct/2017:21:21:16 +0200] "GET /js/functions_stripped.js?v=6.6.7.2.41064 HTTP/1.1" 200 7672
65.210.18.95.dynamic.jazztel.es - - [15/Oct/2017:21:21:16 +0200] "GET /segelkurs-jollesmartkat.shtml HTTP/1.1" 200 19993
65.210.18.95.dynamic.jazztel.es - - [15/Oct/2017:21:21:16 +0200] "GET /Perspectiva.html? HTTP/1.1" 200 18069
65.210.18.95.dynamic.jazztel.es - - [15/Oct/2017:21:21:16 +0200] "GET /standort.shtml HTTP/1.1" 200 17547
65.210.18.95.dynamic.jazztel.es - - [15/Oct/2017:21:21:16 +0200] "GET /vermietung.shtml HTTP/1.1" 200 25728
65.210.18.95.dynamic.jazztel.es - - [15/Oct/2017:21:21:17 +0200] "GET /davosersee HTTP/1.1" 200 19505
65.210.18.95.dynamic.jazztel.es - - [15/Oct/2017:21:21:17 +0200] "GET /js/jquery.lazyload.min.js?v=6.6.7.2.41064 HTTP/1.1" 200 3342
65.210.18.95.dynamic.jazztel.es - - [15/Oct/2017:21:21:17 +0200] "GET /aktuelles-wetter HTTP/1.1" 200 18388
65.210.18.95.dynamic.jazztel.es - - [15/Oct/2017:21:21:18 +0200] "GET /event-pedalo HTTP/1.1" 200 20248
65.210.18.95.dynamic.jazztel.es - - [15/Oct/2017:21:21:18 +0200] "GET /event-matchracing HTTP/1.1" 200 21251
65.210.18.95.dynamic.jazztel.es - - [15/Oct/2017:21:21:18 +0200] "GET /events HTTP/1.1" 200 22514
65.210.18.95.dynamic.jazztel.es - - [15/Oct/2017:21:21:18 +0200] "GET /flotte HTTP/1.1" 200 29385
65.210.18.95.dynamic.jazztel.es - - [15/Oct/2017:21:21:18 +0200] "GET /event-gruppesmartkat HTTP/1.1" 200 21256
65.210.18.95.dynamic.jazztel.es - - [15/Oct/2017:21:21:18 +0200] "GET /galerie-gruppesmartkat HTTP/1.1" 200 20574
65.210.18.95.dynamic.jazztel.es - - [15/Oct/2017:21:21:19 +0200] "GET /galerie-matchracing HTTP/1.1" 200 21704
65.210.18.95.dynamic.jazztel.es - - [15/Oct/2017:21:21:19 +0200] "GET /kinder-segelkurs HTTP/1.1" 200 19898
65.210.18.95.dynamic.jazztel.es - - [15/Oct/2017:21:21:19 +0200] "GET /galerie HTTP/1.1" 200 22747
65.210.18.95.dynamic.jazztel.es - - [15/Oct/2017:21:21:19 +0200] "GET /galerie-sktrophy-2015 HTTP/1.1" 200 49420
65.210.18.95.dynamic.jazztel.es - - [15/Oct/2017:21:21:19 +0200] "GET /galerie-sktrophy-2014 HTTP/1.1" 200 29913
65.210.18.95.dynamic.jazztel.es - - [15/Oct/2017:21:21:20 +0200] "GET /kurse HTTP/1.1" 200 31031
65.210.18.95.dynamic.jazztel.es - - [15/Oct/2017:21:21:20 +0200] "GET /pruefungskurs HTTP/1.1" 200 23039
65.210.18.95.dynamic.jazztel.es - - [15/Oct/2017:21:21:20 +0200] "GET /optikurse-2014 HTTP/1.1" 200 26353
msnbot-157-55-39-91.search.msn.com - - [15/Oct/2017:21:25:15 +0200] "GET / HTTP/1.1" 200 6440
malta1844.startdedicated.de - - [15/Oct/2017:21:54:04 +0200] "GET /robots.txt HTTP/1.1" 200 80
malta1844.startdedicated.de - - [15/Oct/2017:21:54:05 +0200] "GET /var/m_0/0d/0dd/12455/143492-G1_SKT2014_14.JPG HTTP/1.1" 200 187728
malta2970.startdedicated.de - - [15/Oct/2017:21:59:13 +0200] "GET /var/m_0/0d/0dd/12455/7230938-G4_Event_SK_06.jpg HTTP/1.1" 200 67404
