216-83-221-81.pool.dsl-net.ch - - [13/Oct/2017:22:10:57 +0200] "GET / HTTP/1.1" 200 6440
216-83-221-81.pool.dsl-net.ch - - [13/Oct/2017:22:10:58 +0200] "GET /W3SVC/?cid=f2949bab-240a-46ca-a455-6f504367ba7d&securityScanNoAttack HTTP/1.1" 200 18069
212-129-53-244.rev.poneytelecom.eu - - [13/Oct/2017:22:12:44 +0200] "GET / HTTP/1.1" 200 35804
212-129-53-244.rev.poneytelecom.eu - - [13/Oct/2017:22:12:45 +0200] "GET /events.shtml HTTP/1.1" 200 22514
212-129-53-244.rev.poneytelecom.eu - - [13/Oct/2017:22:12:46 +0200] "GET /galerie.shtml HTTP/1.1" 200 22747
212-129-53-244.rev.poneytelecom.eu - - [13/Oct/2017:22:12:47 +0200] "GET /kurse.shtml HTTP/1.1" 200 31031
212-129-53-244.rev.poneytelecom.eu - - [13/Oct/2017:22:12:48 +0200] "GET /event-gruppesmartkat.shtml HTTP/1.1" 200 21256
212-129-53-244.rev.poneytelecom.eu - - [13/Oct/2017:22:12:48 +0200] "GET /vermietung.shtml HTTP/1.1" 200 25728
212-129-53-244.rev.poneytelecom.eu - - [13/Oct/2017:22:12:48 +0200] "GET /event-pedalo.shtml HTTP/1.1" 200 20248
212-129-53-244.rev.poneytelecom.eu - - [13/Oct/2017:22:12:48 +0200] "GET /event-matchracing.shtml HTTP/1.1" 200 21251
212-129-53-244.rev.poneytelecom.eu - - [13/Oct/2017:22:12:49 +0200] "GET /galerie-sktrophy-2014.shtml HTTP/1.1" 200 29913
212-129-53-244.rev.poneytelecom.eu - - [13/Oct/2017:22:12:49 +0200] "GET /optikurse-2014.shtml HTTP/1.1" 200 26353
212-129-53-244.rev.poneytelecom.eu - - [13/Oct/2017:22:12:49 +0200] "GET /galerie-sktrophy-2015.shtml HTTP/1.1" 200 49420
212-129-53-244.rev.poneytelecom.eu - - [13/Oct/2017:22:12:49 +0200] "GET /galerie-gruppesmartkat.shtml HTTP/1.1" 200 20574
212-129-53-244.rev.poneytelecom.eu - - [13/Oct/2017:22:12:49 +0200] "GET /kinder-segelkurs.shtml HTTP/1.1" 200 19898
212-129-53-244.rev.poneytelecom.eu - - [13/Oct/2017:22:12:49 +0200] "GET /galerie-matchracing.shtml HTTP/1.1" 200 21704
212-129-53-244.rev.poneytelecom.eu - - [13/Oct/2017:22:12:50 +0200] "GET /pruefungskurs.shtml HTTP/1.1" 200 23039
212-129-53-244.rev.poneytelecom.eu - - [13/Oct/2017:22:12:50 +0200] "GET /segelkurs-jollesmartkat.shtml HTTP/1.1" 200 19993
212-129-53-244.rev.poneytelecom.eu - - [13/Oct/2017:22:12:50 +0200] "GET /segel-grundkurs.shtml HTTP/1.1" 200 21440
212-129-53-244.rev.poneytelecom.eu - - [13/Oct/2017:22:12:50 +0200] "GET /smartkat-crashkurs.shtml HTTP/1.1" 200 17863
212-129-53-244.rev.poneytelecom.eu - - [13/Oct/2017:22:12:51 +0200] "GET /Perspectiva.html? HTTP/1.1" 200 18069
212-129-53-244.rev.poneytelecom.eu - - [13/Oct/2017:22:12:51 +0200] "GET /js/).html(a);null==$( HTTP/1.1" 200 219
212-129-53-244.rev.poneytelecom.eu - - [13/Oct/2017:22:12:51 +0200] "GET /flotte.shtml HTTP/1.1" 200 29241
212-129-53-244.rev.poneytelecom.eu - - [13/Oct/2017:22:12:51 +0200] "GET /js/jquery.lazyload.min.js?v=6.6.7.2.41064 HTTP/1.1" 200 3342
212-129-53-244.rev.poneytelecom.eu - - [13/Oct/2017:22:12:51 +0200] "GET /aktuelles-wetter HTTP/1.1" 200 18388
212-129-53-244.rev.poneytelecom.eu - - [13/Oct/2017:22:12:51 +0200] "GET /js/functions_stripped.js?v=6.6.7.2.41064 HTTP/1.1" 200 7672
212-129-53-244.rev.poneytelecom.eu - - [13/Oct/2017:22:12:52 +0200] "GET /event-gruppesmartkat HTTP/1.1" 200 21256
212-129-53-244.rev.poneytelecom.eu - - [13/Oct/2017:22:12:52 +0200] "GET /davosersee HTTP/1.1" 200 19505
212-129-53-244.rev.poneytelecom.eu - - [13/Oct/2017:22:12:52 +0200] "GET /event-pedalo HTTP/1.1" 200 20248
212-129-53-244.rev.poneytelecom.eu - - [13/Oct/2017:22:12:52 +0200] "GET /event-matchracing HTTP/1.1" 200 21251
212-129-53-244.rev.poneytelecom.eu - - [13/Oct/2017:22:12:53 +0200] "GET /flotte HTTP/1.1" 200 29385
212-129-53-244.rev.poneytelecom.eu - - [13/Oct/2017:22:12:53 +0200] "GET /events HTTP/1.1" 200 22514
wwwb-app0.us.archive.org - - [13/Oct/2017:22:17:55 +0200] "GET /robots.txt HTTP/1.1" 200 80
wwwb-app1.us.archive.org - - [13/Oct/2017:22:17:56 +0200] "GET /robots.txt HTTP/1.1" 200 80
