195.141.126.4 - - [14/Nov/2017:02:06:44 +0100] "GET /event-pedalo.shtml HTTP/1.1" 200 5342
195.141.126.4 - - [14/Nov/2017:02:06:55 +0100] "GET /event-matchracing.shtml HTTP/1.1" 200 5634
195.141.126.4 - - [14/Nov/2017:02:07:05 +0100] "GET /event-gruppesmartkat.shtml HTTP/1.1" 200 5645
crawl-66-249-66-141.googlebot.com - - [14/Nov/2017:02:18:51 +0100] "GET / HTTP/1.1" 200 6401
mail2.inovation-1200.biz - - [14/Nov/2017:02:24:12 +0100] "GET / HTTP/1.1" 200 35804
mail2.inovation-1200.biz - - [14/Nov/2017:02:24:13 +0100] "GET /%C3%BCber-uns.shtml HTTP/1.1" 200 21862
mail2.inovation-1200.biz - - [14/Nov/2017:02:24:14 +0100] "GET /aktuelles-wetter.shtml HTTP/1.1" 200 18388
mail2.inovation-1200.biz - - [14/Nov/2017:02:24:14 +0100] "GET /davosersee.shtml HTTP/1.1" 200 19505
mail2.inovation-1200.biz - - [14/Nov/2017:02:24:15 +0100] "GET /event-gruppesmartkat.shtml HTTP/1.1" 200 21256
mail2.inovation-1200.biz - - [14/Nov/2017:02:24:17 +0100] "GET /event-matchracing.shtml HTTP/1.1" 200 21251
mail2.inovation-1200.biz - - [14/Nov/2017:02:24:19 +0100] "GET /event-pedalo.shtml HTTP/1.1" 200 20248
mail2.inovation-1200.biz - - [14/Nov/2017:02:24:20 +0100] "GET /events.shtml HTTP/1.1" 200 22514
mail2.inovation-1200.biz - - [14/Nov/2017:02:24:20 +0100] "GET /flotte.shtml HTTP/1.1" 200 29241
mail2.inovation-1200.biz - - [14/Nov/2017:02:24:21 +0100] "GET /galerie-gruppesmartkat.shtml HTTP/1.1" 200 20574
mail2.inovation-1200.biz - - [14/Nov/2017:02:24:22 +0100] "GET /galerie-matchracing.shtml HTTP/1.1" 200 21704
mail2.inovation-1200.biz - - [14/Nov/2017:02:24:23 +0100] "GET /galerie-sktrophy-2014.shtml HTTP/1.1" 200 29913
mail2.inovation-1200.biz - - [14/Nov/2017:02:24:25 +0100] "GET /galerie-sktrophy-2015.shtml HTTP/1.1" 200 49420
mail2.inovation-1200.biz - - [14/Nov/2017:02:24:26 +0100] "GET /galerie.shtml HTTP/1.1" 200 22747
mail2.inovation-1200.biz - - [14/Nov/2017:02:24:26 +0100] "GET /kinder-segelkurs.shtml HTTP/1.1" 200 19898
mail2.inovation-1200.biz - - [14/Nov/2017:02:24:27 +0100] "GET /kursanmeldung.shtml HTTP/1.1" 200 49926
mail2.inovation-1200.biz - - [14/Nov/2017:02:24:28 +0100] "GET /kurse.shtml HTTP/1.1" 200 31031
mail2.inovation-1200.biz - - [14/Nov/2017:02:24:29 +0100] "GET /optikurse-2014.shtml HTTP/1.1" 200 26353
mail2.inovation-1200.biz - - [14/Nov/2017:02:24:30 +0100] "GET /pruefungskurs.shtml HTTP/1.1" 200 23039
mail2.inovation-1200.biz - - [14/Nov/2017:02:24:30 +0100] "GET /segel-grundkurs.shtml HTTP/1.1" 200 21440
mail2.inovation-1200.biz - - [14/Nov/2017:02:24:31 +0100] "GET /segelkurs-jollesmartkat.shtml HTTP/1.1" 200 19993
mail2.inovation-1200.biz - - [14/Nov/2017:02:24:32 +0100] "GET /smartkat-crashkurs.shtml HTTP/1.1" 200 17863
mail2.inovation-1200.biz - - [14/Nov/2017:02:24:33 +0100] "GET /standort.shtml HTTP/1.1" 200 17547
mail2.inovation-1200.biz - - [14/Nov/2017:02:24:34 +0100] "GET /vermietung.shtml HTTP/1.1" 200 25728
mail2.inovation-1200.biz - - [14/Nov/2017:02:24:36 +0100] "GET /Perspectiva.html? HTTP/1.1" 200 18069
mail2.inovation-1200.biz - - [14/Nov/2017:02:24:36 +0100] "GET /js/functions_stripped.js?v=6.6.7.2.41064 HTTP/1.1" 200 7672
mail2.inovation-1200.biz - - [14/Nov/2017:02:24:37 +0100] "GET /js/jquery.lazyload.min.js?v=6.6.7.2.41064 HTTP/1.1" 200 3342
mail2.inovation-1200.biz - - [14/Nov/2017:02:24:39 +0100] "GET /davosersee HTTP/1.1" 200 19505
mail2.inovation-1200.biz - - [14/Nov/2017:02:24:39 +0100] "GET /aktuelles-wetter HTTP/1.1" 200 18388
mail2.inovation-1200.biz - - [14/Nov/2017:02:24:40 +0100] "GET /event-gruppesmartkat HTTP/1.1" 200 21256
mail2.inovation-1200.biz - - [14/Nov/2017:02:24:41 +0100] "GET /event-matchracing HTTP/1.1" 200 21251
mail2.inovation-1200.biz - - [14/Nov/2017:02:24:42 +0100] "GET /event-pedalo HTTP/1.1" 200 20248
mail2.inovation-1200.biz - - [14/Nov/2017:02:24:43 +0100] "GET /events HTTP/1.1" 200 22514
mail2.inovation-1200.biz - - [14/Nov/2017:02:24:45 +0100] "GET /flotte HTTP/1.1" 200 29385
mail2.inovation-1200.biz - - [14/Nov/2017:02:24:46 +0100] "GET /galerie-gruppesmartkat HTTP/1.1" 200 20574
mail2.inovation-1200.biz - - [14/Nov/2017:02:24:47 +0100] "GET /galerie-matchracing HTTP/1.1" 200 21704
mail2.inovation-1200.biz - - [14/Nov/2017:02:24:48 +0100] "GET /galerie-sktrophy-2015 HTTP/1.1" 200 49420
mail2.inovation-1200.biz - - [14/Nov/2017:02:24:48 +0100] "GET /galerie-sktrophy-2014 HTTP/1.1" 200 29913
mail2.inovation-1200.biz - - [14/Nov/2017:02:24:50 +0100] "GET /galerie HTTP/1.1" 200 22747
mail2.inovation-1200.biz - - [14/Nov/2017:02:24:51 +0100] "GET /kurse HTTP/1.1" 200 31031
mail2.inovation-1200.biz - - [14/Nov/2017:02:24:51 +0100] "GET /kinder-segelkurs HTTP/1.1" 200 19898
mail2.inovation-1200.biz - - [14/Nov/2017:02:24:52 +0100] "GET /optikurse-2014 HTTP/1.1" 200 26353
mail2.inovation-1200.biz - - [14/Nov/2017:02:24:54 +0100] "GET /pruefungskurs HTTP/1.1" 200 23039
195.141.126.4 - - [14/Nov/2017:02:25:28 +0100] "GET /smartkat-crashkurs.shtml HTTP/1.1" 200 4808
