162.208.50.90 - - [28/Sep/2017:23:00:09 +0200] "GET /var/m_0/0d/0dd/12455/6564726-G3_SKT2015_53.jpg HTTP/1.1" 206 1001
162.208.50.90 - - [28/Sep/2017:23:00:23 +0200] "GET /var/m_0/0d/0dd/12455/143493-G1_SKT2014_15.JPG HTTP/1.1" 206 1001
msnbot-157-55-39-133.search.msn.com - - [28/Sep/2017:23:18:22 +0200] "GET /robots.txt HTTP/1.1" 200 80
46-118-158-19.broadband.kyivstar.net - - [28/Sep/2017:23:24:52 +0200] "GET / HTTP/1.1" 200 35804
msnbot-157-55-39-173.search.msn.com - - [28/Sep/2017:23:30:59 +0200] "GET / HTTP/1.1" 200 6440
msnbot-207-46-13-176.search.msn.com - - [28/Sep/2017:23:31:11 +0200] "GET / HTTP/1.1" 200 6440
msnbot-207-46-13-32.search.msn.com - - [28/Sep/2017:23:32:05 +0200] "GET /var/m_0/0d/0dd/12455/125494-14_Vermietung.JPG HTTP/1.1" 200 95115
216.244.66.229 - - [28/Sep/2017:23:37:40 +0200] "GET /robots.txt HTTP/1.1" 200 120
46-118-158-19.broadband.kyivstar.net - - [28/Sep/2017:23:41:22 +0200] "GET / HTTP/1.1" 200 35804
46-118-158-19.broadband.kyivstar.net - - [28/Sep/2017:23:41:23 +0200] "GET / HTTP/1.1" 200 35804
46-118-158-19.broadband.kyivstar.net - - [28/Sep/2017:23:41:24 +0200] "GET / HTTP/1.1" 200 35804
46-118-159-26.broadband.kyivstar.net - - [28/Sep/2017:23:53:04 +0200] "GET / HTTP/1.1" 200 35804
46-118-159-26.broadband.kyivstar.net - - [28/Sep/2017:23:53:03 +0200] "GET / HTTP/1.1" 200 35804
46-118-159-26.broadband.kyivstar.net - - [28/Sep/2017:23:53:02 +0200] "GET / HTTP/1.1" 200 35804
105.189.184.35.bc.googleusercontent.com - - [28/Sep/2017:23:54:25 +0200] "GET /robots.txt HTTP/1.1" 200 80
105.189.184.35.bc.googleusercontent.com - - [28/Sep/2017:23:55:43 +0200] "GET /standort.shtml HTTP/1.1" 200 4717
209.90.232.120.reverse.wowrack.com - - [28/Sep/2017:23:57:09 +0200] "GET / HTTP/1.1" 200 35804
209.90.232.120.reverse.wowrack.com - - [28/Sep/2017:23:57:10 +0200] "GET /%C3%BCber-uns.shtml HTTP/1.1" 200 21862
209.90.232.120.reverse.wowrack.com - - [28/Sep/2017:23:57:11 +0200] "GET /aktuelles-wetter.shtml HTTP/1.1" 200 18388
209.90.232.120.reverse.wowrack.com - - [28/Sep/2017:23:57:12 +0200] "GET /davosersee.shtml HTTP/1.1" 200 19505
209.90.232.120.reverse.wowrack.com - - [28/Sep/2017:23:57:12 +0200] "GET /event-gruppesmartkat.shtml HTTP/1.1" 200 21256
209.90.232.120.reverse.wowrack.com - - [28/Sep/2017:23:57:13 +0200] "GET /event-matchracing.shtml HTTP/1.1" 200 21251
209.90.232.120.reverse.wowrack.com - - [28/Sep/2017:23:57:14 +0200] "GET /events.shtml HTTP/1.1" 200 22514
209.90.232.120.reverse.wowrack.com - - [28/Sep/2017:23:57:14 +0200] "GET /event-pedalo.shtml HTTP/1.1" 200 20248
209.90.232.120.reverse.wowrack.com - - [28/Sep/2017:23:57:15 +0200] "GET /galerie-gruppesmartkat.shtml HTTP/1.1" 200 20574
209.90.232.120.reverse.wowrack.com - - [28/Sep/2017:23:57:15 +0200] "GET /flotte.shtml HTTP/1.1" 200 29241
209.90.232.120.reverse.wowrack.com - - [28/Sep/2017:23:57:15 +0200] "GET /galerie-matchracing.shtml HTTP/1.1" 200 21704
209.90.232.120.reverse.wowrack.com - - [28/Sep/2017:23:57:16 +0200] "GET /galerie-sktrophy-2015.shtml HTTP/1.1" 200 49420
209.90.232.120.reverse.wowrack.com - - [28/Sep/2017:23:57:16 +0200] "GET /galerie-sktrophy-2014.shtml HTTP/1.1" 200 29913
209.90.232.120.reverse.wowrack.com - - [28/Sep/2017:23:57:17 +0200] "GET /kinder-segelkurs.shtml HTTP/1.1" 200 19898
209.90.232.120.reverse.wowrack.com - - [28/Sep/2017:23:57:17 +0200] "GET /galerie.shtml HTTP/1.1" 200 22747
209.90.232.120.reverse.wowrack.com - - [28/Sep/2017:23:57:18 +0200] "GET /kurse.shtml HTTP/1.1" 200 31031
209.90.232.120.reverse.wowrack.com - - [28/Sep/2017:23:57:18 +0200] "GET /kursanmeldung.shtml HTTP/1.1" 200 49926
209.90.232.120.reverse.wowrack.com - - [28/Sep/2017:23:57:19 +0200] "GET /pruefungskurs.shtml HTTP/1.1" 200 23039
209.90.232.120.reverse.wowrack.com - - [28/Sep/2017:23:57:19 +0200] "GET /optikurse-2014.shtml HTTP/1.1" 200 26353
209.90.232.120.reverse.wowrack.com - - [28/Sep/2017:23:57:20 +0200] "GET /segelkurs-jollesmartkat.shtml HTTP/1.1" 200 19993
209.90.232.120.reverse.wowrack.com - - [28/Sep/2017:23:57:20 +0200] "GET /segel-grundkurs.shtml HTTP/1.1" 200 21440
209.90.232.120.reverse.wowrack.com - - [28/Sep/2017:23:57:21 +0200] "GET /vermietung.shtml HTTP/1.1" 200 25728
209.90.232.120.reverse.wowrack.com - - [28/Sep/2017:23:57:21 +0200] "GET /smartkat-crashkurs.shtml HTTP/1.1" 200 17863
209.90.232.120.reverse.wowrack.com - - [28/Sep/2017:23:57:21 +0200] "GET /standort.shtml HTTP/1.1" 200 17547
209.90.232.120.reverse.wowrack.com - - [28/Sep/2017:23:57:23 +0200] "GET /Perspectiva.html? HTTP/1.1" 200 18069
209.90.232.120.reverse.wowrack.com - - [28/Sep/2017:23:57:23 +0200] "GET /js/jquery.lazyload.min.js?v=6.6.7.2.41064 HTTP/1.1" 200 3342
209.90.232.120.reverse.wowrack.com - - [28/Sep/2017:23:57:23 +0200] "GET /js/functions_stripped.js?v=6.6.7.2.41064 HTTP/1.1" 200 7672
209.90.232.120.reverse.wowrack.com - - [28/Sep/2017:23:57:24 +0200] "GET /aktuelles-wetter HTTP/1.1" 200 18388
209.90.232.120.reverse.wowrack.com - - [28/Sep/2017:23:57:25 +0200] "GET /event-gruppesmartkat HTTP/1.1" 200 21256
209.90.232.120.reverse.wowrack.com - - [28/Sep/2017:23:57:25 +0200] "GET /davosersee HTTP/1.1" 200 19505
209.90.232.120.reverse.wowrack.com - - [28/Sep/2017:23:57:26 +0200] "GET /event-pedalo HTTP/1.1" 200 20248
209.90.232.120.reverse.wowrack.com - - [28/Sep/2017:23:57:26 +0200] "GET /event-matchracing HTTP/1.1" 200 21251
209.90.232.120.reverse.wowrack.com - - [28/Sep/2017:23:57:27 +0200] "GET /events HTTP/1.1" 200 22514
209.90.232.120.reverse.wowrack.com - - [28/Sep/2017:23:57:28 +0200] "GET /galerie-gruppesmartkat HTTP/1.1" 200 20574
209.90.232.120.reverse.wowrack.com - - [28/Sep/2017:23:57:28 +0200] "GET /flotte HTTP/1.1" 200 29385
209.90.232.120.reverse.wowrack.com - - [28/Sep/2017:23:57:29 +0200] "GET /galerie-matchracing HTTP/1.1" 200 21704
209.90.232.120.reverse.wowrack.com - - [28/Sep/2017:23:57:29 +0200] "GET /galerie-sktrophy-2014 HTTP/1.1" 200 29913
209.90.232.120.reverse.wowrack.com - - [28/Sep/2017:23:57:30 +0200] "GET /galerie-sktrophy-2015 HTTP/1.1" 200 49420
209.90.232.120.reverse.wowrack.com - - [28/Sep/2017:23:57:31 +0200] "GET /kinder-segelkurs HTTP/1.1" 200 19898
209.90.232.120.reverse.wowrack.com - - [28/Sep/2017:23:57:31 +0200] "GET /kurse HTTP/1.1" 200 31031
209.90.232.120.reverse.wowrack.com - - [28/Sep/2017:23:57:31 +0200] "GET /galerie HTTP/1.1" 200 22747
209.90.232.120.reverse.wowrack.com - - [28/Sep/2017:23:57:32 +0200] "GET /pruefungskurs HTTP/1.1" 200 23039
209.90.232.120.reverse.wowrack.com - - [28/Sep/2017:23:57:32 +0200] "GET /optikurse-2014 HTTP/1.1" 200 26353
