hydrogen051.a.ahrefs.com - - [23/Nov/2017:13:00:09 +0100] "GET /var/m_0/0d/0dd/12455/6564737-G3_SKT2015_61.jpg HTTP/1.1" 200 101297
msnbot-157-55-39-205.search.msn.com - - [23/Nov/2017:13:16:39 +0100] "GET / HTTP/1.1" 200 6440
msnbot-207-46-13-10.search.msn.com - - [23/Nov/2017:13:30:02 +0100] "GET /robots.txt HTTP/1.1" 200 80
msnbot-157-55-39-65.search.msn.com - - [23/Nov/2017:13:30:10 +0100] "GET /js/functions_stripped.js?v=6.6.7.2.41064 HTTP/1.1" 200 3186
msnbot-157-55-39-65.search.msn.com - - [23/Nov/2017:13:30:10 +0100] "GET /templates/creator/m_f/fa/fa7/164/assets/wp-menu.js?v=1483633820 HTTP/1.1" 200 1089
msnbot-157-55-39-65.search.msn.com - - [23/Nov/2017:13:30:10 +0100] "GET /js/footer/build_social_entries.min.js?v=6.6.7.2.41064 HTTP/1.1" 200 278
msnbot-157-55-39-65.search.msn.com - - [23/Nov/2017:13:30:12 +0100] "GET /templates/creator/m_f/fa/fa7/164/css/style.min.css?v=1483633820 HTTP/1.1" 200 847
msnbot-157-55-39-65.search.msn.com - - [23/Nov/2017:13:30:12 +0100] "GET /templates/creator/m_f/fa/fa7/164/css/main.min.css?v=1483633820 HTTP/1.1" 200 1797
msnbot-157-55-39-205.search.msn.com - - [23/Nov/2017:13:30:12 +0100] "GET /templates/creator/m_f/fa/fa7/164/assets/slide.js?v=1483633820 HTTP/1.1" 200 662
msnbot-207-46-13-10.search.msn.com - - [23/Nov/2017:13:30:14 +0100] "GET /js/footer/get_deps.min.js?v=6.6.7.2.41064 HTTP/1.1" 200 157
msnbot-207-46-13-10.search.msn.com - - [23/Nov/2017:13:30:14 +0100] "GET /templates/creator/m_f/fa/fa7/164/assets/respond.min.js?v=1483633820 HTTP/1.1" 200 2085
msnbot-207-46-13-10.search.msn.com - - [23/Nov/2017:13:30:14 +0100] "GET /css/skeleton.css HTTP/1.1" 200 3511
msnbot-207-46-13-10.search.msn.com - - [23/Nov/2017:13:30:14 +0100] "GET /js/jquery.lazyload.min.js?v=6.6.7.2.41064 HTTP/1.1" 200 1283
msnbot-40-77-167-120.search.msn.com - - [23/Nov/2017:13:30:19 +0100] "GET /css/widgets/concat_widget.min.css?v=6.6.7.2.41064 HTTP/1.1" 200 24507
reverse-dns.chicago - - [23/Nov/2017:13:30:59 +0100] "GET / HTTP/1.1" 200 35804
reverse-dns.chicago - - [23/Nov/2017:13:31:00 +0100] "GET /%C3%BCber-uns.shtml HTTP/1.1" 200 21862
reverse-dns.chicago - - [23/Nov/2017:13:31:01 +0100] "GET /aktuelles-wetter.shtml HTTP/1.1" 200 18388
reverse-dns.chicago - - [23/Nov/2017:13:31:02 +0100] "GET /davosersee.shtml HTTP/1.1" 200 19505
reverse-dns.chicago - - [23/Nov/2017:13:31:03 +0100] "GET /event-gruppesmartkat.shtml HTTP/1.1" 200 21256
reverse-dns.chicago - - [23/Nov/2017:13:31:04 +0100] "GET /event-matchracing.shtml HTTP/1.1" 200 21251
reverse-dns.chicago - - [23/Nov/2017:13:31:05 +0100] "GET /event-pedalo.shtml HTTP/1.1" 200 20248
reverse-dns.chicago - - [23/Nov/2017:13:31:06 +0100] "GET /events.shtml HTTP/1.1" 200 22514
reverse-dns.chicago - - [23/Nov/2017:13:31:10 +0100] "GET /flotte.shtml HTTP/1.1" 200 29241
reverse-dns.chicago - - [23/Nov/2017:13:31:14 +0100] "GET /galerie-gruppesmartkat.shtml HTTP/1.1" 200 20574
reverse-dns.chicago - - [23/Nov/2017:13:31:17 +0100] "GET /galerie-matchracing.shtml HTTP/1.1" 200 21704
reverse-dns.chicago - - [23/Nov/2017:13:31:18 +0100] "GET /kinder-segelkurs.shtml HTTP/1.1" 200 19898
reverse-dns.chicago - - [23/Nov/2017:13:31:18 +0100] "GET /galerie-sktrophy-2015.shtml HTTP/1.1" 200 49420
reverse-dns.chicago - - [23/Nov/2017:13:31:18 +0100] "GET /galerie-sktrophy-2014.shtml HTTP/1.1" 200 29913
reverse-dns.chicago - - [23/Nov/2017:13:31:18 +0100] "GET /galerie.shtml HTTP/1.1" 200 22747
reverse-dns.chicago - - [23/Nov/2017:13:31:21 +0100] "GET /kursanmeldung.shtml HTTP/1.1" 200 49926
reverse-dns.chicago - - [23/Nov/2017:13:31:22 +0100] "GET /optikurse-2014.shtml HTTP/1.1" 200 26353
reverse-dns.chicago - - [23/Nov/2017:13:31:22 +0100] "GET /kurse.shtml HTTP/1.1" 200 31031
reverse-dns.chicago - - [23/Nov/2017:13:31:29 +0100] "GET /pruefungskurs.shtml HTTP/1.1" 200 23039
reverse-dns.chicago - - [23/Nov/2017:13:31:29 +0100] "GET /segel-grundkurs.shtml HTTP/1.1" 200 21440
reverse-dns.chicago - - [23/Nov/2017:13:31:30 +0100] "GET /segelkurs-jollesmartkat.shtml HTTP/1.1" 200 19993
reverse-dns.chicago - - [23/Nov/2017:13:31:41 +0100] "GET /smartkat-crashkurs.shtml HTTP/1.1" 200 17863
reverse-dns.chicago - - [23/Nov/2017:13:31:46 +0100] "GET /standort.shtml HTTP/1.1" 200 17547
reverse-dns.chicago - - [23/Nov/2017:13:31:47 +0100] "GET /js/functions_stripped.js?v=6.6.7.2.41064 HTTP/1.1" 200 7672
reverse-dns.chicago - - [23/Nov/2017:13:31:47 +0100] "GET /Perspectiva.html? HTTP/1.1" 200 18069
reverse-dns.chicago - - [23/Nov/2017:13:31:47 +0100] "GET /vermietung.shtml HTTP/1.1" 200 25728
reverse-dns.chicago - - [23/Nov/2017:13:31:48 +0100] "GET /js/jquery.lazyload.min.js?v=6.6.7.2.41064 HTTP/1.1" 200 3342
reverse-dns.chicago - - [23/Nov/2017:13:31:51 +0100] "GET /aktuelles-wetter HTTP/1.1" 200 18388
reverse-dns.chicago - - [23/Nov/2017:13:31:51 +0100] "GET /davosersee HTTP/1.1" 200 19505
reverse-dns.chicago - - [23/Nov/2017:13:31:52 +0100] "GET /event-matchracing HTTP/1.1" 200 21251
reverse-dns.chicago - - [23/Nov/2017:13:31:52 +0100] "GET /event-gruppesmartkat HTTP/1.1" 200 21256
reverse-dns.chicago - - [23/Nov/2017:13:31:53 +0100] "GET /event-pedalo HTTP/1.1" 200 20248
reverse-dns.chicago - - [23/Nov/2017:13:31:54 +0100] "GET /events HTTP/1.1" 200 22514
reverse-dns.chicago - - [23/Nov/2017:13:31:54 +0100] "GET /flotte HTTP/1.1" 200 29385
reverse-dns.chicago - - [23/Nov/2017:13:31:55 +0100] "GET /galerie-sktrophy-2014 HTTP/1.1" 200 29913
reverse-dns.chicago - - [23/Nov/2017:13:31:55 +0100] "GET /galerie-gruppesmartkat HTTP/1.1" 200 20574
reverse-dns.chicago - - [23/Nov/2017:13:31:55 +0100] "GET /galerie-matchracing HTTP/1.1" 200 21704
reverse-dns.chicago - - [23/Nov/2017:13:31:55 +0100] "GET /galerie-sktrophy-2015 HTTP/1.1" 200 49420
reverse-dns.chicago - - [23/Nov/2017:13:31:56 +0100] "GET /galerie HTTP/1.1" 200 22747
reverse-dns.chicago - - [23/Nov/2017:13:31:56 +0100] "GET /kinder-segelkurs HTTP/1.1" 200 19898
reverse-dns.chicago - - [23/Nov/2017:13:31:57 +0100] "GET /kurse HTTP/1.1" 200 31031
reverse-dns.chicago - - [23/Nov/2017:13:32:03 +0100] "GET /optikurse-2014 HTTP/1.1" 200 26353
reverse-dns.chicago - - [23/Nov/2017:13:32:04 +0100] "GET /pruefungskurs HTTP/1.1" 200 23039
nat-cs-technik-crawler-003.nat.fhnw.net - - [23/Nov/2017:13:39:20 +0100] "GET /robots.txt HTTP/1.1" 200 80
hydrogen337.a.ahrefs.com - - [23/Nov/2017:13:59:38 +0100] "GET /var/m_0/0d/0dd/12455/6564734-G3_SKT2015_59.jpg HTTP/1.1" 200 117702
