hydrogen145.a.ahrefs.com - - [05/Nov/2017:23:19:46 +0100] "GET /var/m_0/0d/0dd/12455/6564713-G3_SKT2015_41.jpg HTTP/1.1" 200 83472
relay1.tor.openinternet.io - - [05/Nov/2017:23:29:45 +0100] "GET /utility/convert/index.php HTTP/1.1" 200 -
relay1.tor.openinternet.io - - [05/Nov/2017:23:29:47 +0100] "GET / HTTP/1.1" 200 35804
ip133.ip-144-217-213.net - - [05/Nov/2017:23:53:39 +0100] "GET /events.shtml HTTP/1.1" 200 22514
ip133.ip-144-217-213.net - - [05/Nov/2017:23:53:39 +0100] "GET / HTTP/1.1" 200 35804
ip133.ip-144-217-213.net - - [05/Nov/2017:23:53:40 +0100] "GET /galerie.shtml HTTP/1.1" 200 22747
ip133.ip-144-217-213.net - - [05/Nov/2017:23:53:40 +0100] "GET /vermietung.shtml HTTP/1.1" 200 25728
ip133.ip-144-217-213.net - - [05/Nov/2017:23:53:40 +0100] "GET /kurse.shtml HTTP/1.1" 200 31031
ip133.ip-144-217-213.net - - [05/Nov/2017:23:53:40 +0100] "GET /event-gruppesmartkat.shtml HTTP/1.1" 200 21256
ip133.ip-144-217-213.net - - [05/Nov/2017:23:53:41 +0100] "GET /galerie-gruppesmartkat.shtml HTTP/1.1" 200 20574
ip133.ip-144-217-213.net - - [05/Nov/2017:23:53:41 +0100] "GET /event-matchracing.shtml HTTP/1.1" 200 21251
ip133.ip-144-217-213.net - - [05/Nov/2017:23:53:41 +0100] "GET /event-pedalo.shtml HTTP/1.1" 200 20248
ip133.ip-144-217-213.net - - [05/Nov/2017:23:53:42 +0100] "GET /galerie-matchracing.shtml HTTP/1.1" 200 21704
ip133.ip-144-217-213.net - - [05/Nov/2017:23:53:42 +0100] "GET /galerie-sktrophy-2014.shtml HTTP/1.1" 200 29913
ip133.ip-144-217-213.net - - [05/Nov/2017:23:53:43 +0100] "GET /segel-grundkurs.shtml HTTP/1.1" 200 21440
ip133.ip-144-217-213.net - - [05/Nov/2017:23:53:43 +0100] "GET /kinder-segelkurs.shtml HTTP/1.1" 200 19898
ip133.ip-144-217-213.net - - [05/Nov/2017:23:53:43 +0100] "GET /optikurse-2014.shtml HTTP/1.1" 200 26353
ip133.ip-144-217-213.net - - [05/Nov/2017:23:53:43 +0100] "GET /galerie-sktrophy-2015.shtml HTTP/1.1" 200 49420
ip133.ip-144-217-213.net - - [05/Nov/2017:23:53:43 +0100] "GET /pruefungskurs.shtml HTTP/1.1" 200 23039
ip133.ip-144-217-213.net - - [05/Nov/2017:23:53:44 +0100] "GET /smartkat-crashkurs.shtml HTTP/1.1" 200 17863
ip133.ip-144-217-213.net - - [05/Nov/2017:23:53:44 +0100] "GET /segelkurs-jollesmartkat.shtml HTTP/1.1" 200 19993
ip133.ip-144-217-213.net - - [05/Nov/2017:23:53:44 +0100] "GET /js/functions_stripped.js?v=6.6.7.2.41064 HTTP/1.1" 200 7672
ip133.ip-144-217-213.net - - [05/Nov/2017:23:53:44 +0100] "GET /Perspectiva.html? HTTP/1.1" 200 18069
ip133.ip-144-217-213.net - - [05/Nov/2017:23:53:44 +0100] "GET /flotte.shtml HTTP/1.1" 200 29241
ip133.ip-144-217-213.net - - [05/Nov/2017:23:53:44 +0100] "GET /js/jquery.lazyload.min.js?v=6.6.7.2.41064 HTTP/1.1" 200 3342
ip133.ip-144-217-213.net - - [05/Nov/2017:23:53:45 +0100] "GET /event-pedalo HTTP/1.1" 200 20248
ip133.ip-144-217-213.net - - [05/Nov/2017:23:53:45 +0100] "GET /aktuelles-wetter HTTP/1.1" 200 18388
ip133.ip-144-217-213.net - - [05/Nov/2017:23:53:45 +0100] "GET /event-gruppesmartkat HTTP/1.1" 200 21256
ip133.ip-144-217-213.net - - [05/Nov/2017:23:53:45 +0100] "GET /js/).html(a);null==$( HTTP/1.1" 200 219
ip133.ip-144-217-213.net - - [05/Nov/2017:23:53:45 +0100] "GET /davosersee HTTP/1.1" 200 19505
ip133.ip-144-217-213.net - - [05/Nov/2017:23:53:45 +0100] "GET /event-matchracing HTTP/1.1" 200 21251
ip133.ip-144-217-213.net - - [05/Nov/2017:23:53:46 +0100] "GET /events HTTP/1.1" 200 22514
ip133.ip-144-217-213.net - - [05/Nov/2017:23:53:46 +0100] "GET /flotte HTTP/1.1" 200 29385
