msnbot-157-55-39-151.search.msn.com - - [06/Dec/2017:21:05:41 +0100] "GET / HTTP/1.1" 200 6440
baiduspider-180-76-15-27.crawl.baidu.com - - [06/Dec/2017:21:09:48 +0100] "GET / HTTP/1.1" 200 6440
static.masmovil.com - - [06/Dec/2017:21:15:26 +0100] "GET / HTTP/1.1" 200 35804
static.masmovil.com - - [06/Dec/2017:21:15:27 +0100] "GET /aktuelles-wetter.shtml HTTP/1.1" 200 18388
static.masmovil.com - - [06/Dec/2017:21:15:27 +0100] "GET /%C3%BCber-uns.shtml HTTP/1.1" 200 21862
static.masmovil.com - - [06/Dec/2017:21:15:28 +0100] "GET /davosersee.shtml HTTP/1.1" 200 19505
static.masmovil.com - - [06/Dec/2017:21:15:29 +0100] "GET /events.shtml HTTP/1.1" 200 22514
static.masmovil.com - - [06/Dec/2017:21:15:29 +0100] "GET /event-pedalo.shtml HTTP/1.1" 200 20248
static.masmovil.com - - [06/Dec/2017:21:15:28 +0100] "GET /event-gruppesmartkat.shtml HTTP/1.1" 200 21256
static.masmovil.com - - [06/Dec/2017:21:15:29 +0100] "GET /event-matchracing.shtml HTTP/1.1" 200 21251
static.masmovil.com - - [06/Dec/2017:21:15:30 +0100] "GET /flotte.shtml HTTP/1.1" 200 29241
static.masmovil.com - - [06/Dec/2017:21:15:30 +0100] "GET /galerie-matchracing.shtml HTTP/1.1" 200 21704
static.masmovil.com - - [06/Dec/2017:21:15:30 +0100] "GET /galerie-gruppesmartkat.shtml HTTP/1.1" 200 20574
static.masmovil.com - - [06/Dec/2017:21:15:30 +0100] "GET /galerie-sktrophy-2014.shtml HTTP/1.1" 200 29913
static.masmovil.com - - [06/Dec/2017:21:15:31 +0100] "GET /galerie-sktrophy-2015.shtml HTTP/1.1" 200 49420
static.masmovil.com - - [06/Dec/2017:21:15:31 +0100] "GET /kinder-segelkurs.shtml HTTP/1.1" 200 19898
static.masmovil.com - - [06/Dec/2017:21:15:31 +0100] "GET /kursanmeldung.shtml HTTP/1.1" 200 49926
static.masmovil.com - - [06/Dec/2017:21:15:31 +0100] "GET /galerie.shtml HTTP/1.1" 200 22747
static.masmovil.com - - [06/Dec/2017:21:15:32 +0100] "GET /kurse.shtml HTTP/1.1" 200 31031
static.masmovil.com - - [06/Dec/2017:21:15:32 +0100] "GET /optikurse-2014.shtml HTTP/1.1" 200 26353
static.masmovil.com - - [06/Dec/2017:21:15:33 +0100] "GET /segel-grundkurs.shtml HTTP/1.1" 200 21440
static.masmovil.com - - [06/Dec/2017:21:15:33 +0100] "GET /pruefungskurs.shtml HTTP/1.1" 200 23039
static.masmovil.com - - [06/Dec/2017:21:15:33 +0100] "GET /smartkat-crashkurs.shtml HTTP/1.1" 200 17863
static.masmovil.com - - [06/Dec/2017:21:15:33 +0100] "GET /segelkurs-jollesmartkat.shtml HTTP/1.1" 200 19993
static.masmovil.com - - [06/Dec/2017:21:15:34 +0100] "GET /standort.shtml HTTP/1.1" 200 17547
static.masmovil.com - - [06/Dec/2017:21:15:34 +0100] "GET /Perspectiva.html? HTTP/1.1" 200 18069
static.masmovil.com - - [06/Dec/2017:21:15:34 +0100] "GET /vermietung.shtml HTTP/1.1" 200 25728
static.masmovil.com - - [06/Dec/2017:21:15:34 +0100] "GET /js/functions_stripped.js?v=6.6.7.2.41064 HTTP/1.1" 200 7672
static.masmovil.com - - [06/Dec/2017:21:15:35 +0100] "GET /js/jquery.lazyload.min.js?v=6.6.7.2.41064 HTTP/1.1" 200 3342
static.masmovil.com - - [06/Dec/2017:21:15:36 +0100] "GET /aktuelles-wetter HTTP/1.1" 200 18388
static.masmovil.com - - [06/Dec/2017:21:15:36 +0100] "GET /event-gruppesmartkat HTTP/1.1" 200 21256
static.masmovil.com - - [06/Dec/2017:21:15:36 +0100] "GET /davosersee HTTP/1.1" 200 19505
static.masmovil.com - - [06/Dec/2017:21:15:37 +0100] "GET /event-pedalo HTTP/1.1" 200 20248
static.masmovil.com - - [06/Dec/2017:21:15:37 +0100] "GET /events HTTP/1.1" 200 22514
static.masmovil.com - - [06/Dec/2017:21:15:37 +0100] "GET /event-matchracing HTTP/1.1" 200 21251
static.masmovil.com - - [06/Dec/2017:21:15:38 +0100] "GET /galerie-matchracing HTTP/1.1" 200 21704
static.masmovil.com - - [06/Dec/2017:21:15:38 +0100] "GET /flotte HTTP/1.1" 200 29385
static.masmovil.com - - [06/Dec/2017:21:15:38 +0100] "GET /galerie-gruppesmartkat HTTP/1.1" 200 20574
static.masmovil.com - - [06/Dec/2017:21:15:39 +0100] "GET /galerie-sktrophy-2015 HTTP/1.1" 200 49420
static.masmovil.com - - [06/Dec/2017:21:15:39 +0100] "GET /galerie-sktrophy-2014 HTTP/1.1" 200 29913
static.masmovil.com - - [06/Dec/2017:21:15:40 +0100] "GET /galerie HTTP/1.1" 200 22747
static.masmovil.com - - [06/Dec/2017:21:15:41 +0100] "GET /optikurse-2014 HTTP/1.1" 200 26353
static.masmovil.com - - [06/Dec/2017:21:15:41 +0100] "GET /kinder-segelkurs HTTP/1.1" 200 19898
static.masmovil.com - - [06/Dec/2017:21:15:41 +0100] "GET /pruefungskurs HTTP/1.1" 200 23039
static.masmovil.com - - [06/Dec/2017:21:15:41 +0100] "GET /kurse HTTP/1.1" 200 31031
msnbot-207-46-13-182.search.msn.com - - [06/Dec/2017:21:31:24 +0100] "GET / HTTP/1.1" 200 6440
baiduspider-180-76-15-20.crawl.baidu.com - - [06/Dec/2017:21:43:08 +0100] "GET /segelkurs-jollesmartkat.shtml HTTP/1.1" 200 5139
p5B23A77F.dip0.t-ipconnect.de - - [06/Dec/2017:21:46:41 +0100] "GET /var/m_0/0d/0dd/12455/143351-Header_Segelschule.jpg HTTP/1.1" 200 107532
