crawl20.lp.007ac9.net - - [24/Sep/2017:02:01:26 +0200] "GET / HTTP/1.1" 200 35804
crawl20.lp.007ac9.net - - [24/Sep/2017:02:01:26 +0200] "GET /robots.txt HTTP/1.0" 200 120
crawl20.lp.007ac9.net - - [24/Sep/2017:02:01:29 +0200] "GET /galerie.shtml HTTP/1.1" 200 22747
crawl20.lp.007ac9.net - - [24/Sep/2017:02:01:32 +0200] "GET /kurse.shtml HTTP/1.1" 200 31031
crawl20.lp.007ac9.net - - [24/Sep/2017:02:01:34 +0200] "GET /vermietung.shtml HTTP/1.1" 200 25728
crawl20.lp.007ac9.net - - [24/Sep/2017:02:01:36 +0200] "GET /events.shtml HTTP/1.1" 200 22514
crawl20.lp.007ac9.net - - [24/Sep/2017:02:01:38 +0200] "GET /kinder-segelkurs.shtml HTTP/1.1" 200 19898
crawl20.lp.007ac9.net - - [24/Sep/2017:02:01:40 +0200] "GET /segelkurs-jollesmartkat.shtml HTTP/1.1" 200 19993
crawl20.lp.007ac9.net - - [24/Sep/2017:02:01:44 +0200] "GET /smartkat-crashkurs.shtml HTTP/1.1" 200 17863
crawl20.lp.007ac9.net - - [24/Sep/2017:02:01:46 +0200] "GET /segel-grundkurs.shtml HTTP/1.1" 200 21440
crawl20.lp.007ac9.net - - [24/Sep/2017:02:01:48 +0200] "GET /pruefungskurs.shtml HTTP/1.1" 200 23039
crawl20.lp.007ac9.net - - [24/Sep/2017:02:01:50 +0200] "GET /event-gruppesmartkat.shtml HTTP/1.1" 200 21256
crawl20.lp.007ac9.net - - [24/Sep/2017:02:01:52 +0200] "GET /event-matchracing.shtml HTTP/1.1" 200 21251
crawl20.lp.007ac9.net - - [24/Sep/2017:02:01:55 +0200] "GET /event-pedalo.shtml HTTP/1.1" 200 20248
msnbot-207-46-13-156.search.msn.com - - [24/Sep/2017:02:02:45 +0200] "GET /var/m_0/0d/0dd/12455/125500-33_Opti.jpg HTTP/1.1" 200 104538
123.125.67.160 - - [24/Sep/2017:02:18:43 +0200] "GET /robots.txt HTTP/1.1" 200 80
baiduspider-220-181-108-186.crawl.baidu.com - - [24/Sep/2017:02:19:18 +0200] "GET /templates/resellers/7/favicon.ico?v=1471787590 HTTP/1.1" 200 4286
msnbot-207-46-13-155.search.msn.com - - [24/Sep/2017:02:20:57 +0200] "GET /var/m_0/0d/0dd/12455/125487-3_SKCrashkurs.JPG HTTP/1.1" 200 80503
msnbot-207-46-13-155.search.msn.com - - [24/Sep/2017:02:36:27 +0200] "GET /var/m_0/0d/0dd/12455/125494-14_Vermietung.JPG HTTP/1.1" 200 95115
crawl-66-249-66-5.googlebot.com - - [24/Sep/2017:02:38:23 +0200] "GET / HTTP/1.1" 200 6401
