1-joined.fatsys.net - - [29/Sep/2017:17:02:10 +0200] "GET / HTTP/1.1" 200 35804
1-joined.fatsys.net - - [29/Sep/2017:17:02:14 +0200] "GET /%C3%BCber-uns.shtml HTTP/1.1" 200 21862
1-joined.fatsys.net - - [29/Sep/2017:17:02:16 +0200] "GET /aktuelles-wetter.shtml HTTP/1.1" 200 18388
1-joined.fatsys.net - - [29/Sep/2017:17:02:18 +0200] "GET /davosersee.shtml HTTP/1.1" 200 19505
1-joined.fatsys.net - - [29/Sep/2017:17:02:20 +0200] "GET /event-gruppesmartkat.shtml HTTP/1.1" 200 21256
1-joined.fatsys.net - - [29/Sep/2017:17:02:25 +0200] "GET /event-matchracing.shtml HTTP/1.1" 200 21251
1-joined.fatsys.net - - [29/Sep/2017:17:02:29 +0200] "GET /event-pedalo.shtml HTTP/1.1" 200 20248
1-joined.fatsys.net - - [29/Sep/2017:17:02:31 +0200] "GET /events.shtml HTTP/1.1" 200 22514
1-joined.fatsys.net - - [29/Sep/2017:17:02:32 +0200] "GET /flotte.shtml HTTP/1.1" 200 29241
1-joined.fatsys.net - - [29/Sep/2017:17:02:33 +0200] "GET /galerie-gruppesmartkat.shtml HTTP/1.1" 200 20574
1-joined.fatsys.net - - [29/Sep/2017:17:02:36 +0200] "GET /galerie-matchracing.shtml HTTP/1.1" 200 21704
1-joined.fatsys.net - - [29/Sep/2017:17:02:38 +0200] "GET /galerie-sktrophy-2014.shtml HTTP/1.1" 200 29913
1-joined.fatsys.net - - [29/Sep/2017:17:02:38 +0200] "GET /galerie-sktrophy-2015.shtml HTTP/1.1" 200 49420
1-joined.fatsys.net - - [29/Sep/2017:17:02:40 +0200] "GET /galerie.shtml HTTP/1.1" 200 22747
1-joined.fatsys.net - - [29/Sep/2017:17:02:41 +0200] "GET /kinder-segelkurs.shtml HTTP/1.1" 200 19898
1-joined.fatsys.net - - [29/Sep/2017:17:02:41 +0200] "GET /kursanmeldung.shtml HTTP/1.1" 200 49926
1-joined.fatsys.net - - [29/Sep/2017:17:02:43 +0200] "GET /kurse.shtml HTTP/1.1" 200 31031
1-joined.fatsys.net - - [29/Sep/2017:17:02:43 +0200] "GET /optikurse-2014.shtml HTTP/1.1" 200 26353
1-joined.fatsys.net - - [29/Sep/2017:17:02:44 +0200] "GET /pruefungskurs.shtml HTTP/1.1" 200 23039
1-joined.fatsys.net - - [29/Sep/2017:17:02:44 +0200] "GET /segel-grundkurs.shtml HTTP/1.1" 200 21440
1-joined.fatsys.net - - [29/Sep/2017:17:02:46 +0200] "GET /segelkurs-jollesmartkat.shtml HTTP/1.1" 200 19993
1-joined.fatsys.net - - [29/Sep/2017:17:02:48 +0200] "GET /smartkat-crashkurs.shtml HTTP/1.1" 200 17863
1-joined.fatsys.net - - [29/Sep/2017:17:02:51 +0200] "GET /standort.shtml HTTP/1.1" 200 17547
1-joined.fatsys.net - - [29/Sep/2017:17:02:56 +0200] "GET /vermietung.shtml HTTP/1.1" 200 25728
1-joined.fatsys.net - - [29/Sep/2017:17:02:59 +0200] "GET /Perspectiva.html? HTTP/1.1" 200 18069
1-joined.fatsys.net - - [29/Sep/2017:17:02:59 +0200] "GET /js/jquery.lazyload.min.js?v=6.6.7.2.41064 HTTP/1.1" 200 3342
1-joined.fatsys.net - - [29/Sep/2017:17:02:59 +0200] "GET /js/functions_stripped.js?v=6.6.7.2.41064 HTTP/1.1" 200 7672
1-joined.fatsys.net - - [29/Sep/2017:17:03:00 +0200] "GET /aktuelles-wetter HTTP/1.1" 200 18388
1-joined.fatsys.net - - [29/Sep/2017:17:03:02 +0200] "GET /davosersee HTTP/1.1" 200 19505
1-joined.fatsys.net - - [29/Sep/2017:17:03:02 +0200] "GET /event-gruppesmartkat HTTP/1.1" 200 21256
1-joined.fatsys.net - - [29/Sep/2017:17:03:05 +0200] "GET /event-matchracing HTTP/1.1" 200 21251
1-joined.fatsys.net - - [29/Sep/2017:17:03:11 +0200] "GET /event-pedalo HTTP/1.1" 200 20248
1-joined.fatsys.net - - [29/Sep/2017:17:03:11 +0200] "GET /events HTTP/1.1" 200 22514
1-joined.fatsys.net - - [29/Sep/2017:17:03:13 +0200] "GET /flotte HTTP/1.1" 200 29385
1-joined.fatsys.net - - [29/Sep/2017:17:03:13 +0200] "GET /galerie-gruppesmartkat HTTP/1.1" 200 20574
1-joined.fatsys.net - - [29/Sep/2017:17:03:14 +0200] "GET /galerie-matchracing HTTP/1.1" 200 21704
1-joined.fatsys.net - - [29/Sep/2017:17:03:16 +0200] "GET /galerie-sktrophy-2014 HTTP/1.1" 200 29913
1-joined.fatsys.net - - [29/Sep/2017:17:03:18 +0200] "GET /galerie HTTP/1.1" 200 22747
1-joined.fatsys.net - - [29/Sep/2017:17:03:17 +0200] "GET /galerie-sktrophy-2015 HTTP/1.1" 200 49420
1-joined.fatsys.net - - [29/Sep/2017:17:03:19 +0200] "GET /kinder-segelkurs HTTP/1.1" 200 19898
1-joined.fatsys.net - - [29/Sep/2017:17:03:21 +0200] "GET /kurse HTTP/1.1" 200 31031
1-joined.fatsys.net - - [29/Sep/2017:17:03:24 +0200] "GET /optikurse-2014 HTTP/1.1" 200 26353
1-joined.fatsys.net - - [29/Sep/2017:17:03:27 +0200] "GET /pruefungskurs HTTP/1.1" 200 23039
static-145.132.56.2.ip.telfort.nl - - [29/Sep/2017:17:13:08 +0200] "GET / HTTP/1.1" 200 35804
static-145.132.56.2.ip.telfort.nl - - [29/Sep/2017:17:13:13 +0200] "GET /events.shtml HTTP/1.1" 200 22514
static-145.132.56.2.ip.telfort.nl - - [29/Sep/2017:17:13:18 +0200] "GET /galerie.shtml HTTP/1.1" 200 22747
static-145.132.56.2.ip.telfort.nl - - [29/Sep/2017:17:13:20 +0200] "GET /kurse.shtml HTTP/1.1" 200 31031
static-145.132.56.2.ip.telfort.nl - - [29/Sep/2017:17:13:23 +0200] "GET /event-gruppesmartkat.shtml HTTP/1.1" 200 21256
static-145.132.56.2.ip.telfort.nl - - [29/Sep/2017:17:13:21 +0200] "GET /vermietung.shtml HTTP/1.1" 200 25728
static-145.132.56.2.ip.telfort.nl - - [29/Sep/2017:17:13:24 +0200] "GET /event-matchracing.shtml HTTP/1.1" 200 21251
static-145.132.56.2.ip.telfort.nl - - [29/Sep/2017:17:13:27 +0200] "GET /event-pedalo.shtml HTTP/1.1" 200 20248
static-145.132.56.2.ip.telfort.nl - - [29/Sep/2017:17:13:29 +0200] "GET /galerie-gruppesmartkat.shtml HTTP/1.1" 200 20574
static-145.132.56.2.ip.telfort.nl - - [29/Sep/2017:17:13:30 +0200] "GET /galerie-matchracing.shtml HTTP/1.1" 200 21704
static-145.132.56.2.ip.telfort.nl - - [29/Sep/2017:17:13:31 +0200] "GET /galerie-sktrophy-2014.shtml HTTP/1.1" 200 29913
static-145.132.56.2.ip.telfort.nl - - [29/Sep/2017:17:13:31 +0200] "GET /galerie-sktrophy-2015.shtml HTTP/1.1" 200 49420
static-145.132.56.2.ip.telfort.nl - - [29/Sep/2017:17:13:33 +0200] "GET /pruefungskurs.shtml HTTP/1.1" 200 23039
static-145.132.56.2.ip.telfort.nl - - [29/Sep/2017:17:13:33 +0200] "GET /kinder-segelkurs.shtml HTTP/1.1" 200 19898
static-145.132.56.2.ip.telfort.nl - - [29/Sep/2017:17:13:33 +0200] "GET /optikurse-2014.shtml HTTP/1.1" 200 26353
static-145.132.56.2.ip.telfort.nl - - [29/Sep/2017:17:13:34 +0200] "GET /segel-grundkurs.shtml HTTP/1.1" 200 21440
static-145.132.56.2.ip.telfort.nl - - [29/Sep/2017:17:13:34 +0200] "GET /segelkurs-jollesmartkat.shtml HTTP/1.1" 200 19993
static-145.132.56.2.ip.telfort.nl - - [29/Sep/2017:17:13:36 +0200] "GET /smartkat-crashkurs.shtml HTTP/1.1" 200 17863
static-145.132.56.2.ip.telfort.nl - - [29/Sep/2017:17:13:38 +0200] "GET /js/functions_stripped.js?v=6.6.7.2.41064 HTTP/1.1" 200 7672
static-145.132.56.2.ip.telfort.nl - - [29/Sep/2017:17:13:38 +0200] "GET /flotte.shtml HTTP/1.1" 200 29241
static-145.132.56.2.ip.telfort.nl - - [29/Sep/2017:17:13:39 +0200] "GET /Perspectiva.html? HTTP/1.1" 200 18069
static-145.132.56.2.ip.telfort.nl - - [29/Sep/2017:17:13:40 +0200] "GET /js/).html(a);null==$( HTTP/1.1" 200 219
static-145.132.56.2.ip.telfort.nl - - [29/Sep/2017:17:13:40 +0200] "GET /js/jquery.lazyload.min.js?v=6.6.7.2.41064 HTTP/1.1" 200 3342
static-145.132.56.2.ip.telfort.nl - - [29/Sep/2017:17:13:40 +0200] "GET /aktuelles-wetter HTTP/1.1" 200 18388
static-145.132.56.2.ip.telfort.nl - - [29/Sep/2017:17:13:41 +0200] "GET /davosersee HTTP/1.1" 200 19505
static-145.132.56.2.ip.telfort.nl - - [29/Sep/2017:17:13:43 +0200] "GET /event-gruppesmartkat HTTP/1.1" 200 21256
static-145.132.56.2.ip.telfort.nl - - [29/Sep/2017:17:13:44 +0200] "GET /event-matchracing HTTP/1.1" 200 21251
static-145.132.56.2.ip.telfort.nl - - [29/Sep/2017:17:13:44 +0200] "GET /event-pedalo HTTP/1.1" 200 20248
static-145.132.56.2.ip.telfort.nl - - [29/Sep/2017:17:13:48 +0200] "GET /events HTTP/1.1" 200 22514
static-145.132.56.2.ip.telfort.nl - - [29/Sep/2017:17:13:49 +0200] "GET /flotte HTTP/1.1" 200 29385
hydrogen272.a.ahrefs.com - - [29/Sep/2017:17:27:18 +0200] "GET /var/m_0/0d/0dd/12455/7230907-G5_Matchracing_04.jpg HTTP/1.1" 200 66183
198.204.253.51 - - [29/Sep/2017:17:34:54 +0200] "GET /wp-login.php HTTP/1.1" 200 18069
198.204.253.51 - - [29/Sep/2017:17:35:09 +0200] "GET /robots.txt HTTP/1.1" 200 120
