msnbot-40-77-167-5.search.msn.com - - [08/Oct/2017:02:09:31 +0200] "GET /kurse HTTP/1.1" 200 6281
msnbot-199-30-25-26.search.msn.com - - [08/Oct/2017:02:09:34 +0200] "GET /css/widgets/concat_widget.min.css?v=6.6.7.2.41064 HTTP/1.1" 200 138686
msnbot-199-30-25-26.search.msn.com - - [08/Oct/2017:02:09:35 +0200] "GET /templates/creator/m_f/fa/fa7/164/css/main.min.css?v=1483633820 HTTP/1.1" 200 7582
msnbot-199-30-25-26.search.msn.com - - [08/Oct/2017:02:09:35 +0200] "GET /css/skeleton.css HTTP/1.1" 200 18022
msnbot-199-30-25-131.search.msn.com - - [08/Oct/2017:02:09:36 +0200] "GET /js/functions_stripped.js?v=6.6.7.2.41064 HTTP/1.1" 200 7672
msnbot-199-30-24-198.search.msn.com - - [08/Oct/2017:02:09:37 +0200] "GET /js/jquery.lazyload.min.js?v=6.6.7.2.41064 HTTP/1.1" 200 3342
msnbot-40-77-167-5.search.msn.com - - [08/Oct/2017:02:09:43 +0200] "GET /var/m_0/0d/0dd/12455/125485-1_Kinderkurs.JPG HTTP/1.1" 200 64975
195.141.126.4 - - [08/Oct/2017:02:11:19 +0200] "GET /kurse.shtml HTTP/1.1" 200 31031
195.141.126.4 - - [08/Oct/2017:02:11:30 +0200] "GET /events.shtml HTTP/1.1" 200 22514
195.141.126.4 - - [08/Oct/2017:02:18:43 +0200] "GET /davosersee.shtml HTTP/1.1" 200 19505
baiduspider-180-76-15-148.crawl.baidu.com - - [08/Oct/2017:02:19:53 +0200] "GET /aktuelles-wetter.shtml HTTP/1.1" 200 4575
195.141.126.4 - - [08/Oct/2017:02:25:04 +0200] "GET /kursanmeldung.shtml HTTP/1.1" 200 49926
ec2-52-211-90-31.eu-west-1.compute.amazonaws.com - - [08/Oct/2017:02:45:21 +0200] "GET /galerie HTTP/1.1" 200 4483
ec2-52-211-90-31.eu-west-1.compute.amazonaws.com - - [08/Oct/2017:02:45:23 +0200] "GET /kurse HTTP/1.1" 200 6281
ec2-52-211-90-31.eu-west-1.compute.amazonaws.com - - [08/Oct/2017:02:45:24 +0200] "GET /vermietung HTTP/1.1" 200 5100
ec2-52-211-90-31.eu-west-1.compute.amazonaws.com - - [08/Oct/2017:02:45:25 +0200] "GET /events HTTP/1.1" 200 5296
msnbot-157-55-39-158.search.msn.com - - [08/Oct/2017:02:48:33 +0200] "GET /kursanmeldung HTTP/1.1" 200 10945
msnbot-157-55-39-158.search.msn.com - - [08/Oct/2017:02:48:34 +0200] "GET /galerie-sktrophy-2015 HTTP/1.1" 200 5939
msnbot-157-55-39-158.search.msn.com - - [08/Oct/2017:02:48:34 +0200] "GET /galerie-sktrophy-2014-2.shtml HTTP/1.1" 200 4296
msnbot-157-55-39-105.search.msn.com - - [08/Oct/2017:02:48:35 +0200] "GET /kinder-segelkurs HTTP/1.1" 200 5172
msnbot-157-55-39-158.search.msn.com - - [08/Oct/2017:02:48:35 +0200] "GET /galerie-matchracing HTTP/1.1" 200 4859
msnbot-157-55-39-105.search.msn.com - - [08/Oct/2017:02:48:36 +0200] "GET /%C3%BCber-uns HTTP/1.1" 200 4741
msnbot-207-46-13-63.search.msn.com - - [08/Oct/2017:02:48:46 +0200] "GET /segelkurs-jollesmartkat.shtml HTTP/1.1" 200 5139
b118839.yse.yahoo.net - - [08/Oct/2017:02:59:04 +0200] "GET /pruefungskurs.shtml HTTP/1.1" 200 5895
b118839.yse.yahoo.net - - [08/Oct/2017:02:59:04 +0200] "GET /robots.txt HTTP/1.1" 200 120
