5.40.159.188.static.user.ono.com - - [04/Oct/2017:16:03:10 +0200] "GET / HTTP/1.1" 200 35804
5.40.159.188.static.user.ono.com - - [04/Oct/2017:16:03:11 +0200] "GET /%C3%BCber-uns.shtml HTTP/1.1" 200 21862
5.40.159.188.static.user.ono.com - - [04/Oct/2017:16:03:12 +0200] "GET /aktuelles-wetter.shtml HTTP/1.1" 200 18388
5.40.159.188.static.user.ono.com - - [04/Oct/2017:16:03:13 +0200] "GET /davosersee.shtml HTTP/1.1" 200 19505
5.40.159.188.static.user.ono.com - - [04/Oct/2017:16:03:14 +0200] "GET /event-gruppesmartkat.shtml HTTP/1.1" 200 21256
5.40.159.188.static.user.ono.com - - [04/Oct/2017:16:03:14 +0200] "GET /event-matchracing.shtml HTTP/1.1" 200 21251
5.40.159.188.static.user.ono.com - - [04/Oct/2017:16:03:15 +0200] "GET /event-pedalo.shtml HTTP/1.1" 200 20248
5.40.159.188.static.user.ono.com - - [04/Oct/2017:16:03:15 +0200] "GET /events.shtml HTTP/1.1" 200 22514
5.40.159.188.static.user.ono.com - - [04/Oct/2017:16:03:15 +0200] "GET /galerie-gruppesmartkat.shtml HTTP/1.1" 200 20574
5.40.159.188.static.user.ono.com - - [04/Oct/2017:16:03:15 +0200] "GET /flotte.shtml HTTP/1.1" 200 29241
5.40.159.188.static.user.ono.com - - [04/Oct/2017:16:03:16 +0200] "GET /galerie-sktrophy-2014.shtml HTTP/1.1" 200 29913
5.40.159.188.static.user.ono.com - - [04/Oct/2017:16:03:16 +0200] "GET /galerie-matchracing.shtml HTTP/1.1" 200 21704
5.40.159.188.static.user.ono.com - - [04/Oct/2017:16:03:17 +0200] "GET /galerie.shtml HTTP/1.1" 200 22747
5.40.159.188.static.user.ono.com - - [04/Oct/2017:16:03:17 +0200] "GET /galerie-sktrophy-2015.shtml HTTP/1.1" 200 49420
5.40.159.188.static.user.ono.com - - [04/Oct/2017:16:03:18 +0200] "GET /kursanmeldung.shtml HTTP/1.1" 200 49926
5.40.159.188.static.user.ono.com - - [04/Oct/2017:16:03:18 +0200] "GET /kinder-segelkurs.shtml HTTP/1.1" 200 19898
5.40.159.188.static.user.ono.com - - [04/Oct/2017:16:03:19 +0200] "GET /optikurse-2014.shtml HTTP/1.1" 200 26353
5.40.159.188.static.user.ono.com - - [04/Oct/2017:16:03:19 +0200] "GET /kurse.shtml HTTP/1.1" 200 31031
5.40.159.188.static.user.ono.com - - [04/Oct/2017:16:03:19 +0200] "GET /pruefungskurs.shtml HTTP/1.1" 200 23039
5.40.159.188.static.user.ono.com - - [04/Oct/2017:16:03:20 +0200] "GET /smartkat-crashkurs.shtml HTTP/1.1" 200 17863
5.40.159.188.static.user.ono.com - - [04/Oct/2017:16:03:20 +0200] "GET /standort.shtml HTTP/1.1" 200 17547
5.40.159.188.static.user.ono.com - - [04/Oct/2017:16:03:20 +0200] "GET /segel-grundkurs.shtml HTTP/1.1" 200 21440
5.40.159.188.static.user.ono.com - - [04/Oct/2017:16:03:20 +0200] "GET /segelkurs-jollesmartkat.shtml HTTP/1.1" 200 19993
5.40.159.188.static.user.ono.com - - [04/Oct/2017:16:03:21 +0200] "GET /js/functions_stripped.js?v=6.6.7.2.41064 HTTP/1.1" 200 7672
5.40.159.188.static.user.ono.com - - [04/Oct/2017:16:03:21 +0200] "GET /Perspectiva.html? HTTP/1.1" 200 18069
5.40.159.188.static.user.ono.com - - [04/Oct/2017:16:03:21 +0200] "GET /vermietung.shtml HTTP/1.1" 200 25728
5.40.159.188.static.user.ono.com - - [04/Oct/2017:16:03:22 +0200] "GET /js/jquery.lazyload.min.js?v=6.6.7.2.41064 HTTP/1.1" 200 3342
5.40.159.188.static.user.ono.com - - [04/Oct/2017:16:03:31 +0200] "GET /aktuelles-wetter HTTP/1.1" 200 18388
crawl-66-249-64-28.googlebot.com - - [04/Oct/2017:16:23:14 +0200] "GET /templates/resellers/7/favicon.ico?v=1471787590 HTTP/1.1" 304 -
twittersys.mymediabreakout.com - - [04/Oct/2017:16:36:12 +0200] "GET /administrator/components/com_joomlaupdate/restore.php?task=stepRestore&factory HTTP/1.1" 200 18069
hydrogen178.a.ahrefs.com - - [04/Oct/2017:16:53:36 +0200] "GET /var/m_0/0d/0dd/12455/6564666-G3_SKT2015_01.jpg HTTP/1.1" 200 160125
