hydrogen234.a.ahrefs.com - - [18/Oct/2017:01:20:51 +0200] "GET /var/m_0/0d/0dd/12455/6564731-G3_SKT2015_57.jpg HTTP/1.1" 200 84129
msnbot-40-77-167-129.search.msn.com - - [18/Oct/2017:01:25:41 +0200] "GET /var/m_0/0d/0dd/12455/125495-15_Event.JPG HTTP/1.1" 200 59088
malta2970.startdedicated.de - - [18/Oct/2017:01:30:55 +0200] "GET /robots.txt HTTP/1.1" 200 80
malta2970.startdedicated.de - - [18/Oct/2017:01:30:55 +0200] "GET /var/m_0/0d/0dd/12455/143522-G2_Optikurs2014_17.JPG HTTP/1.1" 200 71952
hydrogen006.a.ahrefs.com - - [18/Oct/2017:01:46:21 +0200] "GET /var/m_0/0d/0dd/12455/7230912-G5_Matchracing_09.jpg HTTP/1.1" 200 72435
hydrogen359.a.ahrefs.com - - [18/Oct/2017:01:46:22 +0200] "GET /var/m_0/0d/0dd/12455/6564681-G3_SKT2015_12.jpg HTTP/1.1" 200 148086
165.pool80-103-0.dynamic.orange.es - - [18/Oct/2017:01:58:41 +0200] "GET / HTTP/1.1" 200 35804
165.pool80-103-0.dynamic.orange.es - - [18/Oct/2017:01:58:43 +0200] "GET /%C3%BCber-uns.shtml HTTP/1.1" 200 21862
165.pool80-103-0.dynamic.orange.es - - [18/Oct/2017:01:58:44 +0200] "GET /aktuelles-wetter.shtml HTTP/1.1" 200 18388
165.pool80-103-0.dynamic.orange.es - - [18/Oct/2017:01:58:45 +0200] "GET /davosersee.shtml HTTP/1.1" 200 19505
165.pool80-103-0.dynamic.orange.es - - [18/Oct/2017:01:58:46 +0200] "GET /event-gruppesmartkat.shtml HTTP/1.1" 200 21256
165.pool80-103-0.dynamic.orange.es - - [18/Oct/2017:01:58:47 +0200] "GET /event-matchracing.shtml HTTP/1.1" 200 21251
165.pool80-103-0.dynamic.orange.es - - [18/Oct/2017:01:58:48 +0200] "GET /event-pedalo.shtml HTTP/1.1" 200 20248
165.pool80-103-0.dynamic.orange.es - - [18/Oct/2017:01:58:50 +0200] "GET /galerie-gruppesmartkat.shtml HTTP/1.1" 200 20574
165.pool80-103-0.dynamic.orange.es - - [18/Oct/2017:01:58:50 +0200] "GET /flotte.shtml HTTP/1.1" 200 29241
165.pool80-103-0.dynamic.orange.es - - [18/Oct/2017:01:58:50 +0200] "GET /events.shtml HTTP/1.1" 200 22514
165.pool80-103-0.dynamic.orange.es - - [18/Oct/2017:01:58:51 +0200] "GET /galerie-matchracing.shtml HTTP/1.1" 200 21704
165.pool80-103-0.dynamic.orange.es - - [18/Oct/2017:01:58:53 +0200] "GET /galerie-sktrophy-2015.shtml HTTP/1.1" 200 49420
165.pool80-103-0.dynamic.orange.es - - [18/Oct/2017:01:58:53 +0200] "GET /galerie-sktrophy-2014.shtml HTTP/1.1" 200 29913
165.pool80-103-0.dynamic.orange.es - - [18/Oct/2017:01:58:54 +0200] "GET /kinder-segelkurs.shtml HTTP/1.1" 200 19898
165.pool80-103-0.dynamic.orange.es - - [18/Oct/2017:01:58:54 +0200] "GET /kursanmeldung.shtml HTTP/1.1" 200 49926
165.pool80-103-0.dynamic.orange.es - - [18/Oct/2017:01:58:54 +0200] "GET /galerie.shtml HTTP/1.1" 200 22747
165.pool80-103-0.dynamic.orange.es - - [18/Oct/2017:01:58:55 +0200] "GET /kurse.shtml HTTP/1.1" 200 31031
165.pool80-103-0.dynamic.orange.es - - [18/Oct/2017:01:58:56 +0200] "GET /pruefungskurs.shtml HTTP/1.1" 200 23039
165.pool80-103-0.dynamic.orange.es - - [18/Oct/2017:01:58:56 +0200] "GET /optikurse-2014.shtml HTTP/1.1" 200 26353
165.pool80-103-0.dynamic.orange.es - - [18/Oct/2017:01:58:57 +0200] "GET /segel-grundkurs.shtml HTTP/1.1" 200 21440
165.pool80-103-0.dynamic.orange.es - - [18/Oct/2017:01:58:58 +0200] "GET /vermietung.shtml HTTP/1.1" 200 25728
165.pool80-103-0.dynamic.orange.es - - [18/Oct/2017:01:58:58 +0200] "GET /standort.shtml HTTP/1.1" 200 17547
165.pool80-103-0.dynamic.orange.es - - [18/Oct/2017:01:58:58 +0200] "GET /smartkat-crashkurs.shtml HTTP/1.1" 200 17863
165.pool80-103-0.dynamic.orange.es - - [18/Oct/2017:01:58:58 +0200] "GET /segelkurs-jollesmartkat.shtml HTTP/1.1" 200 19993
165.pool80-103-0.dynamic.orange.es - - [18/Oct/2017:01:58:59 +0200] "GET /Perspectiva.html? HTTP/1.1" 200 18069
165.pool80-103-0.dynamic.orange.es - - [18/Oct/2017:01:58:59 +0200] "GET /js/jquery.lazyload.min.js?v=6.6.7.2.41064 HTTP/1.1" 200 3342
165.pool80-103-0.dynamic.orange.es - - [18/Oct/2017:01:58:59 +0200] "GET /js/functions_stripped.js?v=6.6.7.2.41064 HTTP/1.1" 200 7672
165.pool80-103-0.dynamic.orange.es - - [18/Oct/2017:01:59:00 +0200] "GET /aktuelles-wetter HTTP/1.1" 200 18388
165.pool80-103-0.dynamic.orange.es - - [18/Oct/2017:01:59:01 +0200] "GET /event-gruppesmartkat HTTP/1.1" 200 21256
165.pool80-103-0.dynamic.orange.es - - [18/Oct/2017:01:59:01 +0200] "GET /davosersee HTTP/1.1" 200 19505
165.pool80-103-0.dynamic.orange.es - - [18/Oct/2017:01:59:01 +0200] "GET /event-matchracing HTTP/1.1" 200 21251
165.pool80-103-0.dynamic.orange.es - - [18/Oct/2017:01:59:02 +0200] "GET /event-pedalo HTTP/1.1" 200 20248
165.pool80-103-0.dynamic.orange.es - - [18/Oct/2017:01:59:02 +0200] "GET /events HTTP/1.1" 200 22514
165.pool80-103-0.dynamic.orange.es - - [18/Oct/2017:01:59:03 +0200] "GET /galerie-sktrophy-2014 HTTP/1.1" 200 29913
165.pool80-103-0.dynamic.orange.es - - [18/Oct/2017:01:59:03 +0200] "GET /galerie-matchracing HTTP/1.1" 200 21704
165.pool80-103-0.dynamic.orange.es - - [18/Oct/2017:01:59:03 +0200] "GET /flotte HTTP/1.1" 200 29385
165.pool80-103-0.dynamic.orange.es - - [18/Oct/2017:01:59:03 +0200] "GET /galerie-gruppesmartkat HTTP/1.1" 200 20574
165.pool80-103-0.dynamic.orange.es - - [18/Oct/2017:01:59:04 +0200] "GET /galerie-sktrophy-2015 HTTP/1.1" 200 49420
116.179.222.87.dynamic.jazztel.es - - [18/Oct/2017:01:59:27 +0200] "GET /galerie HTTP/1.1" 200 22747
116.179.222.87.dynamic.jazztel.es - - [18/Oct/2017:01:59:28 +0200] "GET /kinder-segelkurs HTTP/1.1" 200 19898
116.179.222.87.dynamic.jazztel.es - - [18/Oct/2017:01:59:29 +0200] "GET /pruefungskurs HTTP/1.1" 200 23039
116.179.222.87.dynamic.jazztel.es - - [18/Oct/2017:01:59:29 +0200] "GET /kurse HTTP/1.1" 200 31031
116.179.222.87.dynamic.jazztel.es - - [18/Oct/2017:01:59:29 +0200] "GET /optikurse-2014 HTTP/1.1" 200 26353
