hydrogen113.a.ahrefs.com - - [13/Dec/2017:22:07:41 +0100] "GET /%C3%BCber-uns.shtml HTTP/1.1" 200 4740
msnbot-157-55-39-241.search.msn.com - - [13/Dec/2017:22:17:07 +0100] "GET /var/m_0/0d/0dd/12455/125487-3_SKCrashkurs.JPG HTTP/1.1" 200 80503
pD95726A5.dip0.t-ipconnect.de - - [13/Dec/2017:22:44:16 +0100] "GET /templates/creator/m_f/fa/fa7/164/css/main.min.css?v=1483633820 HTTP/1.1" 200 1797
pD95726A5.dip0.t-ipconnect.de - - [13/Dec/2017:22:44:16 +0100] "GET /templates/creator/m_f/fa/fa7/164/assets/wp-menu.js?v=1483633820 HTTP/1.1" 200 1089
pD95726A5.dip0.t-ipconnect.de - - [13/Dec/2017:22:44:16 +0100] "GET /js/functions_stripped.js?v=6.6.7.2.41064 HTTP/1.1" 200 3186
pD95726A5.dip0.t-ipconnect.de - - [13/Dec/2017:22:44:16 +0100] "GET / HTTP/1.1" 200 6401
pD95726A5.dip0.t-ipconnect.de - - [13/Dec/2017:22:44:16 +0100] "GET /css/widgets/concat_widget.min.css?v=6.6.7.2.41064 HTTP/1.1" 200 24507
pD95726A5.dip0.t-ipconnect.de - - [13/Dec/2017:22:44:16 +0100] "GET /js/footer/get_deps.min.js?v=6.6.7.2.41064 HTTP/1.1" 200 157
pD95726A5.dip0.t-ipconnect.de - - [13/Dec/2017:22:44:16 +0100] "GET /templates/creator/m_f/fa/fa7/164/css/style.min.css?v=1483633820 HTTP/1.1" 200 847
pD95726A5.dip0.t-ipconnect.de - - [13/Dec/2017:22:44:16 +0100] "GET /js/footer/build_social_entries.min.js?v=6.6.7.2.41064 HTTP/1.1" 200 278
pD95726A5.dip0.t-ipconnect.de - - [13/Dec/2017:22:44:16 +0100] "GET /css/skeleton.css HTTP/1.1" 200 3511
pD95726A5.dip0.t-ipconnect.de - - [13/Dec/2017:22:44:16 +0100] "GET /templates/creator/m_f/fa/fa7/164/assets/respond.min.js?v=1483633820 HTTP/1.1" 200 2085
pD95726A5.dip0.t-ipconnect.de - - [13/Dec/2017:22:44:16 +0100] "GET /templates/creator/m_f/fa/fa7/164/assets/slide.js?v=1483633820 HTTP/1.1" 200 662
pD95726A5.dip0.t-ipconnect.de - - [13/Dec/2017:22:44:16 +0100] "GET /js/jquery.lazyload.min.js?v=6.6.7.2.41064 HTTP/1.1" 200 1283
pD95726A5.dip0.t-ipconnect.de - - [13/Dec/2017:22:44:16 +0100] "GET /var/m_0/0d/0dd/12455/143351-Header_Segelschule.jpg HTTP/1.1" 200 107532
pD95726A5.dip0.t-ipconnect.de - - [13/Dec/2017:22:44:17 +0100] "GET /templates/creator/m_f/fa/fa7/164/assets/tab_b_bottom.png HTTP/1.1" 200 962
pD95726A5.dip0.t-ipconnect.de - - [13/Dec/2017:22:44:17 +0100] "GET /templates/creator/m_f/fa/fa7/164/assets/tab_r_bottom.png HTTP/1.1" 200 1803
pD95726A5.dip0.t-ipconnect.de - - [13/Dec/2017:22:44:17 +0100] "GET /templates/creator/m_f/fa/fa7/164/assets/tab_m_bottom.png HTTP/1.1" 200 1000
pD95726A5.dip0.t-ipconnect.de - - [13/Dec/2017:22:44:17 +0100] "GET /var/m_0/0d/0dd/12455/8218280-65_Regatta.JPG HTTP/1.1" 200 192350
pD95726A5.dip0.t-ipconnect.de - - [13/Dec/2017:22:44:17 +0100] "GET /var/m_0/0d/0dd/12455/6564603-SK_Tro_Head.jpg HTTP/1.1" 200 136780
pD95726A5.dip0.t-ipconnect.de - - [13/Dec/2017:22:44:17 +0100] "GET /var/m_0/0d/0dd/12455/7230972-19_Matchracing.jpg HTTP/1.1" 200 55347
pD95726A5.dip0.t-ipconnect.de - - [13/Dec/2017:22:44:17 +0100] "GET /var/m_0/0d/0dd/12455/125494-14_Vermietung.JPG HTTP/1.1" 200 95115
pD95726A5.dip0.t-ipconnect.de - - [13/Dec/2017:22:44:17 +0100] "GET /var/m_0/0d/0dd/12455/125495-15_Event.JPG HTTP/1.1" 200 59088
pD95726A5.dip0.t-ipconnect.de - - [13/Dec/2017:22:44:17 +0100] "GET /templates/creator/m_f/fa/fa7/164/assets/tab_l_bottom.png HTTP/1.1" 200 1751
pD95726A5.dip0.t-ipconnect.de - - [13/Dec/2017:22:44:17 +0100] "GET /templates/creator/m_f/fa/fa7/164/assets/bt_open.png HTTP/1.1" 200 2044
pD95726A5.dip0.t-ipconnect.de - - [13/Dec/2017:22:44:17 +0100] "GET /var/m_0/0d/0dd/12455/8254793-J70_Davos.w640.jpg HTTP/1.1" 200 77993
pD95726A5.dip0.t-ipconnect.de - - [13/Dec/2017:22:44:17 +0100] "GET /var/m_0/0d/0dd/12455/125493-13_Kurse.JPG HTTP/1.1" 200 70517
pD95726A5.dip0.t-ipconnect.de - - [13/Dec/2017:22:44:52 +0100] "GET /var/m_0/0d/0dd/12455/143586-SP_DK1.jpg HTTP/1.1" 200 3071
pD95726A5.dip0.t-ipconnect.de - - [13/Dec/2017:22:44:53 +0100] "GET /var/m_0/0d/0dd/12455/143580-SP_Heierling1.jpg HTTP/1.1" 200 2613
pD95726A5.dip0.t-ipconnect.de - - [13/Dec/2017:22:44:53 +0100] "GET /var/m_0/0d/0dd/12455/143584-SP_Lemm1.jpg HTTP/1.1" 200 2321
pD95726A5.dip0.t-ipconnect.de - - [13/Dec/2017:22:44:54 +0100] "GET /var/m_0/0d/0dd/12455/143582-SP_Gipfel1.jpg HTTP/1.1" 200 2688
pD95726A5.dip0.t-ipconnect.de - - [13/Dec/2017:22:44:54 +0100] "GET /var/m_0/0d/0dd/12455/8288159-EWD_rgb_pos.jpg HTTP/1.1" 200 207458
195.141.126.4 - - [13/Dec/2017:22:55:12 +0100] "GET /smartkat-crashkurs.shtml HTTP/1.1" 200 4808
