crawl-66-249-64-28.googlebot.com - - [12/Nov/2017:17:00:09 +0100] "GET /css/widgets/concat_widget.min.css?v=6.6.1.38889 HTTP/1.1" 200 24507
hydrogen358.a.ahrefs.com - - [12/Nov/2017:17:09:51 +0100] "GET /var/m_0/0d/0dd/12455/6564666-G3_SKT2015_01.jpg HTTP/1.1" 200 160125
194.red-83-53-254.dynamicip.rima-tde.net - - [12/Nov/2017:17:14:15 +0100] "GET / HTTP/1.1" 200 35804
194.red-83-53-254.dynamicip.rima-tde.net - - [12/Nov/2017:17:14:17 +0100] "GET /%C3%BCber-uns.shtml HTTP/1.1" 200 21862
194.red-83-53-254.dynamicip.rima-tde.net - - [12/Nov/2017:17:14:17 +0100] "GET /aktuelles-wetter.shtml HTTP/1.1" 200 18388
194.red-83-53-254.dynamicip.rima-tde.net - - [12/Nov/2017:17:14:17 +0100] "GET /davosersee.shtml HTTP/1.1" 200 19505
194.red-83-53-254.dynamicip.rima-tde.net - - [12/Nov/2017:17:14:18 +0100] "GET /event-gruppesmartkat.shtml HTTP/1.1" 200 21256
194.red-83-53-254.dynamicip.rima-tde.net - - [12/Nov/2017:17:14:20 +0100] "GET /event-matchracing.shtml HTTP/1.1" 200 21251
194.red-83-53-254.dynamicip.rima-tde.net - - [12/Nov/2017:17:14:22 +0100] "GET /events.shtml HTTP/1.1" 200 22514
194.red-83-53-254.dynamicip.rima-tde.net - - [12/Nov/2017:17:14:22 +0100] "GET /event-pedalo.shtml HTTP/1.1" 200 20248
194.red-83-53-254.dynamicip.rima-tde.net - - [12/Nov/2017:17:14:23 +0100] "GET /flotte.shtml HTTP/1.1" 200 29241
194.red-83-53-254.dynamicip.rima-tde.net - - [12/Nov/2017:17:14:24 +0100] "GET /galerie-gruppesmartkat.shtml HTTP/1.1" 200 20574
194.red-83-53-254.dynamicip.rima-tde.net - - [12/Nov/2017:17:14:24 +0100] "GET /galerie-matchracing.shtml HTTP/1.1" 200 21704
194.red-83-53-254.dynamicip.rima-tde.net - - [12/Nov/2017:17:14:25 +0100] "GET /galerie-sktrophy-2014.shtml HTTP/1.1" 200 29913
194.red-83-53-254.dynamicip.rima-tde.net - - [12/Nov/2017:17:14:26 +0100] "GET /galerie-sktrophy-2015.shtml HTTP/1.1" 200 49420
194.red-83-53-254.dynamicip.rima-tde.net - - [12/Nov/2017:17:14:28 +0100] "GET /galerie.shtml HTTP/1.1" 200 22747
194.red-83-53-254.dynamicip.rima-tde.net - - [12/Nov/2017:17:14:28 +0100] "GET /kinder-segelkurs.shtml HTTP/1.1" 200 19898
194.red-83-53-254.dynamicip.rima-tde.net - - [12/Nov/2017:17:14:29 +0100] "GET /kursanmeldung.shtml HTTP/1.1" 200 49926
194.red-83-53-254.dynamicip.rima-tde.net - - [12/Nov/2017:17:14:30 +0100] "GET /kurse.shtml HTTP/1.1" 200 31031
194.red-83-53-254.dynamicip.rima-tde.net - - [12/Nov/2017:17:14:31 +0100] "GET /optikurse-2014.shtml HTTP/1.1" 200 26353
194.red-83-53-254.dynamicip.rima-tde.net - - [12/Nov/2017:17:14:32 +0100] "GET /pruefungskurs.shtml HTTP/1.1" 200 23039
194.red-83-53-254.dynamicip.rima-tde.net - - [12/Nov/2017:17:14:35 +0100] "GET /segel-grundkurs.shtml HTTP/1.1" 200 21440
194.red-83-53-254.dynamicip.rima-tde.net - - [12/Nov/2017:17:14:35 +0100] "GET /segelkurs-jollesmartkat.shtml HTTP/1.1" 200 19993
194.red-83-53-254.dynamicip.rima-tde.net - - [12/Nov/2017:17:14:37 +0100] "GET /smartkat-crashkurs.shtml HTTP/1.1" 200 17863
194.red-83-53-254.dynamicip.rima-tde.net - - [12/Nov/2017:17:14:42 +0100] "GET /standort.shtml HTTP/1.1" 200 17547
194.red-83-53-254.dynamicip.rima-tde.net - - [12/Nov/2017:17:14:42 +0100] "GET /vermietung.shtml HTTP/1.1" 200 25728
194.red-83-53-254.dynamicip.rima-tde.net - - [12/Nov/2017:17:14:43 +0100] "GET /js/functions_stripped.js?v=6.6.7.2.41064 HTTP/1.1" 200 7672
194.red-83-53-254.dynamicip.rima-tde.net - - [12/Nov/2017:17:14:44 +0100] "GET /Perspectiva.html? HTTP/1.1" 200 18069
194.red-83-53-254.dynamicip.rima-tde.net - - [12/Nov/2017:17:14:45 +0100] "GET /js/jquery.lazyload.min.js?v=6.6.7.2.41064 HTTP/1.1" 200 3342
194.red-83-53-254.dynamicip.rima-tde.net - - [12/Nov/2017:17:14:46 +0100] "GET /aktuelles-wetter HTTP/1.1" 200 18388
static.66.30.201.138.clients.your-server.de - - [12/Nov/2017:17:27:25 +0100] "GET /robots.txt HTTP/1.0" 200 120
static.66.30.201.138.clients.your-server.de - - [12/Nov/2017:17:27:27 +0100] "GET / HTTP/1.0" 200 35804
static.66.30.201.138.clients.your-server.de - - [12/Nov/2017:17:27:29 +0100] "GET /templates/resellers/7/favicon.ico?v=1506103971 HTTP/1.0" 200 4286
static.66.30.201.138.clients.your-server.de - - [12/Nov/2017:17:27:31 +0100] "GET /css/widgets/concat_widget.min.css?v=6.6.7.2.41064 HTTP/1.0" 200 138686
static.66.30.201.138.clients.your-server.de - - [12/Nov/2017:17:27:33 +0100] "GET /templates/creator/m_f/fa/fa7/164/css/main.min.css?v=1483633820 HTTP/1.0" 200 7582
static.66.30.201.138.clients.your-server.de - - [12/Nov/2017:17:27:35 +0100] "GET /templates/creator/m_f/fa/fa7/164/css/style.min.css?v=1483633820 HTTP/1.0" 200 2787
static.66.30.201.138.clients.your-server.de - - [12/Nov/2017:17:27:37 +0100] "GET /js/footer/get_deps.min.js?v=6.6.7.2.41064 HTTP/1.0" 200 149
static.66.30.201.138.clients.your-server.de - - [12/Nov/2017:17:27:39 +0100] "GET /js/footer/build_social_entries.min.js?v=6.6.7.2.41064 HTTP/1.0" 200 766
static.66.30.201.138.clients.your-server.de - - [12/Nov/2017:17:27:41 +0100] "GET /css/skeleton.css HTTP/1.0" 200 18022
216.244.66.229 - - [12/Nov/2017:17:50:54 +0100] "GET /robots.txt HTTP/1.1" 200 120
crawl-66-249-64-29.googlebot.com - - [12/Nov/2017:17:51:18 +0100] "GET /js/fancybox2/jquery.fancybox.min.css?v=6.6.7.1.40667 HTTP/1.1" 200 1020
msnbot-157-55-39-153.search.msn.com - - [12/Nov/2017:17:59:14 +0100] "GET / HTTP/1.1" 200 6440
