crawl-66-249-64-29.googlebot.com - - [16/Oct/2017:20:03:05 +0200] "GET /vermietung HTTP/1.1" 200 5100
hydrogen224.a.ahrefs.com - - [16/Oct/2017:20:11:16 +0200] "GET /var/m_0/0d/0dd/12455/143514-G2_Optikurs2014_09.jpg HTTP/1.1" 200 152348
hydrogen108.a.ahrefs.com - - [16/Oct/2017:20:49:46 +0200] "GET /var/m_0/0d/0dd/12455/143479-G1_SKT2014_03.JPG HTTP/1.1" 200 139406
static.237.59.243.136.clients.your-server.de - - [16/Oct/2017:20:52:34 +0200] "GET /kursanmeldung.shtml HTTP/1.1" 200 49926
msnbot-157-55-39-87.search.msn.com - - [16/Oct/2017:20:52:52 +0200] "GET /js/footer/build_social_entries.min.js?v=6.6.7.2.41276 HTTP/1.1" 200 278
msnbot-157-55-39-87.search.msn.com - - [16/Oct/2017:20:52:52 +0200] "GET /js/efu/w.formmanager.min.js?v=6.6.7.2.41276 HTTP/1.1" 200 2154
msnbot-157-55-39-87.search.msn.com - - [16/Oct/2017:20:52:52 +0200] "GET /js/efu/main.min.js?v=6.6.7.2.41276 HTTP/1.1" 200 1746
msnbot-157-55-39-87.search.msn.com - - [16/Oct/2017:20:52:52 +0200] "GET /js/fancybox2/jquery.fancybox.min.css?v=6.6.7.2.41276 HTTP/1.1" 200 1020
msnbot-157-55-39-122.search.msn.com - - [16/Oct/2017:20:52:53 +0200] "GET /js/footer/get_deps.min.js?v=6.6.7.2.41276 HTTP/1.1" 200 157
msnbot-157-55-39-87.search.msn.com - - [16/Oct/2017:20:52:53 +0200] "GET /js/fancybox2/jquery.fancybox.min.js?v=6.6.7.2.41276 HTTP/1.1" 200 6267
msnbot-157-55-39-122.search.msn.com - - [16/Oct/2017:20:52:53 +0200] "GET /templates/creator/m_f/fa/fa7/164/assets/respond.min.js?v=1483633820 HTTP/1.1" 200 2085
msnbot-157-55-39-122.search.msn.com - - [16/Oct/2017:20:52:53 +0200] "GET /css/skeleton.css HTTP/1.1" 200 3511
msnbot-157-55-39-87.search.msn.com - - [16/Oct/2017:20:52:53 +0200] "GET /templates/creator/m_f/fa/fa7/164/assets/wp-menu.js?v=1483633820 HTTP/1.1" 200 1089
msnbot-157-55-39-87.search.msn.com - - [16/Oct/2017:20:52:53 +0200] "GET /js/functions_stripped.js?v=6.6.7.2.41276 HTTP/1.1" 200 3186
msnbot-157-55-39-87.search.msn.com - - [16/Oct/2017:20:52:53 +0200] "GET /templates/creator/m_f/fa/fa7/164/css/main.min.css?v=1483633820 HTTP/1.1" 200 1797
msnbot-157-55-39-122.search.msn.com - - [16/Oct/2017:20:52:53 +0200] "GET /js/jquery/jquery.form.min.js?v=6.6.7.2.41276 HTTP/1.1" 200 5592
msnbot-157-55-39-87.search.msn.com - - [16/Oct/2017:20:52:53 +0200] "GET /templates/creator/m_f/fa/fa7/164/css/style.min.css?v=1483633820 HTTP/1.1" 200 847
msnbot-40-77-167-137.search.msn.com - - [16/Oct/2017:20:52:57 +0200] "GET /templates/creator/m_f/fa/fa7/164/assets/slide.js?v=1483633820 HTTP/1.1" 200 662
msnbot-40-77-167-71.search.msn.com - - [16/Oct/2017:20:53:00 +0200] "GET /js/jquery/jquery.validate.min.js?v=6.6.7.2.41276 HTTP/1.1" 200 6581
msnbot-40-77-167-71.search.msn.com - - [16/Oct/2017:20:53:00 +0200] "GET /css/widgets/concat_widget.min.css?v=6.6.7.2.41276 HTTP/1.1" 200 24507
static.237.59.243.136.clients.your-server.de - - [16/Oct/2017:20:54:32 +0200] "GET /flotte.shtml HTTP/1.1" 200 29241
static.237.59.243.136.clients.your-server.de - - [16/Oct/2017:20:54:51 +0200] "GET /event-gruppesmartkat.shtml HTTP/1.1" 200 21256
