no-reverse-dns-configured.com - - [30/Sep/2017:15:16:01 +0200] "GET / HTTP/1.1" 200 35804
no-reverse-dns-configured.com - - [30/Sep/2017:15:16:03 +0200] "GET /events.shtml HTTP/1.1" 200 22514
no-reverse-dns-configured.com - - [30/Sep/2017:15:16:05 +0200] "GET /galerie.shtml HTTP/1.1" 200 22747
no-reverse-dns-configured.com - - [30/Sep/2017:15:16:15 +0200] "GET /kurse.shtml HTTP/1.1" 200 31031
no-reverse-dns-configured.com - - [30/Sep/2017:15:16:19 +0200] "GET /vermietung.shtml HTTP/1.1" 200 25728
no-reverse-dns-configured.com - - [30/Sep/2017:15:16:23 +0200] "GET /event-gruppesmartkat.shtml HTTP/1.1" 200 21256
no-reverse-dns-configured.com - - [30/Sep/2017:15:16:23 +0200] "GET /event-matchracing.shtml HTTP/1.1" 200 21251
no-reverse-dns-configured.com - - [30/Sep/2017:15:16:26 +0200] "GET /galerie-gruppesmartkat.shtml HTTP/1.1" 200 20574
no-reverse-dns-configured.com - - [30/Sep/2017:15:16:26 +0200] "GET /event-pedalo.shtml HTTP/1.1" 200 20248
no-reverse-dns-configured.com - - [30/Sep/2017:15:16:27 +0200] "GET /galerie-matchracing.shtml HTTP/1.1" 200 21704
no-reverse-dns-configured.com - - [30/Sep/2017:15:16:29 +0200] "GET /galerie-sktrophy-2014.shtml HTTP/1.1" 200 29913
no-reverse-dns-configured.com - - [30/Sep/2017:15:16:32 +0200] "GET /galerie-sktrophy-2015.shtml HTTP/1.1" 200 49420
no-reverse-dns-configured.com - - [30/Sep/2017:15:16:34 +0200] "GET /kinder-segelkurs.shtml HTTP/1.1" 200 19898
no-reverse-dns-configured.com - - [30/Sep/2017:15:16:34 +0200] "GET /optikurse-2014.shtml HTTP/1.1" 200 26353
no-reverse-dns-configured.com - - [30/Sep/2017:15:16:36 +0200] "GET /pruefungskurs.shtml HTTP/1.1" 200 23039
no-reverse-dns-configured.com - - [30/Sep/2017:15:16:40 +0200] "GET /segel-grundkurs.shtml HTTP/1.1" 200 21440
no-reverse-dns-configured.com - - [30/Sep/2017:15:16:46 +0200] "GET /segelkurs-jollesmartkat.shtml HTTP/1.1" 200 19993
no-reverse-dns-configured.com - - [30/Sep/2017:15:16:47 +0200] "GET /smartkat-crashkurs.shtml HTTP/1.1" 200 17863
no-reverse-dns-configured.com - - [30/Sep/2017:15:16:47 +0200] "GET /Perspectiva.html? HTTP/1.1" 200 18069
no-reverse-dns-configured.com - - [30/Sep/2017:15:16:47 +0200] "GET /js/functions_stripped.js?v=6.6.7.2.41064 HTTP/1.1" 200 7672
no-reverse-dns-configured.com - - [30/Sep/2017:15:16:47 +0200] "GET /flotte.shtml HTTP/1.1" 200 29241
no-reverse-dns-configured.com - - [30/Sep/2017:15:16:48 +0200] "GET /js/).html(a);null==$( HTTP/1.1" 200 219
no-reverse-dns-configured.com - - [30/Sep/2017:15:16:48 +0200] "GET /js/jquery.lazyload.min.js?v=6.6.7.2.41064 HTTP/1.1" 200 3342
no-reverse-dns-configured.com - - [30/Sep/2017:15:16:48 +0200] "GET /aktuelles-wetter HTTP/1.1" 200 18388
no-reverse-dns-configured.com - - [30/Sep/2017:15:16:53 +0200] "GET /davosersee HTTP/1.1" 200 19505
no-reverse-dns-configured.com - - [30/Sep/2017:15:16:54 +0200] "GET /event-gruppesmartkat HTTP/1.1" 200 21256
no-reverse-dns-configured.com - - [30/Sep/2017:15:16:55 +0200] "GET /event-matchracing HTTP/1.1" 200 21251
no-reverse-dns-configured.com - - [30/Sep/2017:15:16:56 +0200] "GET /events HTTP/1.1" 200 22514
no-reverse-dns-configured.com - - [30/Sep/2017:15:16:56 +0200] "GET /event-pedalo HTTP/1.1" 200 20248
no-reverse-dns-configured.com - - [30/Sep/2017:15:16:56 +0200] "GET /flotte HTTP/1.1" 200 29385
msnbot-157-55-39-36.search.msn.com - - [30/Sep/2017:15:24:11 +0200] "GET /images/Wind/Wind_Juli-Sept.pdf HTTP/1.1" 200 18069
b115490.yse.yahoo.net - - [30/Sep/2017:15:27:11 +0200] "GET /smartkat-crashkurs HTTP/1.1" 200 4808
195.141.126.4 - - [30/Sep/2017:15:48:11 +0200] "GET /galerie.shtml HTTP/1.1" 200 22747
