makdoor.com - - [17/Nov/2017:23:26:36 +0100] "GET / HTTP/1.0" 200 35804
makdoor.com - - [17/Nov/2017:23:26:37 +0100] "GET /davosersee.shtml HTTP/1.0" 200 19505
makdoor.com - - [17/Nov/2017:23:26:37 +0100] "GET /css/widgets/concat_widget.min.css?v=6.6.7.2.41064 HTTP/1.0" 200 138686
makdoor.com - - [17/Nov/2017:23:26:37 +0100] "GET /templates/resellers/7/favicon.ico?v=1506103971 HTTP/1.0" 200 4286
makdoor.com - - [17/Nov/2017:23:26:37 +0100] "GET /templates/creator/m_f/fa/fa7/164/css/style.min.css?v=1483633820 HTTP/1.0" 200 2787
makdoor.com - - [17/Nov/2017:23:26:37 +0100] "GET /kurse.shtml HTTP/1.0" 200 31031
makdoor.com - - [17/Nov/2017:23:26:37 +0100] "GET /templates/creator/m_f/fa/fa7/164/css/main.min.css?v=1483633820 HTTP/1.0" 200 7582
makdoor.com - - [17/Nov/2017:23:26:38 +0100] "GET /segelkurs-jollesmartkat.shtml HTTP/1.0" 200 19993
makdoor.com - - [17/Nov/2017:23:26:38 +0100] "GET /kinder-segelkurs.shtml HTTP/1.0" 200 19898
makdoor.com - - [17/Nov/2017:23:26:38 +0100] "GET /smartkat-crashkurs.shtml HTTP/1.0" 200 17863
makdoor.com - - [17/Nov/2017:23:26:38 +0100] "GET /segel-grundkurs.shtml HTTP/1.0" 200 21440
makdoor.com - - [17/Nov/2017:23:26:39 +0100] "GET /event-gruppesmartkat.shtml HTTP/1.0" 200 21256
makdoor.com - - [17/Nov/2017:23:26:39 +0100] "GET /events.shtml HTTP/1.0" 200 22514
makdoor.com - - [17/Nov/2017:23:26:39 +0100] "GET /galerie-gruppesmartkat.shtml HTTP/1.0" 200 20574
makdoor.com - - [17/Nov/2017:23:26:39 +0100] "GET /galerie-matchracing.shtml HTTP/1.0" 200 21704
makdoor.com - - [17/Nov/2017:23:26:39 +0100] "GET /galerie-sktrophy-2014.shtml HTTP/1.0" 200 29913
makdoor.com - - [17/Nov/2017:23:26:39 +0100] "GET /pruefungskurs.shtml HTTP/1.0" 200 23039
makdoor.com - - [17/Nov/2017:23:26:39 +0100] "GET /event-pedalo.shtml HTTP/1.0" 200 20248
makdoor.com - - [17/Nov/2017:23:26:39 +0100] "GET /vermietung.shtml HTTP/1.0" 200 25728
makdoor.com - - [17/Nov/2017:23:26:39 +0100] "GET /galerie.shtml HTTP/1.0" 200 22747
makdoor.com - - [17/Nov/2017:23:26:39 +0100] "GET /galerie-sktrophy-2015.shtml HTTP/1.0" 200 49420
makdoor.com - - [17/Nov/2017:23:26:39 +0100] "GET /event-matchracing.shtml HTTP/1.0" 200 21251
makdoor.com - - [17/Nov/2017:23:26:39 +0100] "GET /flotte.shtml HTTP/1.0" 200 29241
makdoor.com - - [17/Nov/2017:23:26:40 +0100] "GET /optikurse-2014.shtml HTTP/1.0" 200 26353
makdoor.com - - [17/Nov/2017:23:26:40 +0100] "GET /kurse HTTP/1.0" 200 31031
makdoor.com - - [17/Nov/2017:23:26:40 +0100] "GET /templates/resellers/7/favicon.ico?v=1506149035 HTTP/1.0" 200 4286
makdoor.com - - [17/Nov/2017:23:26:40 +0100] "GET /standort.shtml HTTP/1.0" 200 17547
makdoor.com - - [17/Nov/2017:23:26:40 +0100] "GET /davosersee HTTP/1.0" 200 19505
makdoor.com - - [17/Nov/2017:23:26:40 +0100] "GET /smartkat-crashkurs HTTP/1.0" 200 18007
makdoor.com - - [17/Nov/2017:23:26:40 +0100] "GET /kursanmeldung.shtml HTTP/1.0" 200 49926
makdoor.com - - [17/Nov/2017:23:26:40 +0100] "GET /aktuelles-wetter.shtml HTTP/1.0" 200 18388
makdoor.com - - [17/Nov/2017:23:26:40 +0100] "GET /kinder-segelkurs HTTP/1.0" 200 19898
makdoor.com - - [17/Nov/2017:23:26:40 +0100] "GET /%C3%BCber-uns.shtml HTTP/1.0" 200 21862
makdoor.com - - [17/Nov/2017:23:26:40 +0100] "GET /templates/resellers/7/favicon.ico?v=1506147134 HTTP/1.0" 200 4286
makdoor.com - - [17/Nov/2017:23:26:40 +0100] "GET /segelkurs-jollesmartkat HTTP/1.0" 200 20137
makdoor.com - - [17/Nov/2017:23:26:40 +0100] "GET /templates/resellers/7/favicon.ico?v=1506147110 HTTP/1.0" 200 4286
makdoor.com - - [17/Nov/2017:23:26:40 +0100] "GET /templates/resellers/7/favicon.ico?v=1506147131 HTTP/1.0" 200 4286
makdoor.com - - [17/Nov/2017:23:26:40 +0100] "GET /templates/resellers/7/favicon.ico?v=1506149037 HTTP/1.0" 200 4286
makdoor.com - - [17/Nov/2017:23:26:41 +0100] "GET /templates/resellers/7/favicon.ico?v=1506147118 HTTP/1.0" 200 4286
makdoor.com - - [17/Nov/2017:23:26:41 +0100] "GET /event-matchracing HTTP/1.0" 200 21251
makdoor.com - - [17/Nov/2017:23:26:41 +0100] "GET /templates/resellers/7/favicon.ico?v=1506147113 HTTP/1.0" 200 4286
makdoor.com - - [17/Nov/2017:23:26:41 +0100] "GET /pruefungskurs HTTP/1.0" 200 23039
makdoor.com - - [17/Nov/2017:23:26:41 +0100] "GET /js/fancybox2/jquery.fancybox.min.css?v=6.6.7.2.41064 HTTP/1.0" 200 3077
makdoor.com - - [17/Nov/2017:23:26:41 +0100] "GET /event-gruppesmartkat HTTP/1.0" 200 21256
makdoor.com - - [17/Nov/2017:23:26:41 +0100] "GET /templates/resellers/7/favicon.ico?v=1506149034 HTTP/1.0" 200 4286
makdoor.com - - [17/Nov/2017:23:26:41 +0100] "GET /templates/resellers/7/favicon.ico?v=1506149031 HTTP/1.0" 200 4286
makdoor.com - - [17/Nov/2017:23:26:41 +0100] "GET /templates/resellers/7/favicon.ico?v=1506149005 HTTP/1.0" 200 4286
makdoor.com - - [17/Nov/2017:23:26:41 +0100] "GET /segel-grundkurs HTTP/1.0" 200 21440
makdoor.com - - [17/Nov/2017:23:26:41 +0100] "GET /events HTTP/1.0" 200 22514
makdoor.com - - [17/Nov/2017:23:26:41 +0100] "GET /templates/resellers/7/favicon.ico?v=1506147116 HTTP/1.0" 200 4286
msnbot-207-46-13-42.search.msn.com - - [17/Nov/2017:23:38:40 +0100] "GET /var/m_0/0d/0dd/12455/125495-15_Event.JPG HTTP/1.1" 200 59088
msnbot-207-46-13-42.search.msn.com - - [17/Nov/2017:23:43:22 +0100] "GET / HTTP/1.1" 200 6440
msnbot-40-77-167-69.search.msn.com - - [17/Nov/2017:23:47:32 +0100] "GET / HTTP/1.1" 200 6440
