malta1844.startdedicated.de - - [15/Oct/2017:03:05:44 +0200] "GET /robots.txt HTTP/1.1" 200 80
malta1844.startdedicated.de - - [15/Oct/2017:03:05:44 +0200] "GET /var/m_0/0d/0dd/12455/6564710-G3_SKT2015_38.jpg HTTP/1.1" 200 94469
malta2970.startdedicated.de - - [15/Oct/2017:03:25:25 +0200] "GET /var/m_0/0d/0dd/12455/6564727-G3_SKT2015_54.jpg HTTP/1.1" 200 105601
malta2970.startdedicated.de - - [15/Oct/2017:03:25:25 +0200] "GET /robots.txt HTTP/1.1" 200 80
google-proxy-66-249-88-158.google.com - - [15/Oct/2017:03:26:07 +0200] "GET /var/m_0/0d/0dd/12455/143352-Header_Segelschule_2.jpg HTTP/1.1" 200 107532
qualityassurance.siteimprove.com - - [15/Oct/2017:03:28:47 +0200] "GET / HTTP/1.1" 200 6440
malta1844.startdedicated.de - - [15/Oct/2017:03:33:44 +0200] "GET /var/m_0/0d/0dd/12455/143478-G1_SKT2014_02.JPG HTTP/1.1" 200 135948
malta1844.startdedicated.de - - [15/Oct/2017:03:33:44 +0200] "GET /robots.txt HTTP/1.1" 200 80
malta2970.startdedicated.de - - [15/Oct/2017:03:33:48 +0200] "GET /var/m_0/0d/0dd/12455/7230905-G5_Matchracing_02.jpg HTTP/1.1" 200 68797
msnbot-157-55-39-122.search.msn.com - - [15/Oct/2017:03:34:53 +0200] "GET /galerie-gruppesmartkat.shtml HTTP/1.1" 200 4863
msnbot-207-46-13-161.search.msn.com - - [15/Oct/2017:03:39:03 +0200] "GET /var/m_0/0d/0dd/12455/7230972-19_Matchracing.jpg HTTP/1.1" 200 55347
malta2970.startdedicated.de - - [15/Oct/2017:03:57:28 +0200] "GET /var/m_0/0d/0dd/12455/143503-G1_SKT2014_25.JPG HTTP/1.1" 200 126118
malta2970.startdedicated.de - - [15/Oct/2017:03:57:28 +0200] "GET /robots.txt HTTP/1.1" 200 80
244.pool85-59-110.dynamic.orange.es - - [15/Oct/2017:03:58:34 +0200] "GET / HTTP/1.1" 200 35804
244.pool85-59-110.dynamic.orange.es - - [15/Oct/2017:03:58:35 +0200] "GET /%C3%BCber-uns.shtml HTTP/1.1" 200 21862
244.pool85-59-110.dynamic.orange.es - - [15/Oct/2017:03:58:35 +0200] "GET /aktuelles-wetter.shtml HTTP/1.1" 200 18388
244.pool85-59-110.dynamic.orange.es - - [15/Oct/2017:03:58:36 +0200] "GET /davosersee.shtml HTTP/1.1" 200 19505
244.pool85-59-110.dynamic.orange.es - - [15/Oct/2017:03:58:38 +0200] "GET /event-matchracing.shtml HTTP/1.1" 200 21251
244.pool85-59-110.dynamic.orange.es - - [15/Oct/2017:03:58:38 +0200] "GET /event-pedalo.shtml HTTP/1.1" 200 20248
244.pool85-59-110.dynamic.orange.es - - [15/Oct/2017:03:58:37 +0200] "GET /event-gruppesmartkat.shtml HTTP/1.1" 200 21256
244.pool85-59-110.dynamic.orange.es - - [15/Oct/2017:03:58:38 +0200] "GET /events.shtml HTTP/1.1" 200 22514
244.pool85-59-110.dynamic.orange.es - - [15/Oct/2017:03:58:39 +0200] "GET /galerie-sktrophy-2014.shtml HTTP/1.1" 200 29913
244.pool85-59-110.dynamic.orange.es - - [15/Oct/2017:03:58:39 +0200] "GET /flotte.shtml HTTP/1.1" 200 29241
244.pool85-59-110.dynamic.orange.es - - [15/Oct/2017:03:58:39 +0200] "GET /galerie-matchracing.shtml HTTP/1.1" 200 21704
244.pool85-59-110.dynamic.orange.es - - [15/Oct/2017:03:58:39 +0200] "GET /galerie-gruppesmartkat.shtml HTTP/1.1" 200 20574
244.pool85-59-110.dynamic.orange.es - - [15/Oct/2017:03:58:40 +0200] "GET /galerie-sktrophy-2015.shtml HTTP/1.1" 200 49420
244.pool85-59-110.dynamic.orange.es - - [15/Oct/2017:03:58:41 +0200] "GET /galerie.shtml HTTP/1.1" 200 22747
244.pool85-59-110.dynamic.orange.es - - [15/Oct/2017:03:58:41 +0200] "GET /kursanmeldung.shtml HTTP/1.1" 200 49926
244.pool85-59-110.dynamic.orange.es - - [15/Oct/2017:03:58:41 +0200] "GET /kinder-segelkurs.shtml HTTP/1.1" 200 19898
244.pool85-59-110.dynamic.orange.es - - [15/Oct/2017:03:58:42 +0200] "GET /optikurse-2014.shtml HTTP/1.1" 200 26353
244.pool85-59-110.dynamic.orange.es - - [15/Oct/2017:03:58:42 +0200] "GET /kurse.shtml HTTP/1.1" 200 31031
244.pool85-59-110.dynamic.orange.es - - [15/Oct/2017:03:58:43 +0200] "GET /smartkat-crashkurs.shtml HTTP/1.1" 200 17863
244.pool85-59-110.dynamic.orange.es - - [15/Oct/2017:03:58:43 +0200] "GET /standort.shtml HTTP/1.1" 200 17547
244.pool85-59-110.dynamic.orange.es - - [15/Oct/2017:03:58:43 +0200] "GET /pruefungskurs.shtml HTTP/1.1" 200 23039
244.pool85-59-110.dynamic.orange.es - - [15/Oct/2017:03:58:43 +0200] "GET /segelkurs-jollesmartkat.shtml HTTP/1.1" 200 19993
244.pool85-59-110.dynamic.orange.es - - [15/Oct/2017:03:58:43 +0200] "GET /segel-grundkurs.shtml HTTP/1.1" 200 21440
244.pool85-59-110.dynamic.orange.es - - [15/Oct/2017:03:58:44 +0200] "GET /vermietung.shtml HTTP/1.1" 200 25728
244.pool85-59-110.dynamic.orange.es - - [15/Oct/2017:03:58:44 +0200] "GET /js/functions_stripped.js?v=6.6.7.2.41064 HTTP/1.1" 200 7672
244.pool85-59-110.dynamic.orange.es - - [15/Oct/2017:03:58:44 +0200] "GET /Perspectiva.html? HTTP/1.1" 200 18069
244.pool85-59-110.dynamic.orange.es - - [15/Oct/2017:03:58:45 +0200] "GET /js/jquery.lazyload.min.js?v=6.6.7.2.41064 HTTP/1.1" 200 3342
244.pool85-59-110.dynamic.orange.es - - [15/Oct/2017:03:58:45 +0200] "GET /aktuelles-wetter HTTP/1.1" 200 18388
244.pool85-59-110.dynamic.orange.es - - [15/Oct/2017:03:58:45 +0200] "GET /davosersee HTTP/1.1" 200 19505
244.pool85-59-110.dynamic.orange.es - - [15/Oct/2017:03:58:46 +0200] "GET /events HTTP/1.1" 200 22514
244.pool85-59-110.dynamic.orange.es - - [15/Oct/2017:03:58:46 +0200] "GET /event-gruppesmartkat HTTP/1.1" 200 21256
244.pool85-59-110.dynamic.orange.es - - [15/Oct/2017:03:58:46 +0200] "GET /flotte HTTP/1.1" 200 29385
244.pool85-59-110.dynamic.orange.es - - [15/Oct/2017:03:58:46 +0200] "GET /event-pedalo HTTP/1.1" 200 20248
244.pool85-59-110.dynamic.orange.es - - [15/Oct/2017:03:58:46 +0200] "GET /event-matchracing HTTP/1.1" 200 21251
244.pool85-59-110.dynamic.orange.es - - [15/Oct/2017:03:58:47 +0200] "GET /galerie-gruppesmartkat HTTP/1.1" 200 20574
malta2970.startdedicated.de - - [15/Oct/2017:03:58:47 +0200] "GET /var/m_0/0d/0dd/12455/6564729-G3_SKT2015_55.jpg HTTP/1.1" 200 88744
244.pool85-59-110.dynamic.orange.es - - [15/Oct/2017:03:58:47 +0200] "GET /galerie-matchracing HTTP/1.1" 200 21704
244.pool85-59-110.dynamic.orange.es - - [15/Oct/2017:03:58:47 +0200] "GET /galerie-sktrophy-2014 HTTP/1.1" 200 29913
244.pool85-59-110.dynamic.orange.es - - [15/Oct/2017:03:58:48 +0200] "GET /galerie HTTP/1.1" 200 22747
244.pool85-59-110.dynamic.orange.es - - [15/Oct/2017:03:58:48 +0200] "GET /galerie-sktrophy-2015 HTTP/1.1" 200 49420
244.pool85-59-110.dynamic.orange.es - - [15/Oct/2017:03:58:48 +0200] "GET /kinder-segelkurs HTTP/1.1" 200 19898
244.pool85-59-110.dynamic.orange.es - - [15/Oct/2017:03:58:49 +0200] "GET /kurse HTTP/1.1" 200 31031
244.pool85-59-110.dynamic.orange.es - - [15/Oct/2017:03:58:49 +0200] "GET /optikurse-2014 HTTP/1.1" 200 26353
244.pool85-59-110.dynamic.orange.es - - [15/Oct/2017:03:58:49 +0200] "GET /pruefungskurs HTTP/1.1" 200 23039
