crawl-66-249-64-13.googlebot.com - - [25/Sep/2017:01:12:24 +0200] "GET / HTTP/1.1" 200 6440
46-118-158-19.broadband.kyivstar.net - - [25/Sep/2017:01:14:20 +0200] "GET / HTTP/1.1" 200 35804
46-118-158-19.broadband.kyivstar.net - - [25/Sep/2017:01:14:21 +0200] "GET / HTTP/1.1" 200 35804
46-118-158-19.broadband.kyivstar.net - - [25/Sep/2017:01:14:21 +0200] "GET / HTTP/1.1" 200 35804
crawl-66-249-64-3.googlebot.com - - [25/Sep/2017:01:15:08 +0200] "GET /robots.txt HTTP/1.1" 200 80
crawl-66-249-64-3.googlebot.com - - [25/Sep/2017:01:15:08 +0200] "GET / HTTP/1.1" 200 6401
static.197.64.4.46.clients.your-server.de - - [25/Sep/2017:01:45:54 +0200] "GET / HTTP/1.1" 200 6440
static.197.64.4.46.clients.your-server.de - - [25/Sep/2017:01:45:56 +0200] "GET /robots.txt HTTP/1.1" 200 80
static.197.64.4.46.clients.your-server.de - - [25/Sep/2017:01:45:58 +0200] "GET /davosersee.shtml HTTP/1.1" 200 5477
static.197.64.4.46.clients.your-server.de - - [25/Sep/2017:01:46:00 +0200] "GET /kurse.shtml HTTP/1.1" 200 6280
static.197.64.4.46.clients.your-server.de - - [25/Sep/2017:01:46:02 +0200] "GET /kinder-segelkurs.shtml HTTP/1.1" 200 5171
static.197.64.4.46.clients.your-server.de - - [25/Sep/2017:01:46:04 +0200] "GET /segelkurs-jollesmartkat.shtml HTTP/1.1" 200 5139
static.197.64.4.46.clients.your-server.de - - [25/Sep/2017:01:46:06 +0200] "GET /smartkat-crashkurs.shtml HTTP/1.1" 200 4808
static.197.64.4.46.clients.your-server.de - - [25/Sep/2017:01:46:07 +0200] "GET /segel-grundkurs.shtml HTTP/1.1" 200 5378
static.197.64.4.46.clients.your-server.de - - [25/Sep/2017:01:46:08 +0200] "GET /pruefungskurs.shtml HTTP/1.1" 200 5895
static.197.64.4.46.clients.your-server.de - - [25/Sep/2017:01:46:10 +0200] "GET /events.shtml HTTP/1.1" 200 5297
static.197.64.4.46.clients.your-server.de - - [25/Sep/2017:01:46:12 +0200] "GET /event-gruppesmartkat.shtml HTTP/1.1" 200 5645
static.197.64.4.46.clients.your-server.de - - [25/Sep/2017:01:46:13 +0200] "GET /event-matchracing.shtml HTTP/1.1" 200 5634
static.197.64.4.46.clients.your-server.de - - [25/Sep/2017:01:46:15 +0200] "GET /event-pedalo.shtml HTTP/1.1" 200 5342
static.197.64.4.46.clients.your-server.de - - [25/Sep/2017:01:46:17 +0200] "GET /flotte.shtml HTTP/1.1" 200 6274
static.197.64.4.46.clients.your-server.de - - [25/Sep/2017:01:46:18 +0200] "GET /vermietung.shtml HTTP/1.1" 200 5099
static.197.64.4.46.clients.your-server.de - - [25/Sep/2017:01:46:20 +0200] "GET /galerie.shtml HTTP/1.1" 200 4483
static.197.64.4.46.clients.your-server.de - - [25/Sep/2017:01:46:23 +0200] "GET /galerie-sktrophy-2015.shtml HTTP/1.1" 200 5939
static.197.64.4.46.clients.your-server.de - - [25/Sep/2017:01:46:24 +0200] "GET /galerie-matchracing.shtml HTTP/1.1" 200 4859
static.197.64.4.46.clients.your-server.de - - [25/Sep/2017:01:46:29 +0200] "GET /galerie-gruppesmartkat.shtml HTTP/1.1" 200 4863
static.197.64.4.46.clients.your-server.de - - [25/Sep/2017:01:46:34 +0200] "GET /galerie-sktrophy-2014.shtml HTTP/1.1" 200 5044
static.197.64.4.46.clients.your-server.de - - [25/Sep/2017:01:46:36 +0200] "GET /optikurse-2014.shtml HTTP/1.1" 200 4938
static.197.64.4.46.clients.your-server.de - - [25/Sep/2017:01:46:37 +0200] "GET /%C3%BCber-uns.shtml HTTP/1.1" 200 4740
static.197.64.4.46.clients.your-server.de - - [25/Sep/2017:01:46:39 +0200] "GET /standort.shtml HTTP/1.1" 200 4717
static.197.64.4.46.clients.your-server.de - - [25/Sep/2017:01:46:40 +0200] "GET /kursanmeldung.shtml HTTP/1.1" 200 10952
static.197.64.4.46.clients.your-server.de - - [25/Sep/2017:01:46:42 +0200] "GET /aktuelles-wetter.shtml HTTP/1.1" 200 4575
static.197.64.4.46.clients.your-server.de - - [25/Sep/2017:01:46:44 +0200] "GET /davosersee HTTP/1.1" 200 5477
static.197.64.4.46.clients.your-server.de - - [25/Sep/2017:01:46:46 +0200] "GET /kurse HTTP/1.1" 200 6281
static.197.64.4.46.clients.your-server.de - - [25/Sep/2017:01:46:48 +0200] "GET /kinder-segelkurs HTTP/1.1" 200 5172
static.197.64.4.46.clients.your-server.de - - [25/Sep/2017:01:46:49 +0200] "GET /segelkurs-jollesmartkat HTTP/1.1" 200 5140
static.197.64.4.46.clients.your-server.de - - [25/Sep/2017:01:46:51 +0200] "GET /smartkat-crashkurs HTTP/1.1" 200 4808
static.197.64.4.46.clients.your-server.de - - [25/Sep/2017:01:46:53 +0200] "GET /segel-grundkurs HTTP/1.1" 200 5378
static.197.64.4.46.clients.your-server.de - - [25/Sep/2017:01:46:56 +0200] "GET /pruefungskurs HTTP/1.1" 200 5895
static.197.64.4.46.clients.your-server.de - - [25/Sep/2017:01:46:57 +0200] "GET /events HTTP/1.1" 200 5296
static.197.64.4.46.clients.your-server.de - - [25/Sep/2017:01:46:58 +0200] "GET /event-gruppesmartkat HTTP/1.1" 200 5645
static.197.64.4.46.clients.your-server.de - - [25/Sep/2017:01:47:00 +0200] "GET /event-matchracing HTTP/1.1" 200 5634
static.197.64.4.46.clients.your-server.de - - [25/Sep/2017:01:47:02 +0200] "GET /event-pedalo HTTP/1.1" 200 5342
static.197.64.4.46.clients.your-server.de - - [25/Sep/2017:01:47:03 +0200] "GET /flotte HTTP/1.1" 200 6274
static.197.64.4.46.clients.your-server.de - - [25/Sep/2017:01:47:05 +0200] "GET /vermietung HTTP/1.1" 200 5100
static.197.64.4.46.clients.your-server.de - - [25/Sep/2017:01:47:09 +0200] "GET /galerie HTTP/1.1" 200 4483
static.197.64.4.46.clients.your-server.de - - [25/Sep/2017:01:47:16 +0200] "GET /galerie-sktrophy-2015 HTTP/1.1" 200 5939
static.197.64.4.46.clients.your-server.de - - [25/Sep/2017:01:47:18 +0200] "GET /galerie-matchracing HTTP/1.1" 200 4859
static.197.64.4.46.clients.your-server.de - - [25/Sep/2017:01:47:20 +0200] "GET /galerie-gruppesmartkat HTTP/1.1" 200 4863
static.197.64.4.46.clients.your-server.de - - [25/Sep/2017:01:47:21 +0200] "GET /galerie-sktrophy-2014 HTTP/1.1" 200 5044
static.197.64.4.46.clients.your-server.de - - [25/Sep/2017:01:47:23 +0200] "GET /optikurse-2014 HTTP/1.1" 200 4938
static.197.64.4.46.clients.your-server.de - - [25/Sep/2017:01:47:25 +0200] "GET /%C3%BCber-uns HTTP/1.1" 200 4741
static.197.64.4.46.clients.your-server.de - - [25/Sep/2017:01:47:27 +0200] "GET /standort HTTP/1.1" 200 4717
static.197.64.4.46.clients.your-server.de - - [25/Sep/2017:01:47:30 +0200] "GET /aktuelles-wetter HTTP/1.1" 200 4575
107.150.58.196 - - [25/Sep/2017:01:51:54 +0200] "GET /wp-login.php HTTP/1.1" 200 18069
107.150.58.196 - - [25/Sep/2017:01:51:55 +0200] "GET /wp-login.php HTTP/1.1" 200 18069
107.150.58.196 - - [25/Sep/2017:01:51:56 +0200] "GET /wp-login.php HTTP/1.1" 200 18069
