64.62.252.163 - - [10/Nov/2017:05:03:04 +0100] "GET / HTTP/1.1" 200 6440
64.62.252.163 - - [10/Nov/2017:05:03:04 +0100] "GET /robots.txt HTTP/1.1" 200 80
123.125.67.165 - - [10/Nov/2017:05:03:08 +0100] "GET /robots.txt HTTP/1.1" 200 80
baiduspider-123-125-71-58.crawl.baidu.com - - [10/Nov/2017:05:03:56 +0100] "GET /templates/resellers/7/favicon.ico?v=1498505839 HTTP/1.1" 200 4286
70-138-201-1.lightspeed.hstntx.sbcglobal.net - - [10/Nov/2017:05:09:12 +0100] "GET / HTTP/1.1" 200 35804
70-138-201-1.lightspeed.hstntx.sbcglobal.net - - [10/Nov/2017:05:09:17 +0100] "GET /%C3%BCber-uns.shtml HTTP/1.1" 200 21862
70-138-201-1.lightspeed.hstntx.sbcglobal.net - - [10/Nov/2017:05:09:19 +0100] "GET /aktuelles-wetter.shtml HTTP/1.1" 200 18388
70-138-201-1.lightspeed.hstntx.sbcglobal.net - - [10/Nov/2017:05:09:21 +0100] "GET /davosersee.shtml HTTP/1.1" 200 19505
70-138-201-1.lightspeed.hstntx.sbcglobal.net - - [10/Nov/2017:05:09:22 +0100] "GET /event-gruppesmartkat.shtml HTTP/1.1" 200 21256
70-138-201-1.lightspeed.hstntx.sbcglobal.net - - [10/Nov/2017:05:09:24 +0100] "GET /event-matchracing.shtml HTTP/1.1" 200 21251
70-138-201-1.lightspeed.hstntx.sbcglobal.net - - [10/Nov/2017:05:09:25 +0100] "GET /event-pedalo.shtml HTTP/1.1" 200 20248
70-138-201-1.lightspeed.hstntx.sbcglobal.net - - [10/Nov/2017:05:09:27 +0100] "GET /events.shtml HTTP/1.1" 200 22514
70-138-201-1.lightspeed.hstntx.sbcglobal.net - - [10/Nov/2017:05:09:28 +0100] "GET /flotte.shtml HTTP/1.1" 200 29241
70-138-201-1.lightspeed.hstntx.sbcglobal.net - - [10/Nov/2017:05:09:31 +0100] "GET /galerie-gruppesmartkat.shtml HTTP/1.1" 200 20574
70-138-201-1.lightspeed.hstntx.sbcglobal.net - - [10/Nov/2017:05:09:32 +0100] "GET /galerie-matchracing.shtml HTTP/1.1" 200 21704
70-138-201-1.lightspeed.hstntx.sbcglobal.net - - [10/Nov/2017:05:09:35 +0100] "GET /galerie-sktrophy-2014.shtml HTTP/1.1" 200 29913
70-138-201-1.lightspeed.hstntx.sbcglobal.net - - [10/Nov/2017:05:09:37 +0100] "GET /galerie-sktrophy-2015.shtml HTTP/1.1" 200 49420
70-138-201-1.lightspeed.hstntx.sbcglobal.net - - [10/Nov/2017:05:09:41 +0100] "GET /galerie.shtml HTTP/1.1" 200 22747
70-138-201-1.lightspeed.hstntx.sbcglobal.net - - [10/Nov/2017:05:09:43 +0100] "GET /kinder-segelkurs.shtml HTTP/1.1" 200 19898
70-138-201-1.lightspeed.hstntx.sbcglobal.net - - [10/Nov/2017:05:09:44 +0100] "GET /kursanmeldung.shtml HTTP/1.1" 200 49926
70-138-201-1.lightspeed.hstntx.sbcglobal.net - - [10/Nov/2017:05:09:47 +0100] "GET /kurse.shtml HTTP/1.1" 200 31031
70-138-201-1.lightspeed.hstntx.sbcglobal.net - - [10/Nov/2017:05:09:49 +0100] "GET /optikurse-2014.shtml HTTP/1.1" 200 26353
70-138-201-1.lightspeed.hstntx.sbcglobal.net - - [10/Nov/2017:05:09:51 +0100] "GET /pruefungskurs.shtml HTTP/1.1" 200 23039
70-138-201-1.lightspeed.hstntx.sbcglobal.net - - [10/Nov/2017:05:09:52 +0100] "GET /segel-grundkurs.shtml HTTP/1.1" 200 21440
70-138-201-1.lightspeed.hstntx.sbcglobal.net - - [10/Nov/2017:05:09:53 +0100] "GET /segelkurs-jollesmartkat.shtml HTTP/1.1" 200 19993
70-138-201-1.lightspeed.hstntx.sbcglobal.net - - [10/Nov/2017:05:09:55 +0100] "GET /smartkat-crashkurs.shtml HTTP/1.1" 200 17863
70-138-201-1.lightspeed.hstntx.sbcglobal.net - - [10/Nov/2017:05:09:57 +0100] "GET /standort.shtml HTTP/1.1" 200 17547
70-138-201-1.lightspeed.hstntx.sbcglobal.net - - [10/Nov/2017:05:09:58 +0100] "GET /vermietung.shtml HTTP/1.1" 200 25728
70-138-201-1.lightspeed.hstntx.sbcglobal.net - - [10/Nov/2017:05:10:00 +0100] "GET /js/functions_stripped.js?v=6.6.7.2.41064 HTTP/1.1" 200 7672
70-138-201-1.lightspeed.hstntx.sbcglobal.net - - [10/Nov/2017:05:10:01 +0100] "GET /Perspectiva.html? HTTP/1.1" 200 18069
70-138-201-1.lightspeed.hstntx.sbcglobal.net - - [10/Nov/2017:05:10:02 +0100] "GET /js/jquery.lazyload.min.js?v=6.6.7.2.41064 HTTP/1.1" 200 3342
70-138-201-1.lightspeed.hstntx.sbcglobal.net - - [10/Nov/2017:05:10:04 +0100] "GET /aktuelles-wetter HTTP/1.1" 200 18388
70-138-201-1.lightspeed.hstntx.sbcglobal.net - - [10/Nov/2017:05:10:05 +0100] "GET /davosersee HTTP/1.1" 200 19505
70-138-201-1.lightspeed.hstntx.sbcglobal.net - - [10/Nov/2017:05:10:06 +0100] "GET /event-matchracing HTTP/1.1" 200 21251
70-138-201-1.lightspeed.hstntx.sbcglobal.net - - [10/Nov/2017:05:10:06 +0100] "GET /event-gruppesmartkat HTTP/1.1" 200 21256
70-138-201-1.lightspeed.hstntx.sbcglobal.net - - [10/Nov/2017:05:10:07 +0100] "GET /event-pedalo HTTP/1.1" 200 20248
70-138-201-1.lightspeed.hstntx.sbcglobal.net - - [10/Nov/2017:05:10:07 +0100] "GET /events HTTP/1.1" 200 22514
70-138-201-1.lightspeed.hstntx.sbcglobal.net - - [10/Nov/2017:05:10:09 +0100] "GET /flotte HTTP/1.1" 200 29385
70-138-201-1.lightspeed.hstntx.sbcglobal.net - - [10/Nov/2017:05:10:09 +0100] "GET /galerie-gruppesmartkat HTTP/1.1" 200 20574
70-138-201-1.lightspeed.hstntx.sbcglobal.net - - [10/Nov/2017:05:10:10 +0100] "GET /galerie-matchracing HTTP/1.1" 200 21704
70-138-201-1.lightspeed.hstntx.sbcglobal.net - - [10/Nov/2017:05:10:10 +0100] "GET /galerie-sktrophy-2014 HTTP/1.1" 200 29913
70-138-201-1.lightspeed.hstntx.sbcglobal.net - - [10/Nov/2017:05:10:11 +0100] "GET /galerie-sktrophy-2015 HTTP/1.1" 200 49420
70-138-201-1.lightspeed.hstntx.sbcglobal.net - - [10/Nov/2017:05:10:12 +0100] "GET /galerie HTTP/1.1" 200 22747
70-138-201-1.lightspeed.hstntx.sbcglobal.net - - [10/Nov/2017:05:10:13 +0100] "GET /kinder-segelkurs HTTP/1.1" 200 19898
70-138-201-1.lightspeed.hstntx.sbcglobal.net - - [10/Nov/2017:05:10:14 +0100] "GET /kurse HTTP/1.1" 200 31031
70-138-201-1.lightspeed.hstntx.sbcglobal.net - - [10/Nov/2017:05:10:18 +0100] "GET /optikurse-2014 HTTP/1.1" 200 26353
70-138-201-1.lightspeed.hstntx.sbcglobal.net - - [10/Nov/2017:05:10:19 +0100] "GET /pruefungskurs HTTP/1.1" 200 23039
hydrogen079.a.ahrefs.com - - [10/Nov/2017:05:27:50 +0100] "GET /images/Wind/Temp?Windchill_Juli-Sept.pdf HTTP/1.1" 200 4296
msnbot-207-46-13-203.search.msn.com - - [10/Nov/2017:05:41:54 +0100] "GET /robots.txt HTTP/1.1" 200 80
msnbot-40-77-167-41.search.msn.com - - [10/Nov/2017:05:42:16 +0100] "GET /davosersee.shtml HTTP/1.1" 200 5477
