b118839.yse.yahoo.net - - [07/Oct/2017:04:01:04 +0200] "GET /flotte.shtml HTTP/1.1" 200 6274
msnbot-207-46-13-63.search.msn.com - - [07/Oct/2017:04:05:59 +0200] "GET /event-matchracing HTTP/1.1" 200 5634
msnbot-40-77-167-5.search.msn.com - - [07/Oct/2017:04:15:48 +0200] "GET /aktuelles-wetter HTTP/1.1" 200 4575
ip133.ip-144-217-213.net - - [07/Oct/2017:04:51:18 +0200] "GET / HTTP/1.1" 200 35804
ip133.ip-144-217-213.net - - [07/Oct/2017:04:51:19 +0200] "GET /events.shtml HTTP/1.1" 200 22514
ip133.ip-144-217-213.net - - [07/Oct/2017:04:51:20 +0200] "GET /kurse.shtml HTTP/1.1" 200 31031
ip133.ip-144-217-213.net - - [07/Oct/2017:04:51:20 +0200] "GET /galerie.shtml HTTP/1.1" 200 22747
ip133.ip-144-217-213.net - - [07/Oct/2017:04:51:21 +0200] "GET /vermietung.shtml HTTP/1.1" 200 25728
ip133.ip-144-217-213.net - - [07/Oct/2017:04:51:22 +0200] "GET /galerie-matchracing.shtml HTTP/1.1" 200 21704
ip133.ip-144-217-213.net - - [07/Oct/2017:04:51:22 +0200] "GET /event-gruppesmartkat.shtml HTTP/1.1" 200 21256
ip133.ip-144-217-213.net - - [07/Oct/2017:04:51:22 +0200] "GET /event-pedalo.shtml HTTP/1.1" 200 20248
ip133.ip-144-217-213.net - - [07/Oct/2017:04:51:22 +0200] "GET /galerie-gruppesmartkat.shtml HTTP/1.1" 200 20574
ip133.ip-144-217-213.net - - [07/Oct/2017:04:51:22 +0200] "GET /event-matchracing.shtml HTTP/1.1" 200 21251
ip133.ip-144-217-213.net - - [07/Oct/2017:04:51:23 +0200] "GET /galerie-sktrophy-2015.shtml HTTP/1.1" 200 49420
ip133.ip-144-217-213.net - - [07/Oct/2017:04:51:23 +0200] "GET /kinder-segelkurs.shtml HTTP/1.1" 200 19898
ip133.ip-144-217-213.net - - [07/Oct/2017:04:51:23 +0200] "GET /optikurse-2014.shtml HTTP/1.1" 200 26353
ip133.ip-144-217-213.net - - [07/Oct/2017:04:51:23 +0200] "GET /galerie-sktrophy-2014.shtml HTTP/1.1" 200 29913
ip133.ip-144-217-213.net - - [07/Oct/2017:04:51:23 +0200] "GET /segel-grundkurs.shtml HTTP/1.1" 200 21440
ip133.ip-144-217-213.net - - [07/Oct/2017:04:51:23 +0200] "GET /pruefungskurs.shtml HTTP/1.1" 200 23039
ip133.ip-144-217-213.net - - [07/Oct/2017:04:51:24 +0200] "GET /js/functions_stripped.js?v=6.6.7.2.41064 HTTP/1.1" 200 7672
ip133.ip-144-217-213.net - - [07/Oct/2017:04:51:24 +0200] "GET /Perspectiva.html? HTTP/1.1" 200 18069
ip133.ip-144-217-213.net - - [07/Oct/2017:04:51:24 +0200] "GET /smartkat-crashkurs.shtml HTTP/1.1" 200 17863
ip133.ip-144-217-213.net - - [07/Oct/2017:04:51:24 +0200] "GET /flotte.shtml HTTP/1.1" 200 29241
ip133.ip-144-217-213.net - - [07/Oct/2017:04:51:24 +0200] "GET /segelkurs-jollesmartkat.shtml HTTP/1.1" 200 19993
ip133.ip-144-217-213.net - - [07/Oct/2017:04:51:24 +0200] "GET /js/jquery.lazyload.min.js?v=6.6.7.2.41064 HTTP/1.1" 200 3342
ip133.ip-144-217-213.net - - [07/Oct/2017:04:51:25 +0200] "GET /event-matchracing HTTP/1.1" 200 21251
ip133.ip-144-217-213.net - - [07/Oct/2017:04:51:25 +0200] "GET /aktuelles-wetter HTTP/1.1" 200 18388
ip133.ip-144-217-213.net - - [07/Oct/2017:04:51:25 +0200] "GET /js/).html(a);null==$( HTTP/1.1" 200 219
ip133.ip-144-217-213.net - - [07/Oct/2017:04:51:25 +0200] "GET /event-gruppesmartkat HTTP/1.1" 200 21256
ip133.ip-144-217-213.net - - [07/Oct/2017:04:51:25 +0200] "GET /davosersee HTTP/1.1" 200 19505
ip133.ip-144-217-213.net - - [07/Oct/2017:04:51:26 +0200] "GET /flotte HTTP/1.1" 200 29385
ip133.ip-144-217-213.net - - [07/Oct/2017:04:51:26 +0200] "GET /event-pedalo HTTP/1.1" 200 20248
ip133.ip-144-217-213.net - - [07/Oct/2017:04:51:26 +0200] "GET /events HTTP/1.1" 200 22514
