static.197.64.4.46.clients.your-server.de - - [04/Nov/2017:21:02:50 +0100] "GET / HTTP/1.1" 200 6440
static.197.64.4.46.clients.your-server.de - - [04/Nov/2017:21:02:51 +0100] "GET /robots.txt HTTP/1.1" 200 80
static.197.64.4.46.clients.your-server.de - - [04/Nov/2017:21:02:53 +0100] "GET /davosersee.shtml HTTP/1.1" 200 5477
static.197.64.4.46.clients.your-server.de - - [04/Nov/2017:21:02:55 +0100] "GET /kurse.shtml HTTP/1.1" 200 6280
static.197.64.4.46.clients.your-server.de - - [04/Nov/2017:21:02:57 +0100] "GET /kinder-segelkurs.shtml HTTP/1.1" 200 5171
static.197.64.4.46.clients.your-server.de - - [04/Nov/2017:21:02:59 +0100] "GET /segelkurs-jollesmartkat.shtml HTTP/1.1" 200 5139
static.197.64.4.46.clients.your-server.de - - [04/Nov/2017:21:03:01 +0100] "GET /smartkat-crashkurs.shtml HTTP/1.1" 200 4808
static.197.64.4.46.clients.your-server.de - - [04/Nov/2017:21:03:03 +0100] "GET /segel-grundkurs.shtml HTTP/1.1" 200 5378
static.197.64.4.46.clients.your-server.de - - [04/Nov/2017:21:03:04 +0100] "GET /pruefungskurs.shtml HTTP/1.1" 200 5895
static.197.64.4.46.clients.your-server.de - - [04/Nov/2017:21:03:06 +0100] "GET /events.shtml HTTP/1.1" 200 5297
static.197.64.4.46.clients.your-server.de - - [04/Nov/2017:21:03:09 +0100] "GET /event-gruppesmartkat.shtml HTTP/1.1" 200 5645
static.197.64.4.46.clients.your-server.de - - [04/Nov/2017:21:03:10 +0100] "GET /event-matchracing.shtml HTTP/1.1" 200 5634
static.197.64.4.46.clients.your-server.de - - [04/Nov/2017:21:03:12 +0100] "GET /event-pedalo.shtml HTTP/1.1" 200 5342
static.197.64.4.46.clients.your-server.de - - [04/Nov/2017:21:03:13 +0100] "GET /flotte.shtml HTTP/1.1" 200 6274
static.197.64.4.46.clients.your-server.de - - [04/Nov/2017:21:03:15 +0100] "GET /vermietung.shtml HTTP/1.1" 200 5099
static.197.64.4.46.clients.your-server.de - - [04/Nov/2017:21:03:17 +0100] "GET /galerie.shtml HTTP/1.1" 200 4483
static.197.64.4.46.clients.your-server.de - - [04/Nov/2017:21:03:19 +0100] "GET /galerie-sktrophy-2015.shtml HTTP/1.1" 200 5939
static.197.64.4.46.clients.your-server.de - - [04/Nov/2017:21:03:21 +0100] "GET /galerie-matchracing.shtml HTTP/1.1" 200 4859
static.197.64.4.46.clients.your-server.de - - [04/Nov/2017:21:03:22 +0100] "GET /galerie-gruppesmartkat.shtml HTTP/1.1" 200 4863
static.197.64.4.46.clients.your-server.de - - [04/Nov/2017:21:03:23 +0100] "GET /galerie-sktrophy-2014.shtml HTTP/1.1" 200 5044
static.197.64.4.46.clients.your-server.de - - [04/Nov/2017:21:03:24 +0100] "GET /optikurse-2014.shtml HTTP/1.1" 200 4938
static.197.64.4.46.clients.your-server.de - - [04/Nov/2017:21:03:26 +0100] "GET /%C3%BCber-uns.shtml HTTP/1.1" 200 4740
static.197.64.4.46.clients.your-server.de - - [04/Nov/2017:21:03:28 +0100] "GET /standort.shtml HTTP/1.1" 200 4717
static.197.64.4.46.clients.your-server.de - - [04/Nov/2017:21:03:29 +0100] "GET /kursanmeldung.shtml HTTP/1.1" 200 10952
static.197.64.4.46.clients.your-server.de - - [04/Nov/2017:21:03:31 +0100] "GET /aktuelles-wetter.shtml HTTP/1.1" 200 4575
static.197.64.4.46.clients.your-server.de - - [04/Nov/2017:21:03:32 +0100] "GET /davosersee HTTP/1.1" 200 5477
static.197.64.4.46.clients.your-server.de - - [04/Nov/2017:21:03:34 +0100] "GET /kurse HTTP/1.1" 200 6281
static.197.64.4.46.clients.your-server.de - - [04/Nov/2017:21:03:38 +0100] "GET /kinder-segelkurs HTTP/1.1" 200 5172
static.197.64.4.46.clients.your-server.de - - [04/Nov/2017:21:03:40 +0100] "GET /segelkurs-jollesmartkat HTTP/1.1" 200 5140
static.197.64.4.46.clients.your-server.de - - [04/Nov/2017:21:03:42 +0100] "GET /smartkat-crashkurs HTTP/1.1" 200 4808
static.197.64.4.46.clients.your-server.de - - [04/Nov/2017:21:03:43 +0100] "GET /segel-grundkurs HTTP/1.1" 200 5378
static.197.64.4.46.clients.your-server.de - - [04/Nov/2017:21:03:46 +0100] "GET /pruefungskurs HTTP/1.1" 200 5895
static.197.64.4.46.clients.your-server.de - - [04/Nov/2017:21:03:47 +0100] "GET /events HTTP/1.1" 200 5296
static.197.64.4.46.clients.your-server.de - - [04/Nov/2017:21:03:49 +0100] "GET /event-gruppesmartkat HTTP/1.1" 200 5645
static.197.64.4.46.clients.your-server.de - - [04/Nov/2017:21:03:51 +0100] "GET /event-matchracing HTTP/1.1" 200 5634
static.197.64.4.46.clients.your-server.de - - [04/Nov/2017:21:03:52 +0100] "GET /event-pedalo HTTP/1.1" 200 5342
static.197.64.4.46.clients.your-server.de - - [04/Nov/2017:21:03:54 +0100] "GET /flotte HTTP/1.1" 200 6274
static.197.64.4.46.clients.your-server.de - - [04/Nov/2017:21:03:55 +0100] "GET /vermietung HTTP/1.1" 200 5100
static.197.64.4.46.clients.your-server.de - - [04/Nov/2017:21:03:57 +0100] "GET /galerie HTTP/1.1" 200 4483
static.197.64.4.46.clients.your-server.de - - [04/Nov/2017:21:04:00 +0100] "GET /galerie-sktrophy-2015 HTTP/1.1" 200 5939
static.197.64.4.46.clients.your-server.de - - [04/Nov/2017:21:04:02 +0100] "GET /galerie-matchracing HTTP/1.1" 200 4859
static.197.64.4.46.clients.your-server.de - - [04/Nov/2017:21:04:03 +0100] "GET /galerie-gruppesmartkat HTTP/1.1" 200 4863
static.197.64.4.46.clients.your-server.de - - [04/Nov/2017:21:04:05 +0100] "GET /galerie-sktrophy-2014 HTTP/1.1" 200 5044
static.197.64.4.46.clients.your-server.de - - [04/Nov/2017:21:04:08 +0100] "GET /optikurse-2014 HTTP/1.1" 200 4938
static.197.64.4.46.clients.your-server.de - - [04/Nov/2017:21:04:10 +0100] "GET /%C3%BCber-uns HTTP/1.1" 200 4741
static.197.64.4.46.clients.your-server.de - - [04/Nov/2017:21:04:11 +0100] "GET /standort HTTP/1.1" 200 4717
static.197.64.4.46.clients.your-server.de - - [04/Nov/2017:21:04:13 +0100] "GET /aktuelles-wetter HTTP/1.1" 200 4575
hydrogen004.a.ahrefs.com - - [04/Nov/2017:21:59:01 +0100] "GET /var/m_0/0d/0dd/12455/7230934-G4_Event_SK_02.jpg HTTP/1.1" 200 93553
