crawl-66-249-64-30.googlebot.com - - [05/Nov/2017:18:09:47 +0100] "GET / HTTP/1.1" 200 6401
crawl-66-249-64-29.googlebot.com - - [05/Nov/2017:18:18:57 +0100] "GET /gallery/displayimage.php?album=4&pos=37 HTTP/1.1" 200 191
46.229.164.99 - - [05/Nov/2017:18:37:11 +0100] "GET /robots.txt HTTP/1.1" 200 80
233.180.202.62.dynamic.cgnat.res.cust.swisscom.ch - - [05/Nov/2017:18:53:11 +0100] "GET /kinder-segelkurs HTTP/1.1" 200 5172
233.180.202.62.dynamic.cgnat.res.cust.swisscom.ch - - [05/Nov/2017:18:53:12 +0100] "GET /templates/creator/m_f/fa/fa7/164/css/main.min.css?v=1483633820 HTTP/1.1" 200 1797
233.180.202.62.dynamic.cgnat.res.cust.swisscom.ch - - [05/Nov/2017:18:53:12 +0100] "GET /js/functions_stripped.js?v=6.6.7.2.41064 HTTP/1.1" 200 3186
233.180.202.62.dynamic.cgnat.res.cust.swisscom.ch - - [05/Nov/2017:18:53:12 +0100] "GET /templates/resellers/7/favicon.ico?v=1506147175 HTTP/1.1" 200 4286
233.180.202.62.dynamic.cgnat.res.cust.swisscom.ch - - [05/Nov/2017:18:53:12 +0100] "GET /css/skeleton.css HTTP/1.1" 200 3511
233.180.202.62.dynamic.cgnat.res.cust.swisscom.ch - - [05/Nov/2017:18:53:12 +0100] "GET /js/footer/get_deps.min.js?v=6.6.7.2.41064 HTTP/1.1" 200 157
233.180.202.62.dynamic.cgnat.res.cust.swisscom.ch - - [05/Nov/2017:18:53:12 +0100] "GET /css/widgets/concat_widget.min.css?v=6.6.7.2.41064 HTTP/1.1" 200 24507
233.180.202.62.dynamic.cgnat.res.cust.swisscom.ch - - [05/Nov/2017:18:53:12 +0100] "GET /templates/creator/m_f/fa/fa7/164/assets/wp-menu.js?v=1483633820 HTTP/1.1" 200 1089
233.180.202.62.dynamic.cgnat.res.cust.swisscom.ch - - [05/Nov/2017:18:53:12 +0100] "GET /templates/creator/m_f/fa/fa7/164/assets/respond.min.js?v=1483633820 HTTP/1.1" 200 2085
233.180.202.62.dynamic.cgnat.res.cust.swisscom.ch - - [05/Nov/2017:18:53:12 +0100] "GET /var/m_0/0d/0dd/12455/143352-Header_Segelschule_2.jpg HTTP/1.1" 200 107532
233.180.202.62.dynamic.cgnat.res.cust.swisscom.ch - - [05/Nov/2017:18:53:12 +0100] "GET /js/footer/build_social_entries.min.js?v=6.6.7.2.41064 HTTP/1.1" 200 278
233.180.202.62.dynamic.cgnat.res.cust.swisscom.ch - - [05/Nov/2017:18:53:12 +0100] "GET /templates/creator/m_f/fa/fa7/164/assets/slide.js?v=1483633820 HTTP/1.1" 200 662
233.180.202.62.dynamic.cgnat.res.cust.swisscom.ch - - [05/Nov/2017:18:53:12 +0100] "GET /templates/creator/m_f/fa/fa7/164/css/style.min.css?v=1483633820 HTTP/1.1" 200 847
233.180.202.62.dynamic.cgnat.res.cust.swisscom.ch - - [05/Nov/2017:18:54:01 +0100] "GET /flotte.shtml HTTP/1.1" 200 6274
233.180.202.62.dynamic.cgnat.res.cust.swisscom.ch - - [05/Nov/2017:18:54:02 +0100] "GET /templates/resellers/7/favicon.ico?v=1506147120 HTTP/1.1" 200 4286
233.180.202.62.dynamic.cgnat.res.cust.swisscom.ch - - [05/Nov/2017:18:54:02 +0100] "GET /var/m_0/0d/0dd/12455/125499-32_Smartkat.JPG HTTP/1.1" 200 60966
233.180.202.62.dynamic.cgnat.res.cust.swisscom.ch - - [05/Nov/2017:18:54:02 +0100] "GET /var/m_0/0d/0dd/12455/125500-33_Opti.jpg HTTP/1.1" 200 104538
233.180.202.62.dynamic.cgnat.res.cust.swisscom.ch - - [05/Nov/2017:18:54:02 +0100] "GET /var/m_0/0d/0dd/12455/7441200-35_Finn4.jpg HTTP/1.1" 200 211101
233.180.202.62.dynamic.cgnat.res.cust.swisscom.ch - - [05/Nov/2017:18:54:02 +0100] "GET /var/m_0/0d/0dd/12455/125503-36_420er.jpg HTTP/1.1" 200 61172
233.180.202.62.dynamic.cgnat.res.cust.swisscom.ch - - [05/Nov/2017:18:54:02 +0100] "GET /var/m_0/0d/0dd/12455/7441141-37_Pedalo.jpg HTTP/1.1" 200 195132
233.180.202.62.dynamic.cgnat.res.cust.swisscom.ch - - [05/Nov/2017:18:54:02 +0100] "GET /js/jquery.lazyload.min.js?v=6.6.7.2.41064 HTTP/1.1" 200 1283
233.180.202.62.dynamic.cgnat.res.cust.swisscom.ch - - [05/Nov/2017:18:54:02 +0100] "GET /var/m_0/0d/0dd/12455/125498-31_Sprinto.JPG HTTP/1.1" 200 60889
233.180.202.62.dynamic.cgnat.res.cust.swisscom.ch - - [05/Nov/2017:18:54:02 +0100] "GET /var/m_0/0d/0dd/12455/125501-34_Laser.jpg HTTP/1.1" 200 52750
233.180.202.62.dynamic.cgnat.res.cust.swisscom.ch - - [05/Nov/2017:18:54:37 +0100] "GET /vermietung.shtml HTTP/1.1" 200 5099
233.180.202.62.dynamic.cgnat.res.cust.swisscom.ch - - [05/Nov/2017:18:54:38 +0100] "GET /templates/resellers/7/favicon.ico?v=1506147147 HTTP/1.1" 200 4286
233.180.202.62.dynamic.cgnat.res.cust.swisscom.ch - - [05/Nov/2017:18:54:40 +0100] "GET /vermietung.shtml HTTP/1.1" 200 5099
