46.229.168.75 - - [13/Nov/2017:20:15:07 +0100] "GET / HTTP/1.1" 200 6440
46.229.168.67 - - [13/Nov/2017:20:15:29 +0100] "GET /events HTTP/1.1" 200 5296
46.229.168.79 - - [13/Nov/2017:20:15:44 +0100] "GET / HTTP/1.1" 200 6440
46.229.168.65 - - [13/Nov/2017:20:16:04 +0100] "GET / HTTP/1.1" 200 6440
msnbot-157-55-39-39.search.msn.com - - [13/Nov/2017:20:20:48 +0100] "GET /event-matchracing.shtml HTTP/1.1" 200 5634
x28.ch - - [13/Nov/2017:20:55:37 +0100] "GET /galerie-sktrophy-2014.shtml HTTP/1.1" 200 5044
x28.ch - - [13/Nov/2017:20:55:37 +0100] "GET /robots.txt HTTP/1.1" 200 120
x28.ch - - [13/Nov/2017:20:55:43 +0100] "GET /davosersee.shtml HTTP/1.1" 200 5477
x28.ch - - [13/Nov/2017:20:55:50 +0100] "GET /galerie.shtml HTTP/1.1" 200 4483
x28.ch - - [13/Nov/2017:20:55:56 +0100] "GET /kurse.shtml HTTP/1.1" 200 6280
x28.ch - - [13/Nov/2017:20:56:01 +0100] "GET /vermietung.shtml HTTP/1.1" 200 5099
x28.ch - - [13/Nov/2017:20:56:08 +0100] "GET /kurse.shtml HTTP/1.1" 200 6280
x28.ch - - [13/Nov/2017:20:56:08 +0100] "GET /robots.txt HTTP/1.1" 200 120
x28.ch - - [13/Nov/2017:20:56:46 +0100] "GET /vermietung.shtml HTTP/1.1" 200 5099
x28.ch - - [13/Nov/2017:20:57:03 +0100] "GET /galerie.shtml HTTP/1.1" 200 4483
x28.ch - - [13/Nov/2017:20:57:10 +0100] "GET /flotte.shtml HTTP/1.1" 200 6274
x28.ch - - [13/Nov/2017:20:57:25 +0100] "GET /kinder-segelkurs.shtml HTTP/1.1" 200 5171
x28.ch - - [13/Nov/2017:20:57:31 +0100] "GET /segelkurs-jollesmartkat.shtml HTTP/1.1" 200 5139
x28.ch - - [13/Nov/2017:20:57:37 +0100] "GET /smartkat-crashkurs.shtml HTTP/1.1" 200 4808
x28.ch - - [13/Nov/2017:20:57:42 +0100] "GET /segel-grundkurs.shtml HTTP/1.1" 200 5378
x28.ch - - [13/Nov/2017:20:57:47 +0100] "GET /pruefungskurs.shtml HTTP/1.1" 200 5895
x28.ch - - [13/Nov/2017:20:57:53 +0100] "GET /standort.shtml HTTP/1.1" 200 4717
x28.ch - - [13/Nov/2017:20:57:58 +0100] "GET /aktuelles-wetter.shtml HTTP/1.1" 200 4575
x28.ch - - [13/Nov/2017:20:58:04 +0100] "GET /optikurse-2014.shtml HTTP/1.1" 200 4938
x28.ch - - [13/Nov/2017:20:58:09 +0100] "GET /%C3%BCber-uns.shtml HTTP/1.1" 200 4740
