crawl-66-249-64-28.googlebot.com - - [01/Dec/2017:11:10:09 +0100] "GET /favicon.ico HTTP/1.1" 200 1150
208.red.82.37.46.procono.es - - [01/Dec/2017:11:19:46 +0100] "GET / HTTP/1.1" 200 35804
208.red.82.37.46.procono.es - - [01/Dec/2017:11:19:47 +0100] "GET /%C3%BCber-uns.shtml HTTP/1.1" 200 21862
208.red.82.37.46.procono.es - - [01/Dec/2017:11:19:49 +0100] "GET /aktuelles-wetter.shtml HTTP/1.1" 200 18388
208.red.82.37.46.procono.es - - [01/Dec/2017:11:19:50 +0100] "GET /davosersee.shtml HTTP/1.1" 200 19505
208.red.82.37.46.procono.es - - [01/Dec/2017:11:19:51 +0100] "GET /event-pedalo.shtml HTTP/1.1" 200 20248
208.red.82.37.46.procono.es - - [01/Dec/2017:11:19:50 +0100] "GET /event-gruppesmartkat.shtml HTTP/1.1" 200 21256
208.red.82.37.46.procono.es - - [01/Dec/2017:11:19:51 +0100] "GET /event-matchracing.shtml HTTP/1.1" 200 21251
208.red.82.37.46.procono.es - - [01/Dec/2017:11:19:51 +0100] "GET /events.shtml HTTP/1.1" 200 22514
208.red.82.37.46.procono.es - - [01/Dec/2017:11:19:52 +0100] "GET /flotte.shtml HTTP/1.1" 200 29241
208.red.82.37.46.procono.es - - [01/Dec/2017:11:19:52 +0100] "GET /galerie-gruppesmartkat.shtml HTTP/1.1" 200 20574
208.red.82.37.46.procono.es - - [01/Dec/2017:11:19:52 +0100] "GET /galerie-matchracing.shtml HTTP/1.1" 200 21704
208.red.82.37.46.procono.es - - [01/Dec/2017:11:19:53 +0100] "GET /galerie-sktrophy-2015.shtml HTTP/1.1" 200 49420
208.red.82.37.46.procono.es - - [01/Dec/2017:11:19:53 +0100] "GET /galerie.shtml HTTP/1.1" 200 22747
208.red.82.37.46.procono.es - - [01/Dec/2017:11:19:53 +0100] "GET /kinder-segelkurs.shtml HTTP/1.1" 200 19898
208.red.82.37.46.procono.es - - [01/Dec/2017:11:19:53 +0100] "GET /galerie-sktrophy-2014.shtml HTTP/1.1" 200 29913
208.red.82.37.46.procono.es - - [01/Dec/2017:11:19:54 +0100] "GET /kurse.shtml HTTP/1.1" 200 31031
208.red.82.37.46.procono.es - - [01/Dec/2017:11:19:54 +0100] "GET /segelkurs-jollesmartkat.shtml HTTP/1.1" 200 19993
208.red.82.37.46.procono.es - - [01/Dec/2017:11:19:54 +0100] "GET /optikurse-2014.shtml HTTP/1.1" 200 26353
208.red.82.37.46.procono.es - - [01/Dec/2017:11:19:54 +0100] "GET /kursanmeldung.shtml HTTP/1.1" 200 49926
208.red.82.37.46.procono.es - - [01/Dec/2017:11:19:54 +0100] "GET /segel-grundkurs.shtml HTTP/1.1" 200 21440
208.red.82.37.46.procono.es - - [01/Dec/2017:11:19:54 +0100] "GET /pruefungskurs.shtml HTTP/1.1" 200 23039
208.red.82.37.46.procono.es - - [01/Dec/2017:11:19:55 +0100] "GET /vermietung.shtml HTTP/1.1" 200 25728
208.red.82.37.46.procono.es - - [01/Dec/2017:11:19:55 +0100] "GET /js/functions_stripped.js?v=6.6.7.2.41064 HTTP/1.1" 200 7672
208.red.82.37.46.procono.es - - [01/Dec/2017:11:19:55 +0100] "GET /standort.shtml HTTP/1.1" 200 17547
208.red.82.37.46.procono.es - - [01/Dec/2017:11:19:55 +0100] "GET /smartkat-crashkurs.shtml HTTP/1.1" 200 17863
208.red.82.37.46.procono.es - - [01/Dec/2017:11:19:55 +0100] "GET /Perspectiva.html? HTTP/1.1" 200 18069
208.red.82.37.46.procono.es - - [01/Dec/2017:11:19:56 +0100] "GET /js/jquery.lazyload.min.js?v=6.6.7.2.41064 HTTP/1.1" 200 3342
208.red.82.37.46.procono.es - - [01/Dec/2017:11:19:56 +0100] "GET /aktuelles-wetter HTTP/1.1" 200 18388
123.191.154.174 - - [01/Dec/2017:11:27:02 +0100] "GET / HTTP/1.1" 200 6401
208.red.82.37.46.procono.es - - [01/Dec/2017:11:28:17 +0100] "GET / HTTP/1.1" 200 35804
208.red.82.37.46.procono.es - - [01/Dec/2017:11:28:17 +0100] "GET /%C3%BCber-uns.shtml HTTP/1.1" 200 21862
208.red.82.37.46.procono.es - - [01/Dec/2017:11:28:18 +0100] "GET /aktuelles-wetter.shtml HTTP/1.1" 200 18388
208.red.82.37.46.procono.es - - [01/Dec/2017:11:28:19 +0100] "GET /event-matchracing.shtml HTTP/1.1" 200 21251
208.red.82.37.46.procono.es - - [01/Dec/2017:11:28:19 +0100] "GET /davosersee.shtml HTTP/1.1" 200 19505
208.red.82.37.46.procono.es - - [01/Dec/2017:11:28:19 +0100] "GET /event-gruppesmartkat.shtml HTTP/1.1" 200 21256
208.red.82.37.46.procono.es - - [01/Dec/2017:11:28:20 +0100] "GET /event-pedalo.shtml HTTP/1.1" 200 20248
208.red.82.37.46.procono.es - - [01/Dec/2017:11:28:20 +0100] "GET /galerie-gruppesmartkat.shtml HTTP/1.1" 200 20574
208.red.82.37.46.procono.es - - [01/Dec/2017:11:28:20 +0100] "GET /events.shtml HTTP/1.1" 200 22514
208.red.82.37.46.procono.es - - [01/Dec/2017:11:28:20 +0100] "GET /flotte.shtml HTTP/1.1" 200 29241
208.red.82.37.46.procono.es - - [01/Dec/2017:11:28:21 +0100] "GET /galerie-sktrophy-2014.shtml HTTP/1.1" 200 29913
208.red.82.37.46.procono.es - - [01/Dec/2017:11:28:21 +0100] "GET /galerie-matchracing.shtml HTTP/1.1" 200 21704
208.red.82.37.46.procono.es - - [01/Dec/2017:11:28:21 +0100] "GET /galerie-sktrophy-2015.shtml HTTP/1.1" 200 49420
208.red.82.37.46.procono.es - - [01/Dec/2017:11:28:22 +0100] "GET /galerie.shtml HTTP/1.1" 200 22747
208.red.82.37.46.procono.es - - [01/Dec/2017:11:28:22 +0100] "GET /kinder-segelkurs.shtml HTTP/1.1" 200 19898
208.red.82.37.46.procono.es - - [01/Dec/2017:11:28:23 +0100] "GET /optikurse-2014.shtml HTTP/1.1" 200 26353
208.red.82.37.46.procono.es - - [01/Dec/2017:11:28:22 +0100] "GET /kursanmeldung.shtml HTTP/1.1" 200 49926
208.red.82.37.46.procono.es - - [01/Dec/2017:11:28:23 +0100] "GET /kurse.shtml HTTP/1.1" 200 31031
208.red.82.37.46.procono.es - - [01/Dec/2017:11:28:23 +0100] "GET /pruefungskurs.shtml HTTP/1.1" 200 23039
208.red.82.37.46.procono.es - - [01/Dec/2017:11:28:24 +0100] "GET /segelkurs-jollesmartkat.shtml HTTP/1.1" 200 19993
208.red.82.37.46.procono.es - - [01/Dec/2017:11:28:24 +0100] "GET /vermietung.shtml HTTP/1.1" 200 25728
208.red.82.37.46.procono.es - - [01/Dec/2017:11:28:24 +0100] "GET /segel-grundkurs.shtml HTTP/1.1" 200 21440
208.red.82.37.46.procono.es - - [01/Dec/2017:11:28:24 +0100] "GET /standort.shtml HTTP/1.1" 200 17547
208.red.82.37.46.procono.es - - [01/Dec/2017:11:28:24 +0100] "GET /smartkat-crashkurs.shtml HTTP/1.1" 200 17863
208.red.82.37.46.procono.es - - [01/Dec/2017:11:28:25 +0100] "GET /js/functions_stripped.js?v=6.6.7.2.41064 HTTP/1.1" 200 7672
208.red.82.37.46.procono.es - - [01/Dec/2017:11:28:25 +0100] "GET /Perspectiva.html? HTTP/1.1" 200 18069
208.red.82.37.46.procono.es - - [01/Dec/2017:11:28:25 +0100] "GET /js/jquery.lazyload.min.js?v=6.6.7.2.41064 HTTP/1.1" 200 3342
208.red.82.37.46.procono.es - - [01/Dec/2017:11:28:25 +0100] "GET /aktuelles-wetter HTTP/1.1" 200 18388
134-249-80-20.broadband.kyivstar.net - - [01/Dec/2017:11:30:46 +0100] "GET / HTTP/1.1" 200 35804
134-249-80-20.broadband.kyivstar.net - - [01/Dec/2017:11:30:46 +0100] "GET / HTTP/1.1" 200 35804
134-249-80-20.broadband.kyivstar.net - - [01/Dec/2017:11:30:47 +0100] "GET / HTTP/1.1" 200 35804
37-115-188-235.broadband.kyivstar.net - - [01/Dec/2017:11:33:10 +0100] "GET / HTTP/1.1" 200 35804
37-115-188-235.broadband.kyivstar.net - - [01/Dec/2017:11:33:11 +0100] "GET / HTTP/1.1" 200 35804
37-115-188-235.broadband.kyivstar.net - - [01/Dec/2017:11:33:11 +0100] "GET / HTTP/1.1" 200 35804
37-115-188-235.broadband.kyivstar.net - - [01/Dec/2017:11:33:34 +0100] "GET / HTTP/1.1" 200 35804
37-115-188-235.broadband.kyivstar.net - - [01/Dec/2017:11:33:35 +0100] "GET / HTTP/1.1" 200 35804
37-115-188-235.broadband.kyivstar.net - - [01/Dec/2017:11:33:36 +0100] "GET / HTTP/1.1" 200 35804
crawl-66-249-64-30.googlebot.com - - [01/Dec/2017:11:37:47 +0100] "GET /templates/resellers/7/favicon.ico?v=1506139835 HTTP/1.1" 200 4286
hydrogen098.a.ahrefs.com - - [01/Dec/2017:11:54:09 +0100] "GET /var/m_0/0d/0dd/12455/6564670-G3_SKT2015_04.jpg HTTP/1.1" 200 209464
46-118-119-80.broadband.kyivstar.net - - [01/Dec/2017:11:54:46 +0100] "GET / HTTP/1.1" 200 35804
46-118-119-80.broadband.kyivstar.net - - [01/Dec/2017:11:54:46 +0100] "GET / HTTP/1.1" 200 35804
46-118-119-80.broadband.kyivstar.net - - [01/Dec/2017:11:54:47 +0100] "GET / HTTP/1.1" 200 35804
