x28.ch - - [06/Dec/2017:10:00:31 +0100] "GET /robots.txt HTTP/1.1" 200 120
x28.ch - - [06/Dec/2017:10:00:31 +0100] "GET / HTTP/1.1" 200 6440
134-249-52-116.broadband.kyivstar.net - - [06/Dec/2017:10:02:16 +0100] "GET / HTTP/1.1" 200 35804
134-249-52-116.broadband.kyivstar.net - - [06/Dec/2017:10:02:17 +0100] "GET / HTTP/1.1" 200 35804
134-249-52-116.broadband.kyivstar.net - - [06/Dec/2017:10:02:18 +0100] "GET / HTTP/1.1" 200 35804
static.masmovil.com - - [06/Dec/2017:10:16:25 +0100] "GET / HTTP/1.1" 200 35804
static.masmovil.com - - [06/Dec/2017:10:16:26 +0100] "GET /galerie.shtml HTTP/1.1" 200 22747
static.masmovil.com - - [06/Dec/2017:10:16:26 +0100] "GET /events.shtml HTTP/1.1" 200 22514
static.masmovil.com - - [06/Dec/2017:10:16:27 +0100] "GET /kurse.shtml HTTP/1.1" 200 31031
static.masmovil.com - - [06/Dec/2017:10:16:27 +0100] "GET /vermietung.shtml HTTP/1.1" 200 25728
static.masmovil.com - - [06/Dec/2017:10:16:28 +0100] "GET /event-gruppesmartkat.shtml HTTP/1.1" 200 21256
static.masmovil.com - - [06/Dec/2017:10:16:28 +0100] "GET /event-pedalo.shtml HTTP/1.1" 200 20248
static.masmovil.com - - [06/Dec/2017:10:16:28 +0100] "GET /galerie-gruppesmartkat.shtml HTTP/1.1" 200 20574
static.masmovil.com - - [06/Dec/2017:10:16:28 +0100] "GET /event-matchracing.shtml HTTP/1.1" 200 21251
static.masmovil.com - - [06/Dec/2017:10:16:29 +0100] "GET /galerie-matchracing.shtml HTTP/1.1" 200 21704
static.masmovil.com - - [06/Dec/2017:10:16:29 +0100] "GET /galerie-sktrophy-2015.shtml HTTP/1.1" 200 49420
static.masmovil.com - - [06/Dec/2017:10:16:29 +0100] "GET /galerie-sktrophy-2014.shtml HTTP/1.1" 200 29913
static.masmovil.com - - [06/Dec/2017:10:16:30 +0100] "GET /kinder-segelkurs.shtml HTTP/1.1" 200 19898
static.masmovil.com - - [06/Dec/2017:10:16:30 +0100] "GET /optikurse-2014.shtml HTTP/1.1" 200 26353
static.masmovil.com - - [06/Dec/2017:10:16:30 +0100] "GET /pruefungskurs.shtml HTTP/1.1" 200 23039
static.masmovil.com - - [06/Dec/2017:10:16:31 +0100] "GET /smartkat-crashkurs.shtml HTTP/1.1" 200 17863
static.masmovil.com - - [06/Dec/2017:10:16:31 +0100] "GET /segel-grundkurs.shtml HTTP/1.1" 200 21440
static.masmovil.com - - [06/Dec/2017:10:16:31 +0100] "GET /segelkurs-jollesmartkat.shtml HTTP/1.1" 200 19993
static.masmovil.com - - [06/Dec/2017:10:16:32 +0100] "GET /js/functions_stripped.js?v=6.6.7.2.41064 HTTP/1.1" 200 7672
static.masmovil.com - - [06/Dec/2017:10:16:32 +0100] "GET /flotte.shtml HTTP/1.1" 200 29241
static.masmovil.com - - [06/Dec/2017:10:16:33 +0100] "GET /js/jquery.lazyload.min.js?v=6.6.7.2.41064 HTTP/1.1" 200 3342
static.masmovil.com - - [06/Dec/2017:10:16:33 +0100] "GET /Perspectiva.html? HTTP/1.1" 200 18069
static.masmovil.com - - [06/Dec/2017:10:16:33 +0100] "GET /js/).html(a);null==$( HTTP/1.1" 200 219
static.masmovil.com - - [06/Dec/2017:10:16:34 +0100] "GET /js/index.php?sid=46&lang=en&item=1&act=users&ajax=state HTTP/1.1" 200 210
static.masmovil.com - - [06/Dec/2017:10:16:35 +0100] "GET /davosersee HTTP/1.1" 200 19505
static.masmovil.com - - [06/Dec/2017:10:16:35 +0100] "GET /aktuelles-wetter HTTP/1.1" 200 18388
static.masmovil.com - - [06/Dec/2017:10:16:36 +0100] "GET /event-matchracing HTTP/1.1" 200 21251
static.masmovil.com - - [06/Dec/2017:10:16:36 +0100] "GET /event-gruppesmartkat HTTP/1.1" 200 21256
static.masmovil.com - - [06/Dec/2017:10:16:36 +0100] "GET /events HTTP/1.1" 200 22514
static.masmovil.com - - [06/Dec/2017:10:16:36 +0100] "GET /event-pedalo HTTP/1.1" 200 20248
hydrogen219.a.ahrefs.com - - [06/Dec/2017:10:19:30 +0100] "GET /var/m_0/0d/0dd/12455/6564709-G3_SKT2015_37.jpg HTTP/1.1" 200 89585
134-249-52-116.broadband.kyivstar.net - - [06/Dec/2017:10:22:57 +0100] "GET / HTTP/1.1" 200 35804
46-140-152-50.static.cablecom.ch - - [06/Dec/2017:10:36:00 +0100] "GET /var/m_0/0d/0dd/12455/6564603-SK_Tro_Head.jpg HTTP/1.1" 200 136780
