hydrogen105.a.ahrefs.com - - [04/Nov/2017:10:07:33 +0100] "GET / HTTP/1.1" 200 6440
163-172-64-182.rev.poneytelecom.eu - - [04/Nov/2017:10:07:35 +0100] "GET /templates/creator/m_f/fa/fa7/164/css/style.min.css?v=1483633820 HTTP/1.1" 200 847
163-172-64-182.rev.poneytelecom.eu - - [04/Nov/2017:10:07:35 +0100] "GET /templates/creator/m_f/fa/fa7/164/assets/respond.min.js?v=1483633820 HTTP/1.1" 200 2085
163-172-64-182.rev.poneytelecom.eu - - [04/Nov/2017:10:07:35 +0100] "GET / HTTP/1.1" 200 6440
163-172-64-182.rev.poneytelecom.eu - - [04/Nov/2017:10:07:35 +0100] "GET /css/widgets/concat_widget.min.css?v=6.6.7.2.41064 HTTP/1.1" 200 24507
163-172-64-182.rev.poneytelecom.eu - - [04/Nov/2017:10:07:35 +0100] "GET /css/skeleton.css HTTP/1.1" 200 3511
163-172-64-182.rev.poneytelecom.eu - - [04/Nov/2017:10:07:35 +0100] "GET /js/footer/build_social_entries.min.js?v=6.6.7.2.41064 HTTP/1.1" 200 278
163-172-64-182.rev.poneytelecom.eu - - [04/Nov/2017:10:07:35 +0100] "GET /templates/creator/m_f/fa/fa7/164/css/main.min.css?v=1483633820 HTTP/1.1" 200 1797
163-172-64-182.rev.poneytelecom.eu - - [04/Nov/2017:10:07:35 +0100] "GET /templates/creator/m_f/fa/fa7/164/assets/slide.js?v=1483633820 HTTP/1.1" 200 662
163-172-64-182.rev.poneytelecom.eu - - [04/Nov/2017:10:07:35 +0100] "GET /templates/creator/m_f/fa/fa7/164/assets/wp-menu.js?v=1483633820 HTTP/1.1" 200 1089
163-172-64-182.rev.poneytelecom.eu - - [04/Nov/2017:10:07:35 +0100] "GET /js/functions_stripped.js?v=6.6.7.2.41064 HTTP/1.1" 200 3186
163-172-64-182.rev.poneytelecom.eu - - [04/Nov/2017:10:07:35 +0100] "GET /js/jquery.lazyload.min.js?v=6.6.7.2.41064 HTTP/1.1" 200 1283
163-172-64-182.rev.poneytelecom.eu - - [04/Nov/2017:10:07:35 +0100] "GET /js/footer/get_deps.min.js?v=6.6.7.2.41064 HTTP/1.1" 200 157
hydrogen043.a.ahrefs.com - - [04/Nov/2017:10:17:20 +0100] "GET /var/m_0/0d/0dd/12455/6564669-G3_SKT2015_03.jpg HTTP/1.1" 200 114866
crawl-66-249-64-29.googlebot.com - - [04/Nov/2017:10:31:42 +0100] "GET / HTTP/1.1" 200 6440
msnbot-40-77-167-77.search.msn.com - - [04/Nov/2017:10:35:21 +0100] "GET /robots.txt HTTP/1.1" 200 80
msnbot-157-55-39-241.search.msn.com - - [04/Nov/2017:10:35:33 +0100] "GET /js/photoswipe/code.photoswipe-3.0.5.min.js?v=6.6.7.2.41276 HTTP/1.1" 200 16480
msnbot-157-55-39-241.search.msn.com - - [04/Nov/2017:10:35:34 +0100] "GET /templates/creator/m_f/fa/fa7/164/assets/slide.js?v=1483633820 HTTP/1.1" 200 662
msnbot-207-46-13-10.search.msn.com - - [04/Nov/2017:10:35:35 +0100] "GET /js/functions_stripped.js?v=6.6.7.2.41276 HTTP/1.1" 200 3186
msnbot-207-46-13-10.search.msn.com - - [04/Nov/2017:10:35:35 +0100] "GET /js/footer/build_social_entries.min.js?v=6.6.7.2.41276 HTTP/1.1" 200 278
msnbot-207-46-13-10.search.msn.com - - [04/Nov/2017:10:35:36 +0100] "GET /templates/creator/m_f/fa/fa7/164/css/main.min.css?v=1483633820 HTTP/1.1" 200 1797
msnbot-207-46-13-10.search.msn.com - - [04/Nov/2017:10:35:36 +0100] "GET /templates/creator/m_f/fa/fa7/164/assets/wp-menu.js?v=1483633820 HTTP/1.1" 200 1089
msnbot-207-46-13-10.search.msn.com - - [04/Nov/2017:10:35:36 +0100] "GET /js/photoswipe/photoswipe.css?v=6.6.7.2.41276 HTTP/1.1" 200 1156
msnbot-207-46-13-10.search.msn.com - - [04/Nov/2017:10:35:36 +0100] "GET /templates/creator/m_f/fa/fa7/164/css/style.min.css?v=1483633820 HTTP/1.1" 200 847
msnbot-40-77-167-41.search.msn.com - - [04/Nov/2017:10:35:39 +0100] "GET /css/widgets/concat_widget.min.css?v=6.6.7.2.41276 HTTP/1.1" 200 24507
msnbot-40-77-167-41.search.msn.com - - [04/Nov/2017:10:35:40 +0100] "GET /js/photoswipe/lib/klass.min.js?v=6.6.7.2.41276 HTTP/1.1" 200 625
msnbot-40-77-167-77.search.msn.com - - [04/Nov/2017:10:35:41 +0100] "GET /css/skeleton.css HTTP/1.1" 200 3511
msnbot-40-77-167-77.search.msn.com - - [04/Nov/2017:10:35:43 +0100] "GET /templates/creator/m_f/fa/fa7/164/assets/respond.min.js?v=1483633820 HTTP/1.1" 200 2085
msnbot-40-77-167-77.search.msn.com - - [04/Nov/2017:10:35:43 +0100] "GET /js/footer/get_deps.min.js?v=6.6.7.2.41276 HTTP/1.1" 200 157
adsl-178-39-161-237.adslplus.ch - - [04/Nov/2017:10:40:21 +0100] "GET / HTTP/1.1" 200 6440
adsl-178-39-161-237.adslplus.ch - - [04/Nov/2017:10:40:22 +0100] "GET /W3SVC/?cid=f2949bab-240a-46ca-a455-6f504367ba7d&securityScanNoAttack HTTP/1.1" 200 18205
hydrogen298.a.ahrefs.com - - [04/Nov/2017:10:40:35 +0100] "GET /optikurse-2014.shtml HTTP/1.1" 200 4938
155.red-79-150-234.dynamicip.rima-tde.net - - [04/Nov/2017:10:52:21 +0100] "GET / HTTP/1.1" 200 35804
155.red-79-150-234.dynamicip.rima-tde.net - - [04/Nov/2017:10:52:24 +0100] "GET /events.shtml HTTP/1.1" 200 22514
155.red-79-150-234.dynamicip.rima-tde.net - - [04/Nov/2017:10:52:25 +0100] "GET /galerie.shtml HTTP/1.1" 200 22747
155.red-79-150-234.dynamicip.rima-tde.net - - [04/Nov/2017:10:52:29 +0100] "GET /kurse.shtml HTTP/1.1" 200 31031
155.red-79-150-234.dynamicip.rima-tde.net - - [04/Nov/2017:10:52:31 +0100] "GET /vermietung.shtml HTTP/1.1" 200 25728
155.red-79-150-234.dynamicip.rima-tde.net - - [04/Nov/2017:10:52:32 +0100] "GET /event-gruppesmartkat.shtml HTTP/1.1" 200 21256
155.red-79-150-234.dynamicip.rima-tde.net - - [04/Nov/2017:10:52:33 +0100] "GET /event-matchracing.shtml HTTP/1.1" 200 21251
155.red-79-150-234.dynamicip.rima-tde.net - - [04/Nov/2017:10:52:34 +0100] "GET /event-pedalo.shtml HTTP/1.1" 200 20248
155.red-79-150-234.dynamicip.rima-tde.net - - [04/Nov/2017:10:52:36 +0100] "GET /galerie-gruppesmartkat.shtml HTTP/1.1" 200 20574
155.red-79-150-234.dynamicip.rima-tde.net - - [04/Nov/2017:10:52:36 +0100] "GET /galerie-matchracing.shtml HTTP/1.1" 200 21704
155.red-79-150-234.dynamicip.rima-tde.net - - [04/Nov/2017:10:52:37 +0100] "GET /galerie-sktrophy-2014.shtml HTTP/1.1" 200 29913
155.red-79-150-234.dynamicip.rima-tde.net - - [04/Nov/2017:10:52:38 +0100] "GET /galerie-sktrophy-2015.shtml HTTP/1.1" 200 49420
155.red-79-150-234.dynamicip.rima-tde.net - - [04/Nov/2017:10:52:39 +0100] "GET /optikurse-2014.shtml HTTP/1.1" 200 26353
155.red-79-150-234.dynamicip.rima-tde.net - - [04/Nov/2017:10:52:41 +0100] "GET /kinder-segelkurs.shtml HTTP/1.1" 200 19898
155.red-79-150-234.dynamicip.rima-tde.net - - [04/Nov/2017:10:52:41 +0100] "GET /pruefungskurs.shtml HTTP/1.1" 200 23039
155.red-79-150-234.dynamicip.rima-tde.net - - [04/Nov/2017:10:52:42 +0100] "GET /segel-grundkurs.shtml HTTP/1.1" 200 21440
155.red-79-150-234.dynamicip.rima-tde.net - - [04/Nov/2017:10:52:43 +0100] "GET /flotte.shtml HTTP/1.1" 200 29241
155.red-79-150-234.dynamicip.rima-tde.net - - [04/Nov/2017:10:52:43 +0100] "GET /smartkat-crashkurs.shtml HTTP/1.1" 200 17863
155.red-79-150-234.dynamicip.rima-tde.net - - [04/Nov/2017:10:52:43 +0100] "GET /segelkurs-jollesmartkat.shtml HTTP/1.1" 200 19993
155.red-79-150-234.dynamicip.rima-tde.net - - [04/Nov/2017:10:52:44 +0100] "GET /Perspectiva.html? HTTP/1.1" 200 18069
155.red-79-150-234.dynamicip.rima-tde.net - - [04/Nov/2017:10:52:44 +0100] "GET /js/functions_stripped.js?v=6.6.7.2.41064 HTTP/1.1" 200 7672
155.red-79-150-234.dynamicip.rima-tde.net - - [04/Nov/2017:10:52:44 +0100] "GET /js/jquery.lazyload.min.js?v=6.6.7.2.41064 HTTP/1.1" 200 3342
155.red-79-150-234.dynamicip.rima-tde.net - - [04/Nov/2017:10:52:45 +0100] "GET /js/).html(a);null==$( HTTP/1.1" 200 219
155.red-79-150-234.dynamicip.rima-tde.net - - [04/Nov/2017:10:52:46 +0100] "GET /js/index.php?sid=46&lang=en&item=1&act=users&ajax=state HTTP/1.1" 200 210
155.red-79-150-234.dynamicip.rima-tde.net - - [04/Nov/2017:10:52:47 +0100] "GET /aktuelles-wetter HTTP/1.1" 200 18388
155.red-79-150-234.dynamicip.rima-tde.net - - [04/Nov/2017:10:52:48 +0100] "GET /event-gruppesmartkat HTTP/1.1" 200 21256
155.red-79-150-234.dynamicip.rima-tde.net - - [04/Nov/2017:10:52:48 +0100] "GET /davosersee HTTP/1.1" 200 19505
155.red-79-150-234.dynamicip.rima-tde.net - - [04/Nov/2017:10:52:49 +0100] "GET /event-matchracing HTTP/1.1" 200 21251
155.red-79-150-234.dynamicip.rima-tde.net - - [04/Nov/2017:10:52:50 +0100] "GET /events HTTP/1.1" 200 22514
155.red-79-150-234.dynamicip.rima-tde.net - - [04/Nov/2017:10:52:50 +0100] "GET /event-pedalo HTTP/1.1" 200 20248
