hydrogen233.a.ahrefs.com - - [07/Nov/2017:01:14:59 +0100] "GET /segel-grundkurs.shtml HTTP/1.1" 200 5378
hosted-by.leaseweb.com - - [07/Nov/2017:01:23:54 +0100] "GET /robots.txt HTTP/1.1" 200 120
hosted-by.leaseweb.com - - [07/Nov/2017:01:23:58 +0100] "GET /kinder-segelkurs.shtml HTTP/1.1" 200 19898
216.244.66.229 - - [07/Nov/2017:01:31:33 +0100] "GET /robots.txt HTTP/1.1" 200 120
216.244.66.229 - - [07/Nov/2017:01:31:33 +0100] "GET /robots.txt HTTP/1.1" 200 120
212-129-56-211.rev.poneytelecom.eu - - [07/Nov/2017:01:31:34 +0100] "GET / HTTP/1.1" 200 35804
212-129-56-211.rev.poneytelecom.eu - - [07/Nov/2017:01:31:40 +0100] "GET /galerie.shtml HTTP/1.1" 200 22747
212-129-56-211.rev.poneytelecom.eu - - [07/Nov/2017:01:31:40 +0100] "GET /events.shtml HTTP/1.1" 200 22514
212-129-56-211.rev.poneytelecom.eu - - [07/Nov/2017:01:31:43 +0100] "GET /kurse.shtml HTTP/1.1" 200 31031
212-129-56-211.rev.poneytelecom.eu - - [07/Nov/2017:01:31:46 +0100] "GET /vermietung.shtml HTTP/1.1" 200 25728
212-129-56-211.rev.poneytelecom.eu - - [07/Nov/2017:01:31:50 +0100] "GET /event-gruppesmartkat.shtml HTTP/1.1" 200 21256
212-129-56-211.rev.poneytelecom.eu - - [07/Nov/2017:01:31:50 +0100] "GET /event-matchracing.shtml HTTP/1.1" 200 21251
212-129-56-211.rev.poneytelecom.eu - - [07/Nov/2017:01:31:51 +0100] "GET /event-pedalo.shtml HTTP/1.1" 200 20248
212-129-56-211.rev.poneytelecom.eu - - [07/Nov/2017:01:31:52 +0100] "GET /galerie-gruppesmartkat.shtml HTTP/1.1" 200 20574
212-129-56-211.rev.poneytelecom.eu - - [07/Nov/2017:01:31:59 +0100] "GET /galerie-matchracing.shtml HTTP/1.1" 200 21704
212-129-56-211.rev.poneytelecom.eu - - [07/Nov/2017:01:32:02 +0100] "GET /galerie-sktrophy-2014.shtml HTTP/1.1" 200 29913
212-129-56-211.rev.poneytelecom.eu - - [07/Nov/2017:01:32:05 +0100] "GET /galerie-sktrophy-2015.shtml HTTP/1.1" 200 49420
212-129-56-211.rev.poneytelecom.eu - - [07/Nov/2017:01:32:06 +0100] "GET /optikurse-2014.shtml HTTP/1.1" 200 26353
212-129-56-211.rev.poneytelecom.eu - - [07/Nov/2017:01:32:16 +0100] "GET /kinder-segelkurs.shtml HTTP/1.1" 200 19898
212-129-56-211.rev.poneytelecom.eu - - [07/Nov/2017:01:32:19 +0100] "GET /pruefungskurs.shtml HTTP/1.1" 200 23039
212-129-56-211.rev.poneytelecom.eu - - [07/Nov/2017:01:32:23 +0100] "GET /segel-grundkurs.shtml HTTP/1.1" 200 21440
212-129-56-211.rev.poneytelecom.eu - - [07/Nov/2017:01:32:26 +0100] "GET /segelkurs-jollesmartkat.shtml HTTP/1.1" 200 19993
212-129-56-211.rev.poneytelecom.eu - - [07/Nov/2017:01:32:30 +0100] "GET /smartkat-crashkurs.shtml HTTP/1.1" 200 17863
212-129-56-211.rev.poneytelecom.eu - - [07/Nov/2017:01:32:32 +0100] "GET /flotte.shtml HTTP/1.1" 200 29241
212-129-56-211.rev.poneytelecom.eu - - [07/Nov/2017:01:32:35 +0100] "GET /js/functions_stripped.js?v=6.6.7.2.41064 HTTP/1.1" 200 7672
212-129-56-211.rev.poneytelecom.eu - - [07/Nov/2017:01:32:36 +0100] "GET /Perspectiva.html? HTTP/1.1" 200 18069
212-129-56-211.rev.poneytelecom.eu - - [07/Nov/2017:01:32:36 +0100] "GET /js/jquery.lazyload.min.js?v=6.6.7.2.41064 HTTP/1.1" 200 3342
212-129-56-211.rev.poneytelecom.eu - - [07/Nov/2017:01:32:39 +0100] "GET /js/).html(a);null==$( HTTP/1.1" 200 219
212-129-56-211.rev.poneytelecom.eu - - [07/Nov/2017:01:32:40 +0100] "GET /js/index.php?sid=46&lang=en&item=1&act=users&ajax=state HTTP/1.1" 200 210
212-129-56-211.rev.poneytelecom.eu - - [07/Nov/2017:01:32:42 +0100] "GET /aktuelles-wetter HTTP/1.1" 200 18388
212-129-56-211.rev.poneytelecom.eu - - [07/Nov/2017:01:32:42 +0100] "GET /davosersee HTTP/1.1" 200 19505
212-129-56-211.rev.poneytelecom.eu - - [07/Nov/2017:01:32:46 +0100] "GET /event-gruppesmartkat HTTP/1.1" 200 21256
212-129-56-211.rev.poneytelecom.eu - - [07/Nov/2017:01:32:48 +0100] "GET /event-matchracing HTTP/1.1" 200 21251
212-129-56-211.rev.poneytelecom.eu - - [07/Nov/2017:01:32:48 +0100] "GET /event-pedalo HTTP/1.1" 200 20248
212-129-56-211.rev.poneytelecom.eu - - [07/Nov/2017:01:32:49 +0100] "GET /events HTTP/1.1" 200 22514
msnbot-207-46-13-10.search.msn.com - - [07/Nov/2017:01:48:24 +0100] "GET /galerie-sktrophy-2015.shtml HTTP/1.1" 200 4751
crawl-66-249-69-102.googlebot.com - - [07/Nov/2017:01:50:23 +0100] "GET /apple-app-site-association HTTP/1.1" 200 4296
crawl-66-249-69-102.googlebot.com - - [07/Nov/2017:01:50:23 +0100] "GET /robots.txt HTTP/1.1" 200 80
crawl-66-249-69-100.googlebot.com - - [07/Nov/2017:01:50:25 +0100] "GET /.well-known/assetlinks.json HTTP/1.1" 200 4297
crawl-66-249-69-102.googlebot.com - - [07/Nov/2017:01:50:27 +0100] "GET /.well-known/apple-app-site-association HTTP/1.1" 200 4297
