hydrogen024.a.ahrefs.com - - [21/Nov/2017:09:32:27 +0100] "GET /var/m_0/0d/0dd/12455/7230981-37_Pedalo3.jpg HTTP/1.1" 200 76841
38.130.171.99 - - [21/Nov/2017:09:35:08 +0100] "GET / HTTP/1.1" 200 6440
38.130.176.98 - - [21/Nov/2017:09:36:33 +0100] "GET / HTTP/1.1" 200 6440
46-118-119-80.broadband.kyivstar.net - - [21/Nov/2017:09:37:38 +0100] "GET / HTTP/1.1" 200 35804
46-118-119-80.broadband.kyivstar.net - - [21/Nov/2017:09:37:39 +0100] "GET / HTTP/1.1" 200 35804
46-118-119-80.broadband.kyivstar.net - - [21/Nov/2017:09:37:40 +0100] "GET / HTTP/1.1" 200 35804
reverse-dns.chicago - - [21/Nov/2017:09:46:41 +0100] "GET / HTTP/1.1" 200 35804
reverse-dns.chicago - - [21/Nov/2017:09:46:42 +0100] "GET /events.shtml HTTP/1.1" 200 22514
reverse-dns.chicago - - [21/Nov/2017:09:46:42 +0100] "GET /galerie.shtml HTTP/1.1" 200 22747
reverse-dns.chicago - - [21/Nov/2017:09:46:49 +0100] "GET /kurse.shtml HTTP/1.1" 200 31031
reverse-dns.chicago - - [21/Nov/2017:09:46:52 +0100] "GET /vermietung.shtml HTTP/1.1" 200 25728
reverse-dns.chicago - - [21/Nov/2017:09:46:52 +0100] "GET /event-gruppesmartkat.shtml HTTP/1.1" 200 21256
reverse-dns.chicago - - [21/Nov/2017:09:46:53 +0100] "GET /event-matchracing.shtml HTTP/1.1" 200 21251
reverse-dns.chicago - - [21/Nov/2017:09:46:53 +0100] "GET /event-pedalo.shtml HTTP/1.1" 200 20248
reverse-dns.chicago - - [21/Nov/2017:09:46:54 +0100] "GET /galerie-matchracing.shtml HTTP/1.1" 200 21704
reverse-dns.chicago - - [21/Nov/2017:09:46:54 +0100] "GET /galerie-gruppesmartkat.shtml HTTP/1.1" 200 20574
reverse-dns.chicago - - [21/Nov/2017:09:46:55 +0100] "GET /galerie-sktrophy-2014.shtml HTTP/1.1" 200 29913
reverse-dns.chicago - - [21/Nov/2017:09:46:55 +0100] "GET /optikurse-2014.shtml HTTP/1.1" 200 26353
reverse-dns.chicago - - [21/Nov/2017:09:46:55 +0100] "GET /galerie-sktrophy-2015.shtml HTTP/1.1" 200 49420
reverse-dns.chicago - - [21/Nov/2017:09:46:56 +0100] "GET /kinder-segelkurs.shtml HTTP/1.1" 200 19898
reverse-dns.chicago - - [21/Nov/2017:09:46:57 +0100] "GET /pruefungskurs.shtml HTTP/1.1" 200 23039
reverse-dns.chicago - - [21/Nov/2017:09:47:01 +0100] "GET /segelkurs-jollesmartkat.shtml HTTP/1.1" 200 19993
reverse-dns.chicago - - [21/Nov/2017:09:47:01 +0100] "GET /segel-grundkurs.shtml HTTP/1.1" 200 21440
reverse-dns.chicago - - [21/Nov/2017:09:47:02 +0100] "GET /js/functions_stripped.js?v=6.6.7.2.41064 HTTP/1.1" 200 7672
reverse-dns.chicago - - [21/Nov/2017:09:47:02 +0100] "GET /flotte.shtml HTTP/1.1" 200 29241
reverse-dns.chicago - - [21/Nov/2017:09:47:02 +0100] "GET /Perspectiva.html? HTTP/1.1" 200 18069
reverse-dns.chicago - - [21/Nov/2017:09:47:02 +0100] "GET /smartkat-crashkurs.shtml HTTP/1.1" 200 17863
reverse-dns.chicago - - [21/Nov/2017:09:47:03 +0100] "GET /js/jquery.lazyload.min.js?v=6.6.7.2.41064 HTTP/1.1" 200 3342
reverse-dns.chicago - - [21/Nov/2017:09:47:04 +0100] "GET /js/).html(a);null==$( HTTP/1.1" 200 219
reverse-dns.chicago - - [21/Nov/2017:09:47:05 +0100] "GET /aktuelles-wetter HTTP/1.1" 200 18388
reverse-dns.chicago - - [21/Nov/2017:09:47:04 +0100] "GET /js/index.php?sid=46&lang=en&item=1&act=users&ajax=state HTTP/1.1" 200 210
reverse-dns.chicago - - [21/Nov/2017:09:47:06 +0100] "GET /davosersee HTTP/1.1" 200 19505
reverse-dns.chicago - - [21/Nov/2017:09:47:07 +0100] "GET /event-gruppesmartkat HTTP/1.1" 200 21256
reverse-dns.chicago - - [21/Nov/2017:09:47:08 +0100] "GET /event-pedalo HTTP/1.1" 200 20248
reverse-dns.chicago - - [21/Nov/2017:09:47:08 +0100] "GET /event-matchracing HTTP/1.1" 200 21251
reverse-dns.chicago - - [21/Nov/2017:09:47:09 +0100] "GET /events HTTP/1.1" 200 22514
