msnbot-207-46-13-137.search.msn.com - - [14/Oct/2017:16:01:50 +0200] "GET /var/m_0/0d/0dd/12455/125489-5_Pr%C3%BCfungskurs.JPG HTTP/1.1" 200 53669
malta1844.startdedicated.de - - [14/Oct/2017:16:10:13 +0200] "GET /var/m_0/0d/0dd/12455/6564681-G3_SKT2015_12.jpg HTTP/1.1" 200 148086
malta1844.startdedicated.de - - [14/Oct/2017:16:10:15 +0200] "GET /var/m_0/0d/0dd/12455/143511-G2_Optikurs2014_06.JPG HTTP/1.1" 200 108393
crawl-66-249-64-30.googlebot.com - - [14/Oct/2017:16:23:11 +0200] "GET / HTTP/1.1" 200 6440
crawl-66-249-64-28.googlebot.com - - [14/Oct/2017:16:23:14 +0200] "GET /css/widgets/concat_widget.min.css?v=6.6.7.2.41064 HTTP/1.1" 200 24507
msnbot-207-46-13-137.search.msn.com - - [14/Oct/2017:16:23:45 +0200] "GET /var/m_0/0d/0dd/12455/125489-5_Pr%C3%BCfungskurs.JPG HTTP/1.1" 200 53669
msnbot-157-55-39-251.search.msn.com - - [14/Oct/2017:16:29:02 +0200] "GET /js/functions_stripped.js?v=6.6.7.2.41064 HTTP/1.1" 200 3186
msnbot-157-55-39-122.search.msn.com - - [14/Oct/2017:16:29:03 +0200] "GET /js/jquery.lazyload.min.js?v=6.6.7.2.41064 HTTP/1.1" 200 1283
malta2970.startdedicated.de - - [14/Oct/2017:16:30:28 +0200] "GET /var/m_0/0d/0dd/12455/143514-G2_Optikurs2014_09.jpg HTTP/1.1" 200 152348
62-12-231-200.pool.cyberlink.ch - - [14/Oct/2017:16:35:15 +0200] "GET /css/skeleton.css HTTP/1.1" 200 3511
62-12-231-200.pool.cyberlink.ch - - [14/Oct/2017:16:35:14 +0200] "GET /events HTTP/1.1" 200 5296
62-12-231-200.pool.cyberlink.ch - - [14/Oct/2017:16:35:15 +0200] "GET /css/widgets/concat_widget.min.css?v=6.6.7.2.41064 HTTP/1.1" 200 24507
62-12-231-200.pool.cyberlink.ch - - [14/Oct/2017:16:35:15 +0200] "GET /js/footer/get_deps.min.js?v=6.6.7.2.41064 HTTP/1.1" 200 157
62-12-231-200.pool.cyberlink.ch - - [14/Oct/2017:16:35:15 +0200] "GET /js/footer/build_social_entries.min.js?v=6.6.7.2.41064 HTTP/1.1" 200 278
62-12-231-200.pool.cyberlink.ch - - [14/Oct/2017:16:35:15 +0200] "GET /templates/creator/m_f/fa/fa7/164/css/style.min.css?v=1483633820 HTTP/1.1" 200 847
62-12-231-200.pool.cyberlink.ch - - [14/Oct/2017:16:35:15 +0200] "GET /templates/creator/m_f/fa/fa7/164/css/main.min.css?v=1483633820 HTTP/1.1" 200 1797
62-12-231-200.pool.cyberlink.ch - - [14/Oct/2017:16:35:16 +0200] "GET /js/functions_stripped.js?v=6.6.7.2.41064 HTTP/1.1" 200 3186
62-12-231-200.pool.cyberlink.ch - - [14/Oct/2017:16:35:16 +0200] "GET /templates/creator/m_f/fa/fa7/164/assets/slide.js?v=1483633820 HTTP/1.1" 200 662
62-12-231-200.pool.cyberlink.ch - - [14/Oct/2017:16:35:16 +0200] "GET /js/jquery.lazyload.min.js?v=6.6.7.2.41064 HTTP/1.1" 200 1283
62-12-231-200.pool.cyberlink.ch - - [14/Oct/2017:16:35:16 +0200] "GET /templates/creator/m_f/fa/fa7/164/assets/wp-menu.js?v=1483633820 HTTP/1.1" 200 1089
62-12-231-200.pool.cyberlink.ch - - [14/Oct/2017:16:35:16 +0200] "GET /var/m_0/0d/0dd/12455/143352-Header_Segelschule_2.jpg HTTP/1.1" 200 107532
62-12-231-200.pool.cyberlink.ch - - [14/Oct/2017:16:35:16 +0200] "GET /var/m_0/0d/0dd/12455/125486-2_Sportkurs.JPG HTTP/1.1" 200 69000
62-12-231-200.pool.cyberlink.ch - - [14/Oct/2017:16:35:16 +0200] "GET /var/m_0/0d/0dd/12455/7230972-19_Matchracing.jpg HTTP/1.1" 200 55347
62-12-231-200.pool.cyberlink.ch - - [14/Oct/2017:16:35:16 +0200] "GET /var/m_0/0d/0dd/12455/7230969-37_Pedalo2.jpg HTTP/1.1" 200 107785
62-12-231-200.pool.cyberlink.ch - - [14/Oct/2017:16:35:16 +0200] "GET /templates/creator/m_f/fa/fa7/164/assets/respond.min.js?v=1483633820 HTTP/1.1" 200 2085
62-12-231-200.pool.cyberlink.ch - - [14/Oct/2017:16:35:18 +0200] "GET /templates/resellers/7/favicon.ico?v=1506147164 HTTP/1.1" 200 4286
malta1844.startdedicated.de - - [14/Oct/2017:16:43:37 +0200] "GET /var/m_0/0d/0dd/12455/7230909-G5_Matchracing_06.jpg HTTP/1.1" 200 60985
malta1844.startdedicated.de - - [14/Oct/2017:16:46:53 +0200] "GET /var/m_0/0d/0dd/12455/6564744-G3_SKT2015_68.jpg HTTP/1.1" 200 79155
