crawl-66-249-64-30.googlebot.com - - [06/Oct/2017:18:04:27 +0200] "GET /robots.txt HTTP/1.1" 200 80
crawl-66-249-64-30.googlebot.com - - [06/Oct/2017:18:04:28 +0200] "GET / HTTP/1.1" 200 6440
217.ip-149-56-135.net - - [06/Oct/2017:18:04:58 +0200] "GET / HTTP/1.1" 200 6440
8.21.198.13 - - [06/Oct/2017:18:16:17 +0200] "GET /robots.txt HTTP/1.1" 200 80
8.21.198.13 - - [06/Oct/2017:18:16:17 +0200] "GET /segel-grundkurs HTTP/1.1" 200 5378
27.red.226.225.212.procono.es - - [06/Oct/2017:18:18:04 +0200] "GET / HTTP/1.1" 200 35804
27.red.226.225.212.procono.es - - [06/Oct/2017:18:18:07 +0200] "GET /%C3%BCber-uns.shtml HTTP/1.1" 200 21862
27.red.226.225.212.procono.es - - [06/Oct/2017:18:18:11 +0200] "GET /aktuelles-wetter.shtml HTTP/1.1" 200 18388
27.red.226.225.212.procono.es - - [06/Oct/2017:18:18:16 +0200] "GET /davosersee.shtml HTTP/1.1" 200 19505
27.red.226.225.212.procono.es - - [06/Oct/2017:18:18:18 +0200] "GET /event-gruppesmartkat.shtml HTTP/1.1" 200 21256
27.red.226.225.212.procono.es - - [06/Oct/2017:18:18:20 +0200] "GET /event-matchracing.shtml HTTP/1.1" 200 21251
27.red.226.225.212.procono.es - - [06/Oct/2017:18:18:24 +0200] "GET /event-pedalo.shtml HTTP/1.1" 200 20248
27.red.226.225.212.procono.es - - [06/Oct/2017:18:18:26 +0200] "GET /events.shtml HTTP/1.1" 200 22514
27.red.226.225.212.procono.es - - [06/Oct/2017:18:18:29 +0200] "GET /flotte.shtml HTTP/1.1" 200 29241
27.red.226.225.212.procono.es - - [06/Oct/2017:18:18:33 +0200] "GET /galerie-gruppesmartkat.shtml HTTP/1.1" 200 20574
27.red.226.225.212.procono.es - - [06/Oct/2017:18:18:35 +0200] "GET /galerie-matchracing.shtml HTTP/1.1" 200 21704
27.red.226.225.212.procono.es - - [06/Oct/2017:18:18:37 +0200] "GET /galerie-sktrophy-2014.shtml HTTP/1.1" 200 29913
27.red.226.225.212.procono.es - - [06/Oct/2017:18:18:42 +0200] "GET /galerie-sktrophy-2015.shtml HTTP/1.1" 200 49420
27.red.226.225.212.procono.es - - [06/Oct/2017:18:18:47 +0200] "GET /galerie.shtml HTTP/1.1" 200 22747
27.red.226.225.212.procono.es - - [06/Oct/2017:18:18:50 +0200] "GET /kinder-segelkurs.shtml HTTP/1.1" 200 19898
27.red.226.225.212.procono.es - - [06/Oct/2017:18:18:54 +0200] "GET /kursanmeldung.shtml HTTP/1.1" 200 49926
27.red.226.225.212.procono.es - - [06/Oct/2017:18:18:59 +0200] "GET /kurse.shtml HTTP/1.1" 200 31031
27.red.226.225.212.procono.es - - [06/Oct/2017:18:19:03 +0200] "GET /optikurse-2014.shtml HTTP/1.1" 200 26353
27.red.226.225.212.procono.es - - [06/Oct/2017:18:19:06 +0200] "GET /pruefungskurs.shtml HTTP/1.1" 200 23039
27.red.226.225.212.procono.es - - [06/Oct/2017:18:19:08 +0200] "GET /segel-grundkurs.shtml HTTP/1.1" 200 21440
27.red.226.225.212.procono.es - - [06/Oct/2017:18:19:11 +0200] "GET /segelkurs-jollesmartkat.shtml HTTP/1.1" 200 19993
27.red.226.225.212.procono.es - - [06/Oct/2017:18:19:12 +0200] "GET /smartkat-crashkurs.shtml HTTP/1.1" 200 17863
27.red.226.225.212.procono.es - - [06/Oct/2017:18:19:20 +0200] "GET /standort.shtml HTTP/1.1" 200 17547
27.red.226.225.212.procono.es - - [06/Oct/2017:18:19:23 +0200] "GET /vermietung.shtml HTTP/1.1" 200 25728
27.red.226.225.212.procono.es - - [06/Oct/2017:18:19:28 +0200] "GET /js/functions_stripped.js?v=6.6.7.2.41064 HTTP/1.1" 200 7672
27.red.226.225.212.procono.es - - [06/Oct/2017:18:19:30 +0200] "GET /Perspectiva.html? HTTP/1.1" 200 18069
27.red.226.225.212.procono.es - - [06/Oct/2017:18:19:34 +0200] "GET /js/jquery.lazyload.min.js?v=6.6.7.2.41064 HTTP/1.1" 200 3342
27.red.226.225.212.procono.es - - [06/Oct/2017:18:19:36 +0200] "GET /aktuelles-wetter HTTP/1.1" 200 18388
27.red.226.225.212.procono.es - - [06/Oct/2017:18:19:44 +0200] "GET /davosersee HTTP/1.1" 200 19505
27.red.226.225.212.procono.es - - [06/Oct/2017:18:19:50 +0200] "GET /event-gruppesmartkat HTTP/1.1" 200 21256
27.red.226.225.212.procono.es - - [06/Oct/2017:18:19:58 +0200] "GET /event-matchracing HTTP/1.1" 200 21251
27.red.226.225.212.procono.es - - [06/Oct/2017:18:20:01 +0200] "GET /event-pedalo HTTP/1.1" 200 20248
27.red.226.225.212.procono.es - - [06/Oct/2017:18:20:10 +0200] "GET /events HTTP/1.1" 200 22514
27.red.226.225.212.procono.es - - [06/Oct/2017:18:20:19 +0200] "GET /flotte HTTP/1.1" 200 29385
27.red.226.225.212.procono.es - - [06/Oct/2017:18:20:30 +0200] "GET /galerie-gruppesmartkat HTTP/1.1" 200 20574
27.red.226.225.212.procono.es - - [06/Oct/2017:18:20:38 +0200] "GET /galerie-matchracing HTTP/1.1" 200 21704
27.red.226.225.212.procono.es - - [06/Oct/2017:18:20:51 +0200] "GET /galerie-sktrophy-2014 HTTP/1.1" 200 29913
27.red.226.225.212.procono.es - - [06/Oct/2017:18:21:07 +0200] "GET /galerie-sktrophy-2015 HTTP/1.1" 200 49420
27.red.226.225.212.procono.es - - [06/Oct/2017:18:21:32 +0200] "GET /galerie HTTP/1.1" 200 22747
27.red.226.225.212.procono.es - - [06/Oct/2017:18:21:40 +0200] "GET /kinder-segelkurs HTTP/1.1" 200 19898
27.red.226.225.212.procono.es - - [06/Oct/2017:18:21:45 +0200] "GET /kurse HTTP/1.1" 200 31031
27.red.226.225.212.procono.es - - [06/Oct/2017:18:21:56 +0200] "GET /optikurse-2014 HTTP/1.1" 200 26353
27.red.226.225.212.procono.es - - [06/Oct/2017:18:22:06 +0200] "GET /pruefungskurs HTTP/1.1" 200 23039
msnbot-157-55-39-54.search.msn.com - - [06/Oct/2017:18:27:31 +0200] "GET /flotte.shtml HTTP/1.1" 200 6274
google-proxy-66-249-93-71.google.com - - [06/Oct/2017:18:44:43 +0200] "GET /var/m_0/0d/0dd/12455/143351-Header_Segelschule.jpg HTTP/1.1" 200 107532
