msnbot-199-30-24-91.search.msn.com - - [13/Oct/2017:06:08:44 +0200] "GET /var/m_0/0d/0dd/12455/143352-Header_Segelschule_2.jpg HTTP/1.1" 200 107532
malta1844.startdedicated.de - - [13/Oct/2017:06:18:32 +0200] "GET /galerie-matchracing.shtml HTTP/1.1" 200 4859
malta1844.startdedicated.de - - [13/Oct/2017:06:18:32 +0200] "GET /robots.txt HTTP/1.1" 200 80
40.77.179.171 - - [13/Oct/2017:06:23:46 +0200] "GET /css/widgets/concat_widget.min.css?v=6.6.7.2.41064 HTTP/1.1" 200 138686
40.77.179.171 - - [13/Oct/2017:06:23:47 +0200] "GET /templates/creator/m_f/fa/fa7/164/css/main.min.css?v=1483633820 HTTP/1.1" 200 7582
40.77.179.171 - - [13/Oct/2017:06:23:48 +0200] "GET /css/skeleton.css HTTP/1.1" 200 18022
40.77.179.171 - - [13/Oct/2017:06:23:48 +0200] "GET /js/footer/build_social_entries.min.js?v=6.6.7.2.41064 HTTP/1.1" 200 766
40.77.179.171 - - [13/Oct/2017:06:23:49 +0200] "GET /templates/creator/m_f/fa/fa7/164/assets/wp-menu.js?v=1483633820 HTTP/1.1" 200 3661
40.77.179.171 - - [13/Oct/2017:06:23:49 +0200] "GET /templates/creator/m_f/fa/fa7/164/assets/respond.min.js?v=1483633820 HTTP/1.1" 200 4070
40.77.179.171 - - [13/Oct/2017:06:23:50 +0200] "GET /js/functions_stripped.js?v=6.6.7.2.41064 HTTP/1.1" 200 7672
40.77.179.171 - - [13/Oct/2017:06:23:50 +0200] "GET /var/m_0/0d/0dd/12455/143352-Header_Segelschule_2.jpg HTTP/1.1" 200 107532
ip-220-121.dataclub.eu - - [13/Oct/2017:06:51:57 +0200] "GET / HTTP/1.1" 200 35804
ip-220-121.dataclub.eu - - [13/Oct/2017:06:51:58 +0200] "GET /galerie.shtml HTTP/1.1" 200 22747
ip-220-121.dataclub.eu - - [13/Oct/2017:06:51:57 +0200] "GET /events.shtml HTTP/1.1" 200 22514
ip-220-121.dataclub.eu - - [13/Oct/2017:06:51:59 +0200] "GET /kurse.shtml HTTP/1.1" 200 31031
ip-220-121.dataclub.eu - - [13/Oct/2017:06:52:00 +0200] "GET /vermietung.shtml HTTP/1.1" 200 25728
ip-220-121.dataclub.eu - - [13/Oct/2017:06:52:00 +0200] "GET /event-gruppesmartkat.shtml HTTP/1.1" 200 21256
ip-220-121.dataclub.eu - - [13/Oct/2017:06:52:01 +0200] "GET /event-pedalo.shtml HTTP/1.1" 200 20248
ip-220-121.dataclub.eu - - [13/Oct/2017:06:52:01 +0200] "GET /event-matchracing.shtml HTTP/1.1" 200 21251
ip-220-121.dataclub.eu - - [13/Oct/2017:06:52:01 +0200] "GET /galerie-gruppesmartkat.shtml HTTP/1.1" 200 20574
ip-220-121.dataclub.eu - - [13/Oct/2017:06:52:04 +0200] "GET /galerie-sktrophy-2015.shtml HTTP/1.1" 200 49420
ip-220-121.dataclub.eu - - [13/Oct/2017:06:52:04 +0200] "GET /galerie-matchracing.shtml HTTP/1.1" 200 21704
ip-220-121.dataclub.eu - - [13/Oct/2017:06:52:04 +0200] "GET /galerie-sktrophy-2014.shtml HTTP/1.1" 200 29913
ip-220-121.dataclub.eu - - [13/Oct/2017:06:52:04 +0200] "GET /optikurse-2014.shtml HTTP/1.1" 200 26353
ip-220-121.dataclub.eu - - [13/Oct/2017:06:52:05 +0200] "GET /kinder-segelkurs.shtml HTTP/1.1" 200 19898
ip-220-121.dataclub.eu - - [13/Oct/2017:06:52:05 +0200] "GET /smartkat-crashkurs.shtml HTTP/1.1" 200 17863
ip-220-121.dataclub.eu - - [13/Oct/2017:06:52:05 +0200] "GET /segel-grundkurs.shtml HTTP/1.1" 200 21440
ip-220-121.dataclub.eu - - [13/Oct/2017:06:52:05 +0200] "GET /pruefungskurs.shtml HTTP/1.1" 200 23039
ip-220-121.dataclub.eu - - [13/Oct/2017:06:52:05 +0200] "GET /flotte.shtml HTTP/1.1" 200 29241
ip-220-121.dataclub.eu - - [13/Oct/2017:06:52:05 +0200] "GET /segelkurs-jollesmartkat.shtml HTTP/1.1" 200 19993
ip-220-121.dataclub.eu - - [13/Oct/2017:06:52:06 +0200] "GET /Perspectiva.html? HTTP/1.1" 200 18069
ip-220-121.dataclub.eu - - [13/Oct/2017:06:52:06 +0200] "GET /js/functions_stripped.js?v=6.6.7.2.41064 HTTP/1.1" 200 7672
ip-220-121.dataclub.eu - - [13/Oct/2017:06:52:07 +0200] "GET /aktuelles-wetter HTTP/1.1" 200 18388
ip-220-121.dataclub.eu - - [13/Oct/2017:06:52:07 +0200] "GET /event-gruppesmartkat HTTP/1.1" 200 21256
ip-220-121.dataclub.eu - - [13/Oct/2017:06:52:07 +0200] "GET /davosersee HTTP/1.1" 200 19505
ip-220-121.dataclub.eu - - [13/Oct/2017:06:52:07 +0200] "GET /js/jquery.lazyload.min.js?v=6.6.7.2.41064 HTTP/1.1" 200 3342
ip-220-121.dataclub.eu - - [13/Oct/2017:06:52:07 +0200] "GET /js/).html(a);null==$( HTTP/1.1" 200 219
ip-220-121.dataclub.eu - - [13/Oct/2017:06:52:08 +0200] "GET /event-matchracing HTTP/1.1" 200 21251
ip-220-121.dataclub.eu - - [13/Oct/2017:06:52:08 +0200] "GET /events HTTP/1.1" 200 22514
ip-220-121.dataclub.eu - - [13/Oct/2017:06:52:08 +0200] "GET /flotte HTTP/1.1" 200 29385
ip-220-121.dataclub.eu - - [13/Oct/2017:06:52:08 +0200] "GET /event-pedalo HTTP/1.1" 200 20248
crawl-66-249-64-30.googlebot.com - - [13/Oct/2017:06:57:11 +0200] "GET / HTTP/1.1" 200 6440
