172-245-222-13-host.colocrossing.com - - [01/Oct/2017:14:18:17 +0200] "GET / HTTP/1.1" 200 35804
172-245-222-13-host.colocrossing.com - - [01/Oct/2017:14:18:19 +0200] "GET /%C3%BCber-uns.shtml HTTP/1.1" 200 21862
172-245-222-13-host.colocrossing.com - - [01/Oct/2017:14:18:20 +0200] "GET /aktuelles-wetter.shtml HTTP/1.1" 200 18388
172-245-222-13-host.colocrossing.com - - [01/Oct/2017:14:18:22 +0200] "GET /davosersee.shtml HTTP/1.1" 200 19505
172-245-222-13-host.colocrossing.com - - [01/Oct/2017:14:18:23 +0200] "GET /event-gruppesmartkat.shtml HTTP/1.1" 200 21256
172-245-222-13-host.colocrossing.com - - [01/Oct/2017:14:18:25 +0200] "GET /event-matchracing.shtml HTTP/1.1" 200 21251
172-245-222-13-host.colocrossing.com - - [01/Oct/2017:14:18:26 +0200] "GET /event-pedalo.shtml HTTP/1.1" 200 20248
172-245-222-13-host.colocrossing.com - - [01/Oct/2017:14:18:27 +0200] "GET /flotte.shtml HTTP/1.1" 200 29241
172-245-222-13-host.colocrossing.com - - [01/Oct/2017:14:18:27 +0200] "GET /events.shtml HTTP/1.1" 200 22514
172-245-222-13-host.colocrossing.com - - [01/Oct/2017:14:18:28 +0200] "GET /galerie-gruppesmartkat.shtml HTTP/1.1" 200 20574
172-245-222-13-host.colocrossing.com - - [01/Oct/2017:14:18:29 +0200] "GET /galerie-matchracing.shtml HTTP/1.1" 200 21704
172-245-222-13-host.colocrossing.com - - [01/Oct/2017:14:18:30 +0200] "GET /galerie-sktrophy-2014.shtml HTTP/1.1" 200 29913
172-245-222-13-host.colocrossing.com - - [01/Oct/2017:14:18:31 +0200] "GET /galerie.shtml HTTP/1.1" 200 22747
172-245-222-13-host.colocrossing.com - - [01/Oct/2017:14:18:31 +0200] "GET /galerie-sktrophy-2015.shtml HTTP/1.1" 200 49420
172-245-222-13-host.colocrossing.com - - [01/Oct/2017:14:18:32 +0200] "GET /kursanmeldung.shtml HTTP/1.1" 200 49926
172-245-222-13-host.colocrossing.com - - [01/Oct/2017:14:18:32 +0200] "GET /kinder-segelkurs.shtml HTTP/1.1" 200 19898
172-245-222-13-host.colocrossing.com - - [01/Oct/2017:14:18:34 +0200] "GET /kurse.shtml HTTP/1.1" 200 31031
172-245-222-13-host.colocrossing.com - - [01/Oct/2017:14:18:35 +0200] "GET /optikurse-2014.shtml HTTP/1.1" 200 26353
172-245-222-13-host.colocrossing.com - - [01/Oct/2017:14:18:37 +0200] "GET /pruefungskurs.shtml HTTP/1.1" 200 23039
172-245-222-13-host.colocrossing.com - - [01/Oct/2017:14:18:37 +0200] "GET /segel-grundkurs.shtml HTTP/1.1" 200 21440
172-245-222-13-host.colocrossing.com - - [01/Oct/2017:14:18:39 +0200] "GET /smartkat-crashkurs.shtml HTTP/1.1" 200 17863
172-245-222-13-host.colocrossing.com - - [01/Oct/2017:14:18:39 +0200] "GET /standort.shtml HTTP/1.1" 200 17547
172-245-222-13-host.colocrossing.com - - [01/Oct/2017:14:18:39 +0200] "GET /segelkurs-jollesmartkat.shtml HTTP/1.1" 200 19993
172-245-222-13-host.colocrossing.com - - [01/Oct/2017:14:18:40 +0200] "GET /vermietung.shtml HTTP/1.1" 200 25728
172-245-222-13-host.colocrossing.com - - [01/Oct/2017:14:18:41 +0200] "GET /js/functions_stripped.js?v=6.6.7.2.41064 HTTP/1.1" 200 7672
172-245-222-13-host.colocrossing.com - - [01/Oct/2017:14:18:42 +0200] "GET /Perspectiva.html? HTTP/1.1" 200 18069
172-245-222-13-host.colocrossing.com - - [01/Oct/2017:14:18:42 +0200] "GET /js/jquery.lazyload.min.js?v=6.6.7.2.41064 HTTP/1.1" 200 3342
172-245-222-13-host.colocrossing.com - - [01/Oct/2017:14:18:44 +0200] "GET /aktuelles-wetter HTTP/1.1" 200 18388
hydrogen321.a.ahrefs.com - - [01/Oct/2017:14:42:57 +0200] "GET /var/m_0/0d/0dd/12455/143512-G2_Optikurs2014_07.jpg HTTP/1.1" 200 120979
hydrogen213.a.ahrefs.com - - [01/Oct/2017:14:56:29 +0200] "GET /var/m_0/0d/0dd/12455/125504-37_Pedalo.JPG HTTP/1.1" 200 86938
