hydrogen187.a.ahrefs.com - - [07/Nov/2017:16:04:25 +0100] "GET /var/m_0/0d/0dd/12455/143501-G1_SKT2014_23.JPG HTTP/1.1" 200 144811
213.55.211.8 - - [07/Nov/2017:16:54:28 +0100] "GET /var/m_0/0d/0dd/12455/126126-43_See.JPG HTTP/1.1" 200 86511
62.20.76.83.dynamic.wline.res.cust.swisscom.ch - - [07/Nov/2017:16:55:29 +0100] "GET /js/footer/get_deps.min.js?v=6.6.7.2.41064 HTTP/1.1" 200 157
62.20.76.83.dynamic.wline.res.cust.swisscom.ch - - [07/Nov/2017:16:55:29 +0100] "GET /js/footer/build_social_entries.min.js?v=6.6.7.2.41064 HTTP/1.1" 200 278
62.20.76.83.dynamic.wline.res.cust.swisscom.ch - - [07/Nov/2017:16:55:29 +0100] "GET /templates/creator/m_f/fa/fa7/164/assets/respond.min.js?v=1483633820 HTTP/1.1" 200 2085
62.20.76.83.dynamic.wline.res.cust.swisscom.ch - - [07/Nov/2017:16:55:29 +0100] "GET /templates/creator/m_f/fa/fa7/164/assets/slide.js?v=1483633820 HTTP/1.1" 200 662
62.20.76.83.dynamic.wline.res.cust.swisscom.ch - - [07/Nov/2017:16:55:29 +0100] "GET /templates/creator/m_f/fa/fa7/164/assets/wp-menu.js?v=1483633820 HTTP/1.1" 200 1089
62.20.76.83.dynamic.wline.res.cust.swisscom.ch - - [07/Nov/2017:16:55:29 +0100] "GET /templates/creator/m_f/fa/fa7/164/css/style.min.css?v=1483633820 HTTP/1.1" 200 847
62.20.76.83.dynamic.wline.res.cust.swisscom.ch - - [07/Nov/2017:16:55:29 +0100] "GET / HTTP/1.1" 200 6440
62.20.76.83.dynamic.wline.res.cust.swisscom.ch - - [07/Nov/2017:16:55:29 +0100] "GET /css/skeleton.css HTTP/1.1" 200 3511
62.20.76.83.dynamic.wline.res.cust.swisscom.ch - - [07/Nov/2017:16:55:29 +0100] "GET /css/widgets/concat_widget.min.css?v=6.6.7.2.41064 HTTP/1.1" 200 24507
62.20.76.83.dynamic.wline.res.cust.swisscom.ch - - [07/Nov/2017:16:55:29 +0100] "GET /js/functions_stripped.js?v=6.6.7.2.41064 HTTP/1.1" 200 3186
62.20.76.83.dynamic.wline.res.cust.swisscom.ch - - [07/Nov/2017:16:55:29 +0100] "GET /templates/creator/m_f/fa/fa7/164/css/main.min.css?v=1483633820 HTTP/1.1" 200 1797
62.20.76.83.dynamic.wline.res.cust.swisscom.ch - - [07/Nov/2017:16:55:29 +0100] "GET /js/jquery.lazyload.min.js?v=6.6.7.2.41064 HTTP/1.1" 200 1283
62.20.76.83.dynamic.wline.res.cust.swisscom.ch - - [07/Nov/2017:16:55:29 +0100] "GET /var/m_0/0d/0dd/12455/143351-Header_Segelschule.jpg HTTP/1.1" 200 107532
62.20.76.83.dynamic.wline.res.cust.swisscom.ch - - [07/Nov/2017:16:55:30 +0100] "GET /var/m_0/0d/0dd/12455/7230972-19_Matchracing.jpg HTTP/1.1" 200 55347
62.20.76.83.dynamic.wline.res.cust.swisscom.ch - - [07/Nov/2017:16:55:30 +0100] "GET /var/m_0/0d/0dd/12455/6564603-SK_Tro_Head.jpg HTTP/1.1" 200 136780
62.20.76.83.dynamic.wline.res.cust.swisscom.ch - - [07/Nov/2017:16:55:30 +0100] "GET /var/m_0/0d/0dd/12455/125495-15_Event.JPG HTTP/1.1" 200 59088
62.20.76.83.dynamic.wline.res.cust.swisscom.ch - - [07/Nov/2017:16:55:30 +0100] "GET /var/m_0/0d/0dd/12455/143586-SP_DK1.jpg HTTP/1.1" 200 3071
62.20.76.83.dynamic.wline.res.cust.swisscom.ch - - [07/Nov/2017:16:55:30 +0100] "GET /var/m_0/0d/0dd/12455/143580-SP_Heierling1.jpg HTTP/1.1" 200 2613
62.20.76.83.dynamic.wline.res.cust.swisscom.ch - - [07/Nov/2017:16:55:30 +0100] "GET /var/m_0/0d/0dd/12455/143582-SP_Gipfel1.jpg HTTP/1.1" 200 2688
62.20.76.83.dynamic.wline.res.cust.swisscom.ch - - [07/Nov/2017:16:55:30 +0100] "GET /var/m_0/0d/0dd/12455/8254793-J70_Davos.w1024.jpg HTTP/1.1" 200 191999
62.20.76.83.dynamic.wline.res.cust.swisscom.ch - - [07/Nov/2017:16:55:30 +0100] "GET /var/m_0/0d/0dd/12455/8218280-65_Regatta.JPG HTTP/1.1" 200 192350
62.20.76.83.dynamic.wline.res.cust.swisscom.ch - - [07/Nov/2017:16:55:30 +0100] "GET /var/m_0/0d/0dd/12455/125493-13_Kurse.JPG HTTP/1.1" 200 70517
62.20.76.83.dynamic.wline.res.cust.swisscom.ch - - [07/Nov/2017:16:55:30 +0100] "GET /var/m_0/0d/0dd/12455/125494-14_Vermietung.JPG HTTP/1.1" 200 95115
62.20.76.83.dynamic.wline.res.cust.swisscom.ch - - [07/Nov/2017:16:55:30 +0100] "GET /var/m_0/0d/0dd/12455/143584-SP_Lemm1.jpg HTTP/1.1" 200 2321
62.20.76.83.dynamic.wline.res.cust.swisscom.ch - - [07/Nov/2017:16:55:30 +0100] "GET /var/m_0/0d/0dd/12455/8288159-EWD_rgb_pos.jpg HTTP/1.1" 200 207458
62.20.76.83.dynamic.wline.res.cust.swisscom.ch - - [07/Nov/2017:16:55:31 +0100] "GET /templates/resellers/7/favicon.ico?v=1506103971 HTTP/1.1" 200 4286
62.20.76.83.dynamic.wline.res.cust.swisscom.ch - - [07/Nov/2017:16:56:14 +0100] "GET /js/fancybox2/jquery.fancybox.min.js?v=6.6.7.2.41064 HTTP/1.1" 200 6267
62.20.76.83.dynamic.wline.res.cust.swisscom.ch - - [07/Nov/2017:16:56:14 +0100] "GET /event-gruppesmartkat.shtml HTTP/1.1" 200 5645
62.20.76.83.dynamic.wline.res.cust.swisscom.ch - - [07/Nov/2017:16:56:14 +0100] "GET /js/fancybox2/jquery.fancybox.min.css?v=6.6.7.2.41064 HTTP/1.1" 200 1020
62.20.76.83.dynamic.wline.res.cust.swisscom.ch - - [07/Nov/2017:16:56:14 +0100] "GET /var/m_0/0d/0dd/12455/143352-Header_Segelschule_2.jpg HTTP/1.1" 200 107532
62.20.76.83.dynamic.wline.res.cust.swisscom.ch - - [07/Nov/2017:16:56:14 +0100] "GET /js/efu/w.gallery.min.js?v=6.6.7.2.41064 HTTP/1.1" 200 181
62.20.76.83.dynamic.wline.res.cust.swisscom.ch - - [07/Nov/2017:16:56:14 +0100] "GET /js/efu/main.min.js?v=6.6.7.2.41064 HTTP/1.1" 200 1746
62.20.76.83.dynamic.wline.res.cust.swisscom.ch - - [07/Nov/2017:16:56:14 +0100] "GET /js/galleryLightbox/gallery-paging.min.js?v=6.6.7.2.41064 HTTP/1.1" 200 1107
62.20.76.83.dynamic.wline.res.cust.swisscom.ch - - [07/Nov/2017:16:56:15 +0100] "GET /var/m_0/0d/0dd/12455/7230936-G4_Event_SK_04.jpg HTTP/1.1" 200 87335
62.20.76.83.dynamic.wline.res.cust.swisscom.ch - - [07/Nov/2017:16:56:15 +0100] "GET /templates/resellers/7/favicon.ico?v=1506149005 HTTP/1.1" 200 4286
62.20.76.83.dynamic.wline.res.cust.swisscom.ch - - [07/Nov/2017:16:56:15 +0100] "GET /var/m_0/0d/0dd/12455/7230938-G4_Event_SK_06.jpg HTTP/1.1" 200 67404
62.20.76.83.dynamic.wline.res.cust.swisscom.ch - - [07/Nov/2017:16:56:15 +0100] "GET /var/m_0/0d/0dd/12455/125486-2_Sportkurs.JPG HTTP/1.1" 200 69000
