malta2970.startdedicated.de - - [15/Oct/2017:12:13:16 +0200] "GET /robots.txt HTTP/1.1" 200 80
malta2970.startdedicated.de - - [15/Oct/2017:12:13:16 +0200] "GET /var/m_0/0d/0dd/12455/143483-G1_SKT2014_07.JPG HTTP/1.1" 200 144574
malta1844.startdedicated.de - - [15/Oct/2017:12:25:16 +0200] "GET /var/m_0/0d/0dd/12455/143495-G1_SKT2014_17.JPG HTTP/1.1" 200 175692
malta1844.startdedicated.de - - [15/Oct/2017:12:25:16 +0200] "GET /robots.txt HTTP/1.1" 200 80
32.128.20.95.dynamic.jazztel.es - - [15/Oct/2017:12:28:22 +0200] "GET / HTTP/1.1" 200 35804
32.128.20.95.dynamic.jazztel.es - - [15/Oct/2017:12:28:24 +0200] "GET /events.shtml HTTP/1.1" 200 22514
32.128.20.95.dynamic.jazztel.es - - [15/Oct/2017:12:28:25 +0200] "GET /galerie.shtml HTTP/1.1" 200 22747
32.128.20.95.dynamic.jazztel.es - - [15/Oct/2017:12:28:26 +0200] "GET /kurse.shtml HTTP/1.1" 200 31031
32.128.20.95.dynamic.jazztel.es - - [15/Oct/2017:12:28:27 +0200] "GET /vermietung.shtml HTTP/1.1" 200 25728
32.128.20.95.dynamic.jazztel.es - - [15/Oct/2017:12:28:27 +0200] "GET /event-gruppesmartkat.shtml HTTP/1.1" 200 21256
32.128.20.95.dynamic.jazztel.es - - [15/Oct/2017:12:28:28 +0200] "GET /event-matchracing.shtml HTTP/1.1" 200 21251
32.128.20.95.dynamic.jazztel.es - - [15/Oct/2017:12:28:29 +0200] "GET /event-pedalo.shtml HTTP/1.1" 200 20248
32.128.20.95.dynamic.jazztel.es - - [15/Oct/2017:12:28:30 +0200] "GET /galerie-gruppesmartkat.shtml HTTP/1.1" 200 20574
32.128.20.95.dynamic.jazztel.es - - [15/Oct/2017:12:28:30 +0200] "GET /galerie-sktrophy-2014.shtml HTTP/1.1" 200 29913
32.128.20.95.dynamic.jazztel.es - - [15/Oct/2017:12:28:30 +0200] "GET /galerie-matchracing.shtml HTTP/1.1" 200 21704
32.128.20.95.dynamic.jazztel.es - - [15/Oct/2017:12:28:31 +0200] "GET /galerie-sktrophy-2015.shtml HTTP/1.1" 200 49420
32.128.20.95.dynamic.jazztel.es - - [15/Oct/2017:12:28:31 +0200] "GET /optikurse-2014.shtml HTTP/1.1" 200 26353
32.128.20.95.dynamic.jazztel.es - - [15/Oct/2017:12:28:32 +0200] "GET /kinder-segelkurs.shtml HTTP/1.1" 200 19898
32.128.20.95.dynamic.jazztel.es - - [15/Oct/2017:12:28:32 +0200] "GET /pruefungskurs.shtml HTTP/1.1" 200 23039
32.128.20.95.dynamic.jazztel.es - - [15/Oct/2017:12:28:32 +0200] "GET /segel-grundkurs.shtml HTTP/1.1" 200 21440
32.128.20.95.dynamic.jazztel.es - - [15/Oct/2017:12:28:33 +0200] "GET /flotte.shtml HTTP/1.1" 200 29241
32.128.20.95.dynamic.jazztel.es - - [15/Oct/2017:12:28:33 +0200] "GET /js/functions_stripped.js?v=6.6.7.2.41064 HTTP/1.1" 200 7672
32.128.20.95.dynamic.jazztel.es - - [15/Oct/2017:12:28:33 +0200] "GET /segelkurs-jollesmartkat.shtml HTTP/1.1" 200 19993
32.128.20.95.dynamic.jazztel.es - - [15/Oct/2017:12:28:33 +0200] "GET /smartkat-crashkurs.shtml HTTP/1.1" 200 17863
32.128.20.95.dynamic.jazztel.es - - [15/Oct/2017:12:28:34 +0200] "GET /js/jquery.lazyload.min.js?v=6.6.7.2.41064 HTTP/1.1" 200 3342
32.128.20.95.dynamic.jazztel.es - - [15/Oct/2017:12:28:34 +0200] "GET /Perspectiva.html? HTTP/1.1" 200 18069
32.128.20.95.dynamic.jazztel.es - - [15/Oct/2017:12:28:35 +0200] "GET /js/index.php?sid=46&lang=en&item=1&act=users&ajax=state HTTP/1.1" 200 210
32.128.20.95.dynamic.jazztel.es - - [15/Oct/2017:12:28:35 +0200] "GET /js/).html(a);null==$( HTTP/1.1" 200 219
32.128.20.95.dynamic.jazztel.es - - [15/Oct/2017:12:28:36 +0200] "GET /aktuelles-wetter HTTP/1.1" 200 18388
32.128.20.95.dynamic.jazztel.es - - [15/Oct/2017:12:28:37 +0200] "GET /event-matchracing HTTP/1.1" 200 21251
32.128.20.95.dynamic.jazztel.es - - [15/Oct/2017:12:28:37 +0200] "GET /event-pedalo HTTP/1.1" 200 20248
32.128.20.95.dynamic.jazztel.es - - [15/Oct/2017:12:28:37 +0200] "GET /davosersee HTTP/1.1" 200 19505
32.128.20.95.dynamic.jazztel.es - - [15/Oct/2017:12:28:37 +0200] "GET /event-gruppesmartkat HTTP/1.1" 200 21256
32.128.20.95.dynamic.jazztel.es - - [15/Oct/2017:12:28:38 +0200] "GET /events HTTP/1.1" 200 22514
malta1844.startdedicated.de - - [15/Oct/2017:12:32:06 +0200] "GET /var/m_0/0d/0dd/12455/7230904-G5_Matchracing_01.jpg HTTP/1.1" 200 64265
malta2970.startdedicated.de - - [15/Oct/2017:12:49:46 +0200] "GET /var/m_0/0d/0dd/12455/6564691-G3_SKT2015_21.jpg HTTP/1.1" 200 121870
malta2970.startdedicated.de - - [15/Oct/2017:12:49:46 +0200] "GET /robots.txt HTTP/1.1" 200 80
malta1844.startdedicated.de - - [15/Oct/2017:12:51:04 +0200] "GET /robots.txt HTTP/1.1" 200 80
malta1844.startdedicated.de - - [15/Oct/2017:12:51:05 +0200] "GET /var/m_0/0d/0dd/12455/6564672-G3_SKT2015_05.jpg HTTP/1.1" 200 207849
