crawl-66-249-64-27.googlebot.com - - [18/Nov/2017:03:07:38 +0100] "GET /robots.txt HTTP/1.1" 200 80
crawl-66-249-64-27.googlebot.com - - [18/Nov/2017:03:07:38 +0100] "GET /var/m_0/0d/0dd/12455/126374-6_Schnupperkurs.JPG HTTP/1.1" 304 -
fulltextrobot-77-75-76-170.seznam.cz - - [18/Nov/2017:03:10:03 +0100] "GET /robots.txt HTTP/1.1" 200 80
fulltextrobot-77-75-76-170.seznam.cz - - [18/Nov/2017:03:10:03 +0100] "GET /galerie HTTP/1.1" 200 4483
msnbot-207-46-13-86.search.msn.com - - [18/Nov/2017:03:22:07 +0100] "GET /%C3%83%C6%92%C3%82%C2%BCber-uns.shtml HTTP/1.1" 200 4297
78.208.18.95.dynamic.jazztel.es - - [18/Nov/2017:03:32:44 +0100] "GET / HTTP/1.1" 200 35804
78.208.18.95.dynamic.jazztel.es - - [18/Nov/2017:03:32:45 +0100] "GET /%C3%BCber-uns.shtml HTTP/1.1" 200 21862
78.208.18.95.dynamic.jazztel.es - - [18/Nov/2017:03:32:46 +0100] "GET /event-matchracing.shtml HTTP/1.1" 200 21251
78.208.18.95.dynamic.jazztel.es - - [18/Nov/2017:03:32:46 +0100] "GET /event-gruppesmartkat.shtml HTTP/1.1" 200 21256
78.208.18.95.dynamic.jazztel.es - - [18/Nov/2017:03:32:45 +0100] "GET /aktuelles-wetter.shtml HTTP/1.1" 200 18388
78.208.18.95.dynamic.jazztel.es - - [18/Nov/2017:03:32:46 +0100] "GET /davosersee.shtml HTTP/1.1" 200 19505
78.208.18.95.dynamic.jazztel.es - - [18/Nov/2017:03:32:47 +0100] "GET /events.shtml HTTP/1.1" 200 22514
78.208.18.95.dynamic.jazztel.es - - [18/Nov/2017:03:32:47 +0100] "GET /event-pedalo.shtml HTTP/1.1" 200 20248
78.208.18.95.dynamic.jazztel.es - - [18/Nov/2017:03:32:47 +0100] "GET /flotte.shtml HTTP/1.1" 200 29241
78.208.18.95.dynamic.jazztel.es - - [18/Nov/2017:03:32:48 +0100] "GET /galerie-gruppesmartkat.shtml HTTP/1.1" 200 20574
78.208.18.95.dynamic.jazztel.es - - [18/Nov/2017:03:32:48 +0100] "GET /galerie-sktrophy-2015.shtml HTTP/1.1" 200 49420
78.208.18.95.dynamic.jazztel.es - - [18/Nov/2017:03:32:48 +0100] "GET /galerie-matchracing.shtml HTTP/1.1" 200 21704
78.208.18.95.dynamic.jazztel.es - - [18/Nov/2017:03:32:48 +0100] "GET /galerie-sktrophy-2014.shtml HTTP/1.1" 200 29913
78.208.18.95.dynamic.jazztel.es - - [18/Nov/2017:03:32:49 +0100] "GET /kinder-segelkurs.shtml HTTP/1.1" 200 19898
78.208.18.95.dynamic.jazztel.es - - [18/Nov/2017:03:32:49 +0100] "GET /kurse.shtml HTTP/1.1" 200 31031
78.208.18.95.dynamic.jazztel.es - - [18/Nov/2017:03:32:49 +0100] "GET /galerie.shtml HTTP/1.1" 200 22747
78.208.18.95.dynamic.jazztel.es - - [18/Nov/2017:03:32:49 +0100] "GET /kursanmeldung.shtml HTTP/1.1" 200 49926
78.208.18.95.dynamic.jazztel.es - - [18/Nov/2017:03:32:50 +0100] "GET /pruefungskurs.shtml HTTP/1.1" 200 23039
78.208.18.95.dynamic.jazztel.es - - [18/Nov/2017:03:32:49 +0100] "GET /optikurse-2014.shtml HTTP/1.1" 200 26353
78.208.18.95.dynamic.jazztel.es - - [18/Nov/2017:03:32:50 +0100] "GET /segel-grundkurs.shtml HTTP/1.1" 200 21440
78.208.18.95.dynamic.jazztel.es - - [18/Nov/2017:03:32:51 +0100] "GET /smartkat-crashkurs.shtml HTTP/1.1" 200 17863
78.208.18.95.dynamic.jazztel.es - - [18/Nov/2017:03:32:51 +0100] "GET /segelkurs-jollesmartkat.shtml HTTP/1.1" 200 19993
78.208.18.95.dynamic.jazztel.es - - [18/Nov/2017:03:32:51 +0100] "GET /vermietung.shtml HTTP/1.1" 200 25728
78.208.18.95.dynamic.jazztel.es - - [18/Nov/2017:03:32:51 +0100] "GET /standort.shtml HTTP/1.1" 200 17547
78.208.18.95.dynamic.jazztel.es - - [18/Nov/2017:03:32:52 +0100] "GET /js/functions_stripped.js?v=6.6.7.2.41064 HTTP/1.1" 200 7672
78.208.18.95.dynamic.jazztel.es - - [18/Nov/2017:03:32:52 +0100] "GET /Perspectiva.html? HTTP/1.1" 200 18069
78.208.18.95.dynamic.jazztel.es - - [18/Nov/2017:03:32:52 +0100] "GET /js/jquery.lazyload.min.js?v=6.6.7.2.41064 HTTP/1.1" 200 3342
78.208.18.95.dynamic.jazztel.es - - [18/Nov/2017:03:32:53 +0100] "GET /aktuelles-wetter HTTP/1.1" 200 18388
78.208.18.95.dynamic.jazztel.es - - [18/Nov/2017:03:32:53 +0100] "GET /event-matchracing HTTP/1.1" 200 21251
78.208.18.95.dynamic.jazztel.es - - [18/Nov/2017:03:32:53 +0100] "GET /event-gruppesmartkat HTTP/1.1" 200 21256
78.208.18.95.dynamic.jazztel.es - - [18/Nov/2017:03:32:53 +0100] "GET /davosersee HTTP/1.1" 200 19505
78.208.18.95.dynamic.jazztel.es - - [18/Nov/2017:03:32:54 +0100] "GET /flotte HTTP/1.1" 200 29385
78.208.18.95.dynamic.jazztel.es - - [18/Nov/2017:03:32:54 +0100] "GET /event-pedalo HTTP/1.1" 200 20248
78.208.18.95.dynamic.jazztel.es - - [18/Nov/2017:03:32:54 +0100] "GET /galerie-gruppesmartkat HTTP/1.1" 200 20574
78.208.18.95.dynamic.jazztel.es - - [18/Nov/2017:03:32:54 +0100] "GET /events HTTP/1.1" 200 22514
78.208.18.95.dynamic.jazztel.es - - [18/Nov/2017:03:32:55 +0100] "GET /galerie-matchracing HTTP/1.1" 200 21704
78.208.18.95.dynamic.jazztel.es - - [18/Nov/2017:03:32:56 +0100] "GET /galerie-sktrophy-2015 HTTP/1.1" 200 49420
78.208.18.95.dynamic.jazztel.es - - [18/Nov/2017:03:32:56 +0100] "GET /galerie-sktrophy-2014 HTTP/1.1" 200 29913
78.208.18.95.dynamic.jazztel.es - - [18/Nov/2017:03:32:56 +0100] "GET /galerie HTTP/1.1" 200 22747
78.208.18.95.dynamic.jazztel.es - - [18/Nov/2017:03:32:57 +0100] "GET /optikurse-2014 HTTP/1.1" 200 26353
78.208.18.95.dynamic.jazztel.es - - [18/Nov/2017:03:32:57 +0100] "GET /kinder-segelkurs HTTP/1.1" 200 19898
78.208.18.95.dynamic.jazztel.es - - [18/Nov/2017:03:32:57 +0100] "GET /kurse HTTP/1.1" 200 31031
78.208.18.95.dynamic.jazztel.es - - [18/Nov/2017:03:32:58 +0100] "GET /pruefungskurs HTTP/1.1" 200 23039
b115340.yse.yahoo.net - - [18/Nov/2017:03:34:50 +0100] "GET /robots.txt HTTP/1.1" 200 120
b115340.yse.yahoo.net - - [18/Nov/2017:03:34:51 +0100] "GET /smartkat-crashkurs.shtml HTTP/1.1" 200 4808
msnbot-207-46-13-86.search.msn.com - - [18/Nov/2017:03:41:34 +0100] "GET /index.php?option=com_content&task=view&id=48&Itemid=115 HTTP/1.1" 302 -
195.141.126.4 - - [18/Nov/2017:03:54:14 +0100] "GET /events.shtml HTTP/1.1" 200 5297
195.141.126.4 - - [18/Nov/2017:03:59:10 +0100] "GET /flotte.shtml HTTP/1.1" 200 6274
