msnbot-157-55-39-36.search.msn.com - - [30/Sep/2017:06:04:14 +0200] "GET /var/m_0/0d/0dd/12455/143352-Header_Segelschule_2.jpg HTTP/1.1" 200 107532
107.150.58.196 - - [30/Sep/2017:06:08:08 +0200] "GET /wp-login.php HTTP/1.1" 200 18069
msnbot-40-77-167-125.search.msn.com - - [30/Sep/2017:06:08:38 +0200] "GET /var/m_0/0d/0dd/12455/7230972-19_Matchracing.jpg HTTP/1.1" 200 55347
107.150.58.196 - - [30/Sep/2017:06:08:41 +0200] "GET /wp-login.php HTTP/1.1" 200 18069
107.150.58.196 - - [30/Sep/2017:06:08:42 +0200] "GET /wp-login.php HTTP/1.1" 200 18069
17-142-156-178.applebot.apple.com - - [30/Sep/2017:06:09:25 +0200] "GET / HTTP/1.1" 200 6440
17-142-156-178.applebot.apple.com - - [30/Sep/2017:06:09:26 +0200] "GET /var/m_0/0d/0dd/12455/143351-Header_Segelschule.jpg HTTP/1.1" 200 107532
17-142-156-178.applebot.apple.com - - [30/Sep/2017:06:09:26 +0200] "GET /var/m_0/0d/0dd/12455/143351-Header_Segelschule.jpg HTTP/1.1" 200 107532
17-142-156-178.applebot.apple.com - - [30/Sep/2017:06:09:26 +0200] "GET /var/m_0/0d/0dd/12455/143351-Header_Segelschule.jpg HTTP/1.1" 200 107532
17-142-156-178.applebot.apple.com - - [30/Sep/2017:06:09:26 +0200] "GET /var/m_0/0d/0dd/12455/143351-Header_Segelschule.jpg HTTP/1.1" 200 107532
17-142-156-178.applebot.apple.com - - [30/Sep/2017:06:09:26 +0200] "GET /var/m_0/0d/0dd/12455/143351-Header_Segelschule.jpg HTTP/1.1" 200 107532
17-142-156-178.applebot.apple.com - - [30/Sep/2017:06:09:26 +0200] "GET /var/m_0/0d/0dd/12455/143351-Header_Segelschule.jpg HTTP/1.1" 200 107532
17-142-156-178.applebot.apple.com - - [30/Sep/2017:06:09:26 +0200] "GET /var/m_0/0d/0dd/12455/143351-Header_Segelschule.jpg HTTP/1.1" 200 107532
17-142-156-178.applebot.apple.com - - [30/Sep/2017:06:09:26 +0200] "GET /var/m_0/0d/0dd/12455/143351-Header_Segelschule.jpg HTTP/1.1" 200 107532
17-142-156-178.applebot.apple.com - - [30/Sep/2017:06:09:26 +0200] "GET /var/m_0/0d/0dd/12455/143351-Header_Segelschule.jpg HTTP/1.1" 200 107532
17-142-156-178.applebot.apple.com - - [30/Sep/2017:06:09:27 +0200] "GET /var/m_0/0d/0dd/12455/143351-Header_Segelschule.jpg HTTP/1.1" 200 107532
17-142-156-178.applebot.apple.com - - [30/Sep/2017:06:09:27 +0200] "GET /var/m_0/0d/0dd/12455/143351-Header_Segelschule.jpg HTTP/1.1" 200 107532
17-142-156-178.applebot.apple.com - - [30/Sep/2017:06:09:27 +0200] "GET /var/m_0/0d/0dd/12455/143351-Header_Segelschule.jpg HTTP/1.1" 200 107532
hydrogen195.a.ahrefs.com - - [30/Sep/2017:06:15:35 +0200] "GET /var/m_0/0d/0dd/12455/6564713-G3_SKT2015_41.jpg HTTP/1.1" 200 83472
msnbot-207-46-13-28.search.msn.com - - [30/Sep/2017:06:21:51 +0200] "GET /pruefungskurs.shtml HTTP/1.1" 200 5895
