65.210.18.95.dynamic.jazztel.es - - [30/Sep/2017:10:34:55 +0200] "GET / HTTP/1.1" 200 35804
65.210.18.95.dynamic.jazztel.es - - [30/Sep/2017:10:34:58 +0200] "GET /events.shtml HTTP/1.1" 200 22514
65.210.18.95.dynamic.jazztel.es - - [30/Sep/2017:10:34:58 +0200] "GET /galerie.shtml HTTP/1.1" 200 22747
65.210.18.95.dynamic.jazztel.es - - [30/Sep/2017:10:34:59 +0200] "GET /kurse.shtml HTTP/1.1" 200 31031
65.210.18.95.dynamic.jazztel.es - - [30/Sep/2017:10:35:00 +0200] "GET /vermietung.shtml HTTP/1.1" 200 25728
65.210.18.95.dynamic.jazztel.es - - [30/Sep/2017:10:35:00 +0200] "GET /event-gruppesmartkat.shtml HTTP/1.1" 200 21256
65.210.18.95.dynamic.jazztel.es - - [30/Sep/2017:10:35:05 +0200] "GET /event-matchracing.shtml HTTP/1.1" 200 21251
65.210.18.95.dynamic.jazztel.es - - [30/Sep/2017:10:35:07 +0200] "GET /event-pedalo.shtml HTTP/1.1" 200 20248
65.210.18.95.dynamic.jazztel.es - - [30/Sep/2017:10:35:11 +0200] "GET /galerie-gruppesmartkat.shtml HTTP/1.1" 200 20574
65.210.18.95.dynamic.jazztel.es - - [30/Sep/2017:10:35:12 +0200] "GET /galerie-matchracing.shtml HTTP/1.1" 200 21704
65.210.18.95.dynamic.jazztel.es - - [30/Sep/2017:10:35:13 +0200] "GET /galerie-sktrophy-2014.shtml HTTP/1.1" 200 29913
65.210.18.95.dynamic.jazztel.es - - [30/Sep/2017:10:35:14 +0200] "GET /galerie-sktrophy-2015.shtml HTTP/1.1" 200 49420
65.210.18.95.dynamic.jazztel.es - - [30/Sep/2017:10:35:15 +0200] "GET /kinder-segelkurs.shtml HTTP/1.1" 200 19898
65.210.18.95.dynamic.jazztel.es - - [30/Sep/2017:10:35:14 +0200] "GET /optikurse-2014.shtml HTTP/1.1" 200 26353
65.210.18.95.dynamic.jazztel.es - - [30/Sep/2017:10:35:16 +0200] "GET /pruefungskurs.shtml HTTP/1.1" 200 23039
65.210.18.95.dynamic.jazztel.es - - [30/Sep/2017:10:35:17 +0200] "GET /segelkurs-jollesmartkat.shtml HTTP/1.1" 200 19993
65.210.18.95.dynamic.jazztel.es - - [30/Sep/2017:10:35:17 +0200] "GET /segel-grundkurs.shtml HTTP/1.1" 200 21440
65.210.18.95.dynamic.jazztel.es - - [30/Sep/2017:10:35:18 +0200] "GET /smartkat-crashkurs.shtml HTTP/1.1" 200 17863
65.210.18.95.dynamic.jazztel.es - - [30/Sep/2017:10:35:19 +0200] "GET /js/jquery.lazyload.min.js?v=6.6.7.2.41064 HTTP/1.1" 200 3342
65.210.18.95.dynamic.jazztel.es - - [30/Sep/2017:10:35:19 +0200] "GET /flotte.shtml HTTP/1.1" 200 29241
65.210.18.95.dynamic.jazztel.es - - [30/Sep/2017:10:35:19 +0200] "GET /Perspectiva.html? HTTP/1.1" 200 18069
65.210.18.95.dynamic.jazztel.es - - [30/Sep/2017:10:35:19 +0200] "GET /js/functions_stripped.js?v=6.6.7.2.41064 HTTP/1.1" 200 7672
65.210.18.95.dynamic.jazztel.es - - [30/Sep/2017:10:35:19 +0200] "GET /js/).html(a);null==$( HTTP/1.1" 200 219
65.210.18.95.dynamic.jazztel.es - - [30/Sep/2017:10:35:20 +0200] "GET /js/index.php?sid=46&lang=en&item=1&act=users&ajax=state HTTP/1.1" 200 210
65.210.18.95.dynamic.jazztel.es - - [30/Sep/2017:10:35:21 +0200] "GET /davosersee HTTP/1.1" 200 19505
65.210.18.95.dynamic.jazztel.es - - [30/Sep/2017:10:35:21 +0200] "GET /aktuelles-wetter HTTP/1.1" 200 18388
65.210.18.95.dynamic.jazztel.es - - [30/Sep/2017:10:35:22 +0200] "GET /event-gruppesmartkat HTTP/1.1" 200 21256
65.210.18.95.dynamic.jazztel.es - - [30/Sep/2017:10:35:23 +0200] "GET /event-matchracing HTTP/1.1" 200 21251
65.210.18.95.dynamic.jazztel.es - - [30/Sep/2017:10:35:23 +0200] "GET /event-pedalo HTTP/1.1" 200 20248
65.210.18.95.dynamic.jazztel.es - - [30/Sep/2017:10:35:24 +0200] "GET /events HTTP/1.1" 200 22514
net-37-116-40-167.cust.vodafonedsl.it - - [30/Sep/2017:10:54:01 +0200] "GET /templates/creator/m_f/fa/fa7/164/css/main.min.css?v=1483633820 HTTP/1.1" 200 1797
net-37-116-40-167.cust.vodafonedsl.it - - [30/Sep/2017:10:54:01 +0200] "GET /templates/creator/m_f/fa/fa7/164/assets/wp-menu.js?v=1483633820 HTTP/1.1" 200 1089
net-37-116-40-167.cust.vodafonedsl.it - - [30/Sep/2017:10:54:01 +0200] "GET /js/footer/build_social_entries.min.js?v=6.6.7.2.41064 HTTP/1.1" 200 278
net-37-116-40-167.cust.vodafonedsl.it - - [30/Sep/2017:10:54:01 +0200] "GET /js/functions_stripped.js?v=6.6.7.2.41064 HTTP/1.1" 200 3186
net-37-116-40-167.cust.vodafonedsl.it - - [30/Sep/2017:10:54:00 +0200] "GET / HTTP/1.1" 200 6440
net-37-116-40-167.cust.vodafonedsl.it - - [30/Sep/2017:10:54:01 +0200] "GET /css/widgets/concat_widget.min.css?v=6.6.7.2.41064 HTTP/1.1" 200 24507
net-37-116-40-167.cust.vodafonedsl.it - - [30/Sep/2017:10:54:01 +0200] "GET /templates/creator/m_f/fa/fa7/164/css/style.min.css?v=1483633820 HTTP/1.1" 200 847
net-37-116-40-167.cust.vodafonedsl.it - - [30/Sep/2017:10:54:01 +0200] "GET /js/footer/get_deps.min.js?v=6.6.7.2.41064 HTTP/1.1" 200 157
net-37-116-40-167.cust.vodafonedsl.it - - [30/Sep/2017:10:54:01 +0200] "GET /css/skeleton.css HTTP/1.1" 200 3511
net-37-116-40-167.cust.vodafonedsl.it - - [30/Sep/2017:10:54:01 +0200] "GET /templates/creator/m_f/fa/fa7/164/assets/respond.min.js?v=1483633820 HTTP/1.1" 200 2085
net-37-116-40-167.cust.vodafonedsl.it - - [30/Sep/2017:10:54:01 +0200] "GET /templates/creator/m_f/fa/fa7/164/assets/slide.js?v=1483633820 HTTP/1.1" 200 662
net-37-116-40-167.cust.vodafonedsl.it - - [30/Sep/2017:10:54:01 +0200] "GET /js/jquery.lazyload.min.js?v=6.6.7.2.41064 HTTP/1.1" 200 1283
net-37-116-40-167.cust.vodafonedsl.it - - [30/Sep/2017:10:54:01 +0200] "GET /templates/resellers/7/favicon.ico?v=1506103971 HTTP/1.1" 200 4286
net-37-116-40-167.cust.vodafonedsl.it - - [30/Sep/2017:10:54:01 +0200] "GET /var/m_0/0d/0dd/12455/143351-Header_Segelschule.jpg HTTP/1.1" 200 107532
net-37-116-40-167.cust.vodafonedsl.it - - [30/Sep/2017:10:54:02 +0200] "GET /var/m_0/0d/0dd/12455/6564603-SK_Tro_Head.jpg HTTP/1.1" 200 136780
net-37-116-40-167.cust.vodafonedsl.it - - [30/Sep/2017:10:54:02 +0200] "GET /var/m_0/0d/0dd/12455/8254793-J70_Davos.w1024.jpg HTTP/1.1" 200 191999
net-37-116-40-167.cust.vodafonedsl.it - - [30/Sep/2017:10:54:02 +0200] "GET /var/m_0/0d/0dd/12455/125493-13_Kurse.JPG HTTP/1.1" 200 70517
net-37-116-40-167.cust.vodafonedsl.it - - [30/Sep/2017:10:54:02 +0200] "GET /var/m_0/0d/0dd/12455/125494-14_Vermietung.JPG HTTP/1.1" 200 95115
net-37-116-40-167.cust.vodafonedsl.it - - [30/Sep/2017:10:54:02 +0200] "GET /var/m_0/0d/0dd/12455/125495-15_Event.JPG HTTP/1.1" 200 59088
net-37-116-40-167.cust.vodafonedsl.it - - [30/Sep/2017:10:54:02 +0200] "GET /var/m_0/0d/0dd/12455/143580-SP_Heierling1.jpg HTTP/1.1" 200 2613
net-37-116-40-167.cust.vodafonedsl.it - - [30/Sep/2017:10:54:02 +0200] "GET /var/m_0/0d/0dd/12455/8288159-EWD_rgb_pos.jpg HTTP/1.1" 200 207458
net-37-116-40-167.cust.vodafonedsl.it - - [30/Sep/2017:10:54:02 +0200] "GET /var/m_0/0d/0dd/12455/143582-SP_Gipfel1.jpg HTTP/1.1" 200 2688
net-37-116-40-167.cust.vodafonedsl.it - - [30/Sep/2017:10:54:02 +0200] "GET /var/m_0/0d/0dd/12455/8218280-65_Regatta.JPG HTTP/1.1" 200 192350
net-37-116-40-167.cust.vodafonedsl.it - - [30/Sep/2017:10:54:02 +0200] "GET /var/m_0/0d/0dd/12455/7230972-19_Matchracing.jpg HTTP/1.1" 200 55347
net-37-116-40-167.cust.vodafonedsl.it - - [30/Sep/2017:10:54:02 +0200] "GET /var/m_0/0d/0dd/12455/143586-SP_DK1.jpg HTTP/1.1" 200 3071
net-37-116-40-167.cust.vodafonedsl.it - - [30/Sep/2017:10:54:02 +0200] "GET /var/m_0/0d/0dd/12455/143584-SP_Lemm1.jpg HTTP/1.1" 200 2321
net-37-116-40-167.cust.vodafonedsl.it - - [30/Sep/2017:10:54:32 +0200] "GET /smartkat-crashkurs.shtml HTTP/1.1" 200 4808
net-37-116-40-167.cust.vodafonedsl.it - - [30/Sep/2017:10:54:33 +0200] "GET /css/widgets/concat_widget.min.css?v=6.6.7.2.41064 HTTP/1.1" 200 24507
net-37-116-40-167.cust.vodafonedsl.it - - [30/Sep/2017:10:54:33 +0200] "GET /templates/creator/m_f/fa/fa7/164/css/main.min.css?v=1483633820 HTTP/1.1" 200 1797
net-37-116-40-167.cust.vodafonedsl.it - - [30/Sep/2017:10:54:33 +0200] "GET /templates/creator/m_f/fa/fa7/164/css/style.min.css?v=1483633820 HTTP/1.1" 200 847
net-37-116-40-167.cust.vodafonedsl.it - - [30/Sep/2017:10:54:33 +0200] "GET /js/footer/get_deps.min.js?v=6.6.7.2.41064 HTTP/1.1" 200 157
net-37-116-40-167.cust.vodafonedsl.it - - [30/Sep/2017:10:54:33 +0200] "GET /js/footer/build_social_entries.min.js?v=6.6.7.2.41064 HTTP/1.1" 200 278
net-37-116-40-167.cust.vodafonedsl.it - - [30/Sep/2017:10:54:33 +0200] "GET /css/skeleton.css HTTP/1.1" 200 3511
net-37-116-40-167.cust.vodafonedsl.it - - [30/Sep/2017:10:54:33 +0200] "GET /templates/creator/m_f/fa/fa7/164/assets/wp-menu.js?v=1483633820 HTTP/1.1" 200 1089
net-37-116-40-167.cust.vodafonedsl.it - - [30/Sep/2017:10:54:33 +0200] "GET /templates/creator/m_f/fa/fa7/164/assets/respond.min.js?v=1483633820 HTTP/1.1" 200 2085
net-37-116-40-167.cust.vodafonedsl.it - - [30/Sep/2017:10:54:33 +0200] "GET /templates/creator/m_f/fa/fa7/164/assets/slide.js?v=1483633820 HTTP/1.1" 200 662
net-37-116-40-167.cust.vodafonedsl.it - - [30/Sep/2017:10:54:33 +0200] "GET /js/functions_stripped.js?v=6.6.7.2.41064 HTTP/1.1" 200 3186
net-37-116-40-167.cust.vodafonedsl.it - - [30/Sep/2017:10:54:33 +0200] "GET /var/m_0/0d/0dd/12455/143352-Header_Segelschule_2.jpg HTTP/1.1" 200 107532
net-37-116-40-167.cust.vodafonedsl.it - - [30/Sep/2017:10:54:33 +0200] "GET /templates/resellers/7/favicon.ico?v=1506149037 HTTP/1.1" 200 4286
net-37-116-40-167.cust.vodafonedsl.it - - [30/Sep/2017:10:54:52 +0200] "GET /%C3%BCber-uns.shtml HTTP/1.1" 200 4740
net-37-116-40-167.cust.vodafonedsl.it - - [30/Sep/2017:10:54:52 +0200] "GET /js/jquery.lazyload.min.js?v=6.6.7.2.41064 HTTP/1.1" 200 1283
net-37-116-40-167.cust.vodafonedsl.it - - [30/Sep/2017:10:54:52 +0200] "GET /templates/resellers/7/favicon.ico?v=1506148998 HTTP/1.1" 200 4286
net-37-116-40-167.cust.vodafonedsl.it - - [30/Sep/2017:10:54:52 +0200] "GET /var/m_0/0d/0dd/12455/119662-DSC_7544.JPG HTTP/1.1" 200 65485
net-37-116-40-167.cust.vodafonedsl.it - - [30/Sep/2017:10:54:52 +0200] "GET /var/m_0/0d/0dd/12455/125486-2_Sportkurs.JPG HTTP/1.1" 200 69000
net-37-116-40-167.cust.vodafonedsl.it - - [30/Sep/2017:10:54:52 +0200] "GET /var/m_0/0d/0dd/12455/126125-42_Standort.JPG HTTP/1.1" 200 63490
net-37-116-40-167.cust.vodafonedsl.it - - [30/Sep/2017:10:54:52 +0200] "GET /var/m_0/0d/0dd/12455/126124-41_Wetter.JPG HTTP/1.1" 200 26919
