ec2-54-198-108-19.compute-1.amazonaws.com - - [23/Nov/2017:00:57:45 +0100] "GET / HTTP/1.0" 200 6440
ec2-54-198-108-19.compute-1.amazonaws.com - - [23/Nov/2017:00:57:45 +0100] "GET /robots.txt HTTP/1.0" 200 80
ec2-54-198-108-19.compute-1.amazonaws.com - - [23/Nov/2017:00:58:01 +0100] "GET /galerie.shtml HTTP/1.0" 200 4483
ec2-54-198-108-19.compute-1.amazonaws.com - - [23/Nov/2017:00:58:08 +0100] "GET /kurse.shtml HTTP/1.0" 200 6280
ec2-54-198-108-19.compute-1.amazonaws.com - - [23/Nov/2017:00:58:15 +0100] "GET /events.shtml HTTP/1.0" 200 5297
ec2-54-198-108-19.compute-1.amazonaws.com - - [23/Nov/2017:00:58:20 +0100] "GET /vermietung.shtml HTTP/1.0" 200 5099
ec2-54-198-108-19.compute-1.amazonaws.com - - [23/Nov/2017:00:58:26 +0100] "GET /flotte.shtml HTTP/1.0" 200 6274
ec2-54-198-108-19.compute-1.amazonaws.com - - [23/Nov/2017:00:58:32 +0100] "GET /davosersee.shtml HTTP/1.0" 200 5477
ec2-54-198-108-19.compute-1.amazonaws.com - - [23/Nov/2017:00:58:39 +0100] "GET /%C3%BCber-uns.shtml HTTP/1.0" 200 4740
ec2-54-198-108-19.compute-1.amazonaws.com - - [23/Nov/2017:00:58:45 +0100] "GET /event-gruppesmartkat.shtml HTTP/1.0" 200 5645
ec2-54-198-108-19.compute-1.amazonaws.com - - [23/Nov/2017:00:58:51 +0100] "GET /event-pedalo.shtml HTTP/1.0" 200 5342
ec2-54-198-108-19.compute-1.amazonaws.com - - [23/Nov/2017:00:58:57 +0100] "GET /event-matchracing.shtml HTTP/1.0" 200 5634
ec2-54-198-108-19.compute-1.amazonaws.com - - [23/Nov/2017:00:59:04 +0100] "GET /segel-grundkurs.shtml HTTP/1.0" 200 5378
ec2-54-198-108-19.compute-1.amazonaws.com - - [23/Nov/2017:00:59:11 +0100] "GET /pruefungskurs.shtml HTTP/1.0" 200 5895
ec2-54-198-108-19.compute-1.amazonaws.com - - [23/Nov/2017:00:59:18 +0100] "GET /segelkurs-jollesmartkat.shtml HTTP/1.0" 200 5139
ec2-54-198-108-19.compute-1.amazonaws.com - - [23/Nov/2017:00:59:23 +0100] "GET /smartkat-crashkurs.shtml HTTP/1.0" 200 4808
ec2-54-198-108-19.compute-1.amazonaws.com - - [23/Nov/2017:00:59:28 +0100] "GET /kinder-segelkurs.shtml HTTP/1.0" 200 5171
ec2-54-198-108-19.compute-1.amazonaws.com - - [23/Nov/2017:00:59:33 +0100] "GET /galerie-matchracing.shtml HTTP/1.0" 200 4859
ec2-54-198-108-19.compute-1.amazonaws.com - - [23/Nov/2017:00:59:38 +0100] "GET /galerie-sktrophy-2014.shtml HTTP/1.0" 200 5044
ec2-54-198-108-19.compute-1.amazonaws.com - - [23/Nov/2017:00:59:43 +0100] "GET /standort.shtml HTTP/1.0" 200 4717
ec2-54-198-108-19.compute-1.amazonaws.com - - [23/Nov/2017:00:59:49 +0100] "GET /galerie-sktrophy-2015.shtml HTTP/1.0" 200 5939
ec2-54-198-108-19.compute-1.amazonaws.com - - [23/Nov/2017:00:59:54 +0100] "GET /galerie-gruppesmartkat.shtml HTTP/1.0" 200 4863
ec2-54-198-108-19.compute-1.amazonaws.com - - [23/Nov/2017:00:59:59 +0100] "GET /aktuelles-wetter.shtml HTTP/1.0" 200 4575
