46.229.164.100 - - [13/Oct/2017:21:33:39 +0200] "GET /robots.txt HTTP/1.1" 200 80
9.177.35.37.dynamic.jazztel.es - - [13/Oct/2017:21:39:52 +0200] "GET / HTTP/1.1" 200 35804
9.177.35.37.dynamic.jazztel.es - - [13/Oct/2017:21:39:54 +0200] "GET /events.shtml HTTP/1.1" 200 22514
9.177.35.37.dynamic.jazztel.es - - [13/Oct/2017:21:39:55 +0200] "GET /kurse.shtml HTTP/1.1" 200 31031
9.177.35.37.dynamic.jazztel.es - - [13/Oct/2017:21:39:54 +0200] "GET /galerie.shtml HTTP/1.1" 200 22747
9.177.35.37.dynamic.jazztel.es - - [13/Oct/2017:21:39:56 +0200] "GET /vermietung.shtml HTTP/1.1" 200 25728
9.177.35.37.dynamic.jazztel.es - - [13/Oct/2017:21:39:57 +0200] "GET /event-gruppesmartkat.shtml HTTP/1.1" 200 21256
9.177.35.37.dynamic.jazztel.es - - [13/Oct/2017:21:39:58 +0200] "GET /event-matchracing.shtml HTTP/1.1" 200 21251
9.177.35.37.dynamic.jazztel.es - - [13/Oct/2017:21:39:59 +0200] "GET /galerie-gruppesmartkat.shtml HTTP/1.1" 200 20574
9.177.35.37.dynamic.jazztel.es - - [13/Oct/2017:21:39:59 +0200] "GET /event-pedalo.shtml HTTP/1.1" 200 20248
9.177.35.37.dynamic.jazztel.es - - [13/Oct/2017:21:40:00 +0200] "GET /galerie-matchracing.shtml HTTP/1.1" 200 21704
9.177.35.37.dynamic.jazztel.es - - [13/Oct/2017:21:40:00 +0200] "GET /galerie-sktrophy-2014.shtml HTTP/1.1" 200 29913
9.177.35.37.dynamic.jazztel.es - - [13/Oct/2017:21:40:00 +0200] "GET /galerie-sktrophy-2015.shtml HTTP/1.1" 200 49420
9.177.35.37.dynamic.jazztel.es - - [13/Oct/2017:21:40:01 +0200] "GET /optikurse-2014.shtml HTTP/1.1" 200 26353
9.177.35.37.dynamic.jazztel.es - - [13/Oct/2017:21:40:02 +0200] "GET /kinder-segelkurs.shtml HTTP/1.1" 200 19898
9.177.35.37.dynamic.jazztel.es - - [13/Oct/2017:21:40:02 +0200] "GET /pruefungskurs.shtml HTTP/1.1" 200 23039
9.177.35.37.dynamic.jazztel.es - - [13/Oct/2017:21:40:06 +0200] "GET /segel-grundkurs.shtml HTTP/1.1" 200 21440
9.177.35.37.dynamic.jazztel.es - - [13/Oct/2017:21:40:07 +0200] "GET /segelkurs-jollesmartkat.shtml HTTP/1.1" 200 19993
9.177.35.37.dynamic.jazztel.es - - [13/Oct/2017:21:40:07 +0200] "GET /flotte.shtml HTTP/1.1" 200 29241
9.177.35.37.dynamic.jazztel.es - - [13/Oct/2017:21:40:07 +0200] "GET /smartkat-crashkurs.shtml HTTP/1.1" 200 17863
9.177.35.37.dynamic.jazztel.es - - [13/Oct/2017:21:40:07 +0200] "GET /js/functions_stripped.js?v=6.6.7.2.41064 HTTP/1.1" 200 7672
9.177.35.37.dynamic.jazztel.es - - [13/Oct/2017:21:40:08 +0200] "GET /js/jquery.lazyload.min.js?v=6.6.7.2.41064 HTTP/1.1" 200 3342
9.177.35.37.dynamic.jazztel.es - - [13/Oct/2017:21:40:08 +0200] "GET /Perspectiva.html? HTTP/1.1" 200 18069
9.177.35.37.dynamic.jazztel.es - - [13/Oct/2017:21:40:08 +0200] "GET /js/).html(a);null==$( HTTP/1.1" 200 219
9.177.35.37.dynamic.jazztel.es - - [13/Oct/2017:21:40:10 +0200] "GET /davosersee HTTP/1.1" 200 19505
9.177.35.37.dynamic.jazztel.es - - [13/Oct/2017:21:40:09 +0200] "GET /js/index.php?sid=46&lang=en&item=1&act=users&ajax=state HTTP/1.1" 200 210
9.177.35.37.dynamic.jazztel.es - - [13/Oct/2017:21:40:10 +0200] "GET /aktuelles-wetter HTTP/1.1" 200 18388
9.177.35.37.dynamic.jazztel.es - - [13/Oct/2017:21:40:10 +0200] "GET /event-gruppesmartkat HTTP/1.1" 200 21256
9.177.35.37.dynamic.jazztel.es - - [13/Oct/2017:21:40:11 +0200] "GET /event-pedalo HTTP/1.1" 200 20248
9.177.35.37.dynamic.jazztel.es - - [13/Oct/2017:21:40:11 +0200] "GET /event-matchracing HTTP/1.1" 200 21251
9.177.35.37.dynamic.jazztel.es - - [13/Oct/2017:21:40:12 +0200] "GET /events HTTP/1.1" 200 22514
ver78-1-82-240-30-231.fbx.proxad.net - - [13/Oct/2017:21:42:54 +0200] "GET / HTTP/1.1" 200 35804
ver78-1-82-240-30-231.fbx.proxad.net - - [13/Oct/2017:21:42:55 +0200] "GET / HTTP/1.1" 200 35804
ver78-1-82-240-30-231.fbx.proxad.net - - [13/Oct/2017:21:42:55 +0200] "GET / HTTP/1.0" 200 35804
