b118839.yse.yahoo.net - - [12/Nov/2017:00:02:05 +0100] "GET /segel-grundkurs.shtml HTTP/1.1" 200 5378
212-41-73-151.adsl.solnet.ch - - [12/Nov/2017:00:10:18 +0100] "GET /var/m_0/0d/0dd/12455/125487-3_SKCrashkurs.JPG HTTP/1.1" 200 80503
132.red.82.37.46.procono.es - - [12/Nov/2017:00:16:48 +0100] "GET / HTTP/1.1" 200 35804
132.red.82.37.46.procono.es - - [12/Nov/2017:00:16:48 +0100] "GET /%C3%BCber-uns.shtml HTTP/1.1" 200 21862
132.red.82.37.46.procono.es - - [12/Nov/2017:00:16:49 +0100] "GET /aktuelles-wetter.shtml HTTP/1.1" 200 18388
132.red.82.37.46.procono.es - - [12/Nov/2017:00:16:50 +0100] "GET /event-gruppesmartkat.shtml HTTP/1.1" 200 21256
132.red.82.37.46.procono.es - - [12/Nov/2017:00:16:50 +0100] "GET /davosersee.shtml HTTP/1.1" 200 19505
132.red.82.37.46.procono.es - - [12/Nov/2017:00:16:50 +0100] "GET /event-matchracing.shtml HTTP/1.1" 200 21251
132.red.82.37.46.procono.es - - [12/Nov/2017:00:16:50 +0100] "GET /event-pedalo.shtml HTTP/1.1" 200 20248
132.red.82.37.46.procono.es - - [12/Nov/2017:00:16:51 +0100] "GET /flotte.shtml HTTP/1.1" 200 29241
132.red.82.37.46.procono.es - - [12/Nov/2017:00:16:51 +0100] "GET /events.shtml HTTP/1.1" 200 22514
132.red.82.37.46.procono.es - - [12/Nov/2017:00:16:52 +0100] "GET /galerie-gruppesmartkat.shtml HTTP/1.1" 200 20574
132.red.82.37.46.procono.es - - [12/Nov/2017:00:16:52 +0100] "GET /galerie-matchracing.shtml HTTP/1.1" 200 21704
132.red.82.37.46.procono.es - - [12/Nov/2017:00:16:53 +0100] "GET /galerie-sktrophy-2015.shtml HTTP/1.1" 200 49420
132.red.82.37.46.procono.es - - [12/Nov/2017:00:16:53 +0100] "GET /galerie-sktrophy-2014.shtml HTTP/1.1" 200 29913
132.red.82.37.46.procono.es - - [12/Nov/2017:00:16:54 +0100] "GET /kinder-segelkurs.shtml HTTP/1.1" 200 19898
132.red.82.37.46.procono.es - - [12/Nov/2017:00:16:54 +0100] "GET /kursanmeldung.shtml HTTP/1.1" 200 49926
132.red.82.37.46.procono.es - - [12/Nov/2017:00:16:54 +0100] "GET /galerie.shtml HTTP/1.1" 200 22747
132.red.82.37.46.procono.es - - [12/Nov/2017:00:16:55 +0100] "GET /kurse.shtml HTTP/1.1" 200 31031
132.red.82.37.46.procono.es - - [12/Nov/2017:00:16:56 +0100] "GET /optikurse-2014.shtml HTTP/1.1" 200 26353
132.red.82.37.46.procono.es - - [12/Nov/2017:00:16:57 +0100] "GET /segel-grundkurs.shtml HTTP/1.1" 200 21440
132.red.82.37.46.procono.es - - [12/Nov/2017:00:16:57 +0100] "GET /pruefungskurs.shtml HTTP/1.1" 200 23039
132.red.82.37.46.procono.es - - [12/Nov/2017:00:16:57 +0100] "GET /segelkurs-jollesmartkat.shtml HTTP/1.1" 200 19993
132.red.82.37.46.procono.es - - [12/Nov/2017:00:16:58 +0100] "GET /standort.shtml HTTP/1.1" 200 17547
132.red.82.37.46.procono.es - - [12/Nov/2017:00:16:58 +0100] "GET /smartkat-crashkurs.shtml HTTP/1.1" 200 17863
132.red.82.37.46.procono.es - - [12/Nov/2017:00:16:59 +0100] "GET /vermietung.shtml HTTP/1.1" 200 25728
132.red.82.37.46.procono.es - - [12/Nov/2017:00:16:59 +0100] "GET /Perspectiva.html? HTTP/1.1" 200 18069
132.red.82.37.46.procono.es - - [12/Nov/2017:00:16:59 +0100] "GET /js/functions_stripped.js?v=6.6.7.2.41064 HTTP/1.1" 200 7672
132.red.82.37.46.procono.es - - [12/Nov/2017:00:17:00 +0100] "GET /js/jquery.lazyload.min.js?v=6.6.7.2.41064 HTTP/1.1" 200 3342
132.red.82.37.46.procono.es - - [12/Nov/2017:00:17:00 +0100] "GET /aktuelles-wetter HTTP/1.1" 200 18388
216.244.66.229 - - [12/Nov/2017:00:28:11 +0100] "GET /robots.txt HTTP/1.1" 200 120
216.244.66.229 - - [12/Nov/2017:00:55:08 +0100] "GET /aktuelles-wetter HTTP/1.1" 200 18388
