ip-213-127-48-160.ip.prioritytelecom.net - - [28/Sep/2017:01:19:51 +0200] "GET / HTTP/1.1" 200 35804
ip-213-127-48-160.ip.prioritytelecom.net - - [28/Sep/2017:01:19:51 +0200] "GET /%C3%BCber-uns.shtml HTTP/1.1" 200 21862
ip-213-127-48-160.ip.prioritytelecom.net - - [28/Sep/2017:01:19:52 +0200] "GET /davosersee.shtml HTTP/1.1" 200 19505
ip-213-127-48-160.ip.prioritytelecom.net - - [28/Sep/2017:01:19:52 +0200] "GET /aktuelles-wetter.shtml HTTP/1.1" 200 18388
ip-213-127-48-160.ip.prioritytelecom.net - - [28/Sep/2017:01:19:53 +0200] "GET /event-gruppesmartkat.shtml HTTP/1.1" 200 21256
ip-213-127-48-160.ip.prioritytelecom.net - - [28/Sep/2017:01:19:55 +0200] "GET /event-pedalo.shtml HTTP/1.1" 200 20248
ip-213-127-48-160.ip.prioritytelecom.net - - [28/Sep/2017:01:19:55 +0200] "GET /event-matchracing.shtml HTTP/1.1" 200 21251
ip-213-127-48-160.ip.prioritytelecom.net - - [28/Sep/2017:01:19:56 +0200] "GET /flotte.shtml HTTP/1.1" 200 29241
ip-213-127-48-160.ip.prioritytelecom.net - - [28/Sep/2017:01:19:56 +0200] "GET /events.shtml HTTP/1.1" 200 22514
ip-213-127-48-160.ip.prioritytelecom.net - - [28/Sep/2017:01:19:56 +0200] "GET /galerie-gruppesmartkat.shtml HTTP/1.1" 200 20574
ip-213-127-48-160.ip.prioritytelecom.net - - [28/Sep/2017:01:19:58 +0200] "GET /galerie-sktrophy-2015.shtml HTTP/1.1" 200 49420
ip-213-127-48-160.ip.prioritytelecom.net - - [28/Sep/2017:01:19:58 +0200] "GET /galerie-sktrophy-2014.shtml HTTP/1.1" 200 29913
ip-213-127-48-160.ip.prioritytelecom.net - - [28/Sep/2017:01:19:57 +0200] "GET /galerie-matchracing.shtml HTTP/1.1" 200 21704
ip-213-127-48-160.ip.prioritytelecom.net - - [28/Sep/2017:01:19:59 +0200] "GET /galerie.shtml HTTP/1.1" 200 22747
ip-213-127-48-160.ip.prioritytelecom.net - - [28/Sep/2017:01:20:00 +0200] "GET /kinder-segelkurs.shtml HTTP/1.1" 200 19898
ip-213-127-48-160.ip.prioritytelecom.net - - [28/Sep/2017:01:20:00 +0200] "GET /kursanmeldung.shtml HTTP/1.1" 200 49926
ip-213-127-48-160.ip.prioritytelecom.net - - [28/Sep/2017:01:20:01 +0200] "GET /kurse.shtml HTTP/1.1" 200 31031
ip-213-127-48-160.ip.prioritytelecom.net - - [28/Sep/2017:01:20:02 +0200] "GET /optikurse-2014.shtml HTTP/1.1" 200 26353
ip-213-127-48-160.ip.prioritytelecom.net - - [28/Sep/2017:01:20:02 +0200] "GET /pruefungskurs.shtml HTTP/1.1" 200 23039
ip-213-127-48-160.ip.prioritytelecom.net - - [28/Sep/2017:01:20:04 +0200] "GET /segel-grundkurs.shtml HTTP/1.1" 200 21440
ip-213-127-48-160.ip.prioritytelecom.net - - [28/Sep/2017:01:20:04 +0200] "GET /segelkurs-jollesmartkat.shtml HTTP/1.1" 200 19993
ip-213-127-48-160.ip.prioritytelecom.net - - [28/Sep/2017:01:20:05 +0200] "GET /smartkat-crashkurs.shtml HTTP/1.1" 200 17863
ip-213-127-48-160.ip.prioritytelecom.net - - [28/Sep/2017:01:20:05 +0200] "GET /vermietung.shtml HTTP/1.1" 200 25728
ip-213-127-48-160.ip.prioritytelecom.net - - [28/Sep/2017:01:20:05 +0200] "GET /standort.shtml HTTP/1.1" 200 17547
ip-213-127-48-160.ip.prioritytelecom.net - - [28/Sep/2017:01:20:05 +0200] "GET /js/functions_stripped.js?v=6.6.7.2.41064 HTTP/1.1" 200 7672
ip-213-127-48-160.ip.prioritytelecom.net - - [28/Sep/2017:01:20:06 +0200] "GET /davosersee HTTP/1.1" 200 19505
ip-213-127-48-160.ip.prioritytelecom.net - - [28/Sep/2017:01:20:06 +0200] "GET /Perspectiva.html? HTTP/1.1" 200 18069
ip-213-127-48-160.ip.prioritytelecom.net - - [28/Sep/2017:01:20:06 +0200] "GET /aktuelles-wetter HTTP/1.1" 200 18388
ip-213-127-48-160.ip.prioritytelecom.net - - [28/Sep/2017:01:20:06 +0200] "GET /js/jquery.lazyload.min.js?v=6.6.7.2.41064 HTTP/1.1" 200 3342
ip-213-127-48-160.ip.prioritytelecom.net - - [28/Sep/2017:01:20:06 +0200] "GET /event-gruppesmartkat HTTP/1.1" 200 21256
ip-213-127-48-160.ip.prioritytelecom.net - - [28/Sep/2017:01:20:07 +0200] "GET /event-pedalo HTTP/1.1" 200 20248
ip-213-127-48-160.ip.prioritytelecom.net - - [28/Sep/2017:01:20:07 +0200] "GET /event-matchracing HTTP/1.1" 200 21251
ip-213-127-48-160.ip.prioritytelecom.net - - [28/Sep/2017:01:20:08 +0200] "GET /galerie-gruppesmartkat HTTP/1.1" 200 20574
ip-213-127-48-160.ip.prioritytelecom.net - - [28/Sep/2017:01:20:08 +0200] "GET /galerie-matchracing HTTP/1.1" 200 21704
ip-213-127-48-160.ip.prioritytelecom.net - - [28/Sep/2017:01:20:08 +0200] "GET /events HTTP/1.1" 200 22514
ip-213-127-48-160.ip.prioritytelecom.net - - [28/Sep/2017:01:20:08 +0200] "GET /flotte HTTP/1.1" 200 29385
ip-213-127-48-160.ip.prioritytelecom.net - - [28/Sep/2017:01:20:09 +0200] "GET /galerie HTTP/1.1" 200 22747
ip-213-127-48-160.ip.prioritytelecom.net - - [28/Sep/2017:01:20:09 +0200] "GET /galerie-sktrophy-2015 HTTP/1.1" 200 49420
ip-213-127-48-160.ip.prioritytelecom.net - - [28/Sep/2017:01:20:09 +0200] "GET /galerie-sktrophy-2014 HTTP/1.1" 200 29913
ip-213-127-48-160.ip.prioritytelecom.net - - [28/Sep/2017:01:20:10 +0200] "GET /kinder-segelkurs HTTP/1.1" 200 19898
ip-213-127-48-160.ip.prioritytelecom.net - - [28/Sep/2017:01:20:10 +0200] "GET /kurse HTTP/1.1" 200 31031
ip-213-127-48-160.ip.prioritytelecom.net - - [28/Sep/2017:01:20:11 +0200] "GET /pruefungskurs HTTP/1.1" 200 23039
ip-213-127-48-160.ip.prioritytelecom.net - - [28/Sep/2017:01:20:11 +0200] "GET /optikurse-2014 HTTP/1.1" 200 26353
163-172-4-153.rev.poneytelecom.eu - - [28/Sep/2017:01:24:17 +0200] "GET / HTTP/1.1" 200 6440
hydrogen073.a.ahrefs.com - - [28/Sep/2017:01:29:16 +0200] "GET / HTTP/1.1" 200 6440
216.244.66.229 - - [28/Sep/2017:01:33:15 +0200] "GET /robots.txt HTTP/1.1" 200 120
87-250-224-36.spider.yandex.com - - [28/Sep/2017:01:37:21 +0200] "GET /robots.txt HTTP/1.1" 200 120
87-250-224-36.spider.yandex.com - - [28/Sep/2017:01:37:25 +0200] "GET /favicon.ico HTTP/1.1" 200 1150
216.244.66.229 - - [28/Sep/2017:01:58:17 +0200] "GET /standort.shtml HTTP/1.1" 200 17547
