ec2-52-211-90-31.eu-west-1.compute.amazonaws.com - - [07/Oct/2017:22:07:19 +0200] "GET /robots.txt HTTP/1.1" 200 80
ec2-52-211-90-31.eu-west-1.compute.amazonaws.com - - [07/Oct/2017:22:07:19 +0200] "GET / HTTP/1.1" 200 6440
ec2-52-211-90-31.eu-west-1.compute.amazonaws.com - - [07/Oct/2017:22:24:59 +0200] "GET /davosersee.shtml HTTP/1.1" 200 5477
ec2-52-211-90-31.eu-west-1.compute.amazonaws.com - - [07/Oct/2017:22:25:23 +0200] "GET /kurse.shtml HTTP/1.1" 200 6280
ec2-52-211-90-31.eu-west-1.compute.amazonaws.com - - [07/Oct/2017:22:25:24 +0200] "GET /segelkurs-jollesmartkat.shtml HTTP/1.1" 200 5139
ec2-52-211-90-31.eu-west-1.compute.amazonaws.com - - [07/Oct/2017:22:25:24 +0200] "GET /kinder-segelkurs.shtml HTTP/1.1" 200 5171
ec2-52-211-90-31.eu-west-1.compute.amazonaws.com - - [07/Oct/2017:22:25:25 +0200] "GET /smartkat-crashkurs.shtml HTTP/1.1" 200 4808
ec2-52-211-90-31.eu-west-1.compute.amazonaws.com - - [07/Oct/2017:22:25:26 +0200] "GET /segel-grundkurs.shtml HTTP/1.1" 200 5378
ec2-52-211-90-31.eu-west-1.compute.amazonaws.com - - [07/Oct/2017:22:25:27 +0200] "GET /events.shtml HTTP/1.1" 200 5297
ec2-52-211-90-31.eu-west-1.compute.amazonaws.com - - [07/Oct/2017:22:25:27 +0200] "GET /pruefungskurs.shtml HTTP/1.1" 200 5895
ec2-52-211-90-31.eu-west-1.compute.amazonaws.com - - [07/Oct/2017:22:25:28 +0200] "GET /event-matchracing.shtml HTTP/1.1" 200 5634
ec2-52-211-90-31.eu-west-1.compute.amazonaws.com - - [07/Oct/2017:22:25:28 +0200] "GET /event-gruppesmartkat.shtml HTTP/1.1" 200 5645
ec2-52-211-90-31.eu-west-1.compute.amazonaws.com - - [07/Oct/2017:22:25:29 +0200] "GET /event-pedalo.shtml HTTP/1.1" 200 5342
ec2-52-211-90-31.eu-west-1.compute.amazonaws.com - - [07/Oct/2017:22:25:30 +0200] "GET /flotte.shtml HTTP/1.1" 200 6274
ec2-52-211-90-31.eu-west-1.compute.amazonaws.com - - [07/Oct/2017:22:25:30 +0200] "GET /vermietung.shtml HTTP/1.1" 200 5099
ec2-52-211-90-31.eu-west-1.compute.amazonaws.com - - [07/Oct/2017:22:25:31 +0200] "GET /galerie.shtml HTTP/1.1" 200 4483
ec2-52-211-90-31.eu-west-1.compute.amazonaws.com - - [07/Oct/2017:22:25:31 +0200] "GET /galerie-sktrophy-2015.shtml HTTP/1.1" 200 5939
ec2-52-211-90-31.eu-west-1.compute.amazonaws.com - - [07/Oct/2017:22:25:32 +0200] "GET /galerie-gruppesmartkat.shtml HTTP/1.1" 200 4863
ec2-52-211-90-31.eu-west-1.compute.amazonaws.com - - [07/Oct/2017:22:25:32 +0200] "GET /galerie-matchracing.shtml HTTP/1.1" 200 4859
ec2-52-211-90-31.eu-west-1.compute.amazonaws.com - - [07/Oct/2017:22:25:33 +0200] "GET /galerie-sktrophy-2014.shtml HTTP/1.1" 200 5044
ec2-52-211-90-31.eu-west-1.compute.amazonaws.com - - [07/Oct/2017:22:26:10 +0200] "GET /optikurse-2014.shtml HTTP/1.1" 200 4938
ec2-52-211-90-31.eu-west-1.compute.amazonaws.com - - [07/Oct/2017:22:26:13 +0200] "GET /%C3%BCber-uns.shtml HTTP/1.1" 200 4740
ec2-52-211-90-31.eu-west-1.compute.amazonaws.com - - [07/Oct/2017:22:26:14 +0200] "GET /standort.shtml HTTP/1.1" 200 4717
ec2-52-211-90-31.eu-west-1.compute.amazonaws.com - - [07/Oct/2017:22:26:15 +0200] "GET /kursanmeldung.shtml HTTP/1.1" 200 10952
ec2-52-211-90-31.eu-west-1.compute.amazonaws.com - - [07/Oct/2017:22:26:15 +0200] "GET /aktuelles-wetter.shtml HTTP/1.1" 200 4575
178-154-200-24.spider.yandex.com - - [07/Oct/2017:22:43:31 +0200] "GET /robots.txt HTTP/1.1" 200 120
95-108-213-21.spider.yandex.com - - [07/Oct/2017:22:43:35 +0200] "GET /templates/resellers/7/favicon.ico?v=1506103971 HTTP/1.1" 200 4286
