carbon172.a.ahrefs.com - - [05/Nov/2017:08:04:48 +0100] "GET /robots.txt HTTP/1.1" 200 80
hydrogen018.a.ahrefs.com - - [05/Nov/2017:08:04:48 +0100] "GET /var/m_0/0d/0dd/12455/6564682-G3_SKT2015_13.jpg HTTP/1.1" 200 204673
orbit004.ahrefs.com - - [05/Nov/2017:08:14:06 +0100] "GET /var/m_0/0d/0dd/12455/6564725-G3_SKT2015_52.jpg HTTP/1.1" 200 139147
178-17-174-196.static.as43289.net - - [05/Nov/2017:08:18:13 +0100] "GET /utility/convert/index.php HTTP/1.1" 200 -
lh28409.voxility.net - - [05/Nov/2017:08:18:15 +0100] "GET / HTTP/1.1" 200 35804
static-105-108-27-46.ipcom.comunitel.net - - [05/Nov/2017:08:30:49 +0100] "GET / HTTP/1.1" 200 35804
static-105-108-27-46.ipcom.comunitel.net - - [05/Nov/2017:08:30:50 +0100] "GET /events.shtml HTTP/1.1" 200 22514
static-105-108-27-46.ipcom.comunitel.net - - [05/Nov/2017:08:30:51 +0100] "GET /galerie.shtml HTTP/1.1" 200 22747
static-105-108-27-46.ipcom.comunitel.net - - [05/Nov/2017:08:30:52 +0100] "GET /kurse.shtml HTTP/1.1" 200 31031
static-105-108-27-46.ipcom.comunitel.net - - [05/Nov/2017:08:30:53 +0100] "GET /vermietung.shtml HTTP/1.1" 200 25728
static-105-108-27-46.ipcom.comunitel.net - - [05/Nov/2017:08:30:54 +0100] "GET /event-gruppesmartkat.shtml HTTP/1.1" 200 21256
static-105-108-27-46.ipcom.comunitel.net - - [05/Nov/2017:08:30:55 +0100] "GET /event-matchracing.shtml HTTP/1.1" 200 21251
static-105-108-27-46.ipcom.comunitel.net - - [05/Nov/2017:08:30:55 +0100] "GET /event-pedalo.shtml HTTP/1.1" 200 20248
static-105-108-27-46.ipcom.comunitel.net - - [05/Nov/2017:08:30:56 +0100] "GET /galerie-gruppesmartkat.shtml HTTP/1.1" 200 20574
static-105-108-27-46.ipcom.comunitel.net - - [05/Nov/2017:08:30:56 +0100] "GET /galerie-matchracing.shtml HTTP/1.1" 200 21704
static-105-108-27-46.ipcom.comunitel.net - - [05/Nov/2017:08:30:57 +0100] "GET /galerie-sktrophy-2015.shtml HTTP/1.1" 200 49420
static-105-108-27-46.ipcom.comunitel.net - - [05/Nov/2017:08:30:57 +0100] "GET /galerie-sktrophy-2014.shtml HTTP/1.1" 200 29913
static-105-108-27-46.ipcom.comunitel.net - - [05/Nov/2017:08:30:58 +0100] "GET /optikurse-2014.shtml HTTP/1.1" 200 26353
static-105-108-27-46.ipcom.comunitel.net - - [05/Nov/2017:08:31:00 +0100] "GET /kinder-segelkurs.shtml HTTP/1.1" 200 19898
static-105-108-27-46.ipcom.comunitel.net - - [05/Nov/2017:08:31:01 +0100] "GET /pruefungskurs.shtml HTTP/1.1" 200 23039
static-105-108-27-46.ipcom.comunitel.net - - [05/Nov/2017:08:31:01 +0100] "GET /segel-grundkurs.shtml HTTP/1.1" 200 21440
static-105-108-27-46.ipcom.comunitel.net - - [05/Nov/2017:08:31:02 +0100] "GET /js/functions_stripped.js?v=6.6.7.2.41064 HTTP/1.1" 200 7672
static-105-108-27-46.ipcom.comunitel.net - - [05/Nov/2017:08:31:02 +0100] "GET /smartkat-crashkurs.shtml HTTP/1.1" 200 17863
static-105-108-27-46.ipcom.comunitel.net - - [05/Nov/2017:08:31:02 +0100] "GET /segelkurs-jollesmartkat.shtml HTTP/1.1" 200 19993
static-105-108-27-46.ipcom.comunitel.net - - [05/Nov/2017:08:31:02 +0100] "GET /flotte.shtml HTTP/1.1" 200 29241
static-105-108-27-46.ipcom.comunitel.net - - [05/Nov/2017:08:31:03 +0100] "GET /js/).html(a);null==$( HTTP/1.1" 200 219
static-105-108-27-46.ipcom.comunitel.net - - [05/Nov/2017:08:31:03 +0100] "GET /Perspectiva.html? HTTP/1.1" 200 18069
static-105-108-27-46.ipcom.comunitel.net - - [05/Nov/2017:08:31:03 +0100] "GET /js/index.php?sid=46&lang=en&item=1&act=users&ajax=state HTTP/1.1" 200 210
static-105-108-27-46.ipcom.comunitel.net - - [05/Nov/2017:08:31:03 +0100] "GET /js/jquery.lazyload.min.js?v=6.6.7.2.41064 HTTP/1.1" 200 3342
static-105-108-27-46.ipcom.comunitel.net - - [05/Nov/2017:08:31:04 +0100] "GET /aktuelles-wetter HTTP/1.1" 200 18388
static-105-108-27-46.ipcom.comunitel.net - - [05/Nov/2017:08:31:05 +0100] "GET /davosersee HTTP/1.1" 200 19505
static-105-108-27-46.ipcom.comunitel.net - - [05/Nov/2017:08:31:06 +0100] "GET /event-matchracing HTTP/1.1" 200 21251
static-105-108-27-46.ipcom.comunitel.net - - [05/Nov/2017:08:31:06 +0100] "GET /event-gruppesmartkat HTTP/1.1" 200 21256
static-105-108-27-46.ipcom.comunitel.net - - [05/Nov/2017:08:31:07 +0100] "GET /events HTTP/1.1" 200 22514
static-105-108-27-46.ipcom.comunitel.net - - [05/Nov/2017:08:31:07 +0100] "GET /event-pedalo HTTP/1.1" 200 20248
msnbot-40-77-167-77.search.msn.com - - [05/Nov/2017:08:36:32 +0100] "GET /galerie-matchracing.shtml HTTP/1.1" 200 4859
95-108-181-76.spider.yandex.com - - [05/Nov/2017:08:48:57 +0100] "GET /robots.txt HTTP/1.1" 200 120
95-108-181-76.spider.yandex.com - - [05/Nov/2017:08:49:01 +0100] "GET /var/m_0/0d/0dd/12455/125495-15_Event.JPG HTTP/1.1" 200 59088
crawl-66-249-64-29.googlebot.com - - [05/Nov/2017:08:52:02 +0100] "GET /templates/resellers/7/favicon.ico?v=1506139835 HTTP/1.1" 200 4286
