ec2-34-249-52-36.eu-west-1.compute.amazonaws.com - - [06/Oct/2017:04:28:10 +0200] "GET /index.php HTTP/1.1" 302 -
ec2-34-249-52-36.eu-west-1.compute.amazonaws.com - - [06/Oct/2017:04:28:12 +0200] "GET /galerie.shtml HTTP/1.1" 200 4483
ec2-34-249-52-36.eu-west-1.compute.amazonaws.com - - [06/Oct/2017:04:28:12 +0200] "GET /kurse.shtml HTTP/1.1" 200 6280
ec2-34-249-52-36.eu-west-1.compute.amazonaws.com - - [06/Oct/2017:04:28:13 +0200] "GET /kinder-segelkurs.shtml HTTP/1.1" 200 5171
ec2-34-249-52-36.eu-west-1.compute.amazonaws.com - - [06/Oct/2017:04:28:13 +0200] "GET /events.shtml HTTP/1.1" 200 5297
ec2-34-249-52-36.eu-west-1.compute.amazonaws.com - - [06/Oct/2017:04:28:13 +0200] "GET /vermietung.shtml HTTP/1.1" 200 5099
ec2-34-249-52-36.eu-west-1.compute.amazonaws.com - - [06/Oct/2017:04:28:14 +0200] "GET /segelkurs-jollesmartkat.shtml HTTP/1.1" 200 5139
ec2-34-249-52-36.eu-west-1.compute.amazonaws.com - - [06/Oct/2017:04:28:14 +0200] "GET /event-gruppesmartkat.shtml HTTP/1.1" 200 5645
ec2-34-249-52-36.eu-west-1.compute.amazonaws.com - - [06/Oct/2017:04:28:14 +0200] "GET /smartkat-crashkurs.shtml HTTP/1.1" 200 4808
ec2-34-249-52-36.eu-west-1.compute.amazonaws.com - - [06/Oct/2017:04:28:14 +0200] "GET /event-matchracing.shtml HTTP/1.1" 200 5634
ec2-34-249-52-36.eu-west-1.compute.amazonaws.com - - [06/Oct/2017:04:28:14 +0200] "GET /event-pedalo.shtml HTTP/1.1" 200 5342
ec2-34-249-52-36.eu-west-1.compute.amazonaws.com - - [06/Oct/2017:04:28:14 +0200] "GET /segel-grundkurs.shtml HTTP/1.1" 200 5378
ec2-34-249-52-36.eu-west-1.compute.amazonaws.com - - [06/Oct/2017:04:28:14 +0200] "GET /galerie-sktrophy-2015.shtml HTTP/1.1" 200 5939
ec2-34-249-52-36.eu-west-1.compute.amazonaws.com - - [06/Oct/2017:04:28:14 +0200] "GET /pruefungskurs.shtml HTTP/1.1" 200 5895
ec2-34-249-52-36.eu-west-1.compute.amazonaws.com - - [06/Oct/2017:04:28:15 +0200] "GET /galerie-matchracing.shtml HTTP/1.1" 200 4859
ec2-34-249-52-36.eu-west-1.compute.amazonaws.com - - [06/Oct/2017:04:28:15 +0200] "GET /standort.shtml HTTP/1.1" 200 4717
ec2-34-249-52-36.eu-west-1.compute.amazonaws.com - - [06/Oct/2017:04:28:15 +0200] "GET /%C3%BCber-uns.shtml HTTP/1.1" 200 4740
ec2-34-249-52-36.eu-west-1.compute.amazonaws.com - - [06/Oct/2017:04:28:15 +0200] "GET /kursanmeldung.shtml HTTP/1.1" 200 10952
ec2-34-249-52-36.eu-west-1.compute.amazonaws.com - - [06/Oct/2017:04:28:15 +0200] "GET /flotte.shtml HTTP/1.1" 200 6274
ec2-34-249-52-36.eu-west-1.compute.amazonaws.com - - [06/Oct/2017:04:28:15 +0200] "GET /optikurse-2014.shtml HTTP/1.1" 200 4938
ec2-34-249-52-36.eu-west-1.compute.amazonaws.com - - [06/Oct/2017:04:28:15 +0200] "GET /davosersee.shtml HTTP/1.1" 200 5477
ec2-34-249-52-36.eu-west-1.compute.amazonaws.com - - [06/Oct/2017:04:28:15 +0200] "GET /galerie-sktrophy-2014.shtml HTTP/1.1" 200 5044
ec2-34-249-52-36.eu-west-1.compute.amazonaws.com - - [06/Oct/2017:04:28:15 +0200] "GET /kursanmeldung HTTP/1.1" 200 10945
ec2-34-249-52-36.eu-west-1.compute.amazonaws.com - - [06/Oct/2017:04:28:15 +0200] "GET /galerie-gruppesmartkat.shtml HTTP/1.1" 200 4863
ec2-34-249-52-36.eu-west-1.compute.amazonaws.com - - [06/Oct/2017:04:28:15 +0200] "GET /aktuelles-wetter.shtml HTTP/1.1" 200 4575
hydrogen042.a.ahrefs.com - - [06/Oct/2017:04:40:08 +0200] "GET /var/m_0/0d/0dd/12455/6564737-G3_SKT2015_61.jpg HTTP/1.1" 200 101297
