ns3366706.ip-37-187-78.eu - - [07/Oct/2017:14:01:54 +0200] "GET / HTTP/1.1" 200 6440
168.ip-54-36-98.eu - - [07/Oct/2017:14:17:52 +0200] "GET / HTTP/1.1" 200 6440
ec2-54-189-141-197.us-west-2.compute.amazonaws.com - - [07/Oct/2017:14:19:37 +0200] "GET / HTTP/1.1" 200 6440
p4FC258B8.dip0.t-ipconnect.de - - [07/Oct/2017:14:21:06 +0200] "GET /standort.shtml HTTP/1.1" 200 4717
p4FC258B8.dip0.t-ipconnect.de - - [07/Oct/2017:14:21:07 +0200] "GET /templates/creator/m_f/fa/fa7/164/css/style.min.css?v=1483633820 HTTP/1.1" 200 847
p4FC258B8.dip0.t-ipconnect.de - - [07/Oct/2017:14:21:07 +0200] "GET /templates/creator/m_f/fa/fa7/164/css/main.min.css?v=1483633820 HTTP/1.1" 200 1797
p4FC258B8.dip0.t-ipconnect.de - - [07/Oct/2017:14:21:07 +0200] "GET /css/widgets/concat_widget.min.css?v=6.6.7.2.41064 HTTP/1.1" 200 24507
p4FC258B8.dip0.t-ipconnect.de - - [07/Oct/2017:14:21:07 +0200] "GET /css/skeleton.css HTTP/1.1" 200 3511
p4FC258B8.dip0.t-ipconnect.de - - [07/Oct/2017:14:21:37 +0200] "GET /vermietung.shtml HTTP/1.1" 200 5099
p4FC258B8.dip0.t-ipconnect.de - - [07/Oct/2017:14:21:38 +0200] "GET /var/m_0/0d/0dd/12455/125498-31_Sprinto.JPG HTTP/1.1" 200 60889
p4FC258B8.dip0.t-ipconnect.de - - [07/Oct/2017:14:21:38 +0200] "GET /var/m_0/0d/0dd/12455/125500-33_Opti.jpg HTTP/1.1" 200 104538
p4FC258B8.dip0.t-ipconnect.de - - [07/Oct/2017:14:21:38 +0200] "GET /var/m_0/0d/0dd/12455/125499-32_Smartkat.JPG HTTP/1.1" 200 60966
p4FC258B8.dip0.t-ipconnect.de - - [07/Oct/2017:14:21:38 +0200] "GET /var/m_0/0d/0dd/12455/125501-34_Laser.jpg HTTP/1.1" 200 52750
p4FC258B8.dip0.t-ipconnect.de - - [07/Oct/2017:14:21:38 +0200] "GET /js/jquery.lazyload.min.js?v=6.6.7.2.41064 HTTP/1.1" 200 1283
p4FC258B8.dip0.t-ipconnect.de - - [07/Oct/2017:14:21:38 +0200] "GET /var/m_0/0d/0dd/12455/7441141-37_Pedalo.jpg HTTP/1.1" 200 195132
p4FC258B8.dip0.t-ipconnect.de - - [07/Oct/2017:14:21:39 +0200] "GET /templates/resellers/7/favicon.ico?v=1506147147 HTTP/1.1" 200 4286
p4FC258B8.dip0.t-ipconnect.de - - [07/Oct/2017:14:21:57 +0200] "GET / HTTP/1.1" 200 6440
p4FC258B8.dip0.t-ipconnect.de - - [07/Oct/2017:14:21:57 +0200] "GET /var/m_0/0d/0dd/12455/143351-Header_Segelschule.jpg HTTP/1.1" 200 107532
p4FC258B8.dip0.t-ipconnect.de - - [07/Oct/2017:14:21:57 +0200] "GET /var/m_0/0d/0dd/12455/6564603-SK_Tro_Head.jpg HTTP/1.1" 200 136780
p4FC258B8.dip0.t-ipconnect.de - - [07/Oct/2017:14:21:57 +0200] "GET /var/m_0/0d/0dd/12455/125495-15_Event.JPG HTTP/1.1" 200 59088
p4FC258B8.dip0.t-ipconnect.de - - [07/Oct/2017:14:21:57 +0200] "GET /var/m_0/0d/0dd/12455/125493-13_Kurse.JPG HTTP/1.1" 200 70517
p4FC258B8.dip0.t-ipconnect.de - - [07/Oct/2017:14:21:57 +0200] "GET /var/m_0/0d/0dd/12455/7230972-19_Matchracing.jpg HTTP/1.1" 200 55347
p4FC258B8.dip0.t-ipconnect.de - - [07/Oct/2017:14:21:57 +0200] "GET /var/m_0/0d/0dd/12455/8254793-J70_Davos.w1024.jpg HTTP/1.1" 200 191999
p4FC258B8.dip0.t-ipconnect.de - - [07/Oct/2017:14:21:57 +0200] "GET /var/m_0/0d/0dd/12455/8218280-65_Regatta.JPG HTTP/1.1" 200 192350
p4FC258B8.dip0.t-ipconnect.de - - [07/Oct/2017:14:21:57 +0200] "GET /var/m_0/0d/0dd/12455/125494-14_Vermietung.JPG HTTP/1.1" 200 95115
p4FC258B8.dip0.t-ipconnect.de - - [07/Oct/2017:14:21:58 +0200] "GET /var/m_0/0d/0dd/12455/143586-SP_DK1.jpg HTTP/1.1" 200 3071
p4FC258B8.dip0.t-ipconnect.de - - [07/Oct/2017:14:21:58 +0200] "GET /var/m_0/0d/0dd/12455/143580-SP_Heierling1.jpg HTTP/1.1" 200 2613
p4FC258B8.dip0.t-ipconnect.de - - [07/Oct/2017:14:21:58 +0200] "GET /var/m_0/0d/0dd/12455/143584-SP_Lemm1.jpg HTTP/1.1" 200 2321
p4FC258B8.dip0.t-ipconnect.de - - [07/Oct/2017:14:21:58 +0200] "GET /var/m_0/0d/0dd/12455/8288159-EWD_rgb_pos.jpg HTTP/1.1" 200 207458
p4FC258B8.dip0.t-ipconnect.de - - [07/Oct/2017:14:21:58 +0200] "GET /var/m_0/0d/0dd/12455/143582-SP_Gipfel1.jpg HTTP/1.1" 200 2688
p4FC258B8.dip0.t-ipconnect.de - - [07/Oct/2017:14:22:00 +0200] "GET /templates/resellers/7/favicon.ico?v=1506103971 HTTP/1.1" 200 4286
qualityassurance.siteimprove.com - - [07/Oct/2017:14:26:23 +0200] "GET / HTTP/1.1" 200 6440
crawl-66-249-64-27.googlebot.com - - [07/Oct/2017:14:30:52 +0200] "GET /templates/resellers/7/favicon.ico?v=1503466260 HTTP/1.1" 304 -
crawl-66-249-64-29.googlebot.com - - [07/Oct/2017:14:37:53 +0200] "GET /var/m_0/0d/0dd/12455/7445964-SK_Kentern.jpg HTTP/1.1" 304 -
crawl-66-249-64-30.googlebot.com - - [07/Oct/2017:14:47:39 +0200] "GET / HTTP/1.1" 200 6401
