xdsl-188-154-107-9.adslplus.ch - - [18/Nov/2017:19:24:01 +0100] "GET /davosersee HTTP/1.1" 200 5462
xdsl-188-154-107-9.adslplus.ch - - [18/Nov/2017:19:24:02 +0100] "GET /css/widgets/concat_widget.min.css?v=6.6.7.2.41064 HTTP/1.1" 200 24507
xdsl-188-154-107-9.adslplus.ch - - [18/Nov/2017:19:24:03 +0100] "GET /templates/creator/m_f/fa/fa7/164/css/style.min.css?v=1483633820 HTTP/1.1" 200 847
xdsl-188-154-107-9.adslplus.ch - - [18/Nov/2017:19:24:03 +0100] "GET /templates/creator/m_f/fa/fa7/164/assets/respond.min.js?v=1483633820 HTTP/1.1" 200 2085
xdsl-188-154-107-9.adslplus.ch - - [18/Nov/2017:19:24:03 +0100] "GET /templates/creator/m_f/fa/fa7/164/assets/wp-menu.js?v=1483633820 HTTP/1.1" 200 1089
xdsl-188-154-107-9.adslplus.ch - - [18/Nov/2017:19:24:03 +0100] "GET /js/footer/get_deps.min.js?v=6.6.7.2.41064 HTTP/1.1" 200 157
xdsl-188-154-107-9.adslplus.ch - - [18/Nov/2017:19:24:03 +0100] "GET /templates/creator/m_f/fa/fa7/164/assets/slide.js?v=1483633820 HTTP/1.1" 200 662
xdsl-188-154-107-9.adslplus.ch - - [18/Nov/2017:19:24:03 +0100] "GET /css/skeleton.css HTTP/1.1" 200 3511
xdsl-188-154-107-9.adslplus.ch - - [18/Nov/2017:19:24:03 +0100] "GET /js/footer/build_social_entries.min.js?v=6.6.7.2.41064 HTTP/1.1" 200 278
xdsl-188-154-107-9.adslplus.ch - - [18/Nov/2017:19:24:04 +0100] "GET /templates/creator/m_f/fa/fa7/164/css/main.min.css?v=1483633820 HTTP/1.1" 200 1797
xdsl-188-154-107-9.adslplus.ch - - [18/Nov/2017:19:24:04 +0100] "GET /js/functions_stripped.js?v=6.6.7.2.41064 HTTP/1.1" 200 3186
xdsl-188-154-107-9.adslplus.ch - - [18/Nov/2017:19:24:05 +0100] "GET /var/m_0/0d/0dd/12455/126126-43_See.JPG HTTP/1.1" 200 86511
xdsl-188-154-107-9.adslplus.ch - - [18/Nov/2017:19:24:05 +0100] "GET /templates/creator/m_f/fa/fa7/164/assets/tab_b_bottom.png HTTP/1.1" 200 962
xdsl-188-154-107-9.adslplus.ch - - [18/Nov/2017:19:24:05 +0100] "GET /var/m_0/0d/0dd/12455/143352-Header_Segelschule_2.jpg HTTP/1.1" 200 107532
xdsl-188-154-107-9.adslplus.ch - - [18/Nov/2017:19:24:05 +0100] "GET /templates/creator/m_f/fa/fa7/164/assets/tab_l_bottom.png HTTP/1.1" 200 1751
xdsl-188-154-107-9.adslplus.ch - - [18/Nov/2017:19:24:05 +0100] "GET /templates/creator/m_f/fa/fa7/164/assets/bt_open.png HTTP/1.1" 200 2044
xdsl-188-154-107-9.adslplus.ch - - [18/Nov/2017:19:24:05 +0100] "GET /templates/creator/m_f/fa/fa7/164/assets/tab_r_bottom.png HTTP/1.1" 200 1803
xdsl-188-154-107-9.adslplus.ch - - [18/Nov/2017:19:24:05 +0100] "GET /templates/creator/m_f/fa/fa7/164/assets/tab_m_bottom.png HTTP/1.1" 200 1000
xdsl-188-154-107-9.adslplus.ch - - [18/Nov/2017:19:24:06 +0100] "GET /templates/creator/m_f/fa/fa7/164/assets/bt_close.png HTTP/1.1" 200 2150
xdsl-188-154-107-9.adslplus.ch - - [18/Nov/2017:19:24:09 +0100] "GET /templates/resellers/7/favicon.ico?v=1506254477 HTTP/1.1" 200 4286
5-45-207-72.spider.yandex.com - - [18/Nov/2017:19:56:06 +0100] "GET /robots.txt HTTP/1.1" 200 120
95-108-181-76.spider.yandex.com - - [18/Nov/2017:19:56:07 +0100] "GET /robots.txt HTTP/1.1" 200 120
5-45-207-72.spider.yandex.com - - [18/Nov/2017:19:56:10 +0100] "GET / HTTP/1.1" 200 6440
87-250-224-111.spider.yandex.com - - [18/Nov/2017:19:56:11 +0100] "GET / HTTP/1.1" 200 6440
