hydrogen207.a.ahrefs.com - - [09/Dec/2017:00:20:22 +0100] "GET /var/m_0/0d/0dd/12455/6564725-G3_SKT2015_52.jpg HTTP/1.1" 200 139147
46-118-157-50.broadband.kyivstar.net - - [09/Dec/2017:00:32:28 +0100] "GET / HTTP/1.1" 200 35804
46-118-157-50.broadband.kyivstar.net - - [09/Dec/2017:00:32:29 +0100] "GET / HTTP/1.1" 200 35804
46-118-157-50.broadband.kyivstar.net - - [09/Dec/2017:00:32:30 +0100] "GET / HTTP/1.1" 200 35804
msnbot-157-55-39-94.search.msn.com - - [09/Dec/2017:00:33:14 +0100] "GET /var/m_0/0d/0dd/12455/125499-32_Smartkat.JPG HTTP/1.1" 200 60966
ip68.ip-54-36-24.eu - - [09/Dec/2017:00:35:05 +0100] "GET / HTTP/1.1" 200 35804
ip68.ip-54-36-24.eu - - [09/Dec/2017:00:35:06 +0100] "GET /events.shtml HTTP/1.1" 200 22514
ip68.ip-54-36-24.eu - - [09/Dec/2017:00:35:08 +0100] "GET /galerie.shtml HTTP/1.1" 200 22747
ip68.ip-54-36-24.eu - - [09/Dec/2017:00:35:09 +0100] "GET /kurse.shtml HTTP/1.1" 200 31031
ip68.ip-54-36-24.eu - - [09/Dec/2017:00:35:10 +0100] "GET /vermietung.shtml HTTP/1.1" 200 25728
ip68.ip-54-36-24.eu - - [09/Dec/2017:00:35:10 +0100] "GET /event-gruppesmartkat.shtml HTTP/1.1" 200 21256
ip68.ip-54-36-24.eu - - [09/Dec/2017:00:35:12 +0100] "GET /event-matchracing.shtml HTTP/1.1" 200 21251
ip68.ip-54-36-24.eu - - [09/Dec/2017:00:35:12 +0100] "GET /event-pedalo.shtml HTTP/1.1" 200 20248
ip68.ip-54-36-24.eu - - [09/Dec/2017:00:35:13 +0100] "GET /galerie-gruppesmartkat.shtml HTTP/1.1" 200 20574
ip68.ip-54-36-24.eu - - [09/Dec/2017:00:35:13 +0100] "GET /galerie-matchracing.shtml HTTP/1.1" 200 21704
ip68.ip-54-36-24.eu - - [09/Dec/2017:00:35:15 +0100] "GET /galerie-sktrophy-2015.shtml HTTP/1.1" 200 49420
ip68.ip-54-36-24.eu - - [09/Dec/2017:00:35:15 +0100] "GET /galerie-sktrophy-2014.shtml HTTP/1.1" 200 29913
ip68.ip-54-36-24.eu - - [09/Dec/2017:00:35:16 +0100] "GET /optikurse-2014.shtml HTTP/1.1" 200 26353
ip68.ip-54-36-24.eu - - [09/Dec/2017:00:35:18 +0100] "GET /kinder-segelkurs.shtml HTTP/1.1" 200 19898
ip68.ip-54-36-24.eu - - [09/Dec/2017:00:35:19 +0100] "GET /pruefungskurs.shtml HTTP/1.1" 200 23039
ip68.ip-54-36-24.eu - - [09/Dec/2017:00:35:21 +0100] "GET /segel-grundkurs.shtml HTTP/1.1" 200 21440
ip68.ip-54-36-24.eu - - [09/Dec/2017:00:35:21 +0100] "GET /segelkurs-jollesmartkat.shtml HTTP/1.1" 200 19993
ip68.ip-54-36-24.eu - - [09/Dec/2017:00:35:22 +0100] "GET /smartkat-crashkurs.shtml HTTP/1.1" 200 17863
ip68.ip-54-36-24.eu - - [09/Dec/2017:00:35:23 +0100] "GET /flotte.shtml HTTP/1.1" 200 29241
ip68.ip-54-36-24.eu - - [09/Dec/2017:00:35:24 +0100] "GET /js/functions_stripped.js?v=6.6.7.2.41064 HTTP/1.1" 200 7672
ip68.ip-54-36-24.eu - - [09/Dec/2017:00:35:25 +0100] "GET /Perspectiva.html? HTTP/1.1" 200 18069
ip68.ip-54-36-24.eu - - [09/Dec/2017:00:35:25 +0100] "GET /js/jquery.lazyload.min.js?v=6.6.7.2.41064 HTTP/1.1" 200 3342
ip68.ip-54-36-24.eu - - [09/Dec/2017:00:35:26 +0100] "GET /js/).html(a);null==$( HTTP/1.1" 200 219
ip68.ip-54-36-24.eu - - [09/Dec/2017:00:35:27 +0100] "GET /js/index.php?sid=46&lang=en&item=1&act=users&ajax=state HTTP/1.1" 200 210
ip68.ip-54-36-24.eu - - [09/Dec/2017:00:35:29 +0100] "GET /aktuelles-wetter HTTP/1.1" 200 18388
ip68.ip-54-36-24.eu - - [09/Dec/2017:00:35:30 +0100] "GET /event-gruppesmartkat HTTP/1.1" 200 21256
ip68.ip-54-36-24.eu - - [09/Dec/2017:00:35:30 +0100] "GET /davosersee HTTP/1.1" 200 19505
ip68.ip-54-36-24.eu - - [09/Dec/2017:00:35:31 +0100] "GET /event-matchracing HTTP/1.1" 200 21251
ip68.ip-54-36-24.eu - - [09/Dec/2017:00:35:32 +0100] "GET /events HTTP/1.1" 200 22514
ip68.ip-54-36-24.eu - - [09/Dec/2017:00:35:32 +0100] "GET /event-pedalo HTTP/1.1" 200 20248
173.252.91.165 - - [09/Dec/2017:00:45:04 +0100] "GET /var/m_0/0d/0dd/12455/143352-Header_Segelschule_2.jpg HTTP/1.1" 200 107532
