24.204.15.62.static.jazztel.es - - [26/Nov/2017:06:18:58 +0100] "GET / HTTP/1.1" 200 35804
24.204.15.62.static.jazztel.es - - [26/Nov/2017:06:19:00 +0100] "GET /%C3%BCber-uns.shtml HTTP/1.1" 200 21862
24.204.15.62.static.jazztel.es - - [26/Nov/2017:06:19:01 +0100] "GET /davosersee.shtml HTTP/1.1" 200 19505
24.204.15.62.static.jazztel.es - - [26/Nov/2017:06:19:01 +0100] "GET /aktuelles-wetter.shtml HTTP/1.1" 200 18388
24.204.15.62.static.jazztel.es - - [26/Nov/2017:06:19:02 +0100] "GET /event-gruppesmartkat.shtml HTTP/1.1" 200 21256
24.204.15.62.static.jazztel.es - - [26/Nov/2017:06:19:02 +0100] "GET /event-matchracing.shtml HTTP/1.1" 200 21251
24.204.15.62.static.jazztel.es - - [26/Nov/2017:06:19:03 +0100] "GET /event-pedalo.shtml HTTP/1.1" 200 20248
24.204.15.62.static.jazztel.es - - [26/Nov/2017:06:19:03 +0100] "GET /events.shtml HTTP/1.1" 200 22514
24.204.15.62.static.jazztel.es - - [26/Nov/2017:06:19:03 +0100] "GET /flotte.shtml HTTP/1.1" 200 29241
24.204.15.62.static.jazztel.es - - [26/Nov/2017:06:19:04 +0100] "GET /galerie-matchracing.shtml HTTP/1.1" 200 21704
24.204.15.62.static.jazztel.es - - [26/Nov/2017:06:19:04 +0100] "GET /galerie-sktrophy-2015.shtml HTTP/1.1" 200 49420
24.204.15.62.static.jazztel.es - - [26/Nov/2017:06:19:04 +0100] "GET /galerie-sktrophy-2014.shtml HTTP/1.1" 200 29913
24.204.15.62.static.jazztel.es - - [26/Nov/2017:06:19:04 +0100] "GET /galerie-gruppesmartkat.shtml HTTP/1.1" 200 20574
24.204.15.62.static.jazztel.es - - [26/Nov/2017:06:19:05 +0100] "GET /galerie.shtml HTTP/1.1" 200 22747
24.204.15.62.static.jazztel.es - - [26/Nov/2017:06:19:05 +0100] "GET /kinder-segelkurs.shtml HTTP/1.1" 200 19898
24.204.15.62.static.jazztel.es - - [26/Nov/2017:06:19:05 +0100] "GET /kursanmeldung.shtml HTTP/1.1" 200 49926
24.204.15.62.static.jazztel.es - - [26/Nov/2017:06:19:06 +0100] "GET /kurse.shtml HTTP/1.1" 200 31031
24.204.15.62.static.jazztel.es - - [26/Nov/2017:06:19:06 +0100] "GET /pruefungskurs.shtml HTTP/1.1" 200 23039
24.204.15.62.static.jazztel.es - - [26/Nov/2017:06:19:06 +0100] "GET /segel-grundkurs.shtml HTTP/1.1" 200 21440
24.204.15.62.static.jazztel.es - - [26/Nov/2017:06:19:06 +0100] "GET /optikurse-2014.shtml HTTP/1.1" 200 26353
24.204.15.62.static.jazztel.es - - [26/Nov/2017:06:19:07 +0100] "GET /js/functions_stripped.js?v=6.6.7.2.41064 HTTP/1.1" 200 7672
24.204.15.62.static.jazztel.es - - [26/Nov/2017:06:19:07 +0100] "GET /vermietung.shtml HTTP/1.1" 200 25728
24.204.15.62.static.jazztel.es - - [26/Nov/2017:06:19:06 +0100] "GET /segelkurs-jollesmartkat.shtml HTTP/1.1" 200 19993
24.204.15.62.static.jazztel.es - - [26/Nov/2017:06:19:07 +0100] "GET /Perspectiva.html? HTTP/1.1" 200 18069
24.204.15.62.static.jazztel.es - - [26/Nov/2017:06:19:07 +0100] "GET /smartkat-crashkurs.shtml HTTP/1.1" 200 17863
24.204.15.62.static.jazztel.es - - [26/Nov/2017:06:19:07 +0100] "GET /standort.shtml HTTP/1.1" 200 17547
24.204.15.62.static.jazztel.es - - [26/Nov/2017:06:19:08 +0100] "GET /js/jquery.lazyload.min.js?v=6.6.7.2.41064 HTTP/1.1" 200 3342
24.204.15.62.static.jazztel.es - - [26/Nov/2017:06:19:08 +0100] "GET /aktuelles-wetter HTTP/1.1" 200 18388
crawl-66-249-64-28.googlebot.com - - [26/Nov/2017:06:26:26 +0100] "GET /robots.txt HTTP/1.1" 200 80
crawl-66-249-64-30.googlebot.com - - [26/Nov/2017:06:26:26 +0100] "GET / HTTP/1.1" 200 6440
crawl-66-249-64-28.googlebot.com - - [26/Nov/2017:06:26:39 +0100] "GET /css/skeleton.css HTTP/1.1" 200 3511
msnbot-157-55-39-190.search.msn.com - - [26/Nov/2017:06:28:00 +0100] "GET / HTTP/1.1" 200 6440
msnbot-157-55-39-118.search.msn.com - - [26/Nov/2017:06:38:02 +0100] "GET /robots.txt HTTP/1.1" 200 80
msnbot-157-55-39-118.search.msn.com - - [26/Nov/2017:06:38:03 +0100] "GET /robots.txt HTTP/1.1" 200 80
msnbot-40-77-167-80.search.msn.com - - [26/Nov/2017:06:49:01 +0100] "GET / HTTP/1.1" 200 6440
