217.192.239.99 - - [05/Oct/2017:13:16:18 +0200] "GET /var/m_0/0d/0dd/12455/126126-43_See.JPG HTTP/1.1" 200 86511
217.192.239.99 - - [05/Oct/2017:13:16:35 +0200] "GET /var/m_0/0d/0dd/12455/143351-Header_Segelschule.jpg HTTP/1.1" 200 107532
pD95D05F2.dip0.t-ipconnect.de - - [05/Oct/2017:13:50:11 +0200] "GET / HTTP/1.1" 200 6440
pD95D05F2.dip0.t-ipconnect.de - - [05/Oct/2017:13:50:11 +0200] "GET /css/widgets/concat_widget.min.css?v=6.6.7.2.41064 HTTP/1.1" 200 24507
pD95D05F2.dip0.t-ipconnect.de - - [05/Oct/2017:13:50:11 +0200] "GET /js/footer/get_deps.min.js?v=6.6.7.2.41064 HTTP/1.1" 200 157
pD95D05F2.dip0.t-ipconnect.de - - [05/Oct/2017:13:50:11 +0200] "GET /templates/creator/m_f/fa/fa7/164/css/style.min.css?v=1483633820 HTTP/1.1" 200 847
pD95D05F2.dip0.t-ipconnect.de - - [05/Oct/2017:13:50:11 +0200] "GET /templates/creator/m_f/fa/fa7/164/assets/wp-menu.js?v=1483633820 HTTP/1.1" 200 1089
pD95D05F2.dip0.t-ipconnect.de - - [05/Oct/2017:13:50:11 +0200] "GET /templates/creator/m_f/fa/fa7/164/assets/slide.js?v=1483633820 HTTP/1.1" 200 662
pD95D05F2.dip0.t-ipconnect.de - - [05/Oct/2017:13:50:11 +0200] "GET /var/m_0/0d/0dd/12455/6564603-SK_Tro_Head.jpg HTTP/1.1" 200 136780
pD95D05F2.dip0.t-ipconnect.de - - [05/Oct/2017:13:50:11 +0200] "GET /var/m_0/0d/0dd/12455/7230972-19_Matchracing.jpg HTTP/1.1" 200 55347
pD95D05F2.dip0.t-ipconnect.de - - [05/Oct/2017:13:50:11 +0200] "GET /templates/creator/m_f/fa/fa7/164/css/main.min.css?v=1483633820 HTTP/1.1" 200 1797
pD95D05F2.dip0.t-ipconnect.de - - [05/Oct/2017:13:50:11 +0200] "GET /js/footer/build_social_entries.min.js?v=6.6.7.2.41064 HTTP/1.1" 200 278
pD95D05F2.dip0.t-ipconnect.de - - [05/Oct/2017:13:50:11 +0200] "GET /css/skeleton.css HTTP/1.1" 200 3511
pD95D05F2.dip0.t-ipconnect.de - - [05/Oct/2017:13:50:11 +0200] "GET /js/jquery.lazyload.min.js?v=6.6.7.2.41064 HTTP/1.1" 200 1283
pD95D05F2.dip0.t-ipconnect.de - - [05/Oct/2017:13:50:11 +0200] "GET /js/functions_stripped.js?v=6.6.7.2.41064 HTTP/1.1" 200 3186
pD95D05F2.dip0.t-ipconnect.de - - [05/Oct/2017:13:50:11 +0200] "GET /templates/creator/m_f/fa/fa7/164/assets/respond.min.js?v=1483633820 HTTP/1.1" 200 2085
pD95D05F2.dip0.t-ipconnect.de - - [05/Oct/2017:13:50:11 +0200] "GET /var/m_0/0d/0dd/12455/143351-Header_Segelschule.jpg HTTP/1.1" 200 107532
pD95D05F2.dip0.t-ipconnect.de - - [05/Oct/2017:13:50:11 +0200] "GET /var/m_0/0d/0dd/12455/8254793-J70_Davos.w1024.jpg HTTP/1.1" 200 191999
pD95D05F2.dip0.t-ipconnect.de - - [05/Oct/2017:13:50:11 +0200] "GET /var/m_0/0d/0dd/12455/8218280-65_Regatta.JPG HTTP/1.1" 200 192350
pD95D05F2.dip0.t-ipconnect.de - - [05/Oct/2017:13:50:11 +0200] "GET /var/m_0/0d/0dd/12455/125493-13_Kurse.JPG HTTP/1.1" 200 70517
pD95D05F2.dip0.t-ipconnect.de - - [05/Oct/2017:13:50:12 +0200] "GET /var/m_0/0d/0dd/12455/125494-14_Vermietung.JPG HTTP/1.1" 200 95115
pD95D05F2.dip0.t-ipconnect.de - - [05/Oct/2017:13:50:12 +0200] "GET /var/m_0/0d/0dd/12455/143584-SP_Lemm1.jpg HTTP/1.1" 200 2321
pD95D05F2.dip0.t-ipconnect.de - - [05/Oct/2017:13:50:12 +0200] "GET /var/m_0/0d/0dd/12455/125495-15_Event.JPG HTTP/1.1" 200 59088
pD95D05F2.dip0.t-ipconnect.de - - [05/Oct/2017:13:50:12 +0200] "GET /var/m_0/0d/0dd/12455/143586-SP_DK1.jpg HTTP/1.1" 200 3071
pD95D05F2.dip0.t-ipconnect.de - - [05/Oct/2017:13:50:12 +0200] "GET /var/m_0/0d/0dd/12455/143580-SP_Heierling1.jpg HTTP/1.1" 200 2613
pD95D05F2.dip0.t-ipconnect.de - - [05/Oct/2017:13:50:12 +0200] "GET /var/m_0/0d/0dd/12455/143582-SP_Gipfel1.jpg HTTP/1.1" 200 2688
pD95D05F2.dip0.t-ipconnect.de - - [05/Oct/2017:13:50:12 +0200] "GET /var/m_0/0d/0dd/12455/8288159-EWD_rgb_pos.jpg HTTP/1.1" 200 207458
pD95D05F2.dip0.t-ipconnect.de - - [05/Oct/2017:13:50:13 +0200] "GET /templates/resellers/7/favicon.ico?v=1506103971 HTTP/1.1" 200 4286
host-74-211-56-219.beyondbb.com - - [05/Oct/2017:13:57:32 +0200] "GET /var/m_0/0d/0dd/12455/126126-43_See.JPG HTTP/1.1" 200 86511
