ec2-34-240-211-74.eu-west-1.compute.amazonaws.com - - [12/Dec/2017:05:16:45 +0100] "GET /galerie.shtml HTTP/1.1" 200 4483
ec2-34-240-211-74.eu-west-1.compute.amazonaws.com - - [12/Dec/2017:05:16:46 +0100] "GET /kurse.shtml HTTP/1.1" 200 6280
ec2-34-240-211-74.eu-west-1.compute.amazonaws.com - - [12/Dec/2017:05:16:48 +0100] "GET /vermietung.shtml HTTP/1.1" 200 5099
ec2-34-240-211-74.eu-west-1.compute.amazonaws.com - - [12/Dec/2017:05:16:50 +0100] "GET /events.shtml HTTP/1.1" 200 5297
ec2-34-242-91-242.eu-west-1.compute.amazonaws.com - - [12/Dec/2017:05:20:33 +0100] "GET /davosersee.shtml HTTP/1.1" 200 5477
ec2-34-242-91-242.eu-west-1.compute.amazonaws.com - - [12/Dec/2017:05:20:35 +0100] "GET /kurse.shtml HTTP/1.1" 200 6280
ec2-34-242-91-242.eu-west-1.compute.amazonaws.com - - [12/Dec/2017:05:20:36 +0100] "GET /kinder-segelkurs.shtml HTTP/1.1" 200 5171
ec2-34-242-91-242.eu-west-1.compute.amazonaws.com - - [12/Dec/2017:05:20:37 +0100] "GET /segelkurs-jollesmartkat.shtml HTTP/1.1" 200 5139
ec2-34-242-91-242.eu-west-1.compute.amazonaws.com - - [12/Dec/2017:05:20:39 +0100] "GET /smartkat-crashkurs.shtml HTTP/1.1" 200 4808
ec2-34-242-91-242.eu-west-1.compute.amazonaws.com - - [12/Dec/2017:05:20:40 +0100] "GET /segel-grundkurs.shtml HTTP/1.1" 200 5378
ec2-34-242-91-242.eu-west-1.compute.amazonaws.com - - [12/Dec/2017:05:20:41 +0100] "GET /pruefungskurs.shtml HTTP/1.1" 200 5895
ec2-34-242-91-242.eu-west-1.compute.amazonaws.com - - [12/Dec/2017:05:20:42 +0100] "GET /events.shtml HTTP/1.1" 200 5297
ec2-34-242-91-242.eu-west-1.compute.amazonaws.com - - [12/Dec/2017:05:20:43 +0100] "GET /event-gruppesmartkat.shtml HTTP/1.1" 200 5645
ec2-34-242-91-242.eu-west-1.compute.amazonaws.com - - [12/Dec/2017:05:20:51 +0100] "GET /event-matchracing.shtml HTTP/1.1" 200 5634
ec2-34-242-91-242.eu-west-1.compute.amazonaws.com - - [12/Dec/2017:05:20:52 +0100] "GET /event-pedalo.shtml HTTP/1.1" 200 5342
ec2-34-242-91-242.eu-west-1.compute.amazonaws.com - - [12/Dec/2017:05:20:53 +0100] "GET /flotte.shtml HTTP/1.1" 200 6274
ec2-34-242-91-242.eu-west-1.compute.amazonaws.com - - [12/Dec/2017:05:20:55 +0100] "GET /vermietung.shtml HTTP/1.1" 200 5099
ec2-34-242-91-242.eu-west-1.compute.amazonaws.com - - [12/Dec/2017:05:20:56 +0100] "GET /galerie.shtml HTTP/1.1" 200 4483
ec2-34-242-91-242.eu-west-1.compute.amazonaws.com - - [12/Dec/2017:05:20:57 +0100] "GET /galerie-sktrophy-2015.shtml HTTP/1.1" 200 5939
ec2-34-242-91-242.eu-west-1.compute.amazonaws.com - - [12/Dec/2017:05:20:59 +0100] "GET /galerie-matchracing.shtml HTTP/1.1" 200 4859
ec2-34-242-91-242.eu-west-1.compute.amazonaws.com - - [12/Dec/2017:05:21:00 +0100] "GET /galerie-gruppesmartkat.shtml HTTP/1.1" 200 4863
ec2-34-242-91-242.eu-west-1.compute.amazonaws.com - - [12/Dec/2017:05:21:07 +0100] "GET /galerie-sktrophy-2014.shtml HTTP/1.1" 200 5044
ec2-34-242-91-242.eu-west-1.compute.amazonaws.com - - [12/Dec/2017:05:21:08 +0100] "GET /optikurse-2014.shtml HTTP/1.1" 200 4938
ec2-34-242-91-242.eu-west-1.compute.amazonaws.com - - [12/Dec/2017:05:21:10 +0100] "GET /%C3%BCber-uns.shtml HTTP/1.1" 200 4740
ec2-34-242-91-242.eu-west-1.compute.amazonaws.com - - [12/Dec/2017:05:21:11 +0100] "GET /standort.shtml HTTP/1.1" 200 4717
ec2-34-242-91-242.eu-west-1.compute.amazonaws.com - - [12/Dec/2017:05:21:13 +0100] "GET /kursanmeldung.shtml HTTP/1.1" 200 10952
ec2-34-242-91-242.eu-west-1.compute.amazonaws.com - - [12/Dec/2017:05:21:14 +0100] "GET /aktuelles-wetter.shtml HTTP/1.1" 200 4575
195.22.126.112 - - [12/Dec/2017:05:26:18 +0100] "GET / HTTP/1.1" 200 35804
