msnbot-65-55-210-131.search.msn.com - - [28/Nov/2017:16:13:49 +0100] "GET /css/widgets/concat_widget.min.css?v=6.6.7.2.41064 HTTP/1.1" 200 138686
msnbot-199-30-25-36.search.msn.com - - [28/Nov/2017:16:13:51 +0100] "GET /templates/creator/m_f/fa/fa7/164/css/main.min.css?v=1483633820 HTTP/1.1" 200 7582
msnbot-199-30-24-169.search.msn.com - - [28/Nov/2017:16:13:51 +0100] "GET /templates/creator/m_f/fa/fa7/164/css/style.min.css?v=1483633820 HTTP/1.1" 200 2787
msnbot-199-30-25-173.search.msn.com - - [28/Nov/2017:16:13:53 +0100] "GET /js/footer/get_deps.min.js?v=6.6.7.2.41064 HTTP/1.1" 200 149
msnbot-65-55-210-182.search.msn.com - - [28/Nov/2017:16:13:54 +0100] "GET /js/footer/build_social_entries.min.js?v=6.6.7.2.41064 HTTP/1.1" 200 766
msnbot-199-30-25-9.search.msn.com - - [28/Nov/2017:16:13:56 +0100] "GET /css/skeleton.css HTTP/1.1" 200 18022
msnbot-199-30-24-210.search.msn.com - - [28/Nov/2017:16:13:57 +0100] "GET /templates/creator/m_f/fa/fa7/164/assets/wp-menu.js?v=1483633820 HTTP/1.1" 200 3661
msnbot-199-30-25-134.search.msn.com - - [28/Nov/2017:16:13:58 +0100] "GET /templates/creator/m_f/fa/fa7/164/assets/respond.min.js?v=1483633820 HTTP/1.1" 200 4070
msnbot-199-30-24-13.search.msn.com - - [28/Nov/2017:16:14:00 +0100] "GET /js/functions_stripped.js?v=6.6.7.2.41064 HTTP/1.1" 200 7672
46.101.139.248 - - [28/Nov/2017:16:25:33 +0100] "GET /utility/convert/index.php HTTP/1.1" 200 -
46.101.139.248 - - [28/Nov/2017:16:25:35 +0100] "GET / HTTP/1.1" 200 35804
46-118-119-80.broadband.kyivstar.net - - [28/Nov/2017:16:36:50 +0100] "GET / HTTP/1.1" 200 35804
46-118-119-80.broadband.kyivstar.net - - [28/Nov/2017:16:36:51 +0100] "GET / HTTP/1.1" 200 35804
ip21.ip-54-36-2.eu - - [28/Nov/2017:16:58:20 +0100] "GET / HTTP/1.1" 200 35804
ip21.ip-54-36-2.eu - - [28/Nov/2017:16:58:21 +0100] "GET /galerie.shtml HTTP/1.1" 200 22747
ip21.ip-54-36-2.eu - - [28/Nov/2017:16:58:21 +0100] "GET /vermietung.shtml HTTP/1.1" 200 25728
ip21.ip-54-36-2.eu - - [28/Nov/2017:16:58:21 +0100] "GET /events.shtml HTTP/1.1" 200 22514
ip21.ip-54-36-2.eu - - [28/Nov/2017:16:58:21 +0100] "GET /kurse.shtml HTTP/1.1" 200 31031
ip21.ip-54-36-2.eu - - [28/Nov/2017:16:58:22 +0100] "GET /event-pedalo.shtml HTTP/1.1" 200 20248
ip21.ip-54-36-2.eu - - [28/Nov/2017:16:58:22 +0100] "GET /event-matchracing.shtml HTTP/1.1" 200 21251
ip21.ip-54-36-2.eu - - [28/Nov/2017:16:58:21 +0100] "GET /event-gruppesmartkat.shtml HTTP/1.1" 200 21256
ip21.ip-54-36-2.eu - - [28/Nov/2017:16:58:23 +0100] "GET /galerie-gruppesmartkat.shtml HTTP/1.1" 200 20574
ip21.ip-54-36-2.eu - - [28/Nov/2017:16:58:23 +0100] "GET /galerie-matchracing.shtml HTTP/1.1" 200 21704
ip21.ip-54-36-2.eu - - [28/Nov/2017:16:58:23 +0100] "GET /galerie-sktrophy-2014.shtml HTTP/1.1" 200 29913
ip21.ip-54-36-2.eu - - [28/Nov/2017:16:58:24 +0100] "GET /kinder-segelkurs.shtml HTTP/1.1" 200 19898
ip21.ip-54-36-2.eu - - [28/Nov/2017:16:58:24 +0100] "GET /galerie-sktrophy-2015.shtml HTTP/1.1" 200 49420
ip21.ip-54-36-2.eu - - [28/Nov/2017:16:58:24 +0100] "GET /pruefungskurs.shtml HTTP/1.1" 200 23039
ip21.ip-54-36-2.eu - - [28/Nov/2017:16:58:24 +0100] "GET /optikurse-2014.shtml HTTP/1.1" 200 26353
ip21.ip-54-36-2.eu - - [28/Nov/2017:16:58:24 +0100] "GET /segelkurs-jollesmartkat.shtml HTTP/1.1" 200 19993
ip21.ip-54-36-2.eu - - [28/Nov/2017:16:58:24 +0100] "GET /segel-grundkurs.shtml HTTP/1.1" 200 21440
ip21.ip-54-36-2.eu - - [28/Nov/2017:16:58:25 +0100] "GET /aktuelles-wetter HTTP/1.1" 200 18388
ip21.ip-54-36-2.eu - - [28/Nov/2017:16:58:25 +0100] "GET /smartkat-crashkurs.shtml HTTP/1.1" 200 17863
ip21.ip-54-36-2.eu - - [28/Nov/2017:16:58:25 +0100] "GET /Perspectiva.html? HTTP/1.1" 200 18069
ip21.ip-54-36-2.eu - - [28/Nov/2017:16:58:25 +0100] "GET /event-gruppesmartkat HTTP/1.1" 200 21256
ip21.ip-54-36-2.eu - - [28/Nov/2017:16:58:25 +0100] "GET /js/functions_stripped.js?v=6.6.7.2.41064 HTTP/1.1" 200 7672
ip21.ip-54-36-2.eu - - [28/Nov/2017:16:58:25 +0100] "GET /davosersee HTTP/1.1" 200 19505
ip21.ip-54-36-2.eu - - [28/Nov/2017:16:58:25 +0100] "GET /js/jquery.lazyload.min.js?v=6.6.7.2.41064 HTTP/1.1" 200 3342
ip21.ip-54-36-2.eu - - [28/Nov/2017:16:58:25 +0100] "GET /js/).html(a);null==$( HTTP/1.1" 200 219
ip21.ip-54-36-2.eu - - [28/Nov/2017:16:58:25 +0100] "GET /flotte.shtml HTTP/1.1" 200 29241
ip21.ip-54-36-2.eu - - [28/Nov/2017:16:58:26 +0100] "GET /event-matchracing HTTP/1.1" 200 21251
ip21.ip-54-36-2.eu - - [28/Nov/2017:16:58:26 +0100] "GET /event-pedalo HTTP/1.1" 200 20248
ip21.ip-54-36-2.eu - - [28/Nov/2017:16:58:26 +0100] "GET /flotte HTTP/1.1" 200 29385
ip21.ip-54-36-2.eu - - [28/Nov/2017:16:58:26 +0100] "GET /events HTTP/1.1" 200 22514
