hydrogen015.a.ahrefs.com - - [09/Dec/2017:02:01:44 +0100] "GET /var/m_0/0d/0dd/12455/143521-G2_Optikurs2014_16.JPG HTTP/1.1" 200 81526
crawl-66-249-64-27.googlebot.com - - [09/Dec/2017:02:12:26 +0100] "GET /css/skeleton.css HTTP/1.1" 200 3511
b110041.yse.yahoo.net - - [09/Dec/2017:02:38:44 +0100] "GET / HTTP/1.1" 200 6440
b115340.yse.yahoo.net - - [09/Dec/2017:02:39:52 +0100] "GET /robots.txt HTTP/1.1" 200 120
b115340.yse.yahoo.net - - [09/Dec/2017:02:39:52 +0100] "GET / HTTP/1.1" 200 6440
msnbot-207-46-13-31.search.msn.com - - [09/Dec/2017:02:39:58 +0100] "GET /robots.txt HTTP/1.1" 200 80
msnbot-207-46-13-158.search.msn.com - - [09/Dec/2017:02:40:10 +0100] "GET /templates/creator/m_f/fa/fa7/164/assets/slide.js?v=1483633820 HTTP/1.1" 200 662
msnbot-207-46-13-94.search.msn.com - - [09/Dec/2017:02:40:17 +0100] "GET /js/footer/build_social_entries.min.js?v=6.6.7.2.41064 HTTP/1.1" 200 278
msnbot-207-46-13-94.search.msn.com - - [09/Dec/2017:02:40:17 +0100] "GET /templates/creator/m_f/fa/fa7/164/css/main.min.css?v=1483633820 HTTP/1.1" 200 1797
msnbot-207-46-13-94.search.msn.com - - [09/Dec/2017:02:40:17 +0100] "GET /js/functions_stripped.js?v=6.6.7.2.41064 HTTP/1.1" 200 3186
msnbot-207-46-13-94.search.msn.com - - [09/Dec/2017:02:40:17 +0100] "GET /templates/creator/m_f/fa/fa7/164/assets/wp-menu.js?v=1483633820 HTTP/1.1" 200 1089
msnbot-207-46-13-94.search.msn.com - - [09/Dec/2017:02:40:18 +0100] "GET /templates/creator/m_f/fa/fa7/164/css/style.min.css?v=1483633820 HTTP/1.1" 200 847
msnbot-157-55-39-94.search.msn.com - - [09/Dec/2017:02:40:19 +0100] "GET /css/widgets/concat_widget.min.css?v=6.6.7.2.41064 HTTP/1.1" 200 24507
msnbot-207-46-13-31.search.msn.com - - [09/Dec/2017:02:40:30 +0100] "GET /css/skeleton.css HTTP/1.1" 200 3511
msnbot-207-46-13-31.search.msn.com - - [09/Dec/2017:02:40:30 +0100] "GET /js/footer/get_deps.min.js?v=6.6.7.2.41064 HTTP/1.1" 200 157
msnbot-207-46-13-31.search.msn.com - - [09/Dec/2017:02:40:31 +0100] "GET /templates/creator/m_f/fa/fa7/164/assets/respond.min.js?v=1483633820 HTTP/1.1" 200 2085
msnbot-207-46-13-31.search.msn.com - - [09/Dec/2017:02:40:31 +0100] "GET /js/jquery.lazyload.min.js?v=6.6.7.2.41064 HTTP/1.1" 200 1283
b115340.yse.yahoo.net - - [09/Dec/2017:02:41:14 +0100] "GET /segel-grundkurs.shtml HTTP/1.1" 200 5378
b115340.yse.yahoo.net - - [09/Dec/2017:02:41:38 +0100] "GET /kinder-segelkurs.shtml HTTP/1.1" 200 5171
b115340.yse.yahoo.net - - [09/Dec/2017:02:42:19 +0100] "GET /vermietung.shtml HTTP/1.1" 200 5099
b115340.yse.yahoo.net - - [09/Dec/2017:02:42:54 +0100] "GET /events.shtml HTTP/1.1" 200 5297
b115340.yse.yahoo.net - - [09/Dec/2017:02:42:56 +0100] "GET /segelkurs-jollesmartkat.shtml HTTP/1.1" 200 5139
b115340.yse.yahoo.net - - [09/Dec/2017:02:44:15 +0100] "GET /flotte.shtml HTTP/1.1" 200 6274
b115340.yse.yahoo.net - - [09/Dec/2017:02:44:48 +0100] "GET /kursanmeldung.shtml HTTP/1.1" 200 10952
b115340.yse.yahoo.net - - [09/Dec/2017:02:45:11 +0100] "GET /davosersee.shtml HTTP/1.1" 200 5477
b115340.yse.yahoo.net - - [09/Dec/2017:02:45:14 +0100] "GET /smartkat-crashkurs.shtml HTTP/1.1" 200 4808
hydrogen127.a.ahrefs.com - - [09/Dec/2017:02:46:02 +0100] "GET /segelkurs-jollesmartkat.shtml HTTP/1.1" 200 5139
