42.pool85-57-37.dynamic.orange.es - - [12/Nov/2017:03:25:15 +0100] "GET / HTTP/1.1" 200 35804
42.pool85-57-37.dynamic.orange.es - - [12/Nov/2017:03:25:16 +0100] "GET /events.shtml HTTP/1.1" 200 22514
42.pool85-57-37.dynamic.orange.es - - [12/Nov/2017:03:25:16 +0100] "GET /galerie.shtml HTTP/1.1" 200 22747
42.pool85-57-37.dynamic.orange.es - - [12/Nov/2017:03:25:17 +0100] "GET /kurse.shtml HTTP/1.1" 200 31031
42.pool85-57-37.dynamic.orange.es - - [12/Nov/2017:03:25:18 +0100] "GET /vermietung.shtml HTTP/1.1" 200 25728
42.pool85-57-37.dynamic.orange.es - - [12/Nov/2017:03:25:19 +0100] "GET /event-pedalo.shtml HTTP/1.1" 200 20248
42.pool85-57-37.dynamic.orange.es - - [12/Nov/2017:03:25:19 +0100] "GET /event-matchracing.shtml HTTP/1.1" 200 21251
42.pool85-57-37.dynamic.orange.es - - [12/Nov/2017:03:25:19 +0100] "GET /event-gruppesmartkat.shtml HTTP/1.1" 200 21256
42.pool85-57-37.dynamic.orange.es - - [12/Nov/2017:03:25:20 +0100] "GET /galerie-matchracing.shtml HTTP/1.1" 200 21704
42.pool85-57-37.dynamic.orange.es - - [12/Nov/2017:03:25:20 +0100] "GET /galerie-gruppesmartkat.shtml HTTP/1.1" 200 20574
42.pool85-57-37.dynamic.orange.es - - [12/Nov/2017:03:25:21 +0100] "GET /galerie-sktrophy-2015.shtml HTTP/1.1" 200 49420
42.pool85-57-37.dynamic.orange.es - - [12/Nov/2017:03:25:21 +0100] "GET /galerie-sktrophy-2014.shtml HTTP/1.1" 200 29913
42.pool85-57-37.dynamic.orange.es - - [12/Nov/2017:03:25:22 +0100] "GET /kinder-segelkurs.shtml HTTP/1.1" 200 19898
42.pool85-57-37.dynamic.orange.es - - [12/Nov/2017:03:25:22 +0100] "GET /optikurse-2014.shtml HTTP/1.1" 200 26353
42.pool85-57-37.dynamic.orange.es - - [12/Nov/2017:03:25:23 +0100] "GET /segelkurs-jollesmartkat.shtml HTTP/1.1" 200 19993
42.pool85-57-37.dynamic.orange.es - - [12/Nov/2017:03:25:23 +0100] "GET /smartkat-crashkurs.shtml HTTP/1.1" 200 17863
42.pool85-57-37.dynamic.orange.es - - [12/Nov/2017:03:25:23 +0100] "GET /segel-grundkurs.shtml HTTP/1.1" 200 21440
42.pool85-57-37.dynamic.orange.es - - [12/Nov/2017:03:25:23 +0100] "GET /pruefungskurs.shtml HTTP/1.1" 200 23039
42.pool85-57-37.dynamic.orange.es - - [12/Nov/2017:03:25:23 +0100] "GET /flotte.shtml HTTP/1.1" 200 29241
42.pool85-57-37.dynamic.orange.es - - [12/Nov/2017:03:25:24 +0100] "GET /js/).html(a);null==$( HTTP/1.1" 200 219
42.pool85-57-37.dynamic.orange.es - - [12/Nov/2017:03:25:24 +0100] "GET /js/functions_stripped.js?v=6.6.7.2.41064 HTTP/1.1" 200 7672
42.pool85-57-37.dynamic.orange.es - - [12/Nov/2017:03:25:24 +0100] "GET /Perspectiva.html? HTTP/1.1" 200 18069
42.pool85-57-37.dynamic.orange.es - - [12/Nov/2017:03:25:24 +0100] "GET /js/jquery.lazyload.min.js?v=6.6.7.2.41064 HTTP/1.1" 200 3342
42.pool85-57-37.dynamic.orange.es - - [12/Nov/2017:03:25:25 +0100] "GET /js/index.php?sid=46&lang=en&item=1&act=users&ajax=state HTTP/1.1" 200 210
42.pool85-57-37.dynamic.orange.es - - [12/Nov/2017:03:25:26 +0100] "GET /event-matchracing HTTP/1.1" 200 21251
42.pool85-57-37.dynamic.orange.es - - [12/Nov/2017:03:25:26 +0100] "GET /aktuelles-wetter HTTP/1.1" 200 18388
42.pool85-57-37.dynamic.orange.es - - [12/Nov/2017:03:25:26 +0100] "GET /event-gruppesmartkat HTTP/1.1" 200 21256
42.pool85-57-37.dynamic.orange.es - - [12/Nov/2017:03:25:26 +0100] "GET /davosersee HTTP/1.1" 200 19505
42.pool85-57-37.dynamic.orange.es - - [12/Nov/2017:03:25:27 +0100] "GET /events HTTP/1.1" 200 22514
42.pool85-57-37.dynamic.orange.es - - [12/Nov/2017:03:25:27 +0100] "GET /event-pedalo HTTP/1.1" 200 20248
hydrogen048.a.ahrefs.com - - [12/Nov/2017:03:43:15 +0100] "GET /var/m_0/0d/0dd/12455/143524-G2_Optikurs2014_18.JPG HTTP/1.1" 200 73497
m243.themothership.net - - [12/Nov/2017:03:55:33 +0100] "GET /wp-content/plugins/complete-gallery-manager/frames/upload-images.php HTTP/1.1" 200 18205
hydrogen058.a.ahrefs.com - - [12/Nov/2017:03:55:46 +0100] "GET /var/m_0/0d/0dd/12455/6564685-G3_SKT2015_16.jpg HTTP/1.1" 200 129971
