hydrogen203.a.ahrefs.com - - [10/Nov/2017:15:03:06 +0100] "GET /var/m_0/0d/0dd/12455/6564715-G3_SKT2015_43.jpg HTTP/1.1" 200 109913
216.244.66.229 - - [10/Nov/2017:15:25:53 +0100] "GET /robots.txt HTTP/1.1" 200 120
70-138-201-1.lightspeed.hstntx.sbcglobal.net - - [10/Nov/2017:15:27:40 +0100] "GET / HTTP/1.1" 200 35804
70-138-201-1.lightspeed.hstntx.sbcglobal.net - - [10/Nov/2017:15:27:42 +0100] "GET /%C3%BCber-uns.shtml HTTP/1.1" 200 21862
70-138-201-1.lightspeed.hstntx.sbcglobal.net - - [10/Nov/2017:15:27:43 +0100] "GET /aktuelles-wetter.shtml HTTP/1.1" 200 18388
70-138-201-1.lightspeed.hstntx.sbcglobal.net - - [10/Nov/2017:15:27:44 +0100] "GET /davosersee.shtml HTTP/1.1" 200 19505
70-138-201-1.lightspeed.hstntx.sbcglobal.net - - [10/Nov/2017:15:27:45 +0100] "GET /event-gruppesmartkat.shtml HTTP/1.1" 200 21256
70-138-201-1.lightspeed.hstntx.sbcglobal.net - - [10/Nov/2017:15:27:46 +0100] "GET /event-matchracing.shtml HTTP/1.1" 200 21251
70-138-201-1.lightspeed.hstntx.sbcglobal.net - - [10/Nov/2017:15:27:47 +0100] "GET /event-pedalo.shtml HTTP/1.1" 200 20248
70-138-201-1.lightspeed.hstntx.sbcglobal.net - - [10/Nov/2017:15:27:49 +0100] "GET /events.shtml HTTP/1.1" 200 22514
70-138-201-1.lightspeed.hstntx.sbcglobal.net - - [10/Nov/2017:15:27:50 +0100] "GET /flotte.shtml HTTP/1.1" 200 29241
70-138-201-1.lightspeed.hstntx.sbcglobal.net - - [10/Nov/2017:15:27:51 +0100] "GET /galerie-matchracing.shtml HTTP/1.1" 200 21704
70-138-201-1.lightspeed.hstntx.sbcglobal.net - - [10/Nov/2017:15:27:51 +0100] "GET /galerie-gruppesmartkat.shtml HTTP/1.1" 200 20574
70-138-201-1.lightspeed.hstntx.sbcglobal.net - - [10/Nov/2017:15:27:52 +0100] "GET /galerie-sktrophy-2014.shtml HTTP/1.1" 200 29913
70-138-201-1.lightspeed.hstntx.sbcglobal.net - - [10/Nov/2017:15:27:53 +0100] "GET /galerie-sktrophy-2015.shtml HTTP/1.1" 200 49420
70-138-201-1.lightspeed.hstntx.sbcglobal.net - - [10/Nov/2017:15:27:55 +0100] "GET /galerie.shtml HTTP/1.1" 200 22747
70-138-201-1.lightspeed.hstntx.sbcglobal.net - - [10/Nov/2017:15:27:56 +0100] "GET /kinder-segelkurs.shtml HTTP/1.1" 200 19898
70-138-201-1.lightspeed.hstntx.sbcglobal.net - - [10/Nov/2017:15:27:57 +0100] "GET /kursanmeldung.shtml HTTP/1.1" 200 49926
70-138-201-1.lightspeed.hstntx.sbcglobal.net - - [10/Nov/2017:15:27:59 +0100] "GET /kurse.shtml HTTP/1.1" 200 31031
70-138-201-1.lightspeed.hstntx.sbcglobal.net - - [10/Nov/2017:15:27:59 +0100] "GET /optikurse-2014.shtml HTTP/1.1" 200 26353
70-138-201-1.lightspeed.hstntx.sbcglobal.net - - [10/Nov/2017:15:28:00 +0100] "GET /pruefungskurs.shtml HTTP/1.1" 200 23039
70-138-201-1.lightspeed.hstntx.sbcglobal.net - - [10/Nov/2017:15:28:01 +0100] "GET /segel-grundkurs.shtml HTTP/1.1" 200 21440
70-138-201-1.lightspeed.hstntx.sbcglobal.net - - [10/Nov/2017:15:28:02 +0100] "GET /segelkurs-jollesmartkat.shtml HTTP/1.1" 200 19993
70-138-201-1.lightspeed.hstntx.sbcglobal.net - - [10/Nov/2017:15:28:03 +0100] "GET /smartkat-crashkurs.shtml HTTP/1.1" 200 17863
70-138-201-1.lightspeed.hstntx.sbcglobal.net - - [10/Nov/2017:15:28:04 +0100] "GET /standort.shtml HTTP/1.1" 200 17547
70-138-201-1.lightspeed.hstntx.sbcglobal.net - - [10/Nov/2017:15:28:05 +0100] "GET /vermietung.shtml HTTP/1.1" 200 25728
70-138-201-1.lightspeed.hstntx.sbcglobal.net - - [10/Nov/2017:15:28:07 +0100] "GET /js/functions_stripped.js?v=6.6.7.2.41064 HTTP/1.1" 200 7672
70-138-201-1.lightspeed.hstntx.sbcglobal.net - - [10/Nov/2017:15:28:07 +0100] "GET /Perspectiva.html? HTTP/1.1" 200 18069
70-138-201-1.lightspeed.hstntx.sbcglobal.net - - [10/Nov/2017:15:28:08 +0100] "GET /js/jquery.lazyload.min.js?v=6.6.7.2.41064 HTTP/1.1" 200 3342
70-138-201-1.lightspeed.hstntx.sbcglobal.net - - [10/Nov/2017:15:28:10 +0100] "GET /aktuelles-wetter HTTP/1.1" 200 18388
70-138-201-1.lightspeed.hstntx.sbcglobal.net - - [10/Nov/2017:15:28:11 +0100] "GET /davosersee HTTP/1.1" 200 19505
70-138-201-1.lightspeed.hstntx.sbcglobal.net - - [10/Nov/2017:15:28:12 +0100] "GET /event-gruppesmartkat HTTP/1.1" 200 21256
70-138-201-1.lightspeed.hstntx.sbcglobal.net - - [10/Nov/2017:15:28:13 +0100] "GET /event-matchracing HTTP/1.1" 200 21251
70-138-201-1.lightspeed.hstntx.sbcglobal.net - - [10/Nov/2017:15:28:14 +0100] "GET /event-pedalo HTTP/1.1" 200 20248
70-138-201-1.lightspeed.hstntx.sbcglobal.net - - [10/Nov/2017:15:28:15 +0100] "GET /events HTTP/1.1" 200 22514
70-138-201-1.lightspeed.hstntx.sbcglobal.net - - [10/Nov/2017:15:28:16 +0100] "GET /flotte HTTP/1.1" 200 29385
70-138-201-1.lightspeed.hstntx.sbcglobal.net - - [10/Nov/2017:15:28:18 +0100] "GET /galerie-gruppesmartkat HTTP/1.1" 200 20574
70-138-201-1.lightspeed.hstntx.sbcglobal.net - - [10/Nov/2017:15:28:18 +0100] "GET /galerie-matchracing HTTP/1.1" 200 21704
70-138-201-1.lightspeed.hstntx.sbcglobal.net - - [10/Nov/2017:15:28:19 +0100] "GET /galerie-sktrophy-2014 HTTP/1.1" 200 29913
70-138-201-1.lightspeed.hstntx.sbcglobal.net - - [10/Nov/2017:15:28:21 +0100] "GET /galerie-sktrophy-2015 HTTP/1.1" 200 49420
70-138-201-1.lightspeed.hstntx.sbcglobal.net - - [10/Nov/2017:15:28:22 +0100] "GET /galerie HTTP/1.1" 200 22747
70-138-201-1.lightspeed.hstntx.sbcglobal.net - - [10/Nov/2017:15:28:23 +0100] "GET /kinder-segelkurs HTTP/1.1" 200 19898
70-138-201-1.lightspeed.hstntx.sbcglobal.net - - [10/Nov/2017:15:28:24 +0100] "GET /kurse HTTP/1.1" 200 31031
70-138-201-1.lightspeed.hstntx.sbcglobal.net - - [10/Nov/2017:15:28:25 +0100] "GET /optikurse-2014 HTTP/1.1" 200 26353
70-138-201-1.lightspeed.hstntx.sbcglobal.net - - [10/Nov/2017:15:28:25 +0100] "GET /pruefungskurs HTTP/1.1" 200 23039
95-108-181-76.spider.yandex.com - - [10/Nov/2017:15:57:47 +0100] "GET /robots.txt HTTP/1.1" 200 120
95-108-181-76.spider.yandex.com - - [10/Nov/2017:15:57:51 +0100] "GET /favicon.ico HTTP/1.1" 200 1150
