msnbot-40-77-167-57.search.msn.com - - [03/Oct/2017:16:15:26 +0200] "GET /event-gruppesmartkat.shtml HTTP/1.1" 200 5645
msnbot-157-55-39-11.search.msn.com - - [03/Oct/2017:16:16:27 +0200] "GET /templates/creator/m_f/fa/fa7/164/css/style.min.css?v=1483633820 HTTP/1.1" 200 847
msnbot-157-55-39-11.search.msn.com - - [03/Oct/2017:16:16:27 +0200] "GET /js/efu/main.min.js?v=6.6.7.2.41064 HTTP/1.1" 200 1746
msnbot-157-55-39-11.search.msn.com - - [03/Oct/2017:16:16:28 +0200] "GET /js/fancybox2/jquery.fancybox.min.js?v=6.6.7.2.41064 HTTP/1.1" 200 6267
msnbot-157-55-39-11.search.msn.com - - [03/Oct/2017:16:16:28 +0200] "GET /js/efu/w.gallery.min.js?v=6.6.7.2.41064 HTTP/1.1" 200 181
msnbot-157-55-39-11.search.msn.com - - [03/Oct/2017:16:16:28 +0200] "GET /templates/creator/m_f/fa/fa7/164/assets/wp-menu.js?v=1483633820 HTTP/1.1" 200 1089
msnbot-40-77-167-55.search.msn.com - - [03/Oct/2017:16:16:55 +0200] "GET /js/fancybox2/jquery.fancybox.min.css?v=6.6.7.2.41064 HTTP/1.1" 200 1020
msnbot-40-77-167-55.search.msn.com - - [03/Oct/2017:16:16:55 +0200] "GET /css/widgets/concat_widget.min.css?v=6.6.7.2.41064 HTTP/1.1" 200 24507
msnbot-40-77-167-55.search.msn.com - - [03/Oct/2017:16:16:55 +0200] "GET /js/galleryLightbox/gallery-paging.min.js?v=6.6.7.2.41064 HTTP/1.1" 200 1107
msnbot-40-77-167-55.search.msn.com - - [03/Oct/2017:16:16:56 +0200] "GET /js/jquery.lazyload.min.js?v=6.6.7.2.41064 HTTP/1.1" 200 1283
msnbot-40-77-167-55.search.msn.com - - [03/Oct/2017:16:16:56 +0200] "GET /js/footer/get_deps.min.js?v=6.6.7.2.41064 HTTP/1.1" 200 157
msnbot-157-55-39-11.search.msn.com - - [03/Oct/2017:16:23:16 +0200] "GET /smartkat-crashkurs.shtml HTTP/1.1" 200 4808
msnbot-157-55-39-14.search.msn.com - - [03/Oct/2017:16:28:18 +0200] "GET /robots.txt HTTP/1.1" 200 80
msnbot-157-55-39-14.search.msn.com - - [03/Oct/2017:16:28:19 +0200] "GET /robots.txt HTTP/1.1" 200 80
msnbot-157-55-39-248.search.msn.com - - [03/Oct/2017:16:28:54 +0200] "GET /templates/creator/m_f/fa/fa7/164/css/main.min.css?v=1483633820 HTTP/1.1" 200 1797
msnbot-40-77-167-57.search.msn.com - - [03/Oct/2017:16:41:56 +0200] "GET /css/skeleton.css HTTP/1.1" 200 3511
msnbot-40-77-167-57.search.msn.com - - [03/Oct/2017:16:41:57 +0200] "GET /js/footer/build_social_entries.min.js?v=6.6.7.2.41064 HTTP/1.1" 200 278
msnbot-40-77-167-57.search.msn.com - - [03/Oct/2017:16:41:58 +0200] "GET /js/functions_stripped.js?v=6.6.7.2.41064 HTTP/1.1" 200 3186
msnbot-40-77-167-57.search.msn.com - - [03/Oct/2017:16:41:58 +0200] "GET /templates/creator/m_f/fa/fa7/164/assets/slide.js?v=1483633820 HTTP/1.1" 200 662
hydrogen335.a.ahrefs.com - - [03/Oct/2017:16:53:35 +0200] "GET /var/m_0/0d/0dd/12455/6564730-G3_SKT2015_56.jpg HTTP/1.1" 200 114637
msnbot-40-77-167-57.search.msn.com - - [03/Oct/2017:16:54:32 +0200] "GET /templates/creator/m_f/fa/fa7/164/assets/respond.min.js?v=1483633820 HTTP/1.1" 200 2085
