195.141.126.4 - - [09/Nov/2017:21:00:03 +0100] "GET /event-matchracing.shtml HTTP/1.1" 200 5634
195.141.126.4 - - [09/Nov/2017:21:00:14 +0100] "GET /galerie-matchracing.shtml HTTP/1.1" 200 4859
195.141.126.4 - - [09/Nov/2017:21:00:24 +0100] "GET /event-gruppesmartkat.shtml HTTP/1.1" 200 5645
195.141.126.4 - - [09/Nov/2017:21:00:34 +0100] "GET /galerie-sktrophy-2014.shtml HTTP/1.1" 200 5044
195.141.126.4 - - [09/Nov/2017:21:00:44 +0100] "GET /galerie-sktrophy-2015.shtml HTTP/1.1" 200 5939
195.141.126.4 - - [09/Nov/2017:21:00:54 +0100] "GET /galerie-gruppesmartkat.shtml HTTP/1.1" 200 4863
fetcher11-1.p.mail.ru - - [09/Nov/2017:21:02:07 +0100] "GET /robots.txt HTTP/1.1" 200 80
fetcher11.p.mail.ru - - [09/Nov/2017:21:03:40 +0100] "GET /var/m_0/0d/0dd/12455/143525-G2_Optikurs2014_19.JPG HTTP/1.1" 200 68664
29.147.21.46.in-addr.arpa - - [09/Nov/2017:21:25:53 +0100] "GET /aktuelles-wetter.shtml HTTP/1.1" 200 18388
29.147.21.46.in-addr.arpa - - [09/Nov/2017:21:25:52 +0100] "GET / HTTP/1.1" 200 35804
29.147.21.46.in-addr.arpa - - [09/Nov/2017:21:25:53 +0100] "GET /%C3%BCber-uns.shtml HTTP/1.1" 200 21862
29.147.21.46.in-addr.arpa - - [09/Nov/2017:21:25:54 +0100] "GET /davosersee.shtml HTTP/1.1" 200 19505
29.147.21.46.in-addr.arpa - - [09/Nov/2017:21:25:54 +0100] "GET /event-gruppesmartkat.shtml HTTP/1.1" 200 21256
29.147.21.46.in-addr.arpa - - [09/Nov/2017:21:25:55 +0100] "GET /event-matchracing.shtml HTTP/1.1" 200 21251
29.147.21.46.in-addr.arpa - - [09/Nov/2017:21:25:55 +0100] "GET /event-pedalo.shtml HTTP/1.1" 200 20248
29.147.21.46.in-addr.arpa - - [09/Nov/2017:21:25:55 +0100] "GET /events.shtml HTTP/1.1" 200 22514
29.147.21.46.in-addr.arpa - - [09/Nov/2017:21:25:56 +0100] "GET /flotte.shtml HTTP/1.1" 200 29241
29.147.21.46.in-addr.arpa - - [09/Nov/2017:21:25:56 +0100] "GET /galerie-matchracing.shtml HTTP/1.1" 200 21704
29.147.21.46.in-addr.arpa - - [09/Nov/2017:21:25:56 +0100] "GET /galerie-gruppesmartkat.shtml HTTP/1.1" 200 20574
29.147.21.46.in-addr.arpa - - [09/Nov/2017:21:25:57 +0100] "GET /galerie-sktrophy-2015.shtml HTTP/1.1" 200 49420
29.147.21.46.in-addr.arpa - - [09/Nov/2017:21:25:57 +0100] "GET /kinder-segelkurs.shtml HTTP/1.1" 200 19898
29.147.21.46.in-addr.arpa - - [09/Nov/2017:21:25:57 +0100] "GET /galerie-sktrophy-2014.shtml HTTP/1.1" 200 29913
29.147.21.46.in-addr.arpa - - [09/Nov/2017:21:25:57 +0100] "GET /galerie.shtml HTTP/1.1" 200 22747
29.147.21.46.in-addr.arpa - - [09/Nov/2017:21:25:58 +0100] "GET /kurse.shtml HTTP/1.1" 200 31031
29.147.21.46.in-addr.arpa - - [09/Nov/2017:21:25:58 +0100] "GET /pruefungskurs.shtml HTTP/1.1" 200 23039
29.147.21.46.in-addr.arpa - - [09/Nov/2017:21:25:58 +0100] "GET /optikurse-2014.shtml HTTP/1.1" 200 26353
29.147.21.46.in-addr.arpa - - [09/Nov/2017:21:25:58 +0100] "GET /kursanmeldung.shtml HTTP/1.1" 200 49926
29.147.21.46.in-addr.arpa - - [09/Nov/2017:21:25:58 +0100] "GET /segel-grundkurs.shtml HTTP/1.1" 200 21440
29.147.21.46.in-addr.arpa - - [09/Nov/2017:21:25:59 +0100] "GET /Perspectiva.html? HTTP/1.1" 200 18069
29.147.21.46.in-addr.arpa - - [09/Nov/2017:21:25:59 +0100] "GET /standort.shtml HTTP/1.1" 200 17547
29.147.21.46.in-addr.arpa - - [09/Nov/2017:21:25:59 +0100] "GET /vermietung.shtml HTTP/1.1" 200 25728
29.147.21.46.in-addr.arpa - - [09/Nov/2017:21:25:59 +0100] "GET /js/functions_stripped.js?v=6.6.7.2.41064 HTTP/1.1" 200 7672
29.147.21.46.in-addr.arpa - - [09/Nov/2017:21:25:59 +0100] "GET /segelkurs-jollesmartkat.shtml HTTP/1.1" 200 19993
29.147.21.46.in-addr.arpa - - [09/Nov/2017:21:25:59 +0100] "GET /smartkat-crashkurs.shtml HTTP/1.1" 200 17863
29.147.21.46.in-addr.arpa - - [09/Nov/2017:21:25:59 +0100] "GET /js/jquery.lazyload.min.js?v=6.6.7.2.41064 HTTP/1.1" 200 3342
29.147.21.46.in-addr.arpa - - [09/Nov/2017:21:26:00 +0100] "GET /aktuelles-wetter HTTP/1.1" 200 18388
msnbot-207-46-13-10.search.msn.com - - [09/Nov/2017:21:57:48 +0100] "GET /var/m_0/0d/0dd/12455/8019892-52_Segellehrer_2.JPG HTTP/1.1" 200 211038
