msnbot-157-55-39-54.search.msn.com - - [04/Oct/2017:23:16:18 +0200] "GET / HTTP/1.1" 200 6440
msnbot-65-55-210-188.search.msn.com - - [04/Oct/2017:23:16:20 +0200] "GET /css/widgets/concat_widget.min.css?v=6.6.7.2.41064 HTTP/1.1" 200 138686
msnbot-199-30-25-20.search.msn.com - - [04/Oct/2017:23:16:21 +0200] "GET /templates/creator/m_f/fa/fa7/164/css/main.min.css?v=1483633820 HTTP/1.1" 200 7582
msnbot-199-30-24-94.search.msn.com - - [04/Oct/2017:23:16:22 +0200] "GET /templates/creator/m_f/fa/fa7/164/css/style.min.css?v=1483633820 HTTP/1.1" 200 2787
msnbot-65-55-210-192.search.msn.com - - [04/Oct/2017:23:16:23 +0200] "GET /js/footer/get_deps.min.js?v=6.6.7.2.41064 HTTP/1.1" 200 149
msnbot-199-30-24-94.search.msn.com - - [04/Oct/2017:23:16:24 +0200] "GET /css/skeleton.css HTTP/1.1" 200 18022
msnbot-65-55-210-130.search.msn.com - - [04/Oct/2017:23:16:24 +0200] "GET /js/footer/build_social_entries.min.js?v=6.6.7.2.41064 HTTP/1.1" 200 766
msnbot-199-30-25-151.search.msn.com - - [04/Oct/2017:23:16:26 +0200] "GET /templates/creator/m_f/fa/fa7/164/assets/wp-menu.js?v=1483633820 HTTP/1.1" 200 3661
msnbot-199-30-25-235.search.msn.com - - [04/Oct/2017:23:16:26 +0200] "GET /templates/creator/m_f/fa/fa7/164/assets/respond.min.js?v=1483633820 HTTP/1.1" 200 4070
msnbot-199-30-24-49.search.msn.com - - [04/Oct/2017:23:16:27 +0200] "GET /templates/creator/m_f/fa/fa7/164/assets/slide.js?v=1483633820 HTTP/1.1" 200 1691
msnbot-199-30-25-97.search.msn.com - - [04/Oct/2017:23:16:28 +0200] "GET /js/jquery.lazyload.min.js?v=6.6.7.2.41064 HTTP/1.1" 200 3342
msnbot-65-55-210-192.search.msn.com - - [04/Oct/2017:23:16:28 +0200] "GET /js/functions_stripped.js?v=6.6.7.2.41064 HTTP/1.1" 200 7672
msnbot-157-55-39-215.search.msn.com - - [04/Oct/2017:23:16:35 +0200] "GET /robots.txt HTTP/1.1" 200 80
172-245-222-13-host.colocrossing.com - - [04/Oct/2017:23:25:57 +0200] "GET / HTTP/1.1" 200 35804
172-245-222-13-host.colocrossing.com - - [04/Oct/2017:23:25:58 +0200] "GET /events.shtml HTTP/1.1" 200 22514
172-245-222-13-host.colocrossing.com - - [04/Oct/2017:23:25:59 +0200] "GET /galerie.shtml HTTP/1.1" 200 22747
172-245-222-13-host.colocrossing.com - - [04/Oct/2017:23:26:00 +0200] "GET /kurse.shtml HTTP/1.1" 200 31031
172-245-222-13-host.colocrossing.com - - [04/Oct/2017:23:26:00 +0200] "GET /vermietung.shtml HTTP/1.1" 200 25728
172-245-222-13-host.colocrossing.com - - [04/Oct/2017:23:26:01 +0200] "GET /event-gruppesmartkat.shtml HTTP/1.1" 200 21256
172-245-222-13-host.colocrossing.com - - [04/Oct/2017:23:26:03 +0200] "GET /event-matchracing.shtml HTTP/1.1" 200 21251
172-245-222-13-host.colocrossing.com - - [04/Oct/2017:23:26:03 +0200] "GET /event-pedalo.shtml HTTP/1.1" 200 20248
172-245-222-13-host.colocrossing.com - - [04/Oct/2017:23:26:04 +0200] "GET /galerie-gruppesmartkat.shtml HTTP/1.1" 200 20574
172-245-222-13-host.colocrossing.com - - [04/Oct/2017:23:26:05 +0200] "GET /galerie-sktrophy-2015.shtml HTTP/1.1" 200 49420
172-245-222-13-host.colocrossing.com - - [04/Oct/2017:23:26:05 +0200] "GET /galerie-matchracing.shtml HTTP/1.1" 200 21704
172-245-222-13-host.colocrossing.com - - [04/Oct/2017:23:26:05 +0200] "GET /galerie-sktrophy-2014.shtml HTTP/1.1" 200 29913
172-245-222-13-host.colocrossing.com - - [04/Oct/2017:23:26:06 +0200] "GET /kinder-segelkurs.shtml HTTP/1.1" 200 19898
172-245-222-13-host.colocrossing.com - - [04/Oct/2017:23:26:06 +0200] "GET /optikurse-2014.shtml HTTP/1.1" 200 26353
172-245-222-13-host.colocrossing.com - - [04/Oct/2017:23:26:07 +0200] "GET /segel-grundkurs.shtml HTTP/1.1" 200 21440
172-245-222-13-host.colocrossing.com - - [04/Oct/2017:23:26:07 +0200] "GET /segelkurs-jollesmartkat.shtml HTTP/1.1" 200 19993
172-245-222-13-host.colocrossing.com - - [04/Oct/2017:23:26:07 +0200] "GET /pruefungskurs.shtml HTTP/1.1" 200 23039
172-245-222-13-host.colocrossing.com - - [04/Oct/2017:23:26:08 +0200] "GET /flotte.shtml HTTP/1.1" 200 29241
172-245-222-13-host.colocrossing.com - - [04/Oct/2017:23:26:08 +0200] "GET /smartkat-crashkurs.shtml HTTP/1.1" 200 17863
172-245-222-13-host.colocrossing.com - - [04/Oct/2017:23:26:09 +0200] "GET /Perspectiva.html? HTTP/1.1" 200 18069
172-245-222-13-host.colocrossing.com - - [04/Oct/2017:23:26:09 +0200] "GET /js/jquery.lazyload.min.js?v=6.6.7.2.41064 HTTP/1.1" 200 3342
172-245-222-13-host.colocrossing.com - - [04/Oct/2017:23:26:09 +0200] "GET /js/functions_stripped.js?v=6.6.7.2.41064 HTTP/1.1" 200 7672
172-245-222-13-host.colocrossing.com - - [04/Oct/2017:23:26:10 +0200] "GET /js/).html(a);null==$( HTTP/1.1" 200 219
172-245-222-13-host.colocrossing.com - - [04/Oct/2017:23:26:11 +0200] "GET /js/index.php?sid=46&lang=en&item=1&act=users&ajax=state HTTP/1.1" 200 210
172-245-222-13-host.colocrossing.com - - [04/Oct/2017:23:26:14 +0200] "GET /aktuelles-wetter HTTP/1.1" 200 18388
172-245-222-13-host.colocrossing.com - - [04/Oct/2017:23:26:15 +0200] "GET /event-gruppesmartkat HTTP/1.1" 200 21256
172-245-222-13-host.colocrossing.com - - [04/Oct/2017:23:26:15 +0200] "GET /davosersee HTTP/1.1" 200 19505
172-245-222-13-host.colocrossing.com - - [04/Oct/2017:23:26:16 +0200] "GET /event-matchracing HTTP/1.1" 200 21251
172-245-222-13-host.colocrossing.com - - [04/Oct/2017:23:26:16 +0200] "GET /event-pedalo HTTP/1.1" 200 20248
172-245-222-13-host.colocrossing.com - - [04/Oct/2017:23:26:17 +0200] "GET /events HTTP/1.1" 200 22514
carbon172.a.ahrefs.com - - [04/Oct/2017:23:31:32 +0200] "GET /robots.txt HTTP/1.1" 200 80
hydrogen012.a.ahrefs.com - - [04/Oct/2017:23:31:32 +0200] "GET /var/m_0/0d/0dd/12455/7230906-G5_Matchracing_03.jpg HTTP/1.1" 200 69934
crawl-66-249-64-27.googlebot.com - - [04/Oct/2017:23:33:14 +0200] "GET /robots.txt HTTP/1.1" 200 80
crawl-66-249-64-28.googlebot.com - - [04/Oct/2017:23:33:17 +0200] "GET /templates/resellers/7/favicon.ico?v=1503488434 HTTP/1.1" 304 -
