malta1844.startdedicated.de - - [15/Nov/2017:12:03:05 +0100] "GET /robots.txt HTTP/1.1" 200 80
malta1844.startdedicated.de - - [15/Nov/2017:12:03:05 +0100] "GET /kurse.shtml HTTP/1.1" 200 6280
106.red.154.114.93.procono.es - - [15/Nov/2017:12:42:43 +0100] "GET / HTTP/1.1" 200 35804
106.red.154.114.93.procono.es - - [15/Nov/2017:12:42:44 +0100] "GET /%C3%BCber-uns.shtml HTTP/1.1" 200 21862
106.red.154.114.93.procono.es - - [15/Nov/2017:12:42:44 +0100] "GET /aktuelles-wetter.shtml HTTP/1.1" 200 18388
106.red.154.114.93.procono.es - - [15/Nov/2017:12:42:45 +0100] "GET /event-gruppesmartkat.shtml HTTP/1.1" 200 21256
106.red.154.114.93.procono.es - - [15/Nov/2017:12:42:45 +0100] "GET /event-matchracing.shtml HTTP/1.1" 200 21251
106.red.154.114.93.procono.es - - [15/Nov/2017:12:42:45 +0100] "GET /davosersee.shtml HTTP/1.1" 200 19505
106.red.154.114.93.procono.es - - [15/Nov/2017:12:42:46 +0100] "GET /events.shtml HTTP/1.1" 200 22514
106.red.154.114.93.procono.es - - [15/Nov/2017:12:42:46 +0100] "GET /event-pedalo.shtml HTTP/1.1" 200 20248
106.red.154.114.93.procono.es - - [15/Nov/2017:12:42:46 +0100] "GET /galerie-sktrophy-2014.shtml HTTP/1.1" 200 29913
106.red.154.114.93.procono.es - - [15/Nov/2017:12:42:46 +0100] "GET /galerie-gruppesmartkat.shtml HTTP/1.1" 200 20574
106.red.154.114.93.procono.es - - [15/Nov/2017:12:42:46 +0100] "GET /galerie-matchracing.shtml HTTP/1.1" 200 21704
106.red.154.114.93.procono.es - - [15/Nov/2017:12:42:46 +0100] "GET /flotte.shtml HTTP/1.1" 200 29241
106.red.154.114.93.procono.es - - [15/Nov/2017:12:42:47 +0100] "GET /galerie.shtml HTTP/1.1" 200 22747
106.red.154.114.93.procono.es - - [15/Nov/2017:12:42:47 +0100] "GET /galerie-sktrophy-2015.shtml HTTP/1.1" 200 49420
106.red.154.114.93.procono.es - - [15/Nov/2017:12:42:47 +0100] "GET /kinder-segelkurs.shtml HTTP/1.1" 200 19898
106.red.154.114.93.procono.es - - [15/Nov/2017:12:42:47 +0100] "GET /kursanmeldung.shtml HTTP/1.1" 200 49926
106.red.154.114.93.procono.es - - [15/Nov/2017:12:42:48 +0100] "GET /optikurse-2014.shtml HTTP/1.1" 200 26353
106.red.154.114.93.procono.es - - [15/Nov/2017:12:42:48 +0100] "GET /segelkurs-jollesmartkat.shtml HTTP/1.1" 200 19993
106.red.154.114.93.procono.es - - [15/Nov/2017:12:42:48 +0100] "GET /segel-grundkurs.shtml HTTP/1.1" 200 21440
106.red.154.114.93.procono.es - - [15/Nov/2017:12:42:48 +0100] "GET /kurse.shtml HTTP/1.1" 200 31031
106.red.154.114.93.procono.es - - [15/Nov/2017:12:42:48 +0100] "GET /pruefungskurs.shtml HTTP/1.1" 200 23039
106.red.154.114.93.procono.es - - [15/Nov/2017:12:42:49 +0100] "GET /vermietung.shtml HTTP/1.1" 200 25728
106.red.154.114.93.procono.es - - [15/Nov/2017:12:42:49 +0100] "GET /smartkat-crashkurs.shtml HTTP/1.1" 200 17863
106.red.154.114.93.procono.es - - [15/Nov/2017:12:42:49 +0100] "GET /standort.shtml HTTP/1.1" 200 17547
106.red.154.114.93.procono.es - - [15/Nov/2017:12:42:50 +0100] "GET /js/jquery.lazyload.min.js?v=6.6.7.2.41064 HTTP/1.1" 200 3342
106.red.154.114.93.procono.es - - [15/Nov/2017:12:42:50 +0100] "GET /Perspectiva.html? HTTP/1.1" 200 18069
106.red.154.114.93.procono.es - - [15/Nov/2017:12:42:50 +0100] "GET /aktuelles-wetter HTTP/1.1" 200 18388
106.red.154.114.93.procono.es - - [15/Nov/2017:12:42:50 +0100] "GET /js/functions_stripped.js?v=6.6.7.2.41064 HTTP/1.1" 200 7672
