ip4da2f927.direct-adsl.nl - - [02/Oct/2017:20:01:10 +0200] "GET / HTTP/1.1" 200 35804
ip4da2f927.direct-adsl.nl - - [02/Oct/2017:20:01:18 +0200] "GET /events.shtml HTTP/1.1" 200 22514
ip4da2f927.direct-adsl.nl - - [02/Oct/2017:20:01:21 +0200] "GET /galerie.shtml HTTP/1.1" 200 22747
ip4da2f927.direct-adsl.nl - - [02/Oct/2017:20:01:26 +0200] "GET /kurse.shtml HTTP/1.1" 200 31031
ip4da2f927.direct-adsl.nl - - [02/Oct/2017:20:01:33 +0200] "GET /vermietung.shtml HTTP/1.1" 200 25728
ip4da2f927.direct-adsl.nl - - [02/Oct/2017:20:01:40 +0200] "GET /event-gruppesmartkat.shtml HTTP/1.1" 200 21256
ip4da2f927.direct-adsl.nl - - [02/Oct/2017:20:01:42 +0200] "GET /event-matchracing.shtml HTTP/1.1" 200 21251
ip4da2f927.direct-adsl.nl - - [02/Oct/2017:20:01:49 +0200] "GET /event-pedalo.shtml HTTP/1.1" 200 20248
ip4da2f927.direct-adsl.nl - - [02/Oct/2017:20:01:54 +0200] "GET /galerie-gruppesmartkat.shtml HTTP/1.1" 200 20574
ip4da2f927.direct-adsl.nl - - [02/Oct/2017:20:01:59 +0200] "GET /galerie-matchracing.shtml HTTP/1.1" 200 21704
ip4da2f927.direct-adsl.nl - - [02/Oct/2017:20:02:04 +0200] "GET /galerie-sktrophy-2014.shtml HTTP/1.1" 200 29913
ip4da2f927.direct-adsl.nl - - [02/Oct/2017:20:02:14 +0200] "GET /galerie-sktrophy-2015.shtml HTTP/1.1" 200 49420
ip4da2f927.direct-adsl.nl - - [02/Oct/2017:20:02:27 +0200] "GET /optikurse-2014.shtml HTTP/1.1" 200 26353
ip4da2f927.direct-adsl.nl - - [02/Oct/2017:20:02:28 +0200] "GET /kinder-segelkurs.shtml HTTP/1.1" 200 19898
ip4da2f927.direct-adsl.nl - - [02/Oct/2017:20:02:29 +0200] "GET /pruefungskurs.shtml HTTP/1.1" 200 23039
ip4da2f927.direct-adsl.nl - - [02/Oct/2017:20:02:31 +0200] "GET /segel-grundkurs.shtml HTTP/1.1" 200 21440
ip4da2f927.direct-adsl.nl - - [02/Oct/2017:20:02:39 +0200] "GET /segelkurs-jollesmartkat.shtml HTTP/1.1" 200 19993
ip4da2f927.direct-adsl.nl - - [02/Oct/2017:20:02:47 +0200] "GET /smartkat-crashkurs.shtml HTTP/1.1" 200 17863
ip4da2f927.direct-adsl.nl - - [02/Oct/2017:20:02:55 +0200] "GET /flotte.shtml HTTP/1.1" 200 29241
ip4da2f927.direct-adsl.nl - - [02/Oct/2017:20:02:58 +0200] "GET /js/functions_stripped.js?v=6.6.7.2.41064 HTTP/1.1" 200 7672
ip4da2f927.direct-adsl.nl - - [02/Oct/2017:20:03:02 +0200] "GET /Perspectiva.html? HTTP/1.1" 200 18069
ip4da2f927.direct-adsl.nl - - [02/Oct/2017:20:03:11 +0200] "GET /js/jquery.lazyload.min.js?v=6.6.7.2.41064 HTTP/1.1" 200 3342
ip4da2f927.direct-adsl.nl - - [02/Oct/2017:20:03:21 +0200] "GET /js/).html(a);null==$( HTTP/1.1" 200 219
ip4da2f927.direct-adsl.nl - - [02/Oct/2017:20:03:27 +0200] "GET /aktuelles-wetter HTTP/1.1" 200 18388
ip4da2f927.direct-adsl.nl - - [02/Oct/2017:20:03:29 +0200] "GET /davosersee HTTP/1.1" 200 19505
ip4da2f927.direct-adsl.nl - - [02/Oct/2017:20:03:34 +0200] "GET /event-gruppesmartkat HTTP/1.1" 200 21256
ip4da2f927.direct-adsl.nl - - [02/Oct/2017:20:03:37 +0200] "GET /event-matchracing HTTP/1.1" 200 21251
ip4da2f927.direct-adsl.nl - - [02/Oct/2017:20:03:42 +0200] "GET /event-pedalo HTTP/1.1" 200 20248
ip4da2f927.direct-adsl.nl - - [02/Oct/2017:20:03:44 +0200] "GET /events HTTP/1.1" 200 22514
ip4da2f927.direct-adsl.nl - - [02/Oct/2017:20:03:46 +0200] "GET /flotte HTTP/1.1" 200 29385
msnbot-40-77-167-55.search.msn.com - - [02/Oct/2017:20:30:11 +0200] "GET / HTTP/1.1" 200 6440
hydrogen363.a.ahrefs.com - - [02/Oct/2017:20:30:45 +0200] "GET /var/m_0/0d/0dd/12455/143518-G2_Optikurs2014_13.JPG HTTP/1.1" 200 66371
msnbot-157-55-39-82.search.msn.com - - [02/Oct/2017:20:42:42 +0200] "GET / HTTP/1.1" 200 6440
crawl-66-249-64-29.googlebot.com - - [02/Oct/2017:20:52:48 +0200] "GET /robots.txt HTTP/1.1" 200 80
crawl-66-249-64-27.googlebot.com - - [02/Oct/2017:20:52:48 +0200] "GET /css/widgets/concat_widget.min.css?v=6.6.1.38889 HTTP/1.1" 200 24507
crawl-66-249-64-28.googlebot.com - - [02/Oct/2017:20:52:49 +0200] "GET /js/jquery.lazyload.min.js?v=6.6.1.38889 HTTP/1.1" 200 1283
msnbot-157-55-39-248.search.msn.com - - [02/Oct/2017:20:59:17 +0200] "GET /index.php?option=com_content&task=view&id=35&Itemid=88 HTTP/1.1" 302 -
