msnbot-207-46-13-10.search.msn.com - - [22/Nov/2017:23:08:52 +0100] "GET /var/m_0/0d/0dd/12455/125501-34_Laser.jpg HTTP/1.1" 200 52750
baiduspider-123-125-71-51.crawl.baidu.com - - [22/Nov/2017:23:13:41 +0100] "GET /templates/resellers/7/favicon.ico?v=1487621283 HTTP/1.1" 200 4286
msnbot-40-77-167-18.search.msn.com - - [22/Nov/2017:23:16:57 +0100] "GET /var/m_0/0d/0dd/12455/125485-1_Kinderkurs.JPG HTTP/1.1" 200 64975
reverse-dns.chicago - - [22/Nov/2017:23:19:23 +0100] "GET / HTTP/1.1" 200 35804
reverse-dns.chicago - - [22/Nov/2017:23:19:24 +0100] "GET /aktuelles-wetter.shtml HTTP/1.1" 200 18388
reverse-dns.chicago - - [22/Nov/2017:23:19:24 +0100] "GET /%C3%BCber-uns.shtml HTTP/1.1" 200 21862
reverse-dns.chicago - - [22/Nov/2017:23:19:25 +0100] "GET /davosersee.shtml HTTP/1.1" 200 19505
reverse-dns.chicago - - [22/Nov/2017:23:19:25 +0100] "GET /event-gruppesmartkat.shtml HTTP/1.1" 200 21256
reverse-dns.chicago - - [22/Nov/2017:23:19:28 +0100] "GET /event-matchracing.shtml HTTP/1.1" 200 21251
reverse-dns.chicago - - [22/Nov/2017:23:19:31 +0100] "GET /event-pedalo.shtml HTTP/1.1" 200 20248
reverse-dns.chicago - - [22/Nov/2017:23:19:32 +0100] "GET /events.shtml HTTP/1.1" 200 22514
reverse-dns.chicago - - [22/Nov/2017:23:19:33 +0100] "GET /flotte.shtml HTTP/1.1" 200 29241
reverse-dns.chicago - - [22/Nov/2017:23:19:35 +0100] "GET /galerie-gruppesmartkat.shtml HTTP/1.1" 200 20574
reverse-dns.chicago - - [22/Nov/2017:23:19:36 +0100] "GET /galerie-sktrophy-2014.shtml HTTP/1.1" 200 29913
reverse-dns.chicago - - [22/Nov/2017:23:19:36 +0100] "GET /galerie-matchracing.shtml HTTP/1.1" 200 21704
reverse-dns.chicago - - [22/Nov/2017:23:19:37 +0100] "GET /galerie-sktrophy-2015.shtml HTTP/1.1" 200 49420
reverse-dns.chicago - - [22/Nov/2017:23:19:37 +0100] "GET /galerie.shtml HTTP/1.1" 200 22747
reverse-dns.chicago - - [22/Nov/2017:23:19:38 +0100] "GET /kinder-segelkurs.shtml HTTP/1.1" 200 19898
reverse-dns.chicago - - [22/Nov/2017:23:19:39 +0100] "GET /kursanmeldung.shtml HTTP/1.1" 200 49926
reverse-dns.chicago - - [22/Nov/2017:23:19:46 +0100] "GET /kurse.shtml HTTP/1.1" 200 31031
reverse-dns.chicago - - [22/Nov/2017:23:19:47 +0100] "GET /optikurse-2014.shtml HTTP/1.1" 200 26353
reverse-dns.chicago - - [22/Nov/2017:23:19:48 +0100] "GET /pruefungskurs.shtml HTTP/1.1" 200 23039
reverse-dns.chicago - - [22/Nov/2017:23:19:49 +0100] "GET /segel-grundkurs.shtml HTTP/1.1" 200 21440
reverse-dns.chicago - - [22/Nov/2017:23:19:49 +0100] "GET /segelkurs-jollesmartkat.shtml HTTP/1.1" 200 19993
reverse-dns.chicago - - [22/Nov/2017:23:19:49 +0100] "GET /smartkat-crashkurs.shtml HTTP/1.1" 200 17863
reverse-dns.chicago - - [22/Nov/2017:23:19:50 +0100] "GET /vermietung.shtml HTTP/1.1" 200 25728
reverse-dns.chicago - - [22/Nov/2017:23:19:50 +0100] "GET /standort.shtml HTTP/1.1" 200 17547
reverse-dns.chicago - - [22/Nov/2017:23:19:51 +0100] "GET /js/functions_stripped.js?v=6.6.7.2.41064 HTTP/1.1" 200 7672
reverse-dns.chicago - - [22/Nov/2017:23:19:52 +0100] "GET /Perspectiva.html? HTTP/1.1" 200 18069
reverse-dns.chicago - - [22/Nov/2017:23:19:52 +0100] "GET /js/jquery.lazyload.min.js?v=6.6.7.2.41064 HTTP/1.1" 200 3342
reverse-dns.chicago - - [22/Nov/2017:23:19:59 +0100] "GET /aktuelles-wetter HTTP/1.1" 200 18388
hydrogen298.a.ahrefs.com - - [22/Nov/2017:23:39:26 +0100] "GET /var/m_0/0d/0dd/12455/6564686-G3_SKT2015_17.jpg HTTP/1.1" 200 130353
