AToulon-256-1-153-58.w83-113.abo.wanadoo.fr - - [05/Oct/2017:09:04:23 +0200] "GET /templates/creator/m_f/fa/fa7/164/css/style.min.css?v=1483633820 HTTP/1.1" 200 847
AToulon-256-1-153-58.w83-113.abo.wanadoo.fr - - [05/Oct/2017:09:04:23 +0200] "GET /js/footer/get_deps.min.js?v=6.6.7.2.41064 HTTP/1.1" 200 157
AToulon-256-1-153-58.w83-113.abo.wanadoo.fr - - [05/Oct/2017:09:04:23 +0200] "GET /js/footer/build_social_entries.min.js?v=6.6.7.2.41064 HTTP/1.1" 200 278
AToulon-256-1-153-58.w83-113.abo.wanadoo.fr - - [05/Oct/2017:09:04:23 +0200] "GET /templates/creator/m_f/fa/fa7/164/assets/wp-menu.js?v=1483633820 HTTP/1.1" 200 1089
AToulon-256-1-153-58.w83-113.abo.wanadoo.fr - - [05/Oct/2017:09:04:23 +0200] "GET /templates/creator/m_f/fa/fa7/164/assets/slide.js?v=1483633820 HTTP/1.1" 200 662
AToulon-256-1-153-58.w83-113.abo.wanadoo.fr - - [05/Oct/2017:09:04:23 +0200] "GET /aktuelles-wetter HTTP/1.1" 200 4557
AToulon-256-1-153-58.w83-113.abo.wanadoo.fr - - [05/Oct/2017:09:04:23 +0200] "GET /css/widgets/concat_widget.min.css?v=6.6.7.2.41064 HTTP/1.1" 200 24507
AToulon-256-1-153-58.w83-113.abo.wanadoo.fr - - [05/Oct/2017:09:04:23 +0200] "GET /css/skeleton.css HTTP/1.1" 200 3511
AToulon-256-1-153-58.w83-113.abo.wanadoo.fr - - [05/Oct/2017:09:04:23 +0200] "GET /templates/creator/m_f/fa/fa7/164/css/main.min.css?v=1483633820 HTTP/1.1" 200 1797
AToulon-256-1-153-58.w83-113.abo.wanadoo.fr - - [05/Oct/2017:09:04:23 +0200] "GET /templates/creator/m_f/fa/fa7/164/assets/respond.min.js?v=1483633820 HTTP/1.1" 200 2085
AToulon-256-1-153-58.w83-113.abo.wanadoo.fr - - [05/Oct/2017:09:04:24 +0200] "GET /js/functions_stripped.js?v=6.6.7.2.41064 HTTP/1.1" 200 3186
AToulon-256-1-153-58.w83-113.abo.wanadoo.fr - - [05/Oct/2017:09:04:24 +0200] "GET /templates/creator/m_f/fa/fa7/164/assets/tab_l_bottom.png HTTP/1.1" 304 -
AToulon-256-1-153-58.w83-113.abo.wanadoo.fr - - [05/Oct/2017:09:04:24 +0200] "GET /templates/creator/m_f/fa/fa7/164/assets/tab_r_bottom.png HTTP/1.1" 304 -
AToulon-256-1-153-58.w83-113.abo.wanadoo.fr - - [05/Oct/2017:09:04:24 +0200] "GET /templates/creator/m_f/fa/fa7/164/assets/bt_close.png HTTP/1.1" 304 -
AToulon-256-1-153-58.w83-113.abo.wanadoo.fr - - [05/Oct/2017:09:04:24 +0200] "GET /var/m_0/0d/0dd/12455/143352-Header_Segelschule_2.jpg HTTP/1.1" 304 -
AToulon-256-1-153-58.w83-113.abo.wanadoo.fr - - [05/Oct/2017:09:04:24 +0200] "GET /templates/creator/m_f/fa/fa7/164/assets/tab_b_bottom.png HTTP/1.1" 304 -
AToulon-256-1-153-58.w83-113.abo.wanadoo.fr - - [05/Oct/2017:09:04:24 +0200] "GET /templates/creator/m_f/fa/fa7/164/assets/tab_m_bottom.png HTTP/1.1" 304 -
AToulon-256-1-153-58.w83-113.abo.wanadoo.fr - - [05/Oct/2017:09:04:24 +0200] "GET /templates/creator/m_f/fa/fa7/164/assets/bt_open.png HTTP/1.1" 304 -
crawl-66-249-75-141.googlebot.com - - [05/Oct/2017:09:04:52 +0200] "GET /robots.txt HTTP/1.1" 200 80
crawl-66-249-75-139.googlebot.com - - [05/Oct/2017:09:07:56 +0200] "GET / HTTP/1.1" 200 6440
