msnbot-157-55-39-142.search.msn.com - - [04/Oct/2017:02:01:21 +0200] "GET /var/m_0/0d/0dd/12455/125503-36_420er.jpg HTTP/1.1" 200 61172
150.228.197.178.dynamic.wless.zhbmb00p-cgnat.res.cust.swisscom.ch - - [04/Oct/2017:02:33:04 +0200] "GET / HTTP/1.1" 200 6401
150.228.197.178.dynamic.wless.zhbmb00p-cgnat.res.cust.swisscom.ch - - [04/Oct/2017:02:33:04 +0200] "GET /css/widgets/concat_widget.min.css?v=6.6.7.2.41064 HTTP/1.1" 200 24507
150.228.197.178.dynamic.wless.zhbmb00p-cgnat.res.cust.swisscom.ch - - [04/Oct/2017:02:33:04 +0200] "GET /templates/creator/m_f/fa/fa7/164/css/main.min.css?v=1483633820 HTTP/1.1" 200 1797
150.228.197.178.dynamic.wless.zhbmb00p-cgnat.res.cust.swisscom.ch - - [04/Oct/2017:02:33:04 +0200] "GET /templates/creator/m_f/fa/fa7/164/css/style.min.css?v=1483633820 HTTP/1.1" 200 847
150.228.197.178.dynamic.wless.zhbmb00p-cgnat.res.cust.swisscom.ch - - [04/Oct/2017:02:33:04 +0200] "GET /css/skeleton.css HTTP/1.1" 200 3511
150.228.197.178.dynamic.wless.zhbmb00p-cgnat.res.cust.swisscom.ch - - [04/Oct/2017:02:33:04 +0200] "GET /js/footer/get_deps.min.js?v=6.6.7.2.41064 HTTP/1.1" 200 157
150.228.197.178.dynamic.wless.zhbmb00p-cgnat.res.cust.swisscom.ch - - [04/Oct/2017:02:33:04 +0200] "GET /js/footer/build_social_entries.min.js?v=6.6.7.2.41064 HTTP/1.1" 200 278
150.228.197.178.dynamic.wless.zhbmb00p-cgnat.res.cust.swisscom.ch - - [04/Oct/2017:02:33:04 +0200] "GET /templates/creator/m_f/fa/fa7/164/assets/wp-menu.js?v=1483633820 HTTP/1.1" 200 1089
150.228.197.178.dynamic.wless.zhbmb00p-cgnat.res.cust.swisscom.ch - - [04/Oct/2017:02:33:04 +0200] "GET /js/functions_stripped.js?v=6.6.7.2.41064 HTTP/1.1" 200 3186
150.228.197.178.dynamic.wless.zhbmb00p-cgnat.res.cust.swisscom.ch - - [04/Oct/2017:02:33:04 +0200] "GET /templates/creator/m_f/fa/fa7/164/assets/slide.js?v=1483633820 HTTP/1.1" 200 662
150.228.197.178.dynamic.wless.zhbmb00p-cgnat.res.cust.swisscom.ch - - [04/Oct/2017:02:33:04 +0200] "GET /templates/creator/m_f/fa/fa7/164/assets/respond.min.js?v=1483633820 HTTP/1.1" 200 2085
150.228.197.178.dynamic.wless.zhbmb00p-cgnat.res.cust.swisscom.ch - - [04/Oct/2017:02:33:05 +0200] "GET /js/jquery.lazyload.min.js?v=6.6.7.2.41064 HTTP/1.1" 200 1283
150.228.197.178.dynamic.wless.zhbmb00p-cgnat.res.cust.swisscom.ch - - [04/Oct/2017:02:33:05 +0200] "GET /var/m_0/0d/0dd/12455/143351-Header_Segelschule.jpg HTTP/1.1" 200 107532
150.228.197.178.dynamic.wless.zhbmb00p-cgnat.res.cust.swisscom.ch - - [04/Oct/2017:02:33:05 +0200] "GET /templates/creator/m_f/fa/fa7/164/assets/tab_l_bottom.png HTTP/1.1" 200 1751
150.228.197.178.dynamic.wless.zhbmb00p-cgnat.res.cust.swisscom.ch - - [04/Oct/2017:02:33:05 +0200] "GET /templates/creator/m_f/fa/fa7/164/assets/tab_b_bottom.png HTTP/1.1" 200 962
150.228.197.178.dynamic.wless.zhbmb00p-cgnat.res.cust.swisscom.ch - - [04/Oct/2017:02:33:05 +0200] "GET /templates/creator/m_f/fa/fa7/164/assets/tab_m_bottom.png HTTP/1.1" 200 1000
150.228.197.178.dynamic.wless.zhbmb00p-cgnat.res.cust.swisscom.ch - - [04/Oct/2017:02:33:05 +0200] "GET /templates/creator/m_f/fa/fa7/164/assets/bt_open.png HTTP/1.1" 200 2044
150.228.197.178.dynamic.wless.zhbmb00p-cgnat.res.cust.swisscom.ch - - [04/Oct/2017:02:33:05 +0200] "GET /templates/creator/m_f/fa/fa7/164/assets/tab_r_bottom.png HTTP/1.1" 200 1803
150.228.197.178.dynamic.wless.zhbmb00p-cgnat.res.cust.swisscom.ch - - [04/Oct/2017:02:33:05 +0200] "GET /var/m_0/0d/0dd/12455/6564603-SK_Tro_Head.jpg HTTP/1.1" 200 136780
150.228.197.178.dynamic.wless.zhbmb00p-cgnat.res.cust.swisscom.ch - - [04/Oct/2017:02:33:05 +0200] "GET /var/m_0/0d/0dd/12455/8254793-J70_Davos.w640.jpg HTTP/1.1" 200 77993
150.228.197.178.dynamic.wless.zhbmb00p-cgnat.res.cust.swisscom.ch - - [04/Oct/2017:02:33:05 +0200] "GET /var/m_0/0d/0dd/12455/8218280-65_Regatta.JPG HTTP/1.1" 200 192350
150.228.197.178.dynamic.wless.zhbmb00p-cgnat.res.cust.swisscom.ch - - [04/Oct/2017:02:33:05 +0200] "GET /var/m_0/0d/0dd/12455/7230972-19_Matchracing.jpg HTTP/1.1" 200 55347
150.228.197.178.dynamic.wless.zhbmb00p-cgnat.res.cust.swisscom.ch - - [04/Oct/2017:02:33:05 +0200] "GET /var/m_0/0d/0dd/12455/125493-13_Kurse.JPG HTTP/1.1" 200 70517
150.228.197.178.dynamic.wless.zhbmb00p-cgnat.res.cust.swisscom.ch - - [04/Oct/2017:02:33:05 +0200] "GET /var/m_0/0d/0dd/12455/125494-14_Vermietung.JPG HTTP/1.1" 200 95115
150.228.197.178.dynamic.wless.zhbmb00p-cgnat.res.cust.swisscom.ch - - [04/Oct/2017:02:33:05 +0200] "GET /var/m_0/0d/0dd/12455/125495-15_Event.JPG HTTP/1.1" 200 59088
150.228.197.178.dynamic.wless.zhbmb00p-cgnat.res.cust.swisscom.ch - - [04/Oct/2017:02:33:09 +0200] "GET /var/m_0/0d/0dd/12455/143580-SP_Heierling1.jpg HTTP/1.1" 200 2613
150.228.197.178.dynamic.wless.zhbmb00p-cgnat.res.cust.swisscom.ch - - [04/Oct/2017:02:33:09 +0200] "GET /var/m_0/0d/0dd/12455/143586-SP_DK1.jpg HTTP/1.1" 200 3071
150.228.197.178.dynamic.wless.zhbmb00p-cgnat.res.cust.swisscom.ch - - [04/Oct/2017:02:33:09 +0200] "GET /var/m_0/0d/0dd/12455/143584-SP_Lemm1.jpg HTTP/1.1" 200 2321
150.228.197.178.dynamic.wless.zhbmb00p-cgnat.res.cust.swisscom.ch - - [04/Oct/2017:02:33:09 +0200] "GET /var/m_0/0d/0dd/12455/8288159-EWD_rgb_pos.jpg HTTP/1.1" 200 207458
150.228.197.178.dynamic.wless.zhbmb00p-cgnat.res.cust.swisscom.ch - - [04/Oct/2017:02:33:19 +0200] "GET /var/m_0/0d/0dd/12455/143582-SP_Gipfel1.jpg HTTP/1.1" 200 2688
hydrogen218.a.ahrefs.com - - [04/Oct/2017:02:56:32 +0200] "GET / HTTP/1.1" 200 6440
