msnbot-157-55-39-190.search.msn.com - - [27/Nov/2017:23:11:16 +0100] "GET /var/m_0/0d/0dd/12455/125495-15_Event.JPG HTTP/1.1" 200 59088
c-76-100-210-173.hsd1.md.comcast.net - - [27/Nov/2017:23:51:36 +0100] "GET / HTTP/1.1" 200 6440
c-76-100-210-173.hsd1.md.comcast.net - - [27/Nov/2017:23:51:37 +0100] "GET /templates/creator/m_f/fa/fa7/164/css/style.min.css?v=1483633820 HTTP/1.1" 200 847
c-76-100-210-173.hsd1.md.comcast.net - - [27/Nov/2017:23:51:37 +0100] "GET /js/footer/get_deps.min.js?v=6.6.7.2.41064 HTTP/1.1" 200 157
c-76-100-210-173.hsd1.md.comcast.net - - [27/Nov/2017:23:51:37 +0100] "GET /templates/creator/m_f/fa/fa7/164/css/main.min.css?v=1483633820 HTTP/1.1" 200 1797
c-76-100-210-173.hsd1.md.comcast.net - - [27/Nov/2017:23:51:37 +0100] "GET /templates/creator/m_f/fa/fa7/164/assets/slide.js?v=1483633820 HTTP/1.1" 200 662
c-76-100-210-173.hsd1.md.comcast.net - - [27/Nov/2017:23:51:37 +0100] "GET /templates/creator/m_f/fa/fa7/164/assets/respond.min.js?v=1483633820 HTTP/1.1" 200 2085
c-76-100-210-173.hsd1.md.comcast.net - - [27/Nov/2017:23:51:37 +0100] "GET /js/functions_stripped.js?v=6.6.7.2.41064 HTTP/1.1" 200 3186
c-76-100-210-173.hsd1.md.comcast.net - - [27/Nov/2017:23:51:37 +0100] "GET /js/jquery.lazyload.min.js?v=6.6.7.2.41064 HTTP/1.1" 200 1283
c-76-100-210-173.hsd1.md.comcast.net - - [27/Nov/2017:23:51:37 +0100] "GET /var/m_0/0d/0dd/12455/8254793-J70_Davos.w1024.jpg HTTP/1.1" 200 191999
c-76-100-210-173.hsd1.md.comcast.net - - [27/Nov/2017:23:51:37 +0100] "GET /var/m_0/0d/0dd/12455/6564603-SK_Tro_Head.jpg HTTP/1.1" 200 136780
c-76-100-210-173.hsd1.md.comcast.net - - [27/Nov/2017:23:51:37 +0100] "GET /var/m_0/0d/0dd/12455/7230972-19_Matchracing.jpg HTTP/1.1" 200 55347
c-76-100-210-173.hsd1.md.comcast.net - - [27/Nov/2017:23:51:37 +0100] "GET /var/m_0/0d/0dd/12455/8218280-65_Regatta.JPG HTTP/1.1" 200 192350
c-76-100-210-173.hsd1.md.comcast.net - - [27/Nov/2017:23:51:37 +0100] "GET /css/skeleton.css HTTP/1.1" 200 3511
c-76-100-210-173.hsd1.md.comcast.net - - [27/Nov/2017:23:51:37 +0100] "GET /css/widgets/concat_widget.min.css?v=6.6.7.2.41064 HTTP/1.1" 200 24507
c-76-100-210-173.hsd1.md.comcast.net - - [27/Nov/2017:23:51:37 +0100] "GET /js/footer/build_social_entries.min.js?v=6.6.7.2.41064 HTTP/1.1" 200 278
c-76-100-210-173.hsd1.md.comcast.net - - [27/Nov/2017:23:51:37 +0100] "GET /templates/creator/m_f/fa/fa7/164/assets/wp-menu.js?v=1483633820 HTTP/1.1" 200 1089
c-76-100-210-173.hsd1.md.comcast.net - - [27/Nov/2017:23:51:37 +0100] "GET /var/m_0/0d/0dd/12455/143351-Header_Segelschule.jpg HTTP/1.1" 200 107532
c-76-100-210-173.hsd1.md.comcast.net - - [27/Nov/2017:23:51:38 +0100] "GET /var/m_0/0d/0dd/12455/125494-14_Vermietung.JPG HTTP/1.1" 200 95115
c-76-100-210-173.hsd1.md.comcast.net - - [27/Nov/2017:23:51:37 +0100] "GET /var/m_0/0d/0dd/12455/125493-13_Kurse.JPG HTTP/1.1" 200 70517
c-76-100-210-173.hsd1.md.comcast.net - - [27/Nov/2017:23:51:38 +0100] "GET /var/m_0/0d/0dd/12455/125495-15_Event.JPG HTTP/1.1" 200 59088
c-76-100-210-173.hsd1.md.comcast.net - - [27/Nov/2017:23:51:38 +0100] "GET /var/m_0/0d/0dd/12455/143586-SP_DK1.jpg HTTP/1.1" 200 3071
c-76-100-210-173.hsd1.md.comcast.net - - [27/Nov/2017:23:51:38 +0100] "GET /var/m_0/0d/0dd/12455/143580-SP_Heierling1.jpg HTTP/1.1" 200 2613
c-76-100-210-173.hsd1.md.comcast.net - - [27/Nov/2017:23:51:38 +0100] "GET /var/m_0/0d/0dd/12455/8288159-EWD_rgb_pos.jpg HTTP/1.1" 200 207458
c-76-100-210-173.hsd1.md.comcast.net - - [27/Nov/2017:23:51:38 +0100] "GET /templates/resellers/7/favicon.ico?v=1506103971 HTTP/1.1" 200 4286
c-76-100-210-173.hsd1.md.comcast.net - - [27/Nov/2017:23:51:38 +0100] "GET /var/m_0/0d/0dd/12455/143584-SP_Lemm1.jpg HTTP/1.1" 200 2321
c-76-100-210-173.hsd1.md.comcast.net - - [27/Nov/2017:23:51:38 +0100] "GET /var/m_0/0d/0dd/12455/143582-SP_Gipfel1.jpg HTTP/1.1" 200 2688
c-76-100-210-173.hsd1.md.comcast.net - - [27/Nov/2017:23:52:06 +0100] "GET /var/m_0/0d/0dd/12455/7441141-37_Pedalo.jpg HTTP/1.1" 200 195132
c-76-100-210-173.hsd1.md.comcast.net - - [27/Nov/2017:23:52:06 +0100] "GET /var/m_0/0d/0dd/12455/125498-31_Sprinto.JPG HTTP/1.1" 200 60889
c-76-100-210-173.hsd1.md.comcast.net - - [27/Nov/2017:23:52:06 +0100] "GET /var/m_0/0d/0dd/12455/125501-34_Laser.jpg HTTP/1.1" 200 52750
c-76-100-210-173.hsd1.md.comcast.net - - [27/Nov/2017:23:52:06 +0100] "GET /var/m_0/0d/0dd/12455/125500-33_Opti.jpg HTTP/1.1" 200 104538
c-76-100-210-173.hsd1.md.comcast.net - - [27/Nov/2017:23:52:06 +0100] "GET /vermietung.shtml HTTP/1.1" 200 5099
c-76-100-210-173.hsd1.md.comcast.net - - [27/Nov/2017:23:52:06 +0100] "GET /var/m_0/0d/0dd/12455/143352-Header_Segelschule_2.jpg HTTP/1.1" 200 107532
c-76-100-210-173.hsd1.md.comcast.net - - [27/Nov/2017:23:52:06 +0100] "GET /var/m_0/0d/0dd/12455/125499-32_Smartkat.JPG HTTP/1.1" 200 60966
c-76-100-210-173.hsd1.md.comcast.net - - [27/Nov/2017:23:52:07 +0100] "GET /templates/resellers/7/favicon.ico?v=1506147147 HTTP/1.1" 200 4286
