planetlab19.net.in.tum.de - - [30/Nov/2017:07:04:03 +0100] "HEAD / HTTP/1.1" 403 -
crawl-104-170-187-194.qwant.com - - [30/Nov/2017:07:05:56 +0100] "GET /kursanmeldung.shtml HTTP/1.0" 200 10952
46-118-119-80.broadband.kyivstar.net - - [30/Nov/2017:07:10:00 +0100] "GET / HTTP/1.1" 200 35804
46-118-119-80.broadband.kyivstar.net - - [30/Nov/2017:07:10:02 +0100] "GET / HTTP/1.1" 200 35804
msnbot-207-46-13-126.search.msn.com - - [30/Nov/2017:07:10:22 +0100] "GET / HTTP/1.1" 200 6440
crawl-104-170-187-194.qwant.com - - [30/Nov/2017:07:16:04 +0100] "GET /events.shtml HTTP/1.0" 200 5297
msnbot-40-77-167-7.search.msn.com - - [30/Nov/2017:07:31:10 +0100] "GET /var/m_0/0d/0dd/12455/125488-4_Grundkurs.JPG HTTP/1.1" 200 77496
nat-cs-technik-crawler-006.nat.fhnw.net - - [30/Nov/2017:07:44:05 +0100] "GET /robots.txt HTTP/1.1" 200 80
nat-cs-technik-crawler-006.nat.fhnw.net - - [30/Nov/2017:07:44:05 +0100] "GET / HTTP/1.1" 200 6440
nat-cs-technik-crawler-006.nat.fhnw.net - - [30/Nov/2017:07:44:08 +0100] "GET /%C3%BCber-uns.shtml HTTP/1.1" 200 4740
nat-cs-technik-crawler-006.nat.fhnw.net - - [30/Nov/2017:07:44:15 +0100] "GET /vermietung.shtml HTTP/1.1" 200 5099
nat-cs-technik-crawler-006.nat.fhnw.net - - [30/Nov/2017:07:44:18 +0100] "GET /standort.shtml HTTP/1.1" 200 4717
nat-cs-technik-crawler-006.nat.fhnw.net - - [30/Nov/2017:07:44:19 +0100] "GET /events.shtml HTTP/1.1" 200 5297
nat-cs-technik-crawler-006.nat.fhnw.net - - [30/Nov/2017:07:44:21 +0100] "GET /kurse.shtml HTTP/1.1" 200 6280
nat-cs-technik-crawler-006.nat.fhnw.net - - [30/Nov/2017:07:44:23 +0100] "GET /aktuelles-wetter.shtml HTTP/1.1" 200 4575
nat-cs-technik-crawler-006.nat.fhnw.net - - [30/Nov/2017:07:44:25 +0100] "GET /css/widgets/concat_widget.min.css?v=6.6.7.2.41064 HTTP/1.1" 200 24507
nat-cs-technik-crawler-006.nat.fhnw.net - - [30/Nov/2017:07:44:27 +0100] "GET /templates/creator/m_f/fa/fa7/164/css/style.min.css?v=1483633820 HTTP/1.1" 200 847
nat-cs-technik-crawler-006.nat.fhnw.net - - [30/Nov/2017:07:44:30 +0100] "GET /templates/creator/m_f/fa/fa7/164/css/main.min.css?v=1483633820 HTTP/1.1" 200 1797
nat-cs-technik-crawler-006.nat.fhnw.net - - [30/Nov/2017:07:44:31 +0100] "GET /segelkurs-jollesmartkat.shtml HTTP/1.1" 200 5139
nat-cs-technik-crawler-006.nat.fhnw.net - - [30/Nov/2017:07:44:33 +0100] "GET /event-pedalo.shtml HTTP/1.1" 200 5342
nat-cs-technik-crawler-006.nat.fhnw.net - - [30/Nov/2017:07:44:35 +0100] "GET /event-gruppesmartkat.shtml HTTP/1.1" 200 5645
nat-cs-technik-crawler-006.nat.fhnw.net - - [30/Nov/2017:07:44:37 +0100] "GET /kurse.shtml HTTP/1.1" 200 6280
nat-cs-technik-crawler-006.nat.fhnw.net - - [30/Nov/2017:07:44:39 +0100] "GET /vermietung.shtml HTTP/1.1" 200 5099
nat-cs-technik-crawler-006.nat.fhnw.net - - [30/Nov/2017:07:44:41 +0100] "GET /optikurse-2014.shtml HTTP/1.1" 200 4938
nat-cs-technik-crawler-006.nat.fhnw.net - - [30/Nov/2017:07:44:43 +0100] "GET /css/widgets/concat_widget.min.css?v=6.6.7.2.41064 HTTP/1.1" 200 24507
nat-cs-technik-crawler-006.nat.fhnw.net - - [30/Nov/2017:07:44:45 +0100] "GET /templates/creator/m_f/fa/fa7/164/css/main.min.css?v=1483633820 HTTP/1.1" 200 1797
nat-cs-technik-crawler-006.nat.fhnw.net - - [30/Nov/2017:07:44:49 +0100] "GET /aktuelles-wetter.shtml HTTP/1.1" 200 4575
nat-cs-technik-crawler-006.nat.fhnw.net - - [30/Nov/2017:07:44:49 +0100] "GET /templates/creator/m_f/fa/fa7/164/css/style.min.css?v=1483633820 HTTP/1.1" 200 847
nat-cs-technik-crawler-006.nat.fhnw.net - - [30/Nov/2017:07:44:51 +0100] "GET /event-gruppesmartkat.shtml HTTP/1.1" 200 5645
nat-cs-technik-crawler-006.nat.fhnw.net - - [30/Nov/2017:07:44:53 +0100] "GET /event-matchracing.shtml HTTP/1.1" 200 5634
nat-cs-technik-crawler-006.nat.fhnw.net - - [30/Nov/2017:07:44:55 +0100] "GET /event-pedalo.shtml HTTP/1.1" 200 5342
nat-cs-technik-crawler-006.nat.fhnw.net - - [30/Nov/2017:07:44:57 +0100] "GET /segel-grundkurs.shtml HTTP/1.1" 200 5378
nat-cs-technik-crawler-006.nat.fhnw.net - - [30/Nov/2017:07:44:59 +0100] "GET /smartkat-crashkurs.shtml HTTP/1.1" 200 4808
nat-cs-technik-crawler-006.nat.fhnw.net - - [30/Nov/2017:07:45:01 +0100] "GET /segelkurs-jollesmartkat.shtml HTTP/1.1" 200 5139
nat-cs-technik-crawler-006.nat.fhnw.net - - [30/Nov/2017:07:45:03 +0100] "GET /kinder-segelkurs.shtml HTTP/1.1" 200 5171
nat-cs-technik-crawler-006.nat.fhnw.net - - [30/Nov/2017:07:45:05 +0100] "GET /pruefungskurs.shtml HTTP/1.1" 200 5895
nat-cs-technik-crawler-006.nat.fhnw.net - - [30/Nov/2017:07:45:07 +0100] "GET /aktuelles-wetter HTTP/1.1" 200 4575
nat-cs-technik-crawler-006.nat.fhnw.net - - [30/Nov/2017:07:45:09 +0100] "GET /kursanmeldung.shtml HTTP/1.1" 200 10952
nat-cs-technik-crawler-006.nat.fhnw.net - - [30/Nov/2017:07:45:11 +0100] "GET /standort.shtml HTTP/1.1" 200 4717
nat-cs-technik-crawler-006.nat.fhnw.net - - [30/Nov/2017:07:45:13 +0100] "GET /css/skeleton.css HTTP/1.1" 200 3511
nat-cs-technik-crawler-006.nat.fhnw.net - - [30/Nov/2017:07:45:15 +0100] "GET /%C3%BCber-uns HTTP/1.1" 200 4741
nat-cs-technik-crawler-006.nat.fhnw.net - - [30/Nov/2017:07:45:36 +0100] "GET /templates/resellers/7/favicon.ico?v=1506148998 HTTP/1.1" 200 4286
nat-cs-technik-crawler-006.nat.fhnw.net - - [30/Nov/2017:07:45:37 +0100] "GET /js/fancybox2/jquery.fancybox.min.css?v=6.6.7.2.41064 HTTP/1.1" 200 1020
nat-cs-technik-crawler-006.nat.fhnw.net - - [30/Nov/2017:07:45:39 +0100] "GET /vermietung HTTP/1.1" 200 5100
nat-cs-technik-crawler-006.nat.fhnw.net - - [30/Nov/2017:07:45:41 +0100] "GET /templates/resellers/7/favicon.ico?v=1506147147 HTTP/1.1" 200 4286
nat-cs-technik-crawler-006.nat.fhnw.net - - [30/Nov/2017:07:45:44 +0100] "GET /standort HTTP/1.1" 200 4717
nat-cs-technik-crawler-006.nat.fhnw.net - - [30/Nov/2017:07:45:45 +0100] "GET /templates/resellers/7/favicon.ico?v=1506147146 HTTP/1.1" 200 4286
nat-cs-technik-crawler-006.nat.fhnw.net - - [30/Nov/2017:07:45:48 +0100] "GET /events HTTP/1.1" 200 5296
nat-cs-technik-crawler-006.nat.fhnw.net - - [30/Nov/2017:07:45:49 +0100] "GET /%C3%BCber-uns.shtml HTTP/1.1" 200 4740
nat-cs-technik-crawler-006.nat.fhnw.net - - [30/Nov/2017:07:45:51 +0100] "GET /templates/resellers/7/favicon.ico?v=1506147118 HTTP/1.1" 200 4286
nat-cs-technik-crawler-006.nat.fhnw.net - - [30/Nov/2017:07:45:53 +0100] "GET /kurse HTTP/1.1" 200 6281
nat-cs-technik-crawler-006.nat.fhnw.net - - [30/Nov/2017:07:45:55 +0100] "GET /templates/resellers/7/favicon.ico?v=1506147134 HTTP/1.1" 200 4286
nat-cs-technik-crawler-006.nat.fhnw.net - - [30/Nov/2017:07:45:57 +0100] "GET /templates/resellers/7/favicon.ico?v=1506147107 HTTP/1.1" 200 4286
nat-cs-technik-crawler-006.nat.fhnw.net - - [30/Nov/2017:07:45:59 +0100] "GET /js/fancybox2/jquery.fancybox.min.css?v=6.6.7.2.41064 HTTP/1.1" 200 1020
nat-cs-technik-crawler-006.nat.fhnw.net - - [30/Nov/2017:07:46:02 +0100] "GET /templates/resellers/7/favicon.ico?v=1506147107 HTTP/1.1" 200 4286
nat-cs-technik-crawler-006.nat.fhnw.net - - [30/Nov/2017:07:46:03 +0100] "GET /templates/resellers/7/favicon.ico?v=1506149005 HTTP/1.1" 200 4286
nat-cs-technik-crawler-006.nat.fhnw.net - - [30/Nov/2017:07:46:05 +0100] "GET /event-matchracing HTTP/1.1" 200 5634
nat-cs-technik-crawler-006.nat.fhnw.net - - [30/Nov/2017:07:46:07 +0100] "GET /flotte.shtml HTTP/1.1" 200 6274
nat-cs-technik-crawler-006.nat.fhnw.net - - [30/Nov/2017:07:46:09 +0100] "GET /templates/resellers/7/favicon.ico?v=1506147113 HTTP/1.1" 200 4286
nat-cs-technik-crawler-006.nat.fhnw.net - - [30/Nov/2017:07:46:13 +0100] "GET /templates/resellers/7/favicon.ico?v=1506147116 HTTP/1.1" 200 4286
nat-cs-technik-crawler-006.nat.fhnw.net - - [30/Nov/2017:07:46:13 +0100] "GET /templates/resellers/7/favicon.ico?v=1506149034 HTTP/1.1" 200 4286
nat-cs-technik-crawler-006.nat.fhnw.net - - [30/Nov/2017:07:46:15 +0100] "GET /segel-grundkurs HTTP/1.1" 200 5378
nat-cs-technik-crawler-006.nat.fhnw.net - - [30/Nov/2017:07:46:17 +0100] "GET /templates/resellers/7/favicon.ico?v=1506149037 HTTP/1.1" 200 4286
nat-cs-technik-crawler-006.nat.fhnw.net - - [30/Nov/2017:07:46:19 +0100] "GET /smartkat-crashkurs HTTP/1.1" 200 4808
nat-cs-technik-crawler-006.nat.fhnw.net - - [30/Nov/2017:07:46:21 +0100] "GET /templates/resellers/7/favicon.ico?v=1506148998 HTTP/1.1" 200 4286
nat-cs-technik-crawler-006.nat.fhnw.net - - [30/Nov/2017:07:46:23 +0100] "GET /templates/resellers/7/favicon.ico?v=1506149035 HTTP/1.1" 200 4286
nat-cs-technik-crawler-006.nat.fhnw.net - - [30/Nov/2017:07:46:26 +0100] "GET /templates/resellers/7/favicon.ico?v=1506147131 HTTP/1.1" 200 4286
nat-cs-technik-crawler-006.nat.fhnw.net - - [30/Nov/2017:07:46:27 +0100] "GET /kinder-segelkurs HTTP/1.1" 200 5172
nat-cs-technik-crawler-006.nat.fhnw.net - - [30/Nov/2017:07:46:29 +0100] "GET /templates/resellers/7/favicon.ico?v=1506149031 HTTP/1.1" 200 4286
nat-cs-technik-crawler-006.nat.fhnw.net - - [30/Nov/2017:07:46:31 +0100] "GET /pruefungskurs HTTP/1.1" 200 5895
nat-cs-technik-crawler-006.nat.fhnw.net - - [30/Nov/2017:07:46:33 +0100] "GET /templates/resellers/7/favicon.ico?v=1506147154 HTTP/1.1" 200 4286
nat-cs-technik-crawler-006.nat.fhnw.net - - [30/Nov/2017:07:46:35 +0100] "GET /galerie-matchracing.shtml HTTP/1.1" 200 4859
nat-cs-technik-crawler-006.nat.fhnw.net - - [30/Nov/2017:07:46:37 +0100] "GET /kinder-segelkurs.shtml HTTP/1.1" 200 5171
nat-cs-technik-crawler-006.nat.fhnw.net - - [30/Nov/2017:07:46:39 +0100] "GET /galerie.shtml HTTP/1.1" 200 4483
nat-cs-technik-crawler-006.nat.fhnw.net - - [30/Nov/2017:07:46:41 +0100] "GET /galerie.shtml HTTP/1.1" 200 4483
nat-cs-technik-crawler-006.nat.fhnw.net - - [30/Nov/2017:07:46:43 +0100] "GET /css/skeleton.css HTTP/1.1" 200 3511
nat-cs-technik-crawler-006.nat.fhnw.net - - [30/Nov/2017:07:46:45 +0100] "GET /davosersee.shtml HTTP/1.1" 200 5477
nat-cs-technik-crawler-006.nat.fhnw.net - - [30/Nov/2017:07:46:47 +0100] "GET /galerie-sktrophy-2015.shtml HTTP/1.1" 200 5939
nat-cs-technik-crawler-006.nat.fhnw.net - - [30/Nov/2017:07:46:49 +0100] "GET /kursanmeldung.shtml HTTP/1.1" 200 10952
nat-cs-technik-crawler-006.nat.fhnw.net - - [30/Nov/2017:07:46:51 +0100] "GET /event-matchracing.shtml HTTP/1.1" 200 5634
nat-cs-technik-crawler-006.nat.fhnw.net - - [30/Nov/2017:07:46:53 +0100] "GET /events.shtml HTTP/1.1" 200 5297
nat-cs-technik-crawler-006.nat.fhnw.net - - [30/Nov/2017:07:46:55 +0100] "GET / HTTP/1.1" 200 6440
nat-cs-technik-crawler-006.nat.fhnw.net - - [30/Nov/2017:07:46:57 +0100] "GET /segel-grundkurs.shtml HTTP/1.1" 200 5378
nat-cs-technik-crawler-006.nat.fhnw.net - - [30/Nov/2017:07:47:05 +0100] "GET /pruefungskurs.shtml HTTP/1.1" 200 5895
nat-cs-technik-crawler-006.nat.fhnw.net - - [30/Nov/2017:07:47:05 +0100] "GET /smartkat-crashkurs.shtml HTTP/1.1" 200 4808
nat-cs-technik-crawler-006.nat.fhnw.net - - [30/Nov/2017:07:47:14 +0100] "GET /flotte.shtml HTTP/1.1" 200 6274
nat-cs-technik-crawler-006.nat.fhnw.net - - [30/Nov/2017:07:47:14 +0100] "GET /templates/resellers/7/favicon.ico?v=1506103971 HTTP/1.1" 200 4286
nat-cs-technik-crawler-006.nat.fhnw.net - - [30/Nov/2017:07:47:17 +0100] "GET /galerie-sktrophy-2014.shtml HTTP/1.1" 200 5044
nat-cs-technik-crawler-006.nat.fhnw.net - - [30/Nov/2017:07:47:19 +0100] "GET /galerie-gruppesmartkat.shtml HTTP/1.1" 200 4863
nat-cs-technik-crawler-006.nat.fhnw.net - - [30/Nov/2017:07:47:21 +0100] "GET /templates/resellers/7/favicon.ico?v=1506149035 HTTP/1.1" 200 4286
nat-cs-technik-crawler-006.nat.fhnw.net - - [30/Nov/2017:07:47:23 +0100] "GET /segelkurs-jollesmartkat HTTP/1.1" 200 5140
nat-cs-technik-crawler-006.nat.fhnw.net - - [30/Nov/2017:07:47:25 +0100] "GET /event-pedalo HTTP/1.1" 200 5342
nat-cs-technik-crawler-006.nat.fhnw.net - - [30/Nov/2017:07:47:27 +0100] "GET /templates/resellers/7/favicon.ico?v=1506147116 HTTP/1.1" 200 4286
nat-cs-technik-crawler-006.nat.fhnw.net - - [30/Nov/2017:07:47:29 +0100] "GET /event-gruppesmartkat HTTP/1.1" 200 5645
nat-cs-technik-crawler-006.nat.fhnw.net - - [30/Nov/2017:07:47:31 +0100] "GET /templates/resellers/7/favicon.ico?v=1506149005 HTTP/1.1" 200 4286
nat-cs-technik-crawler-006.nat.fhnw.net - - [30/Nov/2017:07:47:33 +0100] "GET /templates/resellers/7/favicon.ico?v=1506147134 HTTP/1.1" 200 4286
nat-cs-technik-crawler-006.nat.fhnw.net - - [30/Nov/2017:07:47:35 +0100] "GET /templates/resellers/7/favicon.ico?v=1506147147 HTTP/1.1" 200 4286
nat-cs-technik-crawler-006.nat.fhnw.net - - [30/Nov/2017:07:47:37 +0100] "GET /templates/resellers/7/favicon.ico?v=1506149030 HTTP/1.1" 200 4286
nat-cs-technik-crawler-006.nat.fhnw.net - - [30/Nov/2017:07:47:39 +0100] "GET /optikurse-2014 HTTP/1.1" 200 4938
nat-cs-technik-crawler-006.nat.fhnw.net - - [30/Nov/2017:07:47:41 +0100] "GET /templates/resellers/7/favicon.ico?v=1506109630 HTTP/1.1" 200 4286
nat-cs-technik-crawler-006.nat.fhnw.net - - [30/Nov/2017:07:47:43 +0100] "GET /galerie-sktrophy-2015.shtml HTTP/1.1" 200 5939
nat-cs-technik-crawler-006.nat.fhnw.net - - [30/Nov/2017:07:47:45 +0100] "GET /galerie-sktrophy-2014.shtml HTTP/1.1" 200 5044
nat-cs-technik-crawler-006.nat.fhnw.net - - [30/Nov/2017:07:47:47 +0100] "GET /davosersee.shtml HTTP/1.1" 200 5477
nat-cs-technik-crawler-006.nat.fhnw.net - - [30/Nov/2017:07:47:49 +0100] "GET /optikurse-2014.shtml HTTP/1.1" 200 4938
nat-cs-technik-crawler-006.nat.fhnw.net - - [30/Nov/2017:07:47:51 +0100] "GET /kursanmeldung HTTP/1.1" 200 10945
nat-cs-technik-crawler-006.nat.fhnw.net - - [30/Nov/2017:07:47:53 +0100] "GET /galerie-matchracing.shtml HTTP/1.1" 200 4859
nat-cs-technik-crawler-006.nat.fhnw.net - - [30/Nov/2017:07:47:55 +0100] "GET /galerie-gruppesmartkat.shtml HTTP/1.1" 200 4863
nat-cs-technik-crawler-006.nat.fhnw.net - - [30/Nov/2017:07:47:57 +0100] "GET /templates/resellers/7/favicon.ico?v=1506147146 HTTP/1.1" 200 4286
nat-cs-technik-crawler-006.nat.fhnw.net - - [30/Nov/2017:07:47:59 +0100] "GET /templates/resellers/7/favicon.ico?v=1506181272 HTTP/1.1" 200 4286
nat-cs-technik-crawler-006.nat.fhnw.net - - [30/Nov/2017:07:48:01 +0100] "GET /templates/resellers/7/favicon.ico?v=1506296826 HTTP/1.1" 200 4286
nat-cs-technik-crawler-006.nat.fhnw.net - - [30/Nov/2017:07:48:03 +0100] "GET /templates/resellers/7/favicon.ico?v=1506294954 HTTP/1.1" 200 4286
nat-cs-technik-crawler-006.nat.fhnw.net - - [30/Nov/2017:07:48:05 +0100] "GET /templates/resellers/7/favicon.ico?v=1506147164 HTTP/1.1" 200 4286
nat-cs-technik-crawler-006.nat.fhnw.net - - [30/Nov/2017:07:48:07 +0100] "GET /templates/resellers/7/favicon.ico?v=1506147177 HTTP/1.1" 200 4286
nat-cs-technik-crawler-006.nat.fhnw.net - - [30/Nov/2017:07:48:09 +0100] "GET /templates/resellers/7/favicon.ico?v=1506147160 HTTP/1.1" 200 4286
nat-cs-technik-crawler-006.nat.fhnw.net - - [30/Nov/2017:07:48:11 +0100] "GET /flotte HTTP/1.1" 200 6274
nat-cs-technik-crawler-006.nat.fhnw.net - - [30/Nov/2017:07:48:13 +0100] "GET /templates/resellers/7/favicon.ico?v=1506147120 HTTP/1.1" 200 4286
nat-cs-technik-crawler-006.nat.fhnw.net - - [30/Nov/2017:07:48:15 +0100] "GET /templates/resellers/7/favicon.ico?v=1506294920 HTTP/1.1" 200 4286
nat-cs-technik-crawler-006.nat.fhnw.net - - [30/Nov/2017:07:48:17 +0100] "GET /smartkat-crashkurs HTTP/1.1" 200 4808
nat-cs-technik-crawler-006.nat.fhnw.net - - [30/Nov/2017:07:48:19 +0100] "GET /templates/resellers/7/favicon.ico?v=1506155761 HTTP/1.1" 200 4286
nat-cs-technik-crawler-006.nat.fhnw.net - - [30/Nov/2017:07:48:21 +0100] "GET /templates/resellers/7/favicon.ico?v=1506147175 HTTP/1.1" 200 4286
nat-cs-technik-crawler-006.nat.fhnw.net - - [30/Nov/2017:07:48:23 +0100] "GET /templates/resellers/7/favicon.ico?v=1506139835 HTTP/1.1" 200 4286
nat-cs-technik-crawler-006.nat.fhnw.net - - [30/Nov/2017:07:48:25 +0100] "GET /galerie-matchracing HTTP/1.1" 200 4859
nat-cs-technik-crawler-006.nat.fhnw.net - - [30/Nov/2017:07:48:27 +0100] "GET /templates/resellers/7/favicon.ico?v=1506147123 HTTP/1.1" 200 4286
nat-cs-technik-crawler-006.nat.fhnw.net - - [30/Nov/2017:07:48:51 +0100] "GET /templates/resellers/7/favicon.ico?v=1506147131 HTTP/1.1" 200 4286
nat-cs-technik-crawler-006.nat.fhnw.net - - [30/Nov/2017:07:48:52 +0100] "GET /galerie HTTP/1.1" 200 4483
nat-cs-technik-crawler-006.nat.fhnw.net - - [30/Nov/2017:07:48:54 +0100] "GET /templates/resellers/7/favicon.ico?v=1506149023 HTTP/1.1" 200 4286
nat-cs-technik-crawler-006.nat.fhnw.net - - [30/Nov/2017:07:48:55 +0100] "GET /templates/resellers/7/favicon.ico?v=1506149023 HTTP/1.1" 200 4286
nat-cs-technik-crawler-006.nat.fhnw.net - - [30/Nov/2017:07:48:57 +0100] "GET /davosersee HTTP/1.1" 200 5477
nat-cs-technik-crawler-006.nat.fhnw.net - - [30/Nov/2017:07:48:59 +0100] "GET /templates/resellers/7/favicon.ico?v=1506147110 HTTP/1.1" 200 4286
nat-cs-technik-crawler-006.nat.fhnw.net - - [30/Nov/2017:07:49:02 +0100] "GET /galerie-sktrophy-2015 HTTP/1.1" 200 5939
nat-cs-technik-crawler-006.nat.fhnw.net - - [30/Nov/2017:07:49:04 +0100] "GET /templates/resellers/7/favicon.ico?v=1506149021 HTTP/1.1" 200 4286
nat-cs-technik-crawler-006.nat.fhnw.net - - [30/Nov/2017:07:49:05 +0100] "GET /templates/resellers/7/favicon.ico?v=1506109630 HTTP/1.1" 200 4286
nat-cs-technik-crawler-006.nat.fhnw.net - - [30/Nov/2017:07:49:10 +0100] "GET /templates/resellers/7/favicon.ico?v=1506147118 HTTP/1.1" 200 4286
nat-cs-technik-crawler-006.nat.fhnw.net - - [30/Nov/2017:07:49:10 +0100] "GET /templates/resellers/7/favicon.ico?v=1506147113 HTTP/1.1" 200 4286
nat-cs-technik-crawler-006.nat.fhnw.net - - [30/Nov/2017:07:49:11 +0100] "GET /templates/resellers/7/favicon.ico?v=1506103971 HTTP/1.1" 200 4286
nat-cs-technik-crawler-006.nat.fhnw.net - - [30/Nov/2017:07:49:13 +0100] "GET /templates/resellers/7/favicon.ico?v=1506149034 HTTP/1.1" 200 4286
nat-cs-technik-crawler-006.nat.fhnw.net - - [30/Nov/2017:07:49:16 +0100] "GET /templates/resellers/7/favicon.ico?v=1506149037 HTTP/1.1" 200 4286
nat-cs-technik-crawler-006.nat.fhnw.net - - [30/Nov/2017:07:49:21 +0100] "GET /templates/resellers/7/favicon.ico?v=1506147120 HTTP/1.1" 200 4286
nat-cs-technik-crawler-006.nat.fhnw.net - - [30/Nov/2017:07:49:21 +0100] "GET /templates/resellers/7/favicon.ico?v=1506149031 HTTP/1.1" 200 4286
nat-cs-technik-crawler-006.nat.fhnw.net - - [30/Nov/2017:07:49:21 +0100] "GET /galerie-sktrophy-2014 HTTP/1.1" 200 5044
nat-cs-technik-crawler-006.nat.fhnw.net - - [30/Nov/2017:07:49:24 +0100] "GET /templates/resellers/7/favicon.ico?v=1506149019 HTTP/1.1" 200 4286
nat-cs-technik-crawler-006.nat.fhnw.net - - [30/Nov/2017:07:49:25 +0100] "GET /templates/resellers/7/favicon.ico?v=1506147121 HTTP/1.1" 200 4286
nat-cs-technik-crawler-006.nat.fhnw.net - - [30/Nov/2017:07:49:28 +0100] "GET /galerie-gruppesmartkat HTTP/1.1" 200 4863
nat-cs-technik-crawler-006.nat.fhnw.net - - [30/Nov/2017:07:49:29 +0100] "GET /templates/resellers/7/favicon.ico?v=1506204419 HTTP/1.1" 200 4286
nat-cs-technik-crawler-006.nat.fhnw.net - - [30/Nov/2017:07:49:32 +0100] "GET /segelkurs-jollesmartkat HTTP/1.1" 200 5140
nat-cs-technik-crawler-006.nat.fhnw.net - - [30/Nov/2017:07:49:34 +0100] "GET /templates/resellers/7/favicon.ico?v=1506149055 HTTP/1.1" 200 4286
nat-cs-technik-crawler-006.nat.fhnw.net - - [30/Nov/2017:07:49:36 +0100] "GET /templates/resellers/7/favicon.ico?v=1506149051 HTTP/1.1" 200 4286
nat-cs-technik-crawler-006.nat.fhnw.net - - [30/Nov/2017:07:49:37 +0100] "GET /templates/resellers/7/favicon.ico?v=1506147179 HTTP/1.1" 200 4286
nat-cs-technik-crawler-006.nat.fhnw.net - - [30/Nov/2017:07:49:39 +0100] "GET /templates/resellers/7/favicon.ico?v=1506149021 HTTP/1.1" 200 4286
nat-cs-technik-crawler-006.nat.fhnw.net - - [30/Nov/2017:07:49:41 +0100] "GET /templates/resellers/7/favicon.ico?v=1506149019 HTTP/1.1" 200 4286
nat-cs-technik-crawler-006.nat.fhnw.net - - [30/Nov/2017:07:49:43 +0100] "GET /templates/resellers/7/favicon.ico?v=1506147110 HTTP/1.1" 200 4286
nat-cs-technik-crawler-006.nat.fhnw.net - - [30/Nov/2017:07:49:45 +0100] "GET /templates/resellers/7/favicon.ico?v=1506149030 HTTP/1.1" 200 4286
nat-cs-technik-crawler-006.nat.fhnw.net - - [30/Nov/2017:07:49:47 +0100] "GET /templates/resellers/7/favicon.ico?v=1506452182 HTTP/1.1" 200 4286
nat-cs-technik-crawler-006.nat.fhnw.net - - [30/Nov/2017:07:49:49 +0100] "GET /kursanmeldung HTTP/1.1" 200 10945
nat-cs-technik-crawler-006.nat.fhnw.net - - [30/Nov/2017:07:49:51 +0100] "GET /templates/resellers/7/favicon.ico?v=1506147123 HTTP/1.1" 200 4286
nat-cs-technik-crawler-006.nat.fhnw.net - - [30/Nov/2017:07:49:53 +0100] "GET /templates/resellers/7/favicon.ico?v=1506147121 HTTP/1.1" 200 4286
nat-cs-technik-crawler-006.nat.fhnw.net - - [30/Nov/2017:07:49:55 +0100] "GET /flotte HTTP/1.1" 200 6274
nat-cs-technik-crawler-006.nat.fhnw.net - - [30/Nov/2017:07:49:57 +0100] "GET /templates/resellers/7/favicon.ico?v=1506109514 HTTP/1.1" 200 4286
nat-cs-technik-crawler-006.nat.fhnw.net - - [30/Nov/2017:07:50:00 +0100] "GET /templates/resellers/7/favicon.ico?v=1506155761 HTTP/1.1" 200 4286
nat-cs-technik-crawler-006.nat.fhnw.net - - [30/Nov/2017:07:50:03 +0100] "GET /templates/resellers/7/favicon.ico?v=1506149067 HTTP/1.1" 200 4286
nat-cs-technik-crawler-006.nat.fhnw.net - - [30/Nov/2017:07:50:03 +0100] "GET /templates/resellers/7/favicon.ico?v=1506147168 HTTP/1.1" 200 4286
nat-cs-technik-crawler-006.nat.fhnw.net - - [30/Nov/2017:07:50:05 +0100] "GET /templates/resellers/7/favicon.ico?v=1506149049 HTTP/1.1" 200 4286
nat-cs-technik-crawler-006.nat.fhnw.net - - [30/Nov/2017:07:50:07 +0100] "GET /templates/resellers/7/favicon.ico?v=1506147172 HTTP/1.1" 200 4286
nat-cs-technik-crawler-006.nat.fhnw.net - - [30/Nov/2017:07:50:09 +0100] "GET /templates/resellers/7/favicon.ico?v=1506147170 HTTP/1.1" 200 4286
nat-cs-technik-crawler-006.nat.fhnw.net - - [30/Nov/2017:07:50:11 +0100] "GET /templates/resellers/7/favicon.ico?v=1506147166 HTTP/1.1" 200 4286
nat-cs-technik-crawler-006.nat.fhnw.net - - [30/Nov/2017:07:50:13 +0100] "GET /templates/resellers/7/favicon.ico?v=1506204419 HTTP/1.1" 200 4286
nat-cs-technik-crawler-006.nat.fhnw.net - - [30/Nov/2017:07:50:15 +0100] "GET /templates/resellers/7/favicon.ico?v=1506452182 HTTP/1.1" 200 4286
nat-cs-technik-crawler-006.nat.fhnw.net - - [30/Nov/2017:07:50:21 +0100] "GET /templates/resellers/7/favicon.ico?v=1506109514 HTTP/1.1" 200 4286
hydrogen310.a.ahrefs.com - - [30/Nov/2017:07:59:08 +0100] "GET /kurse HTTP/1.1" 200 6281
