94.228.145.39 - - [04/Oct/2017:21:02:26 +0200] "GET /var/m_0/0d/0dd/12455/126126-43_See.JPG HTTP/1.1" 200 86511
hydrogen199.a.ahrefs.com - - [04/Oct/2017:21:21:18 +0200] "GET /kurse HTTP/1.1" 200 6281
host146-236-177-94.static.arubacloud.fr - - [04/Oct/2017:21:23:02 +0200] "GET / HTTP/1.1" 200 35804
host146-236-177-94.static.arubacloud.fr - - [04/Oct/2017:21:23:04 +0200] "GET /events.shtml HTTP/1.1" 200 22514
host146-236-177-94.static.arubacloud.fr - - [04/Oct/2017:21:23:05 +0200] "GET /kurse.shtml HTTP/1.1" 200 31031
host146-236-177-94.static.arubacloud.fr - - [04/Oct/2017:21:23:05 +0200] "GET /galerie.shtml HTTP/1.1" 200 22747
host146-236-177-94.static.arubacloud.fr - - [04/Oct/2017:21:23:06 +0200] "GET /galerie-sktrophy-2014.shtml HTTP/1.1" 200 29913
host146-236-177-94.static.arubacloud.fr - - [04/Oct/2017:21:23:06 +0200] "GET /event-matchracing.shtml HTTP/1.1" 200 21251
host146-236-177-94.static.arubacloud.fr - - [04/Oct/2017:21:23:06 +0200] "GET /event-gruppesmartkat.shtml HTTP/1.1" 200 21256
host146-236-177-94.static.arubacloud.fr - - [04/Oct/2017:21:23:06 +0200] "GET /galerie-matchracing.shtml HTTP/1.1" 200 21704
host146-236-177-94.static.arubacloud.fr - - [04/Oct/2017:21:23:05 +0200] "GET /vermietung.shtml HTTP/1.1" 200 25728
host146-236-177-94.static.arubacloud.fr - - [04/Oct/2017:21:23:06 +0200] "GET /galerie-gruppesmartkat.shtml HTTP/1.1" 200 20574
host146-236-177-94.static.arubacloud.fr - - [04/Oct/2017:21:23:06 +0200] "GET /event-pedalo.shtml HTTP/1.1" 200 20248
host146-236-177-94.static.arubacloud.fr - - [04/Oct/2017:21:23:07 +0200] "GET /galerie-sktrophy-2015.shtml HTTP/1.1" 200 49420
host146-236-177-94.static.arubacloud.fr - - [04/Oct/2017:21:23:07 +0200] "GET /kinder-segelkurs.shtml HTTP/1.1" 200 19898
host146-236-177-94.static.arubacloud.fr - - [04/Oct/2017:21:23:07 +0200] "GET /optikurse-2014.shtml HTTP/1.1" 200 26353
host146-236-177-94.static.arubacloud.fr - - [04/Oct/2017:21:23:08 +0200] "GET /js/jquery.lazyload.min.js?v=6.6.7.2.41064 HTTP/1.1" 200 3342
host146-236-177-94.static.arubacloud.fr - - [04/Oct/2017:21:23:08 +0200] "GET /segel-grundkurs.shtml HTTP/1.1" 200 21440
host146-236-177-94.static.arubacloud.fr - - [04/Oct/2017:21:23:08 +0200] "GET /pruefungskurs.shtml HTTP/1.1" 200 23039
host146-236-177-94.static.arubacloud.fr - - [04/Oct/2017:21:23:08 +0200] "GET /smartkat-crashkurs.shtml HTTP/1.1" 200 17863
host146-236-177-94.static.arubacloud.fr - - [04/Oct/2017:21:23:08 +0200] "GET /Perspectiva.html? HTTP/1.1" 200 18069
host146-236-177-94.static.arubacloud.fr - - [04/Oct/2017:21:23:08 +0200] "GET /js/functions_stripped.js?v=6.6.7.2.41064 HTTP/1.1" 200 7672
host146-236-177-94.static.arubacloud.fr - - [04/Oct/2017:21:23:08 +0200] "GET /segelkurs-jollesmartkat.shtml HTTP/1.1" 200 19993
host146-236-177-94.static.arubacloud.fr - - [04/Oct/2017:21:23:08 +0200] "GET /flotte.shtml HTTP/1.1" 200 29241
host146-236-177-94.static.arubacloud.fr - - [04/Oct/2017:21:23:08 +0200] "GET /js/).html(a);null==$( HTTP/1.1" 200 219
host146-236-177-94.static.arubacloud.fr - - [04/Oct/2017:21:23:08 +0200] "GET /js/index.php?sid=46&lang=en&item=1&act=users&ajax=state HTTP/1.1" 200 210
host146-236-177-94.static.arubacloud.fr - - [04/Oct/2017:21:23:10 +0200] "GET /event-matchracing HTTP/1.1" 200 21251
host146-236-177-94.static.arubacloud.fr - - [04/Oct/2017:21:23:10 +0200] "GET /event-gruppesmartkat HTTP/1.1" 200 21256
host146-236-177-94.static.arubacloud.fr - - [04/Oct/2017:21:23:10 +0200] "GET /davosersee HTTP/1.1" 200 19505
host146-236-177-94.static.arubacloud.fr - - [04/Oct/2017:21:23:10 +0200] "GET /events HTTP/1.1" 200 22514
host146-236-177-94.static.arubacloud.fr - - [04/Oct/2017:21:23:10 +0200] "GET /aktuelles-wetter HTTP/1.1" 200 18388
host146-236-177-94.static.arubacloud.fr - - [04/Oct/2017:21:23:10 +0200] "GET /event-pedalo HTTP/1.1" 200 20248
ec2-52-204-147-41.compute-1.amazonaws.com - - [04/Oct/2017:21:39:53 +0200] "GET /standort HTTP/1.1" 200 4717
x28.ch - - [04/Oct/2017:21:55:55 +0200] "GET /kurse.shtml HTTP/1.1" 200 6280
x28.ch - - [04/Oct/2017:21:55:55 +0200] "GET /robots.txt HTTP/1.1" 200 120
x28.ch - - [04/Oct/2017:21:56:07 +0200] "GET /robots.txt HTTP/1.1" 200 120
x28.ch - - [04/Oct/2017:21:56:07 +0200] "GET /kurse.shtml HTTP/1.1" 200 6280
