crawl-66-249-64-29.googlebot.com - - [08/Nov/2017:13:22:58 +0100] "GET /robots.txt HTTP/1.1" 200 80
crawl-66-249-64-28.googlebot.com - - [08/Nov/2017:13:23:00 +0100] "GET /js/photoswipe/photoswipe.css?v=6.6.1.38889 HTTP/1.1" 200 1156
crawl-66-249-64-30.googlebot.com - - [08/Nov/2017:13:23:00 +0100] "GET /css/widgets/concat_widget.min.css?v=6.6.1.38889 HTTP/1.1" 200 24507
216.244.66.229 - - [08/Nov/2017:13:37:27 +0100] "GET /galerie-sktrophy-2015.shtml HTTP/1.1" 200 49420
70-138-201-1.lightspeed.hstntx.sbcglobal.net - - [08/Nov/2017:13:45:37 +0100] "GET / HTTP/1.1" 200 35804
70-138-201-1.lightspeed.hstntx.sbcglobal.net - - [08/Nov/2017:13:45:40 +0100] "GET /events.shtml HTTP/1.1" 200 22514
70-138-201-1.lightspeed.hstntx.sbcglobal.net - - [08/Nov/2017:13:45:42 +0100] "GET /galerie.shtml HTTP/1.1" 200 22747
70-138-201-1.lightspeed.hstntx.sbcglobal.net - - [08/Nov/2017:13:45:43 +0100] "GET /kurse.shtml HTTP/1.1" 200 31031
70-138-201-1.lightspeed.hstntx.sbcglobal.net - - [08/Nov/2017:13:45:45 +0100] "GET /vermietung.shtml HTTP/1.1" 200 25728
70-138-201-1.lightspeed.hstntx.sbcglobal.net - - [08/Nov/2017:13:45:46 +0100] "GET /event-gruppesmartkat.shtml HTTP/1.1" 200 21256
70-138-201-1.lightspeed.hstntx.sbcglobal.net - - [08/Nov/2017:13:45:47 +0100] "GET /event-matchracing.shtml HTTP/1.1" 200 21251
70-138-201-1.lightspeed.hstntx.sbcglobal.net - - [08/Nov/2017:13:45:48 +0100] "GET /event-pedalo.shtml HTTP/1.1" 200 20248
70-138-201-1.lightspeed.hstntx.sbcglobal.net - - [08/Nov/2017:13:45:49 +0100] "GET /galerie-gruppesmartkat.shtml HTTP/1.1" 200 20574
70-138-201-1.lightspeed.hstntx.sbcglobal.net - - [08/Nov/2017:13:45:50 +0100] "GET /galerie-matchracing.shtml HTTP/1.1" 200 21704
70-138-201-1.lightspeed.hstntx.sbcglobal.net - - [08/Nov/2017:13:45:51 +0100] "GET /galerie-sktrophy-2014.shtml HTTP/1.1" 200 29913
70-138-201-1.lightspeed.hstntx.sbcglobal.net - - [08/Nov/2017:13:45:52 +0100] "GET /galerie-sktrophy-2015.shtml HTTP/1.1" 200 49420
70-138-201-1.lightspeed.hstntx.sbcglobal.net - - [08/Nov/2017:13:45:54 +0100] "GET /optikurse-2014.shtml HTTP/1.1" 200 26353
70-138-201-1.lightspeed.hstntx.sbcglobal.net - - [08/Nov/2017:13:45:55 +0100] "GET /kinder-segelkurs.shtml HTTP/1.1" 200 19898
70-138-201-1.lightspeed.hstntx.sbcglobal.net - - [08/Nov/2017:13:45:57 +0100] "GET /pruefungskurs.shtml HTTP/1.1" 200 23039
70-138-201-1.lightspeed.hstntx.sbcglobal.net - - [08/Nov/2017:13:45:58 +0100] "GET /segel-grundkurs.shtml HTTP/1.1" 200 21440
70-138-201-1.lightspeed.hstntx.sbcglobal.net - - [08/Nov/2017:13:45:59 +0100] "GET /segelkurs-jollesmartkat.shtml HTTP/1.1" 200 19993
70-138-201-1.lightspeed.hstntx.sbcglobal.net - - [08/Nov/2017:13:46:01 +0100] "GET /smartkat-crashkurs.shtml HTTP/1.1" 200 17863
70-138-201-1.lightspeed.hstntx.sbcglobal.net - - [08/Nov/2017:13:46:02 +0100] "GET /flotte.shtml HTTP/1.1" 200 29241
70-138-201-1.lightspeed.hstntx.sbcglobal.net - - [08/Nov/2017:13:46:04 +0100] "GET /js/functions_stripped.js?v=6.6.7.2.41064 HTTP/1.1" 200 7672
70-138-201-1.lightspeed.hstntx.sbcglobal.net - - [08/Nov/2017:13:46:05 +0100] "GET /Perspectiva.html? HTTP/1.1" 200 18069
70-138-201-1.lightspeed.hstntx.sbcglobal.net - - [08/Nov/2017:13:46:06 +0100] "GET /js/jquery.lazyload.min.js?v=6.6.7.2.41064 HTTP/1.1" 200 3342
70-138-201-1.lightspeed.hstntx.sbcglobal.net - - [08/Nov/2017:13:46:07 +0100] "GET /js/).html(a);null==$( HTTP/1.1" 200 219
70-138-201-1.lightspeed.hstntx.sbcglobal.net - - [08/Nov/2017:13:46:08 +0100] "GET /js/index.php?sid=46&lang=en&item=1&act=users&ajax=state HTTP/1.1" 200 210
70-138-201-1.lightspeed.hstntx.sbcglobal.net - - [08/Nov/2017:13:46:09 +0100] "GET /aktuelles-wetter HTTP/1.1" 200 18388
70-138-201-1.lightspeed.hstntx.sbcglobal.net - - [08/Nov/2017:13:46:10 +0100] "GET /davosersee HTTP/1.1" 200 19505
70-138-201-1.lightspeed.hstntx.sbcglobal.net - - [08/Nov/2017:13:46:11 +0100] "GET /event-gruppesmartkat HTTP/1.1" 200 21256
70-138-201-1.lightspeed.hstntx.sbcglobal.net - - [08/Nov/2017:13:46:12 +0100] "GET /event-matchracing HTTP/1.1" 200 21251
70-138-201-1.lightspeed.hstntx.sbcglobal.net - - [08/Nov/2017:13:46:13 +0100] "GET /event-pedalo HTTP/1.1" 200 20248
70-138-201-1.lightspeed.hstntx.sbcglobal.net - - [08/Nov/2017:13:46:14 +0100] "GET /events HTTP/1.1" 200 22514
