bzq-82-80-249-211.dcenter.bezeqint.net - - [14/Oct/2017:12:05:30 +0200] "GET / HTTP/1.1" 200 6440
bzq-82-80-249-159.dcenter.bezeqint.net - - [14/Oct/2017:12:05:42 +0200] "GET / HTTP/1.1" 200 6440
bzq-82-80-249-159.dcenter.bezeqint.net - - [14/Oct/2017:12:05:54 +0200] "GET /css/widgets/concat_widget.min.css?v=6.6.7.2.41064 HTTP/1.1" 200 24507
bzq-82-80-249-159.dcenter.bezeqint.net - - [14/Oct/2017:12:05:58 +0200] "GET /templates/creator/m_f/fa/fa7/164/css/main.min.css?v=1483633820 HTTP/1.1" 200 1797
bzq-82-80-249-159.dcenter.bezeqint.net - - [14/Oct/2017:12:06:00 +0200] "GET /css/skeleton.css HTTP/1.1" 200 3511
bzq-82-80-249-159.dcenter.bezeqint.net - - [14/Oct/2017:12:06:09 +0200] "GET /templates/creator/m_f/fa/fa7/164/css/style.min.css?v=1483633820 HTTP/1.1" 200 847
bzq-82-80-249-159.dcenter.bezeqint.net - - [14/Oct/2017:12:06:10 +0200] "GET /davosersee.shtml HTTP/1.1" 200 5477
bzq-82-80-249-159.dcenter.bezeqint.net - - [14/Oct/2017:12:06:10 +0200] "GET / HTTP/1.1" 200 6440
bzq-82-80-249-159.dcenter.bezeqint.net - - [14/Oct/2017:12:06:13 +0200] "GET /kurse.shtml HTTP/1.1" 200 6280
bzq-82-80-249-159.dcenter.bezeqint.net - - [14/Oct/2017:12:06:16 +0200] "GET /kinder-segelkurs.shtml HTTP/1.1" 200 5171
bzq-82-80-249-159.dcenter.bezeqint.net - - [14/Oct/2017:12:06:18 +0200] "GET /smartkat-crashkurs.shtml HTTP/1.1" 200 4808
bzq-82-80-249-159.dcenter.bezeqint.net - - [14/Oct/2017:12:06:21 +0200] "GET /segelkurs-jollesmartkat.shtml HTTP/1.1" 200 5139
bzq-82-80-249-159.dcenter.bezeqint.net - - [14/Oct/2017:12:06:24 +0200] "GET /segel-grundkurs.shtml HTTP/1.1" 200 5378
bzq-82-80-249-159.dcenter.bezeqint.net - - [14/Oct/2017:12:06:27 +0200] "GET /pruefungskurs.shtml HTTP/1.1" 200 5895
bzq-82-80-249-159.dcenter.bezeqint.net - - [14/Oct/2017:12:06:31 +0200] "GET /events.shtml HTTP/1.1" 200 5297
bzq-82-80-249-159.dcenter.bezeqint.net - - [14/Oct/2017:12:06:33 +0200] "GET /event-gruppesmartkat.shtml HTTP/1.1" 200 5645
bzq-82-80-249-159.dcenter.bezeqint.net - - [14/Oct/2017:12:06:37 +0200] "GET /event-matchracing.shtml HTTP/1.1" 200 5634
bzq-82-80-249-159.dcenter.bezeqint.net - - [14/Oct/2017:12:06:38 +0200] "GET /event-pedalo.shtml HTTP/1.1" 200 5342
bzq-82-80-249-159.dcenter.bezeqint.net - - [14/Oct/2017:12:06:42 +0200] "GET /flotte.shtml HTTP/1.1" 200 6274
bzq-82-80-249-159.dcenter.bezeqint.net - - [14/Oct/2017:12:06:47 +0200] "GET /vermietung.shtml HTTP/1.1" 200 5099
bzq-82-80-249-159.dcenter.bezeqint.net - - [14/Oct/2017:12:06:49 +0200] "GET /galerie-sktrophy-2015.shtml HTTP/1.1" 200 5939
bzq-82-80-249-159.dcenter.bezeqint.net - - [14/Oct/2017:12:06:50 +0200] "GET /galerie-matchracing.shtml HTTP/1.1" 200 4859
bzq-82-80-249-159.dcenter.bezeqint.net - - [14/Oct/2017:12:06:54 +0200] "GET /galerie.shtml HTTP/1.1" 200 4483
bzq-82-80-249-159.dcenter.bezeqint.net - - [14/Oct/2017:12:07:00 +0200] "GET /galerie-gruppesmartkat.shtml HTTP/1.1" 200 4863
bzq-82-80-249-159.dcenter.bezeqint.net - - [14/Oct/2017:12:07:00 +0200] "GET /galerie-sktrophy-2014.shtml HTTP/1.1" 200 5044
bzq-82-80-249-159.dcenter.bezeqint.net - - [14/Oct/2017:12:07:00 +0200] "GET /%C3%BCber-uns.shtml HTTP/1.1" 200 4740
bzq-82-80-249-159.dcenter.bezeqint.net - - [14/Oct/2017:12:07:00 +0200] "GET /optikurse-2014.shtml HTTP/1.1" 200 4938
bzq-82-80-249-159.dcenter.bezeqint.net - - [14/Oct/2017:12:07:01 +0200] "GET /standort.shtml HTTP/1.1" 200 4717
bzq-82-80-249-159.dcenter.bezeqint.net - - [14/Oct/2017:12:07:01 +0200] "GET /kursanmeldung.shtml HTTP/1.1" 200 10952
bzq-82-80-249-159.dcenter.bezeqint.net - - [14/Oct/2017:12:07:03 +0200] "GET /galerie.shtml HTTP/1.1" 200 4483
bzq-82-80-249-159.dcenter.bezeqint.net - - [14/Oct/2017:12:07:03 +0200] "GET /aktuelles-wetter.shtml HTTP/1.1" 200 4575
bzq-82-80-249-159.dcenter.bezeqint.net - - [14/Oct/2017:12:07:10 +0200] "GET /kurse.shtml HTTP/1.1" 200 6280
bzq-82-80-249-159.dcenter.bezeqint.net - - [14/Oct/2017:12:07:15 +0200] "GET /events.shtml HTTP/1.1" 200 5297
bzq-82-80-249-159.dcenter.bezeqint.net - - [14/Oct/2017:12:07:15 +0200] "GET /templates/creator/m_f/fa/fa7/164/css/main.min.css?v=1483633820 HTTP/1.1" 200 1797
bzq-82-80-249-159.dcenter.bezeqint.net - - [14/Oct/2017:12:07:15 +0200] "GET /vermietung.shtml HTTP/1.1" 200 5099
bzq-82-80-249-159.dcenter.bezeqint.net - - [14/Oct/2017:12:07:19 +0200] "GET /css/widgets/concat_widget.min.css?v=6.6.7.2.41064 HTTP/1.1" 200 24507
bzq-82-80-249-159.dcenter.bezeqint.net - - [14/Oct/2017:12:07:19 +0200] "GET /templates/creator/m_f/fa/fa7/164/css/style.min.css?v=1483633820 HTTP/1.1" 200 847
bzq-82-80-249-159.dcenter.bezeqint.net - - [14/Oct/2017:12:07:22 +0200] "GET /css/skeleton.css HTTP/1.1" 200 3511
bzq-82-80-249-159.dcenter.bezeqint.net - - [14/Oct/2017:12:07:29 +0200] "GET /kinder-segelkurs.shtml HTTP/1.1" 200 5171
bzq-82-80-249-159.dcenter.bezeqint.net - - [14/Oct/2017:12:07:31 +0200] "GET /segelkurs-jollesmartkat.shtml HTTP/1.1" 200 5139
bzq-82-80-249-159.dcenter.bezeqint.net - - [14/Oct/2017:12:07:34 +0200] "GET /smartkat-crashkurs.shtml HTTP/1.1" 200 4808
bzq-82-80-249-159.dcenter.bezeqint.net - - [14/Oct/2017:12:07:37 +0200] "GET /segel-grundkurs.shtml HTTP/1.1" 200 5378
bzq-82-80-249-159.dcenter.bezeqint.net - - [14/Oct/2017:12:07:39 +0200] "GET /event-gruppesmartkat.shtml HTTP/1.1" 200 5645
bzq-82-80-249-159.dcenter.bezeqint.net - - [14/Oct/2017:12:07:39 +0200] "GET /pruefungskurs.shtml HTTP/1.1" 200 5895
bzq-82-80-249-159.dcenter.bezeqint.net - - [14/Oct/2017:12:07:43 +0200] "GET /event-matchracing.shtml HTTP/1.1" 200 5634
bzq-82-80-249-159.dcenter.bezeqint.net - - [14/Oct/2017:12:07:45 +0200] "GET /js/fancybox2/jquery.fancybox.min.css?v=6.6.7.2.41064 HTTP/1.1" 200 1020
bzq-82-80-249-159.dcenter.bezeqint.net - - [14/Oct/2017:12:07:48 +0200] "GET /event-pedalo.shtml HTTP/1.1" 200 5342
bzq-82-80-249-159.dcenter.bezeqint.net - - [14/Oct/2017:12:07:50 +0200] "GET /var/m_0/0d/0dd/12455/7230938-G4_Event_SK_06.jpg HTTP/1.1" 200 67404
bzq-82-80-249-159.dcenter.bezeqint.net - - [14/Oct/2017:12:07:50 +0200] "GET /var/m_0/0d/0dd/12455/125486-2_Sportkurs.JPG HTTP/1.1" 200 69000
bzq-82-80-249-159.dcenter.bezeqint.net - - [14/Oct/2017:12:07:52 +0200] "GET /var/m_0/0d/0dd/12455/7230936-G4_Event_SK_04.jpg HTTP/1.1" 200 87335
bzq-82-80-249-159.dcenter.bezeqint.net - - [14/Oct/2017:12:07:54 +0200] "GET /var/m_0/0d/0dd/12455/7230904-G5_Matchracing_01.jpg HTTP/1.1" 200 64265
bzq-82-80-249-159.dcenter.bezeqint.net - - [14/Oct/2017:12:07:57 +0200] "GET /var/m_0/0d/0dd/12455/7230910-G5_Matchracing_07.jpg HTTP/1.1" 200 85482
bzq-82-80-249-159.dcenter.bezeqint.net - - [14/Oct/2017:12:08:01 +0200] "GET /var/m_0/0d/0dd/12455/7230912-G5_Matchracing_09.jpg HTTP/1.1" 200 72435
bzq-82-80-249-159.dcenter.bezeqint.net - - [14/Oct/2017:12:08:06 +0200] "GET /var/m_0/0d/0dd/12455/7230981-37_Pedalo3.jpg HTTP/1.1" 200 76841
bzq-82-80-249-159.dcenter.bezeqint.net - - [14/Oct/2017:12:08:06 +0200] "GET /var/m_0/0d/0dd/12455/6564666-G3_SKT2015_01.jpg HTTP/1.1" 200 160125
bzq-82-80-249-159.dcenter.bezeqint.net - - [14/Oct/2017:12:08:08 +0200] "GET /var/m_0/0d/0dd/12455/7230969-37_Pedalo2.jpg HTTP/1.1" 200 107785
bzq-82-80-249-159.dcenter.bezeqint.net - - [14/Oct/2017:12:08:12 +0200] "GET /var/m_0/0d/0dd/12455/6564669-G3_SKT2015_03.jpg HTTP/1.1" 200 114866
bzq-82-80-249-159.dcenter.bezeqint.net - - [14/Oct/2017:12:08:15 +0200] "GET /var/m_0/0d/0dd/12455/6564668-G3_SKT2015_02.jpg HTTP/1.1" 200 142536
bzq-82-80-249-159.dcenter.bezeqint.net - - [14/Oct/2017:12:08:17 +0200] "GET /var/m_0/0d/0dd/12455/6564670-G3_SKT2015_04.jpg HTTP/1.1" 200 209464
bzq-82-80-249-159.dcenter.bezeqint.net - - [14/Oct/2017:12:08:20 +0200] "GET /var/m_0/0d/0dd/12455/6564672-G3_SKT2015_05.jpg HTTP/1.1" 200 207849
bzq-82-80-249-159.dcenter.bezeqint.net - - [14/Oct/2017:12:08:23 +0200] "GET /var/m_0/0d/0dd/12455/6564673-G3_SKT2015_06.jpg HTTP/1.1" 200 122324
bzq-82-80-249-159.dcenter.bezeqint.net - - [14/Oct/2017:12:08:24 +0200] "GET /var/m_0/0d/0dd/12455/6564674-G3_SKT2015_07.jpg HTTP/1.1" 200 117236
bzq-82-80-249-159.dcenter.bezeqint.net - - [14/Oct/2017:12:08:25 +0200] "GET /var/m_0/0d/0dd/12455/6564676-G3_SKT2015_09.jpg HTTP/1.1" 200 150721
bzq-82-80-249-159.dcenter.bezeqint.net - - [14/Oct/2017:12:08:26 +0200] "GET /var/m_0/0d/0dd/12455/6564679-G3_SKT2015_11.jpg HTTP/1.1" 200 96997
bzq-82-80-249-159.dcenter.bezeqint.net - - [14/Oct/2017:12:08:26 +0200] "GET /var/m_0/0d/0dd/12455/6564678-G3_SKT2015_10.jpg HTTP/1.1" 200 138460
bzq-82-80-249-159.dcenter.bezeqint.net - - [14/Oct/2017:12:08:26 +0200] "GET /var/m_0/0d/0dd/12455/6564675-G3_SKT2015_08.jpg HTTP/1.1" 200 111352
bzq-82-80-249-159.dcenter.bezeqint.net - - [14/Oct/2017:12:08:27 +0200] "GET /var/m_0/0d/0dd/12455/6564681-G3_SKT2015_12.jpg HTTP/1.1" 200 148086
bzq-82-80-249-159.dcenter.bezeqint.net - - [14/Oct/2017:12:08:31 +0200] "GET /var/m_0/0d/0dd/12455/6564682-G3_SKT2015_13.jpg HTTP/1.1" 200 204673
bzq-82-80-249-159.dcenter.bezeqint.net - - [14/Oct/2017:12:08:33 +0200] "GET /var/m_0/0d/0dd/12455/6564683-G3_SKT2015_14.jpg HTTP/1.1" 200 195006
bzq-82-80-249-159.dcenter.bezeqint.net - - [14/Oct/2017:12:08:35 +0200] "GET /var/m_0/0d/0dd/12455/6564684-G3_SKT2015_15.jpg HTTP/1.1" 200 144651
bzq-82-80-249-159.dcenter.bezeqint.net - - [14/Oct/2017:12:08:37 +0200] "GET /var/m_0/0d/0dd/12455/6564685-G3_SKT2015_16.jpg HTTP/1.1" 200 129971
bzq-82-80-249-159.dcenter.bezeqint.net - - [14/Oct/2017:12:08:37 +0200] "GET /var/m_0/0d/0dd/12455/6564686-G3_SKT2015_17.jpg HTTP/1.1" 200 130353
bzq-82-80-249-159.dcenter.bezeqint.net - - [14/Oct/2017:12:08:39 +0200] "GET /var/m_0/0d/0dd/12455/6564687-G3_SKT2015_18.jpg HTTP/1.1" 200 93275
bzq-82-80-249-159.dcenter.bezeqint.net - - [14/Oct/2017:12:08:41 +0200] "GET /var/m_0/0d/0dd/12455/6564688-G3_SKT2015_19.jpg HTTP/1.1" 200 123732
bzq-82-80-249-159.dcenter.bezeqint.net - - [14/Oct/2017:12:08:41 +0200] "GET /var/m_0/0d/0dd/12455/6564690-G3_SKT2015_20.jpg HTTP/1.1" 200 120599
bzq-82-80-249-159.dcenter.bezeqint.net - - [14/Oct/2017:12:08:45 +0200] "GET /var/m_0/0d/0dd/12455/6564691-G3_SKT2015_21.jpg HTTP/1.1" 200 121870
bzq-82-80-249-159.dcenter.bezeqint.net - - [14/Oct/2017:12:08:45 +0200] "GET /var/m_0/0d/0dd/12455/6564694-G3_SKT2015_24.jpg HTTP/1.1" 200 173621
bzq-82-80-249-159.dcenter.bezeqint.net - - [14/Oct/2017:12:08:47 +0200] "GET /var/m_0/0d/0dd/12455/6564693-G3_SKT2015_23.jpg HTTP/1.1" 200 129585
bzq-82-80-249-159.dcenter.bezeqint.net - - [14/Oct/2017:12:08:47 +0200] "GET /var/m_0/0d/0dd/12455/6564692-G3_SKT2015_22.jpg HTTP/1.1" 200 137091
bzq-82-80-249-159.dcenter.bezeqint.net - - [14/Oct/2017:12:08:49 +0200] "GET /var/m_0/0d/0dd/12455/6564695-G3_SKT2015_25.jpg HTTP/1.1" 200 121143
bzq-82-80-249-159.dcenter.bezeqint.net - - [14/Oct/2017:12:08:50 +0200] "GET /var/m_0/0d/0dd/12455/6564696-G3_SKT2015_26.jpg HTTP/1.1" 200 113715
bzq-82-80-249-159.dcenter.bezeqint.net - - [14/Oct/2017:12:08:52 +0200] "GET /var/m_0/0d/0dd/12455/6564698-G3_SKT2015_27.jpg HTTP/1.1" 200 164698
bzq-82-80-249-159.dcenter.bezeqint.net - - [14/Oct/2017:12:08:53 +0200] "GET /var/m_0/0d/0dd/12455/6564699-G3_SKT2015_28.jpg HTTP/1.1" 200 120507
bzq-82-80-249-159.dcenter.bezeqint.net - - [14/Oct/2017:12:08:56 +0200] "GET /var/m_0/0d/0dd/12455/6564700-G3_SKT2015_29.jpg HTTP/1.1" 200 84446
bzq-82-80-249-159.dcenter.bezeqint.net - - [14/Oct/2017:12:08:58 +0200] "GET /var/m_0/0d/0dd/12455/6564701-G3_SKT2015_30.jpg HTTP/1.1" 200 93984
bzq-82-80-249-159.dcenter.bezeqint.net - - [14/Oct/2017:12:09:00 +0200] "GET /var/m_0/0d/0dd/12455/6564702-G3_SKT2015_31.jpg HTTP/1.1" 200 94697
bzq-82-80-249-159.dcenter.bezeqint.net - - [14/Oct/2017:12:09:03 +0200] "GET /var/m_0/0d/0dd/12455/6564705-G3_SKT2015_34.jpg HTTP/1.1" 200 103141
bzq-82-80-249-159.dcenter.bezeqint.net - - [14/Oct/2017:12:09:03 +0200] "GET /var/m_0/0d/0dd/12455/6564704-G3_SKT2015_33.jpg HTTP/1.1" 200 100941
bzq-82-80-249-159.dcenter.bezeqint.net - - [14/Oct/2017:12:09:03 +0200] "GET /var/m_0/0d/0dd/12455/6564706-G3_SKT2015_35.jpg HTTP/1.1" 200 92136
bzq-82-80-249-159.dcenter.bezeqint.net - - [14/Oct/2017:12:09:03 +0200] "GET /var/m_0/0d/0dd/12455/6564703-G3_SKT2015_32.jpg HTTP/1.1" 200 112691
bzq-82-80-249-159.dcenter.bezeqint.net - - [14/Oct/2017:12:09:07 +0200] "GET /var/m_0/0d/0dd/12455/6564707-G3_SKT2015_36.jpg HTTP/1.1" 200 82600
bzq-82-80-249-159.dcenter.bezeqint.net - - [14/Oct/2017:12:09:09 +0200] "GET /var/m_0/0d/0dd/12455/6564709-G3_SKT2015_37.jpg HTTP/1.1" 200 89585
bzq-82-80-249-159.dcenter.bezeqint.net - - [14/Oct/2017:12:09:10 +0200] "GET /var/m_0/0d/0dd/12455/6564710-G3_SKT2015_38.jpg HTTP/1.1" 200 94469
bzq-82-80-249-159.dcenter.bezeqint.net - - [14/Oct/2017:12:09:12 +0200] "GET /var/m_0/0d/0dd/12455/6564711-G3_SKT2015_39.jpg HTTP/1.1" 200 101712
bzq-82-80-249-159.dcenter.bezeqint.net - - [14/Oct/2017:12:09:14 +0200] "GET /var/m_0/0d/0dd/12455/6564713-G3_SKT2015_41.jpg HTTP/1.1" 200 83472
bzq-82-80-249-159.dcenter.bezeqint.net - - [14/Oct/2017:12:09:14 +0200] "GET /var/m_0/0d/0dd/12455/6564712-G3_SKT2015_40.jpg HTTP/1.1" 200 86307
bzq-82-80-249-159.dcenter.bezeqint.net - - [14/Oct/2017:12:09:14 +0200] "GET /var/m_0/0d/0dd/12455/6564714-G3_SKT2015_42.jpg HTTP/1.1" 200 66693
bzq-82-80-249-159.dcenter.bezeqint.net - - [14/Oct/2017:12:09:15 +0200] "GET /var/m_0/0d/0dd/12455/6564716-G3_SKT2015_44.jpg HTTP/1.1" 200 99680
bzq-82-80-249-159.dcenter.bezeqint.net - - [14/Oct/2017:12:09:15 +0200] "GET /var/m_0/0d/0dd/12455/6564715-G3_SKT2015_43.jpg HTTP/1.1" 200 109913
bzq-82-80-249-159.dcenter.bezeqint.net - - [14/Oct/2017:12:09:16 +0200] "GET /var/m_0/0d/0dd/12455/6564717-G3_SKT2015_45.jpg HTTP/1.1" 200 137552
bzq-82-80-249-159.dcenter.bezeqint.net - - [14/Oct/2017:12:09:17 +0200] "GET /var/m_0/0d/0dd/12455/6564721-G3_SKT2015_48.jpg HTTP/1.1" 200 99100
bzq-82-80-249-159.dcenter.bezeqint.net - - [14/Oct/2017:12:09:17 +0200] "GET /var/m_0/0d/0dd/12455/6564718-G3_SKT2015_46.jpg HTTP/1.1" 200 106980
bzq-82-80-249-159.dcenter.bezeqint.net - - [14/Oct/2017:12:09:19 +0200] "GET /var/m_0/0d/0dd/12455/6564720-G3_SKT2015_47.jpg HTTP/1.1" 200 94941
bzq-82-80-249-159.dcenter.bezeqint.net - - [14/Oct/2017:12:09:21 +0200] "GET /var/m_0/0d/0dd/12455/6564722-G3_SKT2015_49.jpg HTTP/1.1" 200 93581
bzq-82-80-249-159.dcenter.bezeqint.net - - [14/Oct/2017:12:09:22 +0200] "GET /var/m_0/0d/0dd/12455/6564723-G3_SKT2015_50.jpg HTTP/1.1" 200 84898
bzq-82-80-249-159.dcenter.bezeqint.net - - [14/Oct/2017:12:09:23 +0200] "GET /var/m_0/0d/0dd/12455/6564725-G3_SKT2015_52.jpg HTTP/1.1" 200 139147
bzq-82-80-249-159.dcenter.bezeqint.net - - [14/Oct/2017:12:09:23 +0200] "GET /var/m_0/0d/0dd/12455/6564724-G3_SKT2015_51.jpg HTTP/1.1" 200 77336
bzq-82-80-249-159.dcenter.bezeqint.net - - [14/Oct/2017:12:09:23 +0200] "GET /var/m_0/0d/0dd/12455/6564726-G3_SKT2015_53.jpg HTTP/1.1" 200 119632
bzq-82-80-249-159.dcenter.bezeqint.net - - [14/Oct/2017:12:09:23 +0200] "GET /var/m_0/0d/0dd/12455/6564727-G3_SKT2015_54.jpg HTTP/1.1" 200 105601
bzq-82-80-249-159.dcenter.bezeqint.net - - [14/Oct/2017:12:09:26 +0200] "GET /var/m_0/0d/0dd/12455/6564729-G3_SKT2015_55.jpg HTTP/1.1" 200 88744
bzq-82-80-249-159.dcenter.bezeqint.net - - [14/Oct/2017:12:09:28 +0200] "GET /var/m_0/0d/0dd/12455/6564730-G3_SKT2015_56.jpg HTTP/1.1" 200 114637
bzq-82-80-249-159.dcenter.bezeqint.net - - [14/Oct/2017:12:09:32 +0200] "GET /var/m_0/0d/0dd/12455/6564731-G3_SKT2015_57.jpg HTTP/1.1" 200 84129
bzq-82-80-249-159.dcenter.bezeqint.net - - [14/Oct/2017:12:09:34 +0200] "GET /var/m_0/0d/0dd/12455/6564732-G3_SKT2015_58.jpg HTTP/1.1" 200 148843
bzq-82-80-249-159.dcenter.bezeqint.net - - [14/Oct/2017:12:09:36 +0200] "GET /var/m_0/0d/0dd/12455/6564735-G3_SKT2015_60.jpg HTTP/1.1" 200 102335
bzq-82-80-249-159.dcenter.bezeqint.net - - [14/Oct/2017:12:09:36 +0200] "GET /var/m_0/0d/0dd/12455/6564737-G3_SKT2015_61.jpg HTTP/1.1" 200 101297
bzq-82-80-249-159.dcenter.bezeqint.net - - [14/Oct/2017:12:09:36 +0200] "GET /var/m_0/0d/0dd/12455/6564734-G3_SKT2015_59.jpg HTTP/1.1" 200 117702
bzq-82-80-249-159.dcenter.bezeqint.net - - [14/Oct/2017:12:09:38 +0200] "GET /var/m_0/0d/0dd/12455/6564738-G3_SKT2015_62.jpg HTTP/1.1" 200 114801
bzq-82-80-249-159.dcenter.bezeqint.net - - [14/Oct/2017:12:09:40 +0200] "GET /var/m_0/0d/0dd/12455/6564740-G3_SKT2015_64.jpg HTTP/1.1" 200 66161
bzq-82-80-249-159.dcenter.bezeqint.net - - [14/Oct/2017:12:09:40 +0200] "GET /var/m_0/0d/0dd/12455/6564741-G3_SKT2015_65.jpg HTTP/1.1" 200 170374
bzq-82-80-249-159.dcenter.bezeqint.net - - [14/Oct/2017:12:09:40 +0200] "GET /var/m_0/0d/0dd/12455/6564742-G3_SKT2015_66.jpg HTTP/1.1" 200 93775
bzq-82-80-249-159.dcenter.bezeqint.net - - [14/Oct/2017:12:09:40 +0200] "GET /var/m_0/0d/0dd/12455/6564739-G3_SKT2015_63.jpg HTTP/1.1" 200 83403
bzq-82-80-249-159.dcenter.bezeqint.net - - [14/Oct/2017:12:09:45 +0200] "GET /var/m_0/0d/0dd/12455/6564743-G3_SKT2015_67.jpg HTTP/1.1" 200 99796
bzq-82-80-249-159.dcenter.bezeqint.net - - [14/Oct/2017:12:09:47 +0200] "GET /var/m_0/0d/0dd/12455/6564744-G3_SKT2015_68.jpg HTTP/1.1" 200 79155
bzq-82-80-249-159.dcenter.bezeqint.net - - [14/Oct/2017:12:09:48 +0200] "GET /var/m_0/0d/0dd/12455/7230905-G5_Matchracing_02.jpg HTTP/1.1" 200 68797
bzq-82-80-249-159.dcenter.bezeqint.net - - [14/Oct/2017:12:09:50 +0200] "GET /var/m_0/0d/0dd/12455/7230908-G5_Matchracing_05.jpg HTTP/1.1" 200 62194
bzq-82-80-249-159.dcenter.bezeqint.net - - [14/Oct/2017:12:09:50 +0200] "GET /var/m_0/0d/0dd/12455/7230906-G5_Matchracing_03.jpg HTTP/1.1" 200 69934
bzq-82-80-249-159.dcenter.bezeqint.net - - [14/Oct/2017:12:09:50 +0200] "GET /var/m_0/0d/0dd/12455/7230907-G5_Matchracing_04.jpg HTTP/1.1" 200 66183
bzq-82-80-249-159.dcenter.bezeqint.net - - [14/Oct/2017:12:09:51 +0200] "GET /var/m_0/0d/0dd/12455/7230909-G5_Matchracing_06.jpg HTTP/1.1" 200 60985
bzq-82-80-249-159.dcenter.bezeqint.net - - [14/Oct/2017:12:09:51 +0200] "GET /var/m_0/0d/0dd/12455/7230911-G5_Matchracing_08.jpg HTTP/1.1" 200 76548
bzq-82-80-249-159.dcenter.bezeqint.net - - [14/Oct/2017:12:09:51 +0200] "GET /galerie-sktrophy-2015.shtml HTTP/1.1" 200 5939
bzq-82-80-249-159.dcenter.bezeqint.net - - [14/Oct/2017:12:09:53 +0200] "GET /galerie-matchracing.shtml HTTP/1.1" 200 4859
bzq-82-80-249-159.dcenter.bezeqint.net - - [14/Oct/2017:12:09:57 +0200] "GET /galerie-gruppesmartkat.shtml HTTP/1.1" 200 4863
bzq-82-80-249-159.dcenter.bezeqint.net - - [14/Oct/2017:12:09:59 +0200] "GET /var/m_0/0d/0dd/12455/143506-G2_Optikurs2014_01.JPG HTTP/1.1" 200 142608
bzq-82-80-249-159.dcenter.bezeqint.net - - [14/Oct/2017:12:09:59 +0200] "GET /optikurse-2014.shtml HTTP/1.1" 200 4938
bzq-82-80-249-159.dcenter.bezeqint.net - - [14/Oct/2017:12:09:59 +0200] "GET /galerie-sktrophy-2014.shtml HTTP/1.1" 200 5044
bzq-82-80-249-159.dcenter.bezeqint.net - - [14/Oct/2017:12:10:00 +0200] "GET /var/m_0/0d/0dd/12455/143507-G2_Optikurs2014_02.JPG HTTP/1.1" 200 83258
bzq-82-80-249-159.dcenter.bezeqint.net - - [14/Oct/2017:12:10:03 +0200] "GET /var/m_0/0d/0dd/12455/143508-G2_Optikurs2014_03.JPG HTTP/1.1" 200 116444
bzq-82-80-249-159.dcenter.bezeqint.net - - [14/Oct/2017:12:10:04 +0200] "GET /var/m_0/0d/0dd/12455/143509-G2_Optikurs2014_04.JPG HTTP/1.1" 200 86562
bzq-82-80-249-159.dcenter.bezeqint.net - - [14/Oct/2017:12:10:04 +0200] "GET /var/m_0/0d/0dd/12455/143511-G2_Optikurs2014_06.JPG HTTP/1.1" 200 108393
bzq-82-80-249-159.dcenter.bezeqint.net - - [14/Oct/2017:12:10:06 +0200] "GET /var/m_0/0d/0dd/12455/143510-G2_Optikurs2014_05.jpg HTTP/1.1" 200 105692
bzq-82-80-249-159.dcenter.bezeqint.net - - [14/Oct/2017:12:10:06 +0200] "GET /var/m_0/0d/0dd/12455/143512-G2_Optikurs2014_07.jpg HTTP/1.1" 200 120979
bzq-82-80-249-159.dcenter.bezeqint.net - - [14/Oct/2017:12:10:06 +0200] "GET /var/m_0/0d/0dd/12455/143513-G2_Optikurs2014_08.jpg HTTP/1.1" 200 167068
bzq-82-80-249-159.dcenter.bezeqint.net - - [14/Oct/2017:12:10:07 +0200] "GET /var/m_0/0d/0dd/12455/143515-G2_Optikurs2014_10.jpg HTTP/1.1" 200 143970
bzq-82-80-249-159.dcenter.bezeqint.net - - [14/Oct/2017:12:10:07 +0200] "GET /var/m_0/0d/0dd/12455/143514-G2_Optikurs2014_09.jpg HTTP/1.1" 200 152348
bzq-82-80-249-159.dcenter.bezeqint.net - - [14/Oct/2017:12:10:08 +0200] "GET /var/m_0/0d/0dd/12455/143516-G2_Optikurs2014_11.jpg HTTP/1.1" 200 127495
bzq-82-80-249-159.dcenter.bezeqint.net - - [14/Oct/2017:12:10:09 +0200] "GET /var/m_0/0d/0dd/12455/143517-G2_Optikurs2014_12.JPG HTTP/1.1" 200 89201
bzq-82-80-249-159.dcenter.bezeqint.net - - [14/Oct/2017:12:10:11 +0200] "GET /var/m_0/0d/0dd/12455/143518-G2_Optikurs2014_13.JPG HTTP/1.1" 200 66371
bzq-82-80-249-159.dcenter.bezeqint.net - - [14/Oct/2017:12:10:13 +0200] "GET /var/m_0/0d/0dd/12455/143521-G2_Optikurs2014_16.JPG HTTP/1.1" 200 81526
bzq-82-80-249-159.dcenter.bezeqint.net - - [14/Oct/2017:12:10:13 +0200] "GET /var/m_0/0d/0dd/12455/143519-G2_Optikurs2014_14.JPG HTTP/1.1" 200 71703
bzq-82-80-249-159.dcenter.bezeqint.net - - [14/Oct/2017:12:10:13 +0200] "GET /var/m_0/0d/0dd/12455/143520-G2_Optikurs2014_15.JPG HTTP/1.1" 200 71469
bzq-82-80-249-159.dcenter.bezeqint.net - - [14/Oct/2017:12:10:14 +0200] "GET /var/m_0/0d/0dd/12455/143522-G2_Optikurs2014_17.JPG HTTP/1.1" 200 71952
bzq-82-80-249-159.dcenter.bezeqint.net - - [14/Oct/2017:12:10:16 +0200] "GET /var/m_0/0d/0dd/12455/143524-G2_Optikurs2014_18.JPG HTTP/1.1" 200 73497
bzq-82-80-249-159.dcenter.bezeqint.net - - [14/Oct/2017:12:10:18 +0200] "GET /var/m_0/0d/0dd/12455/143525-G2_Optikurs2014_19.JPG HTTP/1.1" 200 68664
bzq-82-80-249-159.dcenter.bezeqint.net - - [14/Oct/2017:12:10:18 +0200] "GET /var/m_0/0d/0dd/12455/7230933-G4_Event_SK_01.jpg HTTP/1.1" 200 65954
bzq-82-80-249-159.dcenter.bezeqint.net - - [14/Oct/2017:12:10:19 +0200] "GET /var/m_0/0d/0dd/12455/7230934-G4_Event_SK_02.jpg HTTP/1.1" 200 93553
bzq-82-80-249-159.dcenter.bezeqint.net - - [14/Oct/2017:12:10:20 +0200] "GET /var/m_0/0d/0dd/12455/7230935-G4_Event_SK_03.jpg HTTP/1.1" 200 109157
bzq-82-80-249-159.dcenter.bezeqint.net - - [14/Oct/2017:12:10:20 +0200] "GET /var/m_0/0d/0dd/12455/143477-G1_SKT2014_01.JPG HTTP/1.1" 200 94726
bzq-82-80-249-159.dcenter.bezeqint.net - - [14/Oct/2017:12:10:20 +0200] "GET /var/m_0/0d/0dd/12455/7230937-G4_Event_SK_05.jpg HTTP/1.1" 200 81682
bzq-82-80-249-159.dcenter.bezeqint.net - - [14/Oct/2017:12:10:21 +0200] "GET /var/m_0/0d/0dd/12455/143480-G1_SKT2014_04.JPG HTTP/1.1" 200 132118
bzq-82-80-249-159.dcenter.bezeqint.net - - [14/Oct/2017:12:10:21 +0200] "GET /var/m_0/0d/0dd/12455/143478-G1_SKT2014_02.JPG HTTP/1.1" 200 135948
bzq-82-80-249-159.dcenter.bezeqint.net - - [14/Oct/2017:12:10:21 +0200] "GET /var/m_0/0d/0dd/12455/143479-G1_SKT2014_03.JPG HTTP/1.1" 200 139406
bzq-82-80-249-159.dcenter.bezeqint.net - - [14/Oct/2017:12:10:22 +0200] "GET /var/m_0/0d/0dd/12455/143484-G1_SKT2014_08.JPG HTTP/1.1" 200 146571
bzq-82-80-249-159.dcenter.bezeqint.net - - [14/Oct/2017:12:10:22 +0200] "GET /var/m_0/0d/0dd/12455/143482-G1_SKT2014_06.JPG HTTP/1.1" 200 103935
bzq-82-80-249-159.dcenter.bezeqint.net - - [14/Oct/2017:12:10:22 +0200] "GET /var/m_0/0d/0dd/12455/143481-G1_SKT2014_05.JPG HTTP/1.1" 200 142942
bzq-82-80-249-159.dcenter.bezeqint.net - - [14/Oct/2017:12:10:23 +0200] "GET /var/m_0/0d/0dd/12455/143485-G1_SKT2014_09.JPG HTTP/1.1" 200 117355
bzq-82-80-249-159.dcenter.bezeqint.net - - [14/Oct/2017:12:10:23 +0200] "GET /var/m_0/0d/0dd/12455/143486-G1_SKT2014_10.JPG HTTP/1.1" 200 129005
bzq-82-80-249-159.dcenter.bezeqint.net - - [14/Oct/2017:12:10:23 +0200] "GET /var/m_0/0d/0dd/12455/143483-G1_SKT2014_07.JPG HTTP/1.1" 200 144574
bzq-82-80-249-159.dcenter.bezeqint.net - - [14/Oct/2017:12:10:23 +0200] "GET /var/m_0/0d/0dd/12455/143488-G1_SKT2014_11.JPG HTTP/1.1" 200 120429
bzq-82-80-249-159.dcenter.bezeqint.net - - [14/Oct/2017:12:10:24 +0200] "GET /var/m_0/0d/0dd/12455/143489-G1_SKT2014_12.JPG HTTP/1.1" 200 126542
bzq-82-80-249-159.dcenter.bezeqint.net - - [14/Oct/2017:12:10:24 +0200] "GET /var/m_0/0d/0dd/12455/143490-G1_SKT2014_13.JPG HTTP/1.1" 200 178072
bzq-82-80-249-159.dcenter.bezeqint.net - - [14/Oct/2017:12:10:25 +0200] "GET /var/m_0/0d/0dd/12455/143492-G1_SKT2014_14.JPG HTTP/1.1" 200 187728
bzq-82-80-249-159.dcenter.bezeqint.net - - [14/Oct/2017:12:10:25 +0200] "GET /var/m_0/0d/0dd/12455/143493-G1_SKT2014_15.JPG HTTP/1.1" 200 124326
bzq-82-80-249-159.dcenter.bezeqint.net - - [14/Oct/2017:12:10:25 +0200] "GET /var/m_0/0d/0dd/12455/143494-G1_SKT2014_16.JPG HTTP/1.1" 200 110813
bzq-82-80-249-159.dcenter.bezeqint.net - - [14/Oct/2017:12:10:25 +0200] "GET /var/m_0/0d/0dd/12455/143495-G1_SKT2014_17.JPG HTTP/1.1" 200 175692
bzq-82-80-249-159.dcenter.bezeqint.net - - [14/Oct/2017:12:10:27 +0200] "GET /var/m_0/0d/0dd/12455/143496-G1_SKT2014_18.JPG HTTP/1.1" 200 172278
bzq-82-80-249-159.dcenter.bezeqint.net - - [14/Oct/2017:12:10:30 +0200] "GET /var/m_0/0d/0dd/12455/143497-G1_SKT2014_19.JPG HTTP/1.1" 200 127422
bzq-82-80-249-159.dcenter.bezeqint.net - - [14/Oct/2017:12:10:31 +0200] "GET /var/m_0/0d/0dd/12455/143499-G1_SKT2014_21.JPG HTTP/1.1" 200 148511
bzq-82-80-249-159.dcenter.bezeqint.net - - [14/Oct/2017:12:10:31 +0200] "GET /var/m_0/0d/0dd/12455/143500-G1_SKT2014_22.JPG HTTP/1.1" 200 187772
bzq-82-80-249-159.dcenter.bezeqint.net - - [14/Oct/2017:12:10:31 +0200] "GET /var/m_0/0d/0dd/12455/143498-G1_SKT2014_20.JPG HTTP/1.1" 200 143640
bzq-82-80-249-159.dcenter.bezeqint.net - - [14/Oct/2017:12:10:34 +0200] "GET /var/m_0/0d/0dd/12455/143501-G1_SKT2014_23.JPG HTTP/1.1" 200 144811
bzq-82-80-249-159.dcenter.bezeqint.net - - [14/Oct/2017:12:10:38 +0200] "GET /var/m_0/0d/0dd/12455/143502-G1_SKT2014_24.JPG HTTP/1.1" 200 108909
bzq-82-80-249-159.dcenter.bezeqint.net - - [14/Oct/2017:12:10:41 +0200] "GET /var/m_0/0d/0dd/12455/143503-G1_SKT2014_25.JPG HTTP/1.1" 200 126118
bzq-82-80-249-159.dcenter.bezeqint.net - - [14/Oct/2017:12:10:42 +0200] "GET /var/m_0/0d/0dd/12455/143504-G1_SKT2014_26.JPG HTTP/1.1" 200 144091
bzq-82-80-249-159.dcenter.bezeqint.net - - [14/Oct/2017:12:10:43 +0200] "GET /var/m_0/0d/0dd/12455/143505-G1_SKT2014_27.JPG HTTP/1.1" 200 127521
bzq-82-80-249-159.dcenter.bezeqint.net - - [14/Oct/2017:12:10:44 +0200] "GET /standort.shtml HTTP/1.1" 200 4717
bzq-82-80-249-159.dcenter.bezeqint.net - - [14/Oct/2017:12:10:44 +0200] "GET /aktuelles-wetter.shtml HTTP/1.1" 200 4575
bzq-82-80-249-159.dcenter.bezeqint.net - - [14/Oct/2017:12:10:44 +0200] "GET /kursanmeldung.shtml HTTP/1.1" 200 10952
b118839.yse.yahoo.net - - [14/Oct/2017:12:10:45 +0200] "GET /kurse.shtml HTTP/1.1" 200 6280
bzq-82-80-249-159.dcenter.bezeqint.net - - [14/Oct/2017:12:10:44 +0200] "GET /davosersee.shtml HTTP/1.1" 200 5477
bzq-82-80-249-159.dcenter.bezeqint.net - - [14/Oct/2017:12:10:49 +0200] "GET /flotte.shtml HTTP/1.1" 200 6274
bzq-82-80-249-159.dcenter.bezeqint.net - - [14/Oct/2017:12:10:49 +0200] "GET /%C3%BCber-uns.shtml HTTP/1.1" 200 4740
bzq-82-80-249-159.dcenter.bezeqint.net - - [14/Oct/2017:12:10:50 +0200] "GET /js/fancybox2/jquery.fancybox.min.css?v=6.6.7.2.41064 HTTP/1.1" 200 1020
bzq-82-80-249-159.dcenter.bezeqint.net - - [14/Oct/2017:12:10:51 +0200] "GET /var/m_0/0d/0dd/12455/7230938-G4_Event_SK_06.jpg HTTP/1.1" 200 67404
bzq-82-80-249-159.dcenter.bezeqint.net - - [14/Oct/2017:12:10:53 +0200] "GET /var/m_0/0d/0dd/12455/125486-2_Sportkurs.JPG HTTP/1.1" 200 69000
bzq-82-80-249-159.dcenter.bezeqint.net - - [14/Oct/2017:12:10:55 +0200] "GET /var/m_0/0d/0dd/12455/7230936-G4_Event_SK_04.jpg HTTP/1.1" 200 87335
bzq-82-80-249-159.dcenter.bezeqint.net - - [14/Oct/2017:12:10:56 +0200] "GET /var/m_0/0d/0dd/12455/7230910-G5_Matchracing_07.jpg HTTP/1.1" 200 85482
bzq-82-80-249-159.dcenter.bezeqint.net - - [14/Oct/2017:12:10:56 +0200] "GET /var/m_0/0d/0dd/12455/7230904-G5_Matchracing_01.jpg HTTP/1.1" 200 64265
bzq-82-80-249-159.dcenter.bezeqint.net - - [14/Oct/2017:12:10:58 +0200] "GET /var/m_0/0d/0dd/12455/7230912-G5_Matchracing_09.jpg HTTP/1.1" 200 72435
bzq-82-80-249-159.dcenter.bezeqint.net - - [14/Oct/2017:12:11:00 +0200] "GET /var/m_0/0d/0dd/12455/7230981-37_Pedalo3.jpg HTTP/1.1" 200 76841
bzq-82-80-249-159.dcenter.bezeqint.net - - [14/Oct/2017:12:11:02 +0200] "GET /var/m_0/0d/0dd/12455/7230969-37_Pedalo2.jpg HTTP/1.1" 200 107785
bzq-82-80-249-159.dcenter.bezeqint.net - - [14/Oct/2017:12:11:03 +0200] "GET /var/m_0/0d/0dd/12455/6564666-G3_SKT2015_01.jpg HTTP/1.1" 200 160125
bzq-82-80-249-159.dcenter.bezeqint.net - - [14/Oct/2017:12:11:05 +0200] "GET /var/m_0/0d/0dd/12455/6564668-G3_SKT2015_02.jpg HTTP/1.1" 200 142536
bzq-82-80-249-159.dcenter.bezeqint.net - - [14/Oct/2017:12:11:07 +0200] "GET /var/m_0/0d/0dd/12455/6564669-G3_SKT2015_03.jpg HTTP/1.1" 200 114866
bzq-82-80-249-159.dcenter.bezeqint.net - - [14/Oct/2017:12:11:07 +0200] "GET /var/m_0/0d/0dd/12455/6564670-G3_SKT2015_04.jpg HTTP/1.1" 200 209464
bzq-82-80-249-159.dcenter.bezeqint.net - - [14/Oct/2017:12:11:10 +0200] "GET /var/m_0/0d/0dd/12455/6564672-G3_SKT2015_05.jpg HTTP/1.1" 200 207849
bzq-82-80-249-159.dcenter.bezeqint.net - - [14/Oct/2017:12:11:11 +0200] "GET /var/m_0/0d/0dd/12455/6564673-G3_SKT2015_06.jpg HTTP/1.1" 200 122324
bzq-82-80-249-159.dcenter.bezeqint.net - - [14/Oct/2017:12:11:11 +0200] "GET /var/m_0/0d/0dd/12455/6564675-G3_SKT2015_08.jpg HTTP/1.1" 200 111352
bzq-82-80-249-159.dcenter.bezeqint.net - - [14/Oct/2017:12:11:11 +0200] "GET /var/m_0/0d/0dd/12455/6564674-G3_SKT2015_07.jpg HTTP/1.1" 200 117236
bzq-82-80-249-159.dcenter.bezeqint.net - - [14/Oct/2017:12:11:11 +0200] "GET /var/m_0/0d/0dd/12455/6564676-G3_SKT2015_09.jpg HTTP/1.1" 200 150721
bzq-82-80-249-159.dcenter.bezeqint.net - - [14/Oct/2017:12:11:12 +0200] "GET /var/m_0/0d/0dd/12455/6564678-G3_SKT2015_10.jpg HTTP/1.1" 200 138460
bzq-82-80-249-159.dcenter.bezeqint.net - - [14/Oct/2017:12:11:15 +0200] "GET /var/m_0/0d/0dd/12455/6564679-G3_SKT2015_11.jpg HTTP/1.1" 200 96997
bzq-82-80-249-159.dcenter.bezeqint.net - - [14/Oct/2017:12:11:17 +0200] "GET /var/m_0/0d/0dd/12455/6564681-G3_SKT2015_12.jpg HTTP/1.1" 200 148086
bzq-82-80-249-159.dcenter.bezeqint.net - - [14/Oct/2017:12:11:19 +0200] "GET /var/m_0/0d/0dd/12455/6564682-G3_SKT2015_13.jpg HTTP/1.1" 200 204673
bzq-82-80-249-159.dcenter.bezeqint.net - - [14/Oct/2017:12:11:20 +0200] "GET /var/m_0/0d/0dd/12455/6564683-G3_SKT2015_14.jpg HTTP/1.1" 200 195006
bzq-82-80-249-159.dcenter.bezeqint.net - - [14/Oct/2017:12:11:21 +0200] "GET /var/m_0/0d/0dd/12455/6564685-G3_SKT2015_16.jpg HTTP/1.1" 200 129971
bzq-82-80-249-159.dcenter.bezeqint.net - - [14/Oct/2017:12:11:21 +0200] "GET /var/m_0/0d/0dd/12455/6564684-G3_SKT2015_15.jpg HTTP/1.1" 200 144651
bzq-82-80-249-159.dcenter.bezeqint.net - - [14/Oct/2017:12:11:24 +0200] "GET /var/m_0/0d/0dd/12455/6564686-G3_SKT2015_17.jpg HTTP/1.1" 200 130353
bzq-82-80-249-159.dcenter.bezeqint.net - - [14/Oct/2017:12:11:24 +0200] "GET /var/m_0/0d/0dd/12455/6564687-G3_SKT2015_18.jpg HTTP/1.1" 200 93275
bzq-82-80-249-159.dcenter.bezeqint.net - - [14/Oct/2017:12:11:24 +0200] "GET /var/m_0/0d/0dd/12455/6564688-G3_SKT2015_19.jpg HTTP/1.1" 200 123732
bzq-82-80-249-159.dcenter.bezeqint.net - - [14/Oct/2017:12:11:25 +0200] "GET /var/m_0/0d/0dd/12455/6564690-G3_SKT2015_20.jpg HTTP/1.1" 200 120599
bzq-82-80-249-159.dcenter.bezeqint.net - - [14/Oct/2017:12:11:27 +0200] "GET /var/m_0/0d/0dd/12455/6564692-G3_SKT2015_22.jpg HTTP/1.1" 200 137091
bzq-82-80-249-159.dcenter.bezeqint.net - - [14/Oct/2017:12:11:27 +0200] "GET /var/m_0/0d/0dd/12455/6564694-G3_SKT2015_24.jpg HTTP/1.1" 200 173621
bzq-82-80-249-159.dcenter.bezeqint.net - - [14/Oct/2017:12:11:27 +0200] "GET /var/m_0/0d/0dd/12455/6564693-G3_SKT2015_23.jpg HTTP/1.1" 200 129585
bzq-82-80-249-159.dcenter.bezeqint.net - - [14/Oct/2017:12:11:27 +0200] "GET /var/m_0/0d/0dd/12455/6564691-G3_SKT2015_21.jpg HTTP/1.1" 200 121870
bzq-82-80-249-159.dcenter.bezeqint.net - - [14/Oct/2017:12:11:28 +0200] "GET /var/m_0/0d/0dd/12455/6564699-G3_SKT2015_28.jpg HTTP/1.1" 200 120507
bzq-82-80-249-159.dcenter.bezeqint.net - - [14/Oct/2017:12:11:28 +0200] "GET /var/m_0/0d/0dd/12455/6564695-G3_SKT2015_25.jpg HTTP/1.1" 200 121143
bzq-82-80-249-159.dcenter.bezeqint.net - - [14/Oct/2017:12:11:28 +0200] "GET /var/m_0/0d/0dd/12455/6564696-G3_SKT2015_26.jpg HTTP/1.1" 200 113715
bzq-82-80-249-159.dcenter.bezeqint.net - - [14/Oct/2017:12:11:28 +0200] "GET /var/m_0/0d/0dd/12455/6564698-G3_SKT2015_27.jpg HTTP/1.1" 200 164698
bzq-82-80-249-159.dcenter.bezeqint.net - - [14/Oct/2017:12:11:30 +0200] "GET /var/m_0/0d/0dd/12455/6564700-G3_SKT2015_29.jpg HTTP/1.1" 200 84446
bzq-82-80-249-159.dcenter.bezeqint.net - - [14/Oct/2017:12:11:30 +0200] "GET /var/m_0/0d/0dd/12455/6564702-G3_SKT2015_31.jpg HTTP/1.1" 200 94697
bzq-82-80-249-159.dcenter.bezeqint.net - - [14/Oct/2017:12:11:30 +0200] "GET /var/m_0/0d/0dd/12455/6564703-G3_SKT2015_32.jpg HTTP/1.1" 200 112691
bzq-82-80-249-159.dcenter.bezeqint.net - - [14/Oct/2017:12:11:30 +0200] "GET /var/m_0/0d/0dd/12455/6564701-G3_SKT2015_30.jpg HTTP/1.1" 200 93984
bzq-82-80-249-159.dcenter.bezeqint.net - - [14/Oct/2017:12:11:31 +0200] "GET /var/m_0/0d/0dd/12455/6564705-G3_SKT2015_34.jpg HTTP/1.1" 200 103141
bzq-82-80-249-159.dcenter.bezeqint.net - - [14/Oct/2017:12:11:31 +0200] "GET /var/m_0/0d/0dd/12455/6564704-G3_SKT2015_33.jpg HTTP/1.1" 200 100941
bzq-82-80-249-159.dcenter.bezeqint.net - - [14/Oct/2017:12:11:32 +0200] "GET /var/m_0/0d/0dd/12455/6564706-G3_SKT2015_35.jpg HTTP/1.1" 200 92136
bzq-82-80-249-159.dcenter.bezeqint.net - - [14/Oct/2017:12:11:32 +0200] "GET /var/m_0/0d/0dd/12455/6564707-G3_SKT2015_36.jpg HTTP/1.1" 200 82600
bzq-82-80-249-159.dcenter.bezeqint.net - - [14/Oct/2017:12:11:32 +0200] "GET /var/m_0/0d/0dd/12455/6564709-G3_SKT2015_37.jpg HTTP/1.1" 200 89585
bzq-82-80-249-159.dcenter.bezeqint.net - - [14/Oct/2017:12:11:34 +0200] "GET /var/m_0/0d/0dd/12455/6564710-G3_SKT2015_38.jpg HTTP/1.1" 200 94469
bzq-82-80-249-159.dcenter.bezeqint.net - - [14/Oct/2017:12:11:37 +0200] "GET /var/m_0/0d/0dd/12455/6564711-G3_SKT2015_39.jpg HTTP/1.1" 200 101712
bzq-82-80-249-159.dcenter.bezeqint.net - - [14/Oct/2017:12:11:37 +0200] "GET /var/m_0/0d/0dd/12455/6564713-G3_SKT2015_41.jpg HTTP/1.1" 200 83472
bzq-82-80-249-159.dcenter.bezeqint.net - - [14/Oct/2017:12:11:37 +0200] "GET /var/m_0/0d/0dd/12455/6564714-G3_SKT2015_42.jpg HTTP/1.1" 200 66693
bzq-82-80-249-159.dcenter.bezeqint.net - - [14/Oct/2017:12:11:38 +0200] "GET /var/m_0/0d/0dd/12455/6564715-G3_SKT2015_43.jpg HTTP/1.1" 200 109913
bzq-82-80-249-159.dcenter.bezeqint.net - - [14/Oct/2017:12:11:38 +0200] "GET /var/m_0/0d/0dd/12455/6564712-G3_SKT2015_40.jpg HTTP/1.1" 200 86307
bzq-82-80-249-159.dcenter.bezeqint.net - - [14/Oct/2017:12:11:40 +0200] "GET /var/m_0/0d/0dd/12455/6564716-G3_SKT2015_44.jpg HTTP/1.1" 200 99680
bzq-82-80-249-159.dcenter.bezeqint.net - - [14/Oct/2017:12:11:41 +0200] "GET /var/m_0/0d/0dd/12455/6564717-G3_SKT2015_45.jpg HTTP/1.1" 200 137552
bzq-82-80-249-159.dcenter.bezeqint.net - - [14/Oct/2017:12:11:44 +0200] "GET /var/m_0/0d/0dd/12455/6564718-G3_SKT2015_46.jpg HTTP/1.1" 200 106980
bzq-82-80-249-159.dcenter.bezeqint.net - - [14/Oct/2017:12:11:45 +0200] "GET /var/m_0/0d/0dd/12455/6564720-G3_SKT2015_47.jpg HTTP/1.1" 200 94941
bzq-82-80-249-159.dcenter.bezeqint.net - - [14/Oct/2017:12:11:47 +0200] "GET /var/m_0/0d/0dd/12455/6564721-G3_SKT2015_48.jpg HTTP/1.1" 200 99100
bzq-82-80-249-159.dcenter.bezeqint.net - - [14/Oct/2017:12:11:49 +0200] "GET /var/m_0/0d/0dd/12455/6564722-G3_SKT2015_49.jpg HTTP/1.1" 200 93581
bzq-82-80-249-159.dcenter.bezeqint.net - - [14/Oct/2017:12:11:51 +0200] "GET /var/m_0/0d/0dd/12455/6564723-G3_SKT2015_50.jpg HTTP/1.1" 200 84898
bzq-82-80-249-159.dcenter.bezeqint.net - - [14/Oct/2017:12:11:52 +0200] "GET /var/m_0/0d/0dd/12455/6564724-G3_SKT2015_51.jpg HTTP/1.1" 200 77336
bzq-82-80-249-159.dcenter.bezeqint.net - - [14/Oct/2017:12:11:52 +0200] "GET /var/m_0/0d/0dd/12455/6564727-G3_SKT2015_54.jpg HTTP/1.1" 200 105601
bzq-82-80-249-159.dcenter.bezeqint.net - - [14/Oct/2017:12:11:52 +0200] "GET /var/m_0/0d/0dd/12455/6564726-G3_SKT2015_53.jpg HTTP/1.1" 200 119632
bzq-82-80-249-159.dcenter.bezeqint.net - - [14/Oct/2017:12:11:52 +0200] "GET /var/m_0/0d/0dd/12455/6564725-G3_SKT2015_52.jpg HTTP/1.1" 200 139147
bzq-82-80-249-159.dcenter.bezeqint.net - - [14/Oct/2017:12:11:55 +0200] "GET /var/m_0/0d/0dd/12455/6564729-G3_SKT2015_55.jpg HTTP/1.1" 200 88744
bzq-82-80-249-159.dcenter.bezeqint.net - - [14/Oct/2017:12:11:56 +0200] "GET /var/m_0/0d/0dd/12455/6564731-G3_SKT2015_57.jpg HTTP/1.1" 200 84129
bzq-82-80-249-159.dcenter.bezeqint.net - - [14/Oct/2017:12:11:56 +0200] "GET /var/m_0/0d/0dd/12455/6564730-G3_SKT2015_56.jpg HTTP/1.1" 200 114637
bzq-82-80-249-159.dcenter.bezeqint.net - - [14/Oct/2017:12:11:57 +0200] "GET /var/m_0/0d/0dd/12455/6564732-G3_SKT2015_58.jpg HTTP/1.1" 200 148843
bzq-82-80-249-159.dcenter.bezeqint.net - - [14/Oct/2017:12:11:57 +0200] "GET /var/m_0/0d/0dd/12455/6564734-G3_SKT2015_59.jpg HTTP/1.1" 200 117702
bzq-82-80-249-159.dcenter.bezeqint.net - - [14/Oct/2017:12:11:57 +0200] "GET /var/m_0/0d/0dd/12455/6564737-G3_SKT2015_61.jpg HTTP/1.1" 200 101297
bzq-82-80-249-159.dcenter.bezeqint.net - - [14/Oct/2017:12:11:57 +0200] "GET /var/m_0/0d/0dd/12455/6564735-G3_SKT2015_60.jpg HTTP/1.1" 200 102335
bzq-82-80-249-159.dcenter.bezeqint.net - - [14/Oct/2017:12:11:58 +0200] "GET /var/m_0/0d/0dd/12455/6564738-G3_SKT2015_62.jpg HTTP/1.1" 200 114801
bzq-82-80-249-159.dcenter.bezeqint.net - - [14/Oct/2017:12:12:01 +0200] "GET /var/m_0/0d/0dd/12455/6564739-G3_SKT2015_63.jpg HTTP/1.1" 200 83403
bzq-82-80-249-159.dcenter.bezeqint.net - - [14/Oct/2017:12:12:02 +0200] "GET /var/m_0/0d/0dd/12455/6564740-G3_SKT2015_64.jpg HTTP/1.1" 200 66161
bzq-82-80-249-159.dcenter.bezeqint.net - - [14/Oct/2017:12:12:02 +0200] "GET /var/m_0/0d/0dd/12455/6564741-G3_SKT2015_65.jpg HTTP/1.1" 200 170374
bzq-82-80-249-159.dcenter.bezeqint.net - - [14/Oct/2017:12:12:02 +0200] "GET /var/m_0/0d/0dd/12455/6564742-G3_SKT2015_66.jpg HTTP/1.1" 200 93775
bzq-82-80-249-159.dcenter.bezeqint.net - - [14/Oct/2017:12:12:02 +0200] "GET /var/m_0/0d/0dd/12455/6564743-G3_SKT2015_67.jpg HTTP/1.1" 200 99796
bzq-82-80-249-159.dcenter.bezeqint.net - - [14/Oct/2017:12:12:06 +0200] "GET /var/m_0/0d/0dd/12455/7230906-G5_Matchracing_03.jpg HTTP/1.1" 200 69934
bzq-82-80-249-159.dcenter.bezeqint.net - - [14/Oct/2017:12:12:06 +0200] "GET /var/m_0/0d/0dd/12455/7230907-G5_Matchracing_04.jpg HTTP/1.1" 200 66183
bzq-82-80-249-159.dcenter.bezeqint.net - - [14/Oct/2017:12:12:06 +0200] "GET /var/m_0/0d/0dd/12455/7230905-G5_Matchracing_02.jpg HTTP/1.1" 200 68797
bzq-82-80-249-159.dcenter.bezeqint.net - - [14/Oct/2017:12:12:06 +0200] "GET /var/m_0/0d/0dd/12455/6564744-G3_SKT2015_68.jpg HTTP/1.1" 200 79155
bzq-82-80-249-159.dcenter.bezeqint.net - - [14/Oct/2017:12:12:07 +0200] "GET /var/m_0/0d/0dd/12455/7230908-G5_Matchracing_05.jpg HTTP/1.1" 200 62194
bzq-82-80-249-159.dcenter.bezeqint.net - - [14/Oct/2017:12:12:08 +0200] "GET /var/m_0/0d/0dd/12455/7230933-G4_Event_SK_01.jpg HTTP/1.1" 200 65954
bzq-82-80-249-159.dcenter.bezeqint.net - - [14/Oct/2017:12:12:08 +0200] "GET /var/m_0/0d/0dd/12455/7230909-G5_Matchracing_06.jpg HTTP/1.1" 200 60985
bzq-82-80-249-159.dcenter.bezeqint.net - - [14/Oct/2017:12:12:08 +0200] "GET /var/m_0/0d/0dd/12455/7230911-G5_Matchracing_08.jpg HTTP/1.1" 200 76548
bzq-82-80-249-159.dcenter.bezeqint.net - - [14/Oct/2017:12:12:08 +0200] "GET /var/m_0/0d/0dd/12455/7230934-G4_Event_SK_02.jpg HTTP/1.1" 200 93553
bzq-82-80-249-159.dcenter.bezeqint.net - - [14/Oct/2017:12:12:09 +0200] "GET /var/m_0/0d/0dd/12455/7230937-G4_Event_SK_05.jpg HTTP/1.1" 200 81682
bzq-82-80-249-159.dcenter.bezeqint.net - - [14/Oct/2017:12:12:09 +0200] "GET /var/m_0/0d/0dd/12455/7230935-G4_Event_SK_03.jpg HTTP/1.1" 200 109157
bzq-82-80-249-159.dcenter.bezeqint.net - - [14/Oct/2017:12:12:11 +0200] "GET /var/m_0/0d/0dd/12455/143506-G2_Optikurs2014_01.JPG HTTP/1.1" 200 142608
bzq-82-80-249-159.dcenter.bezeqint.net - - [14/Oct/2017:12:12:13 +0200] "GET /var/m_0/0d/0dd/12455/143507-G2_Optikurs2014_02.JPG HTTP/1.1" 200 83258
bzq-82-80-249-159.dcenter.bezeqint.net - - [14/Oct/2017:12:12:15 +0200] "GET /var/m_0/0d/0dd/12455/143510-G2_Optikurs2014_05.jpg HTTP/1.1" 200 105692
bzq-82-80-249-159.dcenter.bezeqint.net - - [14/Oct/2017:12:12:15 +0200] "GET /var/m_0/0d/0dd/12455/143511-G2_Optikurs2014_06.JPG HTTP/1.1" 200 108393
bzq-82-80-249-159.dcenter.bezeqint.net - - [14/Oct/2017:12:12:15 +0200] "GET /var/m_0/0d/0dd/12455/143509-G2_Optikurs2014_04.JPG HTTP/1.1" 200 86562
bzq-82-80-249-159.dcenter.bezeqint.net - - [14/Oct/2017:12:12:15 +0200] "GET /var/m_0/0d/0dd/12455/143512-G2_Optikurs2014_07.jpg HTTP/1.1" 200 120979
bzq-82-80-249-159.dcenter.bezeqint.net - - [14/Oct/2017:12:12:15 +0200] "GET /var/m_0/0d/0dd/12455/143508-G2_Optikurs2014_03.JPG HTTP/1.1" 200 116444
bzq-82-80-249-159.dcenter.bezeqint.net - - [14/Oct/2017:12:12:16 +0200] "GET /var/m_0/0d/0dd/12455/143513-G2_Optikurs2014_08.jpg HTTP/1.1" 200 167068
bzq-82-80-249-159.dcenter.bezeqint.net - - [14/Oct/2017:12:12:16 +0200] "GET /var/m_0/0d/0dd/12455/143514-G2_Optikurs2014_09.jpg HTTP/1.1" 200 152348
bzq-82-80-249-159.dcenter.bezeqint.net - - [14/Oct/2017:12:12:17 +0200] "GET /var/m_0/0d/0dd/12455/143520-G2_Optikurs2014_15.JPG HTTP/1.1" 200 71469
bzq-82-80-249-159.dcenter.bezeqint.net - - [14/Oct/2017:12:12:17 +0200] "GET /var/m_0/0d/0dd/12455/143515-G2_Optikurs2014_10.jpg HTTP/1.1" 200 143970
bzq-82-80-249-159.dcenter.bezeqint.net - - [14/Oct/2017:12:12:17 +0200] "GET /var/m_0/0d/0dd/12455/143521-G2_Optikurs2014_16.JPG HTTP/1.1" 200 81526
bzq-82-80-249-159.dcenter.bezeqint.net - - [14/Oct/2017:12:12:17 +0200] "GET /var/m_0/0d/0dd/12455/143516-G2_Optikurs2014_11.jpg HTTP/1.1" 200 127495
bzq-82-80-249-159.dcenter.bezeqint.net - - [14/Oct/2017:12:12:17 +0200] "GET /var/m_0/0d/0dd/12455/143517-G2_Optikurs2014_12.JPG HTTP/1.1" 200 89201
bzq-82-80-249-159.dcenter.bezeqint.net - - [14/Oct/2017:12:12:17 +0200] "GET /var/m_0/0d/0dd/12455/143518-G2_Optikurs2014_13.JPG HTTP/1.1" 200 66371
bzq-82-80-249-159.dcenter.bezeqint.net - - [14/Oct/2017:12:12:18 +0200] "GET /var/m_0/0d/0dd/12455/143524-G2_Optikurs2014_18.JPG HTTP/1.1" 200 73497
bzq-82-80-249-159.dcenter.bezeqint.net - - [14/Oct/2017:12:12:18 +0200] "GET /var/m_0/0d/0dd/12455/143519-G2_Optikurs2014_14.JPG HTTP/1.1" 200 71703
bzq-82-80-249-159.dcenter.bezeqint.net - - [14/Oct/2017:12:12:18 +0200] "GET /var/m_0/0d/0dd/12455/143522-G2_Optikurs2014_17.JPG HTTP/1.1" 200 71952
bzq-82-80-249-159.dcenter.bezeqint.net - - [14/Oct/2017:12:12:18 +0200] "GET /var/m_0/0d/0dd/12455/143525-G2_Optikurs2014_19.JPG HTTP/1.1" 200 68664
bzq-82-80-249-159.dcenter.bezeqint.net - - [14/Oct/2017:12:12:18 +0200] "GET /var/m_0/0d/0dd/12455/143477-G1_SKT2014_01.JPG HTTP/1.1" 200 94726
bzq-82-80-249-159.dcenter.bezeqint.net - - [14/Oct/2017:12:12:20 +0200] "GET /var/m_0/0d/0dd/12455/143481-G1_SKT2014_05.JPG HTTP/1.1" 200 142942
bzq-82-80-249-159.dcenter.bezeqint.net - - [14/Oct/2017:12:12:20 +0200] "GET /var/m_0/0d/0dd/12455/143479-G1_SKT2014_03.JPG HTTP/1.1" 200 139406
bzq-82-80-249-159.dcenter.bezeqint.net - - [14/Oct/2017:12:12:20 +0200] "GET /var/m_0/0d/0dd/12455/143480-G1_SKT2014_04.JPG HTTP/1.1" 200 132118
bzq-82-80-249-159.dcenter.bezeqint.net - - [14/Oct/2017:12:12:20 +0200] "GET /var/m_0/0d/0dd/12455/143478-G1_SKT2014_02.JPG HTTP/1.1" 200 135948
bzq-82-80-249-159.dcenter.bezeqint.net - - [14/Oct/2017:12:12:22 +0200] "GET /var/m_0/0d/0dd/12455/143482-G1_SKT2014_06.JPG HTTP/1.1" 200 103935
bzq-82-80-249-159.dcenter.bezeqint.net - - [14/Oct/2017:12:12:25 +0200] "GET /var/m_0/0d/0dd/12455/143483-G1_SKT2014_07.JPG HTTP/1.1" 200 144574
bzq-82-80-249-159.dcenter.bezeqint.net - - [14/Oct/2017:12:12:27 +0200] "GET /var/m_0/0d/0dd/12455/143484-G1_SKT2014_08.JPG HTTP/1.1" 200 146571
bzq-82-80-249-159.dcenter.bezeqint.net - - [14/Oct/2017:12:12:27 +0200] "GET /var/m_0/0d/0dd/12455/143488-G1_SKT2014_11.JPG HTTP/1.1" 200 120429
bzq-82-80-249-159.dcenter.bezeqint.net - - [14/Oct/2017:12:12:27 +0200] "GET /var/m_0/0d/0dd/12455/143485-G1_SKT2014_09.JPG HTTP/1.1" 200 117355
bzq-82-80-249-159.dcenter.bezeqint.net - - [14/Oct/2017:12:12:27 +0200] "GET /var/m_0/0d/0dd/12455/143486-G1_SKT2014_10.JPG HTTP/1.1" 200 129005
bzq-82-80-249-159.dcenter.bezeqint.net - - [14/Oct/2017:12:12:30 +0200] "GET /var/m_0/0d/0dd/12455/143489-G1_SKT2014_12.JPG HTTP/1.1" 200 126542
bzq-82-80-249-159.dcenter.bezeqint.net - - [14/Oct/2017:12:12:32 +0200] "GET /var/m_0/0d/0dd/12455/143490-G1_SKT2014_13.JPG HTTP/1.1" 200 178072
bzq-82-80-249-159.dcenter.bezeqint.net - - [14/Oct/2017:12:12:32 +0200] "GET /var/m_0/0d/0dd/12455/143496-G1_SKT2014_18.JPG HTTP/1.1" 200 172278
bzq-82-80-249-159.dcenter.bezeqint.net - - [14/Oct/2017:12:12:32 +0200] "GET /var/m_0/0d/0dd/12455/143492-G1_SKT2014_14.JPG HTTP/1.1" 200 187728
bzq-82-80-249-159.dcenter.bezeqint.net - - [14/Oct/2017:12:12:32 +0200] "GET /var/m_0/0d/0dd/12455/143493-G1_SKT2014_15.JPG HTTP/1.1" 200 124326
bzq-82-80-249-159.dcenter.bezeqint.net - - [14/Oct/2017:12:12:33 +0200] "GET /var/m_0/0d/0dd/12455/143495-G1_SKT2014_17.JPG HTTP/1.1" 200 175692
bzq-82-80-249-159.dcenter.bezeqint.net - - [14/Oct/2017:12:12:33 +0200] "GET /var/m_0/0d/0dd/12455/143494-G1_SKT2014_16.JPG HTTP/1.1" 200 110813
bzq-82-80-249-159.dcenter.bezeqint.net - - [14/Oct/2017:12:12:35 +0200] "GET /var/m_0/0d/0dd/12455/143497-G1_SKT2014_19.JPG HTTP/1.1" 200 127422
bzq-82-80-249-159.dcenter.bezeqint.net - - [14/Oct/2017:12:12:37 +0200] "GET /var/m_0/0d/0dd/12455/143498-G1_SKT2014_20.JPG HTTP/1.1" 200 143640
bzq-82-80-249-159.dcenter.bezeqint.net - - [14/Oct/2017:12:12:38 +0200] "GET /var/m_0/0d/0dd/12455/143499-G1_SKT2014_21.JPG HTTP/1.1" 200 148511
bzq-82-80-249-159.dcenter.bezeqint.net - - [14/Oct/2017:12:12:39 +0200] "GET /var/m_0/0d/0dd/12455/143500-G1_SKT2014_22.JPG HTTP/1.1" 200 187772
bzq-82-80-249-159.dcenter.bezeqint.net - - [14/Oct/2017:12:12:39 +0200] "GET /var/m_0/0d/0dd/12455/143502-G1_SKT2014_24.JPG HTTP/1.1" 200 108909
bzq-82-80-249-159.dcenter.bezeqint.net - - [14/Oct/2017:12:12:39 +0200] "GET /var/m_0/0d/0dd/12455/143501-G1_SKT2014_23.JPG HTTP/1.1" 200 144811
bzq-82-80-249-159.dcenter.bezeqint.net - - [14/Oct/2017:12:12:39 +0200] "GET /var/m_0/0d/0dd/12455/143503-G1_SKT2014_25.JPG HTTP/1.1" 200 126118
bzq-82-80-249-159.dcenter.bezeqint.net - - [14/Oct/2017:12:12:39 +0200] "GET /var/m_0/0d/0dd/12455/143504-G1_SKT2014_26.JPG HTTP/1.1" 200 144091
bzq-82-80-249-159.dcenter.bezeqint.net - - [14/Oct/2017:12:12:40 +0200] "GET /var/m_0/0d/0dd/12455/143505-G1_SKT2014_27.JPG HTTP/1.1" 200 127521
la.aminserve.com - - [14/Oct/2017:12:12:46 +0200] "GET / HTTP/1.1" 200 35804
la.aminserve.com - - [14/Oct/2017:12:12:47 +0200] "GET /%C3%BCber-uns.shtml HTTP/1.1" 200 21862
la.aminserve.com - - [14/Oct/2017:12:12:48 +0200] "GET /aktuelles-wetter.shtml HTTP/1.1" 200 18388
la.aminserve.com - - [14/Oct/2017:12:12:49 +0200] "GET /event-matchracing.shtml HTTP/1.1" 200 21251
la.aminserve.com - - [14/Oct/2017:12:12:49 +0200] "GET /event-gruppesmartkat.shtml HTTP/1.1" 200 21256
la.aminserve.com - - [14/Oct/2017:12:12:48 +0200] "GET /davosersee.shtml HTTP/1.1" 200 19505
la.aminserve.com - - [14/Oct/2017:12:12:50 +0200] "GET /events.shtml HTTP/1.1" 200 22514
la.aminserve.com - - [14/Oct/2017:12:12:50 +0200] "GET /event-pedalo.shtml HTTP/1.1" 200 20248
la.aminserve.com - - [14/Oct/2017:12:12:50 +0200] "GET /flotte.shtml HTTP/1.1" 200 29241
la.aminserve.com - - [14/Oct/2017:12:12:50 +0200] "GET /galerie-gruppesmartkat.shtml HTTP/1.1" 200 20574
la.aminserve.com - - [14/Oct/2017:12:12:51 +0200] "GET /galerie-matchracing.shtml HTTP/1.1" 200 21704
la.aminserve.com - - [14/Oct/2017:12:12:51 +0200] "GET /galerie-sktrophy-2014.shtml HTTP/1.1" 200 29913
la.aminserve.com - - [14/Oct/2017:12:12:51 +0200] "GET /galerie.shtml HTTP/1.1" 200 22747
la.aminserve.com - - [14/Oct/2017:12:12:51 +0200] "GET /galerie-sktrophy-2015.shtml HTTP/1.1" 200 49420
la.aminserve.com - - [14/Oct/2017:12:12:52 +0200] "GET /kurse.shtml HTTP/1.1" 200 31031
la.aminserve.com - - [14/Oct/2017:12:12:52 +0200] "GET /kinder-segelkurs.shtml HTTP/1.1" 200 19898
la.aminserve.com - - [14/Oct/2017:12:12:52 +0200] "GET /kursanmeldung.shtml HTTP/1.1" 200 49926
la.aminserve.com - - [14/Oct/2017:12:12:52 +0200] "GET /optikurse-2014.shtml HTTP/1.1" 200 26353
bzq-82-80-230-228.cablep.bezeqint.net - - [14/Oct/2017:12:12:52 +0200] "GET /gfx/dpcReviews/ok.png HTTP/1.1" 200 2952
la.aminserve.com - - [14/Oct/2017:12:12:53 +0200] "GET /segel-grundkurs.shtml HTTP/1.1" 200 21440
bzq-82-80-230-228.cablep.bezeqint.net - - [14/Oct/2017:12:12:52 +0200] "GET /gfx/paymentMethods/payment-icons.png HTTP/1.1" 200 67794
la.aminserve.com - - [14/Oct/2017:12:12:53 +0200] "GET /smartkat-crashkurs.shtml HTTP/1.1" 200 17863
la.aminserve.com - - [14/Oct/2017:12:12:53 +0200] "GET /segelkurs-jollesmartkat.shtml HTTP/1.1" 200 19993
la.aminserve.com - - [14/Oct/2017:12:12:53 +0200] "GET /pruefungskurs.shtml HTTP/1.1" 200 23039
la.aminserve.com - - [14/Oct/2017:12:12:54 +0200] "GET /js/functions_stripped.js?v=6.6.7.2.41064 HTTP/1.1" 200 7672
bzq-82-80-230-228.cablep.bezeqint.net - - [14/Oct/2017:12:12:54 +0200] "GET /var/m_0/0d/0dd/12455/143489-G1_SKT2014_12.JPG HTTP/1.1" 200 126542
la.aminserve.com - - [14/Oct/2017:12:12:54 +0200] "GET /vermietung.shtml HTTP/1.1" 200 25728
la.aminserve.com - - [14/Oct/2017:12:12:54 +0200] "GET /standort.shtml HTTP/1.1" 200 17547
la.aminserve.com - - [14/Oct/2017:12:12:55 +0200] "GET /js/jquery.lazyload.min.js?v=6.6.7.2.41064 HTTP/1.1" 200 3342
la.aminserve.com - - [14/Oct/2017:12:12:55 +0200] "GET /Perspectiva.html? HTTP/1.1" 200 18069
bzq-82-80-230-228.cablep.bezeqint.net - - [14/Oct/2017:12:12:55 +0200] "GET /var/m_0/0d/0dd/12455/6564695-G3_SKT2015_25.jpg HTTP/1.1" 200 121143
la.aminserve.com - - [14/Oct/2017:12:12:56 +0200] "GET /event-gruppesmartkat HTTP/1.1" 200 21256
la.aminserve.com - - [14/Oct/2017:12:12:56 +0200] "GET /aktuelles-wetter HTTP/1.1" 200 18388
bzq-82-80-230-228.cablep.bezeqint.net - - [14/Oct/2017:12:12:56 +0200] "GET /var/m_0/0d/0dd/12455/143477-G1_SKT2014_01.JPG HTTP/1.1" 200 94726
la.aminserve.com - - [14/Oct/2017:12:12:56 +0200] "GET /davosersee HTTP/1.1" 200 19505
la.aminserve.com - - [14/Oct/2017:12:12:57 +0200] "GET /event-matchracing HTTP/1.1" 200 21251
la.aminserve.com - - [14/Oct/2017:12:12:57 +0200] "GET /event-pedalo HTTP/1.1" 200 20248
bzq-82-80-230-228.cablep.bezeqint.net - - [14/Oct/2017:12:12:57 +0200] "GET /var/m_0/0d/0dd/12455/6564692-G3_SKT2015_22.jpg HTTP/1.1" 200 137091
bzq-82-80-230-228.cablep.bezeqint.net - - [14/Oct/2017:12:12:57 +0200] "GET /var/m_0/0d/0dd/12455/143494-G1_SKT2014_16.JPG HTTP/1.1" 200 110813
la.aminserve.com - - [14/Oct/2017:12:12:57 +0200] "GET /events HTTP/1.1" 200 22514
la.aminserve.com - - [14/Oct/2017:12:12:58 +0200] "GET /galerie-sktrophy-2014 HTTP/1.1" 200 29913
la.aminserve.com - - [14/Oct/2017:12:12:58 +0200] "GET /galerie-matchracing HTTP/1.1" 200 21704
bzq-82-80-249-164.dcenter.bezeqint.net - - [14/Oct/2017:12:12:58 +0200] "GET /var/m_0/0d/0dd/12455/6564731-G3_SKT2015_57.jpg HTTP/1.1" 200 84129
la.aminserve.com - - [14/Oct/2017:12:12:58 +0200] "GET /flotte HTTP/1.1" 200 29385
la.aminserve.com - - [14/Oct/2017:12:12:58 +0200] "GET /galerie-gruppesmartkat HTTP/1.1" 200 20574
la.aminserve.com - - [14/Oct/2017:12:12:59 +0200] "GET /galerie-sktrophy-2015 HTTP/1.1" 200 49420
bzq-82-80-230-228.cablep.bezeqint.net - - [14/Oct/2017:12:12:58 +0200] "GET /gfx/click2sms/send_to_phone.png HTTP/1.1" 200 3169
la.aminserve.com - - [14/Oct/2017:12:12:59 +0200] "GET /galerie HTTP/1.1" 200 22747
la.aminserve.com - - [14/Oct/2017:12:12:59 +0200] "GET /kinder-segelkurs HTTP/1.1" 200 19898
la.aminserve.com - - [14/Oct/2017:12:13:00 +0200] "GET /kurse HTTP/1.1" 200 31031
la.aminserve.com - - [14/Oct/2017:12:13:01 +0200] "GET /optikurse-2014 HTTP/1.1" 200 26353
la.aminserve.com - - [14/Oct/2017:12:13:01 +0200] "GET /pruefungskurs HTTP/1.1" 200 23039
bzq-82-80-230-228.cablep.bezeqint.net - - [14/Oct/2017:12:13:01 +0200] "GET /var/m_0/0d/0dd/12455/143525-G2_Optikurs2014_19.JPG HTTP/1.1" 200 68664
bzq-82-80-230-228.cablep.bezeqint.net - - [14/Oct/2017:12:13:02 +0200] "GET /var/m_0/0d/0dd/12455/6564729-G3_SKT2015_55.jpg HTTP/1.1" 200 88744
bzq-82-80-230-228.cablep.bezeqint.net - - [14/Oct/2017:12:13:03 +0200] "GET /var/m_0/0d/0dd/12455/143521-G2_Optikurs2014_16.JPG HTTP/1.1" 200 81526
bzq-82-80-249-143.dcenter.bezeqint.net - - [14/Oct/2017:12:13:05 +0200] "GET /var/m_0/0d/0dd/12455/6564681-G3_SKT2015_12.jpg HTTP/1.1" 200 148086
bzq-82-80-230-228.cablep.bezeqint.net - - [14/Oct/2017:12:13:07 +0200] "GET /gfx/dpcReviews/okbut.png HTTP/1.1" 200 1340
bzq-82-80-230-228.cablep.bezeqint.net - - [14/Oct/2017:12:13:07 +0200] "GET /gfx/guestbook/close.png HTTP/1.1" 200 3102
bzq-82-80-230-228.cablep.bezeqint.net - - [14/Oct/2017:12:13:06 +0200] "GET /gfx/click2sms/x.png HTTP/1.1" 200 4590
bzq-82-80-230-228.cablep.bezeqint.net - - [14/Oct/2017:12:13:09 +0200] "GET /gfx/galleryCarousel/light_views.png HTTP/1.1" 200 1020
bzq-82-80-230-228.cablep.bezeqint.net - - [14/Oct/2017:12:13:09 +0200] "GET /var/m_0/0d/0dd/12455/6564744-G3_SKT2015_68.jpg HTTP/1.1" 200 79155
bzq-82-80-230-228.cablep.bezeqint.net - - [14/Oct/2017:12:13:09 +0200] "GET /var/m_0/0d/0dd/12455/6564718-G3_SKT2015_46.jpg HTTP/1.1" 200 106980
bzq-82-80-230-228.cablep.bezeqint.net - - [14/Oct/2017:12:13:09 +0200] "GET /gfx/guestbook/guestbook_icon_form.png HTTP/1.1" 200 3073
bzq-82-80-230-228.cablep.bezeqint.net - - [14/Oct/2017:12:13:11 +0200] "GET /var/m_0/0d/0dd/12455/143501-G1_SKT2014_23.JPG HTTP/1.1" 200 144811
bzq-82-80-230-228.cablep.bezeqint.net - - [14/Oct/2017:12:13:12 +0200] "GET /var/m_0/0d/0dd/12455/6564710-G3_SKT2015_38.jpg HTTP/1.1" 200 94469
bzq-82-80-230-228.cablep.bezeqint.net - - [14/Oct/2017:12:13:13 +0200] "GET /var/m_0/0d/0dd/12455/143520-G2_Optikurs2014_15.JPG HTTP/1.1" 200 71469
bzq-82-80-230-228.cablep.bezeqint.net - - [14/Oct/2017:12:13:13 +0200] "GET /gfx/click2sms/sms-headline-BG.png HTTP/1.1" 200 2837
bzq-82-80-230-228.cablep.bezeqint.net - - [14/Oct/2017:12:13:14 +0200] "GET /var/m_0/0d/0dd/12455/6564693-G3_SKT2015_23.jpg HTTP/1.1" 200 129585
bzq-82-80-230-228.cablep.bezeqint.net - - [14/Oct/2017:12:13:14 +0200] "GET /var/m_0/0d/0dd/12455/143519-G2_Optikurs2014_14.JPG HTTP/1.1" 200 71703
bzq-82-80-230-228.cablep.bezeqint.net - - [14/Oct/2017:12:13:14 +0200] "GET /var/m_0/0d/0dd/12455/143515-G2_Optikurs2014_10.jpg HTTP/1.1" 200 143970
bzq-82-80-230-228.cablep.bezeqint.net - - [14/Oct/2017:12:13:15 +0200] "GET /templates/creator/m_f/fa/fa7/164/assets/bt_open.png HTTP/1.1" 200 2044
bzq-82-80-230-228.cablep.bezeqint.net - - [14/Oct/2017:12:13:15 +0200] "GET /var/m_0/0d/0dd/12455/7230912-G5_Matchracing_09.jpg HTTP/1.1" 200 72435
bzq-82-80-230-228.cablep.bezeqint.net - - [14/Oct/2017:12:13:16 +0200] "GET /var/m_0/0d/0dd/12455/6564738-G3_SKT2015_62.jpg HTTP/1.1" 200 114801
bzq-82-80-230-228.cablep.bezeqint.net - - [14/Oct/2017:12:13:19 +0200] "GET /var/m_0/0d/0dd/12455/6564688-G3_SKT2015_19.jpg HTTP/1.1" 200 123732
bzq-82-80-230-228.cablep.bezeqint.net - - [14/Oct/2017:12:13:19 +0200] "GET /var/m_0/0d/0dd/12455/7230938-G4_Event_SK_06.jpg HTTP/1.1" 200 67404
bzq-82-80-230-228.cablep.bezeqint.net - - [14/Oct/2017:12:13:20 +0200] "GET /templates/creator/m_f/fa/fa7/164/assets/call-icon.png HTTP/1.1" 200 3338
bzq-82-80-230-228.cablep.bezeqint.net - - [14/Oct/2017:12:13:22 +0200] "GET /var/m_0/0d/0dd/12455/6564739-G3_SKT2015_63.jpg HTTP/1.1" 200 83403
bzq-82-80-230-228.cablep.bezeqint.net - - [14/Oct/2017:12:13:22 +0200] "GET /var/m_0/0d/0dd/12455/6564707-G3_SKT2015_36.jpg HTTP/1.1" 200 82600
bzq-82-80-230-228.cablep.bezeqint.net - - [14/Oct/2017:12:13:22 +0200] "GET /var/m_0/0d/0dd/12455/6564734-G3_SKT2015_59.jpg HTTP/1.1" 200 117702
bzq-82-80-230-228.cablep.bezeqint.net - - [14/Oct/2017:12:13:23 +0200] "GET /var/m_0/0d/0dd/12455/7230906-G5_Matchracing_03.jpg HTTP/1.1" 200 69934
bzq-82-80-230-228.cablep.bezeqint.net - - [14/Oct/2017:12:13:23 +0200] "GET /var/m_0/0d/0dd/12455/6564706-G3_SKT2015_35.jpg HTTP/1.1" 200 92136
bzq-82-80-230-228.cablep.bezeqint.net - - [14/Oct/2017:12:13:23 +0200] "GET /var/m_0/0d/0dd/12455/6564698-G3_SKT2015_27.jpg HTTP/1.1" 200 164698
bzq-82-80-230-228.cablep.bezeqint.net - - [14/Oct/2017:12:13:24 +0200] "GET /var/m_0/0d/0dd/12455/143490-G1_SKT2014_13.JPG HTTP/1.1" 200 178072
bzq-82-80-249-164.dcenter.bezeqint.net - - [14/Oct/2017:12:13:24 +0200] "GET /var/m_0/0d/0dd/12455/6564694-G3_SKT2015_24.jpg HTTP/1.1" 200 173621
bzq-82-80-230-228.cablep.bezeqint.net - - [14/Oct/2017:12:13:25 +0200] "GET /var/m_0/0d/0dd/12455/143509-G2_Optikurs2014_04.JPG HTTP/1.1" 200 86562
bzq-82-80-230-228.cablep.bezeqint.net - - [14/Oct/2017:12:13:26 +0200] "GET /var/m_0/0d/0dd/12455/6564721-G3_SKT2015_48.jpg HTTP/1.1" 200 99100
bzq-82-80-230-228.cablep.bezeqint.net - - [14/Oct/2017:12:13:26 +0200] "GET /var/m_0/0d/0dd/12455/143480-G1_SKT2014_04.JPG HTTP/1.1" 200 132118
bzq-82-80-230-228.cablep.bezeqint.net - - [14/Oct/2017:12:13:27 +0200] "GET /var/m_0/0d/0dd/12455/6564685-G3_SKT2015_16.jpg HTTP/1.1" 200 129971
bzq-82-80-230-228.cablep.bezeqint.net - - [14/Oct/2017:12:13:28 +0200] "GET /templates/creator/m_f/fa/fa7/164/assets/google_maps_icon.png HTTP/1.1" 200 2900
bzq-82-80-230-228.cablep.bezeqint.net - - [14/Oct/2017:12:13:28 +0200] "GET /js/fancybox2/blank.gif HTTP/1.1" 200 43
bzq-82-80-230-228.cablep.bezeqint.net - - [14/Oct/2017:12:13:31 +0200] "GET /var/m_0/0d/0dd/12455/6564700-G3_SKT2015_29.jpg HTTP/1.1" 200 84446
bzq-82-80-230-228.cablep.bezeqint.net - - [14/Oct/2017:12:13:32 +0200] "GET /var/m_0/0d/0dd/12455/143499-G1_SKT2014_21.JPG HTTP/1.1" 200 148511
bzq-82-80-230-228.cablep.bezeqint.net - - [14/Oct/2017:12:13:33 +0200] "GET /var/m_0/0d/0dd/12455/6564670-G3_SKT2015_04.jpg HTTP/1.1" 200 209464
bzq-82-80-249-143.dcenter.bezeqint.net - - [14/Oct/2017:12:13:33 +0200] "GET /var/m_0/0d/0dd/12455/143485-G1_SKT2014_09.JPG HTTP/1.1" 200 117355
bzq-82-80-230-228.cablep.bezeqint.net - - [14/Oct/2017:12:13:34 +0200] "GET /var/m_0/0d/0dd/12455/143524-G2_Optikurs2014_18.JPG HTTP/1.1" 200 73497
bzq-82-80-230-228.cablep.bezeqint.net - - [14/Oct/2017:12:13:34 +0200] "GET /var/m_0/0d/0dd/12455/6564730-G3_SKT2015_56.jpg HTTP/1.1" 200 114637
bzq-82-80-230-228.cablep.bezeqint.net - - [14/Oct/2017:12:13:37 +0200] "GET /var/m_0/0d/0dd/12455/6564699-G3_SKT2015_28.jpg HTTP/1.1" 200 120507
bzq-82-80-230-228.cablep.bezeqint.net - - [14/Oct/2017:12:13:42 +0200] "GET /var/m_0/0d/0dd/12455/6564684-G3_SKT2015_15.jpg HTTP/1.1" 200 144651
bzq-82-80-230-228.cablep.bezeqint.net - - [14/Oct/2017:12:13:42 +0200] "GET /var/m_0/0d/0dd/12455/6564672-G3_SKT2015_05.jpg HTTP/1.1" 200 207849
bzq-82-80-230-228.cablep.bezeqint.net - - [14/Oct/2017:12:13:43 +0200] "GET /var/m_0/0d/0dd/12455/143518-G2_Optikurs2014_13.JPG HTTP/1.1" 200 66371
bzq-82-80-230-228.cablep.bezeqint.net - - [14/Oct/2017:12:13:45 +0200] "GET /var/m_0/0d/0dd/12455/7230906-G5_Matchracing_03.jpg HTTP/1.1" 200 69934
bzq-82-80-230-228.cablep.bezeqint.net - - [14/Oct/2017:12:13:45 +0200] "GET /var/m_0/0d/0dd/12455/143516-G2_Optikurs2014_11.jpg HTTP/1.1" 200 127495
bzq-82-80-230-228.cablep.bezeqint.net - - [14/Oct/2017:12:13:46 +0200] "GET /gfx/guestbook/guestbook_icon_form.png HTTP/1.1" 200 3073
bzq-82-80-249-164.dcenter.bezeqint.net - - [14/Oct/2017:12:13:47 +0200] "GET /var/m_0/0d/0dd/12455/6564743-G3_SKT2015_67.jpg HTTP/1.1" 200 99796
bzq-82-80-230-228.cablep.bezeqint.net - - [14/Oct/2017:12:13:48 +0200] "GET /var/m_0/0d/0dd/12455/7230907-G5_Matchracing_04.jpg HTTP/1.1" 200 66183
bzq-82-80-230-228.cablep.bezeqint.net - - [14/Oct/2017:12:13:48 +0200] "GET /var/m_0/0d/0dd/12455/6564713-G3_SKT2015_41.jpg HTTP/1.1" 200 83472
bzq-82-80-230-228.cablep.bezeqint.net - - [14/Oct/2017:12:13:50 +0200] "GET /var/m_0/0d/0dd/12455/7230969-37_Pedalo2.jpg HTTP/1.1" 200 107785
bzq-82-80-230-228.cablep.bezeqint.net - - [14/Oct/2017:12:13:52 +0200] "GET /var/m_0/0d/0dd/12455/6564686-G3_SKT2015_17.jpg HTTP/1.1" 200 130353
bzq-82-80-230-228.cablep.bezeqint.net - - [14/Oct/2017:12:13:52 +0200] "GET /var/m_0/0d/0dd/12455/143495-G1_SKT2014_17.JPG HTTP/1.1" 200 175692
bzq-82-80-249-164.dcenter.bezeqint.net - - [14/Oct/2017:12:13:56 +0200] "GET /var/m_0/0d/0dd/12455/143525-G2_Optikurs2014_19.JPG HTTP/1.1" 200 68664
bzq-82-80-230-228.cablep.bezeqint.net - - [14/Oct/2017:12:13:56 +0200] "GET /var/m_0/0d/0dd/12455/126126-43_See.JPG HTTP/1.1" 200 86511
bzq-82-80-230-228.cablep.bezeqint.net - - [14/Oct/2017:12:13:58 +0200] "GET /var/m_0/0d/0dd/12455/6564742-G3_SKT2015_66.jpg HTTP/1.1" 200 93775
bzq-82-80-230-228.cablep.bezeqint.net - - [14/Oct/2017:12:13:59 +0200] "GET /var/m_0/0d/0dd/12455/143512-G2_Optikurs2014_07.jpg HTTP/1.1" 200 120979
bzq-82-80-230-228.cablep.bezeqint.net - - [14/Oct/2017:12:13:59 +0200] "GET /var/m_0/0d/0dd/12455/6564712-G3_SKT2015_40.jpg HTTP/1.1" 200 86307
bzq-82-80-230-228.cablep.bezeqint.net - - [14/Oct/2017:12:14:00 +0200] "GET /var/m_0/0d/0dd/12455/143497-G1_SKT2014_19.JPG HTTP/1.1" 200 127422
bzq-82-80-230-228.cablep.bezeqint.net - - [14/Oct/2017:12:14:01 +0200] "GET /var/m_0/0d/0dd/12455/7230933-G4_Event_SK_01.jpg HTTP/1.1" 200 65954
bzq-82-80-249-164.dcenter.bezeqint.net - - [14/Oct/2017:12:14:06 +0200] "GET /var/m_0/0d/0dd/12455/6564726-G3_SKT2015_53.jpg HTTP/1.1" 200 119632
bzq-82-80-230-228.cablep.bezeqint.net - - [14/Oct/2017:12:14:07 +0200] "GET /var/m_0/0d/0dd/12455/143508-G2_Optikurs2014_03.JPG HTTP/1.1" 200 116444
bzq-82-80-230-228.cablep.bezeqint.net - - [14/Oct/2017:12:14:10 +0200] "GET /var/m_0/0d/0dd/12455/125486-2_Sportkurs.JPG HTTP/1.1" 200 69000
bzq-82-80-230-228.cablep.bezeqint.net - - [14/Oct/2017:12:14:11 +0200] "GET /var/m_0/0d/0dd/12455/6564696-G3_SKT2015_26.jpg HTTP/1.1" 200 113715
bzq-82-80-230-228.cablep.bezeqint.net - - [14/Oct/2017:12:14:11 +0200] "GET /gfx/galleryCarousel/views.png HTTP/1.1" 200 187
bzq-82-80-230-228.cablep.bezeqint.net - - [14/Oct/2017:12:14:14 +0200] "GET /gfx/files/powerpoint.png HTTP/1.1" 200 4275
bzq-82-80-230-228.cablep.bezeqint.net - - [14/Oct/2017:12:14:16 +0200] "GET /gfx/galleryStatic/pagination.png HTTP/1.1" 200 1557
bzq-82-80-230-228.cablep.bezeqint.net - - [14/Oct/2017:12:14:18 +0200] "GET /var/m_0/0d/0dd/12455/7230909-G5_Matchracing_06.jpg HTTP/1.1" 200 60985
bzq-82-80-230-228.cablep.bezeqint.net - - [14/Oct/2017:12:14:19 +0200] "GET /var/m_0/0d/0dd/12455/6564715-G3_SKT2015_43.jpg HTTP/1.1" 200 109913
bzq-82-80-230-228.cablep.bezeqint.net - - [14/Oct/2017:12:14:19 +0200] "GET /gfx/dpcReviews/thumbs-down.png HTTP/1.1" 200 3106
bzq-82-80-230-228.cablep.bezeqint.net - - [14/Oct/2017:12:14:21 +0200] "GET /var/m_0/0d/0dd/12455/6564668-G3_SKT2015_02.jpg HTTP/1.1" 200 142536
bzq-82-80-230-228.cablep.bezeqint.net - - [14/Oct/2017:12:14:20 +0200] "GET /gfx/galleryCarousel/light_nav_thumbs.png HTTP/1.1" 200 1423
bzq-82-80-230-228.cablep.bezeqint.net - - [14/Oct/2017:12:14:23 +0200] "GET /var/m_0/0d/0dd/12455/6564685-G3_SKT2015_16.jpg HTTP/1.1" 200 129971
bzq-82-80-249-164.dcenter.bezeqint.net - - [14/Oct/2017:12:14:24 +0200] "GET /var/m_0/0d/0dd/12455/6564690-G3_SKT2015_20.jpg HTTP/1.1" 200 120599
bzq-82-80-249-164.dcenter.bezeqint.net - - [14/Oct/2017:12:14:27 +0200] "GET /gfx/files/audio.png HTTP/1.1" 200 3546
bzq-82-80-230-228.cablep.bezeqint.net - - [14/Oct/2017:12:14:29 +0200] "GET /var/m_0/0d/0dd/12455/6564676-G3_SKT2015_09.jpg HTTP/1.1" 200 150721
bzq-82-80-230-228.cablep.bezeqint.net - - [14/Oct/2017:12:14:32 +0200] "GET /var/m_0/0d/0dd/12455/143506-G2_Optikurs2014_01.JPG HTTP/1.1" 200 142608
bzq-82-80-230-228.cablep.bezeqint.net - - [14/Oct/2017:12:14:33 +0200] "GET /var/m_0/0d/0dd/12455/6564739-G3_SKT2015_63.jpg HTTP/1.1" 200 83403
bzq-82-80-230-228.cablep.bezeqint.net - - [14/Oct/2017:12:14:34 +0200] "GET /var/m_0/0d/0dd/12455/143483-G1_SKT2014_07.JPG HTTP/1.1" 200 144574
bzq-82-80-249-164.dcenter.bezeqint.net - - [14/Oct/2017:12:14:35 +0200] "GET /var/m_0/0d/0dd/12455/143351-Header_Segelschule.jpg HTTP/1.1" 200 107532
bzq-82-80-230-228.cablep.bezeqint.net - - [14/Oct/2017:12:14:36 +0200] "GET /var/m_0/0d/0dd/12455/143508-G2_Optikurs2014_03.JPG HTTP/1.1" 200 116444
bzq-82-80-230-228.cablep.bezeqint.net - - [14/Oct/2017:12:14:37 +0200] "GET /var/m_0/0d/0dd/12455/6564711-G3_SKT2015_39.jpg HTTP/1.1" 200 101712
bzq-82-80-230-228.cablep.bezeqint.net - - [14/Oct/2017:12:14:38 +0200] "GET /var/m_0/0d/0dd/12455/6564673-G3_SKT2015_06.jpg HTTP/1.1" 200 122324
bzq-82-80-230-228.cablep.bezeqint.net - - [14/Oct/2017:12:14:40 +0200] "GET /var/m_0/0d/0dd/12455/143513-G2_Optikurs2014_08.jpg HTTP/1.1" 200 167068
bzq-82-80-230-228.cablep.bezeqint.net - - [14/Oct/2017:12:14:40 +0200] "GET /gfx/imageslider/bx_loader.gif HTTP/1.1" 200 8581
bzq-82-80-230-228.cablep.bezeqint.net - - [14/Oct/2017:12:14:41 +0200] "GET /var/m_0/0d/0dd/12455/6564692-G3_SKT2015_22.jpg HTTP/1.1" 200 137091
bzq-82-80-230-228.cablep.bezeqint.net - - [14/Oct/2017:12:14:42 +0200] "GET /var/m_0/0d/0dd/12455/7230907-G5_Matchracing_04.jpg HTTP/1.1" 200 66183
bzq-82-80-230-228.cablep.bezeqint.net - - [14/Oct/2017:12:14:45 +0200] "GET /var/m_0/0d/0dd/12455/6564666-G3_SKT2015_01.jpg HTTP/1.1" 200 160125
bzq-82-80-230-228.cablep.bezeqint.net - - [14/Oct/2017:12:14:46 +0200] "GET /var/m_0/0d/0dd/12455/6564688-G3_SKT2015_19.jpg HTTP/1.1" 200 123732
bzq-82-80-230-228.cablep.bezeqint.net - - [14/Oct/2017:12:14:47 +0200] "GET /var/m_0/0d/0dd/12455/6564740-G3_SKT2015_64.jpg HTTP/1.1" 200 66161
bzq-82-80-230-228.cablep.bezeqint.net - - [14/Oct/2017:12:14:48 +0200] "GET /gfx/galleryCarousel/light_nav_thumbs.png HTTP/1.1" 200 1423
bzq-82-80-230-228.cablep.bezeqint.net - - [14/Oct/2017:12:14:49 +0200] "GET /var/m_0/0d/0dd/12455/143509-G2_Optikurs2014_04.JPG HTTP/1.1" 200 86562
bzq-82-80-230-228.cablep.bezeqint.net - - [14/Oct/2017:12:14:51 +0200] "GET /var/m_0/0d/0dd/12455/143506-G2_Optikurs2014_01.JPG HTTP/1.1" 200 142608
bzq-82-80-230-228.cablep.bezeqint.net - - [14/Oct/2017:12:14:52 +0200] "GET /templates/creator/m_f/fa/fa7/164/assets/google_maps_icon.png HTTP/1.1" 200 2900
bzq-82-80-230-228.cablep.bezeqint.net - - [14/Oct/2017:12:14:55 +0200] "GET /var/m_0/0d/0dd/12455/6564669-G3_SKT2015_03.jpg HTTP/1.1" 200 114866
bzq-82-80-230-228.cablep.bezeqint.net - - [14/Oct/2017:12:14:57 +0200] "GET /gfx/paymentMethods/payment-icons.png HTTP/1.1" 200 67794
bzq-82-80-230-228.cablep.bezeqint.net - - [14/Oct/2017:12:15:00 +0200] "GET /var/m_0/0d/0dd/12455/6564672-G3_SKT2015_05.jpg HTTP/1.1" 200 207849
bzq-82-80-230-228.cablep.bezeqint.net - - [14/Oct/2017:12:15:00 +0200] "GET /var/m_0/0d/0dd/12455/143517-G2_Optikurs2014_12.JPG HTTP/1.1" 200 89201
bzq-82-80-230-228.cablep.bezeqint.net - - [14/Oct/2017:12:15:01 +0200] "GET /var/m_0/0d/0dd/12455/6564691-G3_SKT2015_21.jpg HTTP/1.1" 200 121870
bzq-82-80-230-228.cablep.bezeqint.net - - [14/Oct/2017:12:15:04 +0200] "GET /var/m_0/0d/0dd/12455/143493-G1_SKT2014_15.JPG HTTP/1.1" 200 124326
bzq-82-80-230-228.cablep.bezeqint.net - - [14/Oct/2017:12:15:06 +0200] "GET /var/m_0/0d/0dd/12455/143352-Header_Segelschule_2.jpg HTTP/1.1" 200 107532
bzq-82-80-230-228.cablep.bezeqint.net - - [14/Oct/2017:12:15:06 +0200] "GET /templates/creator/m_f/fa/fa7/164/assets/bt_close.png HTTP/1.1" 200 2150
bzq-82-80-230-228.cablep.bezeqint.net - - [14/Oct/2017:12:15:04 +0200] "GET /gfx/click2sms/overlay.png HTTP/1.1" 200 279
bzq-82-80-230-228.cablep.bezeqint.net - - [14/Oct/2017:12:15:07 +0200] "GET /var/m_0/0d/0dd/12455/143514-G2_Optikurs2014_09.jpg HTTP/1.1" 200 152348
bzq-82-80-230-228.cablep.bezeqint.net - - [14/Oct/2017:12:15:08 +0200] "GET /var/m_0/0d/0dd/12455/6564724-G3_SKT2015_51.jpg HTTP/1.1" 200 77336
bzq-82-80-230-228.cablep.bezeqint.net - - [14/Oct/2017:12:15:10 +0200] "GET /gfx/files/word.png HTTP/1.1" 200 4630
bzq-82-80-230-228.cablep.bezeqint.net - - [14/Oct/2017:12:15:12 +0200] "GET /var/m_0/0d/0dd/12455/7230908-G5_Matchracing_05.jpg HTTP/1.1" 200 62194
bzq-82-80-230-228.cablep.bezeqint.net - - [14/Oct/2017:12:15:13 +0200] "GET /var/m_0/0d/0dd/12455/6564666-G3_SKT2015_01.jpg HTTP/1.1" 200 160125
bzq-82-80-230-228.cablep.bezeqint.net - - [14/Oct/2017:12:15:13 +0200] "GET /var/m_0/0d/0dd/12455/6564684-G3_SKT2015_15.jpg HTTP/1.1" 200 144651
bzq-82-80-230-228.cablep.bezeqint.net - - [14/Oct/2017:12:15:14 +0200] "GET /gfx/galleryCarousel/light_views.png HTTP/1.1" 200 1020
bzq-82-80-230-228.cablep.bezeqint.net - - [14/Oct/2017:12:15:15 +0200] "GET /var/m_0/0d/0dd/12455/6564701-G3_SKT2015_30.jpg HTTP/1.1" 200 93984
bzq-82-80-230-228.cablep.bezeqint.net - - [14/Oct/2017:12:15:16 +0200] "GET /var/m_0/0d/0dd/12455/6564717-G3_SKT2015_45.jpg HTTP/1.1" 200 137552
bzq-82-80-230-228.cablep.bezeqint.net - - [14/Oct/2017:12:15:18 +0200] "GET /var/m_0/0d/0dd/12455/6564720-G3_SKT2015_47.jpg HTTP/1.1" 200 94941
bzq-82-80-230-228.cablep.bezeqint.net - - [14/Oct/2017:12:15:19 +0200] "GET /var/m_0/0d/0dd/12455/6564723-G3_SKT2015_50.jpg HTTP/1.1" 200 84898
bzq-82-80-230-228.cablep.bezeqint.net - - [14/Oct/2017:12:15:18 +0200] "GET /gfx/files/video.png HTTP/1.1" 200 4534
bzq-82-80-230-228.cablep.bezeqint.net - - [14/Oct/2017:12:15:20 +0200] "GET /kursanmeldung.shtml HTTP/1.1" 200 10952
bzq-82-80-230-228.cablep.bezeqint.net - - [14/Oct/2017:12:15:20 +0200] "GET /var/m_0/0d/0dd/12455/143484-G1_SKT2014_08.JPG HTTP/1.1" 200 146571
bzq-82-80-230-228.cablep.bezeqint.net - - [14/Oct/2017:12:15:23 +0200] "GET /var/m_0/0d/0dd/12455/143518-G2_Optikurs2014_13.JPG HTTP/1.1" 200 66371
bzq-82-80-230-228.cablep.bezeqint.net - - [14/Oct/2017:12:15:24 +0200] "GET /var/m_0/0d/0dd/12455/6564715-G3_SKT2015_43.jpg HTTP/1.1" 200 109913
bzq-82-80-230-228.cablep.bezeqint.net - - [14/Oct/2017:12:15:24 +0200] "GET /var/m_0/0d/0dd/12455/143515-G2_Optikurs2014_10.jpg HTTP/1.1" 200 143970
bzq-82-80-230-228.cablep.bezeqint.net - - [14/Oct/2017:12:15:25 +0200] "GET /var/m_0/0d/0dd/12455/143522-G2_Optikurs2014_17.JPG HTTP/1.1" 200 71952
bzq-82-80-230-228.cablep.bezeqint.net - - [14/Oct/2017:12:15:27 +0200] "GET /var/m_0/0d/0dd/12455/6564744-G3_SKT2015_68.jpg HTTP/1.1" 200 79155
bzq-82-80-230-228.cablep.bezeqint.net - - [14/Oct/2017:12:15:26 +0200] "GET /gfx/click2sms/sms-button.png HTTP/1.1" 200 3976
bzq-82-80-230-228.cablep.bezeqint.net - - [14/Oct/2017:12:15:29 +0200] "GET /var/m_0/0d/0dd/12455/7230937-G4_Event_SK_05.jpg HTTP/1.1" 200 81682
bzq-82-80-230-228.cablep.bezeqint.net - - [14/Oct/2017:12:15:30 +0200] "GET /var/m_0/0d/0dd/12455/6564675-G3_SKT2015_08.jpg HTTP/1.1" 200 111352
bzq-82-80-230-228.cablep.bezeqint.net - - [14/Oct/2017:12:15:30 +0200] "GET /var/m_0/0d/0dd/12455/7230904-G5_Matchracing_01.jpg HTTP/1.1" 200 64265
bzq-82-80-230-228.cablep.bezeqint.net - - [14/Oct/2017:12:15:30 +0200] "GET /var/m_0/0d/0dd/12455/6564716-G3_SKT2015_44.jpg HTTP/1.1" 200 99680
bzq-82-80-230-228.cablep.bezeqint.net - - [14/Oct/2017:12:15:31 +0200] "GET /var/m_0/0d/0dd/12455/7230905-G5_Matchracing_02.jpg HTTP/1.1" 200 68797
bzq-82-80-230-228.cablep.bezeqint.net - - [14/Oct/2017:12:15:32 +0200] "GET /templates/creator/m_f/fa/fa7/164/assets/tab_m_bottom.png HTTP/1.1" 200 1000
bzq-82-80-230-228.cablep.bezeqint.net - - [14/Oct/2017:12:15:32 +0200] "GET /gfx/contactUs/reload-Icon.jpg HTTP/1.1" 200 1618
bzq-82-80-230-228.cablep.bezeqint.net - - [14/Oct/2017:12:15:34 +0200] "GET /var/m_0/0d/0dd/12455/143479-G1_SKT2014_03.JPG HTTP/1.1" 200 139406
bzq-82-80-230-228.cablep.bezeqint.net - - [14/Oct/2017:12:15:36 +0200] "GET /var/m_0/0d/0dd/12455/6564682-G3_SKT2015_13.jpg HTTP/1.1" 200 204673
bzq-82-80-230-228.cablep.bezeqint.net - - [14/Oct/2017:12:15:38 +0200] "GET /var/m_0/0d/0dd/12455/6564676-G3_SKT2015_09.jpg HTTP/1.1" 200 150721
bzq-82-80-230-228.cablep.bezeqint.net - - [14/Oct/2017:12:15:39 +0200] "GET /var/m_0/0d/0dd/12455/143480-G1_SKT2014_04.JPG HTTP/1.1" 200 132118
bzq-82-80-230-228.cablep.bezeqint.net - - [14/Oct/2017:12:15:40 +0200] "GET /var/m_0/0d/0dd/12455/143490-G1_SKT2014_13.JPG HTTP/1.1" 200 178072
bzq-82-80-230-228.cablep.bezeqint.net - - [14/Oct/2017:12:15:43 +0200] "GET /var/m_0/0d/0dd/12455/143488-G1_SKT2014_11.JPG HTTP/1.1" 200 120429
bzq-82-80-230-228.cablep.bezeqint.net - - [14/Oct/2017:12:15:42 +0200] "GET /gfx/click2sms/sms-window-BG.png HTTP/1.1" 200 3154
bzq-82-80-230-228.cablep.bezeqint.net - - [14/Oct/2017:12:15:44 +0200] "GET /var/m_0/0d/0dd/12455/6564713-G3_SKT2015_41.jpg HTTP/1.1" 200 83472
bzq-82-80-230-228.cablep.bezeqint.net - - [14/Oct/2017:12:15:45 +0200] "GET /var/m_0/0d/0dd/12455/6564714-G3_SKT2015_42.jpg HTTP/1.1" 200 66693
bzq-82-80-230-228.cablep.bezeqint.net - - [14/Oct/2017:12:15:46 +0200] "GET /gfx/worldclock/Morning.png HTTP/1.1" 200 102224
bzq-82-80-230-228.cablep.bezeqint.net - - [14/Oct/2017:12:15:46 +0200] "GET /gfx/dpcReviews/rave.png HTTP/1.1" 200 3108
bzq-82-80-230-228.cablep.bezeqint.net - - [14/Oct/2017:12:15:48 +0200] "GET /templates/creator/m_f/fa/fa7/164/assets/tab_r_bottom.png HTTP/1.1" 200 1803
bzq-82-80-230-228.cablep.bezeqint.net - - [14/Oct/2017:12:15:49 +0200] "GET /var/m_0/0d/0dd/12455/6564670-G3_SKT2015_04.jpg HTTP/1.1" 200 209464
bzq-82-80-230-228.cablep.bezeqint.net - - [14/Oct/2017:12:15:50 +0200] "GET /var/m_0/0d/0dd/12455/7230938-G4_Event_SK_06.jpg HTTP/1.1" 200 67404
bzq-82-80-230-228.cablep.bezeqint.net - - [14/Oct/2017:12:15:51 +0200] "GET /gfx/rss.png HTTP/1.1" 200 1213
bzq-82-80-230-228.cablep.bezeqint.net - - [14/Oct/2017:12:15:51 +0200] "GET /gfx/del.gif HTTP/1.1" 200 43
bzq-82-80-230-228.cablep.bezeqint.net - - [14/Oct/2017:12:15:51 +0200] "GET /templates/creator/m_f/fa/fa7/164/assets/tab_l_bottom.png HTTP/1.1" 200 1751
bzq-82-80-230-228.cablep.bezeqint.net - - [14/Oct/2017:12:15:52 +0200] "GET /var/m_0/0d/0dd/12455/6564725-G3_SKT2015_52.jpg HTTP/1.1" 200 139147
bzq-82-80-230-228.cablep.bezeqint.net - - [14/Oct/2017:12:15:53 +0200] "GET /var/m_0/0d/0dd/12455/143502-G1_SKT2014_24.JPG HTTP/1.1" 200 108909
bzq-82-80-230-228.cablep.bezeqint.net - - [14/Oct/2017:12:15:54 +0200] "GET /var/m_0/0d/0dd/12455/6564694-G3_SKT2015_24.jpg HTTP/1.1" 200 173621
bzq-82-80-230-228.cablep.bezeqint.net - - [14/Oct/2017:12:15:54 +0200] "GET /gfx/click2sms/inputs.png HTTP/1.1" 200 2869
bzq-82-80-230-228.cablep.bezeqint.net - - [14/Oct/2017:12:15:57 +0200] "GET /var/m_0/0d/0dd/12455/7230909-G5_Matchracing_06.jpg HTTP/1.1" 200 60985
bzq-82-80-249-143.dcenter.bezeqint.net - - [14/Oct/2017:12:15:57 +0200] "GET /var/m_0/0d/0dd/12455/143520-G2_Optikurs2014_15.JPG HTTP/1.1" 200 71469
bzq-82-80-230-228.cablep.bezeqint.net - - [14/Oct/2017:12:15:57 +0200] "GET /js/fancybox2/fancybox_sprite.png HTTP/1.1" 200 3633
bzq-82-80-230-228.cablep.bezeqint.net - - [14/Oct/2017:12:15:59 +0200] "GET /var/m_0/0d/0dd/12455/6564696-G3_SKT2015_26.jpg HTTP/1.1" 200 113715
bzq-82-80-230-228.cablep.bezeqint.net - - [14/Oct/2017:12:15:59 +0200] "GET /gfx/star-ratings-sprite.png HTTP/1.1" 200 6185
bzq-82-80-230-228.cablep.bezeqint.net - - [14/Oct/2017:12:16:05 +0200] "GET /gfx/files/excel.png HTTP/1.1" 200 4779
bzq-82-80-230-228.cablep.bezeqint.net - - [14/Oct/2017:12:16:11 +0200] "GET /var/m_0/0d/0dd/12455/6564674-G3_SKT2015_07.jpg HTTP/1.1" 200 117236
bzq-82-80-230-228.cablep.bezeqint.net - - [14/Oct/2017:12:16:11 +0200] "GET /var/m_0/0d/0dd/12455/143482-G1_SKT2014_06.JPG HTTP/1.1" 200 103935
bzq-82-80-230-228.cablep.bezeqint.net - - [14/Oct/2017:12:16:13 +0200] "GET /var/m_0/0d/0dd/12455/143511-G2_Optikurs2014_06.JPG HTTP/1.1" 200 108393
bzq-82-80-230-228.cablep.bezeqint.net - - [14/Oct/2017:12:16:14 +0200] "GET /var/m_0/0d/0dd/12455/6564721-G3_SKT2015_48.jpg HTTP/1.1" 200 99100
bzq-82-80-230-228.cablep.bezeqint.net - - [14/Oct/2017:12:16:14 +0200] "GET /var/m_0/0d/0dd/12455/6564703-G3_SKT2015_32.jpg HTTP/1.1" 200 112691
bzq-82-80-230-228.cablep.bezeqint.net - - [14/Oct/2017:12:16:14 +0200] "GET /gfx/files/img.png HTTP/1.1" 200 3768
bzq-82-80-230-228.cablep.bezeqint.net - - [14/Oct/2017:12:16:17 +0200] "GET /var/m_0/0d/0dd/12455/7230934-G4_Event_SK_02.jpg HTTP/1.1" 200 93553
bzq-82-80-230-228.cablep.bezeqint.net - - [14/Oct/2017:12:16:18 +0200] "GET /gfx/click2sms/overlay.png HTTP/1.1" 200 279
bzq-82-80-230-228.cablep.bezeqint.net - - [14/Oct/2017:12:16:19 +0200] "GET /gfx/guestbook/reload-Icon.jpg HTTP/1.1" 200 1618
bzq-82-80-230-228.cablep.bezeqint.net - - [14/Oct/2017:12:16:20 +0200] "GET /var/m_0/0d/0dd/12455/143497-G1_SKT2014_19.JPG HTTP/1.1" 200 127422
bzq-82-80-230-228.cablep.bezeqint.net - - [14/Oct/2017:12:16:21 +0200] "GET /gfx/dpcSearch/eyplogosearch.png HTTP/1.1" 200 3026
bzq-82-80-230-228.cablep.bezeqint.net - - [14/Oct/2017:12:16:23 +0200] "GET /var/m_0/0d/0dd/12455/143522-G2_Optikurs2014_17.JPG HTTP/1.1" 200 71952
bzq-82-80-230-228.cablep.bezeqint.net - - [14/Oct/2017:12:16:24 +0200] "GET /js/fancybox2/blank.gif HTTP/1.1" 200 43
bzq-82-80-230-228.cablep.bezeqint.net - - [14/Oct/2017:12:16:24 +0200] "GET /var/m_0/0d/0dd/12455/143510-G2_Optikurs2014_05.jpg HTTP/1.1" 200 105692
bzq-82-80-230-228.cablep.bezeqint.net - - [14/Oct/2017:12:16:25 +0200] "GET /var/m_0/0d/0dd/12455/6564695-G3_SKT2015_25.jpg HTTP/1.1" 200 121143
bzq-82-80-230-228.cablep.bezeqint.net - - [14/Oct/2017:12:16:26 +0200] "GET /gfx/dpcReviews/thumbs-up.png HTTP/1.1" 200 3054
bzq-82-80-230-228.cablep.bezeqint.net - - [14/Oct/2017:12:16:27 +0200] "GET /gfx/rss.png HTTP/1.1" 200 1213
bzq-82-80-230-228.cablep.bezeqint.net - - [14/Oct/2017:12:16:28 +0200] "GET /gfx/files/img.png HTTP/1.1" 200 3768
bzq-82-80-230-228.cablep.bezeqint.net - - [14/Oct/2017:12:16:29 +0200] "GET /var/m_0/0d/0dd/12455/143511-G2_Optikurs2014_06.JPG HTTP/1.1" 200 108393
bzq-82-80-230-228.cablep.bezeqint.net - - [14/Oct/2017:12:16:29 +0200] "GET /gfx/galleryCarousel/nav_thumbs.png HTTP/1.1" 200 625
bzq-82-80-230-228.cablep.bezeqint.net - - [14/Oct/2017:12:16:30 +0200] "GET /gfx/click2sms/x.png HTTP/1.1" 200 4590
bzq-82-80-230-228.cablep.bezeqint.net - - [14/Oct/2017:12:16:31 +0200] "GET /var/m_0/0d/0dd/12455/143484-G1_SKT2014_08.JPG HTTP/1.1" 200 146571
bzq-82-80-230-228.cablep.bezeqint.net - - [14/Oct/2017:12:16:32 +0200] "GET /gfx/files/audio.png HTTP/1.1" 200 3546
bzq-82-80-230-228.cablep.bezeqint.net - - [14/Oct/2017:12:16:32 +0200] "GET /var/m_0/0d/0dd/12455/143492-G1_SKT2014_14.JPG HTTP/1.1" 200 187728
bzq-82-80-230-228.cablep.bezeqint.net - - [14/Oct/2017:12:16:33 +0200] "GET /var/m_0/0d/0dd/12455/6564709-G3_SKT2015_37.jpg HTTP/1.1" 200 89585
bzq-82-80-230-228.cablep.bezeqint.net - - [14/Oct/2017:12:16:33 +0200] "GET /var/m_0/0d/0dd/12455/6564718-G3_SKT2015_46.jpg HTTP/1.1" 200 106980
bzq-82-80-230-228.cablep.bezeqint.net - - [14/Oct/2017:12:16:34 +0200] "GET /gfx/files/word.png HTTP/1.1" 200 4630
bzq-82-80-249-143.dcenter.bezeqint.net - - [14/Oct/2017:12:16:35 +0200] "GET /var/m_0/0d/0dd/12455/6564705-G3_SKT2015_34.jpg HTTP/1.1" 200 103141
bzq-82-80-230-228.cablep.bezeqint.net - - [14/Oct/2017:12:16:35 +0200] "GET /var/m_0/0d/0dd/12455/143482-G1_SKT2014_06.JPG HTTP/1.1" 200 103935
bzq-82-80-230-228.cablep.bezeqint.net - - [14/Oct/2017:12:16:35 +0200] "GET /var/m_0/0d/0dd/12455/6564673-G3_SKT2015_06.jpg HTTP/1.1" 200 122324
bzq-82-80-230-228.cablep.bezeqint.net - - [14/Oct/2017:12:16:37 +0200] "GET /var/m_0/0d/0dd/12455/143504-G1_SKT2014_26.JPG HTTP/1.1" 200 144091
bzq-82-80-230-228.cablep.bezeqint.net - - [14/Oct/2017:12:16:37 +0200] "GET /var/m_0/0d/0dd/12455/6564738-G3_SKT2015_62.jpg HTTP/1.1" 200 114801
bzq-82-80-230-228.cablep.bezeqint.net - - [14/Oct/2017:12:16:38 +0200] "GET /var/m_0/0d/0dd/12455/6564735-G3_SKT2015_60.jpg HTTP/1.1" 200 102335
bzq-82-80-230-228.cablep.bezeqint.net - - [14/Oct/2017:12:16:40 +0200] "GET /gfx/files/video.png HTTP/1.1" 200 4534
bzq-82-80-230-228.cablep.bezeqint.net - - [14/Oct/2017:12:16:40 +0200] "GET /gfx/galleryCarousel/nav_thumbs.png HTTP/1.1" 200 625
bzq-82-80-230-228.cablep.bezeqint.net - - [14/Oct/2017:12:16:40 +0200] "GET /gfx/BG.png HTTP/1.1" 200 2844
bzq-82-80-230-228.cablep.bezeqint.net - - [14/Oct/2017:12:16:42 +0200] "GET /gfx/dpcReviews/pagination.png HTTP/1.1" 200 1557
bzq-82-80-230-228.cablep.bezeqint.net - - [14/Oct/2017:12:16:42 +0200] "GET /var/m_0/0d/0dd/12455/6564727-G3_SKT2015_54.jpg HTTP/1.1" 200 105601
bzq-82-80-230-228.cablep.bezeqint.net - - [14/Oct/2017:12:16:43 +0200] "GET /gfx/dpcSearch/eyplogosearch.png HTTP/1.1" 200 3026
bzq-82-80-230-228.cablep.bezeqint.net - - [14/Oct/2017:12:16:44 +0200] "GET /gfx/dpcReviews/okbut.png HTTP/1.1" 200 1340
bzq-82-80-230-228.cablep.bezeqint.net - - [14/Oct/2017:12:16:46 +0200] "GET /var/m_0/0d/0dd/12455/6564674-G3_SKT2015_07.jpg HTTP/1.1" 200 117236
bzq-82-80-230-228.cablep.bezeqint.net - - [14/Oct/2017:12:16:46 +0200] "GET /templates/creator/m_f/fa/fa7/164/assets/mail_icon.png HTTP/1.1" 200 3128
bzq-82-80-230-228.cablep.bezeqint.net - - [14/Oct/2017:12:16:46 +0200] "GET /var/m_0/0d/0dd/12455/7230935-G4_Event_SK_03.jpg HTTP/1.1" 200 109157
bzq-82-80-230-228.cablep.bezeqint.net - - [14/Oct/2017:12:16:47 +0200] "GET /var/m_0/0d/0dd/12455/6564687-G3_SKT2015_18.jpg HTTP/1.1" 200 93275
bzq-82-80-230-228.cablep.bezeqint.net - - [14/Oct/2017:12:16:47 +0200] "GET /gfx/dpcReviews/ok.png HTTP/1.1" 200 2952
bzq-82-80-249-164.dcenter.bezeqint.net - - [14/Oct/2017:12:16:48 +0200] "GET /gfx/imageslider/bx_loader.gif HTTP/1.1" 200 8581
bzq-82-80-230-228.cablep.bezeqint.net - - [14/Oct/2017:12:16:49 +0200] "GET /var/m_0/0d/0dd/12455/143351-Header_Segelschule.jpg HTTP/1.1" 200 107532
bzq-82-80-230-228.cablep.bezeqint.net - - [14/Oct/2017:12:16:49 +0200] "GET /gfx/files/empty.png HTTP/1.1" 200 2983
bzq-82-80-230-228.cablep.bezeqint.net - - [14/Oct/2017:12:16:51 +0200] "GET /var/m_0/0d/0dd/12455/6564693-G3_SKT2015_23.jpg HTTP/1.1" 200 129585
bzq-82-80-230-228.cablep.bezeqint.net - - [14/Oct/2017:12:16:51 +0200] "GET /gfx/files/empty.png HTTP/1.1" 200 2983
bzq-82-80-230-228.cablep.bezeqint.net - - [14/Oct/2017:12:16:53 +0200] "GET /var/m_0/0d/0dd/12455/6564698-G3_SKT2015_27.jpg HTTP/1.1" 200 164698
bzq-82-80-230-228.cablep.bezeqint.net - - [14/Oct/2017:12:16:54 +0200] "GET /var/m_0/0d/0dd/12455/6564741-G3_SKT2015_65.jpg HTTP/1.1" 200 170374
bzq-82-80-230-228.cablep.bezeqint.net - - [14/Oct/2017:12:16:55 +0200] "GET /var/m_0/0d/0dd/12455/143477-G1_SKT2014_01.JPG HTTP/1.1" 200 94726
bzq-82-80-230-228.cablep.bezeqint.net - - [14/Oct/2017:12:17:02 +0200] "GET /var/m_0/0d/0dd/12455/143504-G1_SKT2014_26.JPG HTTP/1.1" 200 144091
bzq-82-80-230-228.cablep.bezeqint.net - - [14/Oct/2017:12:17:00 +0200] "GET /gfx/search/yandex-search-logo.png HTTP/1.1" 200 3427
bzq-82-80-230-228.cablep.bezeqint.net - - [14/Oct/2017:12:17:06 +0200] "GET /var/m_0/0d/0dd/12455/6564722-G3_SKT2015_49.jpg HTTP/1.1" 200 93581
bzq-82-80-249-143.dcenter.bezeqint.net - - [14/Oct/2017:12:17:05 +0200] "GET /gfx/files/pdf.png HTTP/1.1" 200 3774
bzq-82-80-230-228.cablep.bezeqint.net - - [14/Oct/2017:12:17:07 +0200] "GET /var/m_0/0d/0dd/12455/6564717-G3_SKT2015_45.jpg HTTP/1.1" 200 137552
bzq-82-80-230-228.cablep.bezeqint.net - - [14/Oct/2017:12:17:09 +0200] "GET /kursanmeldung.shtml HTTP/1.1" 200 10952
bzq-82-80-249-164.dcenter.bezeqint.net - - [14/Oct/2017:12:17:09 +0200] "GET /var/m_0/0d/0dd/12455/6564700-G3_SKT2015_29.jpg HTTP/1.1" 200 84446
bzq-82-80-230-228.cablep.bezeqint.net - - [14/Oct/2017:12:17:08 +0200] "GET /gfx/galleryCarousel/ajax-loader.gif HTTP/1.1" 200 3208
bzq-82-80-230-228.cablep.bezeqint.net - - [14/Oct/2017:12:17:11 +0200] "GET /var/m_0/0d/0dd/12455/6564699-G3_SKT2015_28.jpg HTTP/1.1" 200 120507
bzq-82-80-230-228.cablep.bezeqint.net - - [14/Oct/2017:12:17:11 +0200] "GET /js/fancybox2/fancybox_sprite.png HTTP/1.1" 200 3633
bzq-82-80-230-228.cablep.bezeqint.net - - [14/Oct/2017:12:17:12 +0200] "GET /var/m_0/0d/0dd/12455/6564681-G3_SKT2015_12.jpg HTTP/1.1" 200 148086
bzq-82-80-230-228.cablep.bezeqint.net - - [14/Oct/2017:12:17:13 +0200] "GET /var/m_0/0d/0dd/12455/6564683-G3_SKT2015_14.jpg HTTP/1.1" 200 195006
bzq-82-80-230-228.cablep.bezeqint.net - - [14/Oct/2017:12:17:12 +0200] "GET /gfx/guestbook/pagination.png HTTP/1.1" 200 384
bzq-82-80-230-228.cablep.bezeqint.net - - [14/Oct/2017:12:17:13 +0200] "GET /var/m_0/0d/0dd/12455/143516-G2_Optikurs2014_11.jpg HTTP/1.1" 200 127495
bzq-82-80-230-228.cablep.bezeqint.net - - [14/Oct/2017:12:17:13 +0200] "GET /gfx/guestbook/pagination.png HTTP/1.1" 200 384
bzq-82-80-230-228.cablep.bezeqint.net - - [14/Oct/2017:12:17:16 +0200] "GET /var/m_0/0d/0dd/12455/7230910-G5_Matchracing_07.jpg HTTP/1.1" 200 85482
bzq-82-80-230-228.cablep.bezeqint.net - - [14/Oct/2017:12:17:16 +0200] "GET /gfx/files/rar.png HTTP/1.1" 200 3897
bzq-82-80-230-228.cablep.bezeqint.net - - [14/Oct/2017:12:17:17 +0200] "GET /var/m_0/0d/0dd/12455/6564668-G3_SKT2015_02.jpg HTTP/1.1" 200 142536
bzq-82-80-249-164.dcenter.bezeqint.net - - [14/Oct/2017:12:17:17 +0200] "GET /var/m_0/0d/0dd/12455/143499-G1_SKT2014_21.JPG HTTP/1.1" 200 148511
bzq-82-80-230-228.cablep.bezeqint.net - - [14/Oct/2017:12:17:19 +0200] "GET /var/m_0/0d/0dd/12455/143503-G1_SKT2014_25.JPG HTTP/1.1" 200 126118
bzq-82-80-230-228.cablep.bezeqint.net - - [14/Oct/2017:12:17:20 +0200] "GET /var/m_0/0d/0dd/12455/143486-G1_SKT2014_10.JPG HTTP/1.1" 200 129005
bzq-82-80-230-228.cablep.bezeqint.net - - [14/Oct/2017:12:17:23 +0200] "GET /gfx/imageslider/controls.png HTTP/1.1" 200 2806
bzq-82-80-230-228.cablep.bezeqint.net - - [14/Oct/2017:12:17:26 +0200] "GET /var/m_0/0d/0dd/12455/7230911-G5_Matchracing_08.jpg HTTP/1.1" 200 76548
bzq-82-80-230-228.cablep.bezeqint.net - - [14/Oct/2017:12:17:26 +0200] "GET /gfx/guestbook/close.png HTTP/1.1" 200 3102
bzq-82-80-230-228.cablep.bezeqint.net - - [14/Oct/2017:12:17:26 +0200] "GET /gfx/galleryCarousel/light_nav.png HTTP/1.1" 200 1608
bzq-82-80-230-228.cablep.bezeqint.net - - [14/Oct/2017:12:17:27 +0200] "GET /var/m_0/0d/0dd/12455/7230910-G5_Matchracing_07.jpg HTTP/1.1" 200 85482
bzq-82-80-230-228.cablep.bezeqint.net - - [14/Oct/2017:12:17:29 +0200] "GET /var/m_0/0d/0dd/12455/6564714-G3_SKT2015_42.jpg HTTP/1.1" 200 66693
bzq-82-80-249-164.dcenter.bezeqint.net - - [14/Oct/2017:12:17:30 +0200] "GET /var/m_0/0d/0dd/12455/6564722-G3_SKT2015_49.jpg HTTP/1.1" 200 93581
bzq-82-80-230-228.cablep.bezeqint.net - - [14/Oct/2017:12:17:35 +0200] "GET /var/m_0/0d/0dd/12455/7230969-37_Pedalo2.jpg HTTP/1.1" 200 107785
bzq-82-80-230-228.cablep.bezeqint.net - - [14/Oct/2017:12:17:39 +0200] "GET /var/m_0/0d/0dd/12455/6564732-G3_SKT2015_58.jpg HTTP/1.1" 200 148843
bzq-82-80-230-228.cablep.bezeqint.net - - [14/Oct/2017:12:17:44 +0200] "GET /var/m_0/0d/0dd/12455/143505-G1_SKT2014_27.JPG HTTP/1.1" 200 127521
bzq-82-80-249-143.dcenter.bezeqint.net - - [14/Oct/2017:12:17:47 +0200] "GET /templates/creator/m_f/fa/fa7/164/assets/tab_m_bottom.png HTTP/1.1" 200 1000
bzq-82-80-230-228.cablep.bezeqint.net - - [14/Oct/2017:12:17:48 +0200] "GET /var/m_0/0d/0dd/12455/143485-G1_SKT2014_09.JPG HTTP/1.1" 200 117355
bzq-82-80-230-228.cablep.bezeqint.net - - [14/Oct/2017:12:17:49 +0200] "GET /var/m_0/0d/0dd/12455/143488-G1_SKT2014_11.JPG HTTP/1.1" 200 120429
bzq-82-80-230-228.cablep.bezeqint.net - - [14/Oct/2017:12:17:53 +0200] "GET /var/m_0/0d/0dd/12455/6564701-G3_SKT2015_30.jpg HTTP/1.1" 200 93984
bzq-82-80-230-228.cablep.bezeqint.net - - [14/Oct/2017:12:17:54 +0200] "GET /var/m_0/0d/0dd/12455/143483-G1_SKT2014_07.JPG HTTP/1.1" 200 144574
bzq-82-80-230-228.cablep.bezeqint.net - - [14/Oct/2017:12:17:56 +0200] "GET /var/m_0/0d/0dd/12455/7230937-G4_Event_SK_05.jpg HTTP/1.1" 200 81682
bzq-82-80-249-143.dcenter.bezeqint.net - - [14/Oct/2017:12:17:56 +0200] "GET /var/m_0/0d/0dd/12455/6564687-G3_SKT2015_18.jpg HTTP/1.1" 200 93275
bzq-82-80-230-228.cablep.bezeqint.net - - [14/Oct/2017:12:17:58 +0200] "GET /var/m_0/0d/0dd/12455/143514-G2_Optikurs2014_09.jpg HTTP/1.1" 200 152348
bzq-82-80-230-228.cablep.bezeqint.net - - [14/Oct/2017:12:17:59 +0200] "GET /gfx/files/rar.png HTTP/1.1" 200 3897
bzq-82-80-230-228.cablep.bezeqint.net - - [14/Oct/2017:12:17:59 +0200] "GET /var/m_0/0d/0dd/12455/143512-G2_Optikurs2014_07.jpg HTTP/1.1" 200 120979
bzq-82-80-230-228.cablep.bezeqint.net - - [14/Oct/2017:12:18:00 +0200] "GET /templates/creator/m_f/fa/fa7/164/assets/mail_icon.png HTTP/1.1" 200 3128
bzq-82-80-230-228.cablep.bezeqint.net - - [14/Oct/2017:12:18:01 +0200] "GET /var/m_0/0d/0dd/12455/6564691-G3_SKT2015_21.jpg HTTP/1.1" 200 121870
bzq-82-80-230-228.cablep.bezeqint.net - - [14/Oct/2017:12:18:03 +0200] "GET /gfx/search/yandex-search-logo.png HTTP/1.1" 200 3427
bzq-82-80-230-228.cablep.bezeqint.net - - [14/Oct/2017:12:18:07 +0200] "GET /var/m_0/0d/0dd/12455/7230981-37_Pedalo3.jpg HTTP/1.1" 200 76841
bzq-82-80-249-164.dcenter.bezeqint.net - - [14/Oct/2017:12:18:08 +0200] "GET /var/m_0/0d/0dd/12455/143492-G1_SKT2014_14.JPG HTTP/1.1" 200 187728
bzq-82-80-230-228.cablep.bezeqint.net - - [14/Oct/2017:12:18:09 +0200] "GET /var/m_0/0d/0dd/12455/6564726-G3_SKT2015_53.jpg HTTP/1.1" 200 119632
bzq-82-80-230-228.cablep.bezeqint.net - - [14/Oct/2017:12:18:10 +0200] "GET /var/m_0/0d/0dd/12455/6564731-G3_SKT2015_57.jpg HTTP/1.1" 200 84129
bzq-82-80-230-228.cablep.bezeqint.net - - [14/Oct/2017:12:18:10 +0200] "GET /var/m_0/0d/0dd/12455/143496-G1_SKT2014_18.JPG HTTP/1.1" 200 172278
bzq-82-80-230-228.cablep.bezeqint.net - - [14/Oct/2017:12:18:11 +0200] "GET /gfx/imageslider/controls.png HTTP/1.1" 200 2806
bzq-82-80-249-164.dcenter.bezeqint.net - - [14/Oct/2017:12:18:12 +0200] "GET /var/m_0/0d/0dd/12455/6564742-G3_SKT2015_66.jpg HTTP/1.1" 200 93775
bzq-82-80-230-228.cablep.bezeqint.net - - [14/Oct/2017:12:18:12 +0200] "GET /var/m_0/0d/0dd/12455/143478-G1_SKT2014_02.JPG HTTP/1.1" 200 135948
bzq-82-80-230-228.cablep.bezeqint.net - - [14/Oct/2017:12:18:11 +0200] "GET /gfx/galleryCarousel/nav.png HTTP/1.1" 200 799
bzq-82-80-230-228.cablep.bezeqint.net - - [14/Oct/2017:12:18:12 +0200] "GET /var/m_0/0d/0dd/12455/7230933-G4_Event_SK_01.jpg HTTP/1.1" 200 65954
bzq-82-80-230-228.cablep.bezeqint.net - - [14/Oct/2017:12:18:14 +0200] "GET /templates/creator/m_f/fa/fa7/164/assets/tab_b_bottom.png HTTP/1.1" 200 962
bzq-82-80-249-143.dcenter.bezeqint.net - - [14/Oct/2017:12:18:15 +0200] "GET /var/m_0/0d/0dd/12455/6564727-G3_SKT2015_54.jpg HTTP/1.1" 200 105601
bzq-82-80-230-228.cablep.bezeqint.net - - [14/Oct/2017:12:18:15 +0200] "GET /var/m_0/0d/0dd/12455/6564734-G3_SKT2015_59.jpg HTTP/1.1" 200 117702
bzq-82-80-230-228.cablep.bezeqint.net - - [14/Oct/2017:12:18:17 +0200] "GET /gfx/click2sms/sms-button.png HTTP/1.1" 200 3976
bzq-82-80-230-228.cablep.bezeqint.net - - [14/Oct/2017:12:18:18 +0200] "GET /var/m_0/0d/0dd/12455/6564732-G3_SKT2015_58.jpg HTTP/1.1" 200 148843
bzq-82-80-230-228.cablep.bezeqint.net - - [14/Oct/2017:12:18:19 +0200] "GET /var/m_0/0d/0dd/12455/143481-G1_SKT2014_05.JPG HTTP/1.1" 200 142942
bzq-82-80-230-228.cablep.bezeqint.net - - [14/Oct/2017:12:18:18 +0200] "GET /gfx/ecwid/OnLineStore.png HTTP/1.1" 200 4264
bzq-82-80-230-228.cablep.bezeqint.net - - [14/Oct/2017:12:18:21 +0200] "GET /var/m_0/0d/0dd/12455/143517-G2_Optikurs2014_12.JPG HTTP/1.1" 200 89201
bzq-82-80-230-228.cablep.bezeqint.net - - [14/Oct/2017:12:18:21 +0200] "GET /var/m_0/0d/0dd/12455/6564678-G3_SKT2015_10.jpg HTTP/1.1" 200 138460
bzq-82-80-230-228.cablep.bezeqint.net - - [14/Oct/2017:12:18:23 +0200] "GET /var/m_0/0d/0dd/12455/143524-G2_Optikurs2014_18.JPG HTTP/1.1" 200 73497
bzq-82-80-230-228.cablep.bezeqint.net - - [14/Oct/2017:12:18:22 +0200] "GET /js/fancybox2/fancybox_loading.gif HTTP/1.1" 200 4270
bzq-82-80-230-228.cablep.bezeqint.net - - [14/Oct/2017:12:18:24 +0200] "GET /var/m_0/0d/0dd/12455/6564686-G3_SKT2015_17.jpg HTTP/1.1" 200 130353
bzq-82-80-230-228.cablep.bezeqint.net - - [14/Oct/2017:12:18:24 +0200] "GET /gfx/guestbook/reload-Icon.jpg HTTP/1.1" 200 1618
bzq-82-80-230-228.cablep.bezeqint.net - - [14/Oct/2017:12:18:25 +0200] "GET /var/m_0/0d/0dd/12455/143481-G1_SKT2014_05.JPG HTTP/1.1" 200 142942
bzq-82-80-230-228.cablep.bezeqint.net - - [14/Oct/2017:12:18:25 +0200] "GET /var/m_0/0d/0dd/12455/143500-G1_SKT2014_22.JPG HTTP/1.1" 200 187772
bzq-82-80-230-228.cablep.bezeqint.net - - [14/Oct/2017:12:18:26 +0200] "GET /var/m_0/0d/0dd/12455/6564703-G3_SKT2015_32.jpg HTTP/1.1" 200 112691
bzq-82-80-230-228.cablep.bezeqint.net - - [14/Oct/2017:12:18:26 +0200] "GET /var/m_0/0d/0dd/12455/143521-G2_Optikurs2014_16.JPG HTTP/1.1" 200 81526
bzq-82-80-230-228.cablep.bezeqint.net - - [14/Oct/2017:12:18:27 +0200] "GET /var/m_0/0d/0dd/12455/7230905-G5_Matchracing_02.jpg HTTP/1.1" 200 68797
bzq-82-80-249-164.dcenter.bezeqint.net - - [14/Oct/2017:12:18:28 +0200] "GET /var/m_0/0d/0dd/12455/6564702-G3_SKT2015_31.jpg HTTP/1.1" 200 94697
bzq-82-80-230-228.cablep.bezeqint.net - - [14/Oct/2017:12:18:29 +0200] "GET /var/m_0/0d/0dd/12455/6564711-G3_SKT2015_39.jpg HTTP/1.1" 200 101712
bzq-82-80-230-228.cablep.bezeqint.net - - [14/Oct/2017:12:18:32 +0200] "GET /var/m_0/0d/0dd/12455/6564743-G3_SKT2015_67.jpg HTTP/1.1" 200 99796
bzq-82-80-230-228.cablep.bezeqint.net - - [14/Oct/2017:12:18:34 +0200] "GET /var/m_0/0d/0dd/12455/7230911-G5_Matchracing_08.jpg HTTP/1.1" 200 76548
bzq-82-80-230-228.cablep.bezeqint.net - - [14/Oct/2017:12:18:35 +0200] "GET /var/m_0/0d/0dd/12455/143489-G1_SKT2014_12.JPG HTTP/1.1" 200 126542
bzq-82-80-230-228.cablep.bezeqint.net - - [14/Oct/2017:12:18:35 +0200] "GET /var/m_0/0d/0dd/12455/143513-G2_Optikurs2014_08.jpg HTTP/1.1" 200 167068
bzq-82-80-230-228.cablep.bezeqint.net - - [14/Oct/2017:12:18:40 +0200] "GET /var/m_0/0d/0dd/12455/143498-G1_SKT2014_20.JPG HTTP/1.1" 200 143640
bzq-82-80-230-228.cablep.bezeqint.net - - [14/Oct/2017:12:18:40 +0200] "GET /var/m_0/0d/0dd/12455/6564729-G3_SKT2015_55.jpg HTTP/1.1" 200 88744
bzq-82-80-230-228.cablep.bezeqint.net - - [14/Oct/2017:12:18:41 +0200] "GET /gfx/contactUs/reload-Icon.jpg HTTP/1.1" 200 1618
bzq-82-80-230-228.cablep.bezeqint.net - - [14/Oct/2017:12:18:43 +0200] "GET /var/m_0/0d/0dd/12455/143496-G1_SKT2014_18.JPG HTTP/1.1" 200 172278
bzq-82-80-230-228.cablep.bezeqint.net - - [14/Oct/2017:12:18:45 +0200] "GET /var/m_0/0d/0dd/12455/6564679-G3_SKT2015_11.jpg HTTP/1.1" 200 96997
bzq-82-80-230-228.cablep.bezeqint.net - - [14/Oct/2017:12:18:46 +0200] "GET /var/m_0/0d/0dd/12455/6564740-G3_SKT2015_64.jpg HTTP/1.1" 200 66161
bzq-82-80-230-228.cablep.bezeqint.net - - [14/Oct/2017:12:18:46 +0200] "GET /gfx/dpcReviews/rant.png HTTP/1.1" 200 3208
bzq-82-80-230-228.cablep.bezeqint.net - - [14/Oct/2017:12:18:48 +0200] "GET /var/m_0/0d/0dd/12455/6564725-G3_SKT2015_52.jpg HTTP/1.1" 200 139147
bzq-82-80-249-143.dcenter.bezeqint.net - - [14/Oct/2017:12:18:48 +0200] "GET /var/m_0/0d/0dd/12455/143498-G1_SKT2014_20.JPG HTTP/1.1" 200 143640
bzq-82-80-230-228.cablep.bezeqint.net - - [14/Oct/2017:12:18:51 +0200] "GET /var/m_0/0d/0dd/12455/6564682-G3_SKT2015_13.jpg HTTP/1.1" 200 204673
bzq-82-80-230-228.cablep.bezeqint.net - - [14/Oct/2017:12:18:51 +0200] "GET /templates/creator/m_f/fa/fa7/164/assets/tab_b_bottom.png HTTP/1.1" 200 962
bzq-82-80-230-228.cablep.bezeqint.net - - [14/Oct/2017:12:18:52 +0200] "GET /gfx/galleryCarousel/light_nav.png HTTP/1.1" 200 1608
bzq-82-80-230-228.cablep.bezeqint.net - - [14/Oct/2017:12:18:52 +0200] "GET /var/m_0/0d/0dd/12455/143500-G1_SKT2014_22.JPG HTTP/1.1" 200 187772
bzq-82-80-230-228.cablep.bezeqint.net - - [14/Oct/2017:12:18:52 +0200] "GET /var/m_0/0d/0dd/12455/143507-G2_Optikurs2014_02.JPG HTTP/1.1" 200 83258
bzq-82-80-249-164.dcenter.bezeqint.net - - [14/Oct/2017:12:18:52 +0200] "GET /var/m_0/0d/0dd/12455/6564706-G3_SKT2015_35.jpg HTTP/1.1" 200 92136
bzq-82-80-230-228.cablep.bezeqint.net - - [14/Oct/2017:12:18:53 +0200] "GET /var/m_0/0d/0dd/12455/7230935-G4_Event_SK_03.jpg HTTP/1.1" 200 109157
bzq-82-80-230-228.cablep.bezeqint.net - - [14/Oct/2017:12:18:53 +0200] "GET /var/m_0/0d/0dd/12455/6564707-G3_SKT2015_36.jpg HTTP/1.1" 200 82600
bzq-82-80-230-228.cablep.bezeqint.net - - [14/Oct/2017:12:18:55 +0200] "GET /gfx/files/powerpoint.png HTTP/1.1" 200 4275
bzq-82-80-230-228.cablep.bezeqint.net - - [14/Oct/2017:12:18:55 +0200] "GET /var/m_0/0d/0dd/12455/6564712-G3_SKT2015_40.jpg HTTP/1.1" 200 86307
bzq-82-80-230-228.cablep.bezeqint.net - - [14/Oct/2017:12:18:56 +0200] "GET /gfx/dpcReviews/thumbs-up.png HTTP/1.1" 200 3054
bzq-82-80-230-228.cablep.bezeqint.net - - [14/Oct/2017:12:18:57 +0200] "GET /gfx/galleryCarousel/views.png HTTP/1.1" 200 187
bzq-82-80-230-228.cablep.bezeqint.net - - [14/Oct/2017:12:18:58 +0200] "GET /var/m_0/0d/0dd/12455/7230936-G4_Event_SK_04.jpg HTTP/1.1" 200 87335
bzq-82-80-230-228.cablep.bezeqint.net - - [14/Oct/2017:12:18:58 +0200] "GET /gfx/dpcReviews/thumbs-down.png HTTP/1.1" 200 3106
bzq-82-80-230-228.cablep.bezeqint.net - - [14/Oct/2017:12:18:59 +0200] "GET /var/m_0/0d/0dd/12455/7230981-37_Pedalo3.jpg HTTP/1.1" 200 76841
bzq-82-80-230-228.cablep.bezeqint.net - - [14/Oct/2017:12:19:00 +0200] "GET /var/m_0/0d/0dd/12455/6564709-G3_SKT2015_37.jpg HTTP/1.1" 200 89585
bzq-82-80-230-228.cablep.bezeqint.net - - [14/Oct/2017:12:19:00 +0200] "GET /var/m_0/0d/0dd/12455/6564737-G3_SKT2015_61.jpg HTTP/1.1" 200 101297
bzq-82-80-249-143.dcenter.bezeqint.net - - [14/Oct/2017:12:19:01 +0200] "GET /gfx/dpcReviews/pagination.png HTTP/1.1" 200 1557
bzq-82-80-230-228.cablep.bezeqint.net - - [14/Oct/2017:12:19:01 +0200] "GET /var/m_0/0d/0dd/12455/6564730-G3_SKT2015_56.jpg HTTP/1.1" 200 114637
bzq-82-80-230-228.cablep.bezeqint.net - - [14/Oct/2017:12:19:04 +0200] "GET /gfx/BG.png HTTP/1.1" 200 2844
bzq-82-80-230-228.cablep.bezeqint.net - - [14/Oct/2017:12:19:04 +0200] "GET /var/m_0/0d/0dd/12455/143501-G1_SKT2014_23.JPG HTTP/1.1" 200 144811
bzq-82-80-230-228.cablep.bezeqint.net - - [14/Oct/2017:12:19:16 +0200] "GET /gfx/ecwid/OnLineStore.png HTTP/1.1" 200 4264
bzq-82-80-230-228.cablep.bezeqint.net - - [14/Oct/2017:12:19:19 +0200] "GET /gfx/files/pdf.png HTTP/1.1" 200 3774
msnbot-157-55-39-51.search.msn.com - - [14/Oct/2017:12:26:20 +0200] "GET /robots.txt HTTP/1.1" 200 80
msnbot-157-55-39-51.search.msn.com - - [14/Oct/2017:12:26:21 +0200] "GET /robots.txt HTTP/1.1" 200 80
