82.159.41.175.dyn.user.ono.com - - [10/Dec/2017:17:06:46 +0100] "GET / HTTP/1.1" 200 35804
82.159.41.175.dyn.user.ono.com - - [10/Dec/2017:17:06:48 +0100] "GET /events.shtml HTTP/1.1" 200 22514
82.159.41.175.dyn.user.ono.com - - [10/Dec/2017:17:06:49 +0100] "GET /galerie.shtml HTTP/1.1" 200 22747
82.159.41.175.dyn.user.ono.com - - [10/Dec/2017:17:06:49 +0100] "GET /kurse.shtml HTTP/1.1" 200 31031
82.159.41.175.dyn.user.ono.com - - [10/Dec/2017:17:06:50 +0100] "GET /vermietung.shtml HTTP/1.1" 200 25728
82.159.41.175.dyn.user.ono.com - - [10/Dec/2017:17:06:53 +0100] "GET /event-gruppesmartkat.shtml HTTP/1.1" 200 21256
82.159.41.175.dyn.user.ono.com - - [10/Dec/2017:17:06:55 +0100] "GET /event-matchracing.shtml HTTP/1.1" 200 21251
82.159.41.175.dyn.user.ono.com - - [10/Dec/2017:17:06:56 +0100] "GET /event-pedalo.shtml HTTP/1.1" 200 20248
82.159.41.175.dyn.user.ono.com - - [10/Dec/2017:17:06:57 +0100] "GET /galerie-gruppesmartkat.shtml HTTP/1.1" 200 20574
82.159.41.175.dyn.user.ono.com - - [10/Dec/2017:17:06:58 +0100] "GET /galerie-matchracing.shtml HTTP/1.1" 200 21704
82.159.41.175.dyn.user.ono.com - - [10/Dec/2017:17:06:59 +0100] "GET /galerie-sktrophy-2014.shtml HTTP/1.1" 200 29913
82.159.41.175.dyn.user.ono.com - - [10/Dec/2017:17:06:59 +0100] "GET /galerie-sktrophy-2015.shtml HTTP/1.1" 200 49420
82.159.41.175.dyn.user.ono.com - - [10/Dec/2017:17:07:00 +0100] "GET /optikurse-2014.shtml HTTP/1.1" 200 26353
82.159.41.175.dyn.user.ono.com - - [10/Dec/2017:17:07:01 +0100] "GET /kinder-segelkurs.shtml HTTP/1.1" 200 19898
82.159.41.175.dyn.user.ono.com - - [10/Dec/2017:17:07:01 +0100] "GET /segel-grundkurs.shtml HTTP/1.1" 200 21440
82.159.41.175.dyn.user.ono.com - - [10/Dec/2017:17:07:01 +0100] "GET /pruefungskurs.shtml HTTP/1.1" 200 23039
82.159.41.175.dyn.user.ono.com - - [10/Dec/2017:17:07:02 +0100] "GET /segelkurs-jollesmartkat.shtml HTTP/1.1" 200 19993
82.159.41.175.dyn.user.ono.com - - [10/Dec/2017:17:07:03 +0100] "GET /smartkat-crashkurs.shtml HTTP/1.1" 200 17863
82.159.41.175.dyn.user.ono.com - - [10/Dec/2017:17:07:05 +0100] "GET /flotte.shtml HTTP/1.1" 200 29241
82.159.41.175.dyn.user.ono.com - - [10/Dec/2017:17:07:07 +0100] "GET /js/functions_stripped.js?v=6.6.7.2.41064 HTTP/1.1" 200 7672
82.159.41.175.dyn.user.ono.com - - [10/Dec/2017:17:07:08 +0100] "GET /Perspectiva.html? HTTP/1.1" 200 18069
82.159.41.175.dyn.user.ono.com - - [10/Dec/2017:17:07:10 +0100] "GET /js/jquery.lazyload.min.js?v=6.6.7.2.41064 HTTP/1.1" 200 3342
82.159.41.175.dyn.user.ono.com - - [10/Dec/2017:17:07:10 +0100] "GET /js/).html(a);null==$( HTTP/1.1" 200 219
82.159.41.175.dyn.user.ono.com - - [10/Dec/2017:17:07:10 +0100] "GET /davosersee HTTP/1.1" 200 19505
82.159.41.175.dyn.user.ono.com - - [10/Dec/2017:17:07:10 +0100] "GET /aktuelles-wetter HTTP/1.1" 200 18388
82.159.41.175.dyn.user.ono.com - - [10/Dec/2017:17:07:11 +0100] "GET /event-matchracing HTTP/1.1" 200 21251
82.159.41.175.dyn.user.ono.com - - [10/Dec/2017:17:07:11 +0100] "GET /event-gruppesmartkat HTTP/1.1" 200 21256
82.159.41.175.dyn.user.ono.com - - [10/Dec/2017:17:07:11 +0100] "GET /event-pedalo HTTP/1.1" 200 20248
82.159.41.175.dyn.user.ono.com - - [10/Dec/2017:17:07:12 +0100] "GET /events HTTP/1.1" 200 22514
82.159.41.175.dyn.user.ono.com - - [10/Dec/2017:17:07:13 +0100] "GET /flotte HTTP/1.1" 200 29385
hydrogen085.a.ahrefs.com - - [10/Dec/2017:17:19:46 +0100] "GET /var/m_0/0d/0dd/12455/6564701-G3_SKT2015_30.jpg HTTP/1.1" 200 93984
crawl-146-170-187-194.qwant.com - - [10/Dec/2017:17:23:29 +0100] "GET /kinder-segelkurs.shtml HTTP/1.0" 200 5171
pD95239DB.dip0.t-ipconnect.de - - [10/Dec/2017:17:32:51 +0100] "GET /var/m_0/0d/0dd/12455/126126-43_See.JPG HTTP/1.1" 200 86511
crawl-146-170-187-194.qwant.com - - [10/Dec/2017:17:44:11 +0100] "GET /kursanmeldung.shtml HTTP/1.0" 200 10952
crawl-66-249-64-28.googlebot.com - - [10/Dec/2017:17:50:51 +0100] "GET /robots.txt HTTP/1.1" 200 80
crawl-66-249-64-28.googlebot.com - - [10/Dec/2017:17:50:51 +0100] "GET /favicon.ico HTTP/1.1" 200 1150
crawl-146-170-187-194.qwant.com - - [10/Dec/2017:17:53:26 +0100] "GET /davosersee.shtml HTTP/1.0" 200 5477
hydrogen261.a.ahrefs.com - - [10/Dec/2017:17:59:47 +0100] "GET /segelkurs-jollesmartkat.shtml HTTP/1.1" 200 5139
