46-118-157-50.broadband.kyivstar.net - - [13/Dec/2017:08:09:44 +0100] "GET / HTTP/1.1" 200 35804
46-118-157-50.broadband.kyivstar.net - - [13/Dec/2017:08:09:45 +0100] "GET / HTTP/1.1" 200 35804
46-118-157-50.broadband.kyivstar.net - - [13/Dec/2017:08:09:46 +0100] "GET / HTTP/1.1" 200 35804
algo.local - - [13/Dec/2017:08:25:28 +0100] "GET / HTTP/1.0" 200 35804
cpe-24-198-94-95.maine.res.rr.com - - [13/Dec/2017:08:46:33 +0100] "GET / HTTP/1.1" 200 6440
cpe-24-198-94-95.maine.res.rr.com - - [13/Dec/2017:08:46:34 +0100] "GET /css/widgets/concat_widget.min.css?v=6.6.7.2.41064 HTTP/1.1" 200 24507
cpe-24-198-94-95.maine.res.rr.com - - [13/Dec/2017:08:46:34 +0100] "GET /templates/creator/m_f/fa/fa7/164/assets/respond.min.js?v=1483633820 HTTP/1.1" 200 2085
cpe-24-198-94-95.maine.res.rr.com - - [13/Dec/2017:08:46:34 +0100] "GET /templates/creator/m_f/fa/fa7/164/css/main.min.css?v=1483633820 HTTP/1.1" 200 1797
cpe-24-198-94-95.maine.res.rr.com - - [13/Dec/2017:08:46:34 +0100] "GET /templates/creator/m_f/fa/fa7/164/css/style.min.css?v=1483633820 HTTP/1.1" 200 847
cpe-24-198-94-95.maine.res.rr.com - - [13/Dec/2017:08:46:34 +0100] "GET /css/skeleton.css HTTP/1.1" 200 3511
cpe-24-198-94-95.maine.res.rr.com - - [13/Dec/2017:08:46:34 +0100] "GET /js/footer/build_social_entries.min.js?v=6.6.7.2.41064 HTTP/1.1" 200 278
cpe-24-198-94-95.maine.res.rr.com - - [13/Dec/2017:08:46:34 +0100] "GET /templates/creator/m_f/fa/fa7/164/assets/wp-menu.js?v=1483633820 HTTP/1.1" 200 1089
cpe-24-198-94-95.maine.res.rr.com - - [13/Dec/2017:08:46:34 +0100] "GET /templates/creator/m_f/fa/fa7/164/assets/slide.js?v=1483633820 HTTP/1.1" 200 662
cpe-24-198-94-95.maine.res.rr.com - - [13/Dec/2017:08:46:34 +0100] "GET /js/functions_stripped.js?v=6.6.7.2.41064 HTTP/1.1" 200 3186
cpe-24-198-94-95.maine.res.rr.com - - [13/Dec/2017:08:46:34 +0100] "GET /js/jquery.lazyload.min.js?v=6.6.7.2.41064 HTTP/1.1" 200 1283
cpe-24-198-94-95.maine.res.rr.com - - [13/Dec/2017:08:46:34 +0100] "GET /templates/resellers/7/favicon.ico?v=1506103971 HTTP/1.1" 200 4286
cpe-24-198-94-95.maine.res.rr.com - - [13/Dec/2017:08:46:34 +0100] "GET /js/footer/get_deps.min.js?v=6.6.7.2.41064 HTTP/1.1" 200 157
cpe-24-198-94-95.maine.res.rr.com - - [13/Dec/2017:08:46:35 +0100] "GET /var/m_0/0d/0dd/12455/7230972-19_Matchracing.jpg HTTP/1.1" 200 55347
cpe-24-198-94-95.maine.res.rr.com - - [13/Dec/2017:08:46:35 +0100] "GET /var/m_0/0d/0dd/12455/8218280-65_Regatta.JPG HTTP/1.1" 200 192350
cpe-24-198-94-95.maine.res.rr.com - - [13/Dec/2017:08:46:35 +0100] "GET /var/m_0/0d/0dd/12455/6564603-SK_Tro_Head.jpg HTTP/1.1" 200 136780
cpe-24-198-94-95.maine.res.rr.com - - [13/Dec/2017:08:46:35 +0100] "GET /var/m_0/0d/0dd/12455/125493-13_Kurse.JPG HTTP/1.1" 200 70517
cpe-24-198-94-95.maine.res.rr.com - - [13/Dec/2017:08:46:35 +0100] "GET /var/m_0/0d/0dd/12455/8254793-J70_Davos.w1024.jpg HTTP/1.1" 200 191999
cpe-24-198-94-95.maine.res.rr.com - - [13/Dec/2017:08:46:35 +0100] "GET /var/m_0/0d/0dd/12455/125495-15_Event.JPG HTTP/1.1" 200 59088
cpe-24-198-94-95.maine.res.rr.com - - [13/Dec/2017:08:46:35 +0100] "GET /var/m_0/0d/0dd/12455/143586-SP_DK1.jpg HTTP/1.1" 200 3071
cpe-24-198-94-95.maine.res.rr.com - - [13/Dec/2017:08:46:35 +0100] "GET /var/m_0/0d/0dd/12455/143580-SP_Heierling1.jpg HTTP/1.1" 200 2613
cpe-24-198-94-95.maine.res.rr.com - - [13/Dec/2017:08:46:35 +0100] "GET /var/m_0/0d/0dd/12455/143584-SP_Lemm1.jpg HTTP/1.1" 200 2321
cpe-24-198-94-95.maine.res.rr.com - - [13/Dec/2017:08:46:35 +0100] "GET /var/m_0/0d/0dd/12455/143582-SP_Gipfel1.jpg HTTP/1.1" 200 2688
cpe-24-198-94-95.maine.res.rr.com - - [13/Dec/2017:08:46:35 +0100] "GET /var/m_0/0d/0dd/12455/143351-Header_Segelschule.jpg HTTP/1.1" 200 107532
cpe-24-198-94-95.maine.res.rr.com - - [13/Dec/2017:08:46:35 +0100] "GET /var/m_0/0d/0dd/12455/125494-14_Vermietung.JPG HTTP/1.1" 200 95115
cpe-24-198-94-95.maine.res.rr.com - - [13/Dec/2017:08:46:35 +0100] "GET /var/m_0/0d/0dd/12455/8288159-EWD_rgb_pos.jpg HTTP/1.1" 200 207458
