static.237.59.243.136.clients.your-server.de - - [16/Oct/2017:14:00:39 +0200] "GET /robots.txt HTTP/1.1" 200 120
static.237.59.243.136.clients.your-server.de - - [16/Oct/2017:14:00:40 +0200] "GET /event-matchracing.shtml HTTP/1.1" 200 21251
x28.ch - - [16/Oct/2017:14:11:10 +0200] "GET /robots.txt HTTP/1.1" 200 120
x28.ch - - [16/Oct/2017:14:11:10 +0200] "GET / HTTP/1.1" 200 6440
hydrogen333.a.ahrefs.com - - [16/Oct/2017:14:11:19 +0200] "GET /var/m_0/0d/0dd/12455/6564735-G3_SKT2015_60.jpg HTTP/1.1" 200 102335
msnbot-207-46-13-24.search.msn.com - - [16/Oct/2017:14:21:54 +0200] "GET /kursanmeldung.shtml HTTP/1.1" 200 10952
msnbot-40-77-167-74.search.msn.com - - [16/Oct/2017:14:21:59 +0200] "GET /%C3%BCber-uns.shtml HTTP/1.1" 200 4740
hydrogen351.a.ahrefs.com - - [16/Oct/2017:14:22:00 +0200] "GET /var/m_0/0d/0dd/12455/6564683-G3_SKT2015_14.jpg HTTP/1.1" 200 195006
msnbot-40-77-167-74.search.msn.com - - [16/Oct/2017:14:22:01 +0200] "GET /flotte.shtml HTTP/1.1" 200 6274
msnbot-40-77-167-74.search.msn.com - - [16/Oct/2017:14:22:02 +0200] "GET /davosersee.shtml HTTP/1.1" 200 5477
msnbot-157-55-39-122.search.msn.com - - [16/Oct/2017:14:22:04 +0200] "GET /optikurse-2014.shtml HTTP/1.1" 200 4938
msnbot-157-55-39-42.search.msn.com - - [16/Oct/2017:14:22:23 +0200] "GET /aktuelles-wetter.shtml HTTP/1.1" 200 4575
msnbot-157-55-39-42.search.msn.com - - [16/Oct/2017:14:22:22 +0200] "GET /standort.shtml HTTP/1.1" 200 4717
baiduspider-180-76-15-13.crawl.baidu.com - - [16/Oct/2017:14:31:19 +0200] "GET /robots.txt HTTP/1.1" 200 80
baiduspider-180-76-15-8.crawl.baidu.com - - [16/Oct/2017:14:31:19 +0200] "GET /robots.txt HTTP/1.1" 200 80
baiduspider-180-76-15-147.crawl.baidu.com - - [16/Oct/2017:14:33:08 +0200] "GET /galerie-sktrophy-2015.shtml HTTP/1.1" 200 5939
static.237.59.243.136.clients.your-server.de - - [16/Oct/2017:14:44:41 +0200] "GET /galerie-matchracing.shtml HTTP/1.1" 200 21704
197.224.197.178.dynamic.wless.zhbmb00p-cgnat.res.cust.swisscom.ch - - [16/Oct/2017:14:57:41 +0200] "GET /var/m_0/0d/0dd/12455/126126-43_See.JPG HTTP/1.1" 200 86511
104.15.127.176.dynamic.wline.res.cust.swisscom.ch - - [16/Oct/2017:14:58:21 +0200] "GET / HTTP/1.1" 200 6440
104.15.127.176.dynamic.wline.res.cust.swisscom.ch - - [16/Oct/2017:14:58:23 +0200] "GET /css/widgets/concat_widget.min.css?v=6.6.7.2.41064 HTTP/1.1" 200 24507
104.15.127.176.dynamic.wline.res.cust.swisscom.ch - - [16/Oct/2017:14:58:23 +0200] "GET /js/footer/get_deps.min.js?v=6.6.7.2.41064 HTTP/1.1" 200 157
104.15.127.176.dynamic.wline.res.cust.swisscom.ch - - [16/Oct/2017:14:58:23 +0200] "GET /css/skeleton.css HTTP/1.1" 200 3511
104.15.127.176.dynamic.wline.res.cust.swisscom.ch - - [16/Oct/2017:14:58:23 +0200] "GET /templates/creator/m_f/fa/fa7/164/assets/slide.js?v=1483633820 HTTP/1.1" 200 662
104.15.127.176.dynamic.wline.res.cust.swisscom.ch - - [16/Oct/2017:14:58:23 +0200] "GET /var/m_0/0d/0dd/12455/6564603-SK_Tro_Head.jpg HTTP/1.1" 304 -
104.15.127.176.dynamic.wline.res.cust.swisscom.ch - - [16/Oct/2017:14:58:23 +0200] "GET /var/m_0/0d/0dd/12455/125493-13_Kurse.JPG HTTP/1.1" 304 -
104.15.127.176.dynamic.wline.res.cust.swisscom.ch - - [16/Oct/2017:14:58:23 +0200] "GET /var/m_0/0d/0dd/12455/143580-SP_Heierling1.jpg HTTP/1.1" 304 -
104.15.127.176.dynamic.wline.res.cust.swisscom.ch - - [16/Oct/2017:14:58:23 +0200] "GET /templates/creator/m_f/fa/fa7/164/css/style.min.css?v=1483633820 HTTP/1.1" 200 847
104.15.127.176.dynamic.wline.res.cust.swisscom.ch - - [16/Oct/2017:14:58:23 +0200] "GET /templates/creator/m_f/fa/fa7/164/css/main.min.css?v=1483633820 HTTP/1.1" 200 1797
104.15.127.176.dynamic.wline.res.cust.swisscom.ch - - [16/Oct/2017:14:58:23 +0200] "GET /templates/creator/m_f/fa/fa7/164/assets/wp-menu.js?v=1483633820 HTTP/1.1" 200 1089
104.15.127.176.dynamic.wline.res.cust.swisscom.ch - - [16/Oct/2017:14:58:23 +0200] "GET /js/footer/build_social_entries.min.js?v=6.6.7.2.41064 HTTP/1.1" 200 278
104.15.127.176.dynamic.wline.res.cust.swisscom.ch - - [16/Oct/2017:14:58:23 +0200] "GET /templates/creator/m_f/fa/fa7/164/assets/respond.min.js?v=1483633820 HTTP/1.1" 200 2085
104.15.127.176.dynamic.wline.res.cust.swisscom.ch - - [16/Oct/2017:14:58:23 +0200] "GET /js/functions_stripped.js?v=6.6.7.2.41064 HTTP/1.1" 200 3186
104.15.127.176.dynamic.wline.res.cust.swisscom.ch - - [16/Oct/2017:14:58:23 +0200] "GET /js/jquery.lazyload.min.js?v=6.6.7.2.41064 HTTP/1.1" 200 1283
104.15.127.176.dynamic.wline.res.cust.swisscom.ch - - [16/Oct/2017:14:58:23 +0200] "GET /var/m_0/0d/0dd/12455/143351-Header_Segelschule.jpg HTTP/1.1" 304 -
104.15.127.176.dynamic.wline.res.cust.swisscom.ch - - [16/Oct/2017:14:58:24 +0200] "GET /var/m_0/0d/0dd/12455/8254793-J70_Davos.w1024.jpg HTTP/1.1" 304 -
104.15.127.176.dynamic.wline.res.cust.swisscom.ch - - [16/Oct/2017:14:58:24 +0200] "GET /var/m_0/0d/0dd/12455/8218280-65_Regatta.JPG HTTP/1.1" 304 -
104.15.127.176.dynamic.wline.res.cust.swisscom.ch - - [16/Oct/2017:14:58:24 +0200] "GET /var/m_0/0d/0dd/12455/7230972-19_Matchracing.jpg HTTP/1.1" 304 -
104.15.127.176.dynamic.wline.res.cust.swisscom.ch - - [16/Oct/2017:14:58:24 +0200] "GET /var/m_0/0d/0dd/12455/125494-14_Vermietung.JPG HTTP/1.1" 304 -
104.15.127.176.dynamic.wline.res.cust.swisscom.ch - - [16/Oct/2017:14:58:24 +0200] "GET /var/m_0/0d/0dd/12455/143586-SP_DK1.jpg HTTP/1.1" 304 -
104.15.127.176.dynamic.wline.res.cust.swisscom.ch - - [16/Oct/2017:14:58:24 +0200] "GET /var/m_0/0d/0dd/12455/125495-15_Event.JPG HTTP/1.1" 304 -
104.15.127.176.dynamic.wline.res.cust.swisscom.ch - - [16/Oct/2017:14:58:24 +0200] "GET /var/m_0/0d/0dd/12455/143584-SP_Lemm1.jpg HTTP/1.1" 304 -
104.15.127.176.dynamic.wline.res.cust.swisscom.ch - - [16/Oct/2017:14:58:24 +0200] "GET /var/m_0/0d/0dd/12455/8288159-EWD_rgb_pos.jpg HTTP/1.1" 304 -
104.15.127.176.dynamic.wline.res.cust.swisscom.ch - - [16/Oct/2017:14:58:24 +0200] "GET /var/m_0/0d/0dd/12455/143582-SP_Gipfel1.jpg HTTP/1.1" 304 -
