24.204.15.62.static.jazztel.es - - [15/Nov/2017:14:29:02 +0100] "GET / HTTP/1.1" 200 35804
24.204.15.62.static.jazztel.es - - [15/Nov/2017:14:29:02 +0100] "GET /events.shtml HTTP/1.1" 200 22514
24.204.15.62.static.jazztel.es - - [15/Nov/2017:14:29:04 +0100] "GET /galerie.shtml HTTP/1.1" 200 22747
24.204.15.62.static.jazztel.es - - [15/Nov/2017:14:29:04 +0100] "GET /kurse.shtml HTTP/1.1" 200 31031
24.204.15.62.static.jazztel.es - - [15/Nov/2017:14:29:05 +0100] "GET /vermietung.shtml HTTP/1.1" 200 25728
24.204.15.62.static.jazztel.es - - [15/Nov/2017:14:29:06 +0100] "GET /event-pedalo.shtml HTTP/1.1" 200 20248
24.204.15.62.static.jazztel.es - - [15/Nov/2017:14:29:06 +0100] "GET /event-matchracing.shtml HTTP/1.1" 200 21251
24.204.15.62.static.jazztel.es - - [15/Nov/2017:14:29:06 +0100] "GET /galerie-gruppesmartkat.shtml HTTP/1.1" 200 20574
24.204.15.62.static.jazztel.es - - [15/Nov/2017:14:29:06 +0100] "GET /event-gruppesmartkat.shtml HTTP/1.1" 200 21256
24.204.15.62.static.jazztel.es - - [15/Nov/2017:14:29:07 +0100] "GET /galerie-matchracing.shtml HTTP/1.1" 200 21704
24.204.15.62.static.jazztel.es - - [15/Nov/2017:14:29:07 +0100] "GET /galerie-sktrophy-2015.shtml HTTP/1.1" 200 49420
24.204.15.62.static.jazztel.es - - [15/Nov/2017:14:29:07 +0100] "GET /galerie-sktrophy-2014.shtml HTTP/1.1" 200 29913
24.204.15.62.static.jazztel.es - - [15/Nov/2017:14:29:08 +0100] "GET /optikurse-2014.shtml HTTP/1.1" 200 26353
24.204.15.62.static.jazztel.es - - [15/Nov/2017:14:29:08 +0100] "GET /segel-grundkurs.shtml HTTP/1.1" 200 21440
24.204.15.62.static.jazztel.es - - [15/Nov/2017:14:29:08 +0100] "GET /pruefungskurs.shtml HTTP/1.1" 200 23039
24.204.15.62.static.jazztel.es - - [15/Nov/2017:14:29:08 +0100] "GET /smartkat-crashkurs.shtml HTTP/1.1" 200 17863
24.204.15.62.static.jazztel.es - - [15/Nov/2017:14:29:08 +0100] "GET /segelkurs-jollesmartkat.shtml HTTP/1.1" 200 19993
24.204.15.62.static.jazztel.es - - [15/Nov/2017:14:29:08 +0100] "GET /kinder-segelkurs.shtml HTTP/1.1" 200 19898
24.204.15.62.static.jazztel.es - - [15/Nov/2017:14:29:09 +0100] "GET /js/jquery.lazyload.min.js?v=6.6.7.2.41064 HTTP/1.1" 200 3342
24.204.15.62.static.jazztel.es - - [15/Nov/2017:14:29:09 +0100] "GET /flotte.shtml HTTP/1.1" 200 29241
24.204.15.62.static.jazztel.es - - [15/Nov/2017:14:29:09 +0100] "GET /Perspectiva.html? HTTP/1.1" 200 18069
24.204.15.62.static.jazztel.es - - [15/Nov/2017:14:29:09 +0100] "GET /js/functions_stripped.js?v=6.6.7.2.41064 HTTP/1.1" 200 7672
24.204.15.62.static.jazztel.es - - [15/Nov/2017:14:29:30 +0100] "GET /aktuelles-wetter HTTP/1.1" 200 18388
24.204.15.62.static.jazztel.es - - [15/Nov/2017:14:29:31 +0100] "GET /davosersee HTTP/1.1" 200 19505
24.204.15.62.static.jazztel.es - - [15/Nov/2017:14:29:31 +0100] "GET /event-matchracing HTTP/1.1" 200 21251
24.204.15.62.static.jazztel.es - - [15/Nov/2017:14:29:31 +0100] "GET /event-gruppesmartkat HTTP/1.1" 200 21256
24.204.15.62.static.jazztel.es - - [15/Nov/2017:14:29:31 +0100] "GET /event-pedalo HTTP/1.1" 200 20248
24.204.15.62.static.jazztel.es - - [15/Nov/2017:14:29:31 +0100] "GET /events HTTP/1.1" 200 22514
24.204.15.62.static.jazztel.es - - [15/Nov/2017:14:29:32 +0100] "GET /flotte HTTP/1.1" 200 29385
