173.252.98.204 - - [02/Nov/2017:21:09:05 +0100] "GET /var/m_0/0d/0dd/12455/143352-Header_Segelschule_2.jpg HTTP/1.1" 200 107532
pub158181126098.dh-hfc.datazug.ch - - [02/Nov/2017:21:09:08 +0100] "GET /smartkat-crashkurs HTTP/1.1" 200 4793
77-56-211-209.dclient.hispeed.ch - - [02/Nov/2017:21:39:20 +0100] "GET / HTTP/1.1" 200 6401
77-56-211-209.dclient.hispeed.ch - - [02/Nov/2017:21:39:20 +0100] "GET /css/widgets/concat_widget.min.css?v=6.6.7.2.41064 HTTP/1.1" 200 24507
77-56-211-209.dclient.hispeed.ch - - [02/Nov/2017:21:39:20 +0100] "GET /templates/creator/m_f/fa/fa7/164/css/style.min.css?v=1483633820 HTTP/1.1" 200 847
77-56-211-209.dclient.hispeed.ch - - [02/Nov/2017:21:39:20 +0100] "GET /templates/creator/m_f/fa/fa7/164/assets/wp-menu.js?v=1483633820 HTTP/1.1" 200 1089
77-56-211-209.dclient.hispeed.ch - - [02/Nov/2017:21:39:20 +0100] "GET /templates/creator/m_f/fa/fa7/164/css/main.min.css?v=1483633820 HTTP/1.1" 200 1797
77-56-211-209.dclient.hispeed.ch - - [02/Nov/2017:21:39:20 +0100] "GET /js/footer/get_deps.min.js?v=6.6.7.2.41064 HTTP/1.1" 200 157
77-56-211-209.dclient.hispeed.ch - - [02/Nov/2017:21:39:20 +0100] "GET /js/footer/build_social_entries.min.js?v=6.6.7.2.41064 HTTP/1.1" 200 278
77-56-211-209.dclient.hispeed.ch - - [02/Nov/2017:21:39:20 +0100] "GET /templates/creator/m_f/fa/fa7/164/assets/respond.min.js?v=1483633820 HTTP/1.1" 200 2085
77-56-211-209.dclient.hispeed.ch - - [02/Nov/2017:21:39:20 +0100] "GET /templates/creator/m_f/fa/fa7/164/assets/slide.js?v=1483633820 HTTP/1.1" 200 662
77-56-211-209.dclient.hispeed.ch - - [02/Nov/2017:21:39:20 +0100] "GET /css/skeleton.css HTTP/1.1" 200 3511
77-56-211-209.dclient.hispeed.ch - - [02/Nov/2017:21:39:21 +0100] "GET /js/functions_stripped.js?v=6.6.7.2.41064 HTTP/1.1" 200 3186
77-56-211-209.dclient.hispeed.ch - - [02/Nov/2017:21:39:21 +0100] "GET /js/jquery.lazyload.min.js?v=6.6.7.2.41064 HTTP/1.1" 200 1283
77-56-211-209.dclient.hispeed.ch - - [02/Nov/2017:21:39:21 +0100] "GET /templates/creator/m_f/fa/fa7/164/assets/tab_b_bottom.png HTTP/1.1" 200 962
77-56-211-209.dclient.hispeed.ch - - [02/Nov/2017:21:39:21 +0100] "GET /templates/creator/m_f/fa/fa7/164/assets/bt_close.png HTTP/1.1" 200 2150
77-56-211-209.dclient.hispeed.ch - - [02/Nov/2017:21:39:21 +0100] "GET /templates/creator/m_f/fa/fa7/164/assets/tab_r_bottom.png HTTP/1.1" 200 1803
77-56-211-209.dclient.hispeed.ch - - [02/Nov/2017:21:39:21 +0100] "GET /var/m_0/0d/0dd/12455/143351-Header_Segelschule.jpg HTTP/1.1" 200 107532
77-56-211-209.dclient.hispeed.ch - - [02/Nov/2017:21:39:21 +0100] "GET /var/m_0/0d/0dd/12455/125494-14_Vermietung.JPG HTTP/1.1" 200 95115
77-56-211-209.dclient.hispeed.ch - - [02/Nov/2017:21:39:21 +0100] "GET /var/m_0/0d/0dd/12455/8218280-65_Regatta.JPG HTTP/1.1" 200 192350
77-56-211-209.dclient.hispeed.ch - - [02/Nov/2017:21:39:21 +0100] "GET /var/m_0/0d/0dd/12455/6564603-SK_Tro_Head.jpg HTTP/1.1" 200 136780
77-56-211-209.dclient.hispeed.ch - - [02/Nov/2017:21:39:21 +0100] "GET /var/m_0/0d/0dd/12455/125495-15_Event.JPG HTTP/1.1" 200 59088
77-56-211-209.dclient.hispeed.ch - - [02/Nov/2017:21:39:21 +0100] "GET /templates/creator/m_f/fa/fa7/164/assets/tab_m_bottom.png HTTP/1.1" 200 1000
77-56-211-209.dclient.hispeed.ch - - [02/Nov/2017:21:39:21 +0100] "GET /var/m_0/0d/0dd/12455/8254793-J70_Davos.w640.jpg HTTP/1.1" 200 77993
77-56-211-209.dclient.hispeed.ch - - [02/Nov/2017:21:39:21 +0100] "GET /templates/creator/m_f/fa/fa7/164/assets/bt_open.png HTTP/1.1" 200 2044
77-56-211-209.dclient.hispeed.ch - - [02/Nov/2017:21:39:21 +0100] "GET /templates/creator/m_f/fa/fa7/164/assets/tab_l_bottom.png HTTP/1.1" 200 1751
77-56-211-209.dclient.hispeed.ch - - [02/Nov/2017:21:39:21 +0100] "GET /var/m_0/0d/0dd/12455/7230972-19_Matchracing.jpg HTTP/1.1" 200 55347
77-56-211-209.dclient.hispeed.ch - - [02/Nov/2017:21:39:21 +0100] "GET /var/m_0/0d/0dd/12455/125493-13_Kurse.JPG HTTP/1.1" 200 70517
77-56-211-209.dclient.hispeed.ch - - [02/Nov/2017:21:39:22 +0100] "GET /templates/resellers/7/favicon.ico?v=1506170298 HTTP/1.1" 200 4286
baiduspider-180-76-15-151.crawl.baidu.com - - [02/Nov/2017:21:39:39 +0100] "GET /templates/creator/m_f/fa/fa7/164/css/main.min.css?v=1483633820 HTTP/1.1" 200 1797
77-56-211-209.dclient.hispeed.ch - - [02/Nov/2017:21:39:56 +0100] "GET /var/m_0/0d/0dd/12455/143586-SP_DK1.jpg HTTP/1.1" 200 3071
77-56-211-209.dclient.hispeed.ch - - [02/Nov/2017:21:39:56 +0100] "GET /var/m_0/0d/0dd/12455/143584-SP_Lemm1.jpg HTTP/1.1" 200 2321
77-56-211-209.dclient.hispeed.ch - - [02/Nov/2017:21:39:56 +0100] "GET /var/m_0/0d/0dd/12455/143580-SP_Heierling1.jpg HTTP/1.1" 200 2613
77-56-211-209.dclient.hispeed.ch - - [02/Nov/2017:21:39:58 +0100] "GET /var/m_0/0d/0dd/12455/8288159-EWD_rgb_pos.jpg HTTP/1.1" 200 207458
77-56-211-209.dclient.hispeed.ch - - [02/Nov/2017:21:39:58 +0100] "GET /var/m_0/0d/0dd/12455/143582-SP_Gipfel1.jpg HTTP/1.1" 200 2688
crawl-66-249-64-27.googlebot.com - - [02/Nov/2017:21:42:30 +0100] "GET /css/widgets/concat_widget.min.css?v=6.6.1.38889 HTTP/1.1" 200 24507
crawl-66-249-64-27.googlebot.com - - [02/Nov/2017:21:42:42 +0100] "GET /css/widgets/concat_widget.min.css?v=6.6.7.2.41064 HTTP/1.1" 200 24507
hydrogen199.a.ahrefs.com - - [02/Nov/2017:21:44:06 +0100] "GET /optikurse-2014 HTTP/1.1" 200 4938
100.227.197.178.dynamic.wless.zhbmb00p-cgnat.res.cust.swisscom.ch - - [02/Nov/2017:21:45:00 +0100] "GET /var/m_0/0d/0dd/12455/126126-43_See.JPG HTTP/1.1" 200 86511
