134-249-52-116.broadband.kyivstar.net - - [11/Dec/2017:17:21:11 +0100] "GET / HTTP/1.1" 200 35804
134-249-52-116.broadband.kyivstar.net - - [11/Dec/2017:17:21:12 +0100] "GET / HTTP/1.1" 200 35804
46-118-157-50.broadband.kyivstar.net - - [11/Dec/2017:17:31:22 +0100] "GET / HTTP/1.1" 200 35804
46-118-157-50.broadband.kyivstar.net - - [11/Dec/2017:17:31:23 +0100] "GET / HTTP/1.1" 200 35804
46-118-157-50.broadband.kyivstar.net - - [11/Dec/2017:17:31:24 +0100] "GET / HTTP/1.1" 200 35804
134-249-52-116.broadband.kyivstar.net - - [11/Dec/2017:17:40:22 +0100] "GET / HTTP/1.1" 200 35804
134-249-52-116.broadband.kyivstar.net - - [11/Dec/2017:17:40:23 +0100] "GET / HTTP/1.1" 200 35804
134-249-52-116.broadband.kyivstar.net - - [11/Dec/2017:17:40:24 +0100] "GET / HTTP/1.1" 200 35804
77-173-185-130.ip.telfort.nl - - [11/Dec/2017:17:50:46 +0100] "GET / HTTP/1.1" 200 35804
77-173-185-130.ip.telfort.nl - - [11/Dec/2017:17:50:46 +0100] "GET /events.shtml HTTP/1.1" 200 22514
77-173-185-130.ip.telfort.nl - - [11/Dec/2017:17:50:46 +0100] "GET /galerie.shtml HTTP/1.1" 200 22747
77-173-185-130.ip.telfort.nl - - [11/Dec/2017:17:50:47 +0100] "GET /kurse.shtml HTTP/1.1" 200 31031
77-173-185-130.ip.telfort.nl - - [11/Dec/2017:17:50:47 +0100] "GET /vermietung.shtml HTTP/1.1" 200 25728
77-173-185-130.ip.telfort.nl - - [11/Dec/2017:17:50:48 +0100] "GET /galerie-gruppesmartkat.shtml HTTP/1.1" 200 20574
77-173-185-130.ip.telfort.nl - - [11/Dec/2017:17:50:48 +0100] "GET /event-gruppesmartkat.shtml HTTP/1.1" 200 21256
77-173-185-130.ip.telfort.nl - - [11/Dec/2017:17:50:48 +0100] "GET /event-matchracing.shtml HTTP/1.1" 200 21251
77-173-185-130.ip.telfort.nl - - [11/Dec/2017:17:50:48 +0100] "GET /event-pedalo.shtml HTTP/1.1" 200 20248
77-173-185-130.ip.telfort.nl - - [11/Dec/2017:17:50:49 +0100] "GET /galerie-sktrophy-2015.shtml HTTP/1.1" 200 49420
77-173-185-130.ip.telfort.nl - - [11/Dec/2017:17:50:49 +0100] "GET /pruefungskurs.shtml HTTP/1.1" 200 23039
77-173-185-130.ip.telfort.nl - - [11/Dec/2017:17:50:49 +0100] "GET /galerie-matchracing.shtml HTTP/1.1" 200 21704
77-173-185-130.ip.telfort.nl - - [11/Dec/2017:17:50:49 +0100] "GET /optikurse-2014.shtml HTTP/1.1" 200 26353
77-173-185-130.ip.telfort.nl - - [11/Dec/2017:17:50:49 +0100] "GET /galerie-sktrophy-2014.shtml HTTP/1.1" 200 29913
77-173-185-130.ip.telfort.nl - - [11/Dec/2017:17:50:49 +0100] "GET /kinder-segelkurs.shtml HTTP/1.1" 200 19898
77-173-185-130.ip.telfort.nl - - [11/Dec/2017:17:50:50 +0100] "GET /segel-grundkurs.shtml HTTP/1.1" 200 21440
77-173-185-130.ip.telfort.nl - - [11/Dec/2017:17:50:50 +0100] "GET /js/functions_stripped.js?v=6.6.7.2.41064 HTTP/1.1" 200 7672
77-173-185-130.ip.telfort.nl - - [11/Dec/2017:17:50:50 +0100] "GET /segelkurs-jollesmartkat.shtml HTTP/1.1" 200 19993
77-173-185-130.ip.telfort.nl - - [11/Dec/2017:17:50:50 +0100] "GET /flotte.shtml HTTP/1.1" 200 29241
77-173-185-130.ip.telfort.nl - - [11/Dec/2017:17:50:50 +0100] "GET /Perspectiva.html? HTTP/1.1" 200 18069
77-173-185-130.ip.telfort.nl - - [11/Dec/2017:17:50:50 +0100] "GET /smartkat-crashkurs.shtml HTTP/1.1" 200 17863
77-173-185-130.ip.telfort.nl - - [11/Dec/2017:17:50:51 +0100] "GET /aktuelles-wetter HTTP/1.1" 200 18388
77-173-185-130.ip.telfort.nl - - [11/Dec/2017:17:50:51 +0100] "GET /event-gruppesmartkat HTTP/1.1" 200 21256
77-173-185-130.ip.telfort.nl - - [11/Dec/2017:17:50:51 +0100] "GET /event-pedalo HTTP/1.1" 200 20248
77-173-185-130.ip.telfort.nl - - [11/Dec/2017:17:50:51 +0100] "GET /event-matchracing HTTP/1.1" 200 21251
77-173-185-130.ip.telfort.nl - - [11/Dec/2017:17:50:51 +0100] "GET /js/).html(a);null==$( HTTP/1.1" 200 219
77-173-185-130.ip.telfort.nl - - [11/Dec/2017:17:50:51 +0100] "GET /davosersee HTTP/1.1" 200 19505
77-173-185-130.ip.telfort.nl - - [11/Dec/2017:17:50:51 +0100] "GET /js/jquery.lazyload.min.js?v=6.6.7.2.41064 HTTP/1.1" 200 3342
77-173-185-130.ip.telfort.nl - - [11/Dec/2017:17:50:52 +0100] "GET /events HTTP/1.1" 200 22514
77-173-185-130.ip.telfort.nl - - [11/Dec/2017:17:50:52 +0100] "GET /flotte HTTP/1.1" 200 29385
