msnbot-207-46-13-132.search.msn.com - - [02/Oct/2017:00:04:40 +0200] "GET / HTTP/1.1" 200 6440
216.244.66.229 - - [02/Oct/2017:00:44:12 +0200] "GET /robots.txt HTTP/1.1" 200 120
172-245-222-13-host.colocrossing.com - - [02/Oct/2017:00:53:35 +0200] "GET / HTTP/1.1" 200 35804
172-245-222-13-host.colocrossing.com - - [02/Oct/2017:00:53:36 +0200] "GET /%C3%BCber-uns.shtml HTTP/1.1" 200 21862
172-245-222-13-host.colocrossing.com - - [02/Oct/2017:00:53:37 +0200] "GET /aktuelles-wetter.shtml HTTP/1.1" 200 18388
172-245-222-13-host.colocrossing.com - - [02/Oct/2017:00:53:39 +0200] "GET /davosersee.shtml HTTP/1.1" 200 19505
172-245-222-13-host.colocrossing.com - - [02/Oct/2017:00:53:40 +0200] "GET /event-gruppesmartkat.shtml HTTP/1.1" 200 21256
172-245-222-13-host.colocrossing.com - - [02/Oct/2017:00:53:41 +0200] "GET /event-matchracing.shtml HTTP/1.1" 200 21251
172-245-222-13-host.colocrossing.com - - [02/Oct/2017:00:53:45 +0200] "GET /event-pedalo.shtml HTTP/1.1" 200 20248
172-245-222-13-host.colocrossing.com - - [02/Oct/2017:00:53:47 +0200] "GET /events.shtml HTTP/1.1" 200 22514
172-245-222-13-host.colocrossing.com - - [02/Oct/2017:00:53:48 +0200] "GET /flotte.shtml HTTP/1.1" 200 29241
172-245-222-13-host.colocrossing.com - - [02/Oct/2017:00:53:49 +0200] "GET /galerie-matchracing.shtml HTTP/1.1" 200 21704
172-245-222-13-host.colocrossing.com - - [02/Oct/2017:00:53:49 +0200] "GET /galerie-gruppesmartkat.shtml HTTP/1.1" 200 20574
172-245-222-13-host.colocrossing.com - - [02/Oct/2017:00:53:50 +0200] "GET /galerie-sktrophy-2014.shtml HTTP/1.1" 200 29913
172-245-222-13-host.colocrossing.com - - [02/Oct/2017:00:53:50 +0200] "GET /galerie-sktrophy-2015.shtml HTTP/1.1" 200 49420
172-245-222-13-host.colocrossing.com - - [02/Oct/2017:00:53:52 +0200] "GET /kinder-segelkurs.shtml HTTP/1.1" 200 19898
172-245-222-13-host.colocrossing.com - - [02/Oct/2017:00:53:52 +0200] "GET /galerie.shtml HTTP/1.1" 200 22747
172-245-222-13-host.colocrossing.com - - [02/Oct/2017:00:53:53 +0200] "GET /kursanmeldung.shtml HTTP/1.1" 200 49926
172-245-222-13-host.colocrossing.com - - [02/Oct/2017:00:53:53 +0200] "GET /kurse.shtml HTTP/1.1" 200 31031
172-245-222-13-host.colocrossing.com - - [02/Oct/2017:00:53:54 +0200] "GET /optikurse-2014.shtml HTTP/1.1" 200 26353
172-245-222-13-host.colocrossing.com - - [02/Oct/2017:00:53:55 +0200] "GET /segel-grundkurs.shtml HTTP/1.1" 200 21440
172-245-222-13-host.colocrossing.com - - [02/Oct/2017:00:53:55 +0200] "GET /pruefungskurs.shtml HTTP/1.1" 200 23039
172-245-222-13-host.colocrossing.com - - [02/Oct/2017:00:53:56 +0200] "GET /smartkat-crashkurs.shtml HTTP/1.1" 200 17863
172-245-222-13-host.colocrossing.com - - [02/Oct/2017:00:53:56 +0200] "GET /segelkurs-jollesmartkat.shtml HTTP/1.1" 200 19993
172-245-222-13-host.colocrossing.com - - [02/Oct/2017:00:53:57 +0200] "GET /standort.shtml HTTP/1.1" 200 17547
172-245-222-13-host.colocrossing.com - - [02/Oct/2017:00:53:58 +0200] "GET /vermietung.shtml HTTP/1.1" 200 25728
172-245-222-13-host.colocrossing.com - - [02/Oct/2017:00:53:59 +0200] "GET /js/functions_stripped.js?v=6.6.7.2.41064 HTTP/1.1" 200 7672
172-245-222-13-host.colocrossing.com - - [02/Oct/2017:00:53:59 +0200] "GET /Perspectiva.html? HTTP/1.1" 200 18069
172-245-222-13-host.colocrossing.com - - [02/Oct/2017:00:54:00 +0200] "GET /js/jquery.lazyload.min.js?v=6.6.7.2.41064 HTTP/1.1" 200 3342
172-245-222-13-host.colocrossing.com - - [02/Oct/2017:00:54:01 +0200] "GET /aktuelles-wetter HTTP/1.1" 200 18388
