msnbot-207-46-13-126.search.msn.com - - [01/Dec/2017:17:03:06 +0100] "GET / HTTP/1.1" 200 6440
msnbot-157-55-39-244.search.msn.com - - [01/Dec/2017:17:25:08 +0100] "GET / HTTP/1.1" 200 6440
hydrogen303.a.ahrefs.com - - [01/Dec/2017:17:40:47 +0100] "GET /var/m_0/0d/0dd/12455/143480-G1_SKT2014_04.JPG HTTP/1.1" 200 132118
239.202.18.95.dynamic.jazztel.es - - [01/Dec/2017:17:49:08 +0100] "GET / HTTP/1.1" 200 35804
239.202.18.95.dynamic.jazztel.es - - [01/Dec/2017:17:49:12 +0100] "GET /events.shtml HTTP/1.1" 200 22514
239.202.18.95.dynamic.jazztel.es - - [01/Dec/2017:17:49:13 +0100] "GET /galerie.shtml HTTP/1.1" 200 22747
239.202.18.95.dynamic.jazztel.es - - [01/Dec/2017:17:49:15 +0100] "GET /kurse.shtml HTTP/1.1" 200 31031
239.202.18.95.dynamic.jazztel.es - - [01/Dec/2017:17:49:16 +0100] "GET /event-gruppesmartkat.shtml HTTP/1.1" 200 21256
239.202.18.95.dynamic.jazztel.es - - [01/Dec/2017:17:49:16 +0100] "GET /vermietung.shtml HTTP/1.1" 200 25728
239.202.18.95.dynamic.jazztel.es - - [01/Dec/2017:17:49:18 +0100] "GET /event-matchracing.shtml HTTP/1.1" 200 21251
239.202.18.95.dynamic.jazztel.es - - [01/Dec/2017:17:49:18 +0100] "GET /event-pedalo.shtml HTTP/1.1" 200 20248
239.202.18.95.dynamic.jazztel.es - - [01/Dec/2017:17:49:20 +0100] "GET /galerie-gruppesmartkat.shtml HTTP/1.1" 200 20574
239.202.18.95.dynamic.jazztel.es - - [01/Dec/2017:17:49:21 +0100] "GET /galerie-matchracing.shtml HTTP/1.1" 200 21704
239.202.18.95.dynamic.jazztel.es - - [01/Dec/2017:17:49:22 +0100] "GET /galerie-sktrophy-2014.shtml HTTP/1.1" 200 29913
239.202.18.95.dynamic.jazztel.es - - [01/Dec/2017:17:49:26 +0100] "GET /galerie-sktrophy-2015.shtml HTTP/1.1" 200 49420
239.202.18.95.dynamic.jazztel.es - - [01/Dec/2017:17:49:27 +0100] "GET /kinder-segelkurs.shtml HTTP/1.1" 200 19898
239.202.18.95.dynamic.jazztel.es - - [01/Dec/2017:17:49:27 +0100] "GET /optikurse-2014.shtml HTTP/1.1" 200 26353
239.202.18.95.dynamic.jazztel.es - - [01/Dec/2017:17:49:29 +0100] "GET /segel-grundkurs.shtml HTTP/1.1" 200 21440
239.202.18.95.dynamic.jazztel.es - - [01/Dec/2017:17:49:29 +0100] "GET /pruefungskurs.shtml HTTP/1.1" 200 23039
239.202.18.95.dynamic.jazztel.es - - [01/Dec/2017:17:49:29 +0100] "GET /segelkurs-jollesmartkat.shtml HTTP/1.1" 200 19993
239.202.18.95.dynamic.jazztel.es - - [01/Dec/2017:17:49:30 +0100] "GET /flotte.shtml HTTP/1.1" 200 29241
239.202.18.95.dynamic.jazztel.es - - [01/Dec/2017:17:49:30 +0100] "GET /smartkat-crashkurs.shtml HTTP/1.1" 200 17863
239.202.18.95.dynamic.jazztel.es - - [01/Dec/2017:17:49:31 +0100] "GET /js/functions_stripped.js?v=6.6.7.2.41064 HTTP/1.1" 200 7672
239.202.18.95.dynamic.jazztel.es - - [01/Dec/2017:17:49:31 +0100] "GET /Perspectiva.html? HTTP/1.1" 200 18069
239.202.18.95.dynamic.jazztel.es - - [01/Dec/2017:17:49:32 +0100] "GET /js/).html(a);null==$( HTTP/1.1" 200 219
239.202.18.95.dynamic.jazztel.es - - [01/Dec/2017:17:49:32 +0100] "GET /js/jquery.lazyload.min.js?v=6.6.7.2.41064 HTTP/1.1" 200 3342
239.202.18.95.dynamic.jazztel.es - - [01/Dec/2017:17:49:32 +0100] "GET /js/index.php?sid=46&lang=en&item=1&act=users&ajax=state HTTP/1.1" 200 210
239.202.18.95.dynamic.jazztel.es - - [01/Dec/2017:17:49:35 +0100] "GET /aktuelles-wetter HTTP/1.1" 200 18388
239.202.18.95.dynamic.jazztel.es - - [01/Dec/2017:17:49:40 +0100] "GET /davosersee HTTP/1.1" 200 19505
239.202.18.95.dynamic.jazztel.es - - [01/Dec/2017:17:49:42 +0100] "GET /event-gruppesmartkat HTTP/1.1" 200 21256
239.202.18.95.dynamic.jazztel.es - - [01/Dec/2017:17:49:43 +0100] "GET /event-matchracing HTTP/1.1" 200 21251
239.202.18.95.dynamic.jazztel.es - - [01/Dec/2017:17:49:43 +0100] "GET /event-pedalo HTTP/1.1" 200 20248
239.202.18.95.dynamic.jazztel.es - - [01/Dec/2017:17:49:44 +0100] "GET /events HTTP/1.1" 200 22514
