172-245-222-13-host.colocrossing.com - - [30/Sep/2017:00:27:05 +0200] "GET /events.shtml HTTP/1.1" 200 22514
172-245-222-13-host.colocrossing.com - - [30/Sep/2017:00:27:02 +0200] "GET / HTTP/1.1" 200 35804
172-245-222-13-host.colocrossing.com - - [30/Sep/2017:00:27:06 +0200] "GET /galerie.shtml HTTP/1.1" 200 22747
172-245-222-13-host.colocrossing.com - - [30/Sep/2017:00:27:08 +0200] "GET /kurse.shtml HTTP/1.1" 200 31031
172-245-222-13-host.colocrossing.com - - [30/Sep/2017:00:27:11 +0200] "GET /vermietung.shtml HTTP/1.1" 200 25728
172-245-222-13-host.colocrossing.com - - [30/Sep/2017:00:27:15 +0200] "GET /event-gruppesmartkat.shtml HTTP/1.1" 200 21256
172-245-222-13-host.colocrossing.com - - [30/Sep/2017:00:27:16 +0200] "GET /event-matchracing.shtml HTTP/1.1" 200 21251
172-245-222-13-host.colocrossing.com - - [30/Sep/2017:00:27:17 +0200] "GET /event-pedalo.shtml HTTP/1.1" 200 20248
172-245-222-13-host.colocrossing.com - - [30/Sep/2017:00:27:24 +0200] "GET /galerie-gruppesmartkat.shtml HTTP/1.1" 200 20574
172-245-222-13-host.colocrossing.com - - [30/Sep/2017:00:27:32 +0200] "GET /galerie-matchracing.shtml HTTP/1.1" 200 21704
172-245-222-13-host.colocrossing.com - - [30/Sep/2017:00:27:33 +0200] "GET /galerie-sktrophy-2014.shtml HTTP/1.1" 200 29913
172-245-222-13-host.colocrossing.com - - [30/Sep/2017:00:27:34 +0200] "GET /optikurse-2014.shtml HTTP/1.1" 200 26353
172-245-222-13-host.colocrossing.com - - [30/Sep/2017:00:27:34 +0200] "GET /galerie-sktrophy-2015.shtml HTTP/1.1" 200 49420
172-245-222-13-host.colocrossing.com - - [30/Sep/2017:00:27:39 +0200] "GET /kinder-segelkurs.shtml HTTP/1.1" 200 19898
172-245-222-13-host.colocrossing.com - - [30/Sep/2017:00:27:40 +0200] "GET /pruefungskurs.shtml HTTP/1.1" 200 23039
172-245-222-13-host.colocrossing.com - - [30/Sep/2017:00:27:41 +0200] "GET /segelkurs-jollesmartkat.shtml HTTP/1.1" 200 19993
172-245-222-13-host.colocrossing.com - - [30/Sep/2017:00:27:41 +0200] "GET /segel-grundkurs.shtml HTTP/1.1" 200 21440
172-245-222-13-host.colocrossing.com - - [30/Sep/2017:00:27:43 +0200] "GET /smartkat-crashkurs.shtml HTTP/1.1" 200 17863
172-245-222-13-host.colocrossing.com - - [30/Sep/2017:00:27:44 +0200] "GET /flotte.shtml HTTP/1.1" 200 29241
172-245-222-13-host.colocrossing.com - - [30/Sep/2017:00:27:45 +0200] "GET /js/functions_stripped.js?v=6.6.7.2.41064 HTTP/1.1" 200 7672
172-245-222-13-host.colocrossing.com - - [30/Sep/2017:00:27:45 +0200] "GET /js/jquery.lazyload.min.js?v=6.6.7.2.41064 HTTP/1.1" 200 3342
172-245-222-13-host.colocrossing.com - - [30/Sep/2017:00:27:45 +0200] "GET /Perspectiva.html? HTTP/1.1" 200 18069
172-245-222-13-host.colocrossing.com - - [30/Sep/2017:00:27:47 +0200] "GET /js/).html(a);null==$( HTTP/1.1" 200 219
172-245-222-13-host.colocrossing.com - - [30/Sep/2017:00:27:48 +0200] "GET /js/index.php?sid=46&lang=en&item=1&act=users&ajax=state HTTP/1.1" 200 210
172-245-222-13-host.colocrossing.com - - [30/Sep/2017:00:27:50 +0200] "GET /aktuelles-wetter HTTP/1.1" 200 18388
172-245-222-13-host.colocrossing.com - - [30/Sep/2017:00:27:51 +0200] "GET /event-gruppesmartkat HTTP/1.1" 200 21256
172-245-222-13-host.colocrossing.com - - [30/Sep/2017:00:27:51 +0200] "GET /event-matchracing HTTP/1.1" 200 21251
172-245-222-13-host.colocrossing.com - - [30/Sep/2017:00:27:51 +0200] "GET /davosersee HTTP/1.1" 200 19505
172-245-222-13-host.colocrossing.com - - [30/Sep/2017:00:27:52 +0200] "GET /events HTTP/1.1" 200 22514
172-245-222-13-host.colocrossing.com - - [30/Sep/2017:00:27:52 +0200] "GET /event-pedalo HTTP/1.1" 200 20248
hydrogen348.a.ahrefs.com - - [30/Sep/2017:00:42:44 +0200] "GET /var/m_0/0d/0dd/12455/6564718-G3_SKT2015_46.jpg HTTP/1.1" 200 106980
87-250-224-36.spider.yandex.com - - [30/Sep/2017:00:56:06 +0200] "GET /robots.txt HTTP/1.1" 200 120
87-250-224-36.spider.yandex.com - - [30/Sep/2017:00:56:10 +0200] "GET /templates/resellers/7/favicon.ico?v=1504088693 HTTP/1.1" 200 4286
msnbot-207-46-13-157.search.msn.com - - [30/Sep/2017:00:58:08 +0200] "GET /aktuelles-wetter.shtml HTTP/1.1" 200 4575
