106.red.154.114.93.procono.es - - [14/Nov/2017:21:04:47 +0100] "GET / HTTP/1.1" 200 35804
106.red.154.114.93.procono.es - - [14/Nov/2017:21:04:48 +0100] "GET /kurse.shtml HTTP/1.1" 200 31031
106.red.154.114.93.procono.es - - [14/Nov/2017:21:04:48 +0100] "GET /events.shtml HTTP/1.1" 200 22514
106.red.154.114.93.procono.es - - [14/Nov/2017:21:04:48 +0100] "GET /galerie.shtml HTTP/1.1" 200 22747
106.red.154.114.93.procono.es - - [14/Nov/2017:21:04:49 +0100] "GET /vermietung.shtml HTTP/1.1" 200 25728
106.red.154.114.93.procono.es - - [14/Nov/2017:21:04:50 +0100] "GET /event-gruppesmartkat.shtml HTTP/1.1" 200 21256
106.red.154.114.93.procono.es - - [14/Nov/2017:21:04:50 +0100] "GET /galerie-matchracing.shtml HTTP/1.1" 200 21704
106.red.154.114.93.procono.es - - [14/Nov/2017:21:04:50 +0100] "GET /event-matchracing.shtml HTTP/1.1" 200 21251
106.red.154.114.93.procono.es - - [14/Nov/2017:21:04:50 +0100] "GET /event-pedalo.shtml HTTP/1.1" 200 20248
106.red.154.114.93.procono.es - - [14/Nov/2017:21:04:50 +0100] "GET /galerie-gruppesmartkat.shtml HTTP/1.1" 200 20574
106.red.154.114.93.procono.es - - [14/Nov/2017:21:04:51 +0100] "GET /galerie-sktrophy-2015.shtml HTTP/1.1" 200 49420
106.red.154.114.93.procono.es - - [14/Nov/2017:21:04:51 +0100] "GET /kinder-segelkurs.shtml HTTP/1.1" 200 19898
106.red.154.114.93.procono.es - - [14/Nov/2017:21:04:51 +0100] "GET /galerie-sktrophy-2014.shtml HTTP/1.1" 200 29913
106.red.154.114.93.procono.es - - [14/Nov/2017:21:04:51 +0100] "GET /optikurse-2014.shtml HTTP/1.1" 200 26353
106.red.154.114.93.procono.es - - [14/Nov/2017:21:04:52 +0100] "GET /smartkat-crashkurs.shtml HTTP/1.1" 200 17863
106.red.154.114.93.procono.es - - [14/Nov/2017:21:04:52 +0100] "GET /flotte.shtml HTTP/1.1" 200 29241
106.red.154.114.93.procono.es - - [14/Nov/2017:21:04:52 +0100] "GET /pruefungskurs.shtml HTTP/1.1" 200 23039
106.red.154.114.93.procono.es - - [14/Nov/2017:21:04:52 +0100] "GET /segel-grundkurs.shtml HTTP/1.1" 200 21440
106.red.154.114.93.procono.es - - [14/Nov/2017:21:04:52 +0100] "GET /segelkurs-jollesmartkat.shtml HTTP/1.1" 200 19993
106.red.154.114.93.procono.es - - [14/Nov/2017:21:04:52 +0100] "GET /js/functions_stripped.js?v=6.6.7.2.41064 HTTP/1.1" 200 7672
106.red.154.114.93.procono.es - - [14/Nov/2017:21:04:53 +0100] "GET /aktuelles-wetter HTTP/1.1" 200 18388
106.red.154.114.93.procono.es - - [14/Nov/2017:21:04:53 +0100] "GET /js/).html(a);null==$( HTTP/1.1" 200 219
106.red.154.114.93.procono.es - - [14/Nov/2017:21:04:53 +0100] "GET /js/jquery.lazyload.min.js?v=6.6.7.2.41064 HTTP/1.1" 200 3342
106.red.154.114.93.procono.es - - [14/Nov/2017:21:04:53 +0100] "GET /Perspectiva.html? HTTP/1.1" 200 18069
106.red.154.114.93.procono.es - - [14/Nov/2017:21:04:53 +0100] "GET /davosersee HTTP/1.1" 200 19505
106.red.154.114.93.procono.es - - [14/Nov/2017:21:04:54 +0100] "GET /event-gruppesmartkat HTTP/1.1" 200 21256
106.red.154.114.93.procono.es - - [14/Nov/2017:21:04:54 +0100] "GET /events HTTP/1.1" 200 22514
106.red.154.114.93.procono.es - - [14/Nov/2017:21:04:54 +0100] "GET /event-matchracing HTTP/1.1" 200 21251
106.red.154.114.93.procono.es - - [14/Nov/2017:21:04:54 +0100] "GET /event-pedalo HTTP/1.1" 200 20248
106.red.154.114.93.procono.es - - [14/Nov/2017:21:04:54 +0100] "GET /flotte HTTP/1.1" 200 29385
195.141.126.4 - - [14/Nov/2017:21:20:12 +0100] "GET /index.php HTTP/1.1" 302 -
