69.63.188.196 - - [01/Oct/2017:23:00:21 +0200] "GET /var/m_0/0d/0dd/12455/143352-Header_Segelschule_2.jpg HTTP/1.1" 200 107532
173.252.124.24 - - [01/Oct/2017:23:29:48 +0200] "GET /var/m_0/0d/0dd/12455/143352-Header_Segelschule_2.jpg HTTP/1.1" 200 107532
crawl-66-249-64-31.googlebot.com - - [01/Oct/2017:23:37:49 +0200] "GET /gallery/displayimage.php?album=4&pos=0 HTTP/1.1" 200 222
209.90.232.120.reverse.wowrack.com - - [01/Oct/2017:23:44:26 +0200] "GET / HTTP/1.1" 200 35804
209.90.232.120.reverse.wowrack.com - - [01/Oct/2017:23:44:27 +0200] "GET /%C3%BCber-uns.shtml HTTP/1.1" 200 21862
209.90.232.120.reverse.wowrack.com - - [01/Oct/2017:23:44:29 +0200] "GET /davosersee.shtml HTTP/1.1" 200 19505
209.90.232.120.reverse.wowrack.com - - [01/Oct/2017:23:44:29 +0200] "GET /aktuelles-wetter.shtml HTTP/1.1" 200 18388
209.90.232.120.reverse.wowrack.com - - [01/Oct/2017:23:44:30 +0200] "GET /event-gruppesmartkat.shtml HTTP/1.1" 200 21256
209.90.232.120.reverse.wowrack.com - - [01/Oct/2017:23:44:31 +0200] "GET /event-matchracing.shtml HTTP/1.1" 200 21251
209.90.232.120.reverse.wowrack.com - - [01/Oct/2017:23:44:31 +0200] "GET /event-pedalo.shtml HTTP/1.1" 200 20248
209.90.232.120.reverse.wowrack.com - - [01/Oct/2017:23:44:32 +0200] "GET /events.shtml HTTP/1.1" 200 22514
209.90.232.120.reverse.wowrack.com - - [01/Oct/2017:23:44:33 +0200] "GET /galerie-gruppesmartkat.shtml HTTP/1.1" 200 20574
209.90.232.120.reverse.wowrack.com - - [01/Oct/2017:23:44:33 +0200] "GET /flotte.shtml HTTP/1.1" 200 29241
209.90.232.120.reverse.wowrack.com - - [01/Oct/2017:23:44:34 +0200] "GET /galerie-sktrophy-2014.shtml HTTP/1.1" 200 29913
209.90.232.120.reverse.wowrack.com - - [01/Oct/2017:23:44:34 +0200] "GET /galerie-matchracing.shtml HTTP/1.1" 200 21704
209.90.232.120.reverse.wowrack.com - - [01/Oct/2017:23:44:35 +0200] "GET /galerie-sktrophy-2015.shtml HTTP/1.1" 200 49420
209.90.232.120.reverse.wowrack.com - - [01/Oct/2017:23:44:36 +0200] "GET /galerie.shtml HTTP/1.1" 200 22747
209.90.232.120.reverse.wowrack.com - - [01/Oct/2017:23:44:37 +0200] "GET /kinder-segelkurs.shtml HTTP/1.1" 200 19898
209.90.232.120.reverse.wowrack.com - - [01/Oct/2017:23:44:37 +0200] "GET /kursanmeldung.shtml HTTP/1.1" 200 49926
209.90.232.120.reverse.wowrack.com - - [01/Oct/2017:23:44:38 +0200] "GET /kurse.shtml HTTP/1.1" 200 31031
209.90.232.120.reverse.wowrack.com - - [01/Oct/2017:23:44:38 +0200] "GET /optikurse-2014.shtml HTTP/1.1" 200 26353
209.90.232.120.reverse.wowrack.com - - [01/Oct/2017:23:44:39 +0200] "GET /segelkurs-jollesmartkat.shtml HTTP/1.1" 200 19993
209.90.232.120.reverse.wowrack.com - - [01/Oct/2017:23:44:39 +0200] "GET /segel-grundkurs.shtml HTTP/1.1" 200 21440
209.90.232.120.reverse.wowrack.com - - [01/Oct/2017:23:44:39 +0200] "GET /pruefungskurs.shtml HTTP/1.1" 200 23039
209.90.232.120.reverse.wowrack.com - - [01/Oct/2017:23:44:40 +0200] "GET /smartkat-crashkurs.shtml HTTP/1.1" 200 17863
209.90.232.120.reverse.wowrack.com - - [01/Oct/2017:23:44:41 +0200] "GET /standort.shtml HTTP/1.1" 200 17547
209.90.232.120.reverse.wowrack.com - - [01/Oct/2017:23:44:41 +0200] "GET /vermietung.shtml HTTP/1.1" 200 25728
209.90.232.120.reverse.wowrack.com - - [01/Oct/2017:23:44:42 +0200] "GET /js/functions_stripped.js?v=6.6.7.2.41064 HTTP/1.1" 200 7672
209.90.232.120.reverse.wowrack.com - - [01/Oct/2017:23:44:43 +0200] "GET /js/jquery.lazyload.min.js?v=6.6.7.2.41064 HTTP/1.1" 200 3342
209.90.232.120.reverse.wowrack.com - - [01/Oct/2017:23:44:42 +0200] "GET /Perspectiva.html? HTTP/1.1" 200 18069
209.90.232.120.reverse.wowrack.com - - [01/Oct/2017:23:44:44 +0200] "GET /aktuelles-wetter HTTP/1.1" 200 18388
msnbot-157-55-39-14.search.msn.com - - [01/Oct/2017:23:49:24 +0200] "GET /robots.txt HTTP/1.1" 200 80
msnbot-157-55-39-14.search.msn.com - - [01/Oct/2017:23:49:25 +0200] "GET /robots.txt HTTP/1.1" 200 80
msnbot-157-55-39-36.search.msn.com - - [01/Oct/2017:23:52:30 +0200] "GET / HTTP/1.1" 200 6440
