hydrogen084.a.ahrefs.com - - [24/Nov/2017:16:05:46 +0100] "GET /var/m_0/0d/0dd/12455/143504-G1_SKT2014_26.JPG HTTP/1.1" 200 144091
hydrogen355.a.ahrefs.com - - [24/Nov/2017:16:18:50 +0100] "GET /var/m_0/0d/0dd/12455/6564678-G3_SKT2015_10.jpg HTTP/1.1" 200 138460
191.red.82.37.46.procono.es - - [24/Nov/2017:16:36:53 +0100] "GET / HTTP/1.1" 200 35804
191.red.82.37.46.procono.es - - [24/Nov/2017:16:36:57 +0100] "GET /events.shtml HTTP/1.1" 200 22514
191.red.82.37.46.procono.es - - [24/Nov/2017:16:36:59 +0100] "GET /galerie.shtml HTTP/1.1" 200 22747
191.red.82.37.46.procono.es - - [24/Nov/2017:16:37:02 +0100] "GET /kurse.shtml HTTP/1.1" 200 31031
191.red.82.37.46.procono.es - - [24/Nov/2017:16:37:04 +0100] "GET /vermietung.shtml HTTP/1.1" 200 25728
191.red.82.37.46.procono.es - - [24/Nov/2017:16:37:08 +0100] "GET /event-gruppesmartkat.shtml HTTP/1.1" 200 21256
191.red.82.37.46.procono.es - - [24/Nov/2017:16:37:10 +0100] "GET /event-matchracing.shtml HTTP/1.1" 200 21251
191.red.82.37.46.procono.es - - [24/Nov/2017:16:37:13 +0100] "GET /event-pedalo.shtml HTTP/1.1" 200 20248
191.red.82.37.46.procono.es - - [24/Nov/2017:16:37:13 +0100] "GET /galerie-gruppesmartkat.shtml HTTP/1.1" 200 20574
191.red.82.37.46.procono.es - - [24/Nov/2017:16:37:14 +0100] "GET /galerie-matchracing.shtml HTTP/1.1" 200 21704
191.red.82.37.46.procono.es - - [24/Nov/2017:16:37:15 +0100] "GET /galerie-sktrophy-2014.shtml HTTP/1.1" 200 29913
191.red.82.37.46.procono.es - - [24/Nov/2017:16:37:16 +0100] "GET /galerie-sktrophy-2015.shtml HTTP/1.1" 200 49420
191.red.82.37.46.procono.es - - [24/Nov/2017:16:37:18 +0100] "GET /optikurse-2014.shtml HTTP/1.1" 200 26353
191.red.82.37.46.procono.es - - [24/Nov/2017:16:37:20 +0100] "GET /kinder-segelkurs.shtml HTTP/1.1" 200 19898
191.red.82.37.46.procono.es - - [24/Nov/2017:16:37:21 +0100] "GET /pruefungskurs.shtml HTTP/1.1" 200 23039
191.red.82.37.46.procono.es - - [24/Nov/2017:16:37:22 +0100] "GET /segel-grundkurs.shtml HTTP/1.1" 200 21440
191.red.82.37.46.procono.es - - [24/Nov/2017:16:37:23 +0100] "GET /segelkurs-jollesmartkat.shtml HTTP/1.1" 200 19993
191.red.82.37.46.procono.es - - [24/Nov/2017:16:37:25 +0100] "GET /smartkat-crashkurs.shtml HTTP/1.1" 200 17863
191.red.82.37.46.procono.es - - [24/Nov/2017:16:37:27 +0100] "GET /flotte.shtml HTTP/1.1" 200 29241
191.red.82.37.46.procono.es - - [24/Nov/2017:16:37:28 +0100] "GET /js/functions_stripped.js?v=6.6.7.2.41064 HTTP/1.1" 200 7672
191.red.82.37.46.procono.es - - [24/Nov/2017:16:37:29 +0100] "GET /js/jquery.lazyload.min.js?v=6.6.7.2.41064 HTTP/1.1" 200 3342
191.red.82.37.46.procono.es - - [24/Nov/2017:16:37:29 +0100] "GET /Perspectiva.html? HTTP/1.1" 200 18069
191.red.82.37.46.procono.es - - [24/Nov/2017:16:37:30 +0100] "GET /js/).html(a);null==$( HTTP/1.1" 200 219
191.red.82.37.46.procono.es - - [24/Nov/2017:16:37:31 +0100] "GET /aktuelles-wetter HTTP/1.1" 200 18388
191.red.82.37.46.procono.es - - [24/Nov/2017:16:37:32 +0100] "GET /davosersee HTTP/1.1" 200 19505
191.red.82.37.46.procono.es - - [24/Nov/2017:16:37:32 +0100] "GET /event-gruppesmartkat HTTP/1.1" 200 21256
191.red.82.37.46.procono.es - - [24/Nov/2017:16:37:34 +0100] "GET /event-matchracing HTTP/1.1" 200 21251
191.red.82.37.46.procono.es - - [24/Nov/2017:16:37:35 +0100] "GET /event-pedalo HTTP/1.1" 200 20248
191.red.82.37.46.procono.es - - [24/Nov/2017:16:37:36 +0100] "GET /events HTTP/1.1" 200 22514
191.red.82.37.46.procono.es - - [24/Nov/2017:16:37:37 +0100] "GET /flotte HTTP/1.1" 200 29385
