msnbot-40-77-167-57.search.msn.com - - [05/Oct/2017:08:01:58 +0200] "GET /galerie-sktrophy-2015.shtml HTTP/1.1" 200 5939
ip4da2f927.direct-adsl.nl - - [05/Oct/2017:08:32:57 +0200] "GET / HTTP/1.1" 200 35804
ip4da2f927.direct-adsl.nl - - [05/Oct/2017:08:33:07 +0200] "GET /events.shtml HTTP/1.1" 200 22514
ip4da2f927.direct-adsl.nl - - [05/Oct/2017:08:33:16 +0200] "GET /galerie.shtml HTTP/1.1" 200 22747
ip4da2f927.direct-adsl.nl - - [05/Oct/2017:08:33:26 +0200] "GET /kurse.shtml HTTP/1.1" 200 31031
ip4da2f927.direct-adsl.nl - - [05/Oct/2017:08:33:34 +0200] "GET /vermietung.shtml HTTP/1.1" 200 25728
ip4da2f927.direct-adsl.nl - - [05/Oct/2017:08:33:43 +0200] "GET /event-gruppesmartkat.shtml HTTP/1.1" 200 21256
ip4da2f927.direct-adsl.nl - - [05/Oct/2017:08:33:51 +0200] "GET /event-matchracing.shtml HTTP/1.1" 200 21251
ip4da2f927.direct-adsl.nl - - [05/Oct/2017:08:33:53 +0200] "GET /event-pedalo.shtml HTTP/1.1" 200 20248
ip4da2f927.direct-adsl.nl - - [05/Oct/2017:08:33:59 +0200] "GET /galerie-gruppesmartkat.shtml HTTP/1.1" 200 20574
ip4da2f927.direct-adsl.nl - - [05/Oct/2017:08:34:01 +0200] "GET /galerie-matchracing.shtml HTTP/1.1" 200 21704
ip4da2f927.direct-adsl.nl - - [05/Oct/2017:08:34:16 +0200] "GET /galerie-sktrophy-2014.shtml HTTP/1.1" 200 29913
ip4da2f927.direct-adsl.nl - - [05/Oct/2017:08:34:27 +0200] "GET /galerie-sktrophy-2015.shtml HTTP/1.1" 200 49420
ip4da2f927.direct-adsl.nl - - [05/Oct/2017:08:34:29 +0200] "GET /optikurse-2014.shtml HTTP/1.1" 200 26353
ip4da2f927.direct-adsl.nl - - [05/Oct/2017:08:34:33 +0200] "GET /kinder-segelkurs.shtml HTTP/1.1" 200 19898
ip4da2f927.direct-adsl.nl - - [05/Oct/2017:08:34:37 +0200] "GET /pruefungskurs.shtml HTTP/1.1" 200 23039
ip4da2f927.direct-adsl.nl - - [05/Oct/2017:08:34:38 +0200] "GET /segel-grundkurs.shtml HTTP/1.1" 200 21440
ip4da2f927.direct-adsl.nl - - [05/Oct/2017:08:34:38 +0200] "GET /segelkurs-jollesmartkat.shtml HTTP/1.1" 200 19993
ip4da2f927.direct-adsl.nl - - [05/Oct/2017:08:34:43 +0200] "GET /smartkat-crashkurs.shtml HTTP/1.1" 200 17863
ip4da2f927.direct-adsl.nl - - [05/Oct/2017:08:34:50 +0200] "GET /flotte.shtml HTTP/1.1" 200 29241
ip4da2f927.direct-adsl.nl - - [05/Oct/2017:08:34:55 +0200] "GET /js/functions_stripped.js?v=6.6.7.2.41064 HTTP/1.1" 200 7672
ip4da2f927.direct-adsl.nl - - [05/Oct/2017:08:35:01 +0200] "GET /Perspectiva.html? HTTP/1.1" 200 18069
ip4da2f927.direct-adsl.nl - - [05/Oct/2017:08:35:05 +0200] "GET /js/jquery.lazyload.min.js?v=6.6.7.2.41064 HTTP/1.1" 200 3342
ip4da2f927.direct-adsl.nl - - [05/Oct/2017:08:35:05 +0200] "GET /js/).html(a);null==$( HTTP/1.1" 200 219
ip4da2f927.direct-adsl.nl - - [05/Oct/2017:08:35:05 +0200] "GET /aktuelles-wetter HTTP/1.1" 200 18388
ip4da2f927.direct-adsl.nl - - [05/Oct/2017:08:35:14 +0200] "GET /davosersee HTTP/1.1" 200 19505
ip4da2f927.direct-adsl.nl - - [05/Oct/2017:08:35:25 +0200] "GET /event-gruppesmartkat HTTP/1.1" 200 21256
ip4da2f927.direct-adsl.nl - - [05/Oct/2017:08:35:31 +0200] "GET /event-matchracing HTTP/1.1" 200 21251
ip4da2f927.direct-adsl.nl - - [05/Oct/2017:08:35:37 +0200] "GET /event-pedalo HTTP/1.1" 200 20248
ip4da2f927.direct-adsl.nl - - [05/Oct/2017:08:35:42 +0200] "GET /events HTTP/1.1" 200 22514
ip4da2f927.direct-adsl.nl - - [05/Oct/2017:08:35:50 +0200] "GET /flotte HTTP/1.1" 200 29385
crawl-66-249-69-145.googlebot.com - - [05/Oct/2017:08:38:00 +0200] "GET /segel-grundkurs HTTP/1.1" 200 5378
AToulon-256-1-153-58.w83-113.abo.wanadoo.fr - - [05/Oct/2017:08:48:43 +0200] "GET / HTTP/1.1" 200 6401
ec2-34-235-171-187.compute-1.amazonaws.com - - [05/Oct/2017:08:49:40 +0200] "GET / HTTP/1.1" 200 35804
