la.aminserve.com - - [14/Oct/2017:01:01:42 +0200] "GET / HTTP/1.1" 200 35804
la.aminserve.com - - [14/Oct/2017:01:01:43 +0200] "GET /galerie.shtml HTTP/1.1" 200 22747
la.aminserve.com - - [14/Oct/2017:01:01:43 +0200] "GET /events.shtml HTTP/1.1" 200 22514
la.aminserve.com - - [14/Oct/2017:01:01:44 +0200] "GET /kurse.shtml HTTP/1.1" 200 31031
la.aminserve.com - - [14/Oct/2017:01:01:45 +0200] "GET /vermietung.shtml HTTP/1.1" 200 25728
la.aminserve.com - - [14/Oct/2017:01:01:45 +0200] "GET /event-gruppesmartkat.shtml HTTP/1.1" 200 21256
la.aminserve.com - - [14/Oct/2017:01:01:46 +0200] "GET /event-matchracing.shtml HTTP/1.1" 200 21251
la.aminserve.com - - [14/Oct/2017:01:01:46 +0200] "GET /galerie-gruppesmartkat.shtml HTTP/1.1" 200 20574
la.aminserve.com - - [14/Oct/2017:01:01:46 +0200] "GET /event-pedalo.shtml HTTP/1.1" 200 20248
la.aminserve.com - - [14/Oct/2017:01:01:47 +0200] "GET /galerie-sktrophy-2015.shtml HTTP/1.1" 200 49420
la.aminserve.com - - [14/Oct/2017:01:01:47 +0200] "GET /galerie-matchracing.shtml HTTP/1.1" 200 21704
la.aminserve.com - - [14/Oct/2017:01:01:47 +0200] "GET /galerie-sktrophy-2014.shtml HTTP/1.1" 200 29913
la.aminserve.com - - [14/Oct/2017:01:01:48 +0200] "GET /kinder-segelkurs.shtml HTTP/1.1" 200 19898
la.aminserve.com - - [14/Oct/2017:01:01:48 +0200] "GET /pruefungskurs.shtml HTTP/1.1" 200 23039
la.aminserve.com - - [14/Oct/2017:01:01:48 +0200] "GET /optikurse-2014.shtml HTTP/1.1" 200 26353
la.aminserve.com - - [14/Oct/2017:01:01:48 +0200] "GET /segel-grundkurs.shtml HTTP/1.1" 200 21440
la.aminserve.com - - [14/Oct/2017:01:01:49 +0200] "GET /js/functions_stripped.js?v=6.6.7.2.41064 HTTP/1.1" 200 7672
la.aminserve.com - - [14/Oct/2017:01:01:49 +0200] "GET /smartkat-crashkurs.shtml HTTP/1.1" 200 17863
la.aminserve.com - - [14/Oct/2017:01:01:49 +0200] "GET /segelkurs-jollesmartkat.shtml HTTP/1.1" 200 19993
la.aminserve.com - - [14/Oct/2017:01:01:49 +0200] "GET /flotte.shtml HTTP/1.1" 200 29241
la.aminserve.com - - [14/Oct/2017:01:01:50 +0200] "GET /js/).html(a);null==$( HTTP/1.1" 200 219
la.aminserve.com - - [14/Oct/2017:01:01:50 +0200] "GET /js/jquery.lazyload.min.js?v=6.6.7.2.41064 HTTP/1.1" 200 3342
la.aminserve.com - - [14/Oct/2017:01:01:50 +0200] "GET /js/index.php?sid=46&lang=en&item=1&act=users&ajax=state HTTP/1.1" 200 210
la.aminserve.com - - [14/Oct/2017:01:01:50 +0200] "GET /Perspectiva.html? HTTP/1.1" 200 18069
la.aminserve.com - - [14/Oct/2017:01:01:52 +0200] "GET /aktuelles-wetter HTTP/1.1" 200 18388
la.aminserve.com - - [14/Oct/2017:01:01:52 +0200] "GET /event-gruppesmartkat HTTP/1.1" 200 21256
la.aminserve.com - - [14/Oct/2017:01:01:52 +0200] "GET /davosersee HTTP/1.1" 200 19505
la.aminserve.com - - [14/Oct/2017:01:01:53 +0200] "GET /events HTTP/1.1" 200 22514
la.aminserve.com - - [14/Oct/2017:01:01:53 +0200] "GET /event-pedalo HTTP/1.1" 200 20248
la.aminserve.com - - [14/Oct/2017:01:01:53 +0200] "GET /event-matchracing HTTP/1.1" 200 21251
mx7.adminstarts.com - - [14/Oct/2017:01:09:50 +0200] "GET /wp-login.php HTTP/1.1" 200 18069
212-129-53-244.rev.poneytelecom.eu - - [14/Oct/2017:01:20:52 +0200] "GET / HTTP/1.1" 200 35804
212-129-53-244.rev.poneytelecom.eu - - [14/Oct/2017:01:20:53 +0200] "GET /%C3%BCber-uns.shtml HTTP/1.1" 200 21862
212-129-53-244.rev.poneytelecom.eu - - [14/Oct/2017:01:20:54 +0200] "GET /aktuelles-wetter.shtml HTTP/1.1" 200 18388
212-129-53-244.rev.poneytelecom.eu - - [14/Oct/2017:01:20:55 +0200] "GET /davosersee.shtml HTTP/1.1" 200 19505
212-129-53-244.rev.poneytelecom.eu - - [14/Oct/2017:01:20:56 +0200] "GET /events.shtml HTTP/1.1" 200 22514
212-129-53-244.rev.poneytelecom.eu - - [14/Oct/2017:01:20:56 +0200] "GET /galerie-gruppesmartkat.shtml HTTP/1.1" 200 20574
212-129-53-244.rev.poneytelecom.eu - - [14/Oct/2017:01:20:56 +0200] "GET /event-matchracing.shtml HTTP/1.1" 200 21251
212-129-53-244.rev.poneytelecom.eu - - [14/Oct/2017:01:20:56 +0200] "GET /event-pedalo.shtml HTTP/1.1" 200 20248
212-129-53-244.rev.poneytelecom.eu - - [14/Oct/2017:01:20:55 +0200] "GET /event-gruppesmartkat.shtml HTTP/1.1" 200 21256
212-129-53-244.rev.poneytelecom.eu - - [14/Oct/2017:01:20:56 +0200] "GET /flotte.shtml HTTP/1.1" 200 29241
212-129-53-244.rev.poneytelecom.eu - - [14/Oct/2017:01:20:57 +0200] "GET /galerie.shtml HTTP/1.1" 200 22747
212-129-53-244.rev.poneytelecom.eu - - [14/Oct/2017:01:20:57 +0200] "GET /galerie-sktrophy-2014.shtml HTTP/1.1" 200 29913
212-129-53-244.rev.poneytelecom.eu - - [14/Oct/2017:01:20:57 +0200] "GET /kurse.shtml HTTP/1.1" 200 31031
212-129-53-244.rev.poneytelecom.eu - - [14/Oct/2017:01:20:57 +0200] "GET /galerie-matchracing.shtml HTTP/1.1" 200 21704
212-129-53-244.rev.poneytelecom.eu - - [14/Oct/2017:01:20:57 +0200] "GET /kursanmeldung.shtml HTTP/1.1" 200 49926
212-129-53-244.rev.poneytelecom.eu - - [14/Oct/2017:01:20:57 +0200] "GET /kinder-segelkurs.shtml HTTP/1.1" 200 19898
212-129-53-244.rev.poneytelecom.eu - - [14/Oct/2017:01:20:57 +0200] "GET /segel-grundkurs.shtml HTTP/1.1" 200 21440
212-129-53-244.rev.poneytelecom.eu - - [14/Oct/2017:01:20:57 +0200] "GET /galerie-sktrophy-2015.shtml HTTP/1.1" 200 49420
212-129-53-244.rev.poneytelecom.eu - - [14/Oct/2017:01:20:58 +0200] "GET /optikurse-2014.shtml HTTP/1.1" 200 26353
212-129-53-244.rev.poneytelecom.eu - - [14/Oct/2017:01:20:58 +0200] "GET /standort.shtml HTTP/1.1" 200 17547
212-129-53-244.rev.poneytelecom.eu - - [14/Oct/2017:01:20:58 +0200] "GET /js/jquery.lazyload.min.js?v=6.6.7.2.41064 HTTP/1.1" 200 3342
212-129-53-244.rev.poneytelecom.eu - - [14/Oct/2017:01:20:58 +0200] "GET /aktuelles-wetter HTTP/1.1" 200 18388
212-129-53-244.rev.poneytelecom.eu - - [14/Oct/2017:01:20:58 +0200] "GET /segelkurs-jollesmartkat.shtml HTTP/1.1" 200 19993
212-129-53-244.rev.poneytelecom.eu - - [14/Oct/2017:01:20:58 +0200] "GET /js/functions_stripped.js?v=6.6.7.2.41064 HTTP/1.1" 200 7672
212-129-53-244.rev.poneytelecom.eu - - [14/Oct/2017:01:20:58 +0200] "GET /smartkat-crashkurs.shtml HTTP/1.1" 200 17863
212-129-53-244.rev.poneytelecom.eu - - [14/Oct/2017:01:20:58 +0200] "GET /Perspectiva.html? HTTP/1.1" 200 18069
212-129-53-244.rev.poneytelecom.eu - - [14/Oct/2017:01:20:58 +0200] "GET /pruefungskurs.shtml HTTP/1.1" 200 23039
212-129-53-244.rev.poneytelecom.eu - - [14/Oct/2017:01:20:58 +0200] "GET /vermietung.shtml HTTP/1.1" 200 25728
mx7.adminstarts.com - - [14/Oct/2017:01:27:59 +0200] "GET /wp-login.php HTTP/1.1" 200 18069
mx7.adminstarts.com - - [14/Oct/2017:01:28:03 +0200] "GET /wp-login.php HTTP/1.1" 200 18069
