crawl-104-170-187-194.qwant.com - - [30/Nov/2017:06:07:49 +0100] "GET /segelkurs-jollesmartkat.shtml HTTP/1.0" 200 5139
vds-elhamshkreta-114633.hosted-by-itldc.com - - [30/Nov/2017:06:11:26 +0100] "GET / HTTP/1.1" 200 35804
vds-elhamshkreta-114633.hosted-by-itldc.com - - [30/Nov/2017:06:11:27 +0100] "GET /galerie.shtml HTTP/1.1" 200 22747
vds-elhamshkreta-114633.hosted-by-itldc.com - - [30/Nov/2017:06:11:27 +0100] "GET /events.shtml HTTP/1.1" 200 22514
vds-elhamshkreta-114633.hosted-by-itldc.com - - [30/Nov/2017:06:11:28 +0100] "GET /kurse.shtml HTTP/1.1" 200 31031
vds-elhamshkreta-114633.hosted-by-itldc.com - - [30/Nov/2017:06:11:28 +0100] "GET /event-gruppesmartkat.shtml HTTP/1.1" 200 21256
vds-elhamshkreta-114633.hosted-by-itldc.com - - [30/Nov/2017:06:11:28 +0100] "GET /vermietung.shtml HTTP/1.1" 200 25728
vds-elhamshkreta-114633.hosted-by-itldc.com - - [30/Nov/2017:06:11:29 +0100] "GET /galerie-gruppesmartkat.shtml HTTP/1.1" 200 20574
vds-elhamshkreta-114633.hosted-by-itldc.com - - [30/Nov/2017:06:11:29 +0100] "GET /kinder-segelkurs.shtml HTTP/1.1" 200 19898
vds-elhamshkreta-114633.hosted-by-itldc.com - - [30/Nov/2017:06:11:29 +0100] "GET /event-matchracing.shtml HTTP/1.1" 200 21251
vds-elhamshkreta-114633.hosted-by-itldc.com - - [30/Nov/2017:06:11:29 +0100] "GET /galerie-sktrophy-2014.shtml HTTP/1.1" 200 29913
vds-elhamshkreta-114633.hosted-by-itldc.com - - [30/Nov/2017:06:11:29 +0100] "GET /galerie-matchracing.shtml HTTP/1.1" 200 21704
vds-elhamshkreta-114633.hosted-by-itldc.com - - [30/Nov/2017:06:11:29 +0100] "GET /pruefungskurs.shtml HTTP/1.1" 200 23039
vds-elhamshkreta-114633.hosted-by-itldc.com - - [30/Nov/2017:06:11:29 +0100] "GET /optikurse-2014.shtml HTTP/1.1" 200 26353
vds-elhamshkreta-114633.hosted-by-itldc.com - - [30/Nov/2017:06:11:29 +0100] "GET /event-pedalo.shtml HTTP/1.1" 200 20248
vds-elhamshkreta-114633.hosted-by-itldc.com - - [30/Nov/2017:06:11:29 +0100] "GET /galerie-sktrophy-2015.shtml HTTP/1.1" 200 49420
vds-elhamshkreta-114633.hosted-by-itldc.com - - [30/Nov/2017:06:11:30 +0100] "GET /segelkurs-jollesmartkat.shtml HTTP/1.1" 200 19993
vds-elhamshkreta-114633.hosted-by-itldc.com - - [30/Nov/2017:06:11:30 +0100] "GET /Perspectiva.html? HTTP/1.1" 200 18069
vds-elhamshkreta-114633.hosted-by-itldc.com - - [30/Nov/2017:06:11:30 +0100] "GET /js/jquery.lazyload.min.js?v=6.6.7.2.41064 HTTP/1.1" 200 3342
vds-elhamshkreta-114633.hosted-by-itldc.com - - [30/Nov/2017:06:11:30 +0100] "GET /js/).html(a);null==$( HTTP/1.1" 200 219
vds-elhamshkreta-114633.hosted-by-itldc.com - - [30/Nov/2017:06:11:30 +0100] "GET /flotte.shtml HTTP/1.1" 200 29241
vds-elhamshkreta-114633.hosted-by-itldc.com - - [30/Nov/2017:06:11:30 +0100] "GET /aktuelles-wetter HTTP/1.1" 200 18388
vds-elhamshkreta-114633.hosted-by-itldc.com - - [30/Nov/2017:06:11:30 +0100] "GET /segel-grundkurs.shtml HTTP/1.1" 200 21440
vds-elhamshkreta-114633.hosted-by-itldc.com - - [30/Nov/2017:06:11:30 +0100] "GET /js/functions_stripped.js?v=6.6.7.2.41064 HTTP/1.1" 200 7672
vds-elhamshkreta-114633.hosted-by-itldc.com - - [30/Nov/2017:06:11:30 +0100] "GET /davosersee HTTP/1.1" 200 19505
vds-elhamshkreta-114633.hosted-by-itldc.com - - [30/Nov/2017:06:11:30 +0100] "GET /smartkat-crashkurs.shtml HTTP/1.1" 200 17863
vds-elhamshkreta-114633.hosted-by-itldc.com - - [30/Nov/2017:06:11:31 +0100] "GET /event-pedalo HTTP/1.1" 200 20248
vds-elhamshkreta-114633.hosted-by-itldc.com - - [30/Nov/2017:06:11:31 +0100] "GET /event-matchracing HTTP/1.1" 200 21251
vds-elhamshkreta-114633.hosted-by-itldc.com - - [30/Nov/2017:06:11:31 +0100] "GET /flotte HTTP/1.1" 200 29385
vds-elhamshkreta-114633.hosted-by-itldc.com - - [30/Nov/2017:06:11:31 +0100] "GET /event-gruppesmartkat HTTP/1.1" 200 21256
vds-elhamshkreta-114633.hosted-by-itldc.com - - [30/Nov/2017:06:11:31 +0100] "GET /events HTTP/1.1" 200 22514
195-154-46-65.rev.poneytelecom.eu - - [30/Nov/2017:06:20:38 +0100] "GET /events.shtml HTTP/1.1" 200 22514
195-154-46-65.rev.poneytelecom.eu - - [30/Nov/2017:06:20:38 +0100] "GET / HTTP/1.1" 200 35804
195-154-46-65.rev.poneytelecom.eu - - [30/Nov/2017:06:20:39 +0100] "GET /galerie.shtml HTTP/1.1" 200 22747
195-154-46-65.rev.poneytelecom.eu - - [30/Nov/2017:06:20:39 +0100] "GET /vermietung.shtml HTTP/1.1" 200 25728
195-154-46-65.rev.poneytelecom.eu - - [30/Nov/2017:06:20:39 +0100] "GET /kurse.shtml HTTP/1.1" 200 31031
195-154-46-65.rev.poneytelecom.eu - - [30/Nov/2017:06:20:40 +0100] "GET /event-matchracing.shtml HTTP/1.1" 200 21251
195-154-46-65.rev.poneytelecom.eu - - [30/Nov/2017:06:20:40 +0100] "GET /event-pedalo.shtml HTTP/1.1" 200 20248
195-154-46-65.rev.poneytelecom.eu - - [30/Nov/2017:06:20:40 +0100] "GET /event-gruppesmartkat.shtml HTTP/1.1" 200 21256
195-154-46-65.rev.poneytelecom.eu - - [30/Nov/2017:06:20:41 +0100] "GET /galerie-sktrophy-2014.shtml HTTP/1.1" 200 29913
195-154-46-65.rev.poneytelecom.eu - - [30/Nov/2017:06:20:41 +0100] "GET /galerie-gruppesmartkat.shtml HTTP/1.1" 200 20574
195-154-46-65.rev.poneytelecom.eu - - [30/Nov/2017:06:20:41 +0100] "GET /galerie-matchracing.shtml HTTP/1.1" 200 21704
195-154-46-65.rev.poneytelecom.eu - - [30/Nov/2017:06:20:42 +0100] "GET /optikurse-2014.shtml HTTP/1.1" 200 26353
195-154-46-65.rev.poneytelecom.eu - - [30/Nov/2017:06:20:42 +0100] "GET /galerie-sktrophy-2015.shtml HTTP/1.1" 200 49420
195-154-46-65.rev.poneytelecom.eu - - [30/Nov/2017:06:20:42 +0100] "GET /pruefungskurs.shtml HTTP/1.1" 200 23039
195-154-46-65.rev.poneytelecom.eu - - [30/Nov/2017:06:20:42 +0100] "GET /kinder-segelkurs.shtml HTTP/1.1" 200 19898
195-154-46-65.rev.poneytelecom.eu - - [30/Nov/2017:06:20:43 +0100] "GET /smartkat-crashkurs.shtml HTTP/1.1" 200 17863
195-154-46-65.rev.poneytelecom.eu - - [30/Nov/2017:06:20:43 +0100] "GET /segelkurs-jollesmartkat.shtml HTTP/1.1" 200 19993
195-154-46-65.rev.poneytelecom.eu - - [30/Nov/2017:06:20:43 +0100] "GET /segel-grundkurs.shtml HTTP/1.1" 200 21440
195-154-46-65.rev.poneytelecom.eu - - [30/Nov/2017:06:20:44 +0100] "GET /js/functions_stripped.js?v=6.6.7.2.41064 HTTP/1.1" 200 7672
195-154-46-65.rev.poneytelecom.eu - - [30/Nov/2017:06:20:44 +0100] "GET /flotte.shtml HTTP/1.1" 200 29241
195-154-46-65.rev.poneytelecom.eu - - [30/Nov/2017:06:20:44 +0100] "GET /Perspectiva.html? HTTP/1.1" 200 18069
195-154-46-65.rev.poneytelecom.eu - - [30/Nov/2017:06:20:45 +0100] "GET /js/jquery.lazyload.min.js?v=6.6.7.2.41064 HTTP/1.1" 200 3342
195-154-46-65.rev.poneytelecom.eu - - [30/Nov/2017:06:20:45 +0100] "GET /js/).html(a);null==$( HTTP/1.1" 200 219
195-154-46-65.rev.poneytelecom.eu - - [30/Nov/2017:06:20:45 +0100] "GET /js/index.php?sid=46&lang=en&item=1&act=users&ajax=state HTTP/1.1" 200 210
195-154-46-65.rev.poneytelecom.eu - - [30/Nov/2017:06:20:47 +0100] "GET /aktuelles-wetter HTTP/1.1" 200 18388
195-154-46-65.rev.poneytelecom.eu - - [30/Nov/2017:06:20:47 +0100] "GET /event-gruppesmartkat HTTP/1.1" 200 21256
195-154-46-65.rev.poneytelecom.eu - - [30/Nov/2017:06:20:47 +0100] "GET /davosersee HTTP/1.1" 200 19505
195-154-46-65.rev.poneytelecom.eu - - [30/Nov/2017:06:20:48 +0100] "GET /event-pedalo HTTP/1.1" 200 20248
195-154-46-65.rev.poneytelecom.eu - - [30/Nov/2017:06:20:48 +0100] "GET /events HTTP/1.1" 200 22514
195-154-46-65.rev.poneytelecom.eu - - [30/Nov/2017:06:20:48 +0100] "GET /event-matchracing HTTP/1.1" 200 21251
msnbot-40-77-167-7.search.msn.com - - [30/Nov/2017:06:26:32 +0100] "GET /index.php?option=com_content&task=view&id=48&Itemid=115 HTTP/1.1" 302 -
crawl-104-170-187-194.qwant.com - - [30/Nov/2017:06:29:48 +0100] "GET /smartkat-crashkurs.shtml HTTP/1.0" 200 4808
crawl-104-170-187-194.qwant.com - - [30/Nov/2017:06:54:37 +0100] "GET /kurse.shtml HTTP/1.0" 200 6280
crawl-104-170-187-194.qwant.com - - [30/Nov/2017:06:55:53 +0100] "GET /kinder-segelkurs.shtml HTTP/1.0" 200 5171
