168.23.60.178.dynamic.reverse-mundo-r.com - - [05/Dec/2017:22:10:04 +0100] "GET /events.shtml HTTP/1.1" 200 22514
168.23.60.178.dynamic.reverse-mundo-r.com - - [05/Dec/2017:22:10:05 +0100] "GET /galerie.shtml HTTP/1.1" 200 22747
168.23.60.178.dynamic.reverse-mundo-r.com - - [05/Dec/2017:22:10:06 +0100] "GET /kurse.shtml HTTP/1.1" 200 31031
168.23.60.178.dynamic.reverse-mundo-r.com - - [05/Dec/2017:22:10:07 +0100] "GET /event-gruppesmartkat.shtml HTTP/1.1" 200 21256
168.23.60.178.dynamic.reverse-mundo-r.com - - [05/Dec/2017:22:10:09 +0100] "GET /galerie-gruppesmartkat.shtml HTTP/1.1" 200 20574
168.23.60.178.dynamic.reverse-mundo-r.com - - [05/Dec/2017:22:10:10 +0100] "GET /galerie-matchracing.shtml HTTP/1.1" 200 21704
168.23.60.178.dynamic.reverse-mundo-r.com - - [05/Dec/2017:22:10:12 +0100] "GET /kinder-segelkurs.shtml HTTP/1.1" 200 19898
168.23.60.178.dynamic.reverse-mundo-r.com - - [05/Dec/2017:22:10:13 +0100] "GET /pruefungskurs.shtml HTTP/1.1" 200 23039
168.23.60.178.dynamic.reverse-mundo-r.com - - [05/Dec/2017:22:10:14 +0100] "GET /segel-grundkurs.shtml HTTP/1.1" 200 21440
168.23.60.178.dynamic.reverse-mundo-r.com - - [05/Dec/2017:22:10:14 +0100] "GET /smartkat-crashkurs.shtml HTTP/1.1" 200 17863
168.23.60.178.dynamic.reverse-mundo-r.com - - [05/Dec/2017:22:10:15 +0100] "GET /flotte.shtml HTTP/1.1" 200 29241
168.23.60.178.dynamic.reverse-mundo-r.com - - [05/Dec/2017:22:10:15 +0100] "GET /Perspectiva.html? HTTP/1.1" 200 18069
168.23.60.178.dynamic.reverse-mundo-r.com - - [05/Dec/2017:22:10:16 +0100] "GET /davosersee HTTP/1.1" 200 19505
168.23.60.178.dynamic.reverse-mundo-r.com - - [05/Dec/2017:22:10:16 +0100] "GET /js/).html(a);null==$( HTTP/1.1" 200 219
168.23.60.178.dynamic.reverse-mundo-r.com - - [05/Dec/2017:22:10:17 +0100] "GET /event-gruppesmartkat HTTP/1.1" 200 21256
168.23.60.178.dynamic.reverse-mundo-r.com - - [05/Dec/2017:22:10:18 +0100] "GET /events HTTP/1.1" 200 22514
168.23.60.178.dynamic.reverse-mundo-r.com - - [05/Dec/2017:22:10:18 +0100] "GET /event-matchracing HTTP/1.1" 200 21251
168.23.60.178.dynamic.reverse-mundo-r.com - - [05/Dec/2017:22:10:19 +0100] "GET /flotte HTTP/1.1" 200 29385
msnbot-207-46-13-31.search.msn.com - - [05/Dec/2017:22:23:10 +0100] "GET / HTTP/1.1" 200 6440
msnbot-157-55-39-151.search.msn.com - - [05/Dec/2017:22:28:04 +0100] "GET / HTTP/1.1" 200 6440
95-108-213-24.spider.yandex.com - - [05/Dec/2017:22:49:43 +0100] "GET /robots.txt HTTP/1.1" 200 120
95-108-181-79.spider.yandex.com - - [05/Dec/2017:22:49:43 +0100] "GET /robots.txt HTTP/1.1" 200 120
87-250-224-111.spider.yandex.com - - [05/Dec/2017:22:49:47 +0100] "GET / HTTP/1.1" 200 6440
178-154-171-23.spider.yandex.com - - [05/Dec/2017:22:49:47 +0100] "GET / HTTP/1.1" 200 6440
8.21.198.164 - - [05/Dec/2017:22:57:35 +0100] "GET /%C3%BCber-uns HTTP/1.1" 200 4741
8.21.198.164 - - [05/Dec/2017:22:57:35 +0100] "GET /robots.txt HTTP/1.1" 200 80
