144.233.197.178.dynamic.wless.lssmb00p-cgnat.res.cust.swisscom.ch - - [08/Oct/2017:17:13:09 +0200] "GET /aktuelles-wetter HTTP/1.1" 200 4557
144.233.197.178.dynamic.wless.lssmb00p-cgnat.res.cust.swisscom.ch - - [08/Oct/2017:17:13:10 +0200] "GET /css/skeleton.css HTTP/1.1" 200 3511
144.233.197.178.dynamic.wless.lssmb00p-cgnat.res.cust.swisscom.ch - - [08/Oct/2017:17:13:10 +0200] "GET /templates/creator/m_f/fa/fa7/164/css/style.min.css?v=1483633820 HTTP/1.1" 200 847
144.233.197.178.dynamic.wless.lssmb00p-cgnat.res.cust.swisscom.ch - - [08/Oct/2017:17:13:10 +0200] "GET /templates/creator/m_f/fa/fa7/164/assets/slide.js?v=1483633820 HTTP/1.1" 200 662
144.233.197.178.dynamic.wless.lssmb00p-cgnat.res.cust.swisscom.ch - - [08/Oct/2017:17:13:10 +0200] "GET /templates/creator/m_f/fa/fa7/164/assets/tab_l_bottom.png HTTP/1.1" 304 -
144.233.197.178.dynamic.wless.lssmb00p-cgnat.res.cust.swisscom.ch - - [08/Oct/2017:17:13:10 +0200] "GET /templates/creator/m_f/fa/fa7/164/assets/tab_r_bottom.png HTTP/1.1" 304 -
144.233.197.178.dynamic.wless.lssmb00p-cgnat.res.cust.swisscom.ch - - [08/Oct/2017:17:13:10 +0200] "GET /js/footer/build_social_entries.min.js?v=6.6.7.2.41064 HTTP/1.1" 200 278
144.233.197.178.dynamic.wless.lssmb00p-cgnat.res.cust.swisscom.ch - - [08/Oct/2017:17:13:10 +0200] "GET /js/footer/get_deps.min.js?v=6.6.7.2.41064 HTTP/1.1" 200 157
144.233.197.178.dynamic.wless.lssmb00p-cgnat.res.cust.swisscom.ch - - [08/Oct/2017:17:13:10 +0200] "GET /css/widgets/concat_widget.min.css?v=6.6.7.2.41064 HTTP/1.1" 200 24507
144.233.197.178.dynamic.wless.lssmb00p-cgnat.res.cust.swisscom.ch - - [08/Oct/2017:17:13:10 +0200] "GET /templates/creator/m_f/fa/fa7/164/css/main.min.css?v=1483633820 HTTP/1.1" 200 1797
144.233.197.178.dynamic.wless.lssmb00p-cgnat.res.cust.swisscom.ch - - [08/Oct/2017:17:13:10 +0200] "GET /templates/creator/m_f/fa/fa7/164/assets/respond.min.js?v=1483633820 HTTP/1.1" 200 2085
144.233.197.178.dynamic.wless.lssmb00p-cgnat.res.cust.swisscom.ch - - [08/Oct/2017:17:13:10 +0200] "GET /templates/creator/m_f/fa/fa7/164/assets/wp-menu.js?v=1483633820 HTTP/1.1" 200 1089
144.233.197.178.dynamic.wless.lssmb00p-cgnat.res.cust.swisscom.ch - - [08/Oct/2017:17:13:10 +0200] "GET /js/functions_stripped.js?v=6.6.7.2.41064 HTTP/1.1" 200 3186
144.233.197.178.dynamic.wless.lssmb00p-cgnat.res.cust.swisscom.ch - - [08/Oct/2017:17:13:10 +0200] "GET /var/m_0/0d/0dd/12455/143352-Header_Segelschule_2.jpg HTTP/1.1" 304 -
144.233.197.178.dynamic.wless.lssmb00p-cgnat.res.cust.swisscom.ch - - [08/Oct/2017:17:13:10 +0200] "GET /templates/creator/m_f/fa/fa7/164/assets/tab_b_bottom.png HTTP/1.1" 304 -
144.233.197.178.dynamic.wless.lssmb00p-cgnat.res.cust.swisscom.ch - - [08/Oct/2017:17:13:10 +0200] "GET /templates/creator/m_f/fa/fa7/164/assets/tab_m_bottom.png HTTP/1.1" 304 -
144.233.197.178.dynamic.wless.lssmb00p-cgnat.res.cust.swisscom.ch - - [08/Oct/2017:17:13:10 +0200] "GET /templates/creator/m_f/fa/fa7/164/assets/bt_open.png HTTP/1.1" 304 -
144.233.197.178.dynamic.wless.lssmb00p-cgnat.res.cust.swisscom.ch - - [08/Oct/2017:17:13:10 +0200] "GET /templates/creator/m_f/fa/fa7/164/assets/bt_close.png HTTP/1.1" 304 -
144.233.197.178.dynamic.wless.lssmb00p-cgnat.res.cust.swisscom.ch - - [08/Oct/2017:17:13:12 +0200] "GET /templates/resellers/7/favicon.ico?v=1506858067 HTTP/1.1" 304 -
msnbot-40-77-167-5.search.msn.com - - [08/Oct/2017:17:16:50 +0200] "GET /kurse.shtml HTTP/1.1" 200 6280
msnbot-40-77-167-128.search.msn.com - - [08/Oct/2017:17:21:32 +0200] "GET /%C3%83%C6%92%C3%86%E2%80%99%C3%83%E2%80%9A%C3%82%C2%BCber-uns HTTP/1.1" 200 4296
msnbot-157-55-39-105.search.msn.com - - [08/Oct/2017:17:43:44 +0200] "GET /event-matchracing.shtml HTTP/1.1" 200 5634
