topvwv.example.com - - [28/Sep/2017:15:06:08 +0200] "GET /wp-login.php HTTP/1.1" 200 18069
topvwv.example.com - - [28/Sep/2017:15:06:11 +0200] "GET //wp-login.php HTTP/1.1" 200 18205
crawl-66-249-64-30.googlebot.com - - [28/Sep/2017:15:27:50 +0200] "GET /templates/resellers/7/favicon.ico?v=1471787590 HTTP/1.1" 304 -
msnbot-157-55-39-204.search.msn.com - - [28/Sep/2017:15:28:30 +0200] "GET /segelkurs-jollesmartkat.shtml HTTP/1.1" 200 5139
p50805A1B.dip0.t-ipconnect.de - - [28/Sep/2017:15:46:29 +0200] "GET /js/footer/build_social_entries.min.js?v=6.6.7.2.41064 HTTP/1.1" 200 278
p50805A1B.dip0.t-ipconnect.de - - [28/Sep/2017:15:46:29 +0200] "GET / HTTP/1.1" 200 6440
p50805A1B.dip0.t-ipconnect.de - - [28/Sep/2017:15:46:29 +0200] "GET /css/widgets/concat_widget.min.css?v=6.6.7.2.41064 HTTP/1.1" 200 24507
p50805A1B.dip0.t-ipconnect.de - - [28/Sep/2017:15:46:29 +0200] "GET /css/skeleton.css HTTP/1.1" 200 3511
p50805A1B.dip0.t-ipconnect.de - - [28/Sep/2017:15:46:29 +0200] "GET /js/footer/get_deps.min.js?v=6.6.7.2.41064 HTTP/1.1" 200 157
p50805A1B.dip0.t-ipconnect.de - - [28/Sep/2017:15:46:29 +0200] "GET /templates/creator/m_f/fa/fa7/164/css/style.min.css?v=1483633820 HTTP/1.1" 200 847
p50805A1B.dip0.t-ipconnect.de - - [28/Sep/2017:15:46:29 +0200] "GET /templates/creator/m_f/fa/fa7/164/css/main.min.css?v=1483633820 HTTP/1.1" 200 1797
p50805A1B.dip0.t-ipconnect.de - - [28/Sep/2017:15:46:29 +0200] "GET /templates/creator/m_f/fa/fa7/164/assets/respond.min.js?v=1483633820 HTTP/1.1" 200 2085
p50805A1B.dip0.t-ipconnect.de - - [28/Sep/2017:15:46:29 +0200] "GET /templates/creator/m_f/fa/fa7/164/assets/wp-menu.js?v=1483633820 HTTP/1.1" 200 1089
p50805A1B.dip0.t-ipconnect.de - - [28/Sep/2017:15:46:29 +0200] "GET /templates/creator/m_f/fa/fa7/164/assets/slide.js?v=1483633820 HTTP/1.1" 200 662
p50805A1B.dip0.t-ipconnect.de - - [28/Sep/2017:15:46:30 +0200] "GET /js/functions_stripped.js?v=6.6.7.2.41064 HTTP/1.1" 200 3186
p50805A1B.dip0.t-ipconnect.de - - [28/Sep/2017:15:46:30 +0200] "GET /js/jquery.lazyload.min.js?v=6.6.7.2.41064 HTTP/1.1" 200 1283
p50805A1B.dip0.t-ipconnect.de - - [28/Sep/2017:15:46:30 +0200] "GET /var/m_0/0d/0dd/12455/143351-Header_Segelschule.jpg HTTP/1.1" 200 107532
p50805A1B.dip0.t-ipconnect.de - - [28/Sep/2017:15:46:30 +0200] "GET /var/m_0/0d/0dd/12455/125493-13_Kurse.JPG HTTP/1.1" 200 70517
p50805A1B.dip0.t-ipconnect.de - - [28/Sep/2017:15:46:30 +0200] "GET /var/m_0/0d/0dd/12455/6564603-SK_Tro_Head.jpg HTTP/1.1" 200 136780
p50805A1B.dip0.t-ipconnect.de - - [28/Sep/2017:15:46:30 +0200] "GET /var/m_0/0d/0dd/12455/8254793-J70_Davos.w1024.jpg HTTP/1.1" 200 191999
p50805A1B.dip0.t-ipconnect.de - - [28/Sep/2017:15:46:30 +0200] "GET /var/m_0/0d/0dd/12455/8218280-65_Regatta.JPG HTTP/1.1" 200 192350
p50805A1B.dip0.t-ipconnect.de - - [28/Sep/2017:15:46:30 +0200] "GET /var/m_0/0d/0dd/12455/125494-14_Vermietung.JPG HTTP/1.1" 200 95115
p50805A1B.dip0.t-ipconnect.de - - [28/Sep/2017:15:46:30 +0200] "GET /var/m_0/0d/0dd/12455/125495-15_Event.JPG HTTP/1.1" 200 59088
p50805A1B.dip0.t-ipconnect.de - - [28/Sep/2017:15:46:30 +0200] "GET /var/m_0/0d/0dd/12455/143580-SP_Heierling1.jpg HTTP/1.1" 200 2613
p50805A1B.dip0.t-ipconnect.de - - [28/Sep/2017:15:46:30 +0200] "GET /var/m_0/0d/0dd/12455/143584-SP_Lemm1.jpg HTTP/1.1" 200 2321
p50805A1B.dip0.t-ipconnect.de - - [28/Sep/2017:15:46:30 +0200] "GET /var/m_0/0d/0dd/12455/8288159-EWD_rgb_pos.jpg HTTP/1.1" 200 207458
p50805A1B.dip0.t-ipconnect.de - - [28/Sep/2017:15:46:30 +0200] "GET /var/m_0/0d/0dd/12455/143582-SP_Gipfel1.jpg HTTP/1.1" 200 2688
p50805A1B.dip0.t-ipconnect.de - - [28/Sep/2017:15:46:30 +0200] "GET /templates/resellers/7/favicon.ico?v=1506103971 HTTP/1.1" 200 4286
p50805A1B.dip0.t-ipconnect.de - - [28/Sep/2017:15:46:30 +0200] "GET /var/m_0/0d/0dd/12455/7230972-19_Matchracing.jpg HTTP/1.1" 200 55347
p50805A1B.dip0.t-ipconnect.de - - [28/Sep/2017:15:46:30 +0200] "GET /var/m_0/0d/0dd/12455/143586-SP_DK1.jpg HTTP/1.1" 200 3071
p50805A1B.dip0.t-ipconnect.de - - [28/Sep/2017:15:46:30 +0200] "GET /templates/resellers/7/favicon.ico?v=1506103971 HTTP/1.1" 200 4286
p50805A1B.dip0.t-ipconnect.de - - [28/Sep/2017:15:46:33 +0200] "GET /var/m_0/0d/0dd/12455/125498-31_Sprinto.JPG HTTP/1.1" 200 60889
p50805A1B.dip0.t-ipconnect.de - - [28/Sep/2017:15:46:33 +0200] "GET /vermietung.shtml HTTP/1.1" 200 5099
p50805A1B.dip0.t-ipconnect.de - - [28/Sep/2017:15:46:33 +0200] "GET /var/m_0/0d/0dd/12455/143352-Header_Segelschule_2.jpg HTTP/1.1" 200 107532
p50805A1B.dip0.t-ipconnect.de - - [28/Sep/2017:15:46:33 +0200] "GET /var/m_0/0d/0dd/12455/125499-32_Smartkat.JPG HTTP/1.1" 200 60966
p50805A1B.dip0.t-ipconnect.de - - [28/Sep/2017:15:46:33 +0200] "GET /var/m_0/0d/0dd/12455/125501-34_Laser.jpg HTTP/1.1" 200 52750
p50805A1B.dip0.t-ipconnect.de - - [28/Sep/2017:15:46:33 +0200] "GET /var/m_0/0d/0dd/12455/7441141-37_Pedalo.jpg HTTP/1.1" 200 195132
p50805A1B.dip0.t-ipconnect.de - - [28/Sep/2017:15:46:33 +0200] "GET /var/m_0/0d/0dd/12455/125500-33_Opti.jpg HTTP/1.1" 200 104538
p50805A1B.dip0.t-ipconnect.de - - [28/Sep/2017:15:46:33 +0200] "GET /templates/resellers/7/favicon.ico?v=1506147147 HTTP/1.1" 200 4286
p50805A1B.dip0.t-ipconnect.de - - [28/Sep/2017:15:46:34 +0200] "GET /templates/resellers/7/favicon.ico?v=1506147147 HTTP/1.1" 200 4286
p50805A1B.dip0.t-ipconnect.de - - [28/Sep/2017:15:48:20 +0200] "GET / HTTP/1.1" 200 6440
130-114-87-183.mysipl.com - - [28/Sep/2017:15:52:51 +0200] "GET / HTTP/1.1" 200 35804
130-114-87-183.mysipl.com - - [28/Sep/2017:15:52:52 +0200] "GET /wp-includes/wlwmanifest.xml HTTP/1.1" 200 18205
130-114-87-183.mysipl.com - - [28/Sep/2017:15:52:52 +0200] "GET /xmlrpc.php?rsd HTTP/1.1" 200 18205
130-114-87-183.mysipl.com - - [28/Sep/2017:15:52:52 +0200] "GET / HTTP/1.1" 200 35804
130-114-87-183.mysipl.com - - [28/Sep/2017:15:52:52 +0200] "GET /blog/wp-includes/wlwmanifest.xml HTTP/1.1" 200 16979
130-114-87-183.mysipl.com - - [28/Sep/2017:15:52:52 +0200] "GET /wordpress/wp-includes/wlwmanifest.xml HTTP/1.1" 200 18205
130-114-87-183.mysipl.com - - [28/Sep/2017:15:52:52 +0200] "GET /wp/wp-includes/wlwmanifest.xml HTTP/1.1" 200 18205
130-114-87-183.mysipl.com - - [28/Sep/2017:15:52:52 +0200] "GET /site/wp-includes/wlwmanifest.xml HTTP/1.1" 200 18205
130-114-87-183.mysipl.com - - [28/Sep/2017:15:52:53 +0200] "GET /cms/wp-includes/wlwmanifest.xml HTTP/1.1" 200 18205
hydrogen245.a.ahrefs.com - - [28/Sep/2017:15:59:22 +0200] "GET /galerie-matchracing HTTP/1.1" 200 4859
