188-163-73-8.broadband.kyivstar.net - - [01/Dec/2017:18:20:15 +0100] "GET / HTTP/1.1" 200 35804
firhere.net - - [01/Dec/2017:18:31:59 +0100] "GET /robots.txt HTTP/1.1" 200 120
firhere.net - - [01/Dec/2017:18:32:01 +0100] "GET /%C3%BCber-uns HTTP/1.1" 200 21862
firhere.net - - [01/Dec/2017:18:32:03 +0100] "GET /%C3%BCber-uns.shtml HTTP/1.1" 200 4740
firhere.net - - [01/Dec/2017:18:32:05 +0100] "GET /robots.txt HTTP/1.1" 200 120
firhere.net - - [01/Dec/2017:18:32:07 +0100] "GET /%C3%BCber-uns HTTP/1.1" 200 21862
firhere.net - - [01/Dec/2017:18:32:09 +0100] "GET /%C3%BCber-uns.shtml HTTP/1.1" 200 4740
hydrogen039.a.ahrefs.com - - [01/Dec/2017:18:36:06 +0100] "GET /var/m_0/0d/0dd/12455/143519-G2_Optikurs2014_14.JPG HTTP/1.1" 200 71703
46-118-157-50.broadband.kyivstar.net - - [01/Dec/2017:18:43:23 +0100] "GET / HTTP/1.1" 200 35804
46-118-157-50.broadband.kyivstar.net - - [01/Dec/2017:18:43:24 +0100] "GET / HTTP/1.1" 200 35804
46-118-157-50.broadband.kyivstar.net - - [01/Dec/2017:18:43:26 +0100] "GET / HTTP/1.1" 200 35804
nat-cs-technik-crawler-001.nat.fhnw.net - - [01/Dec/2017:18:47:51 +0100] "GET /robots.txt HTTP/1.1" 200 80
nat-cs-technik-crawler-001.nat.fhnw.net - - [01/Dec/2017:18:47:56 +0100] "GET / HTTP/1.1" 200 6440
nat-cs-technik-crawler-001.nat.fhnw.net - - [01/Dec/2017:18:47:56 +0100] "GET /%C3%BCber-uns.shtml HTTP/1.1" 200 4740
nat-cs-technik-crawler-001.nat.fhnw.net - - [01/Dec/2017:18:47:59 +0100] "GET /vermietung.shtml HTTP/1.1" 200 5099
nat-cs-technik-crawler-001.nat.fhnw.net - - [01/Dec/2017:18:48:00 +0100] "GET /standort.shtml HTTP/1.1" 200 4717
nat-cs-technik-crawler-001.nat.fhnw.net - - [01/Dec/2017:18:48:03 +0100] "GET /events.shtml HTTP/1.1" 200 5297
nat-cs-technik-crawler-001.nat.fhnw.net - - [01/Dec/2017:18:48:04 +0100] "GET /kurse.shtml HTTP/1.1" 200 6280
nat-cs-technik-crawler-001.nat.fhnw.net - - [01/Dec/2017:18:48:07 +0100] "GET /aktuelles-wetter.shtml HTTP/1.1" 200 4575
nat-cs-technik-crawler-001.nat.fhnw.net - - [01/Dec/2017:18:48:09 +0100] "GET /css/widgets/concat_widget.min.css?v=6.6.7.2.41064 HTTP/1.1" 200 24507
nat-cs-technik-crawler-001.nat.fhnw.net - - [01/Dec/2017:18:48:11 +0100] "GET /templates/creator/m_f/fa/fa7/164/css/style.min.css?v=1483633820 HTTP/1.1" 200 847
nat-cs-technik-crawler-001.nat.fhnw.net - - [01/Dec/2017:18:48:32 +0100] "GET /templates/creator/m_f/fa/fa7/164/css/main.min.css?v=1483633820 HTTP/1.1" 200 1797
nat-cs-technik-crawler-001.nat.fhnw.net - - [01/Dec/2017:18:48:34 +0100] "GET /segelkurs-jollesmartkat.shtml HTTP/1.1" 200 5139
nat-cs-technik-crawler-001.nat.fhnw.net - - [01/Dec/2017:18:48:36 +0100] "GET /event-pedalo.shtml HTTP/1.1" 200 5342
nat-cs-technik-crawler-001.nat.fhnw.net - - [01/Dec/2017:18:48:38 +0100] "GET /event-gruppesmartkat.shtml HTTP/1.1" 200 5645
nat-cs-technik-crawler-001.nat.fhnw.net - - [01/Dec/2017:18:48:40 +0100] "GET /kurse.shtml HTTP/1.1" 200 6280
nat-cs-technik-crawler-001.nat.fhnw.net - - [01/Dec/2017:18:48:42 +0100] "GET /vermietung.shtml HTTP/1.1" 200 5099
nat-cs-technik-crawler-001.nat.fhnw.net - - [01/Dec/2017:18:48:44 +0100] "GET /optikurse-2014.shtml HTTP/1.1" 200 4938
nat-cs-technik-crawler-001.nat.fhnw.net - - [01/Dec/2017:18:48:46 +0100] "GET /css/widgets/concat_widget.min.css?v=6.6.7.2.41064 HTTP/1.1" 200 24507
nat-cs-technik-crawler-001.nat.fhnw.net - - [01/Dec/2017:18:48:49 +0100] "GET /templates/creator/m_f/fa/fa7/164/css/main.min.css?v=1483633820 HTTP/1.1" 200 1797
nat-cs-technik-crawler-001.nat.fhnw.net - - [01/Dec/2017:18:49:07 +0100] "GET /templates/creator/m_f/fa/fa7/164/css/style.min.css?v=1483633820 HTTP/1.1" 200 847
nat-cs-technik-crawler-001.nat.fhnw.net - - [01/Dec/2017:18:49:08 +0100] "GET /aktuelles-wetter.shtml HTTP/1.1" 200 4575
nat-cs-technik-crawler-001.nat.fhnw.net - - [01/Dec/2017:18:49:10 +0100] "GET /event-gruppesmartkat.shtml HTTP/1.1" 200 5645
nat-cs-technik-crawler-001.nat.fhnw.net - - [01/Dec/2017:18:49:13 +0100] "GET /event-matchracing.shtml HTTP/1.1" 200 5634
nat-cs-technik-crawler-001.nat.fhnw.net - - [01/Dec/2017:18:49:14 +0100] "GET /event-pedalo.shtml HTTP/1.1" 200 5342
nat-cs-technik-crawler-001.nat.fhnw.net - - [01/Dec/2017:18:49:16 +0100] "GET /segel-grundkurs.shtml HTTP/1.1" 200 5378
nat-cs-technik-crawler-001.nat.fhnw.net - - [01/Dec/2017:18:49:19 +0100] "GET /smartkat-crashkurs.shtml HTTP/1.1" 200 4808
nat-cs-technik-crawler-001.nat.fhnw.net - - [01/Dec/2017:18:49:33 +0100] "GET /segelkurs-jollesmartkat.shtml HTTP/1.1" 200 5139
nat-cs-technik-crawler-001.nat.fhnw.net - - [01/Dec/2017:18:49:33 +0100] "GET /kinder-segelkurs.shtml HTTP/1.1" 200 5171
nat-cs-technik-crawler-001.nat.fhnw.net - - [01/Dec/2017:18:49:34 +0100] "GET /pruefungskurs.shtml HTTP/1.1" 200 5895
nat-cs-technik-crawler-001.nat.fhnw.net - - [01/Dec/2017:18:49:36 +0100] "GET /aktuelles-wetter HTTP/1.1" 200 4575
nat-cs-technik-crawler-001.nat.fhnw.net - - [01/Dec/2017:18:49:39 +0100] "GET /kursanmeldung.shtml HTTP/1.1" 200 10952
nat-cs-technik-crawler-001.nat.fhnw.net - - [01/Dec/2017:18:49:40 +0100] "GET /standort.shtml HTTP/1.1" 200 4717
nat-cs-technik-crawler-001.nat.fhnw.net - - [01/Dec/2017:18:49:43 +0100] "GET /css/skeleton.css HTTP/1.1" 200 3511
nat-cs-technik-crawler-001.nat.fhnw.net - - [01/Dec/2017:18:49:45 +0100] "GET /%C3%BCber-uns HTTP/1.1" 200 4741
nat-cs-technik-crawler-001.nat.fhnw.net - - [01/Dec/2017:18:49:47 +0100] "GET /templates/resellers/7/favicon.ico?v=1506148998 HTTP/1.1" 200 4286
nat-cs-technik-crawler-001.nat.fhnw.net - - [01/Dec/2017:18:49:48 +0100] "GET /js/fancybox2/jquery.fancybox.min.css?v=6.6.7.2.41064 HTTP/1.1" 200 1020
nat-cs-technik-crawler-001.nat.fhnw.net - - [01/Dec/2017:18:49:51 +0100] "GET /vermietung HTTP/1.1" 200 5100
nat-cs-technik-crawler-001.nat.fhnw.net - - [01/Dec/2017:18:49:53 +0100] "GET /templates/resellers/7/favicon.ico?v=1506147147 HTTP/1.1" 200 4286
nat-cs-technik-crawler-001.nat.fhnw.net - - [01/Dec/2017:18:49:54 +0100] "GET /standort HTTP/1.1" 200 4717
nat-cs-technik-crawler-001.nat.fhnw.net - - [01/Dec/2017:18:49:56 +0100] "GET /templates/resellers/7/favicon.ico?v=1506147146 HTTP/1.1" 200 4286
nat-cs-technik-crawler-001.nat.fhnw.net - - [01/Dec/2017:18:49:59 +0100] "GET /events HTTP/1.1" 200 5296
nat-cs-technik-crawler-001.nat.fhnw.net - - [01/Dec/2017:18:50:01 +0100] "GET /%C3%BCber-uns.shtml HTTP/1.1" 200 4740
nat-cs-technik-crawler-001.nat.fhnw.net - - [01/Dec/2017:18:50:03 +0100] "GET /templates/resellers/7/favicon.ico?v=1506147118 HTTP/1.1" 200 4286
nat-cs-technik-crawler-001.nat.fhnw.net - - [01/Dec/2017:18:50:05 +0100] "GET /kurse HTTP/1.1" 200 6281
nat-cs-technik-crawler-001.nat.fhnw.net - - [01/Dec/2017:18:50:06 +0100] "GET /templates/resellers/7/favicon.ico?v=1506147134 HTTP/1.1" 200 4286
nat-cs-technik-crawler-001.nat.fhnw.net - - [01/Dec/2017:18:50:08 +0100] "GET /templates/resellers/7/favicon.ico?v=1506147107 HTTP/1.1" 200 4286
nat-cs-technik-crawler-001.nat.fhnw.net - - [01/Dec/2017:18:50:13 +0100] "GET /js/fancybox2/jquery.fancybox.min.css?v=6.6.7.2.41064 HTTP/1.1" 200 1020
nat-cs-technik-crawler-001.nat.fhnw.net - - [01/Dec/2017:18:50:13 +0100] "GET /templates/resellers/7/favicon.ico?v=1506147107 HTTP/1.1" 200 4286
nat-cs-technik-crawler-001.nat.fhnw.net - - [01/Dec/2017:18:50:15 +0100] "GET /templates/resellers/7/favicon.ico?v=1506149005 HTTP/1.1" 200 4286
nat-cs-technik-crawler-001.nat.fhnw.net - - [01/Dec/2017:18:50:16 +0100] "GET /event-matchracing HTTP/1.1" 200 5634
nat-cs-technik-crawler-001.nat.fhnw.net - - [01/Dec/2017:18:50:18 +0100] "GET /flotte.shtml HTTP/1.1" 200 6274
nat-cs-technik-crawler-001.nat.fhnw.net - - [01/Dec/2017:18:50:20 +0100] "GET /templates/resellers/7/favicon.ico?v=1506147113 HTTP/1.1" 200 4286
nat-cs-technik-crawler-001.nat.fhnw.net - - [01/Dec/2017:18:50:22 +0100] "GET /templates/resellers/7/favicon.ico?v=1506147116 HTTP/1.1" 200 4286
nat-cs-technik-crawler-001.nat.fhnw.net - - [01/Dec/2017:18:50:24 +0100] "GET /templates/resellers/7/favicon.ico?v=1506149034 HTTP/1.1" 200 4286
nat-cs-technik-crawler-001.nat.fhnw.net - - [01/Dec/2017:18:50:26 +0100] "GET /segel-grundkurs HTTP/1.1" 200 5378
nat-cs-technik-crawler-001.nat.fhnw.net - - [01/Dec/2017:18:50:28 +0100] "GET /templates/resellers/7/favicon.ico?v=1506149037 HTTP/1.1" 200 4286
nat-cs-technik-crawler-001.nat.fhnw.net - - [01/Dec/2017:18:50:30 +0100] "GET /smartkat-crashkurs HTTP/1.1" 200 4808
nat-cs-technik-crawler-001.nat.fhnw.net - - [01/Dec/2017:18:50:32 +0100] "GET /templates/resellers/7/favicon.ico?v=1506148998 HTTP/1.1" 200 4286
nat-cs-technik-crawler-001.nat.fhnw.net - - [01/Dec/2017:18:50:34 +0100] "GET /templates/resellers/7/favicon.ico?v=1506149035 HTTP/1.1" 200 4286
nat-cs-technik-crawler-001.nat.fhnw.net - - [01/Dec/2017:18:50:36 +0100] "GET /templates/resellers/7/favicon.ico?v=1506147131 HTTP/1.1" 200 4286
nat-cs-technik-crawler-001.nat.fhnw.net - - [01/Dec/2017:18:50:38 +0100] "GET /kinder-segelkurs HTTP/1.1" 200 5172
nat-cs-technik-crawler-001.nat.fhnw.net - - [01/Dec/2017:18:50:40 +0100] "GET /templates/resellers/7/favicon.ico?v=1506149031 HTTP/1.1" 200 4286
nat-cs-technik-crawler-001.nat.fhnw.net - - [01/Dec/2017:18:50:42 +0100] "GET /pruefungskurs HTTP/1.1" 200 5895
nat-cs-technik-crawler-001.nat.fhnw.net - - [01/Dec/2017:18:50:45 +0100] "GET /templates/resellers/7/favicon.ico?v=1506147154 HTTP/1.1" 200 4286
nat-cs-technik-crawler-001.nat.fhnw.net - - [01/Dec/2017:18:50:46 +0100] "GET /galerie-matchracing.shtml HTTP/1.1" 200 4859
nat-cs-technik-crawler-001.nat.fhnw.net - - [01/Dec/2017:18:50:50 +0100] "GET /kinder-segelkurs.shtml HTTP/1.1" 200 5171
nat-cs-technik-crawler-001.nat.fhnw.net - - [01/Dec/2017:18:50:51 +0100] "GET /galerie.shtml HTTP/1.1" 200 4483
nat-cs-technik-crawler-001.nat.fhnw.net - - [01/Dec/2017:18:50:52 +0100] "GET /galerie.shtml HTTP/1.1" 200 4483
nat-cs-technik-crawler-001.nat.fhnw.net - - [01/Dec/2017:18:50:55 +0100] "GET /css/skeleton.css HTTP/1.1" 200 3511
nat-cs-technik-crawler-001.nat.fhnw.net - - [01/Dec/2017:18:51:03 +0100] "GET /davosersee.shtml HTTP/1.1" 200 5477
nat-cs-technik-crawler-001.nat.fhnw.net - - [01/Dec/2017:18:51:04 +0100] "GET /galerie-sktrophy-2015.shtml HTTP/1.1" 200 5939
nat-cs-technik-crawler-001.nat.fhnw.net - - [01/Dec/2017:18:51:05 +0100] "GET /kursanmeldung.shtml HTTP/1.1" 200 10952
nat-cs-technik-crawler-001.nat.fhnw.net - - [01/Dec/2017:18:51:06 +0100] "GET /event-matchracing.shtml HTTP/1.1" 200 5634
nat-cs-technik-crawler-001.nat.fhnw.net - - [01/Dec/2017:18:51:08 +0100] "GET /events.shtml HTTP/1.1" 200 5297
nat-cs-technik-crawler-001.nat.fhnw.net - - [01/Dec/2017:18:51:10 +0100] "GET / HTTP/1.1" 200 6440
nat-cs-technik-crawler-001.nat.fhnw.net - - [01/Dec/2017:18:51:12 +0100] "GET /segel-grundkurs.shtml HTTP/1.1" 200 5378
nat-cs-technik-crawler-001.nat.fhnw.net - - [01/Dec/2017:18:51:16 +0100] "GET /smartkat-crashkurs.shtml HTTP/1.1" 200 4808
nat-cs-technik-crawler-001.nat.fhnw.net - - [01/Dec/2017:18:51:16 +0100] "GET /pruefungskurs.shtml HTTP/1.1" 200 5895
nat-cs-technik-crawler-001.nat.fhnw.net - - [01/Dec/2017:18:51:18 +0100] "GET /flotte.shtml HTTP/1.1" 200 6274
nat-cs-technik-crawler-001.nat.fhnw.net - - [01/Dec/2017:18:51:20 +0100] "GET /templates/resellers/7/favicon.ico?v=1506103971 HTTP/1.1" 200 4286
nat-cs-technik-crawler-001.nat.fhnw.net - - [01/Dec/2017:18:51:25 +0100] "GET /galerie-sktrophy-2014.shtml HTTP/1.1" 200 5044
nat-cs-technik-crawler-001.nat.fhnw.net - - [01/Dec/2017:18:51:26 +0100] "GET /galerie-gruppesmartkat.shtml HTTP/1.1" 200 4863
nat-cs-technik-crawler-001.nat.fhnw.net - - [01/Dec/2017:18:51:30 +0100] "GET /templates/resellers/7/favicon.ico?v=1506149035 HTTP/1.1" 200 4286
nat-cs-technik-crawler-001.nat.fhnw.net - - [01/Dec/2017:18:51:31 +0100] "GET /segelkurs-jollesmartkat HTTP/1.1" 200 5140
nat-cs-technik-crawler-001.nat.fhnw.net - - [01/Dec/2017:18:51:33 +0100] "GET /event-pedalo HTTP/1.1" 200 5342
nat-cs-technik-crawler-001.nat.fhnw.net - - [01/Dec/2017:18:51:35 +0100] "GET /templates/resellers/7/favicon.ico?v=1506147116 HTTP/1.1" 200 4286
nat-cs-technik-crawler-001.nat.fhnw.net - - [01/Dec/2017:18:51:37 +0100] "GET /event-gruppesmartkat HTTP/1.1" 200 5645
nat-cs-technik-crawler-001.nat.fhnw.net - - [01/Dec/2017:18:51:39 +0100] "GET /templates/resellers/7/favicon.ico?v=1506149005 HTTP/1.1" 200 4286
nat-cs-technik-crawler-001.nat.fhnw.net - - [01/Dec/2017:18:51:40 +0100] "GET /templates/resellers/7/favicon.ico?v=1506147134 HTTP/1.1" 200 4286
nat-cs-technik-crawler-001.nat.fhnw.net - - [01/Dec/2017:18:51:42 +0100] "GET /templates/resellers/7/favicon.ico?v=1506147147 HTTP/1.1" 200 4286
nat-cs-technik-crawler-001.nat.fhnw.net - - [01/Dec/2017:18:51:45 +0100] "GET /templates/resellers/7/favicon.ico?v=1506149030 HTTP/1.1" 200 4286
nat-cs-technik-crawler-001.nat.fhnw.net - - [01/Dec/2017:18:51:46 +0100] "GET /optikurse-2014 HTTP/1.1" 200 4938
nat-cs-technik-crawler-001.nat.fhnw.net - - [01/Dec/2017:18:51:48 +0100] "GET /templates/resellers/7/favicon.ico?v=1506109630 HTTP/1.1" 200 4286
nat-cs-technik-crawler-001.nat.fhnw.net - - [01/Dec/2017:18:51:52 +0100] "GET /galerie-sktrophy-2015.shtml HTTP/1.1" 200 5939
nat-cs-technik-crawler-001.nat.fhnw.net - - [01/Dec/2017:18:51:52 +0100] "GET /galerie-sktrophy-2014.shtml HTTP/1.1" 200 5044
nat-cs-technik-crawler-001.nat.fhnw.net - - [01/Dec/2017:18:51:56 +0100] "GET /optikurse-2014.shtml HTTP/1.1" 200 4938
nat-cs-technik-crawler-001.nat.fhnw.net - - [01/Dec/2017:18:51:56 +0100] "GET /davosersee.shtml HTTP/1.1" 200 5477
nat-cs-technik-crawler-001.nat.fhnw.net - - [01/Dec/2017:18:52:00 +0100] "GET /kursanmeldung HTTP/1.1" 200 10945
nat-cs-technik-crawler-001.nat.fhnw.net - - [01/Dec/2017:18:52:00 +0100] "GET /galerie-matchracing.shtml HTTP/1.1" 200 4859
nat-cs-technik-crawler-001.nat.fhnw.net - - [01/Dec/2017:18:52:02 +0100] "GET /galerie-gruppesmartkat.shtml HTTP/1.1" 200 4863
nat-cs-technik-crawler-001.nat.fhnw.net - - [01/Dec/2017:18:52:05 +0100] "GET /templates/resellers/7/favicon.ico?v=1506147146 HTTP/1.1" 200 4286
nat-cs-technik-crawler-001.nat.fhnw.net - - [01/Dec/2017:18:52:06 +0100] "GET /templates/resellers/7/favicon.ico?v=1506181272 HTTP/1.1" 200 4286
nat-cs-technik-crawler-001.nat.fhnw.net - - [01/Dec/2017:18:52:08 +0100] "GET /templates/resellers/7/favicon.ico?v=1506296826 HTTP/1.1" 200 4286
nat-cs-technik-crawler-001.nat.fhnw.net - - [01/Dec/2017:18:52:12 +0100] "GET /templates/resellers/7/favicon.ico?v=1506294954 HTTP/1.1" 200 4286
nat-cs-technik-crawler-001.nat.fhnw.net - - [01/Dec/2017:18:52:12 +0100] "GET /templates/resellers/7/favicon.ico?v=1506147164 HTTP/1.1" 200 4286
nat-cs-technik-crawler-001.nat.fhnw.net - - [01/Dec/2017:18:52:15 +0100] "GET /templates/resellers/7/favicon.ico?v=1506147177 HTTP/1.1" 200 4286
nat-cs-technik-crawler-001.nat.fhnw.net - - [01/Dec/2017:18:52:17 +0100] "GET /templates/resellers/7/favicon.ico?v=1506147160 HTTP/1.1" 200 4286
nat-cs-technik-crawler-001.nat.fhnw.net - - [01/Dec/2017:18:52:19 +0100] "GET /flotte HTTP/1.1" 200 6274
nat-cs-technik-crawler-001.nat.fhnw.net - - [01/Dec/2017:18:52:21 +0100] "GET /templates/resellers/7/favicon.ico?v=1506147120 HTTP/1.1" 200 4286
nat-cs-technik-crawler-001.nat.fhnw.net - - [01/Dec/2017:18:52:23 +0100] "GET /templates/resellers/7/favicon.ico?v=1506294920 HTTP/1.1" 200 4286
nat-cs-technik-crawler-001.nat.fhnw.net - - [01/Dec/2017:18:52:25 +0100] "GET /smartkat-crashkurs HTTP/1.1" 200 4808
nat-cs-technik-crawler-001.nat.fhnw.net - - [01/Dec/2017:18:52:27 +0100] "GET /templates/resellers/7/favicon.ico?v=1506155761 HTTP/1.1" 200 4286
nat-cs-technik-crawler-001.nat.fhnw.net - - [01/Dec/2017:18:52:28 +0100] "GET /templates/resellers/7/favicon.ico?v=1506147175 HTTP/1.1" 200 4286
nat-cs-technik-crawler-001.nat.fhnw.net - - [01/Dec/2017:18:52:30 +0100] "GET /templates/resellers/7/favicon.ico?v=1506139835 HTTP/1.1" 200 4286
nat-cs-technik-crawler-001.nat.fhnw.net - - [01/Dec/2017:18:52:33 +0100] "GET /galerie-matchracing HTTP/1.1" 200 4859
nat-cs-technik-crawler-001.nat.fhnw.net - - [01/Dec/2017:18:52:35 +0100] "GET /templates/resellers/7/favicon.ico?v=1506147123 HTTP/1.1" 200 4286
nat-cs-technik-crawler-001.nat.fhnw.net - - [01/Dec/2017:18:52:37 +0100] "GET /templates/resellers/7/favicon.ico?v=1506147131 HTTP/1.1" 200 4286
nat-cs-technik-crawler-001.nat.fhnw.net - - [01/Dec/2017:18:52:39 +0100] "GET /galerie HTTP/1.1" 200 4483
nat-cs-technik-crawler-001.nat.fhnw.net - - [01/Dec/2017:18:52:41 +0100] "GET /templates/resellers/7/favicon.ico?v=1506149023 HTTP/1.1" 200 4286
nat-cs-technik-crawler-001.nat.fhnw.net - - [01/Dec/2017:18:52:45 +0100] "GET /templates/resellers/7/favicon.ico?v=1506149023 HTTP/1.1" 200 4286
nat-cs-technik-crawler-001.nat.fhnw.net - - [01/Dec/2017:18:52:45 +0100] "GET /davosersee HTTP/1.1" 200 5477
nat-cs-technik-crawler-001.nat.fhnw.net - - [01/Dec/2017:18:52:46 +0100] "GET /templates/resellers/7/favicon.ico?v=1506147110 HTTP/1.1" 200 4286
nat-cs-technik-crawler-001.nat.fhnw.net - - [01/Dec/2017:18:52:48 +0100] "GET /galerie-sktrophy-2015 HTTP/1.1" 200 5939
nat-cs-technik-crawler-001.nat.fhnw.net - - [01/Dec/2017:18:52:52 +0100] "GET /templates/resellers/7/favicon.ico?v=1506149021 HTTP/1.1" 200 4286
nat-cs-technik-crawler-001.nat.fhnw.net - - [01/Dec/2017:18:52:53 +0100] "GET /templates/resellers/7/favicon.ico?v=1506109630 HTTP/1.1" 200 4286
nat-cs-technik-crawler-001.nat.fhnw.net - - [01/Dec/2017:18:52:55 +0100] "GET /templates/resellers/7/favicon.ico?v=1506147113 HTTP/1.1" 200 4286
nat-cs-technik-crawler-001.nat.fhnw.net - - [01/Dec/2017:18:52:58 +0100] "GET /templates/resellers/7/favicon.ico?v=1506103971 HTTP/1.1" 200 4286
nat-cs-technik-crawler-001.nat.fhnw.net - - [01/Dec/2017:18:52:58 +0100] "GET /templates/resellers/7/favicon.ico?v=1506147118 HTTP/1.1" 200 4286
nat-cs-technik-crawler-001.nat.fhnw.net - - [01/Dec/2017:18:53:01 +0100] "GET /templates/resellers/7/favicon.ico?v=1506149034 HTTP/1.1" 200 4286
nat-cs-technik-crawler-001.nat.fhnw.net - - [01/Dec/2017:18:53:12 +0100] "GET /templates/resellers/7/favicon.ico?v=1506149037 HTTP/1.1" 200 4286
nat-cs-technik-crawler-001.nat.fhnw.net - - [01/Dec/2017:18:53:12 +0100] "GET /templates/resellers/7/favicon.ico?v=1506149031 HTTP/1.1" 200 4286
nat-cs-technik-crawler-001.nat.fhnw.net - - [01/Dec/2017:18:53:15 +0100] "GET /templates/resellers/7/favicon.ico?v=1506147120 HTTP/1.1" 200 4286
nat-cs-technik-crawler-001.nat.fhnw.net - - [01/Dec/2017:18:53:26 +0100] "GET /galerie-sktrophy-2014 HTTP/1.1" 200 5044
nat-cs-technik-crawler-001.nat.fhnw.net - - [01/Dec/2017:18:53:27 +0100] "GET /templates/resellers/7/favicon.ico?v=1506149019 HTTP/1.1" 200 4286
nat-cs-technik-crawler-001.nat.fhnw.net - - [01/Dec/2017:18:53:36 +0100] "GET /templates/resellers/7/favicon.ico?v=1506147121 HTTP/1.1" 200 4286
nat-cs-technik-crawler-001.nat.fhnw.net - - [01/Dec/2017:18:53:39 +0100] "GET /galerie-gruppesmartkat HTTP/1.1" 200 4863
nat-cs-technik-crawler-001.nat.fhnw.net - - [01/Dec/2017:18:53:41 +0100] "GET /templates/resellers/7/favicon.ico?v=1506204419 HTTP/1.1" 200 4286
nat-cs-technik-crawler-001.nat.fhnw.net - - [01/Dec/2017:18:53:43 +0100] "GET /segelkurs-jollesmartkat HTTP/1.1" 200 5140
nat-cs-technik-crawler-001.nat.fhnw.net - - [01/Dec/2017:18:53:45 +0100] "GET /templates/resellers/7/favicon.ico?v=1506149055 HTTP/1.1" 200 4286
nat-cs-technik-crawler-001.nat.fhnw.net - - [01/Dec/2017:18:53:48 +0100] "GET /templates/resellers/7/favicon.ico?v=1506149051 HTTP/1.1" 200 4286
nat-cs-technik-crawler-001.nat.fhnw.net - - [01/Dec/2017:18:53:48 +0100] "GET /templates/resellers/7/favicon.ico?v=1506147179 HTTP/1.1" 200 4286
nat-cs-technik-crawler-001.nat.fhnw.net - - [01/Dec/2017:18:54:01 +0100] "GET /templates/resellers/7/favicon.ico?v=1506149021 HTTP/1.1" 200 4286
nat-cs-technik-crawler-001.nat.fhnw.net - - [01/Dec/2017:18:54:01 +0100] "GET /templates/resellers/7/favicon.ico?v=1506149019 HTTP/1.1" 200 4286
nat-cs-technik-crawler-001.nat.fhnw.net - - [01/Dec/2017:18:54:08 +0100] "GET /templates/resellers/7/favicon.ico?v=1506147110 HTTP/1.1" 200 4286
nat-cs-technik-crawler-001.nat.fhnw.net - - [01/Dec/2017:18:54:08 +0100] "GET /templates/resellers/7/favicon.ico?v=1506149030 HTTP/1.1" 200 4286
nat-cs-technik-crawler-001.nat.fhnw.net - - [01/Dec/2017:18:54:08 +0100] "GET /templates/resellers/7/favicon.ico?v=1506452182 HTTP/1.1" 200 4286
nat-cs-technik-crawler-001.nat.fhnw.net - - [01/Dec/2017:18:54:11 +0100] "GET /kursanmeldung HTTP/1.1" 200 10945
nat-cs-technik-crawler-001.nat.fhnw.net - - [01/Dec/2017:18:54:19 +0100] "GET /templates/resellers/7/favicon.ico?v=1506147123 HTTP/1.1" 200 4286
nat-cs-technik-crawler-001.nat.fhnw.net - - [01/Dec/2017:18:54:19 +0100] "GET /templates/resellers/7/favicon.ico?v=1506147121 HTTP/1.1" 200 4286
nat-cs-technik-crawler-001.nat.fhnw.net - - [01/Dec/2017:18:54:23 +0100] "GET /flotte HTTP/1.1" 200 6274
nat-cs-technik-crawler-001.nat.fhnw.net - - [01/Dec/2017:18:54:23 +0100] "GET /templates/resellers/7/favicon.ico?v=1506109514 HTTP/1.1" 200 4286
nat-cs-technik-crawler-001.nat.fhnw.net - - [01/Dec/2017:18:54:25 +0100] "GET /templates/resellers/7/favicon.ico?v=1506155761 HTTP/1.1" 200 4286
nat-cs-technik-crawler-001.nat.fhnw.net - - [01/Dec/2017:18:54:26 +0100] "GET /templates/resellers/7/favicon.ico?v=1506147168 HTTP/1.1" 200 4286
nat-cs-technik-crawler-001.nat.fhnw.net - - [01/Dec/2017:18:54:29 +0100] "GET /templates/resellers/7/favicon.ico?v=1506149067 HTTP/1.1" 200 4286
nat-cs-technik-crawler-001.nat.fhnw.net - - [01/Dec/2017:18:54:30 +0100] "GET /templates/resellers/7/favicon.ico?v=1506149049 HTTP/1.1" 200 4286
nat-cs-technik-crawler-001.nat.fhnw.net - - [01/Dec/2017:18:54:35 +0100] "GET /templates/resellers/7/favicon.ico?v=1506147172 HTTP/1.1" 200 4286
nat-cs-technik-crawler-001.nat.fhnw.net - - [01/Dec/2017:18:54:35 +0100] "GET /templates/resellers/7/favicon.ico?v=1506147170 HTTP/1.1" 200 4286
nat-cs-technik-crawler-001.nat.fhnw.net - - [01/Dec/2017:18:54:37 +0100] "GET /templates/resellers/7/favicon.ico?v=1506147166 HTTP/1.1" 200 4286
nat-cs-technik-crawler-001.nat.fhnw.net - - [01/Dec/2017:18:54:38 +0100] "GET /templates/resellers/7/favicon.ico?v=1506204419 HTTP/1.1" 200 4286
nat-cs-technik-crawler-001.nat.fhnw.net - - [01/Dec/2017:18:54:43 +0100] "GET /templates/resellers/7/favicon.ico?v=1506109514 HTTP/1.1" 200 4286
nat-cs-technik-crawler-001.nat.fhnw.net - - [01/Dec/2017:18:54:43 +0100] "GET /templates/resellers/7/favicon.ico?v=1506452182 HTTP/1.1" 200 4286
