c87113.upc-c.chello.nl - - [17/Oct/2017:12:15:04 +0200] "GET / HTTP/1.1" 200 35804
c87113.upc-c.chello.nl - - [17/Oct/2017:12:15:06 +0200] "GET /events.shtml HTTP/1.1" 200 22514
c87113.upc-c.chello.nl - - [17/Oct/2017:12:15:07 +0200] "GET /galerie.shtml HTTP/1.1" 200 22747
c87113.upc-c.chello.nl - - [17/Oct/2017:12:15:08 +0200] "GET /vermietung.shtml HTTP/1.1" 200 25728
c87113.upc-c.chello.nl - - [17/Oct/2017:12:15:08 +0200] "GET /kurse.shtml HTTP/1.1" 200 31031
c87113.upc-c.chello.nl - - [17/Oct/2017:12:15:09 +0200] "GET /event-matchracing.shtml HTTP/1.1" 200 21251
c87113.upc-c.chello.nl - - [17/Oct/2017:12:15:09 +0200] "GET /galerie-gruppesmartkat.shtml HTTP/1.1" 200 20574
c87113.upc-c.chello.nl - - [17/Oct/2017:12:15:09 +0200] "GET /galerie-matchracing.shtml HTTP/1.1" 200 21704
c87113.upc-c.chello.nl - - [17/Oct/2017:12:15:09 +0200] "GET /event-pedalo.shtml HTTP/1.1" 200 20248
c87113.upc-c.chello.nl - - [17/Oct/2017:12:15:09 +0200] "GET /event-gruppesmartkat.shtml HTTP/1.1" 200 21256
c87113.upc-c.chello.nl - - [17/Oct/2017:12:15:10 +0200] "GET /galerie-sktrophy-2014.shtml HTTP/1.1" 200 29913
c87113.upc-c.chello.nl - - [17/Oct/2017:12:15:10 +0200] "GET /galerie-sktrophy-2015.shtml HTTP/1.1" 200 49420
c87113.upc-c.chello.nl - - [17/Oct/2017:12:15:11 +0200] "GET /kinder-segelkurs.shtml HTTP/1.1" 200 19898
c87113.upc-c.chello.nl - - [17/Oct/2017:12:15:11 +0200] "GET /pruefungskurs.shtml HTTP/1.1" 200 23039
c87113.upc-c.chello.nl - - [17/Oct/2017:12:15:11 +0200] "GET /optikurse-2014.shtml HTTP/1.1" 200 26353
c87113.upc-c.chello.nl - - [17/Oct/2017:12:15:12 +0200] "GET /smartkat-crashkurs.shtml HTTP/1.1" 200 17863
c87113.upc-c.chello.nl - - [17/Oct/2017:12:15:12 +0200] "GET /segelkurs-jollesmartkat.shtml HTTP/1.1" 200 19993
c87113.upc-c.chello.nl - - [17/Oct/2017:12:15:12 +0200] "GET /js/functions_stripped.js?v=6.6.7.2.41064 HTTP/1.1" 200 7672
c87113.upc-c.chello.nl - - [17/Oct/2017:12:15:12 +0200] "GET /flotte.shtml HTTP/1.1" 200 29241
c87113.upc-c.chello.nl - - [17/Oct/2017:12:15:12 +0200] "GET /segel-grundkurs.shtml HTTP/1.1" 200 21440
c87113.upc-c.chello.nl - - [17/Oct/2017:12:15:12 +0200] "GET /Perspectiva.html? HTTP/1.1" 200 18069
c87113.upc-c.chello.nl - - [17/Oct/2017:12:15:13 +0200] "GET /aktuelles-wetter HTTP/1.1" 200 18388
c87113.upc-c.chello.nl - - [17/Oct/2017:12:15:13 +0200] "GET /event-gruppesmartkat HTTP/1.1" 200 21256
c87113.upc-c.chello.nl - - [17/Oct/2017:12:15:13 +0200] "GET /js/).html(a);null==$( HTTP/1.1" 200 219
c87113.upc-c.chello.nl - - [17/Oct/2017:12:15:13 +0200] "GET /js/jquery.lazyload.min.js?v=6.6.7.2.41064 HTTP/1.1" 200 3342
c87113.upc-c.chello.nl - - [17/Oct/2017:12:15:13 +0200] "GET /davosersee HTTP/1.1" 200 19505
c87113.upc-c.chello.nl - - [17/Oct/2017:12:15:14 +0200] "GET /flotte HTTP/1.1" 200 29385
c87113.upc-c.chello.nl - - [17/Oct/2017:12:15:14 +0200] "GET /events HTTP/1.1" 200 22514
c87113.upc-c.chello.nl - - [17/Oct/2017:12:15:14 +0200] "GET /event-matchracing HTTP/1.1" 200 21251
c87113.upc-c.chello.nl - - [17/Oct/2017:12:15:14 +0200] "GET /event-pedalo HTTP/1.1" 200 20248
162.220.246.230 - - [17/Oct/2017:12:22:19 +0200] "GET /id_rsa HTTP/1.1" 200 4297
162.220.246.230 - - [17/Oct/2017:12:22:20 +0200] "GET /.ssh/id_rsa HTTP/1.1" 200 4297
162.220.246.230 - - [17/Oct/2017:12:22:22 +0200] "GET /root/.ssh/id_rsa HTTP/1.1" 200 4297
162.220.246.230 - - [17/Oct/2017:12:22:23 +0200] "GET /id_dsa HTTP/1.1" 200 4297
162.220.246.230 - - [17/Oct/2017:12:22:24 +0200] "GET /.ssh/id_dsa HTTP/1.1" 200 4297
162.220.246.230 - - [17/Oct/2017:12:22:25 +0200] "GET /root/.ssh/id_dsa HTTP/1.1" 200 4297
77-56-156-7.dclient.hispeed.ch - - [17/Oct/2017:12:32:03 +0200] "GET /var/m_0/0d/0dd/12455/143352-Header_Segelschule_2.jpg HTTP/1.1" 200 107532
104.15.127.176.dynamic.wline.res.cust.swisscom.ch - - [17/Oct/2017:12:54:44 +0200] "GET / HTTP/1.1" 200 6440
104.15.127.176.dynamic.wline.res.cust.swisscom.ch - - [17/Oct/2017:12:54:45 +0200] "GET /js/footer/get_deps.min.js?v=6.6.7.2.41064 HTTP/1.1" 200 157
104.15.127.176.dynamic.wline.res.cust.swisscom.ch - - [17/Oct/2017:12:54:45 +0200] "GET /templates/creator/m_f/fa/fa7/164/css/main.min.css?v=1483633820 HTTP/1.1" 200 1797
104.15.127.176.dynamic.wline.res.cust.swisscom.ch - - [17/Oct/2017:12:54:45 +0200] "GET /templates/creator/m_f/fa/fa7/164/assets/wp-menu.js?v=1483633820 HTTP/1.1" 200 1089
104.15.127.176.dynamic.wline.res.cust.swisscom.ch - - [17/Oct/2017:12:54:45 +0200] "GET /templates/creator/m_f/fa/fa7/164/assets/slide.js?v=1483633820 HTTP/1.1" 200 662
104.15.127.176.dynamic.wline.res.cust.swisscom.ch - - [17/Oct/2017:12:54:45 +0200] "GET /var/m_0/0d/0dd/12455/143351-Header_Segelschule.jpg HTTP/1.1" 200 107532
104.15.127.176.dynamic.wline.res.cust.swisscom.ch - - [17/Oct/2017:12:54:45 +0200] "GET /js/jquery.lazyload.min.js?v=6.6.7.2.41064 HTTP/1.1" 200 1283
104.15.127.176.dynamic.wline.res.cust.swisscom.ch - - [17/Oct/2017:12:54:45 +0200] "GET /var/m_0/0d/0dd/12455/8254793-J70_Davos.w1024.jpg HTTP/1.1" 200 191999
104.15.127.176.dynamic.wline.res.cust.swisscom.ch - - [17/Oct/2017:12:54:45 +0200] "GET /var/m_0/0d/0dd/12455/7230972-19_Matchracing.jpg HTTP/1.1" 200 55347
104.15.127.176.dynamic.wline.res.cust.swisscom.ch - - [17/Oct/2017:12:54:45 +0200] "GET /css/widgets/concat_widget.min.css?v=6.6.7.2.41064 HTTP/1.1" 200 24507
104.15.127.176.dynamic.wline.res.cust.swisscom.ch - - [17/Oct/2017:12:54:45 +0200] "GET /templates/creator/m_f/fa/fa7/164/css/style.min.css?v=1483633820 HTTP/1.1" 200 847
104.15.127.176.dynamic.wline.res.cust.swisscom.ch - - [17/Oct/2017:12:54:45 +0200] "GET /css/skeleton.css HTTP/1.1" 200 3511
104.15.127.176.dynamic.wline.res.cust.swisscom.ch - - [17/Oct/2017:12:54:45 +0200] "GET /js/footer/build_social_entries.min.js?v=6.6.7.2.41064 HTTP/1.1" 200 278
104.15.127.176.dynamic.wline.res.cust.swisscom.ch - - [17/Oct/2017:12:54:45 +0200] "GET /templates/creator/m_f/fa/fa7/164/assets/respond.min.js?v=1483633820 HTTP/1.1" 200 2085
104.15.127.176.dynamic.wline.res.cust.swisscom.ch - - [17/Oct/2017:12:54:45 +0200] "GET /js/functions_stripped.js?v=6.6.7.2.41064 HTTP/1.1" 200 3186
104.15.127.176.dynamic.wline.res.cust.swisscom.ch - - [17/Oct/2017:12:54:45 +0200] "GET /var/m_0/0d/0dd/12455/6564603-SK_Tro_Head.jpg HTTP/1.1" 200 136780
104.15.127.176.dynamic.wline.res.cust.swisscom.ch - - [17/Oct/2017:12:54:45 +0200] "GET /var/m_0/0d/0dd/12455/8218280-65_Regatta.JPG HTTP/1.1" 200 192350
104.15.127.176.dynamic.wline.res.cust.swisscom.ch - - [17/Oct/2017:12:54:46 +0200] "GET /var/m_0/0d/0dd/12455/125494-14_Vermietung.JPG HTTP/1.1" 200 95115
104.15.127.176.dynamic.wline.res.cust.swisscom.ch - - [17/Oct/2017:12:54:46 +0200] "GET /var/m_0/0d/0dd/12455/143586-SP_DK1.jpg HTTP/1.1" 200 3071
104.15.127.176.dynamic.wline.res.cust.swisscom.ch - - [17/Oct/2017:12:54:46 +0200] "GET /var/m_0/0d/0dd/12455/143580-SP_Heierling1.jpg HTTP/1.1" 200 2613
104.15.127.176.dynamic.wline.res.cust.swisscom.ch - - [17/Oct/2017:12:54:46 +0200] "GET /var/m_0/0d/0dd/12455/143584-SP_Lemm1.jpg HTTP/1.1" 200 2321
104.15.127.176.dynamic.wline.res.cust.swisscom.ch - - [17/Oct/2017:12:54:46 +0200] "GET /var/m_0/0d/0dd/12455/143582-SP_Gipfel1.jpg HTTP/1.1" 200 2688
104.15.127.176.dynamic.wline.res.cust.swisscom.ch - - [17/Oct/2017:12:54:46 +0200] "GET /var/m_0/0d/0dd/12455/125495-15_Event.JPG HTTP/1.1" 200 59088
104.15.127.176.dynamic.wline.res.cust.swisscom.ch - - [17/Oct/2017:12:54:46 +0200] "GET /var/m_0/0d/0dd/12455/125493-13_Kurse.JPG HTTP/1.1" 200 70517
104.15.127.176.dynamic.wline.res.cust.swisscom.ch - - [17/Oct/2017:12:54:46 +0200] "GET /var/m_0/0d/0dd/12455/8288159-EWD_rgb_pos.jpg HTTP/1.1" 200 207458
