reverse-dns.chicago - - [23/Nov/2017:18:07:43 +0100] "GET / HTTP/1.1" 200 35804
reverse-dns.chicago - - [23/Nov/2017:18:07:44 +0100] "GET /events.shtml HTTP/1.1" 200 22514
reverse-dns.chicago - - [23/Nov/2017:18:07:45 +0100] "GET /kurse.shtml HTTP/1.1" 200 31031
reverse-dns.chicago - - [23/Nov/2017:18:07:45 +0100] "GET /galerie.shtml HTTP/1.1" 200 22747
reverse-dns.chicago - - [23/Nov/2017:18:07:46 +0100] "GET /event-matchracing.shtml HTTP/1.1" 200 21251
reverse-dns.chicago - - [23/Nov/2017:18:07:46 +0100] "GET /vermietung.shtml HTTP/1.1" 200 25728
reverse-dns.chicago - - [23/Nov/2017:18:07:46 +0100] "GET /event-gruppesmartkat.shtml HTTP/1.1" 200 21256
reverse-dns.chicago - - [23/Nov/2017:18:07:47 +0100] "GET /event-pedalo.shtml HTTP/1.1" 200 20248
reverse-dns.chicago - - [23/Nov/2017:18:07:48 +0100] "GET /galerie-gruppesmartkat.shtml HTTP/1.1" 200 20574
reverse-dns.chicago - - [23/Nov/2017:18:07:48 +0100] "GET /galerie-matchracing.shtml HTTP/1.1" 200 21704
reverse-dns.chicago - - [23/Nov/2017:18:07:48 +0100] "GET /galerie-sktrophy-2014.shtml HTTP/1.1" 200 29913
reverse-dns.chicago - - [23/Nov/2017:18:07:49 +0100] "GET /galerie-sktrophy-2015.shtml HTTP/1.1" 200 49420
reverse-dns.chicago - - [23/Nov/2017:18:07:49 +0100] "GET /optikurse-2014.shtml HTTP/1.1" 200 26353
reverse-dns.chicago - - [23/Nov/2017:18:07:50 +0100] "GET /pruefungskurs.shtml HTTP/1.1" 200 23039
reverse-dns.chicago - - [23/Nov/2017:18:07:50 +0100] "GET /kinder-segelkurs.shtml HTTP/1.1" 200 19898
reverse-dns.chicago - - [23/Nov/2017:18:07:50 +0100] "GET /segel-grundkurs.shtml HTTP/1.1" 200 21440
reverse-dns.chicago - - [23/Nov/2017:18:07:51 +0100] "GET /segelkurs-jollesmartkat.shtml HTTP/1.1" 200 19993
reverse-dns.chicago - - [23/Nov/2017:18:07:51 +0100] "GET /smartkat-crashkurs.shtml HTTP/1.1" 200 17863
reverse-dns.chicago - - [23/Nov/2017:18:07:52 +0100] "GET /js/functions_stripped.js?v=6.6.7.2.41064 HTTP/1.1" 200 7672
reverse-dns.chicago - - [23/Nov/2017:18:07:52 +0100] "GET /flotte.shtml HTTP/1.1" 200 29241
reverse-dns.chicago - - [23/Nov/2017:18:07:52 +0100] "GET /Perspectiva.html? HTTP/1.1" 200 18069
reverse-dns.chicago - - [23/Nov/2017:18:07:53 +0100] "GET /js/jquery.lazyload.min.js?v=6.6.7.2.41064 HTTP/1.1" 200 3342
reverse-dns.chicago - - [23/Nov/2017:18:07:55 +0100] "GET /js/).html(a);null==$( HTTP/1.1" 200 219
reverse-dns.chicago - - [23/Nov/2017:18:07:57 +0100] "GET /aktuelles-wetter HTTP/1.1" 200 18388
reverse-dns.chicago - - [23/Nov/2017:18:07:56 +0100] "GET /js/index.php?sid=46&lang=en&item=1&act=users&ajax=state HTTP/1.1" 200 210
reverse-dns.chicago - - [23/Nov/2017:18:07:58 +0100] "GET /davosersee HTTP/1.1" 200 19505
reverse-dns.chicago - - [23/Nov/2017:18:07:58 +0100] "GET /event-gruppesmartkat HTTP/1.1" 200 21256
reverse-dns.chicago - - [23/Nov/2017:18:07:58 +0100] "GET /event-matchracing HTTP/1.1" 200 21251
reverse-dns.chicago - - [23/Nov/2017:18:07:59 +0100] "GET /event-pedalo HTTP/1.1" 200 20248
reverse-dns.chicago - - [23/Nov/2017:18:08:00 +0100] "GET /events HTTP/1.1" 200 22514
msnbot-157-55-39-65.search.msn.com - - [23/Nov/2017:18:46:13 +0100] "GET /segel-grundkurs.shtml HTTP/1.1" 200 5378
crawl-66-249-64-28.googlebot.com - - [23/Nov/2017:18:50:34 +0100] "GET / HTTP/1.1" 200 6440
crawl-66-249-64-29.googlebot.com - - [23/Nov/2017:18:52:39 +0100] "GET / HTTP/1.1" 200 6401
hydrogen162.a.ahrefs.com - - [23/Nov/2017:18:54:19 +0100] "GET /var/m_0/0d/0dd/12455/7230981-37_Pedalo3.jpg HTTP/1.1" 200 76841
