163-172-251-68.rev.poneytelecom.eu - - [11/Nov/2017:18:28:04 +0100] "GET / HTTP/1.1" 206 6440
mail2.inovation-1200.biz - - [11/Nov/2017:18:37:55 +0100] "GET / HTTP/1.1" 200 35804
mail2.inovation-1200.biz - - [11/Nov/2017:18:37:59 +0100] "GET /events.shtml HTTP/1.1" 200 22514
mail2.inovation-1200.biz - - [11/Nov/2017:18:38:00 +0100] "GET /galerie.shtml HTTP/1.1" 200 22747
mail2.inovation-1200.biz - - [11/Nov/2017:18:38:03 +0100] "GET /kurse.shtml HTTP/1.1" 200 31031
mail2.inovation-1200.biz - - [11/Nov/2017:18:38:07 +0100] "GET /vermietung.shtml HTTP/1.1" 200 25728
mail2.inovation-1200.biz - - [11/Nov/2017:18:38:09 +0100] "GET /event-gruppesmartkat.shtml HTTP/1.1" 200 21256
mail2.inovation-1200.biz - - [11/Nov/2017:18:38:11 +0100] "GET /event-matchracing.shtml HTTP/1.1" 200 21251
mail2.inovation-1200.biz - - [11/Nov/2017:18:38:13 +0100] "GET /event-pedalo.shtml HTTP/1.1" 200 20248
mail2.inovation-1200.biz - - [11/Nov/2017:18:38:14 +0100] "GET /galerie-gruppesmartkat.shtml HTTP/1.1" 200 20574
mail2.inovation-1200.biz - - [11/Nov/2017:18:38:16 +0100] "GET /galerie-matchracing.shtml HTTP/1.1" 200 21704
mail2.inovation-1200.biz - - [11/Nov/2017:18:38:24 +0100] "GET /galerie-sktrophy-2014.shtml HTTP/1.1" 200 29913
mail2.inovation-1200.biz - - [11/Nov/2017:18:38:26 +0100] "GET /galerie-sktrophy-2015.shtml HTTP/1.1" 200 49420
mail2.inovation-1200.biz - - [11/Nov/2017:18:38:33 +0100] "GET /optikurse-2014.shtml HTTP/1.1" 200 26353
mail2.inovation-1200.biz - - [11/Nov/2017:18:38:39 +0100] "GET /kinder-segelkurs.shtml HTTP/1.1" 200 19898
mail2.inovation-1200.biz - - [11/Nov/2017:18:38:42 +0100] "GET /pruefungskurs.shtml HTTP/1.1" 200 23039
mail2.inovation-1200.biz - - [11/Nov/2017:18:38:45 +0100] "GET /segel-grundkurs.shtml HTTP/1.1" 200 21440
mail2.inovation-1200.biz - - [11/Nov/2017:18:38:49 +0100] "GET /segelkurs-jollesmartkat.shtml HTTP/1.1" 200 19993
mail2.inovation-1200.biz - - [11/Nov/2017:18:38:52 +0100] "GET /smartkat-crashkurs.shtml HTTP/1.1" 200 17863
mail2.inovation-1200.biz - - [11/Nov/2017:18:38:55 +0100] "GET /flotte.shtml HTTP/1.1" 200 29241
mail2.inovation-1200.biz - - [11/Nov/2017:18:38:56 +0100] "GET /js/functions_stripped.js?v=6.6.7.2.41064 HTTP/1.1" 200 7672
mail2.inovation-1200.biz - - [11/Nov/2017:18:38:57 +0100] "GET /Perspectiva.html? HTTP/1.1" 200 18069
mail2.inovation-1200.biz - - [11/Nov/2017:18:39:03 +0100] "GET /js/jquery.lazyload.min.js?v=6.6.7.2.41064 HTTP/1.1" 200 3342
mail2.inovation-1200.biz - - [11/Nov/2017:18:39:04 +0100] "GET /js/).html(a);null==$( HTTP/1.1" 200 219
mail2.inovation-1200.biz - - [11/Nov/2017:18:39:13 +0100] "GET /js/index.php?sid=46&lang=en&item=1&act=users&ajax=state HTTP/1.1" 200 210
mail2.inovation-1200.biz - - [11/Nov/2017:18:39:16 +0100] "GET /aktuelles-wetter HTTP/1.1" 200 18388
mail2.inovation-1200.biz - - [11/Nov/2017:18:39:18 +0100] "GET /davosersee HTTP/1.1" 200 19505
mail2.inovation-1200.biz - - [11/Nov/2017:18:39:18 +0100] "GET /event-gruppesmartkat HTTP/1.1" 200 21256
mail2.inovation-1200.biz - - [11/Nov/2017:18:39:19 +0100] "GET /event-matchracing HTTP/1.1" 200 21251
mail2.inovation-1200.biz - - [11/Nov/2017:18:39:20 +0100] "GET /event-pedalo HTTP/1.1" 200 20248
mail2.inovation-1200.biz - - [11/Nov/2017:18:39:22 +0100] "GET /events HTTP/1.1" 200 22514
crawl-66-249-64-27.googlebot.com - - [11/Nov/2017:18:40:17 +0100] "GET /robots.txt HTTP/1.1" 200 80
crawl-66-249-64-27.googlebot.com - - [11/Nov/2017:18:40:17 +0100] "GET /js/photoswipe/lib/klass.min.js?v=6.6.1.38889 HTTP/1.1" 200 625
crawl-66-249-64-27.googlebot.com - - [11/Nov/2017:18:40:18 +0100] "GET /js/photoswipe/photoswipe.css?v=6.6.1.38889 HTTP/1.1" 200 1156
crawl-66-249-64-29.googlebot.com - - [11/Nov/2017:18:40:18 +0100] "GET /js/photoswipe/code.photoswipe-3.0.5.min.js?v=6.6.1.38889 HTTP/1.1" 200 16480
crawl-66-249-64-29.googlebot.com - - [11/Nov/2017:18:40:18 +0100] "GET /css/widgets/concat_widget.min.css?v=6.6.1.38889 HTTP/1.1" 200 24507
msnbot-207-46-13-178.search.msn.com - - [11/Nov/2017:18:48:02 +0100] "GET /pruefungskurs HTTP/1.1" 200 5895
fulltextrobot-77-75-79-109.seznam.cz - - [11/Nov/2017:18:51:16 +0100] "GET /standort.shtml HTTP/1.1" 200 4717
fulltextrobot-77-75-79-109.seznam.cz - - [11/Nov/2017:18:51:16 +0100] "GET /robots.txt HTTP/1.1" 200 80
