antonk1.example.com - - [30/Nov/2017:08:02:20 +0100] "GET / HTTP/1.1" 200 6440
134-249-82-116.broadband.kyivstar.net - - [30/Nov/2017:08:23:49 +0100] "GET / HTTP/1.1" 200 35804
134-249-82-116.broadband.kyivstar.net - - [30/Nov/2017:08:23:50 +0100] "GET / HTTP/1.1" 200 35804
134-249-82-116.broadband.kyivstar.net - - [30/Nov/2017:08:23:50 +0100] "GET / HTTP/1.1" 200 35804
vds-elhamshkreta-114633.hosted-by-itldc.com - - [30/Nov/2017:08:26:48 +0100] "GET /%C3%BCber-uns.shtml HTTP/1.1" 200 21862
vds-elhamshkreta-114633.hosted-by-itldc.com - - [30/Nov/2017:08:26:48 +0100] "GET / HTTP/1.1" 200 35804
vds-elhamshkreta-114633.hosted-by-itldc.com - - [30/Nov/2017:08:26:49 +0100] "GET /event-pedalo.shtml HTTP/1.1" 200 20248
vds-elhamshkreta-114633.hosted-by-itldc.com - - [30/Nov/2017:08:26:49 +0100] "GET /aktuelles-wetter.shtml HTTP/1.1" 200 18388
vds-elhamshkreta-114633.hosted-by-itldc.com - - [30/Nov/2017:08:26:49 +0100] "GET /davosersee.shtml HTTP/1.1" 200 19505
vds-elhamshkreta-114633.hosted-by-itldc.com - - [30/Nov/2017:08:26:49 +0100] "GET /event-gruppesmartkat.shtml HTTP/1.1" 200 21256
vds-elhamshkreta-114633.hosted-by-itldc.com - - [30/Nov/2017:08:26:49 +0100] "GET /event-matchracing.shtml HTTP/1.1" 200 21251
vds-elhamshkreta-114633.hosted-by-itldc.com - - [30/Nov/2017:08:26:50 +0100] "GET /galerie-sktrophy-2015.shtml HTTP/1.1" 200 49420
vds-elhamshkreta-114633.hosted-by-itldc.com - - [30/Nov/2017:08:26:50 +0100] "GET /events.shtml HTTP/1.1" 200 22514
vds-elhamshkreta-114633.hosted-by-itldc.com - - [30/Nov/2017:08:26:50 +0100] "GET /galerie-sktrophy-2014.shtml HTTP/1.1" 200 29913
vds-elhamshkreta-114633.hosted-by-itldc.com - - [30/Nov/2017:08:26:50 +0100] "GET /galerie-matchracing.shtml HTTP/1.1" 200 21704
vds-elhamshkreta-114633.hosted-by-itldc.com - - [30/Nov/2017:08:26:50 +0100] "GET /galerie-gruppesmartkat.shtml HTTP/1.1" 200 20574
vds-elhamshkreta-114633.hosted-by-itldc.com - - [30/Nov/2017:08:26:50 +0100] "GET /flotte.shtml HTTP/1.1" 200 29241
vds-elhamshkreta-114633.hosted-by-itldc.com - - [30/Nov/2017:08:26:50 +0100] "GET /galerie.shtml HTTP/1.1" 200 22747
vds-elhamshkreta-114633.hosted-by-itldc.com - - [30/Nov/2017:08:26:51 +0100] "GET /optikurse-2014.shtml HTTP/1.1" 200 26353
vds-elhamshkreta-114633.hosted-by-itldc.com - - [30/Nov/2017:08:26:51 +0100] "GET /smartkat-crashkurs.shtml HTTP/1.1" 200 17863
vds-elhamshkreta-114633.hosted-by-itldc.com - - [30/Nov/2017:08:26:51 +0100] "GET /kinder-segelkurs.shtml HTTP/1.1" 200 19898
vds-elhamshkreta-114633.hosted-by-itldc.com - - [30/Nov/2017:08:26:51 +0100] "GET /kursanmeldung.shtml HTTP/1.1" 200 49926
vds-elhamshkreta-114633.hosted-by-itldc.com - - [30/Nov/2017:08:26:51 +0100] "GET /pruefungskurs.shtml HTTP/1.1" 200 23039
vds-elhamshkreta-114633.hosted-by-itldc.com - - [30/Nov/2017:08:26:51 +0100] "GET /segel-grundkurs.shtml HTTP/1.1" 200 21440
vds-elhamshkreta-114633.hosted-by-itldc.com - - [30/Nov/2017:08:26:51 +0100] "GET /kurse.shtml HTTP/1.1" 200 31031
vds-elhamshkreta-114633.hosted-by-itldc.com - - [30/Nov/2017:08:26:51 +0100] "GET /segelkurs-jollesmartkat.shtml HTTP/1.1" 200 19993
vds-elhamshkreta-114633.hosted-by-itldc.com - - [30/Nov/2017:08:26:52 +0100] "GET /js/jquery.lazyload.min.js?v=6.6.7.2.41064 HTTP/1.1" 200 3342
vds-elhamshkreta-114633.hosted-by-itldc.com - - [30/Nov/2017:08:26:52 +0100] "GET /vermietung.shtml HTTP/1.1" 200 25728
vds-elhamshkreta-114633.hosted-by-itldc.com - - [30/Nov/2017:08:26:52 +0100] "GET /js/functions_stripped.js?v=6.6.7.2.41064 HTTP/1.1" 200 7672
vds-elhamshkreta-114633.hosted-by-itldc.com - - [30/Nov/2017:08:26:52 +0100] "GET /aktuelles-wetter HTTP/1.1" 200 18388
vds-elhamshkreta-114633.hosted-by-itldc.com - - [30/Nov/2017:08:26:52 +0100] "GET /standort.shtml HTTP/1.1" 200 17547
vds-elhamshkreta-114633.hosted-by-itldc.com - - [30/Nov/2017:08:26:52 +0100] "GET /Perspectiva.html? HTTP/1.1" 200 18069
msnbot-40-77-167-138.search.msn.com - - [30/Nov/2017:08:37:43 +0100] "GET / HTTP/1.1" 200 6440
