msnbot-157-55-39-174.search.msn.com - - [05/Oct/2017:21:11:05 +0200] "GET /vermietung HTTP/1.1" 200 5100
fulltextrobot-77-75-76-160.seznam.cz - - [05/Oct/2017:21:19:22 +0200] "GET /robots.txt HTTP/1.1" 200 80
fulltextrobot-77-75-76-160.seznam.cz - - [05/Oct/2017:21:19:23 +0200] "GET /kinder-segelkurs HTTP/1.1" 200 5172
fulltextrobot-77-75-76-160.seznam.cz - - [05/Oct/2017:21:19:25 +0200] "GET /pruefungskurs HTTP/1.1" 200 5895
fulltextrobot-77-75-76-160.seznam.cz - - [05/Oct/2017:21:19:25 +0200] "GET /robots.txt HTTP/1.1" 200 80
baiduspider-180-76-15-23.crawl.baidu.com - - [05/Oct/2017:21:39:36 +0200] "GET /pruefungskurs.shtml HTTP/1.1" 200 5895
b115490.yse.yahoo.net - - [05/Oct/2017:21:40:16 +0200] "GET /robots.txt HTTP/1.1" 200 120
b115490.yse.yahoo.net - - [05/Oct/2017:21:40:16 +0200] "GET /kinder-segelkurs HTTP/1.1" 200 5172
blexhn17.webmeup.com - - [05/Oct/2017:21:58:34 +0200] "GET / HTTP/1.1" 200 6440
blexhn17.webmeup.com - - [05/Oct/2017:21:58:34 +0200] "GET /robots.txt HTTP/1.1" 200 80
blexhn17.webmeup.com - - [05/Oct/2017:21:58:39 +0200] "GET /%C3%BCber-uns.shtml HTTP/1.1" 200 4740
blexhn17.webmeup.com - - [05/Oct/2017:21:58:42 +0200] "GET /aktuelles-wetter.shtml HTTP/1.1" 200 4575
blexhn17.webmeup.com - - [05/Oct/2017:21:58:55 +0200] "GET /davosersee.shtml HTTP/1.1" 200 5477
blexhn17.webmeup.com - - [05/Oct/2017:21:59:01 +0200] "GET /event-gruppesmartkat.shtml HTTP/1.1" 200 5645
blexhn17.webmeup.com - - [05/Oct/2017:21:59:06 +0200] "GET /event-matchracing.shtml HTTP/1.1" 200 5634
blexhn17.webmeup.com - - [05/Oct/2017:21:59:14 +0200] "GET /event-pedalo.shtml HTTP/1.1" 200 5342
blexhn17.webmeup.com - - [05/Oct/2017:21:59:21 +0200] "GET /events.shtml HTTP/1.1" 200 5297
blexhn17.webmeup.com - - [05/Oct/2017:21:59:32 +0200] "GET /flotte.shtml HTTP/1.1" 200 6274
blexhn17.webmeup.com - - [05/Oct/2017:21:59:40 +0200] "GET /galerie-gruppesmartkat.shtml HTTP/1.1" 200 4863
blexhn17.webmeup.com - - [05/Oct/2017:21:59:47 +0200] "GET /galerie-matchracing.shtml HTTP/1.1" 200 4859
blexhn17.webmeup.com - - [05/Oct/2017:21:59:51 +0200] "GET /galerie-sktrophy-2014.shtml HTTP/1.1" 200 5044
