33.182.202.62.dynamic.cgnat.res.cust.swisscom.ch - - [13/Nov/2017:14:45:15 +0100] "GET /segel-grundkurs HTTP/1.1" 200 5378
33.182.202.62.dynamic.cgnat.res.cust.swisscom.ch - - [13/Nov/2017:14:45:15 +0100] "GET /css/widgets/concat_widget.min.css?v=6.6.7.2.41064 HTTP/1.1" 200 24507
33.182.202.62.dynamic.cgnat.res.cust.swisscom.ch - - [13/Nov/2017:14:45:15 +0100] "GET /templates/creator/m_f/fa/fa7/164/assets/wp-menu.js?v=1483633820 HTTP/1.1" 200 1089
33.182.202.62.dynamic.cgnat.res.cust.swisscom.ch - - [13/Nov/2017:14:45:15 +0100] "GET /templates/creator/m_f/fa/fa7/164/assets/respond.min.js?v=1483633820 HTTP/1.1" 200 2085
33.182.202.62.dynamic.cgnat.res.cust.swisscom.ch - - [13/Nov/2017:14:45:15 +0100] "GET /templates/creator/m_f/fa/fa7/164/assets/slide.js?v=1483633820 HTTP/1.1" 200 662
33.182.202.62.dynamic.cgnat.res.cust.swisscom.ch - - [13/Nov/2017:14:45:15 +0100] "GET /js/footer/build_social_entries.min.js?v=6.6.7.2.41064 HTTP/1.1" 200 278
33.182.202.62.dynamic.cgnat.res.cust.swisscom.ch - - [13/Nov/2017:14:45:15 +0100] "GET /js/footer/get_deps.min.js?v=6.6.7.2.41064 HTTP/1.1" 200 157
33.182.202.62.dynamic.cgnat.res.cust.swisscom.ch - - [13/Nov/2017:14:45:15 +0100] "GET /js/functions_stripped.js?v=6.6.7.2.41064 HTTP/1.1" 200 3186
33.182.202.62.dynamic.cgnat.res.cust.swisscom.ch - - [13/Nov/2017:14:45:15 +0100] "GET /templates/creator/m_f/fa/fa7/164/css/main.min.css?v=1483633820 HTTP/1.1" 200 1797
33.182.202.62.dynamic.cgnat.res.cust.swisscom.ch - - [13/Nov/2017:14:45:15 +0100] "GET /var/m_0/0d/0dd/12455/143352-Header_Segelschule_2.jpg HTTP/1.1" 200 107532
33.182.202.62.dynamic.cgnat.res.cust.swisscom.ch - - [13/Nov/2017:14:45:15 +0100] "GET /templates/creator/m_f/fa/fa7/164/css/style.min.css?v=1483633820 HTTP/1.1" 200 847
33.182.202.62.dynamic.cgnat.res.cust.swisscom.ch - - [13/Nov/2017:14:45:15 +0100] "GET /css/skeleton.css HTTP/1.1" 200 3511
33.182.202.62.dynamic.cgnat.res.cust.swisscom.ch - - [13/Nov/2017:14:45:33 +0100] "GET / HTTP/1.1" 200 6440
33.182.202.62.dynamic.cgnat.res.cust.swisscom.ch - - [13/Nov/2017:14:45:34 +0100] "GET /js/jquery.lazyload.min.js?v=6.6.7.2.41064 HTTP/1.1" 200 1283
33.182.202.62.dynamic.cgnat.res.cust.swisscom.ch - - [13/Nov/2017:14:45:34 +0100] "GET /var/m_0/0d/0dd/12455/8254793-J70_Davos.w1024.jpg HTTP/1.1" 200 191999
33.182.202.62.dynamic.cgnat.res.cust.swisscom.ch - - [13/Nov/2017:14:45:34 +0100] "GET /var/m_0/0d/0dd/12455/8218280-65_Regatta.JPG HTTP/1.1" 200 192350
33.182.202.62.dynamic.cgnat.res.cust.swisscom.ch - - [13/Nov/2017:14:45:34 +0100] "GET /var/m_0/0d/0dd/12455/125494-14_Vermietung.JPG HTTP/1.1" 200 95115
33.182.202.62.dynamic.cgnat.res.cust.swisscom.ch - - [13/Nov/2017:14:45:34 +0100] "GET /var/m_0/0d/0dd/12455/125495-15_Event.JPG HTTP/1.1" 200 59088
33.182.202.62.dynamic.cgnat.res.cust.swisscom.ch - - [13/Nov/2017:14:45:34 +0100] "GET /var/m_0/0d/0dd/12455/143580-SP_Heierling1.jpg HTTP/1.1" 200 2613
33.182.202.62.dynamic.cgnat.res.cust.swisscom.ch - - [13/Nov/2017:14:45:34 +0100] "GET /var/m_0/0d/0dd/12455/143584-SP_Lemm1.jpg HTTP/1.1" 200 2321
33.182.202.62.dynamic.cgnat.res.cust.swisscom.ch - - [13/Nov/2017:14:45:34 +0100] "GET /var/m_0/0d/0dd/12455/8288159-EWD_rgb_pos.jpg HTTP/1.1" 200 207458
33.182.202.62.dynamic.cgnat.res.cust.swisscom.ch - - [13/Nov/2017:14:45:34 +0100] "GET /var/m_0/0d/0dd/12455/143351-Header_Segelschule.jpg HTTP/1.1" 200 107532
33.182.202.62.dynamic.cgnat.res.cust.swisscom.ch - - [13/Nov/2017:14:45:34 +0100] "GET /var/m_0/0d/0dd/12455/6564603-SK_Tro_Head.jpg HTTP/1.1" 200 136780
33.182.202.62.dynamic.cgnat.res.cust.swisscom.ch - - [13/Nov/2017:14:45:34 +0100] "GET /var/m_0/0d/0dd/12455/7230972-19_Matchracing.jpg HTTP/1.1" 200 55347
33.182.202.62.dynamic.cgnat.res.cust.swisscom.ch - - [13/Nov/2017:14:45:34 +0100] "GET /var/m_0/0d/0dd/12455/125493-13_Kurse.JPG HTTP/1.1" 200 70517
33.182.202.62.dynamic.cgnat.res.cust.swisscom.ch - - [13/Nov/2017:14:45:34 +0100] "GET /var/m_0/0d/0dd/12455/143586-SP_DK1.jpg HTTP/1.1" 200 3071
33.182.202.62.dynamic.cgnat.res.cust.swisscom.ch - - [13/Nov/2017:14:45:34 +0100] "GET /var/m_0/0d/0dd/12455/143582-SP_Gipfel1.jpg HTTP/1.1" 200 2688
