baiduspider-180-76-15-22.crawl.baidu.com - - [04/Oct/2017:12:38:55 +0200] "GET /templates/resellers/7/favicon.ico?v=1506103971 HTTP/1.1" 200 4286
msnbot-157-55-39-248.search.msn.com - - [04/Oct/2017:12:40:07 +0200] "GET /var/m_0/0d/0dd/12455/125494-14_Vermietung.JPG HTTP/1.1" 200 95115
b115490.yse.yahoo.net - - [04/Oct/2017:12:43:07 +0200] "GET /robots.txt HTTP/1.1" 200 120
b115490.yse.yahoo.net - - [04/Oct/2017:12:43:08 +0200] "GET /galerie-sktrophy-2014-2.shtml HTTP/1.1" 200 18205
static.34.59.201.138.clients.your-server.de - - [04/Oct/2017:12:44:49 +0200] "GET /robots.txt HTTP/1.0" 200 120
static.34.59.201.138.clients.your-server.de - - [04/Oct/2017:12:44:51 +0200] "GET / HTTP/1.0" 200 35804
static.34.59.201.138.clients.your-server.de - - [04/Oct/2017:12:44:54 +0200] "GET /templates/resellers/7/favicon.ico?v=1506103971 HTTP/1.0" 200 4286
static.34.59.201.138.clients.your-server.de - - [04/Oct/2017:12:44:55 +0200] "GET /css/widgets/concat_widget.min.css?v=6.6.7.2.41064 HTTP/1.0" 200 138686
static.34.59.201.138.clients.your-server.de - - [04/Oct/2017:12:44:57 +0200] "GET /templates/creator/m_f/fa/fa7/164/css/main.min.css?v=1483633820 HTTP/1.0" 200 7582
static.34.59.201.138.clients.your-server.de - - [04/Oct/2017:12:44:58 +0200] "GET /templates/creator/m_f/fa/fa7/164/css/style.min.css?v=1483633820 HTTP/1.0" 200 2787
static.34.59.201.138.clients.your-server.de - - [04/Oct/2017:12:45:00 +0200] "GET /js/footer/get_deps.min.js?v=6.6.7.2.41064 HTTP/1.0" 200 149
static.34.59.201.138.clients.your-server.de - - [04/Oct/2017:12:45:01 +0200] "GET /js/footer/build_social_entries.min.js?v=6.6.7.2.41064 HTTP/1.0" 200 766
static.34.59.201.138.clients.your-server.de - - [04/Oct/2017:12:45:03 +0200] "GET /css/skeleton.css HTTP/1.0" 200 18022
msnbot-40-77-167-55.search.msn.com - - [04/Oct/2017:12:46:14 +0200] "GET /event-matchracing.shtml HTTP/1.1" 200 5634
msnbot-40-77-167-55.search.msn.com - - [04/Oct/2017:12:46:29 +0200] "GET /js/fancybox2/jquery.fancybox.min.css?v=6.6.7.2.41064 HTTP/1.1" 200 1020
msnbot-40-77-167-55.search.msn.com - - [04/Oct/2017:12:46:30 +0200] "GET /js/jquery.lazyload.min.js?v=6.6.7.2.41064 HTTP/1.1" 200 1283
msnbot-40-77-167-55.search.msn.com - - [04/Oct/2017:12:46:30 +0200] "GET /js/galleryLightbox/gallery-paging.min.js?v=6.6.7.2.41064 HTTP/1.1" 200 1107
msnbot-157-55-39-54.search.msn.com - - [04/Oct/2017:12:46:33 +0200] "GET /js/efu/main.min.js?v=6.6.7.2.41064 HTTP/1.1" 200 1746
msnbot-157-55-39-54.search.msn.com - - [04/Oct/2017:12:46:33 +0200] "GET /js/efu/w.gallery.min.js?v=6.6.7.2.41064 HTTP/1.1" 200 181
msnbot-157-55-39-54.search.msn.com - - [04/Oct/2017:12:46:33 +0200] "GET /js/fancybox2/jquery.fancybox.min.js?v=6.6.7.2.41064 HTTP/1.1" 200 6267
