msnbot-207-46-13-10.search.msn.com - - [03/Nov/2017:00:05:56 +0100] "GET /var/m_0/0d/0dd/12455/8218280-65_Regatta.JPG HTTP/1.1" 200 192350
adsl-84-227-232-205.adslplus.ch - - [03/Nov/2017:00:08:49 +0100] "GET /templates/creator/m_f/fa/fa7/164/css/style.min.css?v=1483633820 HTTP/1.1" 200 847
adsl-84-227-232-205.adslplus.ch - - [03/Nov/2017:00:08:49 +0100] "GET /js/footer/get_deps.min.js?v=6.6.7.2.41064 HTTP/1.1" 200 157
adsl-84-227-232-205.adslplus.ch - - [03/Nov/2017:00:08:49 +0100] "GET /templates/creator/m_f/fa/fa7/164/css/main.min.css?v=1483633820 HTTP/1.1" 200 1797
adsl-84-227-232-205.adslplus.ch - - [03/Nov/2017:00:08:49 +0100] "GET /templates/creator/m_f/fa/fa7/164/assets/respond.min.js?v=1483633820 HTTP/1.1" 200 2085
adsl-84-227-232-205.adslplus.ch - - [03/Nov/2017:00:08:49 +0100] "GET /templates/creator/m_f/fa/fa7/164/assets/slide.js?v=1483633820 HTTP/1.1" 200 662
adsl-84-227-232-205.adslplus.ch - - [03/Nov/2017:00:08:49 +0100] "GET /templates/creator/m_f/fa/fa7/164/assets/wp-menu.js?v=1483633820 HTTP/1.1" 200 1089
adsl-84-227-232-205.adslplus.ch - - [03/Nov/2017:00:08:49 +0100] "GET /js/functions_stripped.js?v=6.6.7.2.41064 HTTP/1.1" 200 3186
adsl-84-227-232-205.adslplus.ch - - [03/Nov/2017:00:08:49 +0100] "GET /js/jquery.lazyload.min.js?v=6.6.7.2.41064 HTTP/1.1" 200 1283
adsl-84-227-232-205.adslplus.ch - - [03/Nov/2017:00:08:49 +0100] "GET /var/m_0/0d/0dd/12455/143352-Header_Segelschule_2.jpg HTTP/1.1" 200 107532
adsl-84-227-232-205.adslplus.ch - - [03/Nov/2017:00:08:49 +0100] "GET /var/m_0/0d/0dd/12455/125485-1_Kinderkurs.JPG HTTP/1.1" 200 64975
adsl-84-227-232-205.adslplus.ch - - [03/Nov/2017:00:08:49 +0100] "GET /var/m_0/0d/0dd/12455/125487-3_SKCrashkurs.JPG HTTP/1.1" 200 80503
adsl-84-227-232-205.adslplus.ch - - [03/Nov/2017:00:08:49 +0100] "GET /var/m_0/0d/0dd/12455/125486-2_Sportkurs.JPG HTTP/1.1" 200 69000
adsl-84-227-232-205.adslplus.ch - - [03/Nov/2017:00:08:49 +0100] "GET /var/m_0/0d/0dd/12455/125488-4_Grundkurs.JPG HTTP/1.1" 200 77496
adsl-84-227-232-205.adslplus.ch - - [03/Nov/2017:00:08:49 +0100] "GET /kurse HTTP/1.1" 200 6281
adsl-84-227-232-205.adslplus.ch - - [03/Nov/2017:00:08:49 +0100] "GET /css/widgets/concat_widget.min.css?v=6.6.7.2.41064 HTTP/1.1" 200 24507
adsl-84-227-232-205.adslplus.ch - - [03/Nov/2017:00:08:49 +0100] "GET /js/footer/build_social_entries.min.js?v=6.6.7.2.41064 HTTP/1.1" 200 278
adsl-84-227-232-205.adslplus.ch - - [03/Nov/2017:00:08:49 +0100] "GET /templates/resellers/7/favicon.ico?v=1506147177 HTTP/1.1" 200 4286
adsl-84-227-232-205.adslplus.ch - - [03/Nov/2017:00:08:49 +0100] "GET /var/m_0/0d/0dd/12455/8010562-7_Plauschsegeln.JPG HTTP/1.1" 200 189182
adsl-84-227-232-205.adslplus.ch - - [03/Nov/2017:00:08:49 +0100] "GET /css/skeleton.css HTTP/1.1" 200 3511
adsl-84-227-232-205.adslplus.ch - - [03/Nov/2017:00:08:50 +0100] "GET /var/m_0/0d/0dd/12455/125489-5_Pr%C3%BCfungskurs.JPG HTTP/1.1" 200 53669
adsl-84-227-232-205.adslplus.ch - - [03/Nov/2017:00:08:50 +0100] "GET /var/m_0/0d/0dd/12455/125503-36_420er.jpg HTTP/1.1" 200 61172
adsl-84-227-232-205.adslplus.ch - - [03/Nov/2017:00:08:50 +0100] "GET /var/m_0/0d/0dd/12455/126374-6_Schnupperkurs.JPG HTTP/1.1" 200 53584
adsl-84-227-232-205.adslplus.ch - - [03/Nov/2017:00:09:14 +0100] "GET /var/m_0/0d/0dd/12455/7230972-19_Matchracing.jpg HTTP/1.1" 200 55347
adsl-84-227-232-205.adslplus.ch - - [03/Nov/2017:00:09:14 +0100] "GET /var/m_0/0d/0dd/12455/143519-G2_Optikurs2014_14.JPG HTTP/1.1" 200 71703
adsl-84-227-232-205.adslplus.ch - - [03/Nov/2017:00:09:14 +0100] "GET /var/m_0/0d/0dd/12455/143478-G1_SKT2014_02.JPG HTTP/1.1" 200 135948
adsl-84-227-232-205.adslplus.ch - - [03/Nov/2017:00:09:14 +0100] "GET /var/m_0/0d/0dd/12455/7230942-17_GruppeSK.jpg HTTP/1.1" 200 89132
adsl-84-227-232-205.adslplus.ch - - [03/Nov/2017:00:09:14 +0100] "GET /galerie.shtml HTTP/1.1" 200 4483
adsl-84-227-232-205.adslplus.ch - - [03/Nov/2017:00:09:14 +0100] "GET /templates/resellers/7/favicon.ico?v=1506149023 HTTP/1.1" 200 4286
adsl-84-227-232-205.adslplus.ch - - [03/Nov/2017:00:09:14 +0100] "GET /var/m_0/0d/0dd/12455/7230944-18_SKTrophy2015.jpg HTTP/1.1" 200 84351
adsl-84-227-232-205.adslplus.ch - - [03/Nov/2017:00:09:17 +0100] "GET /galerie-sktrophy-2015.shtml HTTP/1.1" 200 5939
adsl-84-227-232-205.adslplus.ch - - [03/Nov/2017:00:09:18 +0100] "GET /js/fancybox2/jquery.fancybox.min.css?v=6.6.7.2.41064 HTTP/1.1" 200 1020
adsl-84-227-232-205.adslplus.ch - - [03/Nov/2017:00:09:18 +0100] "GET /gfx/galleryStatic/pagination.png HTTP/1.1" 200 1557
adsl-84-227-232-205.adslplus.ch - - [03/Nov/2017:00:09:18 +0100] "GET /var/m_0/0d/0dd/12455/6564673-G3_SKT2015_06.jpg HTTP/1.1" 200 122324
adsl-84-227-232-205.adslplus.ch - - [03/Nov/2017:00:09:18 +0100] "GET /js/efu/main.min.js?v=6.6.7.2.41064 HTTP/1.1" 200 1746
adsl-84-227-232-205.adslplus.ch - - [03/Nov/2017:00:09:18 +0100] "GET /js/efu/w.gallery.min.js?v=6.6.7.2.41064 HTTP/1.1" 200 181
adsl-84-227-232-205.adslplus.ch - - [03/Nov/2017:00:09:18 +0100] "GET /js/fancybox2/jquery.fancybox.min.js?v=6.6.7.2.41064 HTTP/1.1" 200 6267
adsl-84-227-232-205.adslplus.ch - - [03/Nov/2017:00:09:18 +0100] "GET /templates/resellers/7/favicon.ico?v=1506149021 HTTP/1.1" 200 4286
adsl-84-227-232-205.adslplus.ch - - [03/Nov/2017:00:09:18 +0100] "GET /js/galleryLightbox/gallery-paging.min.js?v=6.6.7.2.41064 HTTP/1.1" 200 1107
adsl-84-227-232-205.adslplus.ch - - [03/Nov/2017:00:09:18 +0100] "GET /var/m_0/0d/0dd/12455/6564668-G3_SKT2015_02.jpg HTTP/1.1" 200 142536
adsl-84-227-232-205.adslplus.ch - - [03/Nov/2017:00:09:18 +0100] "GET /var/m_0/0d/0dd/12455/6564666-G3_SKT2015_01.jpg HTTP/1.1" 200 160125
adsl-84-227-232-205.adslplus.ch - - [03/Nov/2017:00:09:18 +0100] "GET /var/m_0/0d/0dd/12455/6564669-G3_SKT2015_03.jpg HTTP/1.1" 200 114866
adsl-84-227-232-205.adslplus.ch - - [03/Nov/2017:00:09:18 +0100] "GET /var/m_0/0d/0dd/12455/6564670-G3_SKT2015_04.jpg HTTP/1.1" 200 209464
adsl-84-227-232-205.adslplus.ch - - [03/Nov/2017:00:09:18 +0100] "GET /var/m_0/0d/0dd/12455/6564672-G3_SKT2015_05.jpg HTTP/1.1" 200 207849
adsl-84-227-232-205.adslplus.ch - - [03/Nov/2017:00:09:19 +0100] "GET /var/m_0/0d/0dd/12455/6564674-G3_SKT2015_07.jpg HTTP/1.1" 200 117236
adsl-84-227-232-205.adslplus.ch - - [03/Nov/2017:00:09:19 +0100] "GET /var/m_0/0d/0dd/12455/6564675-G3_SKT2015_08.jpg HTTP/1.1" 200 111352
adsl-84-227-232-205.adslplus.ch - - [03/Nov/2017:00:09:19 +0100] "GET /var/m_0/0d/0dd/12455/6564678-G3_SKT2015_10.jpg HTTP/1.1" 200 138460
adsl-84-227-232-205.adslplus.ch - - [03/Nov/2017:00:09:19 +0100] "GET /var/m_0/0d/0dd/12455/6564679-G3_SKT2015_11.jpg HTTP/1.1" 200 96997
adsl-84-227-232-205.adslplus.ch - - [03/Nov/2017:00:09:19 +0100] "GET /var/m_0/0d/0dd/12455/6564681-G3_SKT2015_12.jpg HTTP/1.1" 200 148086
adsl-84-227-232-205.adslplus.ch - - [03/Nov/2017:00:09:19 +0100] "GET /var/m_0/0d/0dd/12455/6564682-G3_SKT2015_13.jpg HTTP/1.1" 200 204673
adsl-84-227-232-205.adslplus.ch - - [03/Nov/2017:00:09:19 +0100] "GET /var/m_0/0d/0dd/12455/6564676-G3_SKT2015_09.jpg HTTP/1.1" 200 150721
adsl-84-227-232-205.adslplus.ch - - [03/Nov/2017:00:09:20 +0100] "GET /var/m_0/0d/0dd/12455/6564685-G3_SKT2015_16.jpg HTTP/1.1" 200 129971
adsl-84-227-232-205.adslplus.ch - - [03/Nov/2017:00:09:20 +0100] "GET /var/m_0/0d/0dd/12455/6564683-G3_SKT2015_14.jpg HTTP/1.1" 200 195006
adsl-84-227-232-205.adslplus.ch - - [03/Nov/2017:00:09:20 +0100] "GET /var/m_0/0d/0dd/12455/6564684-G3_SKT2015_15.jpg HTTP/1.1" 200 144651
adsl-84-227-232-205.adslplus.ch - - [03/Nov/2017:00:09:21 +0100] "GET /var/m_0/0d/0dd/12455/6564686-G3_SKT2015_17.jpg HTTP/1.1" 200 130353
adsl-84-227-232-205.adslplus.ch - - [03/Nov/2017:00:09:21 +0100] "GET /var/m_0/0d/0dd/12455/6564687-G3_SKT2015_18.jpg HTTP/1.1" 200 93275
adsl-84-227-232-205.adslplus.ch - - [03/Nov/2017:00:09:21 +0100] "GET /var/m_0/0d/0dd/12455/6564688-G3_SKT2015_19.jpg HTTP/1.1" 200 123732
adsl-84-227-232-205.adslplus.ch - - [03/Nov/2017:00:09:22 +0100] "GET /var/m_0/0d/0dd/12455/6564690-G3_SKT2015_20.jpg HTTP/1.1" 200 120599
adsl-84-227-232-205.adslplus.ch - - [03/Nov/2017:00:09:22 +0100] "GET /var/m_0/0d/0dd/12455/6564691-G3_SKT2015_21.jpg HTTP/1.1" 200 121870
adsl-84-227-232-205.adslplus.ch - - [03/Nov/2017:00:09:22 +0100] "GET /var/m_0/0d/0dd/12455/6564692-G3_SKT2015_22.jpg HTTP/1.1" 200 137091
adsl-84-227-232-205.adslplus.ch - - [03/Nov/2017:00:09:22 +0100] "GET /var/m_0/0d/0dd/12455/6564693-G3_SKT2015_23.jpg HTTP/1.1" 200 129585
adsl-84-227-232-205.adslplus.ch - - [03/Nov/2017:00:09:22 +0100] "GET /var/m_0/0d/0dd/12455/6564694-G3_SKT2015_24.jpg HTTP/1.1" 200 173621
adsl-84-227-232-205.adslplus.ch - - [03/Nov/2017:00:09:23 +0100] "GET /var/m_0/0d/0dd/12455/6564695-G3_SKT2015_25.jpg HTTP/1.1" 200 121143
adsl-84-227-232-205.adslplus.ch - - [03/Nov/2017:00:09:23 +0100] "GET /var/m_0/0d/0dd/12455/6564698-G3_SKT2015_27.jpg HTTP/1.1" 200 164698
adsl-84-227-232-205.adslplus.ch - - [03/Nov/2017:00:09:23 +0100] "GET /var/m_0/0d/0dd/12455/6564699-G3_SKT2015_28.jpg HTTP/1.1" 200 120507
adsl-84-227-232-205.adslplus.ch - - [03/Nov/2017:00:09:23 +0100] "GET /var/m_0/0d/0dd/12455/6564700-G3_SKT2015_29.jpg HTTP/1.1" 200 84446
adsl-84-227-232-205.adslplus.ch - - [03/Nov/2017:00:09:23 +0100] "GET /var/m_0/0d/0dd/12455/6564696-G3_SKT2015_26.jpg HTTP/1.1" 200 113715
adsl-84-227-232-205.adslplus.ch - - [03/Nov/2017:00:09:24 +0100] "GET /var/m_0/0d/0dd/12455/6564702-G3_SKT2015_31.jpg HTTP/1.1" 200 94697
adsl-84-227-232-205.adslplus.ch - - [03/Nov/2017:00:09:24 +0100] "GET /var/m_0/0d/0dd/12455/6564707-G3_SKT2015_36.jpg HTTP/1.1" 200 82600
adsl-84-227-232-205.adslplus.ch - - [03/Nov/2017:00:09:24 +0100] "GET /var/m_0/0d/0dd/12455/6564701-G3_SKT2015_30.jpg HTTP/1.1" 200 93984
adsl-84-227-232-205.adslplus.ch - - [03/Nov/2017:00:09:24 +0100] "GET /var/m_0/0d/0dd/12455/6564703-G3_SKT2015_32.jpg HTTP/1.1" 200 112691
adsl-84-227-232-205.adslplus.ch - - [03/Nov/2017:00:09:24 +0100] "GET /var/m_0/0d/0dd/12455/6564704-G3_SKT2015_33.jpg HTTP/1.1" 200 100941
adsl-84-227-232-205.adslplus.ch - - [03/Nov/2017:00:09:24 +0100] "GET /var/m_0/0d/0dd/12455/6564705-G3_SKT2015_34.jpg HTTP/1.1" 200 103141
adsl-84-227-232-205.adslplus.ch - - [03/Nov/2017:00:09:24 +0100] "GET /var/m_0/0d/0dd/12455/6564706-G3_SKT2015_35.jpg HTTP/1.1" 200 92136
adsl-84-227-232-205.adslplus.ch - - [03/Nov/2017:00:09:24 +0100] "GET /var/m_0/0d/0dd/12455/6564709-G3_SKT2015_37.jpg HTTP/1.1" 200 89585
adsl-84-227-232-205.adslplus.ch - - [03/Nov/2017:00:09:25 +0100] "GET /var/m_0/0d/0dd/12455/6564710-G3_SKT2015_38.jpg HTTP/1.1" 200 94469
adsl-84-227-232-205.adslplus.ch - - [03/Nov/2017:00:09:25 +0100] "GET /var/m_0/0d/0dd/12455/6564712-G3_SKT2015_40.jpg HTTP/1.1" 200 86307
adsl-84-227-232-205.adslplus.ch - - [03/Nov/2017:00:09:25 +0100] "GET /var/m_0/0d/0dd/12455/6564713-G3_SKT2015_41.jpg HTTP/1.1" 200 83472
adsl-84-227-232-205.adslplus.ch - - [03/Nov/2017:00:09:25 +0100] "GET /var/m_0/0d/0dd/12455/6564714-G3_SKT2015_42.jpg HTTP/1.1" 200 66693
adsl-84-227-232-205.adslplus.ch - - [03/Nov/2017:00:09:25 +0100] "GET /var/m_0/0d/0dd/12455/6564715-G3_SKT2015_43.jpg HTTP/1.1" 200 109913
adsl-84-227-232-205.adslplus.ch - - [03/Nov/2017:00:09:25 +0100] "GET /var/m_0/0d/0dd/12455/6564711-G3_SKT2015_39.jpg HTTP/1.1" 200 101712
adsl-84-227-232-205.adslplus.ch - - [03/Nov/2017:00:09:26 +0100] "GET /var/m_0/0d/0dd/12455/6564716-G3_SKT2015_44.jpg HTTP/1.1" 200 99680
adsl-84-227-232-205.adslplus.ch - - [03/Nov/2017:00:09:26 +0100] "GET /var/m_0/0d/0dd/12455/6564717-G3_SKT2015_45.jpg HTTP/1.1" 200 137552
adsl-84-227-232-205.adslplus.ch - - [03/Nov/2017:00:09:26 +0100] "GET /var/m_0/0d/0dd/12455/6564718-G3_SKT2015_46.jpg HTTP/1.1" 200 106980
adsl-84-227-232-205.adslplus.ch - - [03/Nov/2017:00:09:26 +0100] "GET /var/m_0/0d/0dd/12455/6564720-G3_SKT2015_47.jpg HTTP/1.1" 200 94941
adsl-84-227-232-205.adslplus.ch - - [03/Nov/2017:00:09:26 +0100] "GET /var/m_0/0d/0dd/12455/6564721-G3_SKT2015_48.jpg HTTP/1.1" 200 99100
adsl-84-227-232-205.adslplus.ch - - [03/Nov/2017:00:09:27 +0100] "GET /var/m_0/0d/0dd/12455/6564723-G3_SKT2015_50.jpg HTTP/1.1" 200 84898
adsl-84-227-232-205.adslplus.ch - - [03/Nov/2017:00:09:27 +0100] "GET /var/m_0/0d/0dd/12455/6564725-G3_SKT2015_52.jpg HTTP/1.1" 200 139147
adsl-84-227-232-205.adslplus.ch - - [03/Nov/2017:00:09:27 +0100] "GET /var/m_0/0d/0dd/12455/6564726-G3_SKT2015_53.jpg HTTP/1.1" 200 119632
adsl-84-227-232-205.adslplus.ch - - [03/Nov/2017:00:09:27 +0100] "GET /var/m_0/0d/0dd/12455/6564727-G3_SKT2015_54.jpg HTTP/1.1" 200 105601
adsl-84-227-232-205.adslplus.ch - - [03/Nov/2017:00:09:27 +0100] "GET /var/m_0/0d/0dd/12455/6564729-G3_SKT2015_55.jpg HTTP/1.1" 200 88744
adsl-84-227-232-205.adslplus.ch - - [03/Nov/2017:00:09:27 +0100] "GET /var/m_0/0d/0dd/12455/6564722-G3_SKT2015_49.jpg HTTP/1.1" 200 93581
adsl-84-227-232-205.adslplus.ch - - [03/Nov/2017:00:09:27 +0100] "GET /var/m_0/0d/0dd/12455/6564724-G3_SKT2015_51.jpg HTTP/1.1" 200 77336
adsl-84-227-232-205.adslplus.ch - - [03/Nov/2017:00:09:28 +0100] "GET /var/m_0/0d/0dd/12455/6564730-G3_SKT2015_56.jpg HTTP/1.1" 200 114637
adsl-84-227-232-205.adslplus.ch - - [03/Nov/2017:00:09:28 +0100] "GET /var/m_0/0d/0dd/12455/6564731-G3_SKT2015_57.jpg HTTP/1.1" 200 84129
adsl-84-227-232-205.adslplus.ch - - [03/Nov/2017:00:09:28 +0100] "GET /var/m_0/0d/0dd/12455/6564732-G3_SKT2015_58.jpg HTTP/1.1" 200 148843
adsl-84-227-232-205.adslplus.ch - - [03/Nov/2017:00:09:28 +0100] "GET /var/m_0/0d/0dd/12455/6564734-G3_SKT2015_59.jpg HTTP/1.1" 200 117702
adsl-84-227-232-205.adslplus.ch - - [03/Nov/2017:00:09:28 +0100] "GET /var/m_0/0d/0dd/12455/6564735-G3_SKT2015_60.jpg HTTP/1.1" 200 102335
adsl-84-227-232-205.adslplus.ch - - [03/Nov/2017:00:09:29 +0100] "GET /var/m_0/0d/0dd/12455/6564737-G3_SKT2015_61.jpg HTTP/1.1" 200 101297
adsl-84-227-232-205.adslplus.ch - - [03/Nov/2017:00:09:29 +0100] "GET /var/m_0/0d/0dd/12455/6564738-G3_SKT2015_62.jpg HTTP/1.1" 200 114801
adsl-84-227-232-205.adslplus.ch - - [03/Nov/2017:00:09:29 +0100] "GET /var/m_0/0d/0dd/12455/6564739-G3_SKT2015_63.jpg HTTP/1.1" 200 83403
adsl-84-227-232-205.adslplus.ch - - [03/Nov/2017:00:09:29 +0100] "GET /var/m_0/0d/0dd/12455/6564740-G3_SKT2015_64.jpg HTTP/1.1" 200 66161
adsl-84-227-232-205.adslplus.ch - - [03/Nov/2017:00:09:29 +0100] "GET /var/m_0/0d/0dd/12455/6564742-G3_SKT2015_66.jpg HTTP/1.1" 200 93775
adsl-84-227-232-205.adslplus.ch - - [03/Nov/2017:00:09:29 +0100] "GET /var/m_0/0d/0dd/12455/6564743-G3_SKT2015_67.jpg HTTP/1.1" 200 99796
adsl-84-227-232-205.adslplus.ch - - [03/Nov/2017:00:09:29 +0100] "GET /var/m_0/0d/0dd/12455/6564744-G3_SKT2015_68.jpg HTTP/1.1" 200 79155
adsl-84-227-232-205.adslplus.ch - - [03/Nov/2017:00:09:29 +0100] "GET /var/m_0/0d/0dd/12455/6564741-G3_SKT2015_65.jpg HTTP/1.1" 200 170374
adsl-84-227-232-205.adslplus.ch - - [03/Nov/2017:00:09:47 +0100] "GET /js/fancybox2/fancybox_sprite.png HTTP/1.1" 200 3633
adsl-84-227-232-205.adslplus.ch - - [03/Nov/2017:00:09:47 +0100] "GET /js/fancybox2/blank.gif HTTP/1.1" 200 43
hydrogen173.a.ahrefs.com - - [03/Nov/2017:00:42:29 +0100] "GET /kurse HTTP/1.1" 200 6281
