msnbot-157-55-39-76.search.msn.com - - [09/Nov/2017:08:00:54 +0100] "GET /robots.txt HTTP/1.1" 200 80
msnbot-157-55-39-76.search.msn.com - - [09/Nov/2017:08:00:54 +0100] "GET /robots.txt HTTP/1.1" 200 80
msnbot-157-55-39-76.search.msn.com - - [09/Nov/2017:08:00:54 +0100] "GET /robots.txt HTTP/1.1" 200 80
msnbot-157-55-39-76.search.msn.com - - [09/Nov/2017:08:00:55 +0100] "GET /robots.txt HTTP/1.1" 200 80
msnbot-207-46-13-10.search.msn.com - - [09/Nov/2017:08:00:55 +0100] "GET /js/efu/main.min.js?v=6.6.7.2.41064 HTTP/1.1" 200 1746
msnbot-157-55-39-76.search.msn.com - - [09/Nov/2017:08:00:55 +0100] "GET /robots.txt HTTP/1.1" 200 80
msnbot-207-46-13-10.search.msn.com - - [09/Nov/2017:08:00:55 +0100] "GET /js/efu/w.gallery.min.js?v=6.6.7.2.41064 HTTP/1.1" 200 181
msnbot-157-55-39-76.search.msn.com - - [09/Nov/2017:08:00:55 +0100] "GET /robots.txt HTTP/1.1" 200 80
msnbot-157-55-39-76.search.msn.com - - [09/Nov/2017:08:00:55 +0100] "GET /robots.txt HTTP/1.1" 200 80
msnbot-157-55-39-76.search.msn.com - - [09/Nov/2017:08:00:55 +0100] "GET /robots.txt HTTP/1.1" 200 80
msnbot-157-55-39-76.search.msn.com - - [09/Nov/2017:08:00:55 +0100] "GET /robots.txt HTTP/1.1" 200 80
msnbot-207-46-13-10.search.msn.com - - [09/Nov/2017:08:00:55 +0100] "GET /js/fancybox2/jquery.fancybox.min.css?v=6.6.7.2.41064 HTTP/1.1" 200 1020
msnbot-157-55-39-76.search.msn.com - - [09/Nov/2017:08:00:56 +0100] "GET /robots.txt HTTP/1.1" 200 80
msnbot-207-46-13-10.search.msn.com - - [09/Nov/2017:08:00:56 +0100] "GET /js/fancybox2/jquery.fancybox.min.js?v=6.6.7.2.41064 HTTP/1.1" 200 6267
msnbot-207-46-13-10.search.msn.com - - [09/Nov/2017:08:00:56 +0100] "GET /js/functions_stripped.js?v=6.6.7.2.41064 HTTP/1.1" 200 3186
msnbot-207-46-13-10.search.msn.com - - [09/Nov/2017:08:00:56 +0100] "GET /templates/creator/m_f/fa/fa7/164/assets/wp-menu.js?v=1483633820 HTTP/1.1" 200 1089
msnbot-157-55-39-76.search.msn.com - - [09/Nov/2017:08:00:56 +0100] "GET /robots.txt HTTP/1.1" 200 80
msnbot-207-46-13-10.search.msn.com - - [09/Nov/2017:08:00:56 +0100] "GET /js/footer/build_social_entries.min.js?v=6.6.7.2.41064 HTTP/1.1" 200 278
msnbot-157-55-39-76.search.msn.com - - [09/Nov/2017:08:00:56 +0100] "GET /robots.txt HTTP/1.1" 200 80
msnbot-207-46-13-10.search.msn.com - - [09/Nov/2017:08:00:56 +0100] "GET /templates/creator/m_f/fa/fa7/164/css/main.min.css?v=1483633820 HTTP/1.1" 200 1797
msnbot-157-55-39-76.search.msn.com - - [09/Nov/2017:08:00:56 +0100] "GET /robots.txt HTTP/1.1" 200 80
msnbot-207-46-13-10.search.msn.com - - [09/Nov/2017:08:00:57 +0100] "GET /templates/creator/m_f/fa/fa7/164/css/style.min.css?v=1483633820 HTTP/1.1" 200 847
msnbot-157-55-39-76.search.msn.com - - [09/Nov/2017:08:00:57 +0100] "GET /robots.txt HTTP/1.1" 200 80
msnbot-157-55-39-76.search.msn.com - - [09/Nov/2017:08:00:57 +0100] "GET /robots.txt HTTP/1.1" 200 80
msnbot-40-77-167-41.search.msn.com - - [09/Nov/2017:08:01:04 +0100] "GET /css/widgets/concat_widget.min.css?v=6.6.7.2.41064 HTTP/1.1" 200 24507
msnbot-40-77-167-138.search.msn.com - - [09/Nov/2017:08:01:09 +0100] "GET /templates/creator/m_f/fa/fa7/164/assets/slide.js?v=1483633820 HTTP/1.1" 200 662
msnbot-157-55-39-76.search.msn.com - - [09/Nov/2017:08:01:14 +0100] "GET /css/skeleton.css HTTP/1.1" 200 3511
msnbot-157-55-39-76.search.msn.com - - [09/Nov/2017:08:01:14 +0100] "GET /js/galleryLightbox/gallery-paging.min.js?v=6.6.7.2.41064 HTTP/1.1" 200 1107
msnbot-157-55-39-76.search.msn.com - - [09/Nov/2017:08:01:14 +0100] "GET /js/jquery.lazyload.min.js?v=6.6.7.2.41064 HTTP/1.1" 200 1283
msnbot-157-55-39-76.search.msn.com - - [09/Nov/2017:08:01:14 +0100] "GET /js/footer/get_deps.min.js?v=6.6.7.2.41064 HTTP/1.1" 200 157
msnbot-157-55-39-76.search.msn.com - - [09/Nov/2017:08:01:14 +0100] "GET /templates/creator/m_f/fa/fa7/164/assets/respond.min.js?v=1483633820 HTTP/1.1" 200 2085
msnbot-40-77-167-41.search.msn.com - - [09/Nov/2017:08:10:30 +0100] "GET /var/m_0/0d/0dd/12455/125494-14_Vermietung.JPG HTTP/1.1" 200 95115
142.252.248.65 - - [09/Nov/2017:08:11:15 +0100] "GET / HTTP/1.1" 200 35804
142.252.248.65 - - [09/Nov/2017:08:11:16 +0100] "GET /xmlrpc.php HTTP/1.1" 200 18205
142.252.248.65 - - [09/Nov/2017:08:11:17 +0100] "HEAD /wp-login.php HTTP/1.1" 200 -
crawl-104-170-187-194.qwant.com - - [09/Nov/2017:08:27:12 +0100] "GET /vermietung.shtml HTTP/1.0" 200 5099
crawl-66-249-64-28.googlebot.com - - [09/Nov/2017:08:53:32 +0100] "GET /robots.txt HTTP/1.1" 200 80
crawl-66-249-64-27.googlebot.com - - [09/Nov/2017:08:53:33 +0100] "GET /var/m_0/0d/0dd/12455/8010562-7_Plauschsegeln.JPG HTTP/1.1" 304 -
