msnbot-207-46-13-61.search.msn.com - - [12/Nov/2017:10:18:40 +0100] "GET /templates/creator/m_f/fa/fa7/164/css/main.min.css?v=1483633820 HTTP/1.1" 200 1797
msnbot-207-46-13-61.search.msn.com - - [12/Nov/2017:10:18:40 +0100] "GET /js/functions_stripped.js?v=6.6.7.2.41064 HTTP/1.1" 200 3186
msnbot-207-46-13-61.search.msn.com - - [12/Nov/2017:10:18:40 +0100] "GET /templates/creator/m_f/fa/fa7/164/assets/wp-menu.js?v=1483633820 HTTP/1.1" 200 1089
msnbot-207-46-13-61.search.msn.com - - [12/Nov/2017:10:18:41 +0100] "GET /js/footer/build_social_entries.min.js?v=6.6.7.2.41064 HTTP/1.1" 200 278
ec2-54-89-55-165.compute-1.amazonaws.com - - [12/Nov/2017:10:41:07 +0100] "GET /robots.txt HTTP/1.1" 200 80
ec2-54-89-55-165.compute-1.amazonaws.com - - [12/Nov/2017:10:41:08 +0100] "GET /smartkat-crashkurs HTTP/1.1" 200 4808
crawl-66-249-64-28.googlebot.com - - [12/Nov/2017:10:50:31 +0100] "GET /js/photoswipe/photoswipe.css?v=6.6.7.1.40667 HTTP/1.1" 200 1156
hydrogen270.a.ahrefs.com - - [12/Nov/2017:10:55:25 +0100] "GET / HTTP/1.1" 200 6440
163-172-65-35.rev.poneytelecom.eu - - [12/Nov/2017:10:55:26 +0100] "GET /templates/creator/m_f/fa/fa7/164/css/style.min.css?v=1483633820 HTTP/1.1" 200 847
163-172-65-35.rev.poneytelecom.eu - - [12/Nov/2017:10:55:26 +0100] "GET /templates/creator/m_f/fa/fa7/164/assets/respond.min.js?v=1483633820 HTTP/1.1" 200 2085
163-172-65-35.rev.poneytelecom.eu - - [12/Nov/2017:10:55:26 +0100] "GET /js/jquery.lazyload.min.js?v=6.6.7.2.41064 HTTP/1.1" 200 1283
163-172-65-35.rev.poneytelecom.eu - - [12/Nov/2017:10:55:26 +0100] "GET /js/footer/build_social_entries.min.js?v=6.6.7.2.41064 HTTP/1.1" 200 278
163-172-65-35.rev.poneytelecom.eu - - [12/Nov/2017:10:55:26 +0100] "GET /js/footer/get_deps.min.js?v=6.6.7.2.41064 HTTP/1.1" 200 157
163-172-65-35.rev.poneytelecom.eu - - [12/Nov/2017:10:55:26 +0100] "GET /css/skeleton.css HTTP/1.1" 200 3511
163-172-65-35.rev.poneytelecom.eu - - [12/Nov/2017:10:55:26 +0100] "GET / HTTP/1.1" 200 6440
163-172-65-35.rev.poneytelecom.eu - - [12/Nov/2017:10:55:26 +0100] "GET /css/widgets/concat_widget.min.css?v=6.6.7.2.41064 HTTP/1.1" 200 24507
163-172-65-35.rev.poneytelecom.eu - - [12/Nov/2017:10:55:26 +0100] "GET /templates/creator/m_f/fa/fa7/164/css/main.min.css?v=1483633820 HTTP/1.1" 200 1797
163-172-65-35.rev.poneytelecom.eu - - [12/Nov/2017:10:55:26 +0100] "GET /templates/creator/m_f/fa/fa7/164/assets/wp-menu.js?v=1483633820 HTTP/1.1" 200 1089
163-172-65-35.rev.poneytelecom.eu - - [12/Nov/2017:10:55:26 +0100] "GET /templates/creator/m_f/fa/fa7/164/assets/slide.js?v=1483633820 HTTP/1.1" 200 662
163-172-65-35.rev.poneytelecom.eu - - [12/Nov/2017:10:55:26 +0100] "GET /js/functions_stripped.js?v=6.6.7.2.41064 HTTP/1.1" 200 3186
msnbot-157-55-39-241.search.msn.com - - [12/Nov/2017:10:56:13 +0100] "GET /var/m_0/0d/0dd/12455/7230969-37_Pedalo2.jpg HTTP/1.1" 200 107785
