17-142-156-178.applebot.apple.com - - [11/Nov/2017:16:00:42 +0100] "GET /event-gruppesmartkat.shtml HTTP/1.1" 200 5645
17-142-156-178.applebot.apple.com - - [11/Nov/2017:16:00:42 +0100] "GET /robots.txt HTTP/1.1" 200 80
msnbot-157-55-39-39.search.msn.com - - [11/Nov/2017:16:28:14 +0100] "GET /flotte.shtml HTTP/1.1" 200 6274
132.red.82.37.46.procono.es - - [11/Nov/2017:16:33:29 +0100] "GET / HTTP/1.1" 200 35804
132.red.82.37.46.procono.es - - [11/Nov/2017:16:33:30 +0100] "GET /events.shtml HTTP/1.1" 200 22514
132.red.82.37.46.procono.es - - [11/Nov/2017:16:33:31 +0100] "GET /galerie.shtml HTTP/1.1" 200 22747
132.red.82.37.46.procono.es - - [11/Nov/2017:16:33:32 +0100] "GET /kurse.shtml HTTP/1.1" 200 31031
132.red.82.37.46.procono.es - - [11/Nov/2017:16:33:32 +0100] "GET /vermietung.shtml HTTP/1.1" 200 25728
132.red.82.37.46.procono.es - - [11/Nov/2017:16:33:33 +0100] "GET /event-gruppesmartkat.shtml HTTP/1.1" 200 21256
132.red.82.37.46.procono.es - - [11/Nov/2017:16:33:34 +0100] "GET /event-matchracing.shtml HTTP/1.1" 200 21251
132.red.82.37.46.procono.es - - [11/Nov/2017:16:33:34 +0100] "GET /event-pedalo.shtml HTTP/1.1" 200 20248
132.red.82.37.46.procono.es - - [11/Nov/2017:16:33:35 +0100] "GET /galerie-gruppesmartkat.shtml HTTP/1.1" 200 20574
132.red.82.37.46.procono.es - - [11/Nov/2017:16:33:36 +0100] "GET /galerie-sktrophy-2014.shtml HTTP/1.1" 200 29913
132.red.82.37.46.procono.es - - [11/Nov/2017:16:33:36 +0100] "GET /galerie-matchracing.shtml HTTP/1.1" 200 21704
132.red.82.37.46.procono.es - - [11/Nov/2017:16:33:37 +0100] "GET /galerie-sktrophy-2015.shtml HTTP/1.1" 200 49420
132.red.82.37.46.procono.es - - [11/Nov/2017:16:33:38 +0100] "GET /optikurse-2014.shtml HTTP/1.1" 200 26353
132.red.82.37.46.procono.es - - [11/Nov/2017:16:33:39 +0100] "GET /kinder-segelkurs.shtml HTTP/1.1" 200 19898
132.red.82.37.46.procono.es - - [11/Nov/2017:16:33:39 +0100] "GET /pruefungskurs.shtml HTTP/1.1" 200 23039
132.red.82.37.46.procono.es - - [11/Nov/2017:16:33:40 +0100] "GET /segel-grundkurs.shtml HTTP/1.1" 200 21440
132.red.82.37.46.procono.es - - [11/Nov/2017:16:33:40 +0100] "GET /segelkurs-jollesmartkat.shtml HTTP/1.1" 200 19993
132.red.82.37.46.procono.es - - [11/Nov/2017:16:33:41 +0100] "GET /flotte.shtml HTTP/1.1" 200 29241
132.red.82.37.46.procono.es - - [11/Nov/2017:16:33:41 +0100] "GET /smartkat-crashkurs.shtml HTTP/1.1" 200 17863
132.red.82.37.46.procono.es - - [11/Nov/2017:16:33:41 +0100] "GET /js/functions_stripped.js?v=6.6.7.2.41064 HTTP/1.1" 200 7672
132.red.82.37.46.procono.es - - [11/Nov/2017:16:33:42 +0100] "GET /aktuelles-wetter HTTP/1.1" 200 18388
132.red.82.37.46.procono.es - - [11/Nov/2017:16:33:42 +0100] "GET /js/jquery.lazyload.min.js?v=6.6.7.2.41064 HTTP/1.1" 200 3342
132.red.82.37.46.procono.es - - [11/Nov/2017:16:33:42 +0100] "GET /Perspectiva.html? HTTP/1.1" 200 18069
132.red.82.37.46.procono.es - - [11/Nov/2017:16:33:42 +0100] "GET /js/).html(a);null==$( HTTP/1.1" 200 219
132.red.82.37.46.procono.es - - [11/Nov/2017:16:33:43 +0100] "GET /davosersee HTTP/1.1" 200 19505
132.red.82.37.46.procono.es - - [11/Nov/2017:16:33:43 +0100] "GET /event-gruppesmartkat HTTP/1.1" 200 21256
132.red.82.37.46.procono.es - - [11/Nov/2017:16:33:44 +0100] "GET /event-pedalo HTTP/1.1" 200 20248
132.red.82.37.46.procono.es - - [11/Nov/2017:16:33:44 +0100] "GET /event-matchracing HTTP/1.1" 200 21251
132.red.82.37.46.procono.es - - [11/Nov/2017:16:33:45 +0100] "GET /flotte HTTP/1.1" 200 29385
132.red.82.37.46.procono.es - - [11/Nov/2017:16:33:45 +0100] "GET /events HTTP/1.1" 200 22514
