crawl-66-249-64-29.googlebot.com - - [11/Nov/2017:05:01:28 +0100] "GET / HTTP/1.1" 200 6440
crawl-66-249-64-28.googlebot.com - - [11/Nov/2017:05:01:34 +0100] "GET /css/widgets/concat_widget.min.css?v=6.6.7.2.41064 HTTP/1.1" 200 24507
178-84-82-117.dynamic.upc.nl - - [11/Nov/2017:05:15:38 +0100] "GET / HTTP/1.1" 200 35804
178-84-82-117.dynamic.upc.nl - - [11/Nov/2017:05:15:39 +0100] "GET /%C3%BCber-uns.shtml HTTP/1.1" 200 21862
178-84-82-117.dynamic.upc.nl - - [11/Nov/2017:05:15:40 +0100] "GET /davosersee.shtml HTTP/1.1" 200 19505
178-84-82-117.dynamic.upc.nl - - [11/Nov/2017:05:15:40 +0100] "GET /aktuelles-wetter.shtml HTTP/1.1" 200 18388
178-84-82-117.dynamic.upc.nl - - [11/Nov/2017:05:15:41 +0100] "GET /event-gruppesmartkat.shtml HTTP/1.1" 200 21256
178-84-82-117.dynamic.upc.nl - - [11/Nov/2017:05:15:42 +0100] "GET /event-pedalo.shtml HTTP/1.1" 200 20248
178-84-82-117.dynamic.upc.nl - - [11/Nov/2017:05:15:42 +0100] "GET /event-matchracing.shtml HTTP/1.1" 200 21251
178-84-82-117.dynamic.upc.nl - - [11/Nov/2017:05:15:42 +0100] "GET /events.shtml HTTP/1.1" 200 22514
178-84-82-117.dynamic.upc.nl - - [11/Nov/2017:05:15:43 +0100] "GET /galerie-gruppesmartkat.shtml HTTP/1.1" 200 20574
178-84-82-117.dynamic.upc.nl - - [11/Nov/2017:05:15:43 +0100] "GET /flotte.shtml HTTP/1.1" 200 29241
178-84-82-117.dynamic.upc.nl - - [11/Nov/2017:05:15:44 +0100] "GET /galerie-sktrophy-2014.shtml HTTP/1.1" 200 29913
178-84-82-117.dynamic.upc.nl - - [11/Nov/2017:05:15:44 +0100] "GET /galerie-matchracing.shtml HTTP/1.1" 200 21704
178-84-82-117.dynamic.upc.nl - - [11/Nov/2017:05:15:45 +0100] "GET /galerie-sktrophy-2015.shtml HTTP/1.1" 200 49420
178-84-82-117.dynamic.upc.nl - - [11/Nov/2017:05:15:46 +0100] "GET /kinder-segelkurs.shtml HTTP/1.1" 200 19898
178-84-82-117.dynamic.upc.nl - - [11/Nov/2017:05:15:46 +0100] "GET /galerie.shtml HTTP/1.1" 200 22747
178-84-82-117.dynamic.upc.nl - - [11/Nov/2017:05:15:47 +0100] "GET /kursanmeldung.shtml HTTP/1.1" 200 49926
178-84-82-117.dynamic.upc.nl - - [11/Nov/2017:05:15:48 +0100] "GET /optikurse-2014.shtml HTTP/1.1" 200 26353
178-84-82-117.dynamic.upc.nl - - [11/Nov/2017:05:15:48 +0100] "GET /kurse.shtml HTTP/1.1" 200 31031
178-84-82-117.dynamic.upc.nl - - [11/Nov/2017:05:15:49 +0100] "GET /pruefungskurs.shtml HTTP/1.1" 200 23039
178-84-82-117.dynamic.upc.nl - - [11/Nov/2017:05:15:50 +0100] "GET /segel-grundkurs.shtml HTTP/1.1" 200 21440
178-84-82-117.dynamic.upc.nl - - [11/Nov/2017:05:15:50 +0100] "GET /segelkurs-jollesmartkat.shtml HTTP/1.1" 200 19993
178-84-82-117.dynamic.upc.nl - - [11/Nov/2017:05:15:51 +0100] "GET /smartkat-crashkurs.shtml HTTP/1.1" 200 17863
178-84-82-117.dynamic.upc.nl - - [11/Nov/2017:05:15:51 +0100] "GET /standort.shtml HTTP/1.1" 200 17547
178-84-82-117.dynamic.upc.nl - - [11/Nov/2017:05:15:52 +0100] "GET /vermietung.shtml HTTP/1.1" 200 25728
178-84-82-117.dynamic.upc.nl - - [11/Nov/2017:05:15:53 +0100] "GET /js/functions_stripped.js?v=6.6.7.2.41064 HTTP/1.1" 200 7672
178-84-82-117.dynamic.upc.nl - - [11/Nov/2017:05:15:53 +0100] "GET /js/jquery.lazyload.min.js?v=6.6.7.2.41064 HTTP/1.1" 200 3342
178-84-82-117.dynamic.upc.nl - - [11/Nov/2017:05:15:53 +0100] "GET /Perspectiva.html? HTTP/1.1" 200 18069
178-84-82-117.dynamic.upc.nl - - [11/Nov/2017:05:15:54 +0100] "GET /aktuelles-wetter HTTP/1.1" 200 18388
ip37.ip-142-4-200.net - - [11/Nov/2017:05:22:34 +0100] "GET /robots.txt HTTP/1.1" 200 80
ip37.ip-142-4-200.net - - [11/Nov/2017:05:22:58 +0100] "GET / HTTP/1.1" 200 6440
hydrogen260.a.ahrefs.com - - [11/Nov/2017:05:29:47 +0100] "GET /var/m_0/0d/0dd/12455/6564714-G3_SKT2015_42.jpg HTTP/1.1" 200 66693
msnbot-157-55-39-44.search.msn.com - - [11/Nov/2017:05:35:02 +0100] "GET /galerie-gruppesmartkat.shtml HTTP/1.1" 200 4863
