msnbot-157-55-39-17.search.msn.com - - [11/Oct/2017:09:09:34 +0200] "GET / HTTP/1.1" 200 6440
88-99-240-172.crawler.sistrix.net - - [11/Oct/2017:09:12:09 +0200] "GET /robots.txt HTTP/1.1" 200 120
88-99-240-172.crawler.sistrix.net - - [11/Oct/2017:09:12:09 +0200] "GET /kurse.shtml HTTP/1.1" 200 31031
msnbot-40-77-167-103.search.msn.com - - [11/Oct/2017:09:25:00 +0200] "GET / HTTP/1.1" 200 6440
83.140.127.176.dynamic.wline.res.cust.swisscom.ch - - [11/Oct/2017:09:43:09 +0200] "GET / HTTP/1.1" 200 6440
83.140.127.176.dynamic.wline.res.cust.swisscom.ch - - [11/Oct/2017:09:43:09 +0200] "GET /css/skeleton.css HTTP/1.1" 200 3511
83.140.127.176.dynamic.wline.res.cust.swisscom.ch - - [11/Oct/2017:09:43:09 +0200] "GET /js/footer/build_social_entries.min.js?v=6.6.7.2.41064 HTTP/1.1" 200 278
83.140.127.176.dynamic.wline.res.cust.swisscom.ch - - [11/Oct/2017:09:43:09 +0200] "GET /js/footer/get_deps.min.js?v=6.6.7.2.41064 HTTP/1.1" 200 157
83.140.127.176.dynamic.wline.res.cust.swisscom.ch - - [11/Oct/2017:09:43:09 +0200] "GET /css/widgets/concat_widget.min.css?v=6.6.7.2.41064 HTTP/1.1" 200 24507
83.140.127.176.dynamic.wline.res.cust.swisscom.ch - - [11/Oct/2017:09:43:09 +0200] "GET /templates/creator/m_f/fa/fa7/164/css/style.min.css?v=1483633820 HTTP/1.1" 200 847
83.140.127.176.dynamic.wline.res.cust.swisscom.ch - - [11/Oct/2017:09:43:09 +0200] "GET /templates/creator/m_f/fa/fa7/164/assets/wp-menu.js?v=1483633820 HTTP/1.1" 200 1089
83.140.127.176.dynamic.wline.res.cust.swisscom.ch - - [11/Oct/2017:09:43:09 +0200] "GET /templates/creator/m_f/fa/fa7/164/assets/respond.min.js?v=1483633820 HTTP/1.1" 200 2085
83.140.127.176.dynamic.wline.res.cust.swisscom.ch - - [11/Oct/2017:09:43:09 +0200] "GET /templates/creator/m_f/fa/fa7/164/assets/slide.js?v=1483633820 HTTP/1.1" 200 662
83.140.127.176.dynamic.wline.res.cust.swisscom.ch - - [11/Oct/2017:09:43:09 +0200] "GET /js/functions_stripped.js?v=6.6.7.2.41064 HTTP/1.1" 200 3186
83.140.127.176.dynamic.wline.res.cust.swisscom.ch - - [11/Oct/2017:09:43:09 +0200] "GET /js/jquery.lazyload.min.js?v=6.6.7.2.41064 HTTP/1.1" 200 1283
83.140.127.176.dynamic.wline.res.cust.swisscom.ch - - [11/Oct/2017:09:43:09 +0200] "GET /var/m_0/0d/0dd/12455/143351-Header_Segelschule.jpg HTTP/1.1" 200 107532
83.140.127.176.dynamic.wline.res.cust.swisscom.ch - - [11/Oct/2017:09:43:09 +0200] "GET /var/m_0/0d/0dd/12455/8218280-65_Regatta.JPG HTTP/1.1" 200 192350
83.140.127.176.dynamic.wline.res.cust.swisscom.ch - - [11/Oct/2017:09:43:09 +0200] "GET /var/m_0/0d/0dd/12455/7230972-19_Matchracing.jpg HTTP/1.1" 200 55347
83.140.127.176.dynamic.wline.res.cust.swisscom.ch - - [11/Oct/2017:09:43:09 +0200] "GET /var/m_0/0d/0dd/12455/125494-14_Vermietung.JPG HTTP/1.1" 200 95115
83.140.127.176.dynamic.wline.res.cust.swisscom.ch - - [11/Oct/2017:09:43:09 +0200] "GET /var/m_0/0d/0dd/12455/6564603-SK_Tro_Head.jpg HTTP/1.1" 200 136780
83.140.127.176.dynamic.wline.res.cust.swisscom.ch - - [11/Oct/2017:09:43:09 +0200] "GET /var/m_0/0d/0dd/12455/8254793-J70_Davos.w1024.jpg HTTP/1.1" 200 191999
83.140.127.176.dynamic.wline.res.cust.swisscom.ch - - [11/Oct/2017:09:43:09 +0200] "GET /var/m_0/0d/0dd/12455/143580-SP_Heierling1.jpg HTTP/1.1" 200 2613
83.140.127.176.dynamic.wline.res.cust.swisscom.ch - - [11/Oct/2017:09:43:09 +0200] "GET /var/m_0/0d/0dd/12455/143586-SP_DK1.jpg HTTP/1.1" 200 3071
83.140.127.176.dynamic.wline.res.cust.swisscom.ch - - [11/Oct/2017:09:43:09 +0200] "GET /var/m_0/0d/0dd/12455/143584-SP_Lemm1.jpg HTTP/1.1" 200 2321
83.140.127.176.dynamic.wline.res.cust.swisscom.ch - - [11/Oct/2017:09:43:09 +0200] "GET /var/m_0/0d/0dd/12455/143582-SP_Gipfel1.jpg HTTP/1.1" 200 2688
83.140.127.176.dynamic.wline.res.cust.swisscom.ch - - [11/Oct/2017:09:43:09 +0200] "GET /var/m_0/0d/0dd/12455/8288159-EWD_rgb_pos.jpg HTTP/1.1" 200 207458
83.140.127.176.dynamic.wline.res.cust.swisscom.ch - - [11/Oct/2017:09:43:09 +0200] "GET /templates/creator/m_f/fa/fa7/164/css/main.min.css?v=1483633820 HTTP/1.1" 200 1797
83.140.127.176.dynamic.wline.res.cust.swisscom.ch - - [11/Oct/2017:09:43:10 +0200] "GET /var/m_0/0d/0dd/12455/125493-13_Kurse.JPG HTTP/1.1" 200 70517
83.140.127.176.dynamic.wline.res.cust.swisscom.ch - - [11/Oct/2017:09:43:10 +0200] "GET /var/m_0/0d/0dd/12455/125495-15_Event.JPG HTTP/1.1" 200 59088
83.140.127.176.dynamic.wline.res.cust.swisscom.ch - - [11/Oct/2017:09:43:10 +0200] "GET /templates/resellers/7/favicon.ico?v=1506103971 HTTP/1.1" 200 4286
83.140.127.176.dynamic.wline.res.cust.swisscom.ch - - [11/Oct/2017:09:43:26 +0200] "GET /davosersee.shtml HTTP/1.1" 200 5477
83.140.127.176.dynamic.wline.res.cust.swisscom.ch - - [11/Oct/2017:09:43:26 +0200] "GET /var/m_0/0d/0dd/12455/143352-Header_Segelschule_2.jpg HTTP/1.1" 200 107532
83.140.127.176.dynamic.wline.res.cust.swisscom.ch - - [11/Oct/2017:09:43:26 +0200] "GET /var/m_0/0d/0dd/12455/126126-43_See.JPG HTTP/1.1" 200 86511
83.140.127.176.dynamic.wline.res.cust.swisscom.ch - - [11/Oct/2017:09:43:27 +0200] "GET /templates/resellers/7/favicon.ico?v=1506147110 HTTP/1.1" 200 4286
83.140.127.176.dynamic.wline.res.cust.swisscom.ch - - [11/Oct/2017:09:44:01 +0200] "GET / HTTP/1.1" 200 6440
83.140.127.176.dynamic.wline.res.cust.swisscom.ch - - [11/Oct/2017:09:45:59 +0200] "GET / HTTP/1.1" 200 6440
83.140.127.176.dynamic.wline.res.cust.swisscom.ch - - [11/Oct/2017:09:46:24 +0200] "GET /var/m_0/0d/0dd/12455/125500-33_Opti.jpg HTTP/1.1" 200 104538
83.140.127.176.dynamic.wline.res.cust.swisscom.ch - - [11/Oct/2017:09:46:24 +0200] "GET /var/m_0/0d/0dd/12455/125503-36_420er.jpg HTTP/1.1" 200 61172
83.140.127.176.dynamic.wline.res.cust.swisscom.ch - - [11/Oct/2017:09:46:24 +0200] "GET /var/m_0/0d/0dd/12455/7441200-35_Finn4.jpg HTTP/1.1" 200 211101
83.140.127.176.dynamic.wline.res.cust.swisscom.ch - - [11/Oct/2017:09:46:24 +0200] "GET /var/m_0/0d/0dd/12455/125499-32_Smartkat.JPG HTTP/1.1" 200 60966
83.140.127.176.dynamic.wline.res.cust.swisscom.ch - - [11/Oct/2017:09:46:24 +0200] "GET /flotte.shtml HTTP/1.1" 200 6274
83.140.127.176.dynamic.wline.res.cust.swisscom.ch - - [11/Oct/2017:09:46:25 +0200] "GET /var/m_0/0d/0dd/12455/125498-31_Sprinto.JPG HTTP/1.1" 200 60889
83.140.127.176.dynamic.wline.res.cust.swisscom.ch - - [11/Oct/2017:09:46:25 +0200] "GET /var/m_0/0d/0dd/12455/125501-34_Laser.jpg HTTP/1.1" 200 52750
83.140.127.176.dynamic.wline.res.cust.swisscom.ch - - [11/Oct/2017:09:46:25 +0200] "GET /var/m_0/0d/0dd/12455/7441141-37_Pedalo.jpg HTTP/1.1" 200 195132
83.140.127.176.dynamic.wline.res.cust.swisscom.ch - - [11/Oct/2017:09:46:25 +0200] "GET /templates/resellers/7/favicon.ico?v=1506147120 HTTP/1.1" 200 4286
194-230-41-202.static.adslpremium.ch - - [11/Oct/2017:09:46:40 +0200] "GET /var/m_0/0d/0dd/12455/126126-43_See.JPG HTTP/1.1" 200 86511
83.140.127.176.dynamic.wline.res.cust.swisscom.ch - - [11/Oct/2017:09:46:49 +0200] "GET /var/m_0/0d/0dd/12455/125498-31_Sprinto.JPG HTTP/1.1" 200 60889
83.140.127.176.dynamic.wline.res.cust.swisscom.ch - - [11/Oct/2017:09:46:49 +0200] "GET /var/m_0/0d/0dd/12455/125501-34_Laser.jpg HTTP/1.1" 200 52750
83.140.127.176.dynamic.wline.res.cust.swisscom.ch - - [11/Oct/2017:09:46:49 +0200] "GET /var/m_0/0d/0dd/12455/7441200-35_Finn4.jpg HTTP/1.1" 200 211101
83.140.127.176.dynamic.wline.res.cust.swisscom.ch - - [11/Oct/2017:09:46:49 +0200] "GET /var/m_0/0d/0dd/12455/125499-32_Smartkat.JPG HTTP/1.1" 200 60966
83.140.127.176.dynamic.wline.res.cust.swisscom.ch - - [11/Oct/2017:09:46:49 +0200] "GET /var/m_0/0d/0dd/12455/125503-36_420er.jpg HTTP/1.1" 200 61172
83.140.127.176.dynamic.wline.res.cust.swisscom.ch - - [11/Oct/2017:09:46:49 +0200] "GET /var/m_0/0d/0dd/12455/125500-33_Opti.jpg HTTP/1.1" 200 104538
83.140.127.176.dynamic.wline.res.cust.swisscom.ch - - [11/Oct/2017:09:46:49 +0200] "GET /var/m_0/0d/0dd/12455/7441141-37_Pedalo.jpg HTTP/1.1" 200 195132
