msnbot-157-55-39-17.search.msn.com - - [13/Oct/2017:14:08:10 +0200] "GET /js/jquery.lazyload.min.js?v=6.6.7.2.41064 HTTP/1.1" 200 1283
ip-10-140.dataclub.eu - - [13/Oct/2017:14:23:36 +0200] "GET / HTTP/1.1" 200 35804
ip-10-140.dataclub.eu - - [13/Oct/2017:14:23:36 +0200] "GET /events.shtml HTTP/1.1" 200 22514
ip-10-140.dataclub.eu - - [13/Oct/2017:14:23:37 +0200] "GET /galerie.shtml HTTP/1.1" 200 22747
ip-10-140.dataclub.eu - - [13/Oct/2017:14:23:39 +0200] "GET /vermietung.shtml HTTP/1.1" 200 25728
ip-10-140.dataclub.eu - - [13/Oct/2017:14:23:38 +0200] "GET /kurse.shtml HTTP/1.1" 200 31031
ip-10-140.dataclub.eu - - [13/Oct/2017:14:23:40 +0200] "GET /galerie-sktrophy-2015.shtml HTTP/1.1" 200 49420
ip-10-140.dataclub.eu - - [13/Oct/2017:14:23:40 +0200] "GET /galerie-gruppesmartkat.shtml HTTP/1.1" 200 20574
ip-10-140.dataclub.eu - - [13/Oct/2017:14:23:40 +0200] "GET /optikurse-2014.shtml HTTP/1.1" 200 26353
ip-10-140.dataclub.eu - - [13/Oct/2017:14:23:40 +0200] "GET /event-gruppesmartkat.shtml HTTP/1.1" 200 21256
ip-10-140.dataclub.eu - - [13/Oct/2017:14:23:40 +0200] "GET /galerie-matchracing.shtml HTTP/1.1" 200 21704
ip-10-140.dataclub.eu - - [13/Oct/2017:14:23:40 +0200] "GET /event-matchracing.shtml HTTP/1.1" 200 21251
ip-10-140.dataclub.eu - - [13/Oct/2017:14:23:40 +0200] "GET /galerie-sktrophy-2014.shtml HTTP/1.1" 200 29913
ip-10-140.dataclub.eu - - [13/Oct/2017:14:23:40 +0200] "GET /event-pedalo.shtml HTTP/1.1" 200 20248
ip-10-140.dataclub.eu - - [13/Oct/2017:14:23:41 +0200] "GET /pruefungskurs.shtml HTTP/1.1" 200 23039
ip-10-140.dataclub.eu - - [13/Oct/2017:14:23:41 +0200] "GET /js/jquery.lazyload.min.js?v=6.6.7.2.41064 HTTP/1.1" 200 3342
ip-10-140.dataclub.eu - - [13/Oct/2017:14:23:41 +0200] "GET /kinder-segelkurs.shtml HTTP/1.1" 200 19898
ip-10-140.dataclub.eu - - [13/Oct/2017:14:23:41 +0200] "GET /flotte.shtml HTTP/1.1" 200 29241
ip-10-140.dataclub.eu - - [13/Oct/2017:14:23:41 +0200] "GET /Perspectiva.html? HTTP/1.1" 200 18069
ip-10-140.dataclub.eu - - [13/Oct/2017:14:23:41 +0200] "GET /smartkat-crashkurs.shtml HTTP/1.1" 200 17863
ip-10-140.dataclub.eu - - [13/Oct/2017:14:23:41 +0200] "GET /js/functions_stripped.js?v=6.6.7.2.41064 HTTP/1.1" 200 7672
ip-10-140.dataclub.eu - - [13/Oct/2017:14:23:41 +0200] "GET /segelkurs-jollesmartkat.shtml HTTP/1.1" 200 19993
ip-10-140.dataclub.eu - - [13/Oct/2017:14:23:41 +0200] "GET /segel-grundkurs.shtml HTTP/1.1" 200 21440
ip-10-140.dataclub.eu - - [13/Oct/2017:14:23:42 +0200] "GET /event-matchracing HTTP/1.1" 200 21251
ip-10-140.dataclub.eu - - [13/Oct/2017:14:23:42 +0200] "GET /js/).html(a);null==$( HTTP/1.1" 200 219
ip-10-140.dataclub.eu - - [13/Oct/2017:14:23:42 +0200] "GET /event-pedalo HTTP/1.1" 200 20248
ip-10-140.dataclub.eu - - [13/Oct/2017:14:23:42 +0200] "GET /aktuelles-wetter HTTP/1.1" 200 18388
ip-10-140.dataclub.eu - - [13/Oct/2017:14:23:42 +0200] "GET /davosersee HTTP/1.1" 200 19505
ip-10-140.dataclub.eu - - [13/Oct/2017:14:23:42 +0200] "GET /events HTTP/1.1" 200 22514
ip-10-140.dataclub.eu - - [13/Oct/2017:14:23:42 +0200] "GET /event-gruppesmartkat HTTP/1.1" 200 21256
ip-10-140.dataclub.eu - - [13/Oct/2017:14:23:42 +0200] "GET /flotte HTTP/1.1" 200 29385
crawl-66-249-64-28.googlebot.com - - [13/Oct/2017:14:30:44 +0200] "GET / HTTP/1.1" 200 6440
