46-118-157-50.broadband.kyivstar.net - - [07/Dec/2017:19:05:16 +0100] "GET / HTTP/1.1" 200 35804
46-118-157-50.broadband.kyivstar.net - - [07/Dec/2017:19:05:17 +0100] "GET / HTTP/1.1" 200 35804
46-118-157-50.broadband.kyivstar.net - - [07/Dec/2017:19:05:17 +0100] "GET / HTTP/1.1" 200 35804
malta2970.startdedicated.de - - [07/Dec/2017:19:23:05 +0100] "GET /var/m_0/0d/0dd/12455/6564713-G3_SKT2015_41.jpg HTTP/1.1" 200 83472
malta2970.startdedicated.de - - [07/Dec/2017:19:24:32 +0100] "GET /var/m_0/0d/0dd/12455/143514-G2_Optikurs2014_09.jpg HTTP/1.1" 200 152348
malta2970.startdedicated.de - - [07/Dec/2017:19:24:32 +0100] "GET /var/m_0/0d/0dd/12455/143482-G1_SKT2014_06.JPG HTTP/1.1" 200 103935
hydrogen138.a.ahrefs.com - - [07/Dec/2017:19:32:55 +0100] "GET / HTTP/1.1" 200 6440
carbon172.a.ahrefs.com - - [07/Dec/2017:19:32:55 +0100] "GET /robots.txt HTTP/1.1" 200 80
163-172-65-35.rev.poneytelecom.eu - - [07/Dec/2017:19:32:56 +0100] "GET /templates/creator/m_f/fa/fa7/164/css/main.min.css?v=1483633820 HTTP/1.1" 200 1797
163-172-65-35.rev.poneytelecom.eu - - [07/Dec/2017:19:32:56 +0100] "GET /templates/creator/m_f/fa/fa7/164/assets/wp-menu.js?v=1483633820 HTTP/1.1" 200 1089
163-172-65-35.rev.poneytelecom.eu - - [07/Dec/2017:19:32:56 +0100] "GET /templates/creator/m_f/fa/fa7/164/assets/respond.min.js?v=1483633820 HTTP/1.1" 200 2085
163-172-65-35.rev.poneytelecom.eu - - [07/Dec/2017:19:32:56 +0100] "GET /js/jquery.lazyload.min.js?v=6.6.7.2.41064 HTTP/1.1" 200 1283
163-172-65-35.rev.poneytelecom.eu - - [07/Dec/2017:19:32:56 +0100] "GET /templates/creator/m_f/fa/fa7/164/css/style.min.css?v=1483633820 HTTP/1.1" 200 847
163-172-65-35.rev.poneytelecom.eu - - [07/Dec/2017:19:32:56 +0100] "GET /templates/creator/m_f/fa/fa7/164/assets/slide.js?v=1483633820 HTTP/1.1" 200 662
163-172-65-35.rev.poneytelecom.eu - - [07/Dec/2017:19:32:56 +0100] "GET /js/footer/build_social_entries.min.js?v=6.6.7.2.41064 HTTP/1.1" 200 278
163-172-65-35.rev.poneytelecom.eu - - [07/Dec/2017:19:32:56 +0100] "GET /js/footer/get_deps.min.js?v=6.6.7.2.41064 HTTP/1.1" 200 157
163-172-65-35.rev.poneytelecom.eu - - [07/Dec/2017:19:32:56 +0100] "GET /js/functions_stripped.js?v=6.6.7.2.41064 HTTP/1.1" 200 3186
163-172-65-35.rev.poneytelecom.eu - - [07/Dec/2017:19:32:56 +0100] "GET /css/skeleton.css HTTP/1.1" 200 3511
163-172-65-35.rev.poneytelecom.eu - - [07/Dec/2017:19:32:56 +0100] "GET /css/widgets/concat_widget.min.css?v=6.6.7.2.41064 HTTP/1.1" 200 24507
188-163-73-8.broadband.kyivstar.net - - [07/Dec/2017:19:36:30 +0100] "GET / HTTP/1.1" 200 35804
188-163-73-8.broadband.kyivstar.net - - [07/Dec/2017:19:36:31 +0100] "GET / HTTP/1.1" 200 35804
188-163-73-8.broadband.kyivstar.net - - [07/Dec/2017:19:36:32 +0100] "GET / HTTP/1.1" 200 35804
malta1844.startdedicated.de - - [07/Dec/2017:19:52:22 +0100] "GET /var/m_0/0d/0dd/12455/6564678-G3_SKT2015_10.jpg HTTP/1.1" 200 138460
malta1844.startdedicated.de - - [07/Dec/2017:19:52:25 +0100] "GET /var/m_0/0d/0dd/12455/6564710-G3_SKT2015_38.jpg HTTP/1.1" 200 94469
malta1844.startdedicated.de - - [07/Dec/2017:19:52:27 +0100] "GET /var/m_0/0d/0dd/12455/6564682-G3_SKT2015_13.jpg HTTP/1.1" 200 204673
