hydrogen329.a.ahrefs.com - - [07/Dec/2017:03:18:16 +0100] "GET /var/m_0/0d/0dd/12455/143478-G1_SKT2014_02.JPG HTTP/1.1" 200 135948
46-118-157-50.broadband.kyivstar.net - - [07/Dec/2017:03:19:39 +0100] "GET / HTTP/1.1" 200 35804
46-118-157-50.broadband.kyivstar.net - - [07/Dec/2017:03:19:40 +0100] "GET / HTTP/1.1" 200 35804
ip64.ip-54-36-24.eu - - [07/Dec/2017:03:34:49 +0100] "GET / HTTP/1.1" 200 35804
ip64.ip-54-36-24.eu - - [07/Dec/2017:03:34:49 +0100] "GET /%C3%BCber-uns.shtml HTTP/1.1" 200 21862
ip64.ip-54-36-24.eu - - [07/Dec/2017:03:34:50 +0100] "GET /event-gruppesmartkat.shtml HTTP/1.1" 200 21256
ip64.ip-54-36-24.eu - - [07/Dec/2017:03:34:50 +0100] "GET /aktuelles-wetter.shtml HTTP/1.1" 200 18388
ip64.ip-54-36-24.eu - - [07/Dec/2017:03:34:50 +0100] "GET /davosersee.shtml HTTP/1.1" 200 19505
ip64.ip-54-36-24.eu - - [07/Dec/2017:03:34:51 +0100] "GET /event-matchracing.shtml HTTP/1.1" 200 21251
ip64.ip-54-36-24.eu - - [07/Dec/2017:03:34:52 +0100] "GET /galerie-sktrophy-2015.shtml HTTP/1.1" 200 49420
ip64.ip-54-36-24.eu - - [07/Dec/2017:03:34:52 +0100] "GET /galerie-gruppesmartkat.shtml HTTP/1.1" 200 20574
ip64.ip-54-36-24.eu - - [07/Dec/2017:03:34:52 +0100] "GET /galerie-matchracing.shtml HTTP/1.1" 200 21704
ip64.ip-54-36-24.eu - - [07/Dec/2017:03:34:52 +0100] "GET /events.shtml HTTP/1.1" 200 22514
ip64.ip-54-36-24.eu - - [07/Dec/2017:03:34:51 +0100] "GET /event-pedalo.shtml HTTP/1.1" 200 20248
ip64.ip-54-36-24.eu - - [07/Dec/2017:03:34:52 +0100] "GET /flotte.shtml HTTP/1.1" 200 29241
ip64.ip-54-36-24.eu - - [07/Dec/2017:03:34:52 +0100] "GET /galerie-sktrophy-2014.shtml HTTP/1.1" 200 29913
ip64.ip-54-36-24.eu - - [07/Dec/2017:03:34:53 +0100] "GET /kinder-segelkurs.shtml HTTP/1.1" 200 19898
ip64.ip-54-36-24.eu - - [07/Dec/2017:03:34:53 +0100] "GET /pruefungskurs.shtml HTTP/1.1" 200 23039
ip64.ip-54-36-24.eu - - [07/Dec/2017:03:34:53 +0100] "GET /standort.shtml HTTP/1.1" 200 17547
ip64.ip-54-36-24.eu - - [07/Dec/2017:03:34:53 +0100] "GET /galerie.shtml HTTP/1.1" 200 22747
ip64.ip-54-36-24.eu - - [07/Dec/2017:03:34:53 +0100] "GET /optikurse-2014.shtml HTTP/1.1" 200 26353
ip64.ip-54-36-24.eu - - [07/Dec/2017:03:34:53 +0100] "GET /smartkat-crashkurs.shtml HTTP/1.1" 200 17863
ip64.ip-54-36-24.eu - - [07/Dec/2017:03:34:53 +0100] "GET /kursanmeldung.shtml HTTP/1.1" 200 49926
ip64.ip-54-36-24.eu - - [07/Dec/2017:03:34:53 +0100] "GET /segel-grundkurs.shtml HTTP/1.1" 200 21440
ip64.ip-54-36-24.eu - - [07/Dec/2017:03:34:53 +0100] "GET /vermietung.shtml HTTP/1.1" 200 25728
ip64.ip-54-36-24.eu - - [07/Dec/2017:03:34:53 +0100] "GET /kurse.shtml HTTP/1.1" 200 31031
ip64.ip-54-36-24.eu - - [07/Dec/2017:03:34:53 +0100] "GET /segelkurs-jollesmartkat.shtml HTTP/1.1" 200 19993
ip64.ip-54-36-24.eu - - [07/Dec/2017:03:34:53 +0100] "GET /js/functions_stripped.js?v=6.6.7.2.41064 HTTP/1.1" 200 7672
ip64.ip-54-36-24.eu - - [07/Dec/2017:03:34:54 +0100] "GET /aktuelles-wetter HTTP/1.1" 200 18388
ip64.ip-54-36-24.eu - - [07/Dec/2017:03:34:54 +0100] "GET /event-pedalo HTTP/1.1" 200 20248
ip64.ip-54-36-24.eu - - [07/Dec/2017:03:34:54 +0100] "GET /galerie-matchracing HTTP/1.1" 200 21704
ip64.ip-54-36-24.eu - - [07/Dec/2017:03:34:54 +0100] "GET /event-matchracing HTTP/1.1" 200 21251
ip64.ip-54-36-24.eu - - [07/Dec/2017:03:34:54 +0100] "GET /galerie-gruppesmartkat HTTP/1.1" 200 20574
ip64.ip-54-36-24.eu - - [07/Dec/2017:03:34:54 +0100] "GET /davosersee HTTP/1.1" 200 19505
ip64.ip-54-36-24.eu - - [07/Dec/2017:03:34:54 +0100] "GET /events HTTP/1.1" 200 22514
ip64.ip-54-36-24.eu - - [07/Dec/2017:03:34:54 +0100] "GET /galerie-sktrophy-2015 HTTP/1.1" 200 49420
ip64.ip-54-36-24.eu - - [07/Dec/2017:03:34:54 +0100] "GET /js/jquery.lazyload.min.js?v=6.6.7.2.41064 HTTP/1.1" 200 3342
ip64.ip-54-36-24.eu - - [07/Dec/2017:03:34:54 +0100] "GET /galerie-sktrophy-2014 HTTP/1.1" 200 29913
ip64.ip-54-36-24.eu - - [07/Dec/2017:03:34:54 +0100] "GET /Perspectiva.html? HTTP/1.1" 200 18069
ip64.ip-54-36-24.eu - - [07/Dec/2017:03:34:54 +0100] "GET /event-gruppesmartkat HTTP/1.1" 200 21256
ip64.ip-54-36-24.eu - - [07/Dec/2017:03:34:54 +0100] "GET /flotte HTTP/1.1" 200 29385
ip64.ip-54-36-24.eu - - [07/Dec/2017:03:34:55 +0100] "GET /galerie HTTP/1.1" 200 22747
ip64.ip-54-36-24.eu - - [07/Dec/2017:03:34:55 +0100] "GET /pruefungskurs HTTP/1.1" 200 23039
ip64.ip-54-36-24.eu - - [07/Dec/2017:03:34:55 +0100] "GET /optikurse-2014 HTTP/1.1" 200 26353
ip64.ip-54-36-24.eu - - [07/Dec/2017:03:34:55 +0100] "GET /kinder-segelkurs HTTP/1.1" 200 19898
ip64.ip-54-36-24.eu - - [07/Dec/2017:03:34:55 +0100] "GET /kurse HTTP/1.1" 200 31031
