123.125.67.219 - - [09/Dec/2017:01:14:58 +0100] "GET /robots.txt HTTP/1.1" 200 80
baiduspider-220-181-108-142.crawl.baidu.com - - [09/Dec/2017:01:16:46 +0100] "GET /templates/resellers/7/favicon.ico?v=1487621283 HTTP/1.1" 200 4286
acontecendo-199-53-154-195.acontecendoagora.com.br - - [09/Dec/2017:01:30:22 +0100] "GET / HTTP/1.1" 200 35804
acontecendo-199-53-154-195.acontecendoagora.com.br - - [09/Dec/2017:01:30:24 +0100] "GET /%C3%BCber-uns.shtml HTTP/1.1" 200 21862
acontecendo-199-53-154-195.acontecendoagora.com.br - - [09/Dec/2017:01:30:26 +0100] "GET /aktuelles-wetter.shtml HTTP/1.1" 200 18388
acontecendo-199-53-154-195.acontecendoagora.com.br - - [09/Dec/2017:01:30:28 +0100] "GET /davosersee.shtml HTTP/1.1" 200 19505
acontecendo-199-53-154-195.acontecendoagora.com.br - - [09/Dec/2017:01:30:30 +0100] "GET /event-gruppesmartkat.shtml HTTP/1.1" 200 21256
acontecendo-199-53-154-195.acontecendoagora.com.br - - [09/Dec/2017:01:30:32 +0100] "GET /event-matchracing.shtml HTTP/1.1" 200 21251
acontecendo-199-53-154-195.acontecendoagora.com.br - - [09/Dec/2017:01:30:34 +0100] "GET /event-pedalo.shtml HTTP/1.1" 200 20248
acontecendo-199-53-154-195.acontecendoagora.com.br - - [09/Dec/2017:01:30:35 +0100] "GET /flotte.shtml HTTP/1.1" 200 29241
acontecendo-199-53-154-195.acontecendoagora.com.br - - [09/Dec/2017:01:30:35 +0100] "GET /events.shtml HTTP/1.1" 200 22514
acontecendo-199-53-154-195.acontecendoagora.com.br - - [09/Dec/2017:01:30:36 +0100] "GET /galerie-matchracing.shtml HTTP/1.1" 200 21704
acontecendo-199-53-154-195.acontecendoagora.com.br - - [09/Dec/2017:01:30:36 +0100] "GET /galerie-sktrophy-2014.shtml HTTP/1.1" 200 29913
acontecendo-199-53-154-195.acontecendoagora.com.br - - [09/Dec/2017:01:30:36 +0100] "GET /galerie-gruppesmartkat.shtml HTTP/1.1" 200 20574
acontecendo-199-53-154-195.acontecendoagora.com.br - - [09/Dec/2017:01:30:37 +0100] "GET /galerie-sktrophy-2015.shtml HTTP/1.1" 200 49420
acontecendo-199-53-154-195.acontecendoagora.com.br - - [09/Dec/2017:01:30:39 +0100] "GET /galerie.shtml HTTP/1.1" 200 22747
acontecendo-199-53-154-195.acontecendoagora.com.br - - [09/Dec/2017:01:30:40 +0100] "GET /kursanmeldung.shtml HTTP/1.1" 200 49926
acontecendo-199-53-154-195.acontecendoagora.com.br - - [09/Dec/2017:01:30:40 +0100] "GET /kinder-segelkurs.shtml HTTP/1.1" 200 19898
acontecendo-199-53-154-195.acontecendoagora.com.br - - [09/Dec/2017:01:30:42 +0100] "GET /kurse.shtml HTTP/1.1" 200 31031
acontecendo-199-53-154-195.acontecendoagora.com.br - - [09/Dec/2017:01:30:43 +0100] "GET /optikurse-2014.shtml HTTP/1.1" 200 26353
acontecendo-199-53-154-195.acontecendoagora.com.br - - [09/Dec/2017:01:30:45 +0100] "GET /pruefungskurs.shtml HTTP/1.1" 200 23039
acontecendo-199-53-154-195.acontecendoagora.com.br - - [09/Dec/2017:01:30:46 +0100] "GET /segel-grundkurs.shtml HTTP/1.1" 200 21440
acontecendo-199-53-154-195.acontecendoagora.com.br - - [09/Dec/2017:01:30:46 +0100] "GET /segelkurs-jollesmartkat.shtml HTTP/1.1" 200 19993
acontecendo-199-53-154-195.acontecendoagora.com.br - - [09/Dec/2017:01:30:47 +0100] "GET /smartkat-crashkurs.shtml HTTP/1.1" 200 17863
acontecendo-199-53-154-195.acontecendoagora.com.br - - [09/Dec/2017:01:30:48 +0100] "GET /vermietung.shtml HTTP/1.1" 200 25728
acontecendo-199-53-154-195.acontecendoagora.com.br - - [09/Dec/2017:01:30:48 +0100] "GET /standort.shtml HTTP/1.1" 200 17547
acontecendo-199-53-154-195.acontecendoagora.com.br - - [09/Dec/2017:01:30:49 +0100] "GET /js/functions_stripped.js?v=6.6.7.2.41064 HTTP/1.1" 200 7672
acontecendo-199-53-154-195.acontecendoagora.com.br - - [09/Dec/2017:01:30:49 +0100] "GET /Perspectiva.html? HTTP/1.1" 200 18069
acontecendo-199-53-154-195.acontecendoagora.com.br - - [09/Dec/2017:01:30:50 +0100] "GET /js/jquery.lazyload.min.js?v=6.6.7.2.41064 HTTP/1.1" 200 3342
acontecendo-199-53-154-195.acontecendoagora.com.br - - [09/Dec/2017:01:30:51 +0100] "GET /aktuelles-wetter HTTP/1.1" 200 18388
customer.worldstream.nl - - [09/Dec/2017:01:38:27 +0100] "GET /phpMyAdmin/ HTTP/1.1" 200 18069
ns309394.ip-188-165-200.eu - - [09/Dec/2017:01:52:47 +0100] "HEAD / HTTP/1.1" 403 -
