crawl-66-249-64-29.googlebot.com - - [05/Oct/2017:02:06:26 +0200] "GET /var/m_0/0d/0dd/12455/7441200-35_Finn4.jpg HTTP/1.1" 200 211101
hydrogen264.a.ahrefs.com - - [05/Oct/2017:02:15:12 +0200] "GET /var/m_0/0d/0dd/12455/6564668-G3_SKT2015_02.jpg HTTP/1.1" 200 142536
msnbot-157-55-39-54.search.msn.com - - [05/Oct/2017:02:18:06 +0200] "GET /var/m_0/0d/0dd/12455/7230972-19_Matchracing.jpg HTTP/1.1" 200 55347
hydrogen234.a.ahrefs.com - - [05/Oct/2017:02:33:55 +0200] "GET /var/m_0/0d/0dd/12455/6564695-G3_SKT2015_25.jpg HTTP/1.1" 200 121143
vsrvj113.less-is-more.dk - - [05/Oct/2017:02:43:04 +0200] "HEAD / HTTP/1.1" 403 -
vsrvj113.less-is-more.dk - - [05/Oct/2017:02:43:06 +0200] "GET / HTTP/1.1" 200 6440
vsrvj113.less-is-more.dk - - [05/Oct/2017:02:45:27 +0200] "HEAD / HTTP/1.1" 403 -
vsrvj113.less-is-more.dk - - [05/Oct/2017:02:45:28 +0200] "GET / HTTP/1.1" 200 6440
vsrvj113.less-is-more.dk - - [05/Oct/2017:02:46:18 +0200] "HEAD /vermietung.shtml HTTP/1.1" 200 -
vsrvj113.less-is-more.dk - - [05/Oct/2017:02:46:19 +0200] "GET /vermietung.shtml HTTP/1.1" 200 5099
vsrvj113.less-is-more.dk - - [05/Oct/2017:02:46:43 +0200] "HEAD /vermietung.shtml HTTP/1.1" 200 -
vsrvj113.less-is-more.dk - - [05/Oct/2017:02:46:44 +0200] "GET /vermietung.shtml HTTP/1.1" 200 5099
vsrvj113.less-is-more.dk - - [05/Oct/2017:02:46:43 +0200] "HEAD /galerie.shtml HTTP/1.1" 200 -
vsrvj113.less-is-more.dk - - [05/Oct/2017:02:46:45 +0200] "GET /galerie.shtml HTTP/1.1" 200 4483
vsrvj113.less-is-more.dk - - [05/Oct/2017:02:47:20 +0200] "HEAD /events.shtml HTTP/1.1" 200 -
vsrvj113.less-is-more.dk - - [05/Oct/2017:02:47:22 +0200] "GET /events.shtml HTTP/1.1" 200 5297
vsrvj113.less-is-more.dk - - [05/Oct/2017:02:48:26 +0200] "HEAD /davosersee.shtml HTTP/1.1" 200 -
vsrvj113.less-is-more.dk - - [05/Oct/2017:02:48:27 +0200] "GET /davosersee.shtml HTTP/1.1" 200 5477
vsrvj113.less-is-more.dk - - [05/Oct/2017:02:49:14 +0200] "HEAD /event-pedalo.shtml HTTP/1.1" 200 -
vsrvj113.less-is-more.dk - - [05/Oct/2017:02:49:15 +0200] "GET /event-pedalo.shtml HTTP/1.1" 200 5342
vsrvj113.less-is-more.dk - - [05/Oct/2017:02:49:26 +0200] "HEAD /flotte.shtml HTTP/1.1" 200 -
vsrvj113.less-is-more.dk - - [05/Oct/2017:02:49:28 +0200] "GET /flotte.shtml HTTP/1.1" 200 6274
vsrvj113.less-is-more.dk - - [05/Oct/2017:02:49:31 +0200] "HEAD /kurse.shtml HTTP/1.1" 200 -
vsrvj113.less-is-more.dk - - [05/Oct/2017:02:49:32 +0200] "GET /kurse.shtml HTTP/1.1" 200 6280
vsrvj113.less-is-more.dk - - [05/Oct/2017:02:49:43 +0200] "HEAD /galerie.shtml HTTP/1.1" 200 -
vsrvj113.less-is-more.dk - - [05/Oct/2017:02:49:45 +0200] "GET /galerie.shtml HTTP/1.1" 200 4483
vsrvj113.less-is-more.dk - - [05/Oct/2017:02:50:36 +0200] "GET /standort.shtml HTTP/1.1" 200 4717
vsrvj113.less-is-more.dk - - [05/Oct/2017:02:50:35 +0200] "HEAD /standort.shtml HTTP/1.1" 200 -
vsrvj113.less-is-more.dk - - [05/Oct/2017:02:54:14 +0200] "HEAD /%C3%BCber-uns.shtml HTTP/1.1" 200 -
vsrvj113.less-is-more.dk - - [05/Oct/2017:02:54:15 +0200] "GET /%C3%BCber-uns.shtml HTTP/1.1" 200 4740
