msnbot-40-77-167-130.search.msn.com - - [12/Oct/2017:20:03:34 +0200] "GET / HTTP/1.1" 200 6440
ec2-54-81-225-67.compute-1.amazonaws.com - - [12/Oct/2017:20:08:20 +0200] "GET / HTTP/1.1" 200 6440
ec2-54-81-225-67.compute-1.amazonaws.com - - [12/Oct/2017:20:08:21 +0200] "GET /templates/creator/m_f/fa/fa7/164/css/main.min.css?v=1483633820 HTTP/1.1" 200 1797
ec2-54-81-225-67.compute-1.amazonaws.com - - [12/Oct/2017:20:08:21 +0200] "GET /templates/creator/m_f/fa/fa7/164/css/style.min.css?v=1483633820 HTTP/1.1" 200 847
ec2-54-81-225-67.compute-1.amazonaws.com - - [12/Oct/2017:20:08:21 +0200] "GET /js/functions_stripped.js?v=6.6.7.2.41064 HTTP/1.1" 200 3186
ec2-54-81-225-67.compute-1.amazonaws.com - - [12/Oct/2017:20:08:21 +0200] "GET /js/jquery.lazyload.min.js?v=6.6.7.2.41064 HTTP/1.1" 200 1283
ec2-54-81-225-67.compute-1.amazonaws.com - - [12/Oct/2017:20:08:21 +0200] "GET /css/widgets/concat_widget.min.css?v=6.6.7.2.41064 HTTP/1.1" 200 24507
ec2-54-81-225-67.compute-1.amazonaws.com - - [12/Oct/2017:20:08:21 +0200] "GET /js/footer/get_deps.min.js?v=6.6.7.2.41064 HTTP/1.1" 200 157
ec2-54-81-225-67.compute-1.amazonaws.com - - [12/Oct/2017:20:08:21 +0200] "GET /templates/creator/m_f/fa/fa7/164/assets/wp-menu.js?v=1483633820 HTTP/1.1" 200 1089
ec2-54-81-225-67.compute-1.amazonaws.com - - [12/Oct/2017:20:08:21 +0200] "GET /templates/creator/m_f/fa/fa7/164/assets/slide.js?v=1483633820 HTTP/1.1" 200 662
ec2-54-81-225-67.compute-1.amazonaws.com - - [12/Oct/2017:20:08:21 +0200] "GET /css/skeleton.css HTTP/1.1" 200 3511
ec2-54-81-225-67.compute-1.amazonaws.com - - [12/Oct/2017:20:08:21 +0200] "GET /js/footer/build_social_entries.min.js?v=6.6.7.2.41064 HTTP/1.1" 200 278
ec2-54-81-225-67.compute-1.amazonaws.com - - [12/Oct/2017:20:08:21 +0200] "GET /templates/creator/m_f/fa/fa7/164/assets/respond.min.js?v=1483633820 HTTP/1.1" 200 2085
ec2-54-81-225-67.compute-1.amazonaws.com - - [12/Oct/2017:20:08:22 +0200] "GET /robots.txt HTTP/1.0" 200 120
ec2-54-81-225-67.compute-1.amazonaws.com - - [12/Oct/2017:20:08:23 +0200] "GET /%25C3%25BCber-uns.shtml HTTP/1.1" 200 4297
ec2-54-81-225-67.compute-1.amazonaws.com - - [12/Oct/2017:20:08:23 +0200] "GET /js/efu/main.min.js?v=6.6.7.2.41064 HTTP/1.1" 200 1746
ec2-54-81-225-67.compute-1.amazonaws.com - - [12/Oct/2017:20:08:23 +0200] "GET /js/efu/w.siteMap.min.js?v=6.6.7.2.41064 HTTP/1.1" 200 225
hydrogen233.a.ahrefs.com - - [12/Oct/2017:20:15:20 +0200] "GET / HTTP/1.1" 200 6440
malta1844.startdedicated.de - - [12/Oct/2017:20:17:30 +0200] "GET /smartkat-crashkurs.shtml HTTP/1.1" 200 4808
malta1844.startdedicated.de - - [12/Oct/2017:20:17:30 +0200] "GET /robots.txt HTTP/1.1" 200 80
crawl-66-249-66-95.googlebot.com - - [12/Oct/2017:20:24:02 +0200] "GET / HTTP/1.1" 200 6440
b115490.yse.yahoo.net - - [12/Oct/2017:20:26:12 +0200] "GET /robots.txt HTTP/1.1" 200 120
b115490.yse.yahoo.net - - [12/Oct/2017:20:26:13 +0200] "GET /pruefungskurs HTTP/1.1" 200 5895
malta1844.startdedicated.de - - [12/Oct/2017:20:53:22 +0200] "GET /robots.txt HTTP/1.1" 200 80
malta1844.startdedicated.de - - [12/Oct/2017:20:53:22 +0200] "GET /kurse.shtml HTTP/1.1" 200 6280
