hydrogen127.a.ahrefs.com - - [22/Nov/2017:22:02:37 +0100] "GET /var/m_0/0d/0dd/12455/143478-G1_SKT2014_02.JPG HTTP/1.1" 200 135948
hydrogen015.a.ahrefs.com - - [22/Nov/2017:22:28:55 +0100] "GET /var/m_0/0d/0dd/12455/143510-G2_Optikurs2014_05.jpg HTTP/1.1" 200 105692
crawl-94-199-151-22.wotbox.com - - [22/Nov/2017:22:36:40 +0100] "GET /robots.txt HTTP/1.1" 200 80
crawl-94-199-151-22.wotbox.com - - [22/Nov/2017:22:36:52 +0100] "GET / HTTP/1.1" 200 6440
crawl-94-199-151-22.wotbox.com - - [22/Nov/2017:22:36:59 +0100] "GET /davosersee.shtml HTTP/1.1" 200 5477
crawl-94-199-151-22.wotbox.com - - [22/Nov/2017:22:37:05 +0100] "GET /kurse.shtml HTTP/1.1" 200 6280
crawl-94-199-151-22.wotbox.com - - [22/Nov/2017:22:37:12 +0100] "GET /kinder-segelkurs.shtml HTTP/1.1" 200 5171
crawl-94-199-151-22.wotbox.com - - [22/Nov/2017:22:37:18 +0100] "GET /segelkurs-jollesmartkat.shtml HTTP/1.1" 200 5139
crawl-94-199-151-22.wotbox.com - - [22/Nov/2017:22:37:25 +0100] "GET /smartkat-crashkurs.shtml HTTP/1.1" 200 4808
crawl-94-199-151-22.wotbox.com - - [22/Nov/2017:22:37:31 +0100] "GET /segel-grundkurs.shtml HTTP/1.1" 200 5378
crawl-94-199-151-22.wotbox.com - - [22/Nov/2017:22:37:38 +0100] "GET /pruefungskurs.shtml HTTP/1.1" 200 5895
crawl-94-199-151-22.wotbox.com - - [22/Nov/2017:22:37:44 +0100] "GET /events.shtml HTTP/1.1" 200 5297
crawl-94-199-151-22.wotbox.com - - [22/Nov/2017:22:37:50 +0100] "GET /event-gruppesmartkat.shtml HTTP/1.1" 200 5645
crawl-94-199-151-22.wotbox.com - - [22/Nov/2017:22:37:56 +0100] "GET /event-matchracing.shtml HTTP/1.1" 200 5634
crawl-94-199-151-22.wotbox.com - - [22/Nov/2017:22:38:03 +0100] "GET /event-pedalo.shtml HTTP/1.1" 200 5342
crawl-94-199-151-22.wotbox.com - - [22/Nov/2017:22:38:09 +0100] "GET /flotte.shtml HTTP/1.1" 200 6274
crawl-94-199-151-22.wotbox.com - - [22/Nov/2017:22:38:16 +0100] "GET /vermietung.shtml HTTP/1.1" 200 5099
crawl-94-199-151-22.wotbox.com - - [22/Nov/2017:22:38:23 +0100] "GET /galerie.shtml HTTP/1.1" 200 4483
crawl-94-199-151-22.wotbox.com - - [22/Nov/2017:22:38:29 +0100] "GET /galerie-sktrophy-2015.shtml HTTP/1.1" 200 5939
crawl-94-199-151-22.wotbox.com - - [22/Nov/2017:22:38:35 +0100] "GET /galerie-matchracing.shtml HTTP/1.1" 200 4859
crawl-94-199-151-22.wotbox.com - - [22/Nov/2017:22:38:42 +0100] "GET /galerie-gruppesmartkat.shtml HTTP/1.1" 200 4863
crawl-94-199-151-22.wotbox.com - - [22/Nov/2017:22:38:48 +0100] "GET /galerie-sktrophy-2014.shtml HTTP/1.1" 200 5044
crawl-94-199-151-22.wotbox.com - - [22/Nov/2017:22:38:54 +0100] "GET /optikurse-2014.shtml HTTP/1.1" 200 4938
crawl-94-199-151-22.wotbox.com - - [22/Nov/2017:22:39:00 +0100] "GET /%C3%BCber-uns.shtml HTTP/1.1" 200 4740
crawl-94-199-151-22.wotbox.com - - [22/Nov/2017:22:39:07 +0100] "GET /standort.shtml HTTP/1.1" 200 4717
crawl-94-199-151-22.wotbox.com - - [22/Nov/2017:22:39:13 +0100] "GET /kursanmeldung.shtml HTTP/1.1" 200 10952
crawl-94-199-151-22.wotbox.com - - [22/Nov/2017:22:39:20 +0100] "GET /aktuelles-wetter.shtml HTTP/1.1" 200 4575
msnbot-207-46-13-10.search.msn.com - - [22/Nov/2017:22:48:43 +0100] "GET /optikurse-2014.shtml HTTP/1.1" 200 4938
msnbot-207-46-13-10.search.msn.com - - [22/Nov/2017:22:57:44 +0100] "GET /galerie-matchracing.shtml HTTP/1.1" 200 4859
