195-154-46-65.rev.poneytelecom.eu - - [01/Dec/2017:04:19:23 +0100] "GET / HTTP/1.1" 200 35804
195-154-46-65.rev.poneytelecom.eu - - [01/Dec/2017:04:19:23 +0100] "GET /events.shtml HTTP/1.1" 200 22514
195-154-46-65.rev.poneytelecom.eu - - [01/Dec/2017:04:19:24 +0100] "GET /vermietung.shtml HTTP/1.1" 200 25728
195-154-46-65.rev.poneytelecom.eu - - [01/Dec/2017:04:19:24 +0100] "GET /kurse.shtml HTTP/1.1" 200 31031
195-154-46-65.rev.poneytelecom.eu - - [01/Dec/2017:04:19:24 +0100] "GET /galerie.shtml HTTP/1.1" 200 22747
195-154-46-65.rev.poneytelecom.eu - - [01/Dec/2017:04:19:25 +0100] "GET /event-matchracing.shtml HTTP/1.1" 200 21251
195-154-46-65.rev.poneytelecom.eu - - [01/Dec/2017:04:19:25 +0100] "GET /event-pedalo.shtml HTTP/1.1" 200 20248
195-154-46-65.rev.poneytelecom.eu - - [01/Dec/2017:04:19:25 +0100] "GET /event-gruppesmartkat.shtml HTTP/1.1" 200 21256
195-154-46-65.rev.poneytelecom.eu - - [01/Dec/2017:04:19:25 +0100] "GET /galerie-gruppesmartkat.shtml HTTP/1.1" 200 20574
195-154-46-65.rev.poneytelecom.eu - - [01/Dec/2017:04:19:26 +0100] "GET /segel-grundkurs.shtml HTTP/1.1" 200 21440
195-154-46-65.rev.poneytelecom.eu - - [01/Dec/2017:04:19:26 +0100] "GET /galerie-sktrophy-2015.shtml HTTP/1.1" 200 49420
195-154-46-65.rev.poneytelecom.eu - - [01/Dec/2017:04:19:26 +0100] "GET /pruefungskurs.shtml HTTP/1.1" 200 23039
195-154-46-65.rev.poneytelecom.eu - - [01/Dec/2017:04:19:26 +0100] "GET /smartkat-crashkurs.shtml HTTP/1.1" 200 17863
195-154-46-65.rev.poneytelecom.eu - - [01/Dec/2017:04:19:25 +0100] "GET /galerie-matchracing.shtml HTTP/1.1" 200 21704
195-154-46-65.rev.poneytelecom.eu - - [01/Dec/2017:04:19:26 +0100] "GET /optikurse-2014.shtml HTTP/1.1" 200 26353
195-154-46-65.rev.poneytelecom.eu - - [01/Dec/2017:04:19:26 +0100] "GET /segelkurs-jollesmartkat.shtml HTTP/1.1" 200 19993
195-154-46-65.rev.poneytelecom.eu - - [01/Dec/2017:04:19:26 +0100] "GET /galerie-sktrophy-2014.shtml HTTP/1.1" 200 29913
195-154-46-65.rev.poneytelecom.eu - - [01/Dec/2017:04:19:26 +0100] "GET /kinder-segelkurs.shtml HTTP/1.1" 200 19898
195-154-46-65.rev.poneytelecom.eu - - [01/Dec/2017:04:19:27 +0100] "GET /event-pedalo HTTP/1.1" 200 20248
195-154-46-65.rev.poneytelecom.eu - - [01/Dec/2017:04:19:27 +0100] "GET /flotte.shtml HTTP/1.1" 200 29241
195-154-46-65.rev.poneytelecom.eu - - [01/Dec/2017:04:19:27 +0100] "GET /Perspectiva.html? HTTP/1.1" 200 18069
195-154-46-65.rev.poneytelecom.eu - - [01/Dec/2017:04:19:27 +0100] "GET /event-gruppesmartkat HTTP/1.1" 200 21256
195-154-46-65.rev.poneytelecom.eu - - [01/Dec/2017:04:19:27 +0100] "GET /js/jquery.lazyload.min.js?v=6.6.7.2.41064 HTTP/1.1" 200 3342
195-154-46-65.rev.poneytelecom.eu - - [01/Dec/2017:04:19:27 +0100] "GET /davosersee HTTP/1.1" 200 19505
195-154-46-65.rev.poneytelecom.eu - - [01/Dec/2017:04:19:27 +0100] "GET /aktuelles-wetter HTTP/1.1" 200 18388
195-154-46-65.rev.poneytelecom.eu - - [01/Dec/2017:04:19:27 +0100] "GET /js/functions_stripped.js?v=6.6.7.2.41064 HTTP/1.1" 200 7672
195-154-46-65.rev.poneytelecom.eu - - [01/Dec/2017:04:19:27 +0100] "GET /js/).html(a);null==$( HTTP/1.1" 200 219
195-154-46-65.rev.poneytelecom.eu - - [01/Dec/2017:04:19:27 +0100] "GET /event-matchracing HTTP/1.1" 200 21251
195-154-46-65.rev.poneytelecom.eu - - [01/Dec/2017:04:19:28 +0100] "GET /flotte HTTP/1.1" 200 29385
195-154-46-65.rev.poneytelecom.eu - - [01/Dec/2017:04:19:28 +0100] "GET /events HTTP/1.1" 200 22514
46-118-119-80.broadband.kyivstar.net - - [01/Dec/2017:04:19:53 +0100] "GET / HTTP/1.1" 200 35804
msnbot-157-55-39-65.search.msn.com - - [01/Dec/2017:04:27:23 +0100] "GET /events HTTP/1.1" 200 5296
msnbot-157-55-39-33.search.msn.com - - [01/Dec/2017:04:40:18 +0100] "GET /robots.txt HTTP/1.1" 200 80
msnbot-157-55-39-33.search.msn.com - - [01/Dec/2017:04:40:19 +0100] "GET /robots.txt HTTP/1.1" 200 80
msnbot-207-46-13-126.search.msn.com - - [01/Dec/2017:04:40:31 +0100] "GET / HTTP/1.1" 200 6440
msnbot-40-77-167-29.search.msn.com - - [01/Dec/2017:04:52:25 +0100] "GET / HTTP/1.1" 200 6440
