msnbot-65-55-210-131.search.msn.com - - [01/Nov/2017:12:23:16 +0100] "GET /css/widgets/concat_widget.min.css?v=6.6.7.2.41276 HTTP/1.1" 200 138686
msnbot-65-55-210-103.search.msn.com - - [01/Nov/2017:12:23:18 +0100] "GET /templates/creator/m_f/fa/fa7/164/css/main.min.css?v=1483633820 HTTP/1.1" 200 7582
msnbot-65-55-210-117.search.msn.com - - [01/Nov/2017:12:23:19 +0100] "GET /js/footer/get_deps.min.js?v=6.6.7.2.41276 HTTP/1.1" 200 149
msnbot-199-30-25-44.search.msn.com - - [01/Nov/2017:12:23:20 +0100] "GET /js/footer/build_social_entries.min.js?v=6.6.7.2.41276 HTTP/1.1" 200 766
msnbot-65-55-210-76.search.msn.com - - [01/Nov/2017:12:23:22 +0100] "GET /js/functions_stripped.js?v=6.6.7.2.41276 HTTP/1.1" 200 7672
hydrogen206.a.ahrefs.com - - [01/Nov/2017:12:24:49 +0100] "GET /aktuelles-wetter HTTP/1.1" 200 4575
aip-137.trustwave.com - - [01/Nov/2017:12:31:39 +0100] "GET /js/footer/build_social_entries.min.js?v=6.6.7.2.41064 HTTP/1.1" 200 278
aip-137.trustwave.com - - [01/Nov/2017:12:31:39 +0100] "GET /templates/creator/m_f/fa/fa7/164/assets/wp-menu.js?v=1483633820 HTTP/1.1" 200 1089
aip-140.trustwave.com - - [01/Nov/2017:12:31:39 +0100] "GET /js/footer/build_social_entries.min.js?v=6.6.7.2.41064 HTTP/1.1" 200 278
aip-140.trustwave.com - - [01/Nov/2017:12:31:39 +0100] "GET /templates/creator/m_f/fa/fa7/164/assets/wp-menu.js?v=1483633820 HTTP/1.1" 200 1089
aip-140.trustwave.com - - [01/Nov/2017:12:31:39 +0100] "GET /templates/creator/m_f/fa/fa7/164/assets/respond.min.js?v=1483633820 HTTP/1.1" 200 2085
aip-137.trustwave.com - - [01/Nov/2017:12:31:39 +0100] "GET /templates/creator/m_f/fa/fa7/164/css/style.min.css?v=1483633820 HTTP/1.1" 200 847
aip-137.trustwave.com - - [01/Nov/2017:12:31:39 +0100] "GET /templates/creator/m_f/fa/fa7/164/assets/respond.min.js?v=1483633820 HTTP/1.1" 200 2085
aip-137.trustwave.com - - [01/Nov/2017:12:31:39 +0100] "GET / HTTP/1.1" 200 35804
aip-137.trustwave.com - - [01/Nov/2017:12:31:39 +0100] "GET /css/skeleton.css HTTP/1.1" 200 3511
aip-137.trustwave.com - - [01/Nov/2017:12:31:39 +0100] "GET /js/functions_stripped.js?v=6.6.7.2.41064 HTTP/1.1" 200 3186
aip-137.trustwave.com - - [01/Nov/2017:12:31:39 +0100] "GET /templates/creator/m_f/fa/fa7/164/css/main.min.css?v=1483633820 HTTP/1.1" 200 1797
aip-140.trustwave.com - - [01/Nov/2017:12:31:39 +0100] "GET /templates/creator/m_f/fa/fa7/164/css/main.min.css?v=1483633820 HTTP/1.1" 200 1797
aip-140.trustwave.com - - [01/Nov/2017:12:31:39 +0100] "GET /templates/creator/m_f/fa/fa7/164/assets/slide.js?v=1483633820 HTTP/1.1" 200 662
aip-137.trustwave.com - - [01/Nov/2017:12:31:39 +0100] "GET /css/widgets/concat_widget.min.css?v=6.6.7.2.41064 HTTP/1.1" 200 24507
aip-140.trustwave.com - - [01/Nov/2017:12:31:39 +0100] "GET /css/skeleton.css HTTP/1.1" 200 3511
aip-140.trustwave.com - - [01/Nov/2017:12:31:39 +0100] "GET /css/widgets/concat_widget.min.css?v=6.6.7.2.41064 HTTP/1.1" 200 24507
aip-140.trustwave.com - - [01/Nov/2017:12:31:39 +0100] "GET /js/footer/get_deps.min.js?v=6.6.7.2.41064 HTTP/1.1" 200 157
aip-137.trustwave.com - - [01/Nov/2017:12:31:39 +0100] "GET /js/footer/get_deps.min.js?v=6.6.7.2.41064 HTTP/1.1" 200 157
aip-137.trustwave.com - - [01/Nov/2017:12:31:39 +0100] "GET /js/jquery.lazyload.min.js?v=6.6.7.2.41064 HTTP/1.1" 200 1283
aip-137.trustwave.com - - [01/Nov/2017:12:31:39 +0100] "GET /templates/creator/m_f/fa/fa7/164/assets/slide.js?v=1483633820 HTTP/1.1" 200 662
aip-140.trustwave.com - - [01/Nov/2017:12:31:39 +0100] "GET /templates/creator/m_f/fa/fa7/164/css/style.min.css?v=1483633820 HTTP/1.1" 200 847
ec2-50-112-194-65.us-west-2.compute.amazonaws.com - - [01/Nov/2017:12:34:34 +0100] "GET / HTTP/1.1" 200 35804
1.1.194.35.bc.googleusercontent.com - - [01/Nov/2017:12:35:30 +0100] "GET /robots.txt HTTP/1.1" 200 80
45.55.224.77 - - [01/Nov/2017:12:36:14 +0100] "GET / HTTP/1.1" 200 6440
123.153.193.35.bc.googleusercontent.com - - [01/Nov/2017:12:42:02 +0100] "GET /robots.txt HTTP/1.1" 200 80
123.153.193.35.bc.googleusercontent.com - - [01/Nov/2017:12:50:34 +0100] "GET /robots.txt HTTP/1.1" 200 80
123.153.193.35.bc.googleusercontent.com - - [01/Nov/2017:12:52:05 +0100] "GET / HTTP/1.1" 200 6440
