c13.kazooisyee.tk - - [17/Oct/2017:05:59:59 +0200] "GET /kurse.shtml HTTP/1.1" 200 6280
c13.kazooisyee.tk - - [17/Oct/2017:06:00:00 +0200] "GET /css/widgets/concat_widget.min.css?v=6.6.7.2.41064 HTTP/1.1" 200 24507
c13.kazooisyee.tk - - [17/Oct/2017:06:00:00 +0200] "GET /js/footer/get_deps.min.js?v=6.6.7.2.41064 HTTP/1.1" 200 157
c13.kazooisyee.tk - - [17/Oct/2017:06:00:00 +0200] "GET /js/footer/build_social_entries.min.js?v=6.6.7.2.41064 HTTP/1.1" 200 278
c13.kazooisyee.tk - - [17/Oct/2017:06:00:00 +0200] "GET /templates/creator/m_f/fa/fa7/164/assets/respond.min.js?v=1483633820 HTTP/1.1" 200 2085
c13.kazooisyee.tk - - [17/Oct/2017:06:00:00 +0200] "GET /templates/creator/m_f/fa/fa7/164/css/style.min.css?v=1483633820 HTTP/1.1" 200 847
c13.kazooisyee.tk - - [17/Oct/2017:06:00:00 +0200] "GET /templates/creator/m_f/fa/fa7/164/css/main.min.css?v=1483633820 HTTP/1.1" 200 1797
c13.kazooisyee.tk - - [17/Oct/2017:06:00:00 +0200] "GET /templates/creator/m_f/fa/fa7/164/assets/slide.js?v=1483633820 HTTP/1.1" 200 662
c13.kazooisyee.tk - - [17/Oct/2017:06:00:00 +0200] "GET /js/functions_stripped.js?v=6.6.7.2.41064 HTTP/1.1" 200 3186
c13.kazooisyee.tk - - [17/Oct/2017:06:00:00 +0200] "GET /js/jquery.lazyload.min.js?v=6.6.7.2.41064 HTTP/1.1" 200 1283
c13.kazooisyee.tk - - [17/Oct/2017:06:00:00 +0200] "GET /templates/creator/m_f/fa/fa7/164/assets/wp-menu.js?v=1483633820 HTTP/1.1" 200 1089
c13.kazooisyee.tk - - [17/Oct/2017:06:00:00 +0200] "GET /kinder-segelkurs.shtml HTTP/1.1" 200 5171
c13.kazooisyee.tk - - [17/Oct/2017:06:00:02 +0200] "GET /css/widgets/concat_widget.min.css?v=6.6.7.2.41064 HTTP/1.1" 200 24507
c13.kazooisyee.tk - - [17/Oct/2017:06:00:02 +0200] "GET /js/footer/get_deps.min.js?v=6.6.7.2.41064 HTTP/1.1" 200 157
c13.kazooisyee.tk - - [17/Oct/2017:06:00:02 +0200] "GET /templates/creator/m_f/fa/fa7/164/css/style.min.css?v=1483633820 HTTP/1.1" 200 847
c13.kazooisyee.tk - - [17/Oct/2017:06:00:02 +0200] "GET /templates/creator/m_f/fa/fa7/164/assets/respond.min.js?v=1483633820 HTTP/1.1" 200 2085
c13.kazooisyee.tk - - [17/Oct/2017:06:00:02 +0200] "GET /js/footer/build_social_entries.min.js?v=6.6.7.2.41064 HTTP/1.1" 200 278
c13.kazooisyee.tk - - [17/Oct/2017:06:00:02 +0200] "GET /templates/creator/m_f/fa/fa7/164/assets/wp-menu.js?v=1483633820 HTTP/1.1" 200 1089
c13.kazooisyee.tk - - [17/Oct/2017:06:00:02 +0200] "GET /js/functions_stripped.js?v=6.6.7.2.41064 HTTP/1.1" 200 3186
c13.kazooisyee.tk - - [17/Oct/2017:06:00:02 +0200] "GET /templates/creator/m_f/fa/fa7/164/assets/slide.js?v=1483633820 HTTP/1.1" 200 662
c13.kazooisyee.tk - - [17/Oct/2017:06:00:02 +0200] "GET /templates/creator/m_f/fa/fa7/164/css/main.min.css?v=1483633820 HTTP/1.1" 200 1797
c13.kazooisyee.tk - - [17/Oct/2017:06:00:10 +0200] "GET /segelkurs-jollesmartkat.shtml HTTP/1.1" 200 5139
c13.kazooisyee.tk - - [17/Oct/2017:06:00:11 +0200] "GET /templates/creator/m_f/fa/fa7/164/assets/wp-menu.js?v=1483633820 HTTP/1.1" 200 1089
c13.kazooisyee.tk - - [17/Oct/2017:06:00:11 +0200] "GET /js/functions_stripped.js?v=6.6.7.2.41064 HTTP/1.1" 200 3186
c13.kazooisyee.tk - - [17/Oct/2017:06:00:11 +0200] "GET /css/widgets/concat_widget.min.css?v=6.6.7.2.41064 HTTP/1.1" 200 24507
c13.kazooisyee.tk - - [17/Oct/2017:06:00:11 +0200] "GET /js/footer/get_deps.min.js?v=6.6.7.2.41064 HTTP/1.1" 200 157
c13.kazooisyee.tk - - [17/Oct/2017:06:00:11 +0200] "GET /templates/creator/m_f/fa/fa7/164/css/main.min.css?v=1483633820 HTTP/1.1" 200 1797
c13.kazooisyee.tk - - [17/Oct/2017:06:00:11 +0200] "GET /templates/creator/m_f/fa/fa7/164/assets/slide.js?v=1483633820 HTTP/1.1" 200 662
c13.kazooisyee.tk - - [17/Oct/2017:06:00:11 +0200] "GET /js/footer/build_social_entries.min.js?v=6.6.7.2.41064 HTTP/1.1" 200 278
c13.kazooisyee.tk - - [17/Oct/2017:06:00:11 +0200] "GET /templates/creator/m_f/fa/fa7/164/assets/respond.min.js?v=1483633820 HTTP/1.1" 200 2085
c13.kazooisyee.tk - - [17/Oct/2017:06:00:11 +0200] "GET /templates/creator/m_f/fa/fa7/164/css/style.min.css?v=1483633820 HTTP/1.1" 200 847
c13.kazooisyee.tk - - [17/Oct/2017:06:00:11 +0200] "GET /smartkat-crashkurs.shtml HTTP/1.1" 200 4808
c13.kazooisyee.tk - - [17/Oct/2017:06:00:12 +0200] "GET /templates/creator/m_f/fa/fa7/164/css/style.min.css?v=1483633820 HTTP/1.1" 200 847
c13.kazooisyee.tk - - [17/Oct/2017:06:00:12 +0200] "GET /css/widgets/concat_widget.min.css?v=6.6.7.2.41064 HTTP/1.1" 200 24507
c13.kazooisyee.tk - - [17/Oct/2017:06:00:12 +0200] "GET /templates/creator/m_f/fa/fa7/164/css/main.min.css?v=1483633820 HTTP/1.1" 200 1797
c13.kazooisyee.tk - - [17/Oct/2017:06:00:12 +0200] "GET /templates/creator/m_f/fa/fa7/164/assets/wp-menu.js?v=1483633820 HTTP/1.1" 200 1089
c13.kazooisyee.tk - - [17/Oct/2017:06:00:12 +0200] "GET /js/functions_stripped.js?v=6.6.7.2.41064 HTTP/1.1" 200 3186
c13.kazooisyee.tk - - [17/Oct/2017:06:00:12 +0200] "GET /js/footer/build_social_entries.min.js?v=6.6.7.2.41064 HTTP/1.1" 200 278
c13.kazooisyee.tk - - [17/Oct/2017:06:00:12 +0200] "GET /templates/creator/m_f/fa/fa7/164/assets/respond.min.js?v=1483633820 HTTP/1.1" 200 2085
c13.kazooisyee.tk - - [17/Oct/2017:06:00:12 +0200] "GET /templates/creator/m_f/fa/fa7/164/assets/slide.js?v=1483633820 HTTP/1.1" 200 662
c13.kazooisyee.tk - - [17/Oct/2017:06:00:12 +0200] "GET /js/footer/get_deps.min.js?v=6.6.7.2.41064 HTTP/1.1" 200 157
c13.kazooisyee.tk - - [17/Oct/2017:06:00:20 +0200] "GET /segel-grundkurs.shtml HTTP/1.1" 200 5378
c13.kazooisyee.tk - - [17/Oct/2017:06:00:21 +0200] "GET /templates/creator/m_f/fa/fa7/164/css/main.min.css?v=1483633820 HTTP/1.1" 200 1797
c13.kazooisyee.tk - - [17/Oct/2017:06:00:21 +0200] "GET /js/functions_stripped.js?v=6.6.7.2.41064 HTTP/1.1" 200 3186
c13.kazooisyee.tk - - [17/Oct/2017:06:00:21 +0200] "GET /templates/creator/m_f/fa/fa7/164/css/style.min.css?v=1483633820 HTTP/1.1" 200 847
c13.kazooisyee.tk - - [17/Oct/2017:06:00:21 +0200] "GET /pruefungskurs.shtml HTTP/1.1" 200 5895
c13.kazooisyee.tk - - [17/Oct/2017:06:00:21 +0200] "GET /css/widgets/concat_widget.min.css?v=6.6.7.2.41064 HTTP/1.1" 200 24507
c13.kazooisyee.tk - - [17/Oct/2017:06:00:21 +0200] "GET /js/footer/build_social_entries.min.js?v=6.6.7.2.41064 HTTP/1.1" 200 278
c13.kazooisyee.tk - - [17/Oct/2017:06:00:21 +0200] "GET /templates/creator/m_f/fa/fa7/164/assets/wp-menu.js?v=1483633820 HTTP/1.1" 200 1089
c13.kazooisyee.tk - - [17/Oct/2017:06:00:21 +0200] "GET /templates/creator/m_f/fa/fa7/164/assets/slide.js?v=1483633820 HTTP/1.1" 200 662
c13.kazooisyee.tk - - [17/Oct/2017:06:00:21 +0200] "GET /js/footer/get_deps.min.js?v=6.6.7.2.41064 HTTP/1.1" 200 157
c13.kazooisyee.tk - - [17/Oct/2017:06:00:21 +0200] "GET /templates/creator/m_f/fa/fa7/164/assets/respond.min.js?v=1483633820 HTTP/1.1" 200 2085
c13.kazooisyee.tk - - [17/Oct/2017:06:00:22 +0200] "GET /templates/creator/m_f/fa/fa7/164/assets/wp-menu.js?v=1483633820 HTTP/1.1" 200 1089
c13.kazooisyee.tk - - [17/Oct/2017:06:00:22 +0200] "GET /css/widgets/concat_widget.min.css?v=6.6.7.2.41064 HTTP/1.1" 200 24507
c13.kazooisyee.tk - - [17/Oct/2017:06:00:22 +0200] "GET /js/footer/build_social_entries.min.js?v=6.6.7.2.41064 HTTP/1.1" 200 278
c13.kazooisyee.tk - - [17/Oct/2017:06:00:22 +0200] "GET /js/footer/get_deps.min.js?v=6.6.7.2.41064 HTTP/1.1" 200 157
c13.kazooisyee.tk - - [17/Oct/2017:06:00:22 +0200] "GET /templates/creator/m_f/fa/fa7/164/css/style.min.css?v=1483633820 HTTP/1.1" 200 847
c13.kazooisyee.tk - - [17/Oct/2017:06:00:22 +0200] "GET /templates/creator/m_f/fa/fa7/164/css/main.min.css?v=1483633820 HTTP/1.1" 200 1797
c13.kazooisyee.tk - - [17/Oct/2017:06:00:22 +0200] "GET /js/functions_stripped.js?v=6.6.7.2.41064 HTTP/1.1" 200 3186
c13.kazooisyee.tk - - [17/Oct/2017:06:00:22 +0200] "GET /templates/creator/m_f/fa/fa7/164/assets/respond.min.js?v=1483633820 HTTP/1.1" 200 2085
c13.kazooisyee.tk - - [17/Oct/2017:06:00:22 +0200] "GET /templates/creator/m_f/fa/fa7/164/assets/slide.js?v=1483633820 HTTP/1.1" 200 662
c13.kazooisyee.tk - - [17/Oct/2017:06:00:30 +0200] "GET /js/footer/build_social_entries.min.js?v=6.6.7.2.41064 HTTP/1.1" 200 278
c13.kazooisyee.tk - - [17/Oct/2017:06:00:30 +0200] "GET /js/functions_stripped.js?v=6.6.7.2.41064 HTTP/1.1" 200 3186
c13.kazooisyee.tk - - [17/Oct/2017:06:00:30 +0200] "GET /templates/creator/m_f/fa/fa7/164/assets/slide.js?v=1483633820 HTTP/1.1" 200 662
c13.kazooisyee.tk - - [17/Oct/2017:06:00:30 +0200] "GET /templates/creator/m_f/fa/fa7/164/assets/wp-menu.js?v=1483633820 HTTP/1.1" 200 1089
c13.kazooisyee.tk - - [17/Oct/2017:06:00:30 +0200] "GET /events.shtml HTTP/1.1" 200 5297
c13.kazooisyee.tk - - [17/Oct/2017:06:00:30 +0200] "GET /css/widgets/concat_widget.min.css?v=6.6.7.2.41064 HTTP/1.1" 200 24507
c13.kazooisyee.tk - - [17/Oct/2017:06:00:30 +0200] "GET /templates/creator/m_f/fa/fa7/164/css/style.min.css?v=1483633820 HTTP/1.1" 200 847
c13.kazooisyee.tk - - [17/Oct/2017:06:00:30 +0200] "GET /templates/creator/m_f/fa/fa7/164/assets/respond.min.js?v=1483633820 HTTP/1.1" 200 2085
c13.kazooisyee.tk - - [17/Oct/2017:06:00:30 +0200] "GET /templates/creator/m_f/fa/fa7/164/css/main.min.css?v=1483633820 HTTP/1.1" 200 1797
c13.kazooisyee.tk - - [17/Oct/2017:06:00:30 +0200] "GET /js/jquery.lazyload.min.js?v=6.6.7.2.41064 HTTP/1.1" 200 1283
c13.kazooisyee.tk - - [17/Oct/2017:06:00:30 +0200] "GET /js/footer/get_deps.min.js?v=6.6.7.2.41064 HTTP/1.1" 200 157
c13.kazooisyee.tk - - [17/Oct/2017:06:00:31 +0200] "GET /js/efu/main.min.js?v=6.6.7.2.41064 HTTP/1.1" 200 1746
c13.kazooisyee.tk - - [17/Oct/2017:06:00:31 +0200] "GET /templates/creator/m_f/fa/fa7/164/css/main.min.css?v=1483633820 HTTP/1.1" 200 1797
c13.kazooisyee.tk - - [17/Oct/2017:06:00:31 +0200] "GET /event-gruppesmartkat.shtml HTTP/1.1" 200 5645
c13.kazooisyee.tk - - [17/Oct/2017:06:00:31 +0200] "GET /js/fancybox2/jquery.fancybox.min.css?v=6.6.7.2.41064 HTTP/1.1" 200 1020
c13.kazooisyee.tk - - [17/Oct/2017:06:00:31 +0200] "GET /css/widgets/concat_widget.min.css?v=6.6.7.2.41064 HTTP/1.1" 200 24507
c13.kazooisyee.tk - - [17/Oct/2017:06:00:31 +0200] "GET /js/fancybox2/jquery.fancybox.min.js?v=6.6.7.2.41064 HTTP/1.1" 200 6267
c13.kazooisyee.tk - - [17/Oct/2017:06:00:31 +0200] "GET /templates/creator/m_f/fa/fa7/164/css/style.min.css?v=1483633820 HTTP/1.1" 200 847
c13.kazooisyee.tk - - [17/Oct/2017:06:00:31 +0200] "GET /templates/creator/m_f/fa/fa7/164/assets/respond.min.js?v=1483633820 HTTP/1.1" 200 2085
c13.kazooisyee.tk - - [17/Oct/2017:06:00:31 +0200] "GET /templates/creator/m_f/fa/fa7/164/assets/slide.js?v=1483633820 HTTP/1.1" 200 662
c13.kazooisyee.tk - - [17/Oct/2017:06:00:31 +0200] "GET /js/jquery.lazyload.min.js?v=6.6.7.2.41064 HTTP/1.1" 200 1283
c13.kazooisyee.tk - - [17/Oct/2017:06:00:31 +0200] "GET /js/efu/w.gallery.min.js?v=6.6.7.2.41064 HTTP/1.1" 200 181
c13.kazooisyee.tk - - [17/Oct/2017:06:00:31 +0200] "GET /js/footer/get_deps.min.js?v=6.6.7.2.41064 HTTP/1.1" 200 157
c13.kazooisyee.tk - - [17/Oct/2017:06:00:31 +0200] "GET /js/footer/build_social_entries.min.js?v=6.6.7.2.41064 HTTP/1.1" 200 278
c13.kazooisyee.tk - - [17/Oct/2017:06:00:31 +0200] "GET /templates/creator/m_f/fa/fa7/164/assets/wp-menu.js?v=1483633820 HTTP/1.1" 200 1089
c13.kazooisyee.tk - - [17/Oct/2017:06:00:31 +0200] "GET /js/functions_stripped.js?v=6.6.7.2.41064 HTTP/1.1" 200 3186
c13.kazooisyee.tk - - [17/Oct/2017:06:00:31 +0200] "GET /js/galleryLightbox/gallery-paging.min.js?v=6.6.7.2.41064 HTTP/1.1" 200 1107
c13.kazooisyee.tk - - [17/Oct/2017:06:00:39 +0200] "GET /event-matchracing.shtml HTTP/1.1" 200 5634
c13.kazooisyee.tk - - [17/Oct/2017:06:00:39 +0200] "GET /js/fancybox2/jquery.fancybox.min.css?v=6.6.7.2.41064 HTTP/1.1" 200 1020
c13.kazooisyee.tk - - [17/Oct/2017:06:00:40 +0200] "GET /event-pedalo.shtml HTTP/1.1" 200 5342
c13.kazooisyee.tk - - [17/Oct/2017:06:00:40 +0200] "GET /js/fancybox2/jquery.fancybox.min.css?v=6.6.7.2.41064 HTTP/1.1" 200 1020
c13.kazooisyee.tk - - [17/Oct/2017:06:00:40 +0200] "GET /templates/creator/m_f/fa/fa7/164/css/style.min.css?v=1483633820 HTTP/1.1" 200 847
c13.kazooisyee.tk - - [17/Oct/2017:06:00:40 +0200] "GET /js/fancybox2/jquery.fancybox.min.js?v=6.6.7.2.41064 HTTP/1.1" 200 6267
c13.kazooisyee.tk - - [17/Oct/2017:06:00:40 +0200] "GET /css/widgets/concat_widget.min.css?v=6.6.7.2.41064 HTTP/1.1" 200 24507
c13.kazooisyee.tk - - [17/Oct/2017:06:00:40 +0200] "GET /css/widgets/concat_widget.min.css?v=6.6.7.2.41064 HTTP/1.1" 200 24507
c13.kazooisyee.tk - - [17/Oct/2017:06:00:40 +0200] "GET /js/efu/w.gallery.min.js?v=6.6.7.2.41064 HTTP/1.1" 200 181
c13.kazooisyee.tk - - [17/Oct/2017:06:00:40 +0200] "GET /templates/creator/m_f/fa/fa7/164/css/main.min.css?v=1483633820 HTTP/1.1" 200 1797
c13.kazooisyee.tk - - [17/Oct/2017:06:00:40 +0200] "GET /js/fancybox2/jquery.fancybox.min.js?v=6.6.7.2.41064 HTTP/1.1" 200 6267
c13.kazooisyee.tk - - [17/Oct/2017:06:00:40 +0200] "GET /templates/creator/m_f/fa/fa7/164/assets/wp-menu.js?v=1483633820 HTTP/1.1" 200 1089
c13.kazooisyee.tk - - [17/Oct/2017:06:00:40 +0200] "GET /templates/creator/m_f/fa/fa7/164/assets/respond.min.js?v=1483633820 HTTP/1.1" 200 2085
c13.kazooisyee.tk - - [17/Oct/2017:06:00:40 +0200] "GET /templates/creator/m_f/fa/fa7/164/assets/slide.js?v=1483633820 HTTP/1.1" 200 662
c13.kazooisyee.tk - - [17/Oct/2017:06:00:40 +0200] "GET /js/galleryLightbox/gallery-paging.min.js?v=6.6.7.2.41064 HTTP/1.1" 200 1107
c13.kazooisyee.tk - - [17/Oct/2017:06:00:40 +0200] "GET /js/efu/main.min.js?v=6.6.7.2.41064 HTTP/1.1" 200 1746
c13.kazooisyee.tk - - [17/Oct/2017:06:00:40 +0200] "GET /js/footer/build_social_entries.min.js?v=6.6.7.2.41064 HTTP/1.1" 200 278
c13.kazooisyee.tk - - [17/Oct/2017:06:00:40 +0200] "GET /js/footer/get_deps.min.js?v=6.6.7.2.41064 HTTP/1.1" 200 157
c13.kazooisyee.tk - - [17/Oct/2017:06:00:40 +0200] "GET /js/jquery.lazyload.min.js?v=6.6.7.2.41064 HTTP/1.1" 200 1283
c13.kazooisyee.tk - - [17/Oct/2017:06:00:40 +0200] "GET /js/functions_stripped.js?v=6.6.7.2.41064 HTTP/1.1" 200 3186
c13.kazooisyee.tk - - [17/Oct/2017:06:00:40 +0200] "GET /templates/creator/m_f/fa/fa7/164/css/main.min.css?v=1483633820 HTTP/1.1" 200 1797
c13.kazooisyee.tk - - [17/Oct/2017:06:00:40 +0200] "GET /templates/creator/m_f/fa/fa7/164/css/style.min.css?v=1483633820 HTTP/1.1" 200 847
c13.kazooisyee.tk - - [17/Oct/2017:06:00:40 +0200] "GET /js/efu/main.min.js?v=6.6.7.2.41064 HTTP/1.1" 200 1746
c13.kazooisyee.tk - - [17/Oct/2017:06:00:40 +0200] "GET /js/efu/w.gallery.min.js?v=6.6.7.2.41064 HTTP/1.1" 200 181
c13.kazooisyee.tk - - [17/Oct/2017:06:00:41 +0200] "GET /js/footer/get_deps.min.js?v=6.6.7.2.41064 HTTP/1.1" 200 157
c13.kazooisyee.tk - - [17/Oct/2017:06:00:41 +0200] "GET /templates/creator/m_f/fa/fa7/164/assets/respond.min.js?v=1483633820 HTTP/1.1" 200 2085
c13.kazooisyee.tk - - [17/Oct/2017:06:00:41 +0200] "GET /js/galleryLightbox/gallery-paging.min.js?v=6.6.7.2.41064 HTTP/1.1" 200 1107
c13.kazooisyee.tk - - [17/Oct/2017:06:00:41 +0200] "GET /js/footer/build_social_entries.min.js?v=6.6.7.2.41064 HTTP/1.1" 200 278
c13.kazooisyee.tk - - [17/Oct/2017:06:00:41 +0200] "GET /js/jquery.lazyload.min.js?v=6.6.7.2.41064 HTTP/1.1" 200 1283
c13.kazooisyee.tk - - [17/Oct/2017:06:00:41 +0200] "GET /js/functions_stripped.js?v=6.6.7.2.41064 HTTP/1.1" 200 3186
c13.kazooisyee.tk - - [17/Oct/2017:06:00:41 +0200] "GET /templates/creator/m_f/fa/fa7/164/assets/wp-menu.js?v=1483633820 HTTP/1.1" 200 1089
c13.kazooisyee.tk - - [17/Oct/2017:06:00:41 +0200] "GET /templates/creator/m_f/fa/fa7/164/assets/slide.js?v=1483633820 HTTP/1.1" 200 662
c13.kazooisyee.tk - - [17/Oct/2017:06:00:49 +0200] "GET /flotte.shtml HTTP/1.1" 200 6274
c13.kazooisyee.tk - - [17/Oct/2017:06:00:49 +0200] "GET /css/widgets/concat_widget.min.css?v=6.6.7.2.41064 HTTP/1.1" 200 24507
c13.kazooisyee.tk - - [17/Oct/2017:06:00:49 +0200] "GET /js/footer/build_social_entries.min.js?v=6.6.7.2.41064 HTTP/1.1" 200 278
c13.kazooisyee.tk - - [17/Oct/2017:06:00:49 +0200] "GET /templates/creator/m_f/fa/fa7/164/css/main.min.css?v=1483633820 HTTP/1.1" 200 1797
c13.kazooisyee.tk - - [17/Oct/2017:06:00:49 +0200] "GET /templates/creator/m_f/fa/fa7/164/css/style.min.css?v=1483633820 HTTP/1.1" 200 847
c13.kazooisyee.tk - - [17/Oct/2017:06:00:49 +0200] "GET /templates/creator/m_f/fa/fa7/164/assets/wp-menu.js?v=1483633820 HTTP/1.1" 200 1089
c13.kazooisyee.tk - - [17/Oct/2017:06:00:49 +0200] "GET /templates/creator/m_f/fa/fa7/164/assets/slide.js?v=1483633820 HTTP/1.1" 200 662
c13.kazooisyee.tk - - [17/Oct/2017:06:00:49 +0200] "GET /js/jquery.lazyload.min.js?v=6.6.7.2.41064 HTTP/1.1" 200 1283
c13.kazooisyee.tk - - [17/Oct/2017:06:00:49 +0200] "GET /js/functions_stripped.js?v=6.6.7.2.41064 HTTP/1.1" 200 3186
c13.kazooisyee.tk - - [17/Oct/2017:06:00:49 +0200] "GET /vermietung.shtml HTTP/1.1" 200 5099
c13.kazooisyee.tk - - [17/Oct/2017:06:00:49 +0200] "GET /js/footer/get_deps.min.js?v=6.6.7.2.41064 HTTP/1.1" 200 157
c13.kazooisyee.tk - - [17/Oct/2017:06:00:49 +0200] "GET /templates/creator/m_f/fa/fa7/164/assets/respond.min.js?v=1483633820 HTTP/1.1" 200 2085
c13.kazooisyee.tk - - [17/Oct/2017:06:00:50 +0200] "GET /templates/creator/m_f/fa/fa7/164/css/main.min.css?v=1483633820 HTTP/1.1" 200 1797
c13.kazooisyee.tk - - [17/Oct/2017:06:00:50 +0200] "GET /templates/creator/m_f/fa/fa7/164/assets/respond.min.js?v=1483633820 HTTP/1.1" 200 2085
c13.kazooisyee.tk - - [17/Oct/2017:06:00:50 +0200] "GET /css/widgets/concat_widget.min.css?v=6.6.7.2.41064 HTTP/1.1" 200 24507
c13.kazooisyee.tk - - [17/Oct/2017:06:00:50 +0200] "GET /js/footer/get_deps.min.js?v=6.6.7.2.41064 HTTP/1.1" 200 157
c13.kazooisyee.tk - - [17/Oct/2017:06:00:50 +0200] "GET /templates/creator/m_f/fa/fa7/164/css/style.min.css?v=1483633820 HTTP/1.1" 200 847
c13.kazooisyee.tk - - [17/Oct/2017:06:00:50 +0200] "GET /js/footer/build_social_entries.min.js?v=6.6.7.2.41064 HTTP/1.1" 200 278
c13.kazooisyee.tk - - [17/Oct/2017:06:00:50 +0200] "GET /templates/creator/m_f/fa/fa7/164/assets/wp-menu.js?v=1483633820 HTTP/1.1" 200 1089
c13.kazooisyee.tk - - [17/Oct/2017:06:00:50 +0200] "GET /templates/creator/m_f/fa/fa7/164/assets/slide.js?v=1483633820 HTTP/1.1" 200 662
c13.kazooisyee.tk - - [17/Oct/2017:06:00:50 +0200] "GET /js/functions_stripped.js?v=6.6.7.2.41064 HTTP/1.1" 200 3186
c13.kazooisyee.tk - - [17/Oct/2017:06:00:50 +0200] "GET /js/jquery.lazyload.min.js?v=6.6.7.2.41064 HTTP/1.1" 200 1283
c13.kazooisyee.tk - - [17/Oct/2017:06:00:58 +0200] "GET /templates/creator/m_f/fa/fa7/164/assets/wp-menu.js?v=1483633820 HTTP/1.1" 200 1089
c13.kazooisyee.tk - - [17/Oct/2017:06:00:58 +0200] "GET /js/functions_stripped.js?v=6.6.7.2.41064 HTTP/1.1" 200 3186
c13.kazooisyee.tk - - [17/Oct/2017:06:00:58 +0200] "GET /templates/creator/m_f/fa/fa7/164/assets/slide.js?v=1483633820 HTTP/1.1" 200 662
c13.kazooisyee.tk - - [17/Oct/2017:06:00:58 +0200] "GET /galerie-sktrophy-2015.shtml HTTP/1.1" 200 5939
c13.kazooisyee.tk - - [17/Oct/2017:06:00:58 +0200] "GET /js/footer/build_social_entries.min.js?v=6.6.7.2.41064 HTTP/1.1" 200 278
c13.kazooisyee.tk - - [17/Oct/2017:06:00:58 +0200] "GET /js/footer/get_deps.min.js?v=6.6.7.2.41064 HTTP/1.1" 200 157
c13.kazooisyee.tk - - [17/Oct/2017:06:00:58 +0200] "GET /templates/creator/m_f/fa/fa7/164/assets/respond.min.js?v=1483633820 HTTP/1.1" 200 2085
c13.kazooisyee.tk - - [17/Oct/2017:06:00:58 +0200] "GET /templates/creator/m_f/fa/fa7/164/css/main.min.css?v=1483633820 HTTP/1.1" 200 1797
c13.kazooisyee.tk - - [17/Oct/2017:06:00:58 +0200] "GET /galerie.shtml HTTP/1.1" 200 4483
c13.kazooisyee.tk - - [17/Oct/2017:06:00:58 +0200] "GET /css/widgets/concat_widget.min.css?v=6.6.7.2.41064 HTTP/1.1" 200 24507
c13.kazooisyee.tk - - [17/Oct/2017:06:00:58 +0200] "GET /templates/creator/m_f/fa/fa7/164/css/style.min.css?v=1483633820 HTTP/1.1" 200 847
c13.kazooisyee.tk - - [17/Oct/2017:06:00:58 +0200] "GET /js/jquery.lazyload.min.js?v=6.6.7.2.41064 HTTP/1.1" 200 1283
c13.kazooisyee.tk - - [17/Oct/2017:06:00:59 +0200] "GET /css/widgets/concat_widget.min.css?v=6.6.7.2.41064 HTTP/1.1" 200 24507
c13.kazooisyee.tk - - [17/Oct/2017:06:00:59 +0200] "GET /js/footer/get_deps.min.js?v=6.6.7.2.41064 HTTP/1.1" 200 157
c13.kazooisyee.tk - - [17/Oct/2017:06:00:59 +0200] "GET /templates/creator/m_f/fa/fa7/164/assets/wp-menu.js?v=1483633820 HTTP/1.1" 200 1089
c13.kazooisyee.tk - - [17/Oct/2017:06:00:59 +0200] "GET /js/functions_stripped.js?v=6.6.7.2.41064 HTTP/1.1" 200 3186
c13.kazooisyee.tk - - [17/Oct/2017:06:00:59 +0200] "GET /js/galleryLightbox/gallery-paging.min.js?v=6.6.7.2.41064 HTTP/1.1" 200 1107
c13.kazooisyee.tk - - [17/Oct/2017:06:00:59 +0200] "GET /js/fancybox2/jquery.fancybox.min.css?v=6.6.7.2.41064 HTTP/1.1" 200 1020
c13.kazooisyee.tk - - [17/Oct/2017:06:00:59 +0200] "GET /js/efu/main.min.js?v=6.6.7.2.41064 HTTP/1.1" 200 1746
c13.kazooisyee.tk - - [17/Oct/2017:06:00:59 +0200] "GET /js/efu/w.gallery.min.js?v=6.6.7.2.41064 HTTP/1.1" 200 181
c13.kazooisyee.tk - - [17/Oct/2017:06:00:59 +0200] "GET /templates/creator/m_f/fa/fa7/164/css/main.min.css?v=1483633820 HTTP/1.1" 200 1797
c13.kazooisyee.tk - - [17/Oct/2017:06:00:59 +0200] "GET /js/fancybox2/jquery.fancybox.min.js?v=6.6.7.2.41064 HTTP/1.1" 200 6267
c13.kazooisyee.tk - - [17/Oct/2017:06:00:59 +0200] "GET /js/footer/build_social_entries.min.js?v=6.6.7.2.41064 HTTP/1.1" 200 278
c13.kazooisyee.tk - - [17/Oct/2017:06:00:59 +0200] "GET /templates/creator/m_f/fa/fa7/164/assets/respond.min.js?v=1483633820 HTTP/1.1" 200 2085
c13.kazooisyee.tk - - [17/Oct/2017:06:00:59 +0200] "GET /templates/creator/m_f/fa/fa7/164/assets/slide.js?v=1483633820 HTTP/1.1" 200 662
c13.kazooisyee.tk - - [17/Oct/2017:06:00:59 +0200] "GET /js/jquery.lazyload.min.js?v=6.6.7.2.41064 HTTP/1.1" 200 1283
c13.kazooisyee.tk - - [17/Oct/2017:06:00:59 +0200] "GET /templates/creator/m_f/fa/fa7/164/css/style.min.css?v=1483633820 HTTP/1.1" 200 847
c13.kazooisyee.tk - - [17/Oct/2017:06:01:07 +0200] "GET /galerie-matchracing.shtml HTTP/1.1" 200 4859
c13.kazooisyee.tk - - [17/Oct/2017:06:01:08 +0200] "GET /js/fancybox2/jquery.fancybox.min.css?v=6.6.7.2.41064 HTTP/1.1" 200 1020
c13.kazooisyee.tk - - [17/Oct/2017:06:01:08 +0200] "GET /js/efu/main.min.js?v=6.6.7.2.41064 HTTP/1.1" 200 1746
c13.kazooisyee.tk - - [17/Oct/2017:06:01:08 +0200] "GET /js/efu/w.gallery.min.js?v=6.6.7.2.41064 HTTP/1.1" 200 181
c13.kazooisyee.tk - - [17/Oct/2017:06:01:08 +0200] "GET /templates/creator/m_f/fa/fa7/164/css/style.min.css?v=1483633820 HTTP/1.1" 200 847
c13.kazooisyee.tk - - [17/Oct/2017:06:01:08 +0200] "GET /css/widgets/concat_widget.min.css?v=6.6.7.2.41064 HTTP/1.1" 200 24507
c13.kazooisyee.tk - - [17/Oct/2017:06:01:08 +0200] "GET /js/fancybox2/jquery.fancybox.min.js?v=6.6.7.2.41064 HTTP/1.1" 200 6267
c13.kazooisyee.tk - - [17/Oct/2017:06:01:08 +0200] "GET /js/footer/build_social_entries.min.js?v=6.6.7.2.41064 HTTP/1.1" 200 278
c13.kazooisyee.tk - - [17/Oct/2017:06:01:08 +0200] "GET /templates/creator/m_f/fa/fa7/164/assets/wp-menu.js?v=1483633820 HTTP/1.1" 200 1089
c13.kazooisyee.tk - - [17/Oct/2017:06:01:08 +0200] "GET /templates/creator/m_f/fa/fa7/164/assets/respond.min.js?v=1483633820 HTTP/1.1" 200 2085
c13.kazooisyee.tk - - [17/Oct/2017:06:01:08 +0200] "GET /templates/creator/m_f/fa/fa7/164/assets/slide.js?v=1483633820 HTTP/1.1" 200 662
c13.kazooisyee.tk - - [17/Oct/2017:06:01:08 +0200] "GET /js/functions_stripped.js?v=6.6.7.2.41064 HTTP/1.1" 200 3186
c13.kazooisyee.tk - - [17/Oct/2017:06:01:08 +0200] "GET /js/galleryLightbox/gallery-paging.min.js?v=6.6.7.2.41064 HTTP/1.1" 200 1107
c13.kazooisyee.tk - - [17/Oct/2017:06:01:08 +0200] "GET /templates/creator/m_f/fa/fa7/164/css/main.min.css?v=1483633820 HTTP/1.1" 200 1797
c13.kazooisyee.tk - - [17/Oct/2017:06:01:08 +0200] "GET /js/footer/get_deps.min.js?v=6.6.7.2.41064 HTTP/1.1" 200 157
c13.kazooisyee.tk - - [17/Oct/2017:06:01:08 +0200] "GET /js/jquery.lazyload.min.js?v=6.6.7.2.41064 HTTP/1.1" 200 1283
c13.kazooisyee.tk - - [17/Oct/2017:06:01:09 +0200] "GET /galerie-gruppesmartkat.shtml HTTP/1.1" 200 4863
c13.kazooisyee.tk - - [17/Oct/2017:06:01:10 +0200] "GET /js/fancybox2/jquery.fancybox.min.css?v=6.6.7.2.41064 HTTP/1.1" 200 1020
c13.kazooisyee.tk - - [17/Oct/2017:06:01:10 +0200] "GET /js/efu/w.gallery.min.js?v=6.6.7.2.41064 HTTP/1.1" 200 181
c13.kazooisyee.tk - - [17/Oct/2017:06:01:10 +0200] "GET /js/efu/main.min.js?v=6.6.7.2.41064 HTTP/1.1" 200 1746
c13.kazooisyee.tk - - [17/Oct/2017:06:01:10 +0200] "GET /css/widgets/concat_widget.min.css?v=6.6.7.2.41064 HTTP/1.1" 200 24507
c13.kazooisyee.tk - - [17/Oct/2017:06:01:10 +0200] "GET /js/fancybox2/jquery.fancybox.min.js?v=6.6.7.2.41064 HTTP/1.1" 200 6267
c13.kazooisyee.tk - - [17/Oct/2017:06:01:10 +0200] "GET /templates/creator/m_f/fa/fa7/164/css/style.min.css?v=1483633820 HTTP/1.1" 200 847
c13.kazooisyee.tk - - [17/Oct/2017:06:01:10 +0200] "GET /templates/creator/m_f/fa/fa7/164/css/main.min.css?v=1483633820 HTTP/1.1" 200 1797
c13.kazooisyee.tk - - [17/Oct/2017:06:01:11 +0200] "GET /js/footer/get_deps.min.js?v=6.6.7.2.41064 HTTP/1.1" 200 157
c13.kazooisyee.tk - - [17/Oct/2017:06:01:11 +0200] "GET /js/footer/build_social_entries.min.js?v=6.6.7.2.41064 HTTP/1.1" 200 278
c13.kazooisyee.tk - - [17/Oct/2017:06:01:11 +0200] "GET /js/jquery.lazyload.min.js?v=6.6.7.2.41064 HTTP/1.1" 200 1283
c13.kazooisyee.tk - - [17/Oct/2017:06:01:11 +0200] "GET /js/functions_stripped.js?v=6.6.7.2.41064 HTTP/1.1" 200 3186
c13.kazooisyee.tk - - [17/Oct/2017:06:01:11 +0200] "GET /js/efu/main.min.js?v=6.6.7.2.41064 HTTP/1.1" 200 1746
c13.kazooisyee.tk - - [17/Oct/2017:06:01:11 +0200] "GET /css/widgets/concat_widget.min.css?v=6.6.7.2.41064 HTTP/1.1" 200 24507
c13.kazooisyee.tk - - [17/Oct/2017:06:01:11 +0200] "GET /js/footer/build_social_entries.min.js?v=6.6.7.2.41064 HTTP/1.1" 200 278
c13.kazooisyee.tk - - [17/Oct/2017:06:01:11 +0200] "GET /templates/creator/m_f/fa/fa7/164/assets/wp-menu.js?v=1483633820 HTTP/1.1" 200 1089
c13.kazooisyee.tk - - [17/Oct/2017:06:01:11 +0200] "GET /js/jquery.lazyload.min.js?v=6.6.7.2.41064 HTTP/1.1" 200 1283
c13.kazooisyee.tk - - [17/Oct/2017:06:01:11 +0200] "GET /js/galleryLightbox/gallery-paging.min.js?v=6.6.7.2.41064 HTTP/1.1" 200 1107
c13.kazooisyee.tk - - [17/Oct/2017:06:01:11 +0200] "GET /galerie-sktrophy-2014.shtml HTTP/1.1" 200 5044
c13.kazooisyee.tk - - [17/Oct/2017:06:01:11 +0200] "GET /js/fancybox2/jquery.fancybox.min.css?v=6.6.7.2.41064 HTTP/1.1" 200 1020
c13.kazooisyee.tk - - [17/Oct/2017:06:01:11 +0200] "GET /js/fancybox2/jquery.fancybox.min.js?v=6.6.7.2.41064 HTTP/1.1" 200 6267
c13.kazooisyee.tk - - [17/Oct/2017:06:01:11 +0200] "GET /templates/creator/m_f/fa/fa7/164/css/style.min.css?v=1483633820 HTTP/1.1" 200 847
c13.kazooisyee.tk - - [17/Oct/2017:06:01:11 +0200] "GET /templates/creator/m_f/fa/fa7/164/css/main.min.css?v=1483633820 HTTP/1.1" 200 1797
c13.kazooisyee.tk - - [17/Oct/2017:06:01:11 +0200] "GET /templates/creator/m_f/fa/fa7/164/assets/respond.min.js?v=1483633820 HTTP/1.1" 200 2085
c13.kazooisyee.tk - - [17/Oct/2017:06:01:11 +0200] "GET /templates/creator/m_f/fa/fa7/164/assets/slide.js?v=1483633820 HTTP/1.1" 200 662
c13.kazooisyee.tk - - [17/Oct/2017:06:01:11 +0200] "GET /templates/creator/m_f/fa/fa7/164/assets/wp-menu.js?v=1483633820 HTTP/1.1" 200 1089
c13.kazooisyee.tk - - [17/Oct/2017:06:01:11 +0200] "GET /templates/creator/m_f/fa/fa7/164/assets/respond.min.js?v=1483633820 HTTP/1.1" 200 2085
c13.kazooisyee.tk - - [17/Oct/2017:06:01:11 +0200] "GET /templates/creator/m_f/fa/fa7/164/assets/slide.js?v=1483633820 HTTP/1.1" 200 662
c13.kazooisyee.tk - - [17/Oct/2017:06:01:11 +0200] "GET /js/galleryLightbox/gallery-paging.min.js?v=6.6.7.2.41064 HTTP/1.1" 200 1107
c13.kazooisyee.tk - - [17/Oct/2017:06:01:11 +0200] "GET /js/efu/w.gallery.min.js?v=6.6.7.2.41064 HTTP/1.1" 200 181
c13.kazooisyee.tk - - [17/Oct/2017:06:01:11 +0200] "GET /js/footer/get_deps.min.js?v=6.6.7.2.41064 HTTP/1.1" 200 157
c13.kazooisyee.tk - - [17/Oct/2017:06:01:11 +0200] "GET /js/functions_stripped.js?v=6.6.7.2.41064 HTTP/1.1" 200 3186
c13.kazooisyee.tk - - [17/Oct/2017:06:01:19 +0200] "GET /optikurse-2014.shtml HTTP/1.1" 200 4938
c13.kazooisyee.tk - - [17/Oct/2017:06:01:20 +0200] "GET /js/fancybox2/jquery.fancybox.min.css?v=6.6.7.2.41064 HTTP/1.1" 200 1020
c13.kazooisyee.tk - - [17/Oct/2017:06:01:20 +0200] "GET /templates/creator/m_f/fa/fa7/164/css/style.min.css?v=1483633820 HTTP/1.1" 200 847
c13.kazooisyee.tk - - [17/Oct/2017:06:01:20 +0200] "GET /js/efu/w.gallery.min.js?v=6.6.7.2.41064 HTTP/1.1" 200 181
c13.kazooisyee.tk - - [17/Oct/2017:06:01:20 +0200] "GET /js/fancybox2/jquery.fancybox.min.js?v=6.6.7.2.41064 HTTP/1.1" 200 6267
c13.kazooisyee.tk - - [17/Oct/2017:06:01:20 +0200] "GET /templates/creator/m_f/fa/fa7/164/assets/wp-menu.js?v=1483633820 HTTP/1.1" 200 1089
c13.kazooisyee.tk - - [17/Oct/2017:06:01:20 +0200] "GET /templates/creator/m_f/fa/fa7/164/assets/slide.js?v=1483633820 HTTP/1.1" 200 662
c13.kazooisyee.tk - - [17/Oct/2017:06:01:20 +0200] "GET /js/galleryLightbox/gallery-paging.min.js?v=6.6.7.2.41064 HTTP/1.1" 200 1107
c13.kazooisyee.tk - - [17/Oct/2017:06:01:20 +0200] "GET /js/efu/main.min.js?v=6.6.7.2.41064 HTTP/1.1" 200 1746
c13.kazooisyee.tk - - [17/Oct/2017:06:01:20 +0200] "GET /css/widgets/concat_widget.min.css?v=6.6.7.2.41064 HTTP/1.1" 200 24507
c13.kazooisyee.tk - - [17/Oct/2017:06:01:20 +0200] "GET /js/footer/build_social_entries.min.js?v=6.6.7.2.41064 HTTP/1.1" 200 278
c13.kazooisyee.tk - - [17/Oct/2017:06:01:20 +0200] "GET /js/footer/get_deps.min.js?v=6.6.7.2.41064 HTTP/1.1" 200 157
c13.kazooisyee.tk - - [17/Oct/2017:06:01:20 +0200] "GET /templates/creator/m_f/fa/fa7/164/assets/respond.min.js?v=1483633820 HTTP/1.1" 200 2085
c13.kazooisyee.tk - - [17/Oct/2017:06:01:20 +0200] "GET /js/functions_stripped.js?v=6.6.7.2.41064 HTTP/1.1" 200 3186
c13.kazooisyee.tk - - [17/Oct/2017:06:01:20 +0200] "GET /js/jquery.lazyload.min.js?v=6.6.7.2.41064 HTTP/1.1" 200 1283
c13.kazooisyee.tk - - [17/Oct/2017:06:01:20 +0200] "GET /templates/creator/m_f/fa/fa7/164/css/main.min.css?v=1483633820 HTTP/1.1" 200 1797
c13.kazooisyee.tk - - [17/Oct/2017:06:01:21 +0200] "GET /templates/creator/m_f/fa/fa7/164/css/main.min.css?v=1483633820 HTTP/1.1" 200 1797
c13.kazooisyee.tk - - [17/Oct/2017:06:01:21 +0200] "GET /templates/creator/m_f/fa/fa7/164/assets/wp-menu.js?v=1483633820 HTTP/1.1" 200 1089
c13.kazooisyee.tk - - [17/Oct/2017:06:01:21 +0200] "GET /templates/creator/m_f/fa/fa7/164/assets/respond.min.js?v=1483633820 HTTP/1.1" 200 2085
c13.kazooisyee.tk - - [17/Oct/2017:06:01:21 +0200] "GET /templates/creator/m_f/fa/fa7/164/assets/slide.js?v=1483633820 HTTP/1.1" 200 662
c13.kazooisyee.tk - - [17/Oct/2017:06:01:21 +0200] "GET /js/jquery.lazyload.min.js?v=6.6.7.2.41064 HTTP/1.1" 200 1283
c13.kazooisyee.tk - - [17/Oct/2017:06:01:21 +0200] "GET /js/footer/build_social_entries.min.js?v=6.6.7.2.41064 HTTP/1.1" 200 278
c13.kazooisyee.tk - - [17/Oct/2017:06:01:20 +0200] "GET /%C3%BCber-uns.shtml HTTP/1.1" 200 4740
c13.kazooisyee.tk - - [17/Oct/2017:06:01:21 +0200] "GET /css/widgets/concat_widget.min.css?v=6.6.7.2.41064 HTTP/1.1" 200 24507
c13.kazooisyee.tk - - [17/Oct/2017:06:01:21 +0200] "GET /js/footer/get_deps.min.js?v=6.6.7.2.41064 HTTP/1.1" 200 157
c13.kazooisyee.tk - - [17/Oct/2017:06:01:21 +0200] "GET /templates/creator/m_f/fa/fa7/164/css/style.min.css?v=1483633820 HTTP/1.1" 200 847
c13.kazooisyee.tk - - [17/Oct/2017:06:01:21 +0200] "GET /js/functions_stripped.js?v=6.6.7.2.41064 HTTP/1.1" 200 3186
c13.kazooisyee.tk - - [17/Oct/2017:06:01:29 +0200] "GET /templates/creator/m_f/fa/fa7/164/css/style.min.css?v=1483633820 HTTP/1.1" 200 847
c13.kazooisyee.tk - - [17/Oct/2017:06:01:29 +0200] "GET /js/functions_stripped.js?v=6.6.7.2.41064 HTTP/1.1" 200 3186
c13.kazooisyee.tk - - [17/Oct/2017:06:01:29 +0200] "GET /standort.shtml HTTP/1.1" 200 4717
c13.kazooisyee.tk - - [17/Oct/2017:06:01:29 +0200] "GET /css/widgets/concat_widget.min.css?v=6.6.7.2.41064 HTTP/1.1" 200 24507
c13.kazooisyee.tk - - [17/Oct/2017:06:01:29 +0200] "GET /js/footer/build_social_entries.min.js?v=6.6.7.2.41064 HTTP/1.1" 200 278
c13.kazooisyee.tk - - [17/Oct/2017:06:01:29 +0200] "GET /templates/creator/m_f/fa/fa7/164/css/main.min.css?v=1483633820 HTTP/1.1" 200 1797
c13.kazooisyee.tk - - [17/Oct/2017:06:01:29 +0200] "GET /templates/creator/m_f/fa/fa7/164/assets/wp-menu.js?v=1483633820 HTTP/1.1" 200 1089
c13.kazooisyee.tk - - [17/Oct/2017:06:01:29 +0200] "GET /templates/creator/m_f/fa/fa7/164/assets/respond.min.js?v=1483633820 HTTP/1.1" 200 2085
c13.kazooisyee.tk - - [17/Oct/2017:06:01:29 +0200] "GET /templates/creator/m_f/fa/fa7/164/assets/slide.js?v=1483633820 HTTP/1.1" 200 662
c13.kazooisyee.tk - - [17/Oct/2017:06:01:29 +0200] "GET /js/footer/get_deps.min.js?v=6.6.7.2.41064 HTTP/1.1" 200 157
c13.kazooisyee.tk - - [17/Oct/2017:06:01:31 +0200] "GET /templates/creator/m_f/fa/fa7/164/css/style.min.css?v=1483633820 HTTP/1.1" 200 847
c13.kazooisyee.tk - - [17/Oct/2017:06:01:31 +0200] "GET /js/footer/build_social_entries.min.js?v=6.6.7.2.41064 HTTP/1.1" 200 278
c13.kazooisyee.tk - - [17/Oct/2017:06:01:31 +0200] "GET /js/jquery/jquery.validate.min.js?v=6.6.7.2.41064 HTTP/1.1" 200 6581
c13.kazooisyee.tk - - [17/Oct/2017:06:01:31 +0200] "GET /kursanmeldung.shtml HTTP/1.1" 200 10952
c13.kazooisyee.tk - - [17/Oct/2017:06:01:31 +0200] "GET /js/fancybox2/jquery.fancybox.min.css?v=6.6.7.2.41064 HTTP/1.1" 200 1020
c13.kazooisyee.tk - - [17/Oct/2017:06:01:31 +0200] "GET /js/fancybox2/jquery.fancybox.min.js?v=6.6.7.2.41064 HTTP/1.1" 200 6267
c13.kazooisyee.tk - - [17/Oct/2017:06:01:31 +0200] "GET /js/efu/main.min.js?v=6.6.7.2.41064 HTTP/1.1" 200 1746
c13.kazooisyee.tk - - [17/Oct/2017:06:01:31 +0200] "GET /templates/creator/m_f/fa/fa7/164/css/main.min.css?v=1483633820 HTTP/1.1" 200 1797
c13.kazooisyee.tk - - [17/Oct/2017:06:01:31 +0200] "GET /js/footer/get_deps.min.js?v=6.6.7.2.41064 HTTP/1.1" 200 157
c13.kazooisyee.tk - - [17/Oct/2017:06:01:31 +0200] "GET /css/widgets/concat_widget.min.css?v=6.6.7.2.41064 HTTP/1.1" 200 24507
c13.kazooisyee.tk - - [17/Oct/2017:06:01:31 +0200] "GET /templates/creator/m_f/fa/fa7/164/assets/wp-menu.js?v=1483633820 HTTP/1.1" 200 1089
c13.kazooisyee.tk - - [17/Oct/2017:06:01:31 +0200] "GET /js/functions_stripped.js?v=6.6.7.2.41064 HTTP/1.1" 200 3186
c13.kazooisyee.tk - - [17/Oct/2017:06:01:31 +0200] "GET /templates/creator/m_f/fa/fa7/164/assets/respond.min.js?v=1483633820 HTTP/1.1" 200 2085
c13.kazooisyee.tk - - [17/Oct/2017:06:01:31 +0200] "GET /templates/creator/m_f/fa/fa7/164/assets/slide.js?v=1483633820 HTTP/1.1" 200 662
c13.kazooisyee.tk - - [17/Oct/2017:06:01:31 +0200] "GET /js/efu/w.formmanager.min.js?v=6.6.7.2.41064 HTTP/1.1" 200 2154
c13.kazooisyee.tk - - [17/Oct/2017:06:01:31 +0200] "GET /js/jquery/jquery.form.min.js?v=6.6.7.2.41064 HTTP/1.1" 200 5592
c13.kazooisyee.tk - - [17/Oct/2017:06:01:31 +0200] "GET /aktuelles-wetter.shtml HTTP/1.1" 200 4575
c13.kazooisyee.tk - - [17/Oct/2017:06:01:32 +0200] "GET /css/widgets/concat_widget.min.css?v=6.6.7.2.41064 HTTP/1.1" 200 24507
c13.kazooisyee.tk - - [17/Oct/2017:06:01:32 +0200] "GET /js/footer/get_deps.min.js?v=6.6.7.2.41064 HTTP/1.1" 200 157
c13.kazooisyee.tk - - [17/Oct/2017:06:01:32 +0200] "GET /templates/creator/m_f/fa/fa7/164/css/style.min.css?v=1483633820 HTTP/1.1" 200 847
c13.kazooisyee.tk - - [17/Oct/2017:06:01:32 +0200] "GET /templates/creator/m_f/fa/fa7/164/assets/respond.min.js?v=1483633820 HTTP/1.1" 200 2085
c13.kazooisyee.tk - - [17/Oct/2017:06:01:32 +0200] "GET /js/footer/build_social_entries.min.js?v=6.6.7.2.41064 HTTP/1.1" 200 278
c13.kazooisyee.tk - - [17/Oct/2017:06:01:32 +0200] "GET /js/functions_stripped.js?v=6.6.7.2.41064 HTTP/1.1" 200 3186
c13.kazooisyee.tk - - [17/Oct/2017:06:01:32 +0200] "GET /templates/creator/m_f/fa/fa7/164/assets/slide.js?v=1483633820 HTTP/1.1" 200 662
c13.kazooisyee.tk - - [17/Oct/2017:06:01:32 +0200] "GET /templates/creator/m_f/fa/fa7/164/css/main.min.css?v=1483633820 HTTP/1.1" 200 1797
c13.kazooisyee.tk - - [17/Oct/2017:06:01:32 +0200] "GET /templates/creator/m_f/fa/fa7/164/assets/wp-menu.js?v=1483633820 HTTP/1.1" 200 1089
c13.kazooisyee.tk - - [17/Oct/2017:06:01:40 +0200] "GET /galerie.shtml HTTP/1.1" 200 4483
c13.kazooisyee.tk - - [17/Oct/2017:06:01:41 +0200] "GET /templates/creator/m_f/fa/fa7/164/css/style.min.css?v=1483633820 HTTP/1.1" 200 847
c13.kazooisyee.tk - - [17/Oct/2017:06:01:41 +0200] "GET /js/footer/get_deps.min.js?v=6.6.7.2.41064 HTTP/1.1" 200 157
c13.kazooisyee.tk - - [17/Oct/2017:06:01:41 +0200] "GET /templates/creator/m_f/fa/fa7/164/assets/slide.js?v=1483633820 HTTP/1.1" 200 662
c13.kazooisyee.tk - - [17/Oct/2017:06:01:41 +0200] "GET /js/jquery.lazyload.min.js?v=6.6.7.2.41064 HTTP/1.1" 200 1283
c13.kazooisyee.tk - - [17/Oct/2017:06:01:41 +0200] "GET /css/widgets/concat_widget.min.css?v=6.6.7.2.41064 HTTP/1.1" 200 24507
c13.kazooisyee.tk - - [17/Oct/2017:06:01:41 +0200] "GET /templates/creator/m_f/fa/fa7/164/css/main.min.css?v=1483633820 HTTP/1.1" 200 1797
c13.kazooisyee.tk - - [17/Oct/2017:06:01:41 +0200] "GET /templates/creator/m_f/fa/fa7/164/assets/wp-menu.js?v=1483633820 HTTP/1.1" 200 1089
c13.kazooisyee.tk - - [17/Oct/2017:06:01:41 +0200] "GET /templates/creator/m_f/fa/fa7/164/assets/respond.min.js?v=1483633820 HTTP/1.1" 200 2085
c13.kazooisyee.tk - - [17/Oct/2017:06:01:41 +0200] "GET /js/functions_stripped.js?v=6.6.7.2.41064 HTTP/1.1" 200 3186
c13.kazooisyee.tk - - [17/Oct/2017:06:01:41 +0200] "GET /js/footer/build_social_entries.min.js?v=6.6.7.2.41064 HTTP/1.1" 200 278
c13.kazooisyee.tk - - [17/Oct/2017:06:01:42 +0200] "GET /kurse.shtml HTTP/1.1" 200 6280
c13.kazooisyee.tk - - [17/Oct/2017:06:01:42 +0200] "GET /css/widgets/concat_widget.min.css?v=6.6.7.2.41064 HTTP/1.1" 200 24507
c13.kazooisyee.tk - - [17/Oct/2017:06:01:42 +0200] "GET /js/footer/build_social_entries.min.js?v=6.6.7.2.41064 HTTP/1.1" 200 278
c13.kazooisyee.tk - - [17/Oct/2017:06:01:42 +0200] "GET /templates/creator/m_f/fa/fa7/164/assets/slide.js?v=1483633820 HTTP/1.1" 200 662
c13.kazooisyee.tk - - [17/Oct/2017:06:01:42 +0200] "GET /js/footer/get_deps.min.js?v=6.6.7.2.41064 HTTP/1.1" 200 157
c13.kazooisyee.tk - - [17/Oct/2017:06:01:42 +0200] "GET /templates/creator/m_f/fa/fa7/164/css/main.min.css?v=1483633820 HTTP/1.1" 200 1797
c13.kazooisyee.tk - - [17/Oct/2017:06:01:42 +0200] "GET /templates/creator/m_f/fa/fa7/164/assets/respond.min.js?v=1483633820 HTTP/1.1" 200 2085
c13.kazooisyee.tk - - [17/Oct/2017:06:01:42 +0200] "GET /templates/creator/m_f/fa/fa7/164/assets/wp-menu.js?v=1483633820 HTTP/1.1" 200 1089
c13.kazooisyee.tk - - [17/Oct/2017:06:01:42 +0200] "GET /templates/creator/m_f/fa/fa7/164/css/style.min.css?v=1483633820 HTTP/1.1" 200 847
c13.kazooisyee.tk - - [17/Oct/2017:06:01:42 +0200] "GET /js/functions_stripped.js?v=6.6.7.2.41064 HTTP/1.1" 200 3186
c13.kazooisyee.tk - - [17/Oct/2017:06:01:42 +0200] "GET /js/jquery.lazyload.min.js?v=6.6.7.2.41064 HTTP/1.1" 200 1283
c13.kazooisyee.tk - - [17/Oct/2017:06:01:50 +0200] "GET /vermietung.shtml HTTP/1.1" 200 5099
c13.kazooisyee.tk - - [17/Oct/2017:06:01:51 +0200] "GET /css/widgets/concat_widget.min.css?v=6.6.7.2.41064 HTTP/1.1" 200 24507
c13.kazooisyee.tk - - [17/Oct/2017:06:01:51 +0200] "GET /js/footer/get_deps.min.js?v=6.6.7.2.41064 HTTP/1.1" 200 157
c13.kazooisyee.tk - - [17/Oct/2017:06:01:51 +0200] "GET /js/footer/build_social_entries.min.js?v=6.6.7.2.41064 HTTP/1.1" 200 278
c13.kazooisyee.tk - - [17/Oct/2017:06:01:51 +0200] "GET /templates/creator/m_f/fa/fa7/164/assets/wp-menu.js?v=1483633820 HTTP/1.1" 200 1089
c13.kazooisyee.tk - - [17/Oct/2017:06:01:51 +0200] "GET /templates/creator/m_f/fa/fa7/164/css/main.min.css?v=1483633820 HTTP/1.1" 200 1797
c13.kazooisyee.tk - - [17/Oct/2017:06:01:51 +0200] "GET /templates/creator/m_f/fa/fa7/164/assets/respond.min.js?v=1483633820 HTTP/1.1" 200 2085
c13.kazooisyee.tk - - [17/Oct/2017:06:01:51 +0200] "GET /templates/creator/m_f/fa/fa7/164/assets/slide.js?v=1483633820 HTTP/1.1" 200 662
c13.kazooisyee.tk - - [17/Oct/2017:06:01:51 +0200] "GET /js/functions_stripped.js?v=6.6.7.2.41064 HTTP/1.1" 200 3186
c13.kazooisyee.tk - - [17/Oct/2017:06:01:51 +0200] "GET /js/jquery.lazyload.min.js?v=6.6.7.2.41064 HTTP/1.1" 200 1283
c13.kazooisyee.tk - - [17/Oct/2017:06:01:51 +0200] "GET /templates/creator/m_f/fa/fa7/164/css/style.min.css?v=1483633820 HTTP/1.1" 200 847
c13.kazooisyee.tk - - [17/Oct/2017:06:01:51 +0200] "GET /events.shtml HTTP/1.1" 200 5297
c13.kazooisyee.tk - - [17/Oct/2017:06:01:53 +0200] "GET /css/widgets/concat_widget.min.css?v=6.6.7.2.41064 HTTP/1.1" 200 24507
c13.kazooisyee.tk - - [17/Oct/2017:06:01:53 +0200] "GET /templates/creator/m_f/fa/fa7/164/css/main.min.css?v=1483633820 HTTP/1.1" 200 1797
c13.kazooisyee.tk - - [17/Oct/2017:06:01:53 +0200] "GET /templates/creator/m_f/fa/fa7/164/css/style.min.css?v=1483633820 HTTP/1.1" 200 847
c13.kazooisyee.tk - - [17/Oct/2017:06:01:53 +0200] "GET /js/functions_stripped.js?v=6.6.7.2.41064 HTTP/1.1" 200 3186
c13.kazooisyee.tk - - [17/Oct/2017:06:01:53 +0200] "GET /js/jquery.lazyload.min.js?v=6.6.7.2.41064 HTTP/1.1" 200 1283
c13.kazooisyee.tk - - [17/Oct/2017:06:01:53 +0200] "GET /js/footer/get_deps.min.js?v=6.6.7.2.41064 HTTP/1.1" 200 157
c13.kazooisyee.tk - - [17/Oct/2017:06:01:53 +0200] "GET /templates/creator/m_f/fa/fa7/164/assets/slide.js?v=1483633820 HTTP/1.1" 200 662
c13.kazooisyee.tk - - [17/Oct/2017:06:01:53 +0200] "GET /templates/creator/m_f/fa/fa7/164/assets/respond.min.js?v=1483633820 HTTP/1.1" 200 2085
c13.kazooisyee.tk - - [17/Oct/2017:06:01:53 +0200] "GET /js/footer/build_social_entries.min.js?v=6.6.7.2.41064 HTTP/1.1" 200 278
c13.kazooisyee.tk - - [17/Oct/2017:06:01:53 +0200] "GET /templates/creator/m_f/fa/fa7/164/assets/wp-menu.js?v=1483633820 HTTP/1.1" 200 1089
c13.kazooisyee.tk - - [17/Oct/2017:06:02:01 +0200] "GET /templates/creator/m_f/fa/fa7/164/css/style.min.css?v=1483633820 HTTP/1.1" 200 847
c13.kazooisyee.tk - - [17/Oct/2017:06:02:01 +0200] "GET /js/functions_stripped.js?v=6.6.7.2.41064 HTTP/1.1" 200 3186
c13.kazooisyee.tk - - [17/Oct/2017:06:02:01 +0200] "GET /templates/creator/m_f/fa/fa7/164/assets/slide.js?v=1483633820 HTTP/1.1" 200 662
c13.kazooisyee.tk - - [17/Oct/2017:06:02:01 +0200] "GET /js/footer/build_social_entries.min.js?v=6.6.7.2.41064 HTTP/1.1" 200 278
c13.kazooisyee.tk - - [17/Oct/2017:06:02:01 +0200] "GET /kinder-segelkurs.shtml HTTP/1.1" 200 5171
c13.kazooisyee.tk - - [17/Oct/2017:06:02:01 +0200] "GET /css/widgets/concat_widget.min.css?v=6.6.7.2.41064 HTTP/1.1" 200 24507
c13.kazooisyee.tk - - [17/Oct/2017:06:02:01 +0200] "GET /js/footer/get_deps.min.js?v=6.6.7.2.41064 HTTP/1.1" 200 157
c13.kazooisyee.tk - - [17/Oct/2017:06:02:01 +0200] "GET /templates/creator/m_f/fa/fa7/164/css/main.min.css?v=1483633820 HTTP/1.1" 200 1797
c13.kazooisyee.tk - - [17/Oct/2017:06:02:01 +0200] "GET /templates/creator/m_f/fa/fa7/164/assets/wp-menu.js?v=1483633820 HTTP/1.1" 200 1089
c13.kazooisyee.tk - - [17/Oct/2017:06:02:01 +0200] "GET /templates/creator/m_f/fa/fa7/164/assets/respond.min.js?v=1483633820 HTTP/1.1" 200 2085
c13.kazooisyee.tk - - [17/Oct/2017:06:02:02 +0200] "GET /js/footer/get_deps.min.js?v=6.6.7.2.41064 HTTP/1.1" 200 157
c13.kazooisyee.tk - - [17/Oct/2017:06:02:02 +0200] "GET /templates/creator/m_f/fa/fa7/164/css/style.min.css?v=1483633820 HTTP/1.1" 200 847
c13.kazooisyee.tk - - [17/Oct/2017:06:02:02 +0200] "GET /templates/creator/m_f/fa/fa7/164/assets/wp-menu.js?v=1483633820 HTTP/1.1" 200 1089
c13.kazooisyee.tk - - [17/Oct/2017:06:02:02 +0200] "GET /js/functions_stripped.js?v=6.6.7.2.41064 HTTP/1.1" 200 3186
c13.kazooisyee.tk - - [17/Oct/2017:06:02:02 +0200] "GET /templates/creator/m_f/fa/fa7/164/assets/respond.min.js?v=1483633820 HTTP/1.1" 200 2085
c13.kazooisyee.tk - - [17/Oct/2017:06:02:02 +0200] "GET /templates/creator/m_f/fa/fa7/164/assets/slide.js?v=1483633820 HTTP/1.1" 200 662
c13.kazooisyee.tk - - [17/Oct/2017:06:02:02 +0200] "GET /templates/creator/m_f/fa/fa7/164/css/main.min.css?v=1483633820 HTTP/1.1" 200 1797
c13.kazooisyee.tk - - [17/Oct/2017:06:02:02 +0200] "GET /segelkurs-jollesmartkat.shtml HTTP/1.1" 200 5139
c13.kazooisyee.tk - - [17/Oct/2017:06:02:02 +0200] "GET /css/widgets/concat_widget.min.css?v=6.6.7.2.41064 HTTP/1.1" 200 24507
c13.kazooisyee.tk - - [17/Oct/2017:06:02:02 +0200] "GET /js/footer/build_social_entries.min.js?v=6.6.7.2.41064 HTTP/1.1" 200 278
c13.kazooisyee.tk - - [17/Oct/2017:06:02:10 +0200] "GET /smartkat-crashkurs.shtml HTTP/1.1" 200 4808
c13.kazooisyee.tk - - [17/Oct/2017:06:02:11 +0200] "GET /css/widgets/concat_widget.min.css?v=6.6.7.2.41064 HTTP/1.1" 200 24507
c13.kazooisyee.tk - - [17/Oct/2017:06:02:11 +0200] "GET /templates/creator/m_f/fa/fa7/164/css/style.min.css?v=1483633820 HTTP/1.1" 200 847
c13.kazooisyee.tk - - [17/Oct/2017:06:02:11 +0200] "GET /templates/creator/m_f/fa/fa7/164/assets/slide.js?v=1483633820 HTTP/1.1" 200 662
c13.kazooisyee.tk - - [17/Oct/2017:06:02:11 +0200] "GET /js/footer/get_deps.min.js?v=6.6.7.2.41064 HTTP/1.1" 200 157
c13.kazooisyee.tk - - [17/Oct/2017:06:02:11 +0200] "GET /segel-grundkurs.shtml HTTP/1.1" 200 5378
c13.kazooisyee.tk - - [17/Oct/2017:06:02:11 +0200] "GET /templates/creator/m_f/fa/fa7/164/css/main.min.css?v=1483633820 HTTP/1.1" 200 1797
c13.kazooisyee.tk - - [17/Oct/2017:06:02:11 +0200] "GET /js/footer/build_social_entries.min.js?v=6.6.7.2.41064 HTTP/1.1" 200 278
c13.kazooisyee.tk - - [17/Oct/2017:06:02:11 +0200] "GET /templates/creator/m_f/fa/fa7/164/assets/respond.min.js?v=1483633820 HTTP/1.1" 200 2085
c13.kazooisyee.tk - - [17/Oct/2017:06:02:11 +0200] "GET /templates/creator/m_f/fa/fa7/164/assets/wp-menu.js?v=1483633820 HTTP/1.1" 200 1089
c13.kazooisyee.tk - - [17/Oct/2017:06:02:11 +0200] "GET /js/functions_stripped.js?v=6.6.7.2.41064 HTTP/1.1" 200 3186
c13.kazooisyee.tk - - [17/Oct/2017:06:02:12 +0200] "GET /js/footer/get_deps.min.js?v=6.6.7.2.41064 HTTP/1.1" 200 157
c13.kazooisyee.tk - - [17/Oct/2017:06:02:12 +0200] "GET /css/widgets/concat_widget.min.css?v=6.6.7.2.41064 HTTP/1.1" 200 24507
c13.kazooisyee.tk - - [17/Oct/2017:06:02:12 +0200] "GET /templates/creator/m_f/fa/fa7/164/css/main.min.css?v=1483633820 HTTP/1.1" 200 1797
c13.kazooisyee.tk - - [17/Oct/2017:06:02:12 +0200] "GET /templates/creator/m_f/fa/fa7/164/assets/wp-menu.js?v=1483633820 HTTP/1.1" 200 1089
c13.kazooisyee.tk - - [17/Oct/2017:06:02:12 +0200] "GET /js/footer/build_social_entries.min.js?v=6.6.7.2.41064 HTTP/1.1" 200 278
c13.kazooisyee.tk - - [17/Oct/2017:06:02:12 +0200] "GET /js/functions_stripped.js?v=6.6.7.2.41064 HTTP/1.1" 200 3186
c13.kazooisyee.tk - - [17/Oct/2017:06:02:12 +0200] "GET /templates/creator/m_f/fa/fa7/164/assets/respond.min.js?v=1483633820 HTTP/1.1" 200 2085
c13.kazooisyee.tk - - [17/Oct/2017:06:02:12 +0200] "GET /templates/creator/m_f/fa/fa7/164/css/style.min.css?v=1483633820 HTTP/1.1" 200 847
c13.kazooisyee.tk - - [17/Oct/2017:06:02:12 +0200] "GET /templates/creator/m_f/fa/fa7/164/assets/slide.js?v=1483633820 HTTP/1.1" 200 662
c13.kazooisyee.tk - - [17/Oct/2017:06:02:20 +0200] "GET /robots.txt HTTP/1.1" 200 80
msnbot-40-77-167-71.search.msn.com - - [17/Oct/2017:06:05:50 +0200] "GET /var/m_0/0d/0dd/12455/125498-31_Sprinto.JPG HTTP/1.1" 200 60889
hydrogen160.a.ahrefs.com - - [17/Oct/2017:06:15:20 +0200] "GET /var/m_0/0d/0dd/12455/6564696-G3_SKT2015_26.jpg HTTP/1.1" 200 113715
msnbot-40-77-167-137.search.msn.com - - [17/Oct/2017:06:15:59 +0200] "GET / HTTP/1.1" 200 6440
msnbot-207-46-13-180.search.msn.com - - [17/Oct/2017:06:20:15 +0200] "GET / HTTP/1.1" 200 6440
msnbot-157-55-39-87.search.msn.com - - [17/Oct/2017:06:21:53 +0200] "GET /var/m_0/0d/0dd/12455/126126-43_See.JPG HTTP/1.1" 200 86511
msnbot-40-77-167-137.search.msn.com - - [17/Oct/2017:06:34:25 +0200] "GET /var/m_0/0d/0dd/12455/7230969-37_Pedalo2.jpg HTTP/1.1" 200 107785
ec2-13-57-10-111.us-west-1.compute.amazonaws.com - - [17/Oct/2017:06:59:35 +0200] "GET / HTTP/1.1" 200 6440
