208.red.82.37.46.procono.es - - [16/Nov/2017:23:01:02 +0100] "GET / HTTP/1.1" 200 35804
208.red.82.37.46.procono.es - - [16/Nov/2017:23:01:02 +0100] "GET /events.shtml HTTP/1.1" 200 22514
208.red.82.37.46.procono.es - - [16/Nov/2017:23:01:03 +0100] "GET /galerie.shtml HTTP/1.1" 200 22747
208.red.82.37.46.procono.es - - [16/Nov/2017:23:01:03 +0100] "GET /kurse.shtml HTTP/1.1" 200 31031
208.red.82.37.46.procono.es - - [16/Nov/2017:23:01:04 +0100] "GET /event-gruppesmartkat.shtml HTTP/1.1" 200 21256
208.red.82.37.46.procono.es - - [16/Nov/2017:23:01:04 +0100] "GET /vermietung.shtml HTTP/1.1" 200 25728
208.red.82.37.46.procono.es - - [16/Nov/2017:23:01:05 +0100] "GET /galerie-matchracing.shtml HTTP/1.1" 200 21704
208.red.82.37.46.procono.es - - [16/Nov/2017:23:01:05 +0100] "GET /galerie-sktrophy-2014.shtml HTTP/1.1" 200 29913
208.red.82.37.46.procono.es - - [16/Nov/2017:23:01:05 +0100] "GET /event-pedalo.shtml HTTP/1.1" 200 20248
208.red.82.37.46.procono.es - - [16/Nov/2017:23:01:05 +0100] "GET /event-matchracing.shtml HTTP/1.1" 200 21251
208.red.82.37.46.procono.es - - [16/Nov/2017:23:01:05 +0100] "GET /galerie-gruppesmartkat.shtml HTTP/1.1" 200 20574
208.red.82.37.46.procono.es - - [16/Nov/2017:23:01:06 +0100] "GET /galerie-sktrophy-2015.shtml HTTP/1.1" 200 49420
208.red.82.37.46.procono.es - - [16/Nov/2017:23:01:07 +0100] "GET /optikurse-2014.shtml HTTP/1.1" 200 26353
208.red.82.37.46.procono.es - - [16/Nov/2017:23:01:07 +0100] "GET /kinder-segelkurs.shtml HTTP/1.1" 200 19898
208.red.82.37.46.procono.es - - [16/Nov/2017:23:01:07 +0100] "GET /pruefungskurs.shtml HTTP/1.1" 200 23039
208.red.82.37.46.procono.es - - [16/Nov/2017:23:01:08 +0100] "GET /segelkurs-jollesmartkat.shtml HTTP/1.1" 200 19993
208.red.82.37.46.procono.es - - [16/Nov/2017:23:01:08 +0100] "GET /segel-grundkurs.shtml HTTP/1.1" 200 21440
208.red.82.37.46.procono.es - - [16/Nov/2017:23:01:08 +0100] "GET /smartkat-crashkurs.shtml HTTP/1.1" 200 17863
208.red.82.37.46.procono.es - - [16/Nov/2017:23:01:09 +0100] "GET /Perspectiva.html? HTTP/1.1" 200 18069
208.red.82.37.46.procono.es - - [16/Nov/2017:23:01:09 +0100] "GET /js/functions_stripped.js?v=6.6.7.2.41064 HTTP/1.1" 200 7672
208.red.82.37.46.procono.es - - [16/Nov/2017:23:01:09 +0100] "GET /flotte.shtml HTTP/1.1" 200 29241
208.red.82.37.46.procono.es - - [16/Nov/2017:23:01:09 +0100] "GET /js/jquery.lazyload.min.js?v=6.6.7.2.41064 HTTP/1.1" 200 3342
208.red.82.37.46.procono.es - - [16/Nov/2017:23:01:10 +0100] "GET /event-matchracing HTTP/1.1" 200 21251
208.red.82.37.46.procono.es - - [16/Nov/2017:23:01:10 +0100] "GET /event-gruppesmartkat HTTP/1.1" 200 21256
208.red.82.37.46.procono.es - - [16/Nov/2017:23:01:10 +0100] "GET /davosersee HTTP/1.1" 200 19505
208.red.82.37.46.procono.es - - [16/Nov/2017:23:01:10 +0100] "GET /aktuelles-wetter HTTP/1.1" 200 18388
208.red.82.37.46.procono.es - - [16/Nov/2017:23:01:10 +0100] "GET /js/).html(a);null==$( HTTP/1.1" 200 219
208.red.82.37.46.procono.es - - [16/Nov/2017:23:01:10 +0100] "GET /event-pedalo HTTP/1.1" 200 20248
208.red.82.37.46.procono.es - - [16/Nov/2017:23:01:11 +0100] "GET /events HTTP/1.1" 200 22514
208.red.82.37.46.procono.es - - [16/Nov/2017:23:01:11 +0100] "GET /flotte HTTP/1.1" 200 29385
h30.onetel95.onetelecom.od.ua - - [16/Nov/2017:23:01:49 +0100] "GET / HTTP/1.1" 200 6440
208.red.82.37.46.procono.es - - [16/Nov/2017:23:02:20 +0100] "GET / HTTP/1.1" 200 35804
208.red.82.37.46.procono.es - - [16/Nov/2017:23:02:21 +0100] "GET /events.shtml HTTP/1.1" 200 22514
208.red.82.37.46.procono.es - - [16/Nov/2017:23:02:21 +0100] "GET /galerie.shtml HTTP/1.1" 200 22747
208.red.82.37.46.procono.es - - [16/Nov/2017:23:02:22 +0100] "GET /event-gruppesmartkat.shtml HTTP/1.1" 200 21256
208.red.82.37.46.procono.es - - [16/Nov/2017:23:02:22 +0100] "GET /kurse.shtml HTTP/1.1" 200 31031
208.red.82.37.46.procono.es - - [16/Nov/2017:23:02:22 +0100] "GET /vermietung.shtml HTTP/1.1" 200 25728
208.red.82.37.46.procono.es - - [16/Nov/2017:23:02:23 +0100] "GET /event-matchracing.shtml HTTP/1.1" 200 21251
208.red.82.37.46.procono.es - - [16/Nov/2017:23:02:23 +0100] "GET /galerie-matchracing.shtml HTTP/1.1" 200 21704
208.red.82.37.46.procono.es - - [16/Nov/2017:23:02:23 +0100] "GET /galerie-gruppesmartkat.shtml HTTP/1.1" 200 20574
208.red.82.37.46.procono.es - - [16/Nov/2017:23:02:23 +0100] "GET /event-pedalo.shtml HTTP/1.1" 200 20248
208.red.82.37.46.procono.es - - [16/Nov/2017:23:02:24 +0100] "GET /galerie-sktrophy-2014.shtml HTTP/1.1" 200 29913
208.red.82.37.46.procono.es - - [16/Nov/2017:23:02:24 +0100] "GET /galerie-sktrophy-2015.shtml HTTP/1.1" 200 49420
208.red.82.37.46.procono.es - - [16/Nov/2017:23:02:25 +0100] "GET /optikurse-2014.shtml HTTP/1.1" 200 26353
208.red.82.37.46.procono.es - - [16/Nov/2017:23:02:26 +0100] "GET /kinder-segelkurs.shtml HTTP/1.1" 200 19898
208.red.82.37.46.procono.es - - [16/Nov/2017:23:02:26 +0100] "GET /pruefungskurs.shtml HTTP/1.1" 200 23039
208.red.82.37.46.procono.es - - [16/Nov/2017:23:02:26 +0100] "GET /segel-grundkurs.shtml HTTP/1.1" 200 21440
208.red.82.37.46.procono.es - - [16/Nov/2017:23:02:27 +0100] "GET /smartkat-crashkurs.shtml HTTP/1.1" 200 17863
208.red.82.37.46.procono.es - - [16/Nov/2017:23:02:27 +0100] "GET /segelkurs-jollesmartkat.shtml HTTP/1.1" 200 19993
208.red.82.37.46.procono.es - - [16/Nov/2017:23:02:27 +0100] "GET /flotte.shtml HTTP/1.1" 200 29241
208.red.82.37.46.procono.es - - [16/Nov/2017:23:02:28 +0100] "GET /Perspectiva.html? HTTP/1.1" 200 18069
208.red.82.37.46.procono.es - - [16/Nov/2017:23:02:28 +0100] "GET /aktuelles-wetter HTTP/1.1" 200 18388
208.red.82.37.46.procono.es - - [16/Nov/2017:23:02:28 +0100] "GET /js/functions_stripped.js?v=6.6.7.2.41064 HTTP/1.1" 200 7672
208.red.82.37.46.procono.es - - [16/Nov/2017:23:02:28 +0100] "GET /js/).html(a);null==$( HTTP/1.1" 200 219
208.red.82.37.46.procono.es - - [16/Nov/2017:23:02:28 +0100] "GET /js/jquery.lazyload.min.js?v=6.6.7.2.41064 HTTP/1.1" 200 3342
208.red.82.37.46.procono.es - - [16/Nov/2017:23:02:29 +0100] "GET /davosersee HTTP/1.1" 200 19505
208.red.82.37.46.procono.es - - [16/Nov/2017:23:02:29 +0100] "GET /event-matchracing HTTP/1.1" 200 21251
208.red.82.37.46.procono.es - - [16/Nov/2017:23:02:29 +0100] "GET /event-gruppesmartkat HTTP/1.1" 200 21256
208.red.82.37.46.procono.es - - [16/Nov/2017:23:02:30 +0100] "GET /event-pedalo HTTP/1.1" 200 20248
208.red.82.37.46.procono.es - - [16/Nov/2017:23:02:30 +0100] "GET /flotte HTTP/1.1" 200 29385
208.red.82.37.46.procono.es - - [16/Nov/2017:23:02:30 +0100] "GET /events HTTP/1.1" 200 22514
msnbot-40-77-167-69.search.msn.com - - [16/Nov/2017:23:33:49 +0100] "GET /kinder-segelkurs.shtml HTTP/1.1" 200 5171
