hydrogen208.a.ahrefs.com - - [21/Nov/2017:20:01:17 +0100] "GET / HTTP/1.1" 200 6440
163-172-65-51.rev.poneytelecom.eu - - [21/Nov/2017:20:01:18 +0100] "GET /js/footer/build_social_entries.min.js?v=6.6.7.2.41064 HTTP/1.1" 200 278
163-172-65-51.rev.poneytelecom.eu - - [21/Nov/2017:20:01:18 +0100] "GET /templates/creator/m_f/fa/fa7/164/css/main.min.css?v=1483633820 HTTP/1.1" 200 1797
163-172-65-51.rev.poneytelecom.eu - - [21/Nov/2017:20:01:18 +0100] "GET /templates/creator/m_f/fa/fa7/164/css/style.min.css?v=1483633820 HTTP/1.1" 200 847
163-172-65-51.rev.poneytelecom.eu - - [21/Nov/2017:20:01:18 +0100] "GET /templates/creator/m_f/fa/fa7/164/assets/wp-menu.js?v=1483633820 HTTP/1.1" 200 1089
163-172-65-51.rev.poneytelecom.eu - - [21/Nov/2017:20:01:18 +0100] "GET /templates/creator/m_f/fa/fa7/164/assets/respond.min.js?v=1483633820 HTTP/1.1" 200 2085
163-172-65-51.rev.poneytelecom.eu - - [21/Nov/2017:20:01:18 +0100] "GET /js/functions_stripped.js?v=6.6.7.2.41064 HTTP/1.1" 200 3186
163-172-65-51.rev.poneytelecom.eu - - [21/Nov/2017:20:01:18 +0100] "GET /js/jquery.lazyload.min.js?v=6.6.7.2.41064 HTTP/1.1" 200 1283
163-172-65-51.rev.poneytelecom.eu - - [21/Nov/2017:20:01:18 +0100] "GET /js/footer/get_deps.min.js?v=6.6.7.2.41064 HTTP/1.1" 200 157
163-172-65-51.rev.poneytelecom.eu - - [21/Nov/2017:20:01:17 +0100] "GET / HTTP/1.1" 200 6440
163-172-65-51.rev.poneytelecom.eu - - [21/Nov/2017:20:01:18 +0100] "GET /css/widgets/concat_widget.min.css?v=6.6.7.2.41064 HTTP/1.1" 200 24507
163-172-65-51.rev.poneytelecom.eu - - [21/Nov/2017:20:01:18 +0100] "GET /css/skeleton.css HTTP/1.1" 200 3511
163-172-65-51.rev.poneytelecom.eu - - [21/Nov/2017:20:01:18 +0100] "GET /templates/creator/m_f/fa/fa7/164/assets/slide.js?v=1483633820 HTTP/1.1" 200 662
crawl-107-170-187-194.qwant.com - - [21/Nov/2017:20:10:15 +0100] "GET /galerie-sktrophy-2014.shtml HTTP/1.0" 200 5044
137.174.107.92.dynamic.wline.res.cust.swisscom.ch - - [21/Nov/2017:20:38:06 +0100] "GET /segel-grundkurs.shtml HTTP/1.1" 200 5378
137.174.107.92.dynamic.wline.res.cust.swisscom.ch - - [21/Nov/2017:20:38:07 +0100] "GET /segel-grundkurs.shtml HTTP/1.1" 200 5365
137.174.107.92.dynamic.wline.res.cust.swisscom.ch - - [21/Nov/2017:20:38:06 +0100] "GET /apple-touch-icon-precomposed.png HTTP/1.1" 200 4297
137.174.107.92.dynamic.wline.res.cust.swisscom.ch - - [21/Nov/2017:20:38:07 +0100] "GET /apple-touch-icon.png HTTP/1.1" 200 4297
137.174.107.92.dynamic.wline.res.cust.swisscom.ch - - [21/Nov/2017:20:38:07 +0100] "GET /templates/resellers/7/favicon.ico?v=1506149034 HTTP/1.1" 200 4286
137.174.107.92.dynamic.wline.res.cust.swisscom.ch - - [21/Nov/2017:20:38:07 +0100] "GET /apple-touch-icon-precomposed.png HTTP/1.1" 200 4297
137.174.107.92.dynamic.wline.res.cust.swisscom.ch - - [21/Nov/2017:20:38:07 +0100] "GET /apple-touch-icon.png HTTP/1.1" 200 4297
137.174.107.92.dynamic.wline.res.cust.swisscom.ch - - [21/Nov/2017:20:38:07 +0100] "GET /templates/resellers/7/favicon.ico?v=1509574817 HTTP/1.1" 200 4286
95-108-181-76.spider.yandex.com - - [21/Nov/2017:20:52:15 +0100] "GET /robots.txt HTTP/1.1" 200 120
95-108-181-76.spider.yandex.com - - [21/Nov/2017:20:52:19 +0100] "GET /favicon.ico HTTP/1.1" 200 1150
