188-23-42-82.adsl.highway.telekom.at - - [05/Dec/2017:20:09:38 +0100] "GET /css/skeleton.css HTTP/1.1" 200 3511
188-23-42-82.adsl.highway.telekom.at - - [05/Dec/2017:20:09:38 +0100] "GET /css/skeleton.css HTTP/1.1" 200 3511
188-23-42-82.adsl.highway.telekom.at - - [05/Dec/2017:20:09:38 +0100] "OPTIONS /css/ HTTP/1.1" 200 -
188-23-42-82.adsl.highway.telekom.at - - [05/Dec/2017:20:09:38 +0100] "OPTIONS /css/ HTTP/1.1" 200 -
188-23-42-82.adsl.highway.telekom.at - - [05/Dec/2017:20:09:58 +0100] "GET /%C3%BCber-uns.shtml HTTP/1.1" 200 4740
188-23-42-82.adsl.highway.telekom.at - - [05/Dec/2017:20:09:59 +0100] "GET /var/m_0/0d/0dd/12455/143352-Header_Segelschule_2.jpg HTTP/1.1" 200 107532
188-23-42-82.adsl.highway.telekom.at - - [05/Dec/2017:20:09:59 +0100] "GET /var/m_0/0d/0dd/12455/119662-DSC_7544.JPG HTTP/1.1" 200 65485
188-23-42-82.adsl.highway.telekom.at - - [05/Dec/2017:20:09:59 +0100] "GET /var/m_0/0d/0dd/12455/125486-2_Sportkurs.JPG HTTP/1.1" 200 69000
188-23-42-82.adsl.highway.telekom.at - - [05/Dec/2017:20:09:59 +0100] "GET /var/m_0/0d/0dd/12455/126124-41_Wetter.JPG HTTP/1.1" 200 26919
188-23-42-82.adsl.highway.telekom.at - - [05/Dec/2017:20:09:59 +0100] "GET /var/m_0/0d/0dd/12455/126125-42_Standort.JPG HTTP/1.1" 200 63490
188-23-42-82.adsl.highway.telekom.at - - [05/Dec/2017:20:09:59 +0100] "GET /templates/resellers/7/favicon.ico?v=1506148998 HTTP/1.1" 200 4286
188-23-42-82.adsl.highway.telekom.at - - [05/Dec/2017:20:11:06 +0100] "HEAD / HTTP/1.1" 403 -
188-23-42-82.adsl.highway.telekom.at - - [05/Dec/2017:20:11:08 +0100] "GET / HTTP/1.1" 200 6440
188-23-42-82.adsl.highway.telekom.at - - [05/Dec/2017:20:11:09 +0100] "GET /js/footer/build_social_entries.min.js?v=6.6.7.2.41064 HTTP/1.1" 200 278
188-23-42-82.adsl.highway.telekom.at - - [05/Dec/2017:20:11:09 +0100] "GET /js/functions_stripped.js?v=6.6.7.2.41064 HTTP/1.1" 200 3186
188-23-42-82.adsl.highway.telekom.at - - [05/Dec/2017:20:11:09 +0100] "GET /var/m_0/0d/0dd/12455/125493-13_Kurse.JPG HTTP/1.1" 200 70517
188-23-42-82.adsl.highway.telekom.at - - [05/Dec/2017:20:11:09 +0100] "GET /css/widgets/concat_widget.min.css?v=6.6.7.2.41064 HTTP/1.1" 200 24507
188-23-42-82.adsl.highway.telekom.at - - [05/Dec/2017:20:11:09 +0100] "GET /js/jquery.lazyload.min.js?v=6.6.7.2.41064 HTTP/1.1" 200 1283
188-23-42-82.adsl.highway.telekom.at - - [05/Dec/2017:20:11:09 +0100] "GET /var/m_0/0d/0dd/12455/7230972-19_Matchracing.jpg HTTP/1.1" 200 55347
188-23-42-82.adsl.highway.telekom.at - - [05/Dec/2017:20:11:09 +0100] "GET /templates/resellers/7/favicon.ico?v=1506103971 HTTP/1.1" 200 4286
188-23-42-82.adsl.highway.telekom.at - - [05/Dec/2017:20:11:09 +0100] "GET /css/skeleton.css HTTP/1.1" 200 3511
188-23-42-82.adsl.highway.telekom.at - - [05/Dec/2017:20:11:09 +0100] "GET /var/m_0/0d/0dd/12455/143351-Header_Segelschule.jpg HTTP/1.1" 200 107532
188-23-42-82.adsl.highway.telekom.at - - [05/Dec/2017:20:11:09 +0100] "GET / HTTP/1.1" 200 6440
188-23-42-82.adsl.highway.telekom.at - - [05/Dec/2017:20:11:09 +0100] "GET /templates/creator/m_f/fa/fa7/164/css/main.min.css?v=1483633820 HTTP/1.1" 200 1797
188-23-42-82.adsl.highway.telekom.at - - [05/Dec/2017:20:11:09 +0100] "GET /templates/creator/m_f/fa/fa7/164/css/style.min.css?v=1483633820 HTTP/1.1" 200 847
188-23-42-82.adsl.highway.telekom.at - - [05/Dec/2017:20:11:09 +0100] "GET /js/footer/get_deps.min.js?v=6.6.7.2.41064 HTTP/1.1" 200 157
188-23-42-82.adsl.highway.telekom.at - - [05/Dec/2017:20:11:09 +0100] "GET /templates/creator/m_f/fa/fa7/164/assets/wp-menu.js?v=1483633820 HTTP/1.1" 200 1089
188-23-42-82.adsl.highway.telekom.at - - [05/Dec/2017:20:11:09 +0100] "GET /templates/creator/m_f/fa/fa7/164/assets/respond.min.js?v=1483633820 HTTP/1.1" 200 2085
188-23-42-82.adsl.highway.telekom.at - - [05/Dec/2017:20:11:09 +0100] "GET /templates/creator/m_f/fa/fa7/164/assets/slide.js?v=1483633820 HTTP/1.1" 200 662
188-23-42-82.adsl.highway.telekom.at - - [05/Dec/2017:20:11:09 +0100] "GET /var/m_0/0d/0dd/12455/8254793-J70_Davos.w1024.jpg HTTP/1.1" 200 191999
188-23-42-82.adsl.highway.telekom.at - - [05/Dec/2017:20:11:09 +0100] "GET /var/m_0/0d/0dd/12455/6564603-SK_Tro_Head.jpg HTTP/1.1" 200 136780
188-23-42-82.adsl.highway.telekom.at - - [05/Dec/2017:20:11:09 +0100] "GET /var/m_0/0d/0dd/12455/8218280-65_Regatta.JPG HTTP/1.1" 200 192350
188-23-42-82.adsl.highway.telekom.at - - [05/Dec/2017:20:11:10 +0100] "GET /var/m_0/0d/0dd/12455/125494-14_Vermietung.JPG HTTP/1.1" 200 95115
188-23-42-82.adsl.highway.telekom.at - - [05/Dec/2017:20:11:10 +0100] "GET /var/m_0/0d/0dd/12455/143582-SP_Gipfel1.jpg HTTP/1.1" 200 2688
188-23-42-82.adsl.highway.telekom.at - - [05/Dec/2017:20:11:10 +0100] "GET /var/m_0/0d/0dd/12455/8288159-EWD_rgb_pos.jpg HTTP/1.1" 200 207458
188-23-42-82.adsl.highway.telekom.at - - [05/Dec/2017:20:11:10 +0100] "GET /var/m_0/0d/0dd/12455/143586-SP_DK1.jpg HTTP/1.1" 200 3071
188-23-42-82.adsl.highway.telekom.at - - [05/Dec/2017:20:11:10 +0100] "GET /var/m_0/0d/0dd/12455/143580-SP_Heierling1.jpg HTTP/1.1" 200 2613
188-23-42-82.adsl.highway.telekom.at - - [05/Dec/2017:20:11:10 +0100] "GET /var/m_0/0d/0dd/12455/125495-15_Event.JPG HTTP/1.1" 200 59088
188-23-42-82.adsl.highway.telekom.at - - [05/Dec/2017:20:11:10 +0100] "GET /var/m_0/0d/0dd/12455/143584-SP_Lemm1.jpg HTTP/1.1" 200 2321
188-23-42-82.adsl.highway.telekom.at - - [05/Dec/2017:20:34:04 +0100] "HEAD / HTTP/1.1" 403 -
188-23-42-82.adsl.highway.telekom.at - - [05/Dec/2017:20:34:05 +0100] "GET / HTTP/1.1" 200 6440
188-23-42-82.adsl.highway.telekom.at - - [05/Dec/2017:20:34:07 +0100] "GET / HTTP/1.1" 200 6440
134-249-80-20.broadband.kyivstar.net - - [05/Dec/2017:20:35:24 +0100] "GET / HTTP/1.1" 200 35804
134-249-80-20.broadband.kyivstar.net - - [05/Dec/2017:20:35:25 +0100] "GET / HTTP/1.1" 200 35804
134-249-80-20.broadband.kyivstar.net - - [05/Dec/2017:20:35:25 +0100] "GET / HTTP/1.1" 200 35804
static.66.30.201.138.clients.your-server.de - - [05/Dec/2017:20:39:37 +0100] "GET /robots.txt HTTP/1.0" 200 120
static.66.30.201.138.clients.your-server.de - - [05/Dec/2017:20:39:38 +0100] "GET / HTTP/1.0" 200 35804
static.66.30.201.138.clients.your-server.de - - [05/Dec/2017:20:39:41 +0100] "GET /templates/resellers/7/favicon.ico?v=1506103971 HTTP/1.0" 200 4286
static.66.30.201.138.clients.your-server.de - - [05/Dec/2017:20:39:43 +0100] "GET /css/widgets/concat_widget.min.css?v=6.6.7.2.41064 HTTP/1.0" 200 138686
static.66.30.201.138.clients.your-server.de - - [05/Dec/2017:20:39:44 +0100] "GET /templates/creator/m_f/fa/fa7/164/css/main.min.css?v=1483633820 HTTP/1.0" 200 7582
static.66.30.201.138.clients.your-server.de - - [05/Dec/2017:20:39:46 +0100] "GET /templates/creator/m_f/fa/fa7/164/css/style.min.css?v=1483633820 HTTP/1.0" 200 2787
static.66.30.201.138.clients.your-server.de - - [05/Dec/2017:20:39:48 +0100] "GET /js/footer/get_deps.min.js?v=6.6.7.2.41064 HTTP/1.0" 200 149
static.66.30.201.138.clients.your-server.de - - [05/Dec/2017:20:39:49 +0100] "GET /js/footer/build_social_entries.min.js?v=6.6.7.2.41064 HTTP/1.0" 200 766
static.66.30.201.138.clients.your-server.de - - [05/Dec/2017:20:39:51 +0100] "GET /css/skeleton.css HTTP/1.0" 200 18022
129.181.202.62.dynamic.cgnat.res.cust.swisscom.ch - - [05/Dec/2017:20:47:36 +0100] "GET /davosersee HTTP/1.1" 200 5477
129.181.202.62.dynamic.cgnat.res.cust.swisscom.ch - - [05/Dec/2017:20:47:37 +0100] "GET /templates/creator/m_f/fa/fa7/164/css/style.min.css?v=1483633820 HTTP/1.1" 200 847
129.181.202.62.dynamic.cgnat.res.cust.swisscom.ch - - [05/Dec/2017:20:47:37 +0100] "GET /templates/creator/m_f/fa/fa7/164/css/main.min.css?v=1483633820 HTTP/1.1" 200 1797
129.181.202.62.dynamic.cgnat.res.cust.swisscom.ch - - [05/Dec/2017:20:47:37 +0100] "GET /js/footer/get_deps.min.js?v=6.6.7.2.41064 HTTP/1.1" 200 157
129.181.202.62.dynamic.cgnat.res.cust.swisscom.ch - - [05/Dec/2017:20:47:37 +0100] "GET /templates/creator/m_f/fa/fa7/164/assets/slide.js?v=1483633820 HTTP/1.1" 200 662
129.181.202.62.dynamic.cgnat.res.cust.swisscom.ch - - [05/Dec/2017:20:47:37 +0100] "GET /var/m_0/0d/0dd/12455/126126-43_See.JPG HTTP/1.1" 200 86511
129.181.202.62.dynamic.cgnat.res.cust.swisscom.ch - - [05/Dec/2017:20:47:37 +0100] "GET /css/widgets/concat_widget.min.css?v=6.6.7.2.41064 HTTP/1.1" 200 24507
129.181.202.62.dynamic.cgnat.res.cust.swisscom.ch - - [05/Dec/2017:20:47:37 +0100] "GET /templates/creator/m_f/fa/fa7/164/assets/wp-menu.js?v=1483633820 HTTP/1.1" 200 1089
129.181.202.62.dynamic.cgnat.res.cust.swisscom.ch - - [05/Dec/2017:20:47:37 +0100] "GET /js/footer/build_social_entries.min.js?v=6.6.7.2.41064 HTTP/1.1" 200 278
129.181.202.62.dynamic.cgnat.res.cust.swisscom.ch - - [05/Dec/2017:20:47:37 +0100] "GET /templates/creator/m_f/fa/fa7/164/assets/respond.min.js?v=1483633820 HTTP/1.1" 200 2085
129.181.202.62.dynamic.cgnat.res.cust.swisscom.ch - - [05/Dec/2017:20:47:37 +0100] "GET /var/m_0/0d/0dd/12455/143352-Header_Segelschule_2.jpg HTTP/1.1" 200 107532
129.181.202.62.dynamic.cgnat.res.cust.swisscom.ch - - [05/Dec/2017:20:47:37 +0100] "GET /css/skeleton.css HTTP/1.1" 200 3511
129.181.202.62.dynamic.cgnat.res.cust.swisscom.ch - - [05/Dec/2017:20:47:37 +0100] "GET /js/functions_stripped.js?v=6.6.7.2.41064 HTTP/1.1" 200 3186
crawl-66-249-66-5.googlebot.com - - [05/Dec/2017:20:50:09 +0100] "GET /robots.txt HTTP/1.1" 200 80
crawl-66-249-66-7.googlebot.com - - [05/Dec/2017:20:50:11 +0100] "GET /js/footer/get_deps.min.js?v=6.6.7.2.41276 HTTP/1.1" 200 157
crawl-66-249-66-3.googlebot.com - - [05/Dec/2017:20:50:12 +0100] "GET /js/footer/build_social_entries.min.js?v=6.6.7.2.41276 HTTP/1.1" 200 278
crawl-66-249-66-3.googlebot.com - - [05/Dec/2017:20:50:13 +0100] "GET /css/widgets/concat_widget.min.css?v=6.6.7.2.41276 HTTP/1.1" 200 24507
crawl-66-249-66-5.googlebot.com - - [05/Dec/2017:20:50:14 +0100] "GET /js/functions_stripped.js?v=6.6.7.2.41276 HTTP/1.1" 200 3186
