24.204.15.62.static.jazztel.es - - [11/Dec/2017:02:11:50 +0100] "GET / HTTP/1.1" 200 35804
24.204.15.62.static.jazztel.es - - [11/Dec/2017:02:11:51 +0100] "GET /aktuelles-wetter.shtml HTTP/1.1" 200 18388
24.204.15.62.static.jazztel.es - - [11/Dec/2017:02:11:51 +0100] "GET /%C3%BCber-uns.shtml HTTP/1.1" 200 21862
24.204.15.62.static.jazztel.es - - [11/Dec/2017:02:11:52 +0100] "GET /event-gruppesmartkat.shtml HTTP/1.1" 200 21256
24.204.15.62.static.jazztel.es - - [11/Dec/2017:02:11:52 +0100] "GET /davosersee.shtml HTTP/1.1" 200 19505
24.204.15.62.static.jazztel.es - - [11/Dec/2017:02:11:53 +0100] "GET /event-matchracing.shtml HTTP/1.1" 200 21251
24.204.15.62.static.jazztel.es - - [11/Dec/2017:02:11:53 +0100] "GET /events.shtml HTTP/1.1" 200 22514
24.204.15.62.static.jazztel.es - - [11/Dec/2017:02:11:53 +0100] "GET /event-pedalo.shtml HTTP/1.1" 200 20248
24.204.15.62.static.jazztel.es - - [11/Dec/2017:02:11:54 +0100] "GET /flotte.shtml HTTP/1.1" 200 29241
24.204.15.62.static.jazztel.es - - [11/Dec/2017:02:11:54 +0100] "GET /galerie-gruppesmartkat.shtml HTTP/1.1" 200 20574
24.204.15.62.static.jazztel.es - - [11/Dec/2017:02:11:55 +0100] "GET /galerie-sktrophy-2014.shtml HTTP/1.1" 200 29913
24.204.15.62.static.jazztel.es - - [11/Dec/2017:02:11:55 +0100] "GET /galerie-matchracing.shtml HTTP/1.1" 200 21704
24.204.15.62.static.jazztel.es - - [11/Dec/2017:02:11:56 +0100] "GET /galerie-sktrophy-2015.shtml HTTP/1.1" 200 49420
24.204.15.62.static.jazztel.es - - [11/Dec/2017:02:11:56 +0100] "GET /galerie.shtml HTTP/1.1" 200 22747
24.204.15.62.static.jazztel.es - - [11/Dec/2017:02:11:57 +0100] "GET /kurse.shtml HTTP/1.1" 200 31031
24.204.15.62.static.jazztel.es - - [11/Dec/2017:02:11:57 +0100] "GET /kinder-segelkurs.shtml HTTP/1.1" 200 19898
24.204.15.62.static.jazztel.es - - [11/Dec/2017:02:11:57 +0100] "GET /kursanmeldung.shtml HTTP/1.1" 200 49926
24.204.15.62.static.jazztel.es - - [11/Dec/2017:02:11:58 +0100] "GET /segel-grundkurs.shtml HTTP/1.1" 200 21440
24.204.15.62.static.jazztel.es - - [11/Dec/2017:02:11:58 +0100] "GET /segelkurs-jollesmartkat.shtml HTTP/1.1" 200 19993
24.204.15.62.static.jazztel.es - - [11/Dec/2017:02:11:58 +0100] "GET /optikurse-2014.shtml HTTP/1.1" 200 26353
24.204.15.62.static.jazztel.es - - [11/Dec/2017:02:11:58 +0100] "GET /pruefungskurs.shtml HTTP/1.1" 200 23039
24.204.15.62.static.jazztel.es - - [11/Dec/2017:02:11:58 +0100] "GET /smartkat-crashkurs.shtml HTTP/1.1" 200 17863
24.204.15.62.static.jazztel.es - - [11/Dec/2017:02:11:59 +0100] "GET /standort.shtml HTTP/1.1" 200 17547
24.204.15.62.static.jazztel.es - - [11/Dec/2017:02:11:59 +0100] "GET /vermietung.shtml HTTP/1.1" 200 25728
24.204.15.62.static.jazztel.es - - [11/Dec/2017:02:11:59 +0100] "GET /js/functions_stripped.js?v=6.6.7.2.41064 HTTP/1.1" 200 7672
24.204.15.62.static.jazztel.es - - [11/Dec/2017:02:12:00 +0100] "GET /js/jquery.lazyload.min.js?v=6.6.7.2.41064 HTTP/1.1" 200 3342
24.204.15.62.static.jazztel.es - - [11/Dec/2017:02:12:00 +0100] "GET /aktuelles-wetter HTTP/1.1" 200 18388
24.204.15.62.static.jazztel.es - - [11/Dec/2017:02:12:00 +0100] "GET /Perspectiva.html? HTTP/1.1" 200 18069
24.204.15.62.static.jazztel.es - - [11/Dec/2017:02:12:01 +0100] "GET /event-gruppesmartkat HTTP/1.1" 200 21256
24.204.15.62.static.jazztel.es - - [11/Dec/2017:02:12:01 +0100] "GET /davosersee HTTP/1.1" 200 19505
24.204.15.62.static.jazztel.es - - [11/Dec/2017:02:12:01 +0100] "GET /event-matchracing HTTP/1.1" 200 21251
24.204.15.62.static.jazztel.es - - [11/Dec/2017:02:12:02 +0100] "GET /galerie-sktrophy-2014 HTTP/1.1" 200 29913
24.204.15.62.static.jazztel.es - - [11/Dec/2017:02:12:02 +0100] "GET /events HTTP/1.1" 200 22514
24.204.15.62.static.jazztel.es - - [11/Dec/2017:02:12:02 +0100] "GET /event-pedalo HTTP/1.1" 200 20248
24.204.15.62.static.jazztel.es - - [11/Dec/2017:02:12:02 +0100] "GET /galerie-gruppesmartkat HTTP/1.1" 200 20574
24.204.15.62.static.jazztel.es - - [11/Dec/2017:02:12:02 +0100] "GET /flotte HTTP/1.1" 200 29385
24.204.15.62.static.jazztel.es - - [11/Dec/2017:02:12:02 +0100] "GET /galerie-matchracing HTTP/1.1" 200 21704
24.204.15.62.static.jazztel.es - - [11/Dec/2017:02:12:03 +0100] "GET /galerie-sktrophy-2015 HTTP/1.1" 200 49420
24.204.15.62.static.jazztel.es - - [11/Dec/2017:02:12:03 +0100] "GET /kurse HTTP/1.1" 200 31031
24.204.15.62.static.jazztel.es - - [11/Dec/2017:02:12:03 +0100] "GET /galerie HTTP/1.1" 200 22747
24.204.15.62.static.jazztel.es - - [11/Dec/2017:02:12:03 +0100] "GET /kinder-segelkurs HTTP/1.1" 200 19898
24.204.15.62.static.jazztel.es - - [11/Dec/2017:02:12:04 +0100] "GET /optikurse-2014 HTTP/1.1" 200 26353
24.204.15.62.static.jazztel.es - - [11/Dec/2017:02:12:04 +0100] "GET /pruefungskurs HTTP/1.1" 200 23039
37-9-113-206.spider.yandex.com - - [11/Dec/2017:02:19:39 +0100] "GET / HTTP/1.1" 200 6440
hydrogen110.a.ahrefs.com - - [11/Dec/2017:02:36:06 +0100] "GET /var/m_0/0d/0dd/12455/143511-G2_Optikurs2014_06.JPG HTTP/1.1" 200 108393
hydrogen047.a.ahrefs.com - - [11/Dec/2017:02:50:38 +0100] "GET /vermietung HTTP/1.1" 200 5100
b115340.yse.yahoo.net - - [11/Dec/2017:02:53:46 +0100] "GET /robots.txt HTTP/1.1" 200 120
b115340.yse.yahoo.net - - [11/Dec/2017:02:53:47 +0100] "GET /segelkurs-jollesmartkat HTTP/1.1" 200 5140
hydrogen242.a.ahrefs.com - - [11/Dec/2017:02:56:43 +0100] "GET /var/m_0/0d/0dd/12455/143490-G1_SKT2014_13.JPG HTTP/1.1" 200 178072
95-108-181-76.spider.yandex.com - - [11/Dec/2017:02:57:02 +0100] "GET /robots.txt HTTP/1.1" 200 120
95-108-181-76.spider.yandex.com - - [11/Dec/2017:02:57:06 +0100] "GET /var/m_0/0d/0dd/12455/143477-G1_SKT2014_01.JPG HTTP/1.1" 200 94726
static.66.30.201.138.clients.your-server.de - - [11/Dec/2017:02:59:52 +0100] "GET /robots.txt HTTP/1.0" 200 120
static.66.30.201.138.clients.your-server.de - - [11/Dec/2017:02:59:54 +0100] "GET / HTTP/1.0" 200 35804
static.66.30.201.138.clients.your-server.de - - [11/Dec/2017:02:59:56 +0100] "GET /templates/resellers/7/favicon.ico?v=1506103971 HTTP/1.0" 200 4286
static.66.30.201.138.clients.your-server.de - - [11/Dec/2017:02:59:58 +0100] "GET /css/widgets/concat_widget.min.css?v=6.6.7.2.41064 HTTP/1.0" 200 138686
