183.253.130.36 - - [08/Dec/2017:14:04:35 +0100] "GET /xmlrpc.php HTTP/1.1" 200 18205
183.253.130.36 - - [08/Dec/2017:14:04:36 +0100] "GET /%20xmlrpc.php HTTP/1.1" 200 18069
msnbot-157-55-39-94.search.msn.com - - [08/Dec/2017:14:12:43 +0100] "GET /css/widgets/concat_widget.min.css?v=6.6.7.2.41064 HTTP/1.1" 200 24507
msnbot-40-77-167-46.search.msn.com - - [08/Dec/2017:14:12:43 +0100] "GET /templates/creator/m_f/fa/fa7/164/assets/slide.js?v=1483633820 HTTP/1.1" 200 662
msnbot-207-46-13-94.search.msn.com - - [08/Dec/2017:14:12:47 +0100] "GET /js/functions_stripped.js?v=6.6.7.2.41064 HTTP/1.1" 200 3186
msnbot-207-46-13-94.search.msn.com - - [08/Dec/2017:14:12:47 +0100] "GET /templates/creator/m_f/fa/fa7/164/assets/wp-menu.js?v=1483633820 HTTP/1.1" 200 1089
msnbot-207-46-13-94.search.msn.com - - [08/Dec/2017:14:12:47 +0100] "GET /js/footer/build_social_entries.min.js?v=6.6.7.2.41064 HTTP/1.1" 200 278
msnbot-207-46-13-94.search.msn.com - - [08/Dec/2017:14:12:48 +0100] "GET /templates/creator/m_f/fa/fa7/164/css/style.min.css?v=1483633820 HTTP/1.1" 200 847
msnbot-207-46-13-94.search.msn.com - - [08/Dec/2017:14:12:48 +0100] "GET /templates/creator/m_f/fa/fa7/164/css/main.min.css?v=1483633820 HTTP/1.1" 200 1797
msnbot-157-55-39-151.search.msn.com - - [08/Dec/2017:14:12:49 +0100] "GET /css/skeleton.css HTTP/1.1" 200 3511
msnbot-157-55-39-151.search.msn.com - - [08/Dec/2017:14:12:50 +0100] "GET /js/footer/get_deps.min.js?v=6.6.7.2.41064 HTTP/1.1" 200 157
msnbot-157-55-39-151.search.msn.com - - [08/Dec/2017:14:12:50 +0100] "GET /templates/creator/m_f/fa/fa7/164/assets/respond.min.js?v=1483633820 HTTP/1.1" 200 2085
crawl-66-249-64-27.googlebot.com - - [08/Dec/2017:14:27:34 +0100] "GET / HTTP/1.1" 200 6440
16.243.62.188.dynamic.wline.res.cust.swisscom.ch - - [08/Dec/2017:14:54:27 +0100] "GET / HTTP/1.1" 200 6440
16.243.62.188.dynamic.wline.res.cust.swisscom.ch - - [08/Dec/2017:14:54:28 +0100] "GET /css/widgets/concat_widget.min.css?v=6.6.7.2.41064 HTTP/1.1" 200 24507
16.243.62.188.dynamic.wline.res.cust.swisscom.ch - - [08/Dec/2017:14:54:28 +0100] "GET /css/skeleton.css HTTP/1.1" 200 3511
16.243.62.188.dynamic.wline.res.cust.swisscom.ch - - [08/Dec/2017:14:54:28 +0100] "GET /js/footer/get_deps.min.js?v=6.6.7.2.41064 HTTP/1.1" 200 157
16.243.62.188.dynamic.wline.res.cust.swisscom.ch - - [08/Dec/2017:14:54:28 +0100] "GET /js/footer/build_social_entries.min.js?v=6.6.7.2.41064 HTTP/1.1" 200 278
16.243.62.188.dynamic.wline.res.cust.swisscom.ch - - [08/Dec/2017:14:54:28 +0100] "GET /templates/creator/m_f/fa/fa7/164/css/main.min.css?v=1483633820 HTTP/1.1" 200 1797
16.243.62.188.dynamic.wline.res.cust.swisscom.ch - - [08/Dec/2017:14:54:28 +0100] "GET /templates/creator/m_f/fa/fa7/164/css/style.min.css?v=1483633820 HTTP/1.1" 200 847
16.243.62.188.dynamic.wline.res.cust.swisscom.ch - - [08/Dec/2017:14:54:28 +0100] "GET /templates/creator/m_f/fa/fa7/164/assets/respond.min.js?v=1483633820 HTTP/1.1" 200 2085
16.243.62.188.dynamic.wline.res.cust.swisscom.ch - - [08/Dec/2017:14:54:28 +0100] "GET /templates/creator/m_f/fa/fa7/164/assets/wp-menu.js?v=1483633820 HTTP/1.1" 200 1089
16.243.62.188.dynamic.wline.res.cust.swisscom.ch - - [08/Dec/2017:14:54:28 +0100] "GET /templates/creator/m_f/fa/fa7/164/assets/slide.js?v=1483633820 HTTP/1.1" 200 662
16.243.62.188.dynamic.wline.res.cust.swisscom.ch - - [08/Dec/2017:14:54:28 +0100] "GET /js/functions_stripped.js?v=6.6.7.2.41064 HTTP/1.1" 200 3186
16.243.62.188.dynamic.wline.res.cust.swisscom.ch - - [08/Dec/2017:14:54:28 +0100] "GET /js/jquery.lazyload.min.js?v=6.6.7.2.41064 HTTP/1.1" 200 1283
16.243.62.188.dynamic.wline.res.cust.swisscom.ch - - [08/Dec/2017:14:54:28 +0100] "GET /var/m_0/0d/0dd/12455/143351-Header_Segelschule.jpg HTTP/1.1" 200 107532
16.243.62.188.dynamic.wline.res.cust.swisscom.ch - - [08/Dec/2017:14:54:28 +0100] "GET /var/m_0/0d/0dd/12455/6564603-SK_Tro_Head.jpg HTTP/1.1" 200 136780
16.243.62.188.dynamic.wline.res.cust.swisscom.ch - - [08/Dec/2017:14:54:28 +0100] "GET /var/m_0/0d/0dd/12455/8254793-J70_Davos.w1024.jpg HTTP/1.1" 200 191999
16.243.62.188.dynamic.wline.res.cust.swisscom.ch - - [08/Dec/2017:14:54:28 +0100] "GET /var/m_0/0d/0dd/12455/7230972-19_Matchracing.jpg HTTP/1.1" 200 55347
16.243.62.188.dynamic.wline.res.cust.swisscom.ch - - [08/Dec/2017:14:54:28 +0100] "GET /var/m_0/0d/0dd/12455/8218280-65_Regatta.JPG HTTP/1.1" 200 192350
16.243.62.188.dynamic.wline.res.cust.swisscom.ch - - [08/Dec/2017:14:54:28 +0100] "GET /var/m_0/0d/0dd/12455/125493-13_Kurse.JPG HTTP/1.1" 200 70517
16.243.62.188.dynamic.wline.res.cust.swisscom.ch - - [08/Dec/2017:14:54:28 +0100] "GET /var/m_0/0d/0dd/12455/125494-14_Vermietung.JPG HTTP/1.1" 200 95115
16.243.62.188.dynamic.wline.res.cust.swisscom.ch - - [08/Dec/2017:14:54:28 +0100] "GET /var/m_0/0d/0dd/12455/125495-15_Event.JPG HTTP/1.1" 200 59088
16.243.62.188.dynamic.wline.res.cust.swisscom.ch - - [08/Dec/2017:14:54:28 +0100] "GET /var/m_0/0d/0dd/12455/143586-SP_DK1.jpg HTTP/1.1" 200 3071
16.243.62.188.dynamic.wline.res.cust.swisscom.ch - - [08/Dec/2017:14:54:28 +0100] "GET /var/m_0/0d/0dd/12455/143580-SP_Heierling1.jpg HTTP/1.1" 200 2613
16.243.62.188.dynamic.wline.res.cust.swisscom.ch - - [08/Dec/2017:14:54:28 +0100] "GET /var/m_0/0d/0dd/12455/143584-SP_Lemm1.jpg HTTP/1.1" 200 2321
16.243.62.188.dynamic.wline.res.cust.swisscom.ch - - [08/Dec/2017:14:54:28 +0100] "GET /var/m_0/0d/0dd/12455/143582-SP_Gipfel1.jpg HTTP/1.1" 200 2688
16.243.62.188.dynamic.wline.res.cust.swisscom.ch - - [08/Dec/2017:14:54:28 +0100] "GET /var/m_0/0d/0dd/12455/8288159-EWD_rgb_pos.jpg HTTP/1.1" 200 207458
16.243.62.188.dynamic.wline.res.cust.swisscom.ch - - [08/Dec/2017:14:54:29 +0100] "GET /templates/resellers/7/favicon.ico?v=1506103971 HTTP/1.1" 200 4286
16.243.62.188.dynamic.wline.res.cust.swisscom.ch - - [08/Dec/2017:14:54:59 +0100] "GET /templates/creator/m_f/fa/fa7/164/css/style.min.css?v=1483633820 HTTP/1.1" 200 847
16.243.62.188.dynamic.wline.res.cust.swisscom.ch - - [08/Dec/2017:14:54:59 +0100] "GET /css/skeleton.css HTTP/1.1" 200 3511
16.243.62.188.dynamic.wline.res.cust.swisscom.ch - - [08/Dec/2017:14:54:59 +0100] "GET /js/footer/get_deps.min.js?v=6.6.7.2.41064 HTTP/1.1" 200 157
16.243.62.188.dynamic.wline.res.cust.swisscom.ch - - [08/Dec/2017:14:54:59 +0100] "GET /templates/creator/m_f/fa/fa7/164/css/main.min.css?v=1483633820 HTTP/1.1" 200 1797
16.243.62.188.dynamic.wline.res.cust.swisscom.ch - - [08/Dec/2017:14:54:59 +0100] "GET /templates/creator/m_f/fa/fa7/164/assets/wp-menu.js?v=1483633820 HTTP/1.1" 200 1089
16.243.62.188.dynamic.wline.res.cust.swisscom.ch - - [08/Dec/2017:14:54:59 +0100] "GET /templates/creator/m_f/fa/fa7/164/assets/respond.min.js?v=1483633820 HTTP/1.1" 200 2085
16.243.62.188.dynamic.wline.res.cust.swisscom.ch - - [08/Dec/2017:14:54:59 +0100] "GET /templates/creator/m_f/fa/fa7/164/assets/slide.js?v=1483633820 HTTP/1.1" 200 662
16.243.62.188.dynamic.wline.res.cust.swisscom.ch - - [08/Dec/2017:14:54:59 +0100] "GET /js/functions_stripped.js?v=6.6.7.2.41064 HTTP/1.1" 200 3186
16.243.62.188.dynamic.wline.res.cust.swisscom.ch - - [08/Dec/2017:14:54:59 +0100] "GET /js/jquery.lazyload.min.js?v=6.6.7.2.41064 HTTP/1.1" 200 1283
16.243.62.188.dynamic.wline.res.cust.swisscom.ch - - [08/Dec/2017:14:54:59 +0100] "GET /var/m_0/0d/0dd/12455/143352-Header_Segelschule_2.jpg HTTP/1.1" 200 107532
16.243.62.188.dynamic.wline.res.cust.swisscom.ch - - [08/Dec/2017:14:54:59 +0100] "GET /vermietung.shtml HTTP/1.1" 200 5099
16.243.62.188.dynamic.wline.res.cust.swisscom.ch - - [08/Dec/2017:14:54:59 +0100] "GET /css/widgets/concat_widget.min.css?v=6.6.7.2.41064 HTTP/1.1" 200 24507
16.243.62.188.dynamic.wline.res.cust.swisscom.ch - - [08/Dec/2017:14:54:59 +0100] "GET /js/footer/build_social_entries.min.js?v=6.6.7.2.41064 HTTP/1.1" 200 278
16.243.62.188.dynamic.wline.res.cust.swisscom.ch - - [08/Dec/2017:14:55:00 +0100] "GET /var/m_0/0d/0dd/12455/125498-31_Sprinto.JPG HTTP/1.1" 200 60889
16.243.62.188.dynamic.wline.res.cust.swisscom.ch - - [08/Dec/2017:14:55:00 +0100] "GET /var/m_0/0d/0dd/12455/125499-32_Smartkat.JPG HTTP/1.1" 200 60966
16.243.62.188.dynamic.wline.res.cust.swisscom.ch - - [08/Dec/2017:14:55:00 +0100] "GET /var/m_0/0d/0dd/12455/7441141-37_Pedalo.jpg HTTP/1.1" 200 195132
16.243.62.188.dynamic.wline.res.cust.swisscom.ch - - [08/Dec/2017:14:55:00 +0100] "GET /var/m_0/0d/0dd/12455/125501-34_Laser.jpg HTTP/1.1" 200 52750
16.243.62.188.dynamic.wline.res.cust.swisscom.ch - - [08/Dec/2017:14:55:00 +0100] "GET /var/m_0/0d/0dd/12455/125500-33_Opti.jpg HTTP/1.1" 200 104538
16.243.62.188.dynamic.wline.res.cust.swisscom.ch - - [08/Dec/2017:14:55:00 +0100] "GET /templates/resellers/7/favicon.ico?v=1506147147 HTTP/1.1" 200 4286
95-108-181-76.spider.yandex.com - - [08/Dec/2017:14:58:51 +0100] "GET /standort.shtml HTTP/1.1" 200 4717
customer.worldstream.nl - - [08/Dec/2017:14:59:52 +0100] "GET /phpMyAdmin/ HTTP/1.1" 200 18069
