static.kpn.net - - [02/Dec/2017:17:03:18 +0100] "GET /events.shtml HTTP/1.1" 200 22514
static.kpn.net - - [02/Dec/2017:17:03:17 +0100] "GET / HTTP/1.1" 200 35804
static.kpn.net - - [02/Dec/2017:17:03:18 +0100] "GET /galerie.shtml HTTP/1.1" 200 22747
static.kpn.net - - [02/Dec/2017:17:03:19 +0100] "GET /kurse.shtml HTTP/1.1" 200 31031
static.kpn.net - - [02/Dec/2017:17:03:19 +0100] "GET /vermietung.shtml HTTP/1.1" 200 25728
static.kpn.net - - [02/Dec/2017:17:03:19 +0100] "GET /event-gruppesmartkat.shtml HTTP/1.1" 200 21256
static.kpn.net - - [02/Dec/2017:17:03:19 +0100] "GET /event-matchracing.shtml HTTP/1.1" 200 21251
static.kpn.net - - [02/Dec/2017:17:03:19 +0100] "GET /event-pedalo.shtml HTTP/1.1" 200 20248
static.kpn.net - - [02/Dec/2017:17:03:20 +0100] "GET /galerie-matchracing.shtml HTTP/1.1" 200 21704
static.kpn.net - - [02/Dec/2017:17:03:20 +0100] "GET /galerie-sktrophy-2015.shtml HTTP/1.1" 200 49420
static.kpn.net - - [02/Dec/2017:17:03:20 +0100] "GET /galerie-gruppesmartkat.shtml HTTP/1.1" 200 20574
static.kpn.net - - [02/Dec/2017:17:03:20 +0100] "GET /galerie-sktrophy-2014.shtml HTTP/1.1" 200 29913
static.kpn.net - - [02/Dec/2017:17:03:20 +0100] "GET /optikurse-2014.shtml HTTP/1.1" 200 26353
static.kpn.net - - [02/Dec/2017:17:03:22 +0100] "GET /pruefungskurs.shtml HTTP/1.1" 200 23039
static.kpn.net - - [02/Dec/2017:17:03:22 +0100] "GET /Perspectiva.html? HTTP/1.1" 200 18069
static.kpn.net - - [02/Dec/2017:17:03:22 +0100] "GET /smartkat-crashkurs.shtml HTTP/1.1" 200 17863
static.kpn.net - - [02/Dec/2017:17:03:22 +0100] "GET /segel-grundkurs.shtml HTTP/1.1" 200 21440
static.kpn.net - - [02/Dec/2017:17:03:22 +0100] "GET /segelkurs-jollesmartkat.shtml HTTP/1.1" 200 19993
static.kpn.net - - [02/Dec/2017:17:03:22 +0100] "GET /js/functions_stripped.js?v=6.6.7.2.41064 HTTP/1.1" 200 7672
static.kpn.net - - [02/Dec/2017:17:03:22 +0100] "GET /kinder-segelkurs.shtml HTTP/1.1" 200 19898
static.kpn.net - - [02/Dec/2017:17:03:22 +0100] "GET /flotte.shtml HTTP/1.1" 200 29241
static.kpn.net - - [02/Dec/2017:17:03:23 +0100] "GET /js/jquery.lazyload.min.js?v=6.6.7.2.41064 HTTP/1.1" 200 3342
static.kpn.net - - [02/Dec/2017:17:03:23 +0100] "GET /js/).html(a);null==$( HTTP/1.1" 200 219
static.kpn.net - - [02/Dec/2017:17:03:23 +0100] "GET /event-pedalo HTTP/1.1" 200 20248
static.kpn.net - - [02/Dec/2017:17:03:23 +0100] "GET /event-gruppesmartkat HTTP/1.1" 200 21256
static.kpn.net - - [02/Dec/2017:17:03:23 +0100] "GET /event-matchracing HTTP/1.1" 200 21251
static.kpn.net - - [02/Dec/2017:17:03:23 +0100] "GET /davosersee HTTP/1.1" 200 19505
static.kpn.net - - [02/Dec/2017:17:03:23 +0100] "GET /aktuelles-wetter HTTP/1.1" 200 18388
static.kpn.net - - [02/Dec/2017:17:03:23 +0100] "GET /events HTTP/1.1" 200 22514
static.kpn.net - - [02/Dec/2017:17:03:24 +0100] "GET /flotte HTTP/1.1" 200 29385
hydrogen156.a.ahrefs.com - - [02/Dec/2017:17:10:02 +0100] "GET /var/m_0/0d/0dd/12455/6564725-G3_SKT2015_52.jpg HTTP/1.1" 200 139147
ip37.ip-142-4-200.net - - [02/Dec/2017:17:29:18 +0100] "GET /robots.txt HTTP/1.1" 200 80
ip37.ip-142-4-200.net - - [02/Dec/2017:17:29:39 +0100] "GET /events.shtml HTTP/1.1" 200 5297
ip37.ip-142-4-200.net - - [02/Dec/2017:17:30:00 +0100] "GET /kurse.shtml HTTP/1.1" 200 6280
ip37.ip-142-4-200.net - - [02/Dec/2017:17:30:20 +0100] "GET /galerie.shtml HTTP/1.1" 200 4483
ip37.ip-142-4-200.net - - [02/Dec/2017:17:30:38 +0100] "GET /vermietung.shtml HTTP/1.1" 200 5099
29-148-221-81.pool.dsl-net.ch - - [02/Dec/2017:17:34:20 +0100] "GET / HTTP/1.1" 200 6440
29-148-221-81.pool.dsl-net.ch - - [02/Dec/2017:17:34:21 +0100] "GET /W3SVC/?cid=f2949bab-240a-46ca-a455-6f504367ba7d&securityScanNoAttack HTTP/1.1" 200 107
29-148-221-81.pool.dsl-net.ch - - [02/Dec/2017:17:37:45 +0100] "GET / HTTP/1.1" 200 6440
29-148-221-81.pool.dsl-net.ch - - [02/Dec/2017:17:37:47 +0100] "GET /W3SVC/?cid=f2949bab-240a-46ca-a455-6f504367ba7d&securityScanNoAttack HTTP/1.1" 200 107
