ip21.ip-54-36-2.eu - - [29/Nov/2017:00:13:45 +0100] "GET / HTTP/1.1" 200 35804
ip21.ip-54-36-2.eu - - [29/Nov/2017:00:13:46 +0100] "GET /%C3%BCber-uns.shtml HTTP/1.1" 200 21862
ip21.ip-54-36-2.eu - - [29/Nov/2017:00:13:46 +0100] "GET /aktuelles-wetter.shtml HTTP/1.1" 200 18388
ip21.ip-54-36-2.eu - - [29/Nov/2017:00:13:47 +0100] "GET /davosersee.shtml HTTP/1.1" 200 19505
ip21.ip-54-36-2.eu - - [29/Nov/2017:00:13:47 +0100] "GET /event-matchracing.shtml HTTP/1.1" 200 21251
ip21.ip-54-36-2.eu - - [29/Nov/2017:00:13:47 +0100] "GET /event-pedalo.shtml HTTP/1.1" 200 20248
ip21.ip-54-36-2.eu - - [29/Nov/2017:00:13:47 +0100] "GET /event-gruppesmartkat.shtml HTTP/1.1" 200 21256
ip21.ip-54-36-2.eu - - [29/Nov/2017:00:13:47 +0100] "GET /events.shtml HTTP/1.1" 200 22514
ip21.ip-54-36-2.eu - - [29/Nov/2017:00:13:48 +0100] "GET /galerie-gruppesmartkat.shtml HTTP/1.1" 200 20574
ip21.ip-54-36-2.eu - - [29/Nov/2017:00:13:48 +0100] "GET /galerie-sktrophy-2015.shtml HTTP/1.1" 200 49420
ip21.ip-54-36-2.eu - - [29/Nov/2017:00:13:48 +0100] "GET /flotte.shtml HTTP/1.1" 200 29241
ip21.ip-54-36-2.eu - - [29/Nov/2017:00:13:48 +0100] "GET /galerie-sktrophy-2014.shtml HTTP/1.1" 200 29913
ip21.ip-54-36-2.eu - - [29/Nov/2017:00:13:48 +0100] "GET /galerie-matchracing.shtml HTTP/1.1" 200 21704
ip21.ip-54-36-2.eu - - [29/Nov/2017:00:13:49 +0100] "GET /kursanmeldung.shtml HTTP/1.1" 200 49926
ip21.ip-54-36-2.eu - - [29/Nov/2017:00:13:49 +0100] "GET /kurse.shtml HTTP/1.1" 200 31031
ip21.ip-54-36-2.eu - - [29/Nov/2017:00:13:49 +0100] "GET /galerie.shtml HTTP/1.1" 200 22747
ip21.ip-54-36-2.eu - - [29/Nov/2017:00:13:49 +0100] "GET /optikurse-2014.shtml HTTP/1.1" 200 26353
ip21.ip-54-36-2.eu - - [29/Nov/2017:00:13:49 +0100] "GET /kinder-segelkurs.shtml HTTP/1.1" 200 19898
ip21.ip-54-36-2.eu - - [29/Nov/2017:00:13:50 +0100] "GET /pruefungskurs.shtml HTTP/1.1" 200 23039
ip21.ip-54-36-2.eu - - [29/Nov/2017:00:13:50 +0100] "GET /smartkat-crashkurs.shtml HTTP/1.1" 200 17863
ip21.ip-54-36-2.eu - - [29/Nov/2017:00:13:50 +0100] "GET /Perspectiva.html? HTTP/1.1" 200 18069
ip21.ip-54-36-2.eu - - [29/Nov/2017:00:13:50 +0100] "GET /segelkurs-jollesmartkat.shtml HTTP/1.1" 200 19993
ip21.ip-54-36-2.eu - - [29/Nov/2017:00:13:50 +0100] "GET /vermietung.shtml HTTP/1.1" 200 25728
ip21.ip-54-36-2.eu - - [29/Nov/2017:00:13:50 +0100] "GET /js/functions_stripped.js?v=6.6.7.2.41064 HTTP/1.1" 200 7672
ip21.ip-54-36-2.eu - - [29/Nov/2017:00:13:50 +0100] "GET /segel-grundkurs.shtml HTTP/1.1" 200 21440
ip21.ip-54-36-2.eu - - [29/Nov/2017:00:13:50 +0100] "GET /standort.shtml HTTP/1.1" 200 17547
ip21.ip-54-36-2.eu - - [29/Nov/2017:00:13:50 +0100] "GET /js/jquery.lazyload.min.js?v=6.6.7.2.41064 HTTP/1.1" 200 3342
ip21.ip-54-36-2.eu - - [29/Nov/2017:00:13:51 +0100] "GET /aktuelles-wetter HTTP/1.1" 200 18388
crawl-66-249-64-150.googlebot.com - - [29/Nov/2017:00:48:16 +0100] "GET /flotte HTTP/1.1" 200 6249
crawl-66-249-64-201.googlebot.com - - [29/Nov/2017:00:49:46 +0100] "GET /templates/creator/m_f/fa/fa7/164/css/style.min.css?v=1463484701 HTTP/1.1" 200 847
crawl-66-249-64-195.googlebot.com - - [29/Nov/2017:00:49:46 +0100] "GET /templates/creator/m_f/fa/fa7/164/css/main.min.css?v=1463484701 HTTP/1.1" 200 1797
crawl-66-249-64-199.googlebot.com - - [29/Nov/2017:00:49:47 +0100] "GET /css/widgets/concat_widget.min.css?v=6.5.1.37665 HTTP/1.1" 200 24507
46.229.164.101 - - [29/Nov/2017:00:55:20 +0100] "GET /robots.txt HTTP/1.1" 200 80
