95-108-181-76.spider.yandex.com - - [08/Dec/2017:07:04:06 +0100] "GET /robots.txt HTTP/1.1" 200 120
95-108-181-76.spider.yandex.com - - [08/Dec/2017:07:04:10 +0100] "GET /pruefungskurs.shtml HTTP/1.1" 200 5895
malta1844.startdedicated.de - - [08/Dec/2017:07:16:43 +0100] "GET /var/m_0/0d/0dd/12455/143522-G2_Optikurs2014_17.JPG HTTP/1.1" 200 71952
malta2970.startdedicated.de - - [08/Dec/2017:07:19:34 +0100] "GET /robots.txt HTTP/1.1" 200 80
malta2970.startdedicated.de - - [08/Dec/2017:07:19:34 +0100] "GET /var/m_0/0d/0dd/12455/143481-G1_SKT2014_05.JPG HTTP/1.1" 200 142942
malta2970.startdedicated.de - - [08/Dec/2017:07:20:19 +0100] "GET /var/m_0/0d/0dd/12455/6564692-G3_SKT2015_22.jpg HTTP/1.1" 200 137091
malta2970.startdedicated.de - - [08/Dec/2017:07:20:19 +0100] "GET /robots.txt HTTP/1.1" 200 80
crawl-66-249-64-30.googlebot.com - - [08/Dec/2017:07:30:59 +0100] "GET /robots.txt HTTP/1.1" 200 80
crawl-66-249-64-29.googlebot.com - - [08/Dec/2017:07:30:59 +0100] "GET /apple-app-site-association HTTP/1.1" 200 4296
crawl-66-249-64-29.googlebot.com - - [08/Dec/2017:07:31:01 +0100] "GET /.well-known/assetlinks.json HTTP/1.1" 200 4297
crawl-66-249-64-29.googlebot.com - - [08/Dec/2017:07:31:05 +0100] "GET /.well-known/apple-app-site-association HTTP/1.1" 200 4297
95-108-181-76.spider.yandex.com - - [08/Dec/2017:07:32:17 +0100] "GET /%C3%BCber-uns.shtml HTTP/1.1" 200 4740
95-108-181-76.spider.yandex.com - - [08/Dec/2017:07:33:34 +0100] "GET /galerie-gruppesmartkat.shtml HTTP/1.1" 200 4863
msnbot-40-77-167-46.search.msn.com - - [08/Dec/2017:07:34:36 +0100] "GET / HTTP/1.1" 200 6440
malta1844.startdedicated.de - - [08/Dec/2017:07:38:10 +0100] "GET /var/m_0/0d/0dd/12455/6564727-G3_SKT2015_54.jpg HTTP/1.1" 200 105601
msnbot-157-55-39-151.search.msn.com - - [08/Dec/2017:07:39:19 +0100] "GET / HTTP/1.1" 200 6440
malta2970.startdedicated.de - - [08/Dec/2017:07:43:55 +0100] "GET /var/m_0/0d/0dd/12455/6564690-G3_SKT2015_20.jpg HTTP/1.1" 200 120599
malta2970.startdedicated.de - - [08/Dec/2017:07:43:55 +0100] "GET /robots.txt HTTP/1.1" 200 80
malta1844.startdedicated.de - - [08/Dec/2017:07:46:16 +0100] "GET /var/m_0/0d/0dd/12455/7230908-G5_Matchracing_05.jpg HTTP/1.1" 200 62194
msnbot-207-46-13-94.search.msn.com - - [08/Dec/2017:07:49:00 +0100] "GET /var/m_0/0d/0dd/12455/7441138-11_offen.jpg HTTP/1.1" 200 167248
malta1844.startdedicated.de - - [08/Dec/2017:07:58:22 +0100] "GET /var/m_0/0d/0dd/12455/6564730-G3_SKT2015_56.jpg HTTP/1.1" 200 114637
malta1844.startdedicated.de - - [08/Dec/2017:07:58:22 +0100] "GET /var/m_0/0d/0dd/12455/6564696-G3_SKT2015_26.jpg HTTP/1.1" 200 113715
