7-35-145-5.dyn.cable.fcom.ch - - [06/Dec/2017:01:01:15 +0100] "GET /var/m_0/0d/0dd/12455/126126-43_See.JPG HTTP/1.1" 200 86511
24.204.15.62.static.jazztel.es - - [06/Dec/2017:01:10:46 +0100] "GET / HTTP/1.1" 200 35804
24.204.15.62.static.jazztel.es - - [06/Dec/2017:01:10:47 +0100] "GET /events.shtml HTTP/1.1" 200 22514
24.204.15.62.static.jazztel.es - - [06/Dec/2017:01:10:47 +0100] "GET /galerie.shtml HTTP/1.1" 200 22747
24.204.15.62.static.jazztel.es - - [06/Dec/2017:01:10:48 +0100] "GET /kurse.shtml HTTP/1.1" 200 31031
24.204.15.62.static.jazztel.es - - [06/Dec/2017:01:10:48 +0100] "GET /vermietung.shtml HTTP/1.1" 200 25728
24.204.15.62.static.jazztel.es - - [06/Dec/2017:01:10:49 +0100] "GET /event-pedalo.shtml HTTP/1.1" 200 20248
24.204.15.62.static.jazztel.es - - [06/Dec/2017:01:10:49 +0100] "GET /event-gruppesmartkat.shtml HTTP/1.1" 200 21256
24.204.15.62.static.jazztel.es - - [06/Dec/2017:01:10:49 +0100] "GET /galerie-gruppesmartkat.shtml HTTP/1.1" 200 20574
24.204.15.62.static.jazztel.es - - [06/Dec/2017:01:10:49 +0100] "GET /event-matchracing.shtml HTTP/1.1" 200 21251
24.204.15.62.static.jazztel.es - - [06/Dec/2017:01:10:49 +0100] "GET /galerie-matchracing.shtml HTTP/1.1" 200 21704
24.204.15.62.static.jazztel.es - - [06/Dec/2017:01:10:50 +0100] "GET /galerie-sktrophy-2015.shtml HTTP/1.1" 200 49420
24.204.15.62.static.jazztel.es - - [06/Dec/2017:01:10:50 +0100] "GET /galerie-sktrophy-2014.shtml HTTP/1.1" 200 29913
24.204.15.62.static.jazztel.es - - [06/Dec/2017:01:10:51 +0100] "GET /optikurse-2014.shtml HTTP/1.1" 200 26353
24.204.15.62.static.jazztel.es - - [06/Dec/2017:01:10:51 +0100] "GET /kinder-segelkurs.shtml HTTP/1.1" 200 19898
24.204.15.62.static.jazztel.es - - [06/Dec/2017:01:10:52 +0100] "GET /segel-grundkurs.shtml HTTP/1.1" 200 21440
24.204.15.62.static.jazztel.es - - [06/Dec/2017:01:10:52 +0100] "GET /smartkat-crashkurs.shtml HTTP/1.1" 200 17863
24.204.15.62.static.jazztel.es - - [06/Dec/2017:01:10:52 +0100] "GET /pruefungskurs.shtml HTTP/1.1" 200 23039
24.204.15.62.static.jazztel.es - - [06/Dec/2017:01:10:52 +0100] "GET /segelkurs-jollesmartkat.shtml HTTP/1.1" 200 19993
24.204.15.62.static.jazztel.es - - [06/Dec/2017:01:10:53 +0100] "GET /Perspectiva.html? HTTP/1.1" 200 18069
24.204.15.62.static.jazztel.es - - [06/Dec/2017:01:10:53 +0100] "GET /flotte.shtml HTTP/1.1" 200 29241
24.204.15.62.static.jazztel.es - - [06/Dec/2017:01:10:53 +0100] "GET /js/functions_stripped.js?v=6.6.7.2.41064 HTTP/1.1" 200 7672
24.204.15.62.static.jazztel.es - - [06/Dec/2017:01:10:53 +0100] "GET /js/jquery.lazyload.min.js?v=6.6.7.2.41064 HTTP/1.1" 200 3342
24.204.15.62.static.jazztel.es - - [06/Dec/2017:01:10:54 +0100] "GET /js/).html(a);null==$( HTTP/1.1" 200 219
24.204.15.62.static.jazztel.es - - [06/Dec/2017:01:10:54 +0100] "GET /aktuelles-wetter HTTP/1.1" 200 18388
24.204.15.62.static.jazztel.es - - [06/Dec/2017:01:10:54 +0100] "GET /event-gruppesmartkat HTTP/1.1" 200 21256
24.204.15.62.static.jazztel.es - - [06/Dec/2017:01:10:54 +0100] "GET /davosersee HTTP/1.1" 200 19505
24.204.15.62.static.jazztel.es - - [06/Dec/2017:01:10:54 +0100] "GET /event-matchracing HTTP/1.1" 200 21251
24.204.15.62.static.jazztel.es - - [06/Dec/2017:01:10:55 +0100] "GET /flotte HTTP/1.1" 200 29385
24.204.15.62.static.jazztel.es - - [06/Dec/2017:01:10:55 +0100] "GET /events HTTP/1.1" 200 22514
24.204.15.62.static.jazztel.es - - [06/Dec/2017:01:10:55 +0100] "GET /event-pedalo HTTP/1.1" 200 20248
ec2-54-157-19-249.compute-1.amazonaws.com - - [06/Dec/2017:01:14:09 +0100] "HEAD / HTTP/1.1" 403 -
crawl-66-249-64-29.googlebot.com - - [06/Dec/2017:01:21:11 +0100] "GET /templates/resellers/7/favicon.ico?v=1506147164 HTTP/1.1" 200 4286
crawl-66-249-64-29.googlebot.com - - [06/Dec/2017:01:21:11 +0100] "GET /robots.txt HTTP/1.1" 200 80
msnbot-40-77-167-80.search.msn.com - - [06/Dec/2017:01:21:43 +0100] "GET /aktuelles-wetter.shtml HTTP/1.1" 200 4575
46-118-157-50.broadband.kyivstar.net - - [06/Dec/2017:01:25:16 +0100] "GET / HTTP/1.1" 200 35804
46-118-157-50.broadband.kyivstar.net - - [06/Dec/2017:01:25:18 +0100] "GET / HTTP/1.1" 200 35804
46-118-157-50.broadband.kyivstar.net - - [06/Dec/2017:01:25:18 +0100] "GET / HTTP/1.1" 200 35804
crawl-66-249-64-28.googlebot.com - - [06/Dec/2017:01:57:55 +0100] "GET / HTTP/1.1" 200 6440
