212-129-53-244.rev.poneytelecom.eu - - [27/Sep/2017:21:03:07 +0200] "GET / HTTP/1.1" 200 35804
212-129-53-244.rev.poneytelecom.eu - - [27/Sep/2017:21:03:08 +0200] "GET /galerie.shtml HTTP/1.1" 200 22747
212-129-53-244.rev.poneytelecom.eu - - [27/Sep/2017:21:03:08 +0200] "GET /events.shtml HTTP/1.1" 200 22514
212-129-53-244.rev.poneytelecom.eu - - [27/Sep/2017:21:03:09 +0200] "GET /kurse.shtml HTTP/1.1" 200 31031
212-129-53-244.rev.poneytelecom.eu - - [27/Sep/2017:21:03:10 +0200] "GET /vermietung.shtml HTTP/1.1" 200 25728
212-129-53-244.rev.poneytelecom.eu - - [27/Sep/2017:21:03:10 +0200] "GET /event-gruppesmartkat.shtml HTTP/1.1" 200 21256
212-129-53-244.rev.poneytelecom.eu - - [27/Sep/2017:21:03:11 +0200] "GET /event-matchracing.shtml HTTP/1.1" 200 21251
212-129-53-244.rev.poneytelecom.eu - - [27/Sep/2017:21:03:11 +0200] "GET /event-pedalo.shtml HTTP/1.1" 200 20248
212-129-53-244.rev.poneytelecom.eu - - [27/Sep/2017:21:03:11 +0200] "GET /galerie-gruppesmartkat.shtml HTTP/1.1" 200 20574
212-129-53-244.rev.poneytelecom.eu - - [27/Sep/2017:21:03:12 +0200] "GET /galerie-sktrophy-2014.shtml HTTP/1.1" 200 29913
212-129-53-244.rev.poneytelecom.eu - - [27/Sep/2017:21:03:12 +0200] "GET /galerie-sktrophy-2015.shtml HTTP/1.1" 200 49420
212-129-53-244.rev.poneytelecom.eu - - [27/Sep/2017:21:03:12 +0200] "GET /galerie-matchracing.shtml HTTP/1.1" 200 21704
212-129-53-244.rev.poneytelecom.eu - - [27/Sep/2017:21:03:12 +0200] "GET /optikurse-2014.shtml HTTP/1.1" 200 26353
212-129-53-244.rev.poneytelecom.eu - - [27/Sep/2017:21:03:13 +0200] "GET /kinder-segelkurs.shtml HTTP/1.1" 200 19898
212-129-53-244.rev.poneytelecom.eu - - [27/Sep/2017:21:03:13 +0200] "GET /segel-grundkurs.shtml HTTP/1.1" 200 21440
212-129-53-244.rev.poneytelecom.eu - - [27/Sep/2017:21:03:13 +0200] "GET /pruefungskurs.shtml HTTP/1.1" 200 23039
212-129-53-244.rev.poneytelecom.eu - - [27/Sep/2017:21:03:14 +0200] "GET /flotte.shtml HTTP/1.1" 200 29241
212-129-53-244.rev.poneytelecom.eu - - [27/Sep/2017:21:03:14 +0200] "GET /smartkat-crashkurs.shtml HTTP/1.1" 200 17863
212-129-53-244.rev.poneytelecom.eu - - [27/Sep/2017:21:03:14 +0200] "GET /Perspectiva.html? HTTP/1.1" 200 18069
212-129-53-244.rev.poneytelecom.eu - - [27/Sep/2017:21:03:14 +0200] "GET /segelkurs-jollesmartkat.shtml HTTP/1.1" 200 19993
212-129-53-244.rev.poneytelecom.eu - - [27/Sep/2017:21:03:14 +0200] "GET /js/functions_stripped.js?v=6.6.7.2.41064 HTTP/1.1" 200 7672
212-129-53-244.rev.poneytelecom.eu - - [27/Sep/2017:21:03:15 +0200] "GET /js/).html(a);null==$( HTTP/1.1" 200 219
212-129-53-244.rev.poneytelecom.eu - - [27/Sep/2017:21:03:15 +0200] "GET /aktuelles-wetter HTTP/1.1" 200 18388
212-129-53-244.rev.poneytelecom.eu - - [27/Sep/2017:21:03:15 +0200] "GET /js/jquery.lazyload.min.js?v=6.6.7.2.41064 HTTP/1.1" 200 3342
212-129-53-244.rev.poneytelecom.eu - - [27/Sep/2017:21:03:15 +0200] "GET /event-gruppesmartkat HTTP/1.1" 200 21256
212-129-53-244.rev.poneytelecom.eu - - [27/Sep/2017:21:03:15 +0200] "GET /davosersee HTTP/1.1" 200 19505
212-129-53-244.rev.poneytelecom.eu - - [27/Sep/2017:21:03:16 +0200] "GET /event-matchracing HTTP/1.1" 200 21251
212-129-53-244.rev.poneytelecom.eu - - [27/Sep/2017:21:03:16 +0200] "GET /event-pedalo HTTP/1.1" 200 20248
212-129-53-244.rev.poneytelecom.eu - - [27/Sep/2017:21:03:16 +0200] "GET /events HTTP/1.1" 200 22514
212-129-53-244.rev.poneytelecom.eu - - [27/Sep/2017:21:03:16 +0200] "GET /flotte HTTP/1.1" 200 29385
msnbot-207-46-13-157.search.msn.com - - [27/Sep/2017:21:11:54 +0200] "GET /kurse HTTP/1.1" 200 6281
msnbot-207-46-13-157.search.msn.com - - [27/Sep/2017:21:11:54 +0200] "GET /standort.shtml HTTP/1.1" 200 4717
msnbot-207-46-13-157.search.msn.com - - [27/Sep/2017:21:11:55 +0200] "GET /aktuelles-wetter.shtml HTTP/1.1" 200 4575
193-154-61-178.adsl.highway.telekom.at - - [27/Sep/2017:21:12:23 +0200] "GET / HTTP/1.1" 200 6440
193-154-61-178.adsl.highway.telekom.at - - [27/Sep/2017:21:12:24 +0200] "GET /css/widgets/concat_widget.min.css?v=6.6.7.2.41064 HTTP/1.1" 200 24507
193-154-61-178.adsl.highway.telekom.at - - [27/Sep/2017:21:12:24 +0200] "GET /templates/creator/m_f/fa/fa7/164/css/style.min.css?v=1483633820 HTTP/1.1" 200 847
193-154-61-178.adsl.highway.telekom.at - - [27/Sep/2017:21:12:24 +0200] "GET /js/functions_stripped.js?v=6.6.7.2.41064 HTTP/1.1" 200 3186
193-154-61-178.adsl.highway.telekom.at - - [27/Sep/2017:21:12:24 +0200] "GET /templates/creator/m_f/fa/fa7/164/assets/slide.js?v=1483633820 HTTP/1.1" 200 662
193-154-61-178.adsl.highway.telekom.at - - [27/Sep/2017:21:12:24 +0200] "GET /var/m_0/0d/0dd/12455/143351-Header_Segelschule.jpg HTTP/1.1" 200 107532
193-154-61-178.adsl.highway.telekom.at - - [27/Sep/2017:21:12:24 +0200] "GET /var/m_0/0d/0dd/12455/8254793-J70_Davos.w1024.jpg HTTP/1.1" 200 191999
193-154-61-178.adsl.highway.telekom.at - - [27/Sep/2017:21:12:24 +0200] "GET /var/m_0/0d/0dd/12455/125494-14_Vermietung.JPG HTTP/1.1" 200 95115
193-154-61-178.adsl.highway.telekom.at - - [27/Sep/2017:21:12:24 +0200] "GET /var/m_0/0d/0dd/12455/125495-15_Event.JPG HTTP/1.1" 200 59088
193-154-61-178.adsl.highway.telekom.at - - [27/Sep/2017:21:12:24 +0200] "GET /var/m_0/0d/0dd/12455/143586-SP_DK1.jpg HTTP/1.1" 200 3071
193-154-61-178.adsl.highway.telekom.at - - [27/Sep/2017:21:12:24 +0200] "GET /var/m_0/0d/0dd/12455/8288159-EWD_rgb_pos.jpg HTTP/1.1" 200 207458
193-154-61-178.adsl.highway.telekom.at - - [27/Sep/2017:21:12:24 +0200] "GET /css/skeleton.css HTTP/1.1" 200 3511
193-154-61-178.adsl.highway.telekom.at - - [27/Sep/2017:21:12:24 +0200] "GET /templates/creator/m_f/fa/fa7/164/assets/wp-menu.js?v=1483633820 HTTP/1.1" 200 1089
193-154-61-178.adsl.highway.telekom.at - - [27/Sep/2017:21:12:24 +0200] "GET /templates/creator/m_f/fa/fa7/164/assets/respond.min.js?v=1483633820 HTTP/1.1" 200 2085
193-154-61-178.adsl.highway.telekom.at - - [27/Sep/2017:21:12:24 +0200] "GET /js/jquery.lazyload.min.js?v=6.6.7.2.41064 HTTP/1.1" 200 1283
193-154-61-178.adsl.highway.telekom.at - - [27/Sep/2017:21:12:24 +0200] "GET /templates/resellers/7/favicon.ico?v=1506103971 HTTP/1.1" 200 4286
193-154-61-178.adsl.highway.telekom.at - - [27/Sep/2017:21:12:24 +0200] "GET /var/m_0/0d/0dd/12455/6564603-SK_Tro_Head.jpg HTTP/1.1" 200 136780
193-154-61-178.adsl.highway.telekom.at - - [27/Sep/2017:21:12:24 +0200] "GET /var/m_0/0d/0dd/12455/125493-13_Kurse.JPG HTTP/1.1" 200 70517
193-154-61-178.adsl.highway.telekom.at - - [27/Sep/2017:21:12:24 +0200] "GET /var/m_0/0d/0dd/12455/8218280-65_Regatta.JPG HTTP/1.1" 200 192350
193-154-61-178.adsl.highway.telekom.at - - [27/Sep/2017:21:12:24 +0200] "GET /var/m_0/0d/0dd/12455/143580-SP_Heierling1.jpg HTTP/1.1" 200 2613
193-154-61-178.adsl.highway.telekom.at - - [27/Sep/2017:21:12:24 +0200] "GET /var/m_0/0d/0dd/12455/143582-SP_Gipfel1.jpg HTTP/1.1" 200 2688
193-154-61-178.adsl.highway.telekom.at - - [27/Sep/2017:21:12:24 +0200] "GET /js/footer/build_social_entries.min.js?v=6.6.7.2.41064 HTTP/1.1" 200 278
193-154-61-178.adsl.highway.telekom.at - - [27/Sep/2017:21:12:24 +0200] "GET /templates/creator/m_f/fa/fa7/164/css/main.min.css?v=1483633820 HTTP/1.1" 200 1797
193-154-61-178.adsl.highway.telekom.at - - [27/Sep/2017:21:12:24 +0200] "GET /var/m_0/0d/0dd/12455/7230972-19_Matchracing.jpg HTTP/1.1" 200 55347
193-154-61-178.adsl.highway.telekom.at - - [27/Sep/2017:21:12:24 +0200] "GET /var/m_0/0d/0dd/12455/143584-SP_Lemm1.jpg HTTP/1.1" 200 2321
193-154-61-178.adsl.highway.telekom.at - - [27/Sep/2017:21:12:24 +0200] "GET /js/footer/get_deps.min.js?v=6.6.7.2.41064 HTTP/1.1" 200 157
crawl-66-249-64-15.googlebot.com - - [27/Sep/2017:21:18:11 +0200] "GET /robots.txt HTTP/1.1" 200 80
crawl-66-249-64-14.googlebot.com - - [27/Sep/2017:21:18:11 +0200] "GET /index.php?option=com_joomap&Itemid=100 HTTP/1.1" 302 -
crawl-66-249-64-14.googlebot.com - - [27/Sep/2017:21:18:13 +0200] "GET / HTTP/1.1" 200 6440
msnbot-207-46-13-203.search.msn.com - - [27/Sep/2017:21:24:25 +0200] "GET /robots.txt HTTP/1.1" 200 80
msnbot-207-46-13-203.search.msn.com - - [27/Sep/2017:21:24:26 +0200] "GET /robots.txt HTTP/1.1" 200 80
msnbot-157-55-39-142.search.msn.com - - [27/Sep/2017:21:49:05 +0200] "GET /%C3%BCber-uns HTTP/1.1" 200 4741
msnbot-157-55-39-69.search.msn.com - - [27/Sep/2017:21:49:10 +0200] "GET / HTTP/1.1" 200 6440
