msnbot-157-55-39-158.search.msn.com - - [07/Oct/2017:16:14:26 +0200] "GET / HTTP/1.1" 200 6440
msnbot-207-46-13-63.search.msn.com - - [07/Oct/2017:16:18:16 +0200] "GET / HTTP/1.1" 200 6440
ip133.ip-144-217-213.net - - [07/Oct/2017:16:19:19 +0200] "GET /%C3%BCber-uns.shtml HTTP/1.1" 200 21862
ip133.ip-144-217-213.net - - [07/Oct/2017:16:19:19 +0200] "GET / HTTP/1.1" 200 35804
ip133.ip-144-217-213.net - - [07/Oct/2017:16:19:20 +0200] "GET /aktuelles-wetter.shtml HTTP/1.1" 200 18388
ip133.ip-144-217-213.net - - [07/Oct/2017:16:19:20 +0200] "GET /davosersee.shtml HTTP/1.1" 200 19505
ip133.ip-144-217-213.net - - [07/Oct/2017:16:19:21 +0200] "GET /event-gruppesmartkat.shtml HTTP/1.1" 200 21256
ip133.ip-144-217-213.net - - [07/Oct/2017:16:19:22 +0200] "GET /event-pedalo.shtml HTTP/1.1" 200 20248
ip133.ip-144-217-213.net - - [07/Oct/2017:16:19:22 +0200] "GET /event-matchracing.shtml HTTP/1.1" 200 21251
ip133.ip-144-217-213.net - - [07/Oct/2017:16:19:22 +0200] "GET /events.shtml HTTP/1.1" 200 22514
ip133.ip-144-217-213.net - - [07/Oct/2017:16:19:22 +0200] "GET /galerie-matchracing.shtml HTTP/1.1" 200 21704
ip133.ip-144-217-213.net - - [07/Oct/2017:16:19:22 +0200] "GET /galerie-gruppesmartkat.shtml HTTP/1.1" 200 20574
ip133.ip-144-217-213.net - - [07/Oct/2017:16:19:22 +0200] "GET /flotte.shtml HTTP/1.1" 200 29241
ip133.ip-144-217-213.net - - [07/Oct/2017:16:19:23 +0200] "GET /galerie.shtml HTTP/1.1" 200 22747
ip133.ip-144-217-213.net - - [07/Oct/2017:16:19:23 +0200] "GET /kinder-segelkurs.shtml HTTP/1.1" 200 19898
ip133.ip-144-217-213.net - - [07/Oct/2017:16:19:23 +0200] "GET /kursanmeldung.shtml HTTP/1.1" 200 49926
ip133.ip-144-217-213.net - - [07/Oct/2017:16:19:23 +0200] "GET /galerie-sktrophy-2015.shtml HTTP/1.1" 200 49420
ip133.ip-144-217-213.net - - [07/Oct/2017:16:19:23 +0200] "GET /galerie-sktrophy-2014.shtml HTTP/1.1" 200 29913
ip133.ip-144-217-213.net - - [07/Oct/2017:16:19:23 +0200] "GET /kurse.shtml HTTP/1.1" 200 31031
ip133.ip-144-217-213.net - - [07/Oct/2017:16:19:24 +0200] "GET /segelkurs-jollesmartkat.shtml HTTP/1.1" 200 19993
ip133.ip-144-217-213.net - - [07/Oct/2017:16:19:24 +0200] "GET /optikurse-2014.shtml HTTP/1.1" 200 26353
ip133.ip-144-217-213.net - - [07/Oct/2017:16:19:24 +0200] "GET /smartkat-crashkurs.shtml HTTP/1.1" 200 17863
ip133.ip-144-217-213.net - - [07/Oct/2017:16:19:24 +0200] "GET /segel-grundkurs.shtml HTTP/1.1" 200 21440
ip133.ip-144-217-213.net - - [07/Oct/2017:16:19:24 +0200] "GET /pruefungskurs.shtml HTTP/1.1" 200 23039
ip133.ip-144-217-213.net - - [07/Oct/2017:16:19:24 +0200] "GET /standort.shtml HTTP/1.1" 200 17547
ip133.ip-144-217-213.net - - [07/Oct/2017:16:19:25 +0200] "GET /js/jquery.lazyload.min.js?v=6.6.7.2.41064 HTTP/1.1" 200 3342
ip133.ip-144-217-213.net - - [07/Oct/2017:16:19:25 +0200] "GET /vermietung.shtml HTTP/1.1" 200 25728
ip133.ip-144-217-213.net - - [07/Oct/2017:16:19:25 +0200] "GET /js/functions_stripped.js?v=6.6.7.2.41064 HTTP/1.1" 200 7672
ip133.ip-144-217-213.net - - [07/Oct/2017:16:19:25 +0200] "GET /Perspectiva.html? HTTP/1.1" 200 18069
ip133.ip-144-217-213.net - - [07/Oct/2017:16:19:26 +0200] "GET /aktuelles-wetter HTTP/1.1" 200 18388
msnbot-157-55-39-105.search.msn.com - - [07/Oct/2017:16:24:19 +0200] "GET /davosersee HTTP/1.1" 200 5477
msnbot-207-46-13-63.search.msn.com - - [07/Oct/2017:16:24:27 +0200] "GET /robots.txt HTTP/1.1" 200 80
msnbot-157-55-39-105.search.msn.com - - [07/Oct/2017:16:24:35 +0200] "GET /css/widgets/concat_widget.min.css?v=6.6.7.2.41064 HTTP/1.1" 200 24507
msnbot-40-77-167-5.search.msn.com - - [07/Oct/2017:16:24:36 +0200] "GET /templates/creator/m_f/fa/fa7/164/css/style.min.css?v=1483633820 HTTP/1.1" 200 847
msnbot-40-77-167-5.search.msn.com - - [07/Oct/2017:16:24:36 +0200] "GET /templates/creator/m_f/fa/fa7/164/assets/wp-menu.js?v=1483633820 HTTP/1.1" 200 1089
msnbot-40-77-167-5.search.msn.com - - [07/Oct/2017:16:24:36 +0200] "GET /templates/creator/m_f/fa/fa7/164/css/main.min.css?v=1483633820 HTTP/1.1" 200 1797
msnbot-40-77-167-5.search.msn.com - - [07/Oct/2017:16:24:36 +0200] "GET /js/functions_stripped.js?v=6.6.7.2.41064 HTTP/1.1" 200 3186
msnbot-157-55-39-158.search.msn.com - - [07/Oct/2017:16:24:39 +0200] "GET /templates/creator/m_f/fa/fa7/164/assets/slide.js?v=1483633820 HTTP/1.1" 200 662
msnbot-207-46-13-63.search.msn.com - - [07/Oct/2017:16:24:43 +0200] "GET /js/footer/get_deps.min.js?v=6.6.7.2.41064 HTTP/1.1" 200 157
msnbot-207-46-13-63.search.msn.com - - [07/Oct/2017:16:24:43 +0200] "GET /css/skeleton.css HTTP/1.1" 200 3511
msnbot-207-46-13-63.search.msn.com - - [07/Oct/2017:16:24:43 +0200] "GET /templates/creator/m_f/fa/fa7/164/assets/respond.min.js?v=1483633820 HTTP/1.1" 200 2085
crawl-66-249-64-29.googlebot.com - - [07/Oct/2017:16:33:35 +0200] "GET /events HTTP/1.1" 200 5296
mlv95-h02-176-169-175-154.dsl.sta.abo.bbox.fr - - [07/Oct/2017:16:35:22 +0200] "GET / HTTP/1.1" 200 35804
mlv95-h02-176-169-175-154.dsl.sta.abo.bbox.fr - - [07/Oct/2017:16:35:24 +0200] "GET /%C3%BCber-uns.shtml HTTP/1.1" 200 21862
mlv95-h02-176-169-175-154.dsl.sta.abo.bbox.fr - - [07/Oct/2017:16:35:26 +0200] "GET /aktuelles-wetter.shtml HTTP/1.1" 200 18388
mlv95-h02-176-169-175-154.dsl.sta.abo.bbox.fr - - [07/Oct/2017:16:35:27 +0200] "GET /davosersee.shtml HTTP/1.1" 200 19505
mlv95-h02-176-169-175-154.dsl.sta.abo.bbox.fr - - [07/Oct/2017:16:35:28 +0200] "GET /event-gruppesmartkat.shtml HTTP/1.1" 200 21256
mlv95-h02-176-169-175-154.dsl.sta.abo.bbox.fr - - [07/Oct/2017:16:35:31 +0200] "GET /event-matchracing.shtml HTTP/1.1" 200 21251
mlv95-h02-176-169-175-154.dsl.sta.abo.bbox.fr - - [07/Oct/2017:16:35:33 +0200] "GET /event-pedalo.shtml HTTP/1.1" 200 20248
mlv95-h02-176-169-175-154.dsl.sta.abo.bbox.fr - - [07/Oct/2017:16:35:36 +0200] "GET /events.shtml HTTP/1.1" 200 22514
mlv95-h02-176-169-175-154.dsl.sta.abo.bbox.fr - - [07/Oct/2017:16:35:38 +0200] "GET /flotte.shtml HTTP/1.1" 200 29241
mlv95-h02-176-169-175-154.dsl.sta.abo.bbox.fr - - [07/Oct/2017:16:35:39 +0200] "GET /galerie-gruppesmartkat.shtml HTTP/1.1" 200 20574
mlv95-h02-176-169-175-154.dsl.sta.abo.bbox.fr - - [07/Oct/2017:16:35:40 +0200] "GET /galerie-matchracing.shtml HTTP/1.1" 200 21704
mlv95-h02-176-169-175-154.dsl.sta.abo.bbox.fr - - [07/Oct/2017:16:35:43 +0200] "GET /galerie-sktrophy-2014.shtml HTTP/1.1" 200 29913
mlv95-h02-176-169-175-154.dsl.sta.abo.bbox.fr - - [07/Oct/2017:16:35:46 +0200] "GET /galerie-sktrophy-2015.shtml HTTP/1.1" 200 49420
mlv95-h02-176-169-175-154.dsl.sta.abo.bbox.fr - - [07/Oct/2017:16:35:48 +0200] "GET /galerie.shtml HTTP/1.1" 200 22747
mlv95-h02-176-169-175-154.dsl.sta.abo.bbox.fr - - [07/Oct/2017:16:35:50 +0200] "GET /kinder-segelkurs.shtml HTTP/1.1" 200 19898
mlv95-h02-176-169-175-154.dsl.sta.abo.bbox.fr - - [07/Oct/2017:16:35:52 +0200] "GET /kursanmeldung.shtml HTTP/1.1" 200 49926
mlv95-h02-176-169-175-154.dsl.sta.abo.bbox.fr - - [07/Oct/2017:16:35:54 +0200] "GET /kurse.shtml HTTP/1.1" 200 31031
mlv95-h02-176-169-175-154.dsl.sta.abo.bbox.fr - - [07/Oct/2017:16:35:56 +0200] "GET /optikurse-2014.shtml HTTP/1.1" 200 26353
mlv95-h02-176-169-175-154.dsl.sta.abo.bbox.fr - - [07/Oct/2017:16:35:57 +0200] "GET /pruefungskurs.shtml HTTP/1.1" 200 23039
mlv95-h02-176-169-175-154.dsl.sta.abo.bbox.fr - - [07/Oct/2017:16:36:00 +0200] "GET /segel-grundkurs.shtml HTTP/1.1" 200 21440
mlv95-h02-176-169-175-154.dsl.sta.abo.bbox.fr - - [07/Oct/2017:16:36:01 +0200] "GET /segelkurs-jollesmartkat.shtml HTTP/1.1" 200 19993
mlv95-h02-176-169-175-154.dsl.sta.abo.bbox.fr - - [07/Oct/2017:16:36:04 +0200] "GET /smartkat-crashkurs.shtml HTTP/1.1" 200 17863
mlv95-h02-176-169-175-154.dsl.sta.abo.bbox.fr - - [07/Oct/2017:16:36:06 +0200] "GET /standort.shtml HTTP/1.1" 200 17547
mlv95-h02-176-169-175-154.dsl.sta.abo.bbox.fr - - [07/Oct/2017:16:36:07 +0200] "GET /vermietung.shtml HTTP/1.1" 200 25728
mlv95-h02-176-169-175-154.dsl.sta.abo.bbox.fr - - [07/Oct/2017:16:36:09 +0200] "GET /js/functions_stripped.js?v=6.6.7.2.41064 HTTP/1.1" 200 7672
mlv95-h02-176-169-175-154.dsl.sta.abo.bbox.fr - - [07/Oct/2017:16:36:11 +0200] "GET /Perspectiva.html? HTTP/1.1" 200 18069
mlv95-h02-176-169-175-154.dsl.sta.abo.bbox.fr - - [07/Oct/2017:16:36:11 +0200] "GET /js/jquery.lazyload.min.js?v=6.6.7.2.41064 HTTP/1.1" 200 3342
mlv95-h02-176-169-175-154.dsl.sta.abo.bbox.fr - - [07/Oct/2017:16:36:12 +0200] "GET /aktuelles-wetter HTTP/1.1" 200 18388
mlv95-h02-176-169-175-154.dsl.sta.abo.bbox.fr - - [07/Oct/2017:16:36:13 +0200] "GET /davosersee HTTP/1.1" 200 19505
mlv95-h02-176-169-175-154.dsl.sta.abo.bbox.fr - - [07/Oct/2017:16:36:15 +0200] "GET /event-gruppesmartkat HTTP/1.1" 200 21256
mlv95-h02-176-169-175-154.dsl.sta.abo.bbox.fr - - [07/Oct/2017:16:36:16 +0200] "GET /event-matchracing HTTP/1.1" 200 21251
mlv95-h02-176-169-175-154.dsl.sta.abo.bbox.fr - - [07/Oct/2017:16:36:18 +0200] "GET /event-pedalo HTTP/1.1" 200 20248
mlv95-h02-176-169-175-154.dsl.sta.abo.bbox.fr - - [07/Oct/2017:16:36:18 +0200] "GET /events HTTP/1.1" 200 22514
mlv95-h02-176-169-175-154.dsl.sta.abo.bbox.fr - - [07/Oct/2017:16:36:19 +0200] "GET /flotte HTTP/1.1" 200 29385
mlv95-h02-176-169-175-154.dsl.sta.abo.bbox.fr - - [07/Oct/2017:16:36:21 +0200] "GET /galerie-gruppesmartkat HTTP/1.1" 200 20574
mlv95-h02-176-169-175-154.dsl.sta.abo.bbox.fr - - [07/Oct/2017:16:36:22 +0200] "GET /galerie-matchracing HTTP/1.1" 200 21704
mlv95-h02-176-169-175-154.dsl.sta.abo.bbox.fr - - [07/Oct/2017:16:36:23 +0200] "GET /galerie-sktrophy-2014 HTTP/1.1" 200 29913
mlv95-h02-176-169-175-154.dsl.sta.abo.bbox.fr - - [07/Oct/2017:16:36:25 +0200] "GET /galerie-sktrophy-2015 HTTP/1.1" 200 49420
mlv95-h02-176-169-175-154.dsl.sta.abo.bbox.fr - - [07/Oct/2017:16:36:27 +0200] "GET /galerie HTTP/1.1" 200 22747
mlv95-h02-176-169-175-154.dsl.sta.abo.bbox.fr - - [07/Oct/2017:16:36:28 +0200] "GET /kinder-segelkurs HTTP/1.1" 200 19898
mlv95-h02-176-169-175-154.dsl.sta.abo.bbox.fr - - [07/Oct/2017:16:36:29 +0200] "GET /kurse HTTP/1.1" 200 31031
mlv95-h02-176-169-175-154.dsl.sta.abo.bbox.fr - - [07/Oct/2017:16:36:31 +0200] "GET /optikurse-2014 HTTP/1.1" 200 26353
mlv95-h02-176-169-175-154.dsl.sta.abo.bbox.fr - - [07/Oct/2017:16:36:34 +0200] "GET /pruefungskurs HTTP/1.1" 200 23039
mlv95-h02-176-169-175-154.dsl.sta.abo.bbox.fr - - [07/Oct/2017:16:36:36 +0200] "GET /segel-grundkurs HTTP/1.1" 200 21440
mlv95-h02-176-169-175-154.dsl.sta.abo.bbox.fr - - [07/Oct/2017:16:36:37 +0200] "GET /segelkurs-jollesmartkat HTTP/1.1" 200 20137
mlv95-h02-176-169-175-154.dsl.sta.abo.bbox.fr - - [07/Oct/2017:16:36:39 +0200] "GET /smartkat-crashkurs HTTP/1.1" 200 18007
mlv95-h02-176-169-175-154.dsl.sta.abo.bbox.fr - - [07/Oct/2017:16:36:40 +0200] "GET /standort HTTP/1.1" 200 17547
mlv95-h02-176-169-175-154.dsl.sta.abo.bbox.fr - - [07/Oct/2017:16:36:40 +0200] "GET /vermietung HTTP/1.1" 200 25728
mlv95-h02-176-169-175-154.dsl.sta.abo.bbox.fr - - [07/Oct/2017:16:36:43 +0200] "GET /js/).html(a);null==$( HTTP/1.1" 200 219
mlv95-h02-176-169-175-154.dsl.sta.abo.bbox.fr - - [07/Oct/2017:16:36:44 +0200] "GET /kursanmeldung HTTP/1.1" 200 49782
mlv95-h02-176-169-175-154.dsl.sta.abo.bbox.fr - - [07/Oct/2017:16:36:47 +0200] "GET /js/footer/build_social_entries.min.js?v=6.6.7.2.41064 HTTP/1.1" 200 766
mlv95-h02-176-169-175-154.dsl.sta.abo.bbox.fr - - [07/Oct/2017:16:36:48 +0200] "GET /js/efu/main.min.js?v=6.6.7.2.41064 HTTP/1.1" 200 4962
mlv95-h02-176-169-175-154.dsl.sta.abo.bbox.fr - - [07/Oct/2017:16:36:48 +0200] "GET /js/footer/get_deps.min.js?v=6.6.7.2.41064 HTTP/1.1" 200 149
mlv95-h02-176-169-175-154.dsl.sta.abo.bbox.fr - - [07/Oct/2017:16:36:49 +0200] "GET /js/efu/w.gallery.min.js?v=6.6.7.2.41064 HTTP/1.1" 200 233
mlv95-h02-176-169-175-154.dsl.sta.abo.bbox.fr - - [07/Oct/2017:16:36:49 +0200] "GET /js/fancybox2/jquery.fancybox.min.js?v=6.6.7.2.41064 HTTP/1.1" 200 17187
mlv95-h02-176-169-175-154.dsl.sta.abo.bbox.fr - - [07/Oct/2017:16:36:51 +0200] "GET /js/efu/w.formmanager.min.js?v=6.6.7.2.41064 HTTP/1.1" 200 6112
mlv95-h02-176-169-175-154.dsl.sta.abo.bbox.fr - - [07/Oct/2017:16:36:51 +0200] "GET /js/jquery/jquery.form.min.js?v=6.6.7.2.41064 HTTP/1.1" 200 14504
mlv95-h02-176-169-175-154.dsl.sta.abo.bbox.fr - - [07/Oct/2017:16:36:51 +0200] "GET /js/galleryLightbox/gallery-paging.min.js?v=6.6.7.2.41064 HTTP/1.1" 200 2904
mlv95-h02-176-169-175-154.dsl.sta.abo.bbox.fr - - [07/Oct/2017:16:36:52 +0200] "GET /js/jquery/jquery.validate.min.js?v=6.6.7.2.41064 HTTP/1.1" 200 22283
mlv95-h02-176-169-175-154.dsl.sta.abo.bbox.fr - - [07/Oct/2017:16:36:53 +0200] "GET /js/efu/w.siteMap.min.js?v=6.6.7.2.41064 HTTP/1.1" 200 296
8.21.199.25 - - [07/Oct/2017:16:38:04 +0200] "GET /robots.txt HTTP/1.1" 200 80
8.21.199.25 - - [07/Oct/2017:16:38:04 +0200] "GET /vermietung HTTP/1.1" 200 5100
google-proxy-66-249-93-73.google.com - - [07/Oct/2017:16:50:40 +0200] "GET /var/m_0/0d/0dd/12455/143351-Header_Segelschule.jpg HTTP/1.1" 200 107532
