server.budclubmonthly.com - - [03/Dec/2017:01:26:21 +0100] "GET /?author=1 HTTP/1.0" 200 35804
server.budclubmonthly.com - - [03/Dec/2017:01:26:24 +0100] "GET /?author=2 HTTP/1.0" 200 35804
server.budclubmonthly.com - - [03/Dec/2017:01:26:26 +0100] "GET /?author=3 HTTP/1.0" 200 35804
server.budclubmonthly.com - - [03/Dec/2017:01:26:28 +0100] "GET /?author=4 HTTP/1.0" 200 35804
server.budclubmonthly.com - - [03/Dec/2017:01:26:30 +0100] "GET /?author=5 HTTP/1.0" 200 35804
server.budclubmonthly.com - - [03/Dec/2017:01:26:32 +0100] "GET /?author=6 HTTP/1.0" 200 35804
server.budclubmonthly.com - - [03/Dec/2017:01:26:34 +0100] "GET /?author=7 HTTP/1.0" 200 35804
carbon172.a.ahrefs.com - - [03/Dec/2017:01:35:08 +0100] "GET /robots.txt HTTP/1.1" 200 80
hydrogen089.a.ahrefs.com - - [03/Dec/2017:01:35:09 +0100] "GET /var/m_0/0d/0dd/12455/143524-G2_Optikurs2014_18.JPG HTTP/1.1" 200 73497
crawl14.lp.007ac9.net - - [03/Dec/2017:01:36:19 +0100] "GET / HTTP/1.1" 200 35804
crawl14.lp.007ac9.net - - [03/Dec/2017:01:36:19 +0100] "GET /robots.txt HTTP/1.0" 200 120
crawl14.lp.007ac9.net - - [03/Dec/2017:01:36:22 +0100] "GET /galerie.shtml HTTP/1.1" 200 22747
crawl14.lp.007ac9.net - - [03/Dec/2017:01:36:24 +0100] "GET /kurse.shtml HTTP/1.1" 200 31031
crawl14.lp.007ac9.net - - [03/Dec/2017:01:36:27 +0100] "GET /vermietung.shtml HTTP/1.1" 200 25728
crawl14.lp.007ac9.net - - [03/Dec/2017:01:36:30 +0100] "GET /events.shtml HTTP/1.1" 200 22514
crawl14.lp.007ac9.net - - [03/Dec/2017:01:36:32 +0100] "GET /kinder-segelkurs.shtml HTTP/1.1" 200 19898
crawl14.lp.007ac9.net - - [03/Dec/2017:01:36:34 +0100] "GET /segelkurs-jollesmartkat.shtml HTTP/1.1" 200 19993
crawl14.lp.007ac9.net - - [03/Dec/2017:01:36:36 +0100] "GET /smartkat-crashkurs.shtml HTTP/1.1" 200 17863
crawl14.lp.007ac9.net - - [03/Dec/2017:01:36:38 +0100] "GET /segel-grundkurs.shtml HTTP/1.1" 200 21440
crawl14.lp.007ac9.net - - [03/Dec/2017:01:36:40 +0100] "GET /pruefungskurs.shtml HTTP/1.1" 200 23039
crawl14.lp.007ac9.net - - [03/Dec/2017:01:36:42 +0100] "GET /event-gruppesmartkat.shtml HTTP/1.1" 200 21256
crawl14.lp.007ac9.net - - [03/Dec/2017:01:36:45 +0100] "GET /event-matchracing.shtml HTTP/1.1" 200 21251
crawl14.lp.007ac9.net - - [03/Dec/2017:01:36:47 +0100] "GET /event-pedalo.shtml HTTP/1.1" 200 20248
b115340.yse.yahoo.net - - [03/Dec/2017:01:40:58 +0100] "GET /robots.txt HTTP/1.1" 200 120
b115340.yse.yahoo.net - - [03/Dec/2017:01:40:59 +0100] "GET /kinder-segelkurs HTTP/1.1" 200 5172
msnbot-157-55-39-65.search.msn.com - - [03/Dec/2017:01:44:33 +0100] "GET /%C3%83%C2%BCber-uns HTTP/1.1" 200 4297
63.141.239.26 - - [03/Dec/2017:01:48:20 +0100] "GET /wp-login.php HTTP/1.1" 200 18069
63.141.239.26 - - [03/Dec/2017:01:48:20 +0100] "GET /wp-login.php HTTP/1.1" 200 18069
63.141.239.26 - - [03/Dec/2017:01:48:21 +0100] "GET /wp-login.php HTTP/1.1" 200 18069
188-163-73-8.broadband.kyivstar.net - - [03/Dec/2017:01:53:46 +0100] "GET / HTTP/1.1" 200 35804
188-163-73-8.broadband.kyivstar.net - - [03/Dec/2017:01:53:47 +0100] "GET / HTTP/1.1" 200 35804
188-163-73-8.broadband.kyivstar.net - - [03/Dec/2017:01:53:47 +0100] "GET / HTTP/1.1" 200 35804
