crawl-66-249-66-7.googlebot.com - - [23/Sep/2017:22:38:48 +0200] "GET /robots.txt HTTP/1.1" 200 80
crawl-66-249-66-5.googlebot.com - - [23/Sep/2017:22:38:48 +0200] "GET / HTTP/1.1" 200 6440
212-129-53-244.rev.poneytelecom.eu - - [23/Sep/2017:22:44:39 +0200] "GET / HTTP/1.1" 200 35804
212-129-53-244.rev.poneytelecom.eu - - [23/Sep/2017:22:44:40 +0200] "GET /davosersee.shtml HTTP/1.1" 200 19505
212-129-53-244.rev.poneytelecom.eu - - [23/Sep/2017:22:44:40 +0200] "GET /aktuelles-wetter.shtml HTTP/1.1" 200 18388
212-129-53-244.rev.poneytelecom.eu - - [23/Sep/2017:22:44:40 +0200] "GET /%C3%BCber-uns.shtml HTTP/1.1" 200 21862
212-129-53-244.rev.poneytelecom.eu - - [23/Sep/2017:22:44:41 +0200] "GET /event-gruppesmartkat.shtml HTTP/1.1" 200 21256
212-129-53-244.rev.poneytelecom.eu - - [23/Sep/2017:22:44:42 +0200] "GET /event-matchracing.shtml HTTP/1.1" 200 21251
212-129-53-244.rev.poneytelecom.eu - - [23/Sep/2017:22:44:43 +0200] "GET /event-pedalo.shtml HTTP/1.1" 200 20248
212-129-53-244.rev.poneytelecom.eu - - [23/Sep/2017:22:44:44 +0200] "GET /galerie-matchracing.shtml HTTP/1.1" 200 21704
212-129-53-244.rev.poneytelecom.eu - - [23/Sep/2017:22:44:44 +0200] "GET /events.shtml HTTP/1.1" 200 22514
212-129-53-244.rev.poneytelecom.eu - - [23/Sep/2017:22:44:44 +0200] "GET /galerie-sktrophy-2015.shtml HTTP/1.1" 200 49420
212-129-53-244.rev.poneytelecom.eu - - [23/Sep/2017:22:44:44 +0200] "GET /galerie-sktrophy-2014.shtml HTTP/1.1" 200 29913
212-129-53-244.rev.poneytelecom.eu - - [23/Sep/2017:22:44:44 +0200] "GET /flotte.shtml HTTP/1.1" 200 29241
212-129-53-244.rev.poneytelecom.eu - - [23/Sep/2017:22:44:44 +0200] "GET /galerie-gruppesmartkat.shtml HTTP/1.1" 200 20574
212-129-53-244.rev.poneytelecom.eu - - [23/Sep/2017:22:44:45 +0200] "GET /kinder-segelkurs.shtml HTTP/1.1" 200 19898
212-129-53-244.rev.poneytelecom.eu - - [23/Sep/2017:22:44:45 +0200] "GET /segel-grundkurs.shtml HTTP/1.1" 200 21440
212-129-53-244.rev.poneytelecom.eu - - [23/Sep/2017:22:44:45 +0200] "GET /galerie.shtml HTTP/1.1" 200 22747
212-129-53-244.rev.poneytelecom.eu - - [23/Sep/2017:22:44:45 +0200] "GET /pruefungskurs.shtml HTTP/1.1" 200 23039
212-129-53-244.rev.poneytelecom.eu - - [23/Sep/2017:22:44:45 +0200] "GET /kurse.shtml HTTP/1.1" 200 31031
212-129-53-244.rev.poneytelecom.eu - - [23/Sep/2017:22:44:45 +0200] "GET /optikurse-2014.shtml HTTP/1.1" 200 26353
212-129-53-244.rev.poneytelecom.eu - - [23/Sep/2017:22:44:45 +0200] "GET /kursanmeldung.shtml HTTP/1.1" 200 49926
212-129-53-244.rev.poneytelecom.eu - - [23/Sep/2017:22:44:45 +0200] "GET /segelkurs-jollesmartkat.shtml HTTP/1.1" 200 19993
212-129-53-244.rev.poneytelecom.eu - - [23/Sep/2017:22:44:46 +0200] "GET /Perspectiva.html? HTTP/1.1" 200 18069
212-129-53-244.rev.poneytelecom.eu - - [23/Sep/2017:22:44:46 +0200] "GET /standort.shtml HTTP/1.1" 200 17547
212-129-53-244.rev.poneytelecom.eu - - [23/Sep/2017:22:44:46 +0200] "GET /aktuelles-wetter HTTP/1.1" 200 18388
212-129-53-244.rev.poneytelecom.eu - - [23/Sep/2017:22:44:46 +0200] "GET /smartkat-crashkurs.shtml HTTP/1.1" 200 17863
212-129-53-244.rev.poneytelecom.eu - - [23/Sep/2017:22:44:46 +0200] "GET /js/jquery.lazyload.min.js?v=6.6.7.2.41064 HTTP/1.1" 200 3342
212-129-53-244.rev.poneytelecom.eu - - [23/Sep/2017:22:44:46 +0200] "GET /vermietung.shtml HTTP/1.1" 200 25728
212-129-53-244.rev.poneytelecom.eu - - [23/Sep/2017:22:44:46 +0200] "GET /js/functions_stripped.js?v=6.6.7.2.41064 HTTP/1.1" 200 7672
crawl-66-249-66-82.googlebot.com - - [23/Sep/2017:22:46:48 +0200] "GET /css/widgets/concat_widget.min.css?v=6.6.7.1.40667 HTTP/1.1" 200 24507
crawl-66-249-66-84.googlebot.com - - [23/Sep/2017:22:49:08 +0200] "GET / HTTP/1.1" 200 6440
crawl-66-249-66-83.googlebot.com - - [23/Sep/2017:22:59:27 +0200] "GET / HTTP/1.1" 200 6401
