blexhn17.webmeup.com - - [09/Nov/2017:19:13:10 +0100] "GET /robots.txt HTTP/1.1" 200 80
blexhn17.webmeup.com - - [09/Nov/2017:19:13:10 +0100] "GET / HTTP/1.1" 200 6440
blexhn17.webmeup.com - - [09/Nov/2017:19:13:24 +0100] "GET /%C3%BCber-uns.shtml HTTP/1.1" 200 4740
blexhn17.webmeup.com - - [09/Nov/2017:19:13:38 +0100] "GET /aktuelles-wetter.shtml HTTP/1.1" 200 4575
blexhn17.webmeup.com - - [09/Nov/2017:19:13:51 +0100] "GET /davosersee.shtml HTTP/1.1" 200 5477
blexhn17.webmeup.com - - [09/Nov/2017:19:14:05 +0100] "GET /event-gruppesmartkat.shtml HTTP/1.1" 200 5645
blexhn17.webmeup.com - - [09/Nov/2017:19:14:18 +0100] "GET /event-matchracing.shtml HTTP/1.1" 200 5634
blexhn17.webmeup.com - - [09/Nov/2017:19:14:32 +0100] "GET /event-pedalo.shtml HTTP/1.1" 200 5342
blexhn17.webmeup.com - - [09/Nov/2017:19:14:47 +0100] "GET /events.shtml HTTP/1.1" 200 5297
blexhn17.webmeup.com - - [09/Nov/2017:19:15:23 +0100] "GET /flotte.shtml HTTP/1.1" 200 6274
blexhn17.webmeup.com - - [09/Nov/2017:19:15:42 +0100] "GET /galerie-gruppesmartkat.shtml HTTP/1.1" 200 4863
blexhn17.webmeup.com - - [09/Nov/2017:19:16:16 +0100] "GET /galerie-matchracing.shtml HTTP/1.1" 200 4859
blexhn17.webmeup.com - - [09/Nov/2017:19:16:33 +0100] "GET /galerie-sktrophy-2014.shtml HTTP/1.1" 200 5044
blexhn17.webmeup.com - - [09/Nov/2017:19:16:47 +0100] "GET /galerie-sktrophy-2015.shtml HTTP/1.1" 200 5939
blexhn17.webmeup.com - - [09/Nov/2017:19:17:10 +0100] "GET /galerie.shtml HTTP/1.1" 200 4483
blexhn17.webmeup.com - - [09/Nov/2017:19:17:24 +0100] "GET /index.php HTTP/1.1" 302 -
blexhn17.webmeup.com - - [09/Nov/2017:19:17:43 +0100] "GET /kinder-segelkurs.shtml HTTP/1.1" 200 5171
blexhn17.webmeup.com - - [09/Nov/2017:19:18:00 +0100] "GET /kursanmeldung.shtml HTTP/1.1" 200 10952
blexhn17.webmeup.com - - [09/Nov/2017:19:18:15 +0100] "GET /kurse.shtml HTTP/1.1" 200 6280
blexhn17.webmeup.com - - [09/Nov/2017:19:18:32 +0100] "GET /optikurse-2014.shtml HTTP/1.1" 200 4938
blexhn17.webmeup.com - - [09/Nov/2017:19:18:47 +0100] "GET /pruefungskurs.shtml HTTP/1.1" 200 5895
blexhn17.webmeup.com - - [09/Nov/2017:19:19:05 +0100] "GET /segel-grundkurs.shtml HTTP/1.1" 200 5378
blexhn17.webmeup.com - - [09/Nov/2017:19:19:32 +0100] "GET /segelkurs-jollesmartkat.shtml HTTP/1.1" 200 5139
blexhn17.webmeup.com - - [09/Nov/2017:19:19:47 +0100] "GET /smartkat-crashkurs.shtml HTTP/1.1" 200 4808
blexhn17.webmeup.com - - [09/Nov/2017:19:20:01 +0100] "GET /standort.shtml HTTP/1.1" 200 4717
blexhn17.webmeup.com - - [09/Nov/2017:19:20:20 +0100] "GET /vermietung.shtml HTTP/1.1" 200 5099
blexhn17.webmeup.com - - [09/Nov/2017:19:20:37 +0100] "GET /aktuelles-wetter HTTP/1.1" 200 4575
blexhn17.webmeup.com - - [09/Nov/2017:19:20:52 +0100] "GET /davosersee HTTP/1.1" 200 5477
blexhn17.webmeup.com - - [09/Nov/2017:19:21:10 +0100] "GET /event-gruppesmartkat HTTP/1.1" 200 5645
blexhn17.webmeup.com - - [09/Nov/2017:19:21:24 +0100] "GET /event-matchracing HTTP/1.1" 200 5634
blexhn17.webmeup.com - - [09/Nov/2017:19:21:40 +0100] "GET /flotte HTTP/1.1" 200 6274
blexhn17.webmeup.com - - [09/Nov/2017:19:21:54 +0100] "GET /galerie HTTP/1.1" 200 4483
blexhn17.webmeup.com - - [09/Nov/2017:19:22:09 +0100] "GET /galerie-gruppesmartkat HTTP/1.1" 200 4863
blexhn17.webmeup.com - - [09/Nov/2017:19:22:23 +0100] "GET /galerie-matchracing HTTP/1.1" 200 4859
blexhn17.webmeup.com - - [09/Nov/2017:19:22:39 +0100] "GET /galerie-sktrophy-2014 HTTP/1.1" 200 5044
blexhn17.webmeup.com - - [09/Nov/2017:19:22:53 +0100] "GET /smartkat-crashkurs HTTP/1.1" 200 4808
blexhn17.webmeup.com - - [09/Nov/2017:19:23:09 +0100] "GET /event-pedalo HTTP/1.1" 200 5342
blexhn17.webmeup.com - - [09/Nov/2017:19:23:23 +0100] "GET /events HTTP/1.1" 200 5296
blexhn17.webmeup.com - - [09/Nov/2017:19:23:23 +0100] "GET /robots.txt HTTP/1.1" 304 -
blexhn17.webmeup.com - - [09/Nov/2017:19:23:37 +0100] "GET /galerie-sktrophy-2015 HTTP/1.1" 200 5939
blexhn17.webmeup.com - - [09/Nov/2017:19:23:51 +0100] "GET /kinder-segelkurs HTTP/1.1" 200 5172
blexhn17.webmeup.com - - [09/Nov/2017:19:24:09 +0100] "GET /kursanmeldung HTTP/1.1" 200 10945
blexhn17.webmeup.com - - [09/Nov/2017:19:24:25 +0100] "GET /kurse HTTP/1.1" 200 6281
blexhn17.webmeup.com - - [09/Nov/2017:19:24:41 +0100] "GET /optikurse-2014 HTTP/1.1" 200 4938
blexhn17.webmeup.com - - [09/Nov/2017:19:25:00 +0100] "GET /pruefungskurs HTTP/1.1" 200 5895
blexhn17.webmeup.com - - [09/Nov/2017:19:25:17 +0100] "GET /segel-grundkurs HTTP/1.1" 200 5378
blexhn17.webmeup.com - - [09/Nov/2017:19:25:32 +0100] "GET /segelkurs-jollesmartkat HTTP/1.1" 200 5140
blexhn17.webmeup.com - - [09/Nov/2017:19:25:50 +0100] "GET /standort HTTP/1.1" 200 4717
blexhn17.webmeup.com - - [09/Nov/2017:19:26:04 +0100] "GET /vermietung HTTP/1.1" 200 5100
