82.159.192.178.dynamic.wline.res.cust.swisscom.ch - - [08/Nov/2017:12:03:54 +0100] "GET / HTTP/1.1" 200 35804
82.159.192.178.dynamic.wline.res.cust.swisscom.ch - - [08/Nov/2017:12:03:56 +0100] "GET /davosersee.shtml HTTP/1.1" 200 19505
82.159.192.178.dynamic.wline.res.cust.swisscom.ch - - [08/Nov/2017:12:03:58 +0100] "GET /kurse.shtml HTTP/1.1" 200 31031
82.159.192.178.dynamic.wline.res.cust.swisscom.ch - - [08/Nov/2017:12:03:58 +0100] "GET /kinder-segelkurs.shtml HTTP/1.1" 200 19898
82.159.192.178.dynamic.wline.res.cust.swisscom.ch - - [08/Nov/2017:12:03:59 +0100] "GET /segelkurs-jollesmartkat.shtml HTTP/1.1" 200 19993
82.159.192.178.dynamic.wline.res.cust.swisscom.ch - - [08/Nov/2017:12:04:00 +0100] "GET /smartkat-crashkurs.shtml HTTP/1.1" 200 17863
82.159.192.178.dynamic.wline.res.cust.swisscom.ch - - [08/Nov/2017:12:04:00 +0100] "GET /segel-grundkurs.shtml HTTP/1.1" 200 21440
82.159.192.178.dynamic.wline.res.cust.swisscom.ch - - [08/Nov/2017:12:04:01 +0100] "GET /pruefungskurs.shtml HTTP/1.1" 200 23039
82.159.192.178.dynamic.wline.res.cust.swisscom.ch - - [08/Nov/2017:12:04:02 +0100] "GET /kinder-segelkurs.shtml HTTP/1.1" 200 19898
82.159.192.178.dynamic.wline.res.cust.swisscom.ch - - [08/Nov/2017:12:04:03 +0100] "GET /segelkurs-jollesmartkat.shtml HTTP/1.1" 200 19993
82.159.192.178.dynamic.wline.res.cust.swisscom.ch - - [08/Nov/2017:12:04:04 +0100] "GET /smartkat-crashkurs.shtml HTTP/1.1" 200 17863
82.159.192.178.dynamic.wline.res.cust.swisscom.ch - - [08/Nov/2017:12:04:04 +0100] "GET /segel-grundkurs.shtml HTTP/1.1" 200 21440
82.159.192.178.dynamic.wline.res.cust.swisscom.ch - - [08/Nov/2017:12:04:05 +0100] "GET /pruefungskurs.shtml HTTP/1.1" 200 23039
82.159.192.178.dynamic.wline.res.cust.swisscom.ch - - [08/Nov/2017:12:04:06 +0100] "GET /event-gruppesmartkat.shtml HTTP/1.1" 200 21256
82.159.192.178.dynamic.wline.res.cust.swisscom.ch - - [08/Nov/2017:12:04:06 +0100] "GET /events.shtml HTTP/1.1" 200 22514
82.159.192.178.dynamic.wline.res.cust.swisscom.ch - - [08/Nov/2017:12:04:07 +0100] "GET /event-pedalo.shtml HTTP/1.1" 200 20248
82.159.192.178.dynamic.wline.res.cust.swisscom.ch - - [08/Nov/2017:12:04:07 +0100] "GET /event-matchracing.shtml HTTP/1.1" 200 21251
82.159.192.178.dynamic.wline.res.cust.swisscom.ch - - [08/Nov/2017:12:04:08 +0100] "GET /event-gruppesmartkat.shtml HTTP/1.1" 200 21256
82.159.192.178.dynamic.wline.res.cust.swisscom.ch - - [08/Nov/2017:12:04:09 +0100] "GET /event-pedalo.shtml HTTP/1.1" 200 20248
82.159.192.178.dynamic.wline.res.cust.swisscom.ch - - [08/Nov/2017:12:04:09 +0100] "GET /event-matchracing.shtml HTTP/1.1" 200 21251
82.159.192.178.dynamic.wline.res.cust.swisscom.ch - - [08/Nov/2017:12:04:10 +0100] "GET /flotte.shtml HTTP/1.1" 200 29241
82.159.192.178.dynamic.wline.res.cust.swisscom.ch - - [08/Nov/2017:12:04:11 +0100] "GET /vermietung.shtml HTTP/1.1" 200 25728
82.159.192.178.dynamic.wline.res.cust.swisscom.ch - - [08/Nov/2017:12:04:11 +0100] "GET /galerie.shtml HTTP/1.1" 200 22747
82.159.192.178.dynamic.wline.res.cust.swisscom.ch - - [08/Nov/2017:12:04:12 +0100] "GET /galerie-sktrophy-2015.shtml HTTP/1.1" 200 49420
82.159.192.178.dynamic.wline.res.cust.swisscom.ch - - [08/Nov/2017:12:04:12 +0100] "GET /galerie-matchracing.shtml HTTP/1.1" 200 21704
82.159.192.178.dynamic.wline.res.cust.swisscom.ch - - [08/Nov/2017:12:04:13 +0100] "GET /galerie-gruppesmartkat.shtml HTTP/1.1" 200 20574
82.159.192.178.dynamic.wline.res.cust.swisscom.ch - - [08/Nov/2017:12:04:14 +0100] "GET /galerie-sktrophy-2014.shtml HTTP/1.1" 200 29913
82.159.192.178.dynamic.wline.res.cust.swisscom.ch - - [08/Nov/2017:12:04:14 +0100] "GET /optikurse-2014.shtml HTTP/1.1" 200 26353
82.159.192.178.dynamic.wline.res.cust.swisscom.ch - - [08/Nov/2017:12:04:15 +0100] "GET /galerie-sktrophy-2015.shtml HTTP/1.1" 200 49420
82.159.192.178.dynamic.wline.res.cust.swisscom.ch - - [08/Nov/2017:12:04:16 +0100] "GET /galerie-gruppesmartkat.shtml HTTP/1.1" 200 20574
82.159.192.178.dynamic.wline.res.cust.swisscom.ch - - [08/Nov/2017:12:04:16 +0100] "GET /galerie-matchracing.shtml HTTP/1.1" 200 21704
82.159.192.178.dynamic.wline.res.cust.swisscom.ch - - [08/Nov/2017:12:04:17 +0100] "GET /galerie-sktrophy-2014.shtml HTTP/1.1" 200 29913
82.159.192.178.dynamic.wline.res.cust.swisscom.ch - - [08/Nov/2017:12:04:17 +0100] "GET /optikurse-2014.shtml HTTP/1.1" 200 26353
82.159.192.178.dynamic.wline.res.cust.swisscom.ch - - [08/Nov/2017:12:04:18 +0100] "GET /kursanmeldung.shtml HTTP/1.1" 200 49926
82.159.192.178.dynamic.wline.res.cust.swisscom.ch - - [08/Nov/2017:12:04:19 +0100] "GET /aktuelles-wetter.shtml HTTP/1.1" 200 18388
82.159.192.178.dynamic.wline.res.cust.swisscom.ch - - [08/Nov/2017:12:04:19 +0100] "GET /standort.shtml HTTP/1.1" 200 17547
82.159.192.178.dynamic.wline.res.cust.swisscom.ch - - [08/Nov/2017:12:04:20 +0100] "GET /standort.shtml HTTP/1.1" 200 17547
82.159.192.178.dynamic.wline.res.cust.swisscom.ch - - [08/Nov/2017:12:04:22 +0100] "GET / HTTP/1.1" 200 35804
82.159.192.178.dynamic.wline.res.cust.swisscom.ch - - [08/Nov/2017:12:04:23 +0100] "GET /davosersee.shtml HTTP/1.1" 200 19505
82.159.192.178.dynamic.wline.res.cust.swisscom.ch - - [08/Nov/2017:12:04:23 +0100] "GET /flotte.shtml HTTP/1.1" 200 29241
82.159.192.178.dynamic.wline.res.cust.swisscom.ch - - [08/Nov/2017:12:04:24 +0100] "GET /kursanmeldung.shtml HTTP/1.1" 200 49926
82.159.192.178.dynamic.wline.res.cust.swisscom.ch - - [08/Nov/2017:12:04:24 +0100] "GET /aktuelles-wetter.shtml HTTP/1.1" 200 18388
82.159.192.178.dynamic.wline.res.cust.swisscom.ch - - [08/Nov/2017:12:04:25 +0100] "GET /%C3%BCber-uns.shtml HTTP/1.1" 200 21862
185.170.42.18 - - [08/Nov/2017:12:11:08 +0100] "GET /utility/convert/index.php HTTP/1.1" 200 -
185.170.42.18 - - [08/Nov/2017:12:11:10 +0100] "GET / HTTP/1.1" 200 35804
216.244.66.229 - - [08/Nov/2017:12:48:46 +0100] "GET /robots.txt HTTP/1.1" 200 120
