77-173-185-130.ip.telfort.nl - - [11/Dec/2017:22:19:30 +0100] "GET / HTTP/1.1" 200 35804
77-173-185-130.ip.telfort.nl - - [11/Dec/2017:22:19:31 +0100] "GET /%C3%BCber-uns.shtml HTTP/1.1" 200 21862
77-173-185-130.ip.telfort.nl - - [11/Dec/2017:22:19:32 +0100] "GET /aktuelles-wetter.shtml HTTP/1.1" 200 18388
77-173-185-130.ip.telfort.nl - - [11/Dec/2017:22:19:32 +0100] "GET /davosersee.shtml HTTP/1.1" 200 19505
77-173-185-130.ip.telfort.nl - - [11/Dec/2017:22:19:32 +0100] "GET /event-gruppesmartkat.shtml HTTP/1.1" 200 21256
77-173-185-130.ip.telfort.nl - - [11/Dec/2017:22:19:33 +0100] "GET /event-pedalo.shtml HTTP/1.1" 200 20248
77-173-185-130.ip.telfort.nl - - [11/Dec/2017:22:19:33 +0100] "GET /event-matchracing.shtml HTTP/1.1" 200 21251
77-173-185-130.ip.telfort.nl - - [11/Dec/2017:22:19:34 +0100] "GET /galerie-matchracing.shtml HTTP/1.1" 200 21704
77-173-185-130.ip.telfort.nl - - [11/Dec/2017:22:19:34 +0100] "GET /flotte.shtml HTTP/1.1" 200 29241
77-173-185-130.ip.telfort.nl - - [11/Dec/2017:22:19:34 +0100] "GET /events.shtml HTTP/1.1" 200 22514
77-173-185-130.ip.telfort.nl - - [11/Dec/2017:22:19:34 +0100] "GET /galerie-gruppesmartkat.shtml HTTP/1.1" 200 20574
77-173-185-130.ip.telfort.nl - - [11/Dec/2017:22:19:35 +0100] "GET /galerie.shtml HTTP/1.1" 200 22747
77-173-185-130.ip.telfort.nl - - [11/Dec/2017:22:19:35 +0100] "GET /galerie-sktrophy-2014.shtml HTTP/1.1" 200 29913
77-173-185-130.ip.telfort.nl - - [11/Dec/2017:22:19:35 +0100] "GET /galerie-sktrophy-2015.shtml HTTP/1.1" 200 49420
77-173-185-130.ip.telfort.nl - - [11/Dec/2017:22:19:35 +0100] "GET /kinder-segelkurs.shtml HTTP/1.1" 200 19898
77-173-185-130.ip.telfort.nl - - [11/Dec/2017:22:19:36 +0100] "GET /segel-grundkurs.shtml HTTP/1.1" 200 21440
77-173-185-130.ip.telfort.nl - - [11/Dec/2017:22:19:36 +0100] "GET /kurse.shtml HTTP/1.1" 200 31031
77-173-185-130.ip.telfort.nl - - [11/Dec/2017:22:19:36 +0100] "GET /optikurse-2014.shtml HTTP/1.1" 200 26353
77-173-185-130.ip.telfort.nl - - [11/Dec/2017:22:19:36 +0100] "GET /pruefungskurs.shtml HTTP/1.1" 200 23039
77-173-185-130.ip.telfort.nl - - [11/Dec/2017:22:19:36 +0100] "GET /kursanmeldung.shtml HTTP/1.1" 200 49926
77-173-185-130.ip.telfort.nl - - [11/Dec/2017:22:19:37 +0100] "GET /segelkurs-jollesmartkat.shtml HTTP/1.1" 200 19993
77-173-185-130.ip.telfort.nl - - [11/Dec/2017:22:19:37 +0100] "GET /js/functions_stripped.js?v=6.6.7.2.41064 HTTP/1.1" 200 7672
77-173-185-130.ip.telfort.nl - - [11/Dec/2017:22:19:37 +0100] "GET /vermietung.shtml HTTP/1.1" 200 25728
77-173-185-130.ip.telfort.nl - - [11/Dec/2017:22:19:37 +0100] "GET /smartkat-crashkurs.shtml HTTP/1.1" 200 17863
77-173-185-130.ip.telfort.nl - - [11/Dec/2017:22:19:37 +0100] "GET /js/jquery.lazyload.min.js?v=6.6.7.2.41064 HTTP/1.1" 200 3342
77-173-185-130.ip.telfort.nl - - [11/Dec/2017:22:19:37 +0100] "GET /standort.shtml HTTP/1.1" 200 17547
77-173-185-130.ip.telfort.nl - - [11/Dec/2017:22:19:37 +0100] "GET /Perspectiva.html? HTTP/1.1" 200 18069
77-173-185-130.ip.telfort.nl - - [11/Dec/2017:22:19:38 +0100] "GET /aktuelles-wetter HTTP/1.1" 200 18388
163-172-4-153.rev.poneytelecom.eu - - [11/Dec/2017:22:55:52 +0100] "GET / HTTP/1.1" 200 6440
