hydrogen030.a.ahrefs.com - - [28/Sep/2017:03:10:19 +0200] "GET /segelkurs-jollesmartkat.shtml HTTP/1.1" 200 5139
baiduspider-180-76-15-142.crawl.baidu.com - - [28/Sep/2017:03:23:39 +0200] "GET /kursanmeldung.shtml HTTP/1.1" 200 10952
27.red.226.225.212.procono.es - - [28/Sep/2017:03:47:11 +0200] "GET / HTTP/1.1" 200 35804
27.red.226.225.212.procono.es - - [28/Sep/2017:03:47:23 +0200] "GET /events.shtml HTTP/1.1" 200 22514
27.red.226.225.212.procono.es - - [28/Sep/2017:03:47:35 +0200] "GET /galerie.shtml HTTP/1.1" 200 22747
27.red.226.225.212.procono.es - - [28/Sep/2017:03:47:43 +0200] "GET /kurse.shtml HTTP/1.1" 200 31031
27.red.226.225.212.procono.es - - [28/Sep/2017:03:47:57 +0200] "GET /vermietung.shtml HTTP/1.1" 200 25728
27.red.226.225.212.procono.es - - [28/Sep/2017:03:48:04 +0200] "GET /event-gruppesmartkat.shtml HTTP/1.1" 200 21256
27.red.226.225.212.procono.es - - [28/Sep/2017:03:48:11 +0200] "GET /event-matchracing.shtml HTTP/1.1" 200 21251
27.red.226.225.212.procono.es - - [28/Sep/2017:03:48:24 +0200] "GET /event-pedalo.shtml HTTP/1.1" 200 20248
27.red.226.225.212.procono.es - - [28/Sep/2017:03:48:34 +0200] "GET /galerie-gruppesmartkat.shtml HTTP/1.1" 200 20574
27.red.226.225.212.procono.es - - [28/Sep/2017:03:48:45 +0200] "GET /galerie-matchracing.shtml HTTP/1.1" 200 21704
27.red.226.225.212.procono.es - - [28/Sep/2017:03:48:58 +0200] "GET /galerie-sktrophy-2014.shtml HTTP/1.1" 200 29913
27.red.226.225.212.procono.es - - [28/Sep/2017:03:49:10 +0200] "GET /galerie-sktrophy-2015.shtml HTTP/1.1" 200 49420
27.red.226.225.212.procono.es - - [28/Sep/2017:03:49:27 +0200] "GET /optikurse-2014.shtml HTTP/1.1" 200 26353
27.red.226.225.212.procono.es - - [28/Sep/2017:03:49:42 +0200] "GET /kinder-segelkurs.shtml HTTP/1.1" 200 19898
27.red.226.225.212.procono.es - - [28/Sep/2017:03:49:48 +0200] "GET /pruefungskurs.shtml HTTP/1.1" 200 23039
27.red.226.225.212.procono.es - - [28/Sep/2017:03:50:00 +0200] "GET /segel-grundkurs.shtml HTTP/1.1" 200 21440
27.red.226.225.212.procono.es - - [28/Sep/2017:03:50:09 +0200] "GET /segelkurs-jollesmartkat.shtml HTTP/1.1" 200 19993
27.red.226.225.212.procono.es - - [28/Sep/2017:03:50:18 +0200] "GET /smartkat-crashkurs.shtml HTTP/1.1" 200 17863
27.red.226.225.212.procono.es - - [28/Sep/2017:03:50:23 +0200] "GET /flotte.shtml HTTP/1.1" 200 29241
27.red.226.225.212.procono.es - - [28/Sep/2017:03:50:33 +0200] "GET /js/functions_stripped.js?v=6.6.7.2.41064 HTTP/1.1" 200 7672
27.red.226.225.212.procono.es - - [28/Sep/2017:03:50:35 +0200] "GET /Perspectiva.html? HTTP/1.1" 200 18069
27.red.226.225.212.procono.es - - [28/Sep/2017:03:50:44 +0200] "GET /js/jquery.lazyload.min.js?v=6.6.7.2.41064 HTTP/1.1" 200 3342
27.red.226.225.212.procono.es - - [28/Sep/2017:03:50:44 +0200] "GET /js/).html(a);null==$( HTTP/1.1" 200 219
ip-220-41.dataclub.eu - - [28/Sep/2017:03:50:45 +0200] "GET / HTTP/1.1" 200 35804
ip-220-41.dataclub.eu - - [28/Sep/2017:03:50:46 +0200] "GET /vermietung.shtml HTTP/1.1" 200 25728
ip-220-41.dataclub.eu - - [28/Sep/2017:03:50:46 +0200] "GET /events.shtml HTTP/1.1" 200 22514
ip-220-41.dataclub.eu - - [28/Sep/2017:03:50:46 +0200] "GET /galerie.shtml HTTP/1.1" 200 22747
ip-220-41.dataclub.eu - - [28/Sep/2017:03:50:46 +0200] "GET /kurse.shtml HTTP/1.1" 200 31031
ip-220-41.dataclub.eu - - [28/Sep/2017:03:50:47 +0200] "GET /event-gruppesmartkat.shtml HTTP/1.1" 200 21256
ip-220-41.dataclub.eu - - [28/Sep/2017:03:50:47 +0200] "GET /event-pedalo.shtml HTTP/1.1" 200 20248
ip-220-41.dataclub.eu - - [28/Sep/2017:03:50:47 +0200] "GET /event-matchracing.shtml HTTP/1.1" 200 21251
ip-220-41.dataclub.eu - - [28/Sep/2017:03:50:48 +0200] "GET /galerie-matchracing.shtml HTTP/1.1" 200 21704
ip-220-41.dataclub.eu - - [28/Sep/2017:03:50:48 +0200] "GET /galerie-sktrophy-2014.shtml HTTP/1.1" 200 29913
ip-220-41.dataclub.eu - - [28/Sep/2017:03:50:48 +0200] "GET /galerie-gruppesmartkat.shtml HTTP/1.1" 200 20574
ip-220-41.dataclub.eu - - [28/Sep/2017:03:50:49 +0200] "GET /optikurse-2014.shtml HTTP/1.1" 200 26353
ip-220-41.dataclub.eu - - [28/Sep/2017:03:50:49 +0200] "GET /galerie-sktrophy-2015.shtml HTTP/1.1" 200 49420
ip-220-41.dataclub.eu - - [28/Sep/2017:03:50:49 +0200] "GET /kinder-segelkurs.shtml HTTP/1.1" 200 19898
ip-220-41.dataclub.eu - - [28/Sep/2017:03:50:49 +0200] "GET /pruefungskurs.shtml HTTP/1.1" 200 23039
ip-220-41.dataclub.eu - - [28/Sep/2017:03:50:50 +0200] "GET /js/functions_stripped.js?v=6.6.7.2.41064 HTTP/1.1" 200 7672
ip-220-41.dataclub.eu - - [28/Sep/2017:03:50:50 +0200] "GET /segelkurs-jollesmartkat.shtml HTTP/1.1" 200 19993
ip-220-41.dataclub.eu - - [28/Sep/2017:03:50:50 +0200] "GET /smartkat-crashkurs.shtml HTTP/1.1" 200 17863
ip-220-41.dataclub.eu - - [28/Sep/2017:03:50:50 +0200] "GET /flotte.shtml HTTP/1.1" 200 29241
ip-220-41.dataclub.eu - - [28/Sep/2017:03:50:50 +0200] "GET /segel-grundkurs.shtml HTTP/1.1" 200 21440
27.red.226.225.212.procono.es - - [28/Sep/2017:03:50:50 +0200] "GET /js/index.php?sid=46&lang=en&item=1&act=users&ajax=state HTTP/1.1" 200 210
ip-220-41.dataclub.eu - - [28/Sep/2017:03:50:51 +0200] "GET /Perspectiva.html? HTTP/1.1" 200 18069
ip-220-41.dataclub.eu - - [28/Sep/2017:03:50:52 +0200] "GET /js/jquery.lazyload.min.js?v=6.6.7.2.41064 HTTP/1.1" 200 3342
ip-220-41.dataclub.eu - - [28/Sep/2017:03:50:52 +0200] "GET /js/).html(a);null==$( HTTP/1.1" 200 219
ip-220-41.dataclub.eu - - [28/Sep/2017:03:50:52 +0200] "GET /js/index.php?sid=46&lang=en&item=1&act=users&ajax=state HTTP/1.1" 200 210
ip-220-41.dataclub.eu - - [28/Sep/2017:03:50:53 +0200] "GET /aktuelles-wetter HTTP/1.1" 200 18388
ip-220-41.dataclub.eu - - [28/Sep/2017:03:50:54 +0200] "GET /event-gruppesmartkat HTTP/1.1" 200 21256
ip-220-41.dataclub.eu - - [28/Sep/2017:03:50:54 +0200] "GET /event-matchracing HTTP/1.1" 200 21251
ip-220-41.dataclub.eu - - [28/Sep/2017:03:50:54 +0200] "GET /davosersee HTTP/1.1" 200 19505
27.red.226.225.212.procono.es - - [28/Sep/2017:03:50:54 +0200] "GET /aktuelles-wetter HTTP/1.1" 200 18388
ip-220-41.dataclub.eu - - [28/Sep/2017:03:50:55 +0200] "GET /event-pedalo HTTP/1.1" 200 20248
ip-220-41.dataclub.eu - - [28/Sep/2017:03:50:55 +0200] "GET /events HTTP/1.1" 200 22514
27.red.226.225.212.procono.es - - [28/Sep/2017:03:51:00 +0200] "GET /davosersee HTTP/1.1" 200 19505
27.red.226.225.212.procono.es - - [28/Sep/2017:03:51:08 +0200] "GET /event-gruppesmartkat HTTP/1.1" 200 21256
27.red.226.225.212.procono.es - - [28/Sep/2017:03:51:19 +0200] "GET /event-matchracing HTTP/1.1" 200 21251
27.red.226.225.212.procono.es - - [28/Sep/2017:03:51:27 +0200] "GET /event-pedalo HTTP/1.1" 200 20248
27.red.226.225.212.procono.es - - [28/Sep/2017:03:51:33 +0200] "GET /events HTTP/1.1" 200 22514
baiduspider-180-76-15-147.crawl.baidu.com - - [28/Sep/2017:03:51:35 +0200] "GET / HTTP/1.1" 200 6440
