132.red.82.37.46.procono.es - - [22/Nov/2017:13:53:08 +0100] "GET /galerie-matchracing.shtml HTTP/1.1" 200 -
msnbot-40-77-167-120.search.msn.com - - [22/Nov/2017:14:17:11 +0100] "GET /davosersee.shtml HTTP/1.1" 200 5477
msnbot-207-46-13-10.search.msn.com - - [22/Nov/2017:14:35:17 +0100] "GET / HTTP/1.1" 200 6440
msnbot-157-55-39-205.search.msn.com - - [22/Nov/2017:14:47:17 +0100] "GET / HTTP/1.1" 200 6440
hydrogen074.a.ahrefs.com - - [22/Nov/2017:14:51:12 +0100] "GET /galerie-matchracing HTTP/1.1" 200 4859
blexhn17.webmeup.com - - [22/Nov/2017:14:51:26 +0100] "GET /robots.txt HTTP/1.1" 200 80
blexhn17.webmeup.com - - [22/Nov/2017:14:51:26 +0100] "GET / HTTP/1.1" 200 6440
blexhn17.webmeup.com - - [22/Nov/2017:14:51:31 +0100] "GET /%C3%BCber-uns.shtml HTTP/1.1" 200 4740
blexhn17.webmeup.com - - [22/Nov/2017:14:51:43 +0100] "GET /aktuelles-wetter.shtml HTTP/1.1" 200 4575
blexhn17.webmeup.com - - [22/Nov/2017:14:51:48 +0100] "GET /davosersee.shtml HTTP/1.1" 200 5477
blexhn17.webmeup.com - - [22/Nov/2017:14:51:54 +0100] "GET /event-gruppesmartkat.shtml HTTP/1.1" 200 5645
blexhn17.webmeup.com - - [22/Nov/2017:14:51:59 +0100] "GET /event-matchracing.shtml HTTP/1.1" 200 5634
blexhn17.webmeup.com - - [22/Nov/2017:14:52:06 +0100] "GET /event-pedalo.shtml HTTP/1.1" 200 5342
blexhn17.webmeup.com - - [22/Nov/2017:14:52:13 +0100] "GET /events.shtml HTTP/1.1" 200 5297
blexhn17.webmeup.com - - [22/Nov/2017:14:52:18 +0100] "GET /flotte.shtml HTTP/1.1" 200 6274
blexhn17.webmeup.com - - [22/Nov/2017:14:52:32 +0100] "GET /galerie-gruppesmartkat.shtml HTTP/1.1" 200 4863
blexhn17.webmeup.com - - [22/Nov/2017:14:52:42 +0100] "GET /galerie-matchracing.shtml HTTP/1.1" 200 4859
blexhn17.webmeup.com - - [22/Nov/2017:14:52:52 +0100] "GET /galerie-sktrophy-2014.shtml HTTP/1.1" 200 5044
blexhn17.webmeup.com - - [22/Nov/2017:14:52:58 +0100] "GET /galerie-sktrophy-2015.shtml HTTP/1.1" 200 5939
blexhn17.webmeup.com - - [22/Nov/2017:14:53:06 +0100] "GET /galerie.shtml HTTP/1.1" 200 4483
blexhn17.webmeup.com - - [22/Nov/2017:14:53:14 +0100] "GET /index.php HTTP/1.1" 302 -
blexhn17.webmeup.com - - [22/Nov/2017:14:53:21 +0100] "GET /kinder-segelkurs.shtml HTTP/1.1" 200 5171
blexhn17.webmeup.com - - [22/Nov/2017:14:53:29 +0100] "GET /kursanmeldung.shtml HTTP/1.1" 200 10952
blexhn17.webmeup.com - - [22/Nov/2017:14:53:36 +0100] "GET /kurse.shtml HTTP/1.1" 200 6280
blexhn17.webmeup.com - - [22/Nov/2017:14:53:41 +0100] "GET /optikurse-2014.shtml HTTP/1.1" 200 4938
blexhn17.webmeup.com - - [22/Nov/2017:14:53:48 +0100] "GET /pruefungskurs.shtml HTTP/1.1" 200 5895
blexhn17.webmeup.com - - [22/Nov/2017:14:53:52 +0100] "GET /segel-grundkurs.shtml HTTP/1.1" 200 5378
blexhn17.webmeup.com - - [22/Nov/2017:14:53:58 +0100] "GET /segelkurs-jollesmartkat.shtml HTTP/1.1" 200 5139
blexhn17.webmeup.com - - [22/Nov/2017:14:54:05 +0100] "GET /smartkat-crashkurs.shtml HTTP/1.1" 200 4808
blexhn17.webmeup.com - - [22/Nov/2017:14:54:11 +0100] "GET /standort.shtml HTTP/1.1" 200 4717
blexhn17.webmeup.com - - [22/Nov/2017:14:54:17 +0100] "GET /vermietung.shtml HTTP/1.1" 200 5099
blexhn17.webmeup.com - - [22/Nov/2017:14:54:23 +0100] "GET /aktuelles-wetter HTTP/1.1" 200 4575
blexhn17.webmeup.com - - [22/Nov/2017:14:54:32 +0100] "GET /davosersee HTTP/1.1" 200 5477
blexhn17.webmeup.com - - [22/Nov/2017:14:54:37 +0100] "GET /event-gruppesmartkat HTTP/1.1" 200 5645
blexhn17.webmeup.com - - [22/Nov/2017:14:54:55 +0100] "GET /event-matchracing HTTP/1.1" 200 5634
blexhn17.webmeup.com - - [22/Nov/2017:14:55:01 +0100] "GET /flotte HTTP/1.1" 200 6274
blexhn17.webmeup.com - - [22/Nov/2017:14:55:07 +0100] "GET /galerie HTTP/1.1" 200 4483
blexhn17.webmeup.com - - [22/Nov/2017:14:55:14 +0100] "GET /galerie-gruppesmartkat HTTP/1.1" 200 4863
blexhn17.webmeup.com - - [22/Nov/2017:14:55:20 +0100] "GET /galerie-matchracing HTTP/1.1" 200 4859
blexhn17.webmeup.com - - [22/Nov/2017:14:55:32 +0100] "GET /galerie-sktrophy-2014 HTTP/1.1" 200 5044
blexhn17.webmeup.com - - [22/Nov/2017:14:55:38 +0100] "GET /smartkat-crashkurs HTTP/1.1" 200 4808
blexhn17.webmeup.com - - [22/Nov/2017:14:55:43 +0100] "GET /event-pedalo HTTP/1.1" 200 5342
blexhn17.webmeup.com - - [22/Nov/2017:14:55:51 +0100] "GET /events HTTP/1.1" 200 5296
blexhn17.webmeup.com - - [22/Nov/2017:14:55:57 +0100] "GET /galerie-sktrophy-2015 HTTP/1.1" 200 5939
blexhn17.webmeup.com - - [22/Nov/2017:14:56:22 +0100] "GET /kinder-segelkurs HTTP/1.1" 200 5172
blexhn17.webmeup.com - - [22/Nov/2017:14:56:29 +0100] "GET /kursanmeldung HTTP/1.1" 200 10945
blexhn17.webmeup.com - - [22/Nov/2017:14:56:36 +0100] "GET /kurse HTTP/1.1" 200 6281
blexhn17.webmeup.com - - [22/Nov/2017:14:56:42 +0100] "GET /optikurse-2014 HTTP/1.1" 200 4938
blexhn17.webmeup.com - - [22/Nov/2017:14:56:52 +0100] "GET /pruefungskurs HTTP/1.1" 200 5895
blexhn17.webmeup.com - - [22/Nov/2017:14:56:58 +0100] "GET /segel-grundkurs HTTP/1.1" 200 5378
blexhn17.webmeup.com - - [22/Nov/2017:14:57:06 +0100] "GET /segelkurs-jollesmartkat HTTP/1.1" 200 5140
blexhn17.webmeup.com - - [22/Nov/2017:14:57:13 +0100] "GET /standort HTTP/1.1" 200 4717
blexhn17.webmeup.com - - [22/Nov/2017:14:57:20 +0100] "GET /vermietung HTTP/1.1" 200 5100
