msnbot-157-55-39-76.search.msn.com - - [07/Nov/2017:06:00:49 +0100] "GET / HTTP/1.1" 200 6440
crawl-66-249-69-99.googlebot.com - - [07/Nov/2017:06:12:08 +0100] "GET /templates/resellers/7/favicon.ico?v=1504088693 HTTP/1.1" 304 -
crawl-66-249-69-105.googlebot.com - - [07/Nov/2017:06:12:08 +0100] "GET /robots.txt HTTP/1.1" 200 80
msnbot-157-55-39-28.search.msn.com - - [07/Nov/2017:06:13:28 +0100] "GET /robots.txt HTTP/1.1" 200 80
msnbot-207-46-13-139.search.msn.com - - [07/Nov/2017:06:13:28 +0100] "GET / HTTP/1.1" 200 6440
80.248.225.142 - - [07/Nov/2017:06:27:05 +0100] "HEAD / HTTP/1.1" 403 -
msnbot-207-46-13-10.search.msn.com - - [07/Nov/2017:06:30:40 +0100] "GET /var/m_0/0d/0dd/12455/126126-43_See.JPG HTTP/1.1" 200 86511
sogouspider-123-126-113-164.crawl.sogou.com - - [07/Nov/2017:06:38:58 +0100] "GET /robots.txt HTTP/1.1" 200 120
adsl-89-217-11-127.adslplus.ch - - [07/Nov/2017:06:42:12 +0100] "GET / HTTP/1.1" 200 6440
adsl-89-217-11-127.adslplus.ch - - [07/Nov/2017:06:42:12 +0100] "GET /css/widgets/concat_widget.min.css?v=6.6.7.2.41064 HTTP/1.1" 200 24507
adsl-89-217-11-127.adslplus.ch - - [07/Nov/2017:06:42:12 +0100] "GET /css/skeleton.css HTTP/1.1" 200 3511
adsl-89-217-11-127.adslplus.ch - - [07/Nov/2017:06:42:12 +0100] "GET /templates/creator/m_f/fa/fa7/164/assets/slide.js?v=1483633820 HTTP/1.1" 200 662
adsl-89-217-11-127.adslplus.ch - - [07/Nov/2017:06:42:12 +0100] "GET /js/footer/build_social_entries.min.js?v=6.6.7.2.41064 HTTP/1.1" 200 278
adsl-89-217-11-127.adslplus.ch - - [07/Nov/2017:06:42:12 +0100] "GET /templates/creator/m_f/fa/fa7/164/css/main.min.css?v=1483633820 HTTP/1.1" 200 1797
adsl-89-217-11-127.adslplus.ch - - [07/Nov/2017:06:42:12 +0100] "GET /templates/creator/m_f/fa/fa7/164/assets/respond.min.js?v=1483633820 HTTP/1.1" 200 2085
adsl-89-217-11-127.adslplus.ch - - [07/Nov/2017:06:42:12 +0100] "GET /js/footer/get_deps.min.js?v=6.6.7.2.41064 HTTP/1.1" 200 157
adsl-89-217-11-127.adslplus.ch - - [07/Nov/2017:06:42:12 +0100] "GET /templates/creator/m_f/fa/fa7/164/assets/wp-menu.js?v=1483633820 HTTP/1.1" 200 1089
adsl-89-217-11-127.adslplus.ch - - [07/Nov/2017:06:42:12 +0100] "GET /templates/creator/m_f/fa/fa7/164/css/style.min.css?v=1483633820 HTTP/1.1" 200 847
adsl-89-217-11-127.adslplus.ch - - [07/Nov/2017:06:42:13 +0100] "GET /var/m_0/0d/0dd/12455/143351-Header_Segelschule.jpg HTTP/1.1" 200 107532
adsl-89-217-11-127.adslplus.ch - - [07/Nov/2017:06:42:13 +0100] "GET /var/m_0/0d/0dd/12455/125494-14_Vermietung.JPG HTTP/1.1" 200 95115
adsl-89-217-11-127.adslplus.ch - - [07/Nov/2017:06:42:13 +0100] "GET /var/m_0/0d/0dd/12455/8218280-65_Regatta.JPG HTTP/1.1" 200 192350
adsl-89-217-11-127.adslplus.ch - - [07/Nov/2017:06:42:13 +0100] "GET /var/m_0/0d/0dd/12455/143586-SP_DK1.jpg HTTP/1.1" 200 3071
adsl-89-217-11-127.adslplus.ch - - [07/Nov/2017:06:42:13 +0100] "GET /var/m_0/0d/0dd/12455/8288159-EWD_rgb_pos.jpg HTTP/1.1" 200 207458
adsl-89-217-11-127.adslplus.ch - - [07/Nov/2017:06:42:13 +0100] "GET /templates/resellers/7/favicon.ico?v=1506103971 HTTP/1.1" 200 4286
adsl-89-217-11-127.adslplus.ch - - [07/Nov/2017:06:42:13 +0100] "GET /js/functions_stripped.js?v=6.6.7.2.41064 HTTP/1.1" 200 3186
adsl-89-217-11-127.adslplus.ch - - [07/Nov/2017:06:42:13 +0100] "GET /var/m_0/0d/0dd/12455/6564603-SK_Tro_Head.jpg HTTP/1.1" 200 136780
adsl-89-217-11-127.adslplus.ch - - [07/Nov/2017:06:42:13 +0100] "GET /var/m_0/0d/0dd/12455/7230972-19_Matchracing.jpg HTTP/1.1" 200 55347
adsl-89-217-11-127.adslplus.ch - - [07/Nov/2017:06:42:13 +0100] "GET /var/m_0/0d/0dd/12455/143580-SP_Heierling1.jpg HTTP/1.1" 200 2613
adsl-89-217-11-127.adslplus.ch - - [07/Nov/2017:06:42:13 +0100] "GET /var/m_0/0d/0dd/12455/143582-SP_Gipfel1.jpg HTTP/1.1" 200 2688
adsl-89-217-11-127.adslplus.ch - - [07/Nov/2017:06:42:13 +0100] "GET /js/jquery.lazyload.min.js?v=6.6.7.2.41064 HTTP/1.1" 200 1283
adsl-89-217-11-127.adslplus.ch - - [07/Nov/2017:06:42:13 +0100] "GET /var/m_0/0d/0dd/12455/8254793-J70_Davos.w1024.jpg HTTP/1.1" 200 191999
adsl-89-217-11-127.adslplus.ch - - [07/Nov/2017:06:42:13 +0100] "GET /var/m_0/0d/0dd/12455/125493-13_Kurse.JPG HTTP/1.1" 200 70517
adsl-89-217-11-127.adslplus.ch - - [07/Nov/2017:06:42:13 +0100] "GET /var/m_0/0d/0dd/12455/125495-15_Event.JPG HTTP/1.1" 200 59088
adsl-89-217-11-127.adslplus.ch - - [07/Nov/2017:06:42:13 +0100] "GET /var/m_0/0d/0dd/12455/143584-SP_Lemm1.jpg HTTP/1.1" 200 2321
