static.157.89.243.136.clients.your-server.de - - [09/Dec/2017:22:01:03 +0100] "GET /robots.txt HTTP/1.0" 200 120
static.157.89.243.136.clients.your-server.de - - [09/Dec/2017:22:01:05 +0100] "GET / HTTP/1.0" 200 35804
static.157.89.243.136.clients.your-server.de - - [09/Dec/2017:22:01:07 +0100] "GET /templates/resellers/7/favicon.ico?v=1506103971 HTTP/1.0" 200 4286
static.157.89.243.136.clients.your-server.de - - [09/Dec/2017:22:01:09 +0100] "GET /css/widgets/concat_widget.min.css?v=6.6.7.2.41064 HTTP/1.0" 200 138686
static.157.89.243.136.clients.your-server.de - - [09/Dec/2017:22:01:11 +0100] "GET /templates/creator/m_f/fa/fa7/164/css/main.min.css?v=1483633820 HTTP/1.0" 200 7582
static.157.89.243.136.clients.your-server.de - - [09/Dec/2017:22:01:12 +0100] "GET /templates/creator/m_f/fa/fa7/164/css/style.min.css?v=1483633820 HTTP/1.0" 200 2787
static.157.89.243.136.clients.your-server.de - - [09/Dec/2017:22:01:14 +0100] "GET /js/footer/get_deps.min.js?v=6.6.7.2.41064 HTTP/1.0" 200 149
static.157.89.243.136.clients.your-server.de - - [09/Dec/2017:22:01:15 +0100] "GET /js/footer/build_social_entries.min.js?v=6.6.7.2.41064 HTTP/1.0" 200 766
static.157.89.243.136.clients.your-server.de - - [09/Dec/2017:22:01:17 +0100] "GET /css/skeleton.css HTTP/1.0" 200 18022
ip68.ip-54-36-24.eu - - [09/Dec/2017:22:08:50 +0100] "GET / HTTP/1.1" 200 35804
ip68.ip-54-36-24.eu - - [09/Dec/2017:22:08:51 +0100] "GET /aktuelles-wetter.shtml HTTP/1.1" 200 18388
ip68.ip-54-36-24.eu - - [09/Dec/2017:22:08:51 +0100] "GET /%C3%BCber-uns.shtml HTTP/1.1" 200 21862
ip68.ip-54-36-24.eu - - [09/Dec/2017:22:08:52 +0100] "GET /davosersee.shtml HTTP/1.1" 200 19505
ip68.ip-54-36-24.eu - - [09/Dec/2017:22:08:54 +0100] "GET /event-gruppesmartkat.shtml HTTP/1.1" 200 21256
ip68.ip-54-36-24.eu - - [09/Dec/2017:22:08:55 +0100] "GET /event-matchracing.shtml HTTP/1.1" 200 21251
ip68.ip-54-36-24.eu - - [09/Dec/2017:22:08:57 +0100] "GET /event-pedalo.shtml HTTP/1.1" 200 20248
ip68.ip-54-36-24.eu - - [09/Dec/2017:22:08:58 +0100] "GET /events.shtml HTTP/1.1" 200 22514
ip68.ip-54-36-24.eu - - [09/Dec/2017:22:08:59 +0100] "GET /flotte.shtml HTTP/1.1" 200 29241
ip68.ip-54-36-24.eu - - [09/Dec/2017:22:08:59 +0100] "GET /galerie-gruppesmartkat.shtml HTTP/1.1" 200 20574
ip68.ip-54-36-24.eu - - [09/Dec/2017:22:09:00 +0100] "GET /galerie-matchracing.shtml HTTP/1.1" 200 21704
ip68.ip-54-36-24.eu - - [09/Dec/2017:22:09:00 +0100] "GET /galerie-sktrophy-2014.shtml HTTP/1.1" 200 29913
ip68.ip-54-36-24.eu - - [09/Dec/2017:22:09:01 +0100] "GET /galerie-sktrophy-2015.shtml HTTP/1.1" 200 49420
ip68.ip-54-36-24.eu - - [09/Dec/2017:22:09:02 +0100] "GET /galerie.shtml HTTP/1.1" 200 22747
ip68.ip-54-36-24.eu - - [09/Dec/2017:22:09:03 +0100] "GET /kinder-segelkurs.shtml HTTP/1.1" 200 19898
ip68.ip-54-36-24.eu - - [09/Dec/2017:22:09:03 +0100] "GET /kursanmeldung.shtml HTTP/1.1" 200 49926
ip68.ip-54-36-24.eu - - [09/Dec/2017:22:09:06 +0100] "GET /kurse.shtml HTTP/1.1" 200 31031
ip68.ip-54-36-24.eu - - [09/Dec/2017:22:09:07 +0100] "GET /pruefungskurs.shtml HTTP/1.1" 200 23039
ip68.ip-54-36-24.eu - - [09/Dec/2017:22:09:07 +0100] "GET /optikurse-2014.shtml HTTP/1.1" 200 26353
ip68.ip-54-36-24.eu - - [09/Dec/2017:22:09:08 +0100] "GET /segelkurs-jollesmartkat.shtml HTTP/1.1" 200 19993
ip68.ip-54-36-24.eu - - [09/Dec/2017:22:09:08 +0100] "GET /segel-grundkurs.shtml HTTP/1.1" 200 21440
ip68.ip-54-36-24.eu - - [09/Dec/2017:22:09:09 +0100] "GET /smartkat-crashkurs.shtml HTTP/1.1" 200 17863
ip68.ip-54-36-24.eu - - [09/Dec/2017:22:09:10 +0100] "GET /vermietung.shtml HTTP/1.1" 200 25728
ip68.ip-54-36-24.eu - - [09/Dec/2017:22:09:10 +0100] "GET /standort.shtml HTTP/1.1" 200 17547
ip68.ip-54-36-24.eu - - [09/Dec/2017:22:09:11 +0100] "GET /js/functions_stripped.js?v=6.6.7.2.41064 HTTP/1.1" 200 7672
ip68.ip-54-36-24.eu - - [09/Dec/2017:22:09:12 +0100] "GET /Perspectiva.html? HTTP/1.1" 200 18069
ip68.ip-54-36-24.eu - - [09/Dec/2017:22:09:12 +0100] "GET /js/jquery.lazyload.min.js?v=6.6.7.2.41064 HTTP/1.1" 200 3342
ip68.ip-54-36-24.eu - - [09/Dec/2017:22:09:13 +0100] "GET /davosersee HTTP/1.1" 200 19505
ip68.ip-54-36-24.eu - - [09/Dec/2017:22:09:13 +0100] "GET /aktuelles-wetter HTTP/1.1" 200 18388
ip68.ip-54-36-24.eu - - [09/Dec/2017:22:09:14 +0100] "GET /event-matchracing HTTP/1.1" 200 21251
ip68.ip-54-36-24.eu - - [09/Dec/2017:22:09:14 +0100] "GET /event-gruppesmartkat HTTP/1.1" 200 21256
ip68.ip-54-36-24.eu - - [09/Dec/2017:22:09:15 +0100] "GET /event-pedalo HTTP/1.1" 200 20248
ip68.ip-54-36-24.eu - - [09/Dec/2017:22:09:15 +0100] "GET /events HTTP/1.1" 200 22514
ip68.ip-54-36-24.eu - - [09/Dec/2017:22:09:16 +0100] "GET /galerie-gruppesmartkat HTTP/1.1" 200 20574
ip68.ip-54-36-24.eu - - [09/Dec/2017:22:09:16 +0100] "GET /flotte HTTP/1.1" 200 29385
ip68.ip-54-36-24.eu - - [09/Dec/2017:22:09:17 +0100] "GET /galerie-matchracing HTTP/1.1" 200 21704
ip68.ip-54-36-24.eu - - [09/Dec/2017:22:09:17 +0100] "GET /galerie-sktrophy-2014 HTTP/1.1" 200 29913
ip68.ip-54-36-24.eu - - [09/Dec/2017:22:09:18 +0100] "GET /galerie-sktrophy-2015 HTTP/1.1" 200 49420
ip68.ip-54-36-24.eu - - [09/Dec/2017:22:09:18 +0100] "GET /galerie HTTP/1.1" 200 22747
ip68.ip-54-36-24.eu - - [09/Dec/2017:22:09:20 +0100] "GET /kinder-segelkurs HTTP/1.1" 200 19898
ip68.ip-54-36-24.eu - - [09/Dec/2017:22:09:20 +0100] "GET /kurse HTTP/1.1" 200 31031
ip68.ip-54-36-24.eu - - [09/Dec/2017:22:09:21 +0100] "GET /optikurse-2014 HTTP/1.1" 200 26353
ip68.ip-54-36-24.eu - - [09/Dec/2017:22:09:21 +0100] "GET /pruefungskurs HTTP/1.1" 200 23039
95-108-181-76.spider.yandex.com - - [09/Dec/2017:22:43:34 +0100] "GET /robots.txt HTTP/1.1" 200 120
37-9-113-206.spider.yandex.com - - [09/Dec/2017:22:43:38 +0100] "GET /var/m_0/0d/0dd/12455/7230935-G4_Event_SK_03.jpg HTTP/1.1" 200 109157
