msnbot-40-77-167-57.search.msn.com - - [03/Oct/2017:05:01:17 +0200] "GET /var/m_0/0d/0dd/12455/125485-1_Kinderkurs.JPG HTTP/1.1" 200 64975
5.189.141.45 - - [03/Oct/2017:05:07:17 +0200] "GET /robots.txt HTTP/1.1" 200 120
5.189.141.45 - - [03/Oct/2017:05:07:23 +0200] "GET /%C3%BCber-uns HTTP/1.1" 200 21862
5.189.141.45 - - [03/Oct/2017:05:07:30 +0200] "GET /%C3%BCber-uns.shtml HTTP/1.1" 200 4740
5.189.141.45 - - [03/Oct/2017:05:07:38 +0200] "GET /robots.txt HTTP/1.1" 200 120
5.189.141.45 - - [03/Oct/2017:05:07:42 +0200] "GET /%C3%BCber-uns HTTP/1.1" 200 21862
5.189.141.45 - - [03/Oct/2017:05:07:51 +0200] "GET /%C3%BCber-uns.shtml HTTP/1.1" 200 4740
c87113.upc-c.chello.nl - - [03/Oct/2017:05:16:16 +0200] "GET / HTTP/1.1" 200 35804
c87113.upc-c.chello.nl - - [03/Oct/2017:05:16:17 +0200] "GET /events.shtml HTTP/1.1" 200 22514
c87113.upc-c.chello.nl - - [03/Oct/2017:05:16:18 +0200] "GET /galerie.shtml HTTP/1.1" 200 22747
c87113.upc-c.chello.nl - - [03/Oct/2017:05:16:19 +0200] "GET /kurse.shtml HTTP/1.1" 200 31031
c87113.upc-c.chello.nl - - [03/Oct/2017:05:16:20 +0200] "GET /vermietung.shtml HTTP/1.1" 200 25728
c87113.upc-c.chello.nl - - [03/Oct/2017:05:16:23 +0200] "GET /event-gruppesmartkat.shtml HTTP/1.1" 200 21256
c87113.upc-c.chello.nl - - [03/Oct/2017:05:16:27 +0200] "GET /event-matchracing.shtml HTTP/1.1" 200 21251
c87113.upc-c.chello.nl - - [03/Oct/2017:05:16:28 +0200] "GET /event-pedalo.shtml HTTP/1.1" 200 20248
c87113.upc-c.chello.nl - - [03/Oct/2017:05:16:28 +0200] "GET /galerie-gruppesmartkat.shtml HTTP/1.1" 200 20574
c87113.upc-c.chello.nl - - [03/Oct/2017:05:16:33 +0200] "GET /galerie-matchracing.shtml HTTP/1.1" 200 21704
c87113.upc-c.chello.nl - - [03/Oct/2017:05:16:34 +0200] "GET /galerie-sktrophy-2014.shtml HTTP/1.1" 200 29913
c87113.upc-c.chello.nl - - [03/Oct/2017:05:16:36 +0200] "GET /optikurse-2014.shtml HTTP/1.1" 200 26353
c87113.upc-c.chello.nl - - [03/Oct/2017:05:16:36 +0200] "GET /kinder-segelkurs.shtml HTTP/1.1" 200 19898
c87113.upc-c.chello.nl - - [03/Oct/2017:05:16:34 +0200] "GET /galerie-sktrophy-2015.shtml HTTP/1.1" 200 49420
c87113.upc-c.chello.nl - - [03/Oct/2017:05:16:37 +0200] "GET /segel-grundkurs.shtml HTTP/1.1" 200 21440
c87113.upc-c.chello.nl - - [03/Oct/2017:05:16:37 +0200] "GET /pruefungskurs.shtml HTTP/1.1" 200 23039
c87113.upc-c.chello.nl - - [03/Oct/2017:05:16:38 +0200] "GET /segelkurs-jollesmartkat.shtml HTTP/1.1" 200 19993
c87113.upc-c.chello.nl - - [03/Oct/2017:05:16:39 +0200] "GET /smartkat-crashkurs.shtml HTTP/1.1" 200 17863
c87113.upc-c.chello.nl - - [03/Oct/2017:05:16:40 +0200] "GET /flotte.shtml HTTP/1.1" 200 29241
c87113.upc-c.chello.nl - - [03/Oct/2017:05:16:40 +0200] "GET /js/functions_stripped.js?v=6.6.7.2.41064 HTTP/1.1" 200 7672
c87113.upc-c.chello.nl - - [03/Oct/2017:05:16:40 +0200] "GET /Perspectiva.html? HTTP/1.1" 200 18069
c87113.upc-c.chello.nl - - [03/Oct/2017:05:16:41 +0200] "GET /js/jquery.lazyload.min.js?v=6.6.7.2.41064 HTTP/1.1" 200 3342
c87113.upc-c.chello.nl - - [03/Oct/2017:05:16:41 +0200] "GET /js/).html(a);null==$( HTTP/1.1" 200 219
c87113.upc-c.chello.nl - - [03/Oct/2017:05:16:41 +0200] "GET /aktuelles-wetter HTTP/1.1" 200 18388
c87113.upc-c.chello.nl - - [03/Oct/2017:05:16:44 +0200] "GET /davosersee HTTP/1.1" 200 19505
c87113.upc-c.chello.nl - - [03/Oct/2017:05:16:46 +0200] "GET /event-gruppesmartkat HTTP/1.1" 200 21256
c87113.upc-c.chello.nl - - [03/Oct/2017:05:16:46 +0200] "GET /event-matchracing HTTP/1.1" 200 21251
c87113.upc-c.chello.nl - - [03/Oct/2017:05:16:47 +0200] "GET /event-pedalo HTTP/1.1" 200 20248
c87113.upc-c.chello.nl - - [03/Oct/2017:05:16:47 +0200] "GET /events HTTP/1.1" 200 22514
c87113.upc-c.chello.nl - - [03/Oct/2017:05:16:49 +0200] "GET /flotte HTTP/1.1" 200 29385
37-115-188-137.broadband.kyivstar.net - - [03/Oct/2017:05:44:25 +0200] "GET / HTTP/1.1" 200 35804
37-115-188-137.broadband.kyivstar.net - - [03/Oct/2017:05:44:25 +0200] "GET /wp-includes/wlwmanifest.xml HTTP/1.1" 200 18205
37-115-188-137.broadband.kyivstar.net - - [03/Oct/2017:05:44:26 +0200] "GET /xmlrpc.php?rsd HTTP/1.1" 200 18205
37-115-188-137.broadband.kyivstar.net - - [03/Oct/2017:05:44:26 +0200] "GET / HTTP/1.1" 200 35804
37-115-188-137.broadband.kyivstar.net - - [03/Oct/2017:05:44:26 +0200] "GET /blog/wp-includes/wlwmanifest.xml HTTP/1.1" 200 16979
37-115-188-137.broadband.kyivstar.net - - [03/Oct/2017:05:44:26 +0200] "GET /wordpress/wp-includes/wlwmanifest.xml HTTP/1.1" 200 18205
37-115-188-137.broadband.kyivstar.net - - [03/Oct/2017:05:44:26 +0200] "GET /wp/wp-includes/wlwmanifest.xml HTTP/1.1" 200 18205
37-115-188-137.broadband.kyivstar.net - - [03/Oct/2017:05:44:26 +0200] "GET /site/wp-includes/wlwmanifest.xml HTTP/1.1" 200 18205
37-115-188-137.broadband.kyivstar.net - - [03/Oct/2017:05:44:26 +0200] "GET /cms/wp-includes/wlwmanifest.xml HTTP/1.1" 200 18205
ns309394.ip-188-165-200.eu - - [03/Oct/2017:05:46:49 +0200] "HEAD / HTTP/1.1" 403 -
