msnbot-207-46-13-91.search.msn.com - - [25/Nov/2017:00:09:50 +0100] "GET /event-matchracing.shtml HTTP/1.1" 200 5634
46-118-119-80.broadband.kyivstar.net - - [25/Nov/2017:00:14:45 +0100] "GET / HTTP/1.1" 200 35804
46-118-119-80.broadband.kyivstar.net - - [25/Nov/2017:00:14:47 +0100] "GET / HTTP/1.1" 200 35804
46-118-119-80.broadband.kyivstar.net - - [25/Nov/2017:00:14:48 +0100] "GET / HTTP/1.1" 200 35804
hydrogen335.a.ahrefs.com - - [25/Nov/2017:00:15:37 +0100] "GET /var/m_0/0d/0dd/12455/143499-G1_SKT2014_21.JPG HTTP/1.1" 200 148511
46.161.9.57 - - [25/Nov/2017:00:35:54 +0100] "HEAD / HTTP/1.1" 403 -
no-mans-land.m247.com - - [25/Nov/2017:00:59:35 +0100] "GET / HTTP/1.1" 200 35804
no-mans-land.m247.com - - [25/Nov/2017:00:59:36 +0100] "GET /%C3%BCber-uns.shtml HTTP/1.1" 200 21862
no-mans-land.m247.com - - [25/Nov/2017:00:59:38 +0100] "GET /event-gruppesmartkat.shtml HTTP/1.1" 200 21256
no-mans-land.m247.com - - [25/Nov/2017:00:59:38 +0100] "GET /aktuelles-wetter.shtml HTTP/1.1" 200 18388
no-mans-land.m247.com - - [25/Nov/2017:00:59:38 +0100] "GET /davosersee.shtml HTTP/1.1" 200 19505
no-mans-land.m247.com - - [25/Nov/2017:00:59:39 +0100] "GET /event-matchracing.shtml HTTP/1.1" 200 21251
no-mans-land.m247.com - - [25/Nov/2017:00:59:39 +0100] "GET /event-pedalo.shtml HTTP/1.1" 200 20248
no-mans-land.m247.com - - [25/Nov/2017:00:59:41 +0100] "GET /events.shtml HTTP/1.1" 200 22514
no-mans-land.m247.com - - [25/Nov/2017:00:59:41 +0100] "GET /flotte.shtml HTTP/1.1" 200 29241
no-mans-land.m247.com - - [25/Nov/2017:00:59:45 +0100] "GET /galerie-gruppesmartkat.shtml HTTP/1.1" 200 20574
no-mans-land.m247.com - - [25/Nov/2017:00:59:45 +0100] "GET /galerie-matchracing.shtml HTTP/1.1" 200 21704
no-mans-land.m247.com - - [25/Nov/2017:00:59:49 +0100] "GET /galerie-sktrophy-2014.shtml HTTP/1.1" 200 29913
no-mans-land.m247.com - - [25/Nov/2017:00:59:50 +0100] "GET /galerie.shtml HTTP/1.1" 200 22747
no-mans-land.m247.com - - [25/Nov/2017:00:59:50 +0100] "GET /kursanmeldung.shtml HTTP/1.1" 200 49926
no-mans-land.m247.com - - [25/Nov/2017:00:59:50 +0100] "GET /galerie-sktrophy-2015.shtml HTTP/1.1" 200 49420
no-mans-land.m247.com - - [25/Nov/2017:00:59:50 +0100] "GET /kinder-segelkurs.shtml HTTP/1.1" 200 19898
no-mans-land.m247.com - - [25/Nov/2017:00:59:51 +0100] "GET /kurse.shtml HTTP/1.1" 200 31031
no-mans-land.m247.com - - [25/Nov/2017:00:59:51 +0100] "GET /optikurse-2014.shtml HTTP/1.1" 200 26353
no-mans-land.m247.com - - [25/Nov/2017:00:59:52 +0100] "GET /segelkurs-jollesmartkat.shtml HTTP/1.1" 200 19993
no-mans-land.m247.com - - [25/Nov/2017:00:59:52 +0100] "GET /segel-grundkurs.shtml HTTP/1.1" 200 21440
no-mans-land.m247.com - - [25/Nov/2017:00:59:52 +0100] "GET /pruefungskurs.shtml HTTP/1.1" 200 23039
no-mans-land.m247.com - - [25/Nov/2017:00:59:53 +0100] "GET /smartkat-crashkurs.shtml HTTP/1.1" 200 17863
no-mans-land.m247.com - - [25/Nov/2017:00:59:53 +0100] "GET /js/functions_stripped.js?v=6.6.7.2.41064 HTTP/1.1" 200 7672
no-mans-land.m247.com - - [25/Nov/2017:00:59:53 +0100] "GET /vermietung.shtml HTTP/1.1" 200 25728
no-mans-land.m247.com - - [25/Nov/2017:00:59:53 +0100] "GET /Perspectiva.html? HTTP/1.1" 200 18069
no-mans-land.m247.com - - [25/Nov/2017:00:59:53 +0100] "GET /standort.shtml HTTP/1.1" 200 17547
no-mans-land.m247.com - - [25/Nov/2017:00:59:53 +0100] "GET /js/jquery.lazyload.min.js?v=6.6.7.2.41064 HTTP/1.1" 200 3342
no-mans-land.m247.com - - [25/Nov/2017:00:59:54 +0100] "GET /aktuelles-wetter HTTP/1.1" 200 18388
