msnbot-199-30-25-233.search.msn.com - - [07/Nov/2017:09:23:10 +0100] "GET /templates/creator/m_f/fa/fa7/164/css/main.min.css?v=1483633820 HTTP/1.1" 200 1797
msnbot-199-30-25-233.search.msn.com - - [07/Nov/2017:09:23:10 +0100] "GET /templates/creator/m_f/fa/fa7/164/css/style.min.css?v=1483633820 HTTP/1.1" 200 847
msnbot-199-30-25-233.search.msn.com - - [07/Nov/2017:09:23:10 +0100] "GET /css/widgets/concat_widget.min.css?v=6.6.7.2.41064 HTTP/1.1" 200 24507
msnbot-199-30-25-233.search.msn.com - - [07/Nov/2017:09:23:12 +0100] "GET /js/footer/build_social_entries.min.js?v=6.6.7.2.41064 HTTP/1.1" 200 278
msnbot-199-30-25-233.search.msn.com - - [07/Nov/2017:09:23:12 +0100] "GET /js/footer/get_deps.min.js?v=6.6.7.2.41064 HTTP/1.1" 200 157
msnbot-157-55-39-76.search.msn.com - - [07/Nov/2017:09:23:13 +0100] "GET /robots.txt HTTP/1.1" 200 80
msnbot-199-30-25-233.search.msn.com - - [07/Nov/2017:09:23:14 +0100] "GET /css/skeleton.css HTTP/1.1" 200 3511
msnbot-199-30-25-233.search.msn.com - - [07/Nov/2017:09:23:14 +0100] "GET /templates/creator/m_f/fa/fa7/164/assets/wp-menu.js?v=1483633820 HTTP/1.1" 200 1089
msnbot-199-30-25-233.search.msn.com - - [07/Nov/2017:09:23:15 +0100] "GET /templates/creator/m_f/fa/fa7/164/assets/respond.min.js?v=1483633820 HTTP/1.1" 200 2085
msnbot-199-30-25-233.search.msn.com - - [07/Nov/2017:09:23:15 +0100] "GET /js/functions_stripped.js?v=6.6.7.2.41064 HTTP/1.1" 200 3186
msnbot-207-46-13-139.search.msn.com - - [07/Nov/2017:09:31:32 +0100] "GET / HTTP/1.1" 200 6440
crawl-66-249-69-99.googlebot.com - - [07/Nov/2017:09:31:37 +0100] "GET / HTTP/1.1" 200 6401
crawl-66-249-69-103.googlebot.com - - [07/Nov/2017:09:31:41 +0100] "GET /css/widgets/concat_widget.min.css?v=6.6.7.2.41064 HTTP/1.1" 200 24507
58.pool85-60-242.dynamic.orange.es - - [07/Nov/2017:09:34:34 +0100] "GET / HTTP/1.1" 200 35804
58.pool85-60-242.dynamic.orange.es - - [07/Nov/2017:09:34:35 +0100] "GET /%C3%BCber-uns.shtml HTTP/1.1" 200 21862
58.pool85-60-242.dynamic.orange.es - - [07/Nov/2017:09:34:36 +0100] "GET /aktuelles-wetter.shtml HTTP/1.1" 200 18388
58.pool85-60-242.dynamic.orange.es - - [07/Nov/2017:09:34:37 +0100] "GET /davosersee.shtml HTTP/1.1" 200 19505
58.pool85-60-242.dynamic.orange.es - - [07/Nov/2017:09:34:38 +0100] "GET /event-gruppesmartkat.shtml HTTP/1.1" 200 21256
58.pool85-60-242.dynamic.orange.es - - [07/Nov/2017:09:34:39 +0100] "GET /event-matchracing.shtml HTTP/1.1" 200 21251
58.pool85-60-242.dynamic.orange.es - - [07/Nov/2017:09:34:39 +0100] "GET /event-pedalo.shtml HTTP/1.1" 200 20248
58.pool85-60-242.dynamic.orange.es - - [07/Nov/2017:09:34:40 +0100] "GET /events.shtml HTTP/1.1" 200 22514
58.pool85-60-242.dynamic.orange.es - - [07/Nov/2017:09:34:42 +0100] "GET /flotte.shtml HTTP/1.1" 200 29241
58.pool85-60-242.dynamic.orange.es - - [07/Nov/2017:09:34:42 +0100] "GET /galerie-gruppesmartkat.shtml HTTP/1.1" 200 20574
58.pool85-60-242.dynamic.orange.es - - [07/Nov/2017:09:34:43 +0100] "GET /galerie-matchracing.shtml HTTP/1.1" 200 21704
58.pool85-60-242.dynamic.orange.es - - [07/Nov/2017:09:34:43 +0100] "GET /galerie-sktrophy-2014.shtml HTTP/1.1" 200 29913
58.pool85-60-242.dynamic.orange.es - - [07/Nov/2017:09:34:44 +0100] "GET /galerie.shtml HTTP/1.1" 200 22747
58.pool85-60-242.dynamic.orange.es - - [07/Nov/2017:09:34:44 +0100] "GET /galerie-sktrophy-2015.shtml HTTP/1.1" 200 49420
58.pool85-60-242.dynamic.orange.es - - [07/Nov/2017:09:34:45 +0100] "GET /kinder-segelkurs.shtml HTTP/1.1" 200 19898
58.pool85-60-242.dynamic.orange.es - - [07/Nov/2017:09:34:46 +0100] "GET /kursanmeldung.shtml HTTP/1.1" 200 49926
58.pool85-60-242.dynamic.orange.es - - [07/Nov/2017:09:34:46 +0100] "GET /kurse.shtml HTTP/1.1" 200 31031
58.pool85-60-242.dynamic.orange.es - - [07/Nov/2017:09:34:47 +0100] "GET /optikurse-2014.shtml HTTP/1.1" 200 26353
58.pool85-60-242.dynamic.orange.es - - [07/Nov/2017:09:34:47 +0100] "GET /pruefungskurs.shtml HTTP/1.1" 200 23039
58.pool85-60-242.dynamic.orange.es - - [07/Nov/2017:09:34:48 +0100] "GET /segel-grundkurs.shtml HTTP/1.1" 200 21440
58.pool85-60-242.dynamic.orange.es - - [07/Nov/2017:09:34:49 +0100] "GET /segelkurs-jollesmartkat.shtml HTTP/1.1" 200 19993
58.pool85-60-242.dynamic.orange.es - - [07/Nov/2017:09:34:49 +0100] "GET /smartkat-crashkurs.shtml HTTP/1.1" 200 17863
58.pool85-60-242.dynamic.orange.es - - [07/Nov/2017:09:34:50 +0100] "GET /standort.shtml HTTP/1.1" 200 17547
58.pool85-60-242.dynamic.orange.es - - [07/Nov/2017:09:34:50 +0100] "GET /vermietung.shtml HTTP/1.1" 200 25728
58.pool85-60-242.dynamic.orange.es - - [07/Nov/2017:09:34:51 +0100] "GET /js/functions_stripped.js?v=6.6.7.2.41064 HTTP/1.1" 200 7672
58.pool85-60-242.dynamic.orange.es - - [07/Nov/2017:09:34:52 +0100] "GET /Perspectiva.html? HTTP/1.1" 200 18069
58.pool85-60-242.dynamic.orange.es - - [07/Nov/2017:09:34:53 +0100] "GET /js/jquery.lazyload.min.js?v=6.6.7.2.41064 HTTP/1.1" 200 3342
58.pool85-60-242.dynamic.orange.es - - [07/Nov/2017:09:34:54 +0100] "GET /aktuelles-wetter HTTP/1.1" 200 18388
msnbot-157-55-39-76.search.msn.com - - [07/Nov/2017:09:39:39 +0100] "GET / HTTP/1.1" 200 6440
