8.21.198.54 - - [13/Oct/2017:12:05:24 +0200] "GET /robots.txt HTTP/1.1" 200 80
8.21.198.54 - - [13/Oct/2017:12:05:24 +0200] "GET /kurse HTTP/1.1" 200 6281
104.15.127.176.dynamic.wline.res.cust.swisscom.ch - - [13/Oct/2017:12:13:42 +0200] "GET /templates/creator/m_f/fa/fa7/164/css/main.min.css?v=1483633820 HTTP/1.1" 200 1797
104.15.127.176.dynamic.wline.res.cust.swisscom.ch - - [13/Oct/2017:12:13:42 +0200] "GET /js/footer/get_deps.min.js?v=6.6.7.2.41064 HTTP/1.1" 200 157
104.15.127.176.dynamic.wline.res.cust.swisscom.ch - - [13/Oct/2017:12:13:42 +0200] "GET /templates/creator/m_f/fa/fa7/164/assets/wp-menu.js?v=1483633820 HTTP/1.1" 200 1089
104.15.127.176.dynamic.wline.res.cust.swisscom.ch - - [13/Oct/2017:12:13:42 +0200] "GET /templates/creator/m_f/fa/fa7/164/assets/respond.min.js?v=1483633820 HTTP/1.1" 200 2085
104.15.127.176.dynamic.wline.res.cust.swisscom.ch - - [13/Oct/2017:12:13:42 +0200] "GET /js/jquery.lazyload.min.js?v=6.6.7.2.41064 HTTP/1.1" 200 1283
104.15.127.176.dynamic.wline.res.cust.swisscom.ch - - [13/Oct/2017:12:13:42 +0200] "GET /js/functions_stripped.js?v=6.6.7.2.41064 HTTP/1.1" 200 3186
104.15.127.176.dynamic.wline.res.cust.swisscom.ch - - [13/Oct/2017:12:13:42 +0200] "GET / HTTP/1.1" 200 6440
104.15.127.176.dynamic.wline.res.cust.swisscom.ch - - [13/Oct/2017:12:13:42 +0200] "GET /css/widgets/concat_widget.min.css?v=6.6.7.2.41064 HTTP/1.1" 200 24507
104.15.127.176.dynamic.wline.res.cust.swisscom.ch - - [13/Oct/2017:12:13:42 +0200] "GET /css/skeleton.css HTTP/1.1" 200 3511
104.15.127.176.dynamic.wline.res.cust.swisscom.ch - - [13/Oct/2017:12:13:42 +0200] "GET /templates/creator/m_f/fa/fa7/164/assets/slide.js?v=1483633820 HTTP/1.1" 200 662
104.15.127.176.dynamic.wline.res.cust.swisscom.ch - - [13/Oct/2017:12:13:42 +0200] "GET /var/m_0/0d/0dd/12455/143351-Header_Segelschule.jpg HTTP/1.1" 304 -
104.15.127.176.dynamic.wline.res.cust.swisscom.ch - - [13/Oct/2017:12:13:42 +0200] "GET /js/footer/build_social_entries.min.js?v=6.6.7.2.41064 HTTP/1.1" 200 278
104.15.127.176.dynamic.wline.res.cust.swisscom.ch - - [13/Oct/2017:12:13:42 +0200] "GET /templates/creator/m_f/fa/fa7/164/css/style.min.css?v=1483633820 HTTP/1.1" 200 847
104.15.127.176.dynamic.wline.res.cust.swisscom.ch - - [13/Oct/2017:12:13:43 +0200] "GET /var/m_0/0d/0dd/12455/6564603-SK_Tro_Head.jpg HTTP/1.1" 304 -
104.15.127.176.dynamic.wline.res.cust.swisscom.ch - - [13/Oct/2017:12:13:43 +0200] "GET /var/m_0/0d/0dd/12455/125493-13_Kurse.JPG HTTP/1.1" 304 -
104.15.127.176.dynamic.wline.res.cust.swisscom.ch - - [13/Oct/2017:12:13:43 +0200] "GET /var/m_0/0d/0dd/12455/143580-SP_Heierling1.jpg HTTP/1.1" 304 -
104.15.127.176.dynamic.wline.res.cust.swisscom.ch - - [13/Oct/2017:12:13:43 +0200] "GET /var/m_0/0d/0dd/12455/8254793-J70_Davos.w1024.jpg HTTP/1.1" 304 -
104.15.127.176.dynamic.wline.res.cust.swisscom.ch - - [13/Oct/2017:12:13:43 +0200] "GET /var/m_0/0d/0dd/12455/8218280-65_Regatta.JPG HTTP/1.1" 304 -
104.15.127.176.dynamic.wline.res.cust.swisscom.ch - - [13/Oct/2017:12:13:43 +0200] "GET /var/m_0/0d/0dd/12455/7230972-19_Matchracing.jpg HTTP/1.1" 304 -
104.15.127.176.dynamic.wline.res.cust.swisscom.ch - - [13/Oct/2017:12:13:43 +0200] "GET /var/m_0/0d/0dd/12455/125495-15_Event.JPG HTTP/1.1" 304 -
104.15.127.176.dynamic.wline.res.cust.swisscom.ch - - [13/Oct/2017:12:13:43 +0200] "GET /var/m_0/0d/0dd/12455/125494-14_Vermietung.JPG HTTP/1.1" 304 -
104.15.127.176.dynamic.wline.res.cust.swisscom.ch - - [13/Oct/2017:12:13:43 +0200] "GET /var/m_0/0d/0dd/12455/143586-SP_DK1.jpg HTTP/1.1" 304 -
104.15.127.176.dynamic.wline.res.cust.swisscom.ch - - [13/Oct/2017:12:13:43 +0200] "GET /var/m_0/0d/0dd/12455/143584-SP_Lemm1.jpg HTTP/1.1" 304 -
104.15.127.176.dynamic.wline.res.cust.swisscom.ch - - [13/Oct/2017:12:13:43 +0200] "GET /var/m_0/0d/0dd/12455/8288159-EWD_rgb_pos.jpg HTTP/1.1" 304 -
104.15.127.176.dynamic.wline.res.cust.swisscom.ch - - [13/Oct/2017:12:13:43 +0200] "GET /var/m_0/0d/0dd/12455/143582-SP_Gipfel1.jpg HTTP/1.1" 304 -
msnbot-157-55-39-17.search.msn.com - - [13/Oct/2017:12:13:44 +0200] "GET /event-matchracing.shtml HTTP/1.1" 200 5634
mail.fobos01.pl - - [13/Oct/2017:12:36:50 +0200] "GET / HTTP/1.1" 200 35804
mail.fobos01.pl - - [13/Oct/2017:12:36:52 +0200] "GET / HTTP/1.1" 200 35804
mail.fobos01.pl - - [13/Oct/2017:12:36:53 +0200] "GET / HTTP/1.1" 200 35804
21.220.41.212.static.wline.lns.sme.cust.swisscom.ch - - [13/Oct/2017:12:37:55 +0200] "GET / HTTP/1.1" 200 6440
21.220.41.212.static.wline.lns.sme.cust.swisscom.ch - - [13/Oct/2017:12:37:56 +0200] "GET /css/skeleton.css HTTP/1.1" 200 3511
21.220.41.212.static.wline.lns.sme.cust.swisscom.ch - - [13/Oct/2017:12:37:56 +0200] "GET /templates/creator/m_f/fa/fa7/164/css/main.min.css?v=1483633820 HTTP/1.1" 200 1797
21.220.41.212.static.wline.lns.sme.cust.swisscom.ch - - [13/Oct/2017:12:37:56 +0200] "GET /css/widgets/concat_widget.min.css?v=6.6.7.2.41064 HTTP/1.1" 200 24507
21.220.41.212.static.wline.lns.sme.cust.swisscom.ch - - [13/Oct/2017:12:37:56 +0200] "GET /templates/creator/m_f/fa/fa7/164/css/style.min.css?v=1483633820 HTTP/1.1" 200 847
21.220.41.212.static.wline.lns.sme.cust.swisscom.ch - - [13/Oct/2017:12:37:56 +0200] "GET /templates/resellers/7/favicon.ico?v=1506103971 HTTP/1.1" 200 4286
21.220.41.212.static.wline.lns.sme.cust.swisscom.ch - - [13/Oct/2017:12:37:56 +0200] "GET /var/m_0/0d/0dd/12455/143351-Header_Segelschule.jpg HTTP/1.1" 200 107532
21.220.41.212.static.wline.lns.sme.cust.swisscom.ch - - [13/Oct/2017:12:38:04 +0200] "GET /css/skeleton.css HTTP/1.1" 200 3511
21.220.41.212.static.wline.lns.sme.cust.swisscom.ch - - [13/Oct/2017:12:38:04 +0200] "GET /templates/creator/m_f/fa/fa7/164/css/main.min.css?v=1483633820 HTTP/1.1" 200 1797
21.220.41.212.static.wline.lns.sme.cust.swisscom.ch - - [13/Oct/2017:12:38:04 +0200] "GET /templates/resellers/7/favicon.ico?v=1506147120 HTTP/1.1" 200 4286
21.220.41.212.static.wline.lns.sme.cust.swisscom.ch - - [13/Oct/2017:12:38:04 +0200] "GET /var/m_0/0d/0dd/12455/143352-Header_Segelschule_2.jpg HTTP/1.1" 200 107532
21.220.41.212.static.wline.lns.sme.cust.swisscom.ch - - [13/Oct/2017:12:38:03 +0200] "GET /flotte.shtml HTTP/1.1" 200 6274
21.220.41.212.static.wline.lns.sme.cust.swisscom.ch - - [13/Oct/2017:12:38:04 +0200] "GET /css/widgets/concat_widget.min.css?v=6.6.7.2.41064 HTTP/1.1" 200 24507
21.220.41.212.static.wline.lns.sme.cust.swisscom.ch - - [13/Oct/2017:12:38:04 +0200] "GET /templates/creator/m_f/fa/fa7/164/css/style.min.css?v=1483633820 HTTP/1.1" 200 847
21.220.41.212.static.wline.lns.sme.cust.swisscom.ch - - [13/Oct/2017:12:39:07 +0200] "GET /vermietung.shtml HTTP/1.1" 200 5099
21.220.41.212.static.wline.lns.sme.cust.swisscom.ch - - [13/Oct/2017:12:39:08 +0200] "GET /templates/resellers/7/favicon.ico?v=1506147147 HTTP/1.1" 200 4286
21.220.41.212.static.wline.lns.sme.cust.swisscom.ch - - [13/Oct/2017:12:39:52 +0200] "GET /galerie-sktrophy-2015.shtml HTTP/1.1" 200 5939
21.220.41.212.static.wline.lns.sme.cust.swisscom.ch - - [13/Oct/2017:12:39:52 +0200] "GET /js/fancybox2/jquery.fancybox.min.css?v=6.6.7.2.41064 HTTP/1.1" 200 1020
21.220.41.212.static.wline.lns.sme.cust.swisscom.ch - - [13/Oct/2017:12:39:53 +0200] "GET /templates/resellers/7/favicon.ico?v=1506149021 HTTP/1.1" 200 4286
21.220.41.212.static.wline.lns.sme.cust.swisscom.ch - - [13/Oct/2017:12:39:57 +0200] "GET /js/efu/main.min.js?v=6.6.7.2.41064 HTTP/1.1" 200 1746
21.220.41.212.static.wline.lns.sme.cust.swisscom.ch - - [13/Oct/2017:12:39:57 +0200] "GET /js/footer/build_social_entries.min.js?v=6.6.7.2.41064 HTTP/1.1" 200 278
21.220.41.212.static.wline.lns.sme.cust.swisscom.ch - - [13/Oct/2017:12:39:57 +0200] "GET /templates/creator/m_f/fa/fa7/164/assets/wp-menu.js?v=1483633820 HTTP/1.1" 200 1089
21.220.41.212.static.wline.lns.sme.cust.swisscom.ch - - [13/Oct/2017:12:39:57 +0200] "GET /templates/creator/m_f/fa/fa7/164/assets/slide.js?v=1483633820 HTTP/1.1" 200 662
21.220.41.212.static.wline.lns.sme.cust.swisscom.ch - - [13/Oct/2017:12:39:57 +0200] "GET /js/functions_stripped.js?v=6.6.7.2.41064 HTTP/1.1" 200 3186
21.220.41.212.static.wline.lns.sme.cust.swisscom.ch - - [13/Oct/2017:12:39:57 +0200] "GET /js/efu/w.gallery.min.js?v=6.6.7.2.41064 HTTP/1.1" 200 181
21.220.41.212.static.wline.lns.sme.cust.swisscom.ch - - [13/Oct/2017:12:39:57 +0200] "GET /js/fancybox2/jquery.fancybox.min.js?v=6.6.7.2.41064 HTTP/1.1" 200 6267
21.220.41.212.static.wline.lns.sme.cust.swisscom.ch - - [13/Oct/2017:12:39:57 +0200] "GET /js/footer/get_deps.min.js?v=6.6.7.2.41064 HTTP/1.1" 200 157
21.220.41.212.static.wline.lns.sme.cust.swisscom.ch - - [13/Oct/2017:12:39:57 +0200] "GET /templates/creator/m_f/fa/fa7/164/assets/respond.min.js?v=1483633820 HTTP/1.1" 200 2085
21.220.41.212.static.wline.lns.sme.cust.swisscom.ch - - [13/Oct/2017:12:39:57 +0200] "GET /js/jquery.lazyload.min.js?v=6.6.7.2.41064 HTTP/1.1" 200 1283
21.220.41.212.static.wline.lns.sme.cust.swisscom.ch - - [13/Oct/2017:12:39:57 +0200] "GET /js/galleryLightbox/gallery-paging.min.js?v=6.6.7.2.41064 HTTP/1.1" 200 1107
21.220.41.212.static.wline.lns.sme.cust.swisscom.ch - - [13/Oct/2017:12:39:58 +0200] "GET /var/m_0/0d/0dd/12455/6564666-G3_SKT2015_01.jpg HTTP/1.1" 200 160125
21.220.41.212.static.wline.lns.sme.cust.swisscom.ch - - [13/Oct/2017:12:39:58 +0200] "GET /var/m_0/0d/0dd/12455/6564669-G3_SKT2015_03.jpg HTTP/1.1" 200 114866
21.220.41.212.static.wline.lns.sme.cust.swisscom.ch - - [13/Oct/2017:12:39:58 +0200] "GET /var/m_0/0d/0dd/12455/6564673-G3_SKT2015_06.jpg HTTP/1.1" 200 122324
21.220.41.212.static.wline.lns.sme.cust.swisscom.ch - - [13/Oct/2017:12:39:58 +0200] "GET /var/m_0/0d/0dd/12455/6564674-G3_SKT2015_07.jpg HTTP/1.1" 200 117236
21.220.41.212.static.wline.lns.sme.cust.swisscom.ch - - [13/Oct/2017:12:39:58 +0200] "GET /var/m_0/0d/0dd/12455/6564675-G3_SKT2015_08.jpg HTTP/1.1" 200 111352
21.220.41.212.static.wline.lns.sme.cust.swisscom.ch - - [13/Oct/2017:12:39:58 +0200] "GET /gfx/galleryStatic/pagination.png HTTP/1.1" 200 1557
21.220.41.212.static.wline.lns.sme.cust.swisscom.ch - - [13/Oct/2017:12:39:58 +0200] "GET /var/m_0/0d/0dd/12455/6564668-G3_SKT2015_02.jpg HTTP/1.1" 200 142536
21.220.41.212.static.wline.lns.sme.cust.swisscom.ch - - [13/Oct/2017:12:39:58 +0200] "GET /var/m_0/0d/0dd/12455/6564670-G3_SKT2015_04.jpg HTTP/1.1" 200 209464
21.220.41.212.static.wline.lns.sme.cust.swisscom.ch - - [13/Oct/2017:12:39:58 +0200] "GET /var/m_0/0d/0dd/12455/6564672-G3_SKT2015_05.jpg HTTP/1.1" 200 207849
21.220.41.212.static.wline.lns.sme.cust.swisscom.ch - - [13/Oct/2017:12:39:59 +0200] "GET /var/m_0/0d/0dd/12455/6564676-G3_SKT2015_09.jpg HTTP/1.1" 200 150721
21.220.41.212.static.wline.lns.sme.cust.swisscom.ch - - [13/Oct/2017:12:39:59 +0200] "GET /var/m_0/0d/0dd/12455/6564681-G3_SKT2015_12.jpg HTTP/1.1" 200 148086
21.220.41.212.static.wline.lns.sme.cust.swisscom.ch - - [13/Oct/2017:12:39:59 +0200] "GET /var/m_0/0d/0dd/12455/6564679-G3_SKT2015_11.jpg HTTP/1.1" 200 96997
21.220.41.212.static.wline.lns.sme.cust.swisscom.ch - - [13/Oct/2017:12:39:59 +0200] "GET /var/m_0/0d/0dd/12455/6564684-G3_SKT2015_15.jpg HTTP/1.1" 200 144651
21.220.41.212.static.wline.lns.sme.cust.swisscom.ch - - [13/Oct/2017:12:39:59 +0200] "GET /var/m_0/0d/0dd/12455/6564678-G3_SKT2015_10.jpg HTTP/1.1" 200 138460
21.220.41.212.static.wline.lns.sme.cust.swisscom.ch - - [13/Oct/2017:12:39:59 +0200] "GET /var/m_0/0d/0dd/12455/6564682-G3_SKT2015_13.jpg HTTP/1.1" 200 204673
21.220.41.212.static.wline.lns.sme.cust.swisscom.ch - - [13/Oct/2017:12:39:59 +0200] "GET /var/m_0/0d/0dd/12455/6564683-G3_SKT2015_14.jpg HTTP/1.1" 200 195006
21.220.41.212.static.wline.lns.sme.cust.swisscom.ch - - [13/Oct/2017:12:39:59 +0200] "GET /var/m_0/0d/0dd/12455/6564685-G3_SKT2015_16.jpg HTTP/1.1" 200 129971
21.220.41.212.static.wline.lns.sme.cust.swisscom.ch - - [13/Oct/2017:12:40:00 +0200] "GET /var/m_0/0d/0dd/12455/6564690-G3_SKT2015_20.jpg HTTP/1.1" 200 120599
21.220.41.212.static.wline.lns.sme.cust.swisscom.ch - - [13/Oct/2017:12:40:00 +0200] "GET /var/m_0/0d/0dd/12455/6564691-G3_SKT2015_21.jpg HTTP/1.1" 200 121870
21.220.41.212.static.wline.lns.sme.cust.swisscom.ch - - [13/Oct/2017:12:40:00 +0200] "GET /var/m_0/0d/0dd/12455/6564692-G3_SKT2015_22.jpg HTTP/1.1" 200 137091
21.220.41.212.static.wline.lns.sme.cust.swisscom.ch - - [13/Oct/2017:12:40:00 +0200] "GET /var/m_0/0d/0dd/12455/6564686-G3_SKT2015_17.jpg HTTP/1.1" 200 130353
21.220.41.212.static.wline.lns.sme.cust.swisscom.ch - - [13/Oct/2017:12:40:00 +0200] "GET /var/m_0/0d/0dd/12455/6564687-G3_SKT2015_18.jpg HTTP/1.1" 200 93275
21.220.41.212.static.wline.lns.sme.cust.swisscom.ch - - [13/Oct/2017:12:40:00 +0200] "GET /var/m_0/0d/0dd/12455/6564688-G3_SKT2015_19.jpg HTTP/1.1" 200 123732
21.220.41.212.static.wline.lns.sme.cust.swisscom.ch - - [13/Oct/2017:12:40:00 +0200] "GET /var/m_0/0d/0dd/12455/6564693-G3_SKT2015_23.jpg HTTP/1.1" 200 129585
21.220.41.212.static.wline.lns.sme.cust.swisscom.ch - - [13/Oct/2017:12:40:01 +0200] "GET /var/m_0/0d/0dd/12455/6564694-G3_SKT2015_24.jpg HTTP/1.1" 200 173621
21.220.41.212.static.wline.lns.sme.cust.swisscom.ch - - [13/Oct/2017:12:40:01 +0200] "GET /var/m_0/0d/0dd/12455/6564695-G3_SKT2015_25.jpg HTTP/1.1" 200 121143
21.220.41.212.static.wline.lns.sme.cust.swisscom.ch - - [13/Oct/2017:12:40:01 +0200] "GET /var/m_0/0d/0dd/12455/6564696-G3_SKT2015_26.jpg HTTP/1.1" 200 113715
21.220.41.212.static.wline.lns.sme.cust.swisscom.ch - - [13/Oct/2017:12:40:01 +0200] "GET /var/m_0/0d/0dd/12455/6564698-G3_SKT2015_27.jpg HTTP/1.1" 200 164698
21.220.41.212.static.wline.lns.sme.cust.swisscom.ch - - [13/Oct/2017:12:40:01 +0200] "GET /var/m_0/0d/0dd/12455/6564699-G3_SKT2015_28.jpg HTTP/1.1" 200 120507
21.220.41.212.static.wline.lns.sme.cust.swisscom.ch - - [13/Oct/2017:12:40:02 +0200] "GET /var/m_0/0d/0dd/12455/6564703-G3_SKT2015_32.jpg HTTP/1.1" 200 112691
21.220.41.212.static.wline.lns.sme.cust.swisscom.ch - - [13/Oct/2017:12:40:02 +0200] "GET /var/m_0/0d/0dd/12455/6564705-G3_SKT2015_34.jpg HTTP/1.1" 200 103141
21.220.41.212.static.wline.lns.sme.cust.swisscom.ch - - [13/Oct/2017:12:40:02 +0200] "GET /var/m_0/0d/0dd/12455/6564700-G3_SKT2015_29.jpg HTTP/1.1" 200 84446
21.220.41.212.static.wline.lns.sme.cust.swisscom.ch - - [13/Oct/2017:12:40:02 +0200] "GET /var/m_0/0d/0dd/12455/6564701-G3_SKT2015_30.jpg HTTP/1.1" 200 93984
21.220.41.212.static.wline.lns.sme.cust.swisscom.ch - - [13/Oct/2017:12:40:02 +0200] "GET /var/m_0/0d/0dd/12455/6564702-G3_SKT2015_31.jpg HTTP/1.1" 200 94697
21.220.41.212.static.wline.lns.sme.cust.swisscom.ch - - [13/Oct/2017:12:40:02 +0200] "GET /var/m_0/0d/0dd/12455/6564704-G3_SKT2015_33.jpg HTTP/1.1" 200 100941
21.220.41.212.static.wline.lns.sme.cust.swisscom.ch - - [13/Oct/2017:12:40:02 +0200] "GET /var/m_0/0d/0dd/12455/6564706-G3_SKT2015_35.jpg HTTP/1.1" 200 92136
21.220.41.212.static.wline.lns.sme.cust.swisscom.ch - - [13/Oct/2017:12:40:02 +0200] "GET /var/m_0/0d/0dd/12455/6564707-G3_SKT2015_36.jpg HTTP/1.1" 200 82600
21.220.41.212.static.wline.lns.sme.cust.swisscom.ch - - [13/Oct/2017:12:40:03 +0200] "GET /var/m_0/0d/0dd/12455/6564710-G3_SKT2015_38.jpg HTTP/1.1" 200 94469
21.220.41.212.static.wline.lns.sme.cust.swisscom.ch - - [13/Oct/2017:12:40:03 +0200] "GET /var/m_0/0d/0dd/12455/6564711-G3_SKT2015_39.jpg HTTP/1.1" 200 101712
21.220.41.212.static.wline.lns.sme.cust.swisscom.ch - - [13/Oct/2017:12:40:03 +0200] "GET /var/m_0/0d/0dd/12455/6564714-G3_SKT2015_42.jpg HTTP/1.1" 200 66693
21.220.41.212.static.wline.lns.sme.cust.swisscom.ch - - [13/Oct/2017:12:40:03 +0200] "GET /var/m_0/0d/0dd/12455/6564716-G3_SKT2015_44.jpg HTTP/1.1" 200 99680
21.220.41.212.static.wline.lns.sme.cust.swisscom.ch - - [13/Oct/2017:12:40:03 +0200] "GET /var/m_0/0d/0dd/12455/6564717-G3_SKT2015_45.jpg HTTP/1.1" 200 137552
21.220.41.212.static.wline.lns.sme.cust.swisscom.ch - - [13/Oct/2017:12:40:03 +0200] "GET /var/m_0/0d/0dd/12455/6564720-G3_SKT2015_47.jpg HTTP/1.1" 200 94941
21.220.41.212.static.wline.lns.sme.cust.swisscom.ch - - [13/Oct/2017:12:40:03 +0200] "GET /var/m_0/0d/0dd/12455/6564709-G3_SKT2015_37.jpg HTTP/1.1" 200 89585
21.220.41.212.static.wline.lns.sme.cust.swisscom.ch - - [13/Oct/2017:12:40:03 +0200] "GET /var/m_0/0d/0dd/12455/6564712-G3_SKT2015_40.jpg HTTP/1.1" 200 86307
21.220.41.212.static.wline.lns.sme.cust.swisscom.ch - - [13/Oct/2017:12:40:03 +0200] "GET /var/m_0/0d/0dd/12455/6564713-G3_SKT2015_41.jpg HTTP/1.1" 200 83472
21.220.41.212.static.wline.lns.sme.cust.swisscom.ch - - [13/Oct/2017:12:40:03 +0200] "GET /var/m_0/0d/0dd/12455/6564715-G3_SKT2015_43.jpg HTTP/1.1" 200 109913
21.220.41.212.static.wline.lns.sme.cust.swisscom.ch - - [13/Oct/2017:12:40:03 +0200] "GET /var/m_0/0d/0dd/12455/6564718-G3_SKT2015_46.jpg HTTP/1.1" 200 106980
21.220.41.212.static.wline.lns.sme.cust.swisscom.ch - - [13/Oct/2017:12:40:03 +0200] "GET /var/m_0/0d/0dd/12455/6564721-G3_SKT2015_48.jpg HTTP/1.1" 200 99100
21.220.41.212.static.wline.lns.sme.cust.swisscom.ch - - [13/Oct/2017:12:40:04 +0200] "GET /var/m_0/0d/0dd/12455/6564723-G3_SKT2015_50.jpg HTTP/1.1" 200 84898
21.220.41.212.static.wline.lns.sme.cust.swisscom.ch - - [13/Oct/2017:12:40:04 +0200] "GET /var/m_0/0d/0dd/12455/6564727-G3_SKT2015_54.jpg HTTP/1.1" 200 105601
21.220.41.212.static.wline.lns.sme.cust.swisscom.ch - - [13/Oct/2017:12:40:04 +0200] "GET /var/m_0/0d/0dd/12455/6564729-G3_SKT2015_55.jpg HTTP/1.1" 200 88744
21.220.41.212.static.wline.lns.sme.cust.swisscom.ch - - [13/Oct/2017:12:40:04 +0200] "GET /var/m_0/0d/0dd/12455/6564730-G3_SKT2015_56.jpg HTTP/1.1" 200 114637
21.220.41.212.static.wline.lns.sme.cust.swisscom.ch - - [13/Oct/2017:12:40:04 +0200] "GET /var/m_0/0d/0dd/12455/6564722-G3_SKT2015_49.jpg HTTP/1.1" 200 93581
21.220.41.212.static.wline.lns.sme.cust.swisscom.ch - - [13/Oct/2017:12:40:04 +0200] "GET /var/m_0/0d/0dd/12455/6564724-G3_SKT2015_51.jpg HTTP/1.1" 200 77336
21.220.41.212.static.wline.lns.sme.cust.swisscom.ch - - [13/Oct/2017:12:40:04 +0200] "GET /var/m_0/0d/0dd/12455/6564725-G3_SKT2015_52.jpg HTTP/1.1" 200 139147
21.220.41.212.static.wline.lns.sme.cust.swisscom.ch - - [13/Oct/2017:12:40:04 +0200] "GET /var/m_0/0d/0dd/12455/6564726-G3_SKT2015_53.jpg HTTP/1.1" 200 119632
21.220.41.212.static.wline.lns.sme.cust.swisscom.ch - - [13/Oct/2017:12:40:04 +0200] "GET /var/m_0/0d/0dd/12455/6564731-G3_SKT2015_57.jpg HTTP/1.1" 200 84129
21.220.41.212.static.wline.lns.sme.cust.swisscom.ch - - [13/Oct/2017:12:40:05 +0200] "GET /var/m_0/0d/0dd/12455/6564732-G3_SKT2015_58.jpg HTTP/1.1" 200 148843
21.220.41.212.static.wline.lns.sme.cust.swisscom.ch - - [13/Oct/2017:12:40:05 +0200] "GET /var/m_0/0d/0dd/12455/6564734-G3_SKT2015_59.jpg HTTP/1.1" 200 117702
21.220.41.212.static.wline.lns.sme.cust.swisscom.ch - - [13/Oct/2017:12:40:05 +0200] "GET /var/m_0/0d/0dd/12455/6564737-G3_SKT2015_61.jpg HTTP/1.1" 200 101297
21.220.41.212.static.wline.lns.sme.cust.swisscom.ch - - [13/Oct/2017:12:40:05 +0200] "GET /var/m_0/0d/0dd/12455/6564739-G3_SKT2015_63.jpg HTTP/1.1" 200 83403
21.220.41.212.static.wline.lns.sme.cust.swisscom.ch - - [13/Oct/2017:12:40:05 +0200] "GET /var/m_0/0d/0dd/12455/6564741-G3_SKT2015_65.jpg HTTP/1.1" 200 170374
21.220.41.212.static.wline.lns.sme.cust.swisscom.ch - - [13/Oct/2017:12:40:05 +0200] "GET /var/m_0/0d/0dd/12455/6564738-G3_SKT2015_62.jpg HTTP/1.1" 200 114801
21.220.41.212.static.wline.lns.sme.cust.swisscom.ch - - [13/Oct/2017:12:40:05 +0200] "GET /var/m_0/0d/0dd/12455/6564735-G3_SKT2015_60.jpg HTTP/1.1" 200 102335
21.220.41.212.static.wline.lns.sme.cust.swisscom.ch - - [13/Oct/2017:12:40:05 +0200] "GET /var/m_0/0d/0dd/12455/6564740-G3_SKT2015_64.jpg HTTP/1.1" 200 66161
21.220.41.212.static.wline.lns.sme.cust.swisscom.ch - - [13/Oct/2017:12:40:06 +0200] "GET /var/m_0/0d/0dd/12455/6564744-G3_SKT2015_68.jpg HTTP/1.1" 200 79155
21.220.41.212.static.wline.lns.sme.cust.swisscom.ch - - [13/Oct/2017:12:40:06 +0200] "GET /var/m_0/0d/0dd/12455/6564742-G3_SKT2015_66.jpg HTTP/1.1" 200 93775
21.220.41.212.static.wline.lns.sme.cust.swisscom.ch - - [13/Oct/2017:12:40:06 +0200] "GET /var/m_0/0d/0dd/12455/6564743-G3_SKT2015_67.jpg HTTP/1.1" 200 99796
21.220.41.212.static.wline.lns.sme.cust.swisscom.ch - - [13/Oct/2017:12:40:16 +0200] "GET /js/fancybox2/fancybox_sprite.png HTTP/1.1" 200 3633
21.220.41.212.static.wline.lns.sme.cust.swisscom.ch - - [13/Oct/2017:12:40:16 +0200] "GET /js/fancybox2/blank.gif HTTP/1.1" 200 43
21.220.41.212.static.wline.lns.sme.cust.swisscom.ch - - [13/Oct/2017:12:40:39 +0200] "GET /kurse.shtml HTTP/1.1" 200 6280
21.220.41.212.static.wline.lns.sme.cust.swisscom.ch - - [13/Oct/2017:12:40:40 +0200] "GET /templates/resellers/7/favicon.ico?v=1506147134 HTTP/1.1" 200 4286
21.220.41.212.static.wline.lns.sme.cust.swisscom.ch - - [13/Oct/2017:12:40:40 +0200] "GET /var/m_0/0d/0dd/12455/125485-1_Kinderkurs.JPG HTTP/1.1" 200 64975
21.220.41.212.static.wline.lns.sme.cust.swisscom.ch - - [13/Oct/2017:12:40:40 +0200] "GET /var/m_0/0d/0dd/12455/8010562-7_Plauschsegeln.JPG HTTP/1.1" 200 189182
21.220.41.212.static.wline.lns.sme.cust.swisscom.ch - - [13/Oct/2017:12:40:41 +0200] "GET /var/m_0/0d/0dd/12455/125486-2_Sportkurs.JPG HTTP/1.1" 200 69000
21.220.41.212.static.wline.lns.sme.cust.swisscom.ch - - [13/Oct/2017:12:40:41 +0200] "GET /var/m_0/0d/0dd/12455/125487-3_SKCrashkurs.JPG HTTP/1.1" 200 80503
21.220.41.212.static.wline.lns.sme.cust.swisscom.ch - - [13/Oct/2017:12:40:41 +0200] "GET /var/m_0/0d/0dd/12455/125503-36_420er.jpg HTTP/1.1" 200 61172
21.220.41.212.static.wline.lns.sme.cust.swisscom.ch - - [13/Oct/2017:12:40:41 +0200] "GET /var/m_0/0d/0dd/12455/126374-6_Schnupperkurs.JPG HTTP/1.1" 200 53584
21.220.41.212.static.wline.lns.sme.cust.swisscom.ch - - [13/Oct/2017:12:40:41 +0200] "GET /var/m_0/0d/0dd/12455/125488-4_Grundkurs.JPG HTTP/1.1" 200 77496
21.220.41.212.static.wline.lns.sme.cust.swisscom.ch - - [13/Oct/2017:12:40:41 +0200] "GET /var/m_0/0d/0dd/12455/125489-5_Pr%C3%BCfungskurs.JPG HTTP/1.1" 200 53669
21.220.41.212.static.wline.lns.sme.cust.swisscom.ch - - [13/Oct/2017:12:41:13 +0200] "GET /smartkat-crashkurs.shtml HTTP/1.1" 200 4808
21.220.41.212.static.wline.lns.sme.cust.swisscom.ch - - [13/Oct/2017:12:41:15 +0200] "GET /templates/resellers/7/favicon.ico?v=1506149037 HTTP/1.1" 200 4286
21.220.41.212.static.wline.lns.sme.cust.swisscom.ch - - [13/Oct/2017:12:42:34 +0200] "GET /kurse.shtml HTTP/1.1" 200 6280
21.220.41.212.static.wline.lns.sme.cust.swisscom.ch - - [13/Oct/2017:12:42:45 +0200] "GET /segelkurs-jollesmartkat.shtml HTTP/1.1" 200 5139
21.220.41.212.static.wline.lns.sme.cust.swisscom.ch - - [13/Oct/2017:12:42:46 +0200] "GET /templates/resellers/7/favicon.ico?v=1506149035 HTTP/1.1" 200 4286
21.220.41.212.static.wline.lns.sme.cust.swisscom.ch - - [13/Oct/2017:12:43:21 +0200] "GET /kurse.shtml HTTP/1.1" 200 6280
21.220.41.212.static.wline.lns.sme.cust.swisscom.ch - - [13/Oct/2017:12:43:26 +0200] "GET /pruefungskurs.shtml HTTP/1.1" 200 5895
21.220.41.212.static.wline.lns.sme.cust.swisscom.ch - - [13/Oct/2017:12:43:27 +0200] "GET /templates/resellers/7/favicon.ico?v=1506149031 HTTP/1.1" 200 4286
21.220.41.212.static.wline.lns.sme.cust.swisscom.ch - - [13/Oct/2017:12:44:48 +0200] "GET /kurse.shtml HTTP/1.1" 200 6280
21.220.41.212.static.wline.lns.sme.cust.swisscom.ch - - [13/Oct/2017:12:45:09 +0200] "GET /kinder-segelkurs.shtml HTTP/1.1" 200 5171
21.220.41.212.static.wline.lns.sme.cust.swisscom.ch - - [13/Oct/2017:12:45:10 +0200] "GET /templates/resellers/7/favicon.ico?v=1506147131 HTTP/1.1" 200 4286
21.220.41.212.static.wline.lns.sme.cust.swisscom.ch - - [13/Oct/2017:12:51:11 +0200] "GET /kinder-segelkurs.shtml HTTP/1.1" 200 5171
