crawl01.exabot.com - - [08/Dec/2017:18:00:44 +0100] "GET /robots.txt HTTP/1.1" 200 80
crawl01.exabot.com - - [08/Dec/2017:18:00:44 +0100] "GET /event-pedalo.shtml HTTP/1.1" 200 5342
eu4.aseoserver.com - - [08/Dec/2017:18:10:24 +0100] "GET /robots.txt HTTP/1.1" 200 120
eu4.aseoserver.com - - [08/Dec/2017:18:10:26 +0100] "GET / HTTP/1.1" 200 35804
eu4.aseoserver.com - - [08/Dec/2017:18:10:30 +0100] "GET /vermietung.shtml HTTP/1.1" 200 25728
eu4.aseoserver.com - - [08/Dec/2017:18:10:30 +0100] "GET /kursanmeldung.shtml HTTP/1.1" 200 49926
eu4.aseoserver.com - - [08/Dec/2017:18:10:30 +0100] "GET /kinder-segelkurs.shtml HTTP/1.1" 200 19898
eu4.aseoserver.com - - [08/Dec/2017:18:10:33 +0100] "GET /aktuelles-wetter.shtml HTTP/1.1" 200 18388
eu4.aseoserver.com - - [08/Dec/2017:18:10:35 +0100] "GET /vermietung.shtml HTTP/1.1" 200 25728
eu4.aseoserver.com - - [08/Dec/2017:18:10:36 +0100] "GET /galerie.shtml HTTP/1.1" 200 22747
eu4.aseoserver.com - - [08/Dec/2017:18:10:38 +0100] "GET /%C3%BCber-uns.shtml HTTP/1.1" 200 21862
eu4.aseoserver.com - - [08/Dec/2017:18:10:39 +0100] "GET /smartkat-crashkurs.shtml HTTP/1.1" 200 17863
eu4.aseoserver.com - - [08/Dec/2017:18:10:40 +0100] "GET /galerie-gruppesmartkat.shtml HTTP/1.1" 200 20574
eu4.aseoserver.com - - [08/Dec/2017:18:10:43 +0100] "GET /standort.shtml HTTP/1.1" 200 17547
eu4.aseoserver.com - - [08/Dec/2017:18:10:44 +0100] "GET /event-matchracing.shtml HTTP/1.1" 200 21251
eu4.aseoserver.com - - [08/Dec/2017:18:10:45 +0100] "GET /segelkurs-jollesmartkat.shtml HTTP/1.1" 200 19993
eu4.aseoserver.com - - [08/Dec/2017:18:10:48 +0100] "GET /kurse.shtml HTTP/1.1" 200 31031
eu4.aseoserver.com - - [08/Dec/2017:18:10:48 +0100] "GET /segel-grundkurs.shtml HTTP/1.1" 200 21440
eu4.aseoserver.com - - [08/Dec/2017:18:10:50 +0100] "GET /galerie-sktrophy-2015.shtml HTTP/1.1" 200 49420
eu4.aseoserver.com - - [08/Dec/2017:18:10:51 +0100] "GET /events.shtml HTTP/1.1" 200 22514
eu4.aseoserver.com - - [08/Dec/2017:18:10:51 +0100] "GET /davosersee.shtml HTTP/1.1" 200 19505
eu4.aseoserver.com - - [08/Dec/2017:18:10:53 +0100] "GET /optikurse-2014.shtml HTTP/1.1" 200 26353
eu4.aseoserver.com - - [08/Dec/2017:18:10:54 +0100] "GET /event-gruppesmartkat.shtml HTTP/1.1" 200 21256
eu4.aseoserver.com - - [08/Dec/2017:18:10:53 +0100] "GET /event-pedalo.shtml HTTP/1.1" 200 20248
eu4.aseoserver.com - - [08/Dec/2017:18:10:58 +0100] "GET /galerie-matchracing.shtml HTTP/1.1" 200 21704
eu4.aseoserver.com - - [08/Dec/2017:18:10:58 +0100] "GET /galerie-sktrophy-2014.shtml HTTP/1.1" 200 29913
eu4.aseoserver.com - - [08/Dec/2017:18:10:59 +0100] "GET /events.shtml HTTP/1.1" 200 22514
eu4.aseoserver.com - - [08/Dec/2017:18:11:04 +0100] "GET /kurse.shtml HTTP/1.1" 200 31031
eu4.aseoserver.com - - [08/Dec/2017:18:11:04 +0100] "GET /flotte.shtml HTTP/1.1" 200 29241
eu4.aseoserver.com - - [08/Dec/2017:18:11:04 +0100] "GET /pruefungskurs.shtml HTTP/1.1" 200 23039
eu4.aseoserver.com - - [08/Dec/2017:18:11:08 +0100] "GET /galerie.shtml HTTP/1.1" 200 22747
eu4.aseoserver.com - - [08/Dec/2017:18:11:08 +0100] "GET /optikurse-2014.shtml HTTP/1.1" 200 26353
eu4.aseoserver.com - - [08/Dec/2017:18:11:08 +0100] "GET /galerie-gruppesmartkat.shtml HTTP/1.1" 200 20574
eu4.aseoserver.com - - [08/Dec/2017:18:11:12 +0100] "GET /segel-grundkurs.shtml HTTP/1.1" 200 21440
eu4.aseoserver.com - - [08/Dec/2017:18:11:12 +0100] "GET /segelkurs-jollesmartkat.shtml HTTP/1.1" 200 19993
eu4.aseoserver.com - - [08/Dec/2017:18:11:13 +0100] "GET /pruefungskurs.shtml HTTP/1.1" 200 23039
eu4.aseoserver.com - - [08/Dec/2017:18:11:15 +0100] "GET /galerie-sktrophy-2014.shtml HTTP/1.1" 200 29913
eu4.aseoserver.com - - [08/Dec/2017:18:11:16 +0100] "GET /event-gruppesmartkat.shtml HTTP/1.1" 200 21256
eu4.aseoserver.com - - [08/Dec/2017:18:11:16 +0100] "GET /%C3%BCber-uns.shtml HTTP/1.1" 200 21862
eu4.aseoserver.com - - [08/Dec/2017:18:11:19 +0100] "GET /flotte.shtml HTTP/1.1" 200 29241
eu4.aseoserver.com - - [08/Dec/2017:18:11:19 +0100] "GET /event-matchracing.shtml HTTP/1.1" 200 21251
eu4.aseoserver.com - - [08/Dec/2017:18:11:19 +0100] "GET / HTTP/1.1" 200 35804
eu4.aseoserver.com - - [08/Dec/2017:18:11:22 +0100] "GET /standort.shtml HTTP/1.1" 200 17547
eu4.aseoserver.com - - [08/Dec/2017:18:11:23 +0100] "GET /smartkat-crashkurs.shtml HTTP/1.1" 200 17863
eu4.aseoserver.com - - [08/Dec/2017:18:11:24 +0100] "GET /davosersee.shtml HTTP/1.1" 200 19505
eu4.aseoserver.com - - [08/Dec/2017:18:11:26 +0100] "GET /event-pedalo.shtml HTTP/1.1" 200 20248
eu4.aseoserver.com - - [08/Dec/2017:18:11:27 +0100] "GET /galerie-matchracing.shtml HTTP/1.1" 200 21704
eu4.aseoserver.com - - [08/Dec/2017:18:11:29 +0100] "GET /galerie-sktrophy-2015.shtml HTTP/1.1" 200 49420
msnbot-157-55-39-94.search.msn.com - - [08/Dec/2017:18:30:03 +0100] "GET /index.php?option=com_content&task=view&id=48&Itemid=115 HTTP/1.1" 302 -
msnbot-157-55-39-94.search.msn.com - - [08/Dec/2017:18:45:44 +0100] "GET /vermietung HTTP/1.1" 200 5100
acontecendo-199-53-154-195.acontecendoagora.com.br - - [08/Dec/2017:18:55:10 +0100] "GET / HTTP/1.1" 200 35804
acontecendo-199-53-154-195.acontecendoagora.com.br - - [08/Dec/2017:18:55:12 +0100] "GET /events.shtml HTTP/1.1" 200 22514
acontecendo-199-53-154-195.acontecendoagora.com.br - - [08/Dec/2017:18:55:14 +0100] "GET /kurse.shtml HTTP/1.1" 200 31031
acontecendo-199-53-154-195.acontecendoagora.com.br - - [08/Dec/2017:18:55:14 +0100] "GET /galerie.shtml HTTP/1.1" 200 22747
acontecendo-199-53-154-195.acontecendoagora.com.br - - [08/Dec/2017:18:55:15 +0100] "GET /vermietung.shtml HTTP/1.1" 200 25728
acontecendo-199-53-154-195.acontecendoagora.com.br - - [08/Dec/2017:18:55:16 +0100] "GET /event-gruppesmartkat.shtml HTTP/1.1" 200 21256
acontecendo-199-53-154-195.acontecendoagora.com.br - - [08/Dec/2017:18:55:16 +0100] "GET /event-matchracing.shtml HTTP/1.1" 200 21251
acontecendo-199-53-154-195.acontecendoagora.com.br - - [08/Dec/2017:18:55:18 +0100] "GET /event-pedalo.shtml HTTP/1.1" 200 20248
acontecendo-199-53-154-195.acontecendoagora.com.br - - [08/Dec/2017:18:55:18 +0100] "GET /galerie-gruppesmartkat.shtml HTTP/1.1" 200 20574
acontecendo-199-53-154-195.acontecendoagora.com.br - - [08/Dec/2017:18:55:19 +0100] "GET /galerie-matchracing.shtml HTTP/1.1" 200 21704
acontecendo-199-53-154-195.acontecendoagora.com.br - - [08/Dec/2017:18:55:20 +0100] "GET /galerie-sktrophy-2014.shtml HTTP/1.1" 200 29913
acontecendo-199-53-154-195.acontecendoagora.com.br - - [08/Dec/2017:18:55:21 +0100] "GET /galerie-sktrophy-2015.shtml HTTP/1.1" 200 49420
acontecendo-199-53-154-195.acontecendoagora.com.br - - [08/Dec/2017:18:55:22 +0100] "GET /kinder-segelkurs.shtml HTTP/1.1" 200 19898
acontecendo-199-53-154-195.acontecendoagora.com.br - - [08/Dec/2017:18:55:22 +0100] "GET /optikurse-2014.shtml HTTP/1.1" 200 26353
acontecendo-199-53-154-195.acontecendoagora.com.br - - [08/Dec/2017:18:55:23 +0100] "GET /segel-grundkurs.shtml HTTP/1.1" 200 21440
acontecendo-199-53-154-195.acontecendoagora.com.br - - [08/Dec/2017:18:55:23 +0100] "GET /pruefungskurs.shtml HTTP/1.1" 200 23039
acontecendo-199-53-154-195.acontecendoagora.com.br - - [08/Dec/2017:18:55:24 +0100] "GET /segelkurs-jollesmartkat.shtml HTTP/1.1" 200 19993
acontecendo-199-53-154-195.acontecendoagora.com.br - - [08/Dec/2017:18:55:25 +0100] "GET /flotte.shtml HTTP/1.1" 200 29241
acontecendo-199-53-154-195.acontecendoagora.com.br - - [08/Dec/2017:18:55:25 +0100] "GET /smartkat-crashkurs.shtml HTTP/1.1" 200 17863
acontecendo-199-53-154-195.acontecendoagora.com.br - - [08/Dec/2017:18:55:26 +0100] "GET /Perspectiva.html? HTTP/1.1" 200 18069
acontecendo-199-53-154-195.acontecendoagora.com.br - - [08/Dec/2017:18:55:26 +0100] "GET /js/functions_stripped.js?v=6.6.7.2.41064 HTTP/1.1" 200 7672
acontecendo-199-53-154-195.acontecendoagora.com.br - - [08/Dec/2017:18:55:27 +0100] "GET /js/jquery.lazyload.min.js?v=6.6.7.2.41064 HTTP/1.1" 200 3342
acontecendo-199-53-154-195.acontecendoagora.com.br - - [08/Dec/2017:18:55:28 +0100] "GET /js/).html(a);null==$( HTTP/1.1" 200 219
acontecendo-199-53-154-195.acontecendoagora.com.br - - [08/Dec/2017:18:55:28 +0100] "GET /js/index.php?sid=46&lang=en&item=1&act=users&ajax=state HTTP/1.1" 200 210
acontecendo-199-53-154-195.acontecendoagora.com.br - - [08/Dec/2017:18:55:30 +0100] "GET /davosersee HTTP/1.1" 200 19505
acontecendo-199-53-154-195.acontecendoagora.com.br - - [08/Dec/2017:18:55:30 +0100] "GET /aktuelles-wetter HTTP/1.1" 200 18388
acontecendo-199-53-154-195.acontecendoagora.com.br - - [08/Dec/2017:18:55:31 +0100] "GET /event-gruppesmartkat HTTP/1.1" 200 21256
acontecendo-199-53-154-195.acontecendoagora.com.br - - [08/Dec/2017:18:55:31 +0100] "GET /event-matchracing HTTP/1.1" 200 21251
acontecendo-199-53-154-195.acontecendoagora.com.br - - [08/Dec/2017:18:55:32 +0100] "GET /events HTTP/1.1" 200 22514
acontecendo-199-53-154-195.acontecendoagora.com.br - - [08/Dec/2017:18:55:32 +0100] "GET /event-pedalo HTTP/1.1" 200 20248
