mlv95-h02-176-169-175-154.dsl.sta.abo.bbox.fr - - [06/Oct/2017:05:42:36 +0200] "GET / HTTP/1.1" 200 35804
mlv95-h02-176-169-175-154.dsl.sta.abo.bbox.fr - - [06/Oct/2017:05:42:38 +0200] "GET /events.shtml HTTP/1.1" 200 22514
mlv95-h02-176-169-175-154.dsl.sta.abo.bbox.fr - - [06/Oct/2017:05:42:40 +0200] "GET /galerie.shtml HTTP/1.1" 200 22747
mlv95-h02-176-169-175-154.dsl.sta.abo.bbox.fr - - [06/Oct/2017:05:42:41 +0200] "GET /kurse.shtml HTTP/1.1" 200 31031
mlv95-h02-176-169-175-154.dsl.sta.abo.bbox.fr - - [06/Oct/2017:05:42:43 +0200] "GET /vermietung.shtml HTTP/1.1" 200 25728
mlv95-h02-176-169-175-154.dsl.sta.abo.bbox.fr - - [06/Oct/2017:05:42:45 +0200] "GET /event-gruppesmartkat.shtml HTTP/1.1" 200 21256
mlv95-h02-176-169-175-154.dsl.sta.abo.bbox.fr - - [06/Oct/2017:05:42:46 +0200] "GET /event-matchracing.shtml HTTP/1.1" 200 21251
mlv95-h02-176-169-175-154.dsl.sta.abo.bbox.fr - - [06/Oct/2017:05:42:47 +0200] "GET /event-pedalo.shtml HTTP/1.1" 200 20248
mlv95-h02-176-169-175-154.dsl.sta.abo.bbox.fr - - [06/Oct/2017:05:42:48 +0200] "GET /galerie-gruppesmartkat.shtml HTTP/1.1" 200 20574
mlv95-h02-176-169-175-154.dsl.sta.abo.bbox.fr - - [06/Oct/2017:05:42:49 +0200] "GET /galerie-matchracing.shtml HTTP/1.1" 200 21704
mlv95-h02-176-169-175-154.dsl.sta.abo.bbox.fr - - [06/Oct/2017:05:42:50 +0200] "GET /galerie-sktrophy-2014.shtml HTTP/1.1" 200 29913
mlv95-h02-176-169-175-154.dsl.sta.abo.bbox.fr - - [06/Oct/2017:05:42:52 +0200] "GET /galerie-sktrophy-2015.shtml HTTP/1.1" 200 49420
mlv95-h02-176-169-175-154.dsl.sta.abo.bbox.fr - - [06/Oct/2017:05:42:54 +0200] "GET /optikurse-2014.shtml HTTP/1.1" 200 26353
mlv95-h02-176-169-175-154.dsl.sta.abo.bbox.fr - - [06/Oct/2017:05:42:56 +0200] "GET /kinder-segelkurs.shtml HTTP/1.1" 200 19898
mlv95-h02-176-169-175-154.dsl.sta.abo.bbox.fr - - [06/Oct/2017:05:42:57 +0200] "GET /pruefungskurs.shtml HTTP/1.1" 200 23039
mlv95-h02-176-169-175-154.dsl.sta.abo.bbox.fr - - [06/Oct/2017:05:42:58 +0200] "GET /segel-grundkurs.shtml HTTP/1.1" 200 21440
mlv95-h02-176-169-175-154.dsl.sta.abo.bbox.fr - - [06/Oct/2017:05:42:59 +0200] "GET /smartkat-crashkurs.shtml HTTP/1.1" 200 17863
mlv95-h02-176-169-175-154.dsl.sta.abo.bbox.fr - - [06/Oct/2017:05:42:59 +0200] "GET /segelkurs-jollesmartkat.shtml HTTP/1.1" 200 19993
mlv95-h02-176-169-175-154.dsl.sta.abo.bbox.fr - - [06/Oct/2017:05:43:00 +0200] "GET /flotte.shtml HTTP/1.1" 200 29241
mlv95-h02-176-169-175-154.dsl.sta.abo.bbox.fr - - [06/Oct/2017:05:43:01 +0200] "GET /js/functions_stripped.js?v=6.6.7.2.41064 HTTP/1.1" 200 7672
mlv95-h02-176-169-175-154.dsl.sta.abo.bbox.fr - - [06/Oct/2017:05:43:02 +0200] "GET /js/jquery.lazyload.min.js?v=6.6.7.2.41064 HTTP/1.1" 200 3342
mlv95-h02-176-169-175-154.dsl.sta.abo.bbox.fr - - [06/Oct/2017:05:43:02 +0200] "GET /Perspectiva.html? HTTP/1.1" 200 18069
mlv95-h02-176-169-175-154.dsl.sta.abo.bbox.fr - - [06/Oct/2017:05:43:03 +0200] "GET /davosersee HTTP/1.1" 200 19505
mlv95-h02-176-169-175-154.dsl.sta.abo.bbox.fr - - [06/Oct/2017:05:43:03 +0200] "GET /aktuelles-wetter HTTP/1.1" 200 18388
mlv95-h02-176-169-175-154.dsl.sta.abo.bbox.fr - - [06/Oct/2017:05:43:03 +0200] "GET /js/).html(a);null==$( HTTP/1.1" 200 219
mlv95-h02-176-169-175-154.dsl.sta.abo.bbox.fr - - [06/Oct/2017:05:43:04 +0200] "GET /event-gruppesmartkat HTTP/1.1" 200 21256
mlv95-h02-176-169-175-154.dsl.sta.abo.bbox.fr - - [06/Oct/2017:05:43:05 +0200] "GET /event-matchracing HTTP/1.1" 200 21251
mlv95-h02-176-169-175-154.dsl.sta.abo.bbox.fr - - [06/Oct/2017:05:43:06 +0200] "GET /event-pedalo HTTP/1.1" 200 20248
mlv95-h02-176-169-175-154.dsl.sta.abo.bbox.fr - - [06/Oct/2017:05:43:07 +0200] "GET /events HTTP/1.1" 200 22514
mlv95-h02-176-169-175-154.dsl.sta.abo.bbox.fr - - [06/Oct/2017:05:43:08 +0200] "GET /%C3%BCber-uns.shtml HTTP/1.1" 200 21862
mlv95-h02-176-169-175-154.dsl.sta.abo.bbox.fr - - [06/Oct/2017:05:43:08 +0200] "GET /flotte HTTP/1.1" 200 29385
mlv95-h02-176-169-175-154.dsl.sta.abo.bbox.fr - - [06/Oct/2017:05:43:09 +0200] "GET /aktuelles-wetter.shtml HTTP/1.1" 200 18388
mlv95-h02-176-169-175-154.dsl.sta.abo.bbox.fr - - [06/Oct/2017:05:43:10 +0200] "GET /davosersee.shtml HTTP/1.1" 200 19505
mlv95-h02-176-169-175-154.dsl.sta.abo.bbox.fr - - [06/Oct/2017:05:43:11 +0200] "GET /kursanmeldung.shtml HTTP/1.1" 200 49926
mlv95-h02-176-169-175-154.dsl.sta.abo.bbox.fr - - [06/Oct/2017:05:43:13 +0200] "GET /standort.shtml HTTP/1.1" 200 17547
mlv95-h02-176-169-175-154.dsl.sta.abo.bbox.fr - - [06/Oct/2017:05:43:15 +0200] "GET /galerie-gruppesmartkat HTTP/1.1" 200 20574
mlv95-h02-176-169-175-154.dsl.sta.abo.bbox.fr - - [06/Oct/2017:05:43:15 +0200] "GET /galerie HTTP/1.1" 200 22747
mlv95-h02-176-169-175-154.dsl.sta.abo.bbox.fr - - [06/Oct/2017:05:43:16 +0200] "GET /galerie-matchracing HTTP/1.1" 200 21704
mlv95-h02-176-169-175-154.dsl.sta.abo.bbox.fr - - [06/Oct/2017:05:43:17 +0200] "GET /galerie-sktrophy-2014 HTTP/1.1" 200 29913
mlv95-h02-176-169-175-154.dsl.sta.abo.bbox.fr - - [06/Oct/2017:05:43:18 +0200] "GET /galerie-sktrophy-2015 HTTP/1.1" 200 49420
mlv95-h02-176-169-175-154.dsl.sta.abo.bbox.fr - - [06/Oct/2017:05:43:20 +0200] "GET /kursanmeldung HTTP/1.1" 200 49782
mlv95-h02-176-169-175-154.dsl.sta.abo.bbox.fr - - [06/Oct/2017:05:43:20 +0200] "GET /kinder-segelkurs HTTP/1.1" 200 19898
mlv95-h02-176-169-175-154.dsl.sta.abo.bbox.fr - - [06/Oct/2017:05:43:22 +0200] "GET /kurse HTTP/1.1" 200 31031
mlv95-h02-176-169-175-154.dsl.sta.abo.bbox.fr - - [06/Oct/2017:05:43:23 +0200] "GET /optikurse-2014 HTTP/1.1" 200 26353
mlv95-h02-176-169-175-154.dsl.sta.abo.bbox.fr - - [06/Oct/2017:05:43:24 +0200] "GET /pruefungskurs HTTP/1.1" 200 23039
mlv95-h02-176-169-175-154.dsl.sta.abo.bbox.fr - - [06/Oct/2017:05:43:25 +0200] "GET /segel-grundkurs HTTP/1.1" 200 21440
mlv95-h02-176-169-175-154.dsl.sta.abo.bbox.fr - - [06/Oct/2017:05:43:26 +0200] "GET /segelkurs-jollesmartkat HTTP/1.1" 200 20137
mlv95-h02-176-169-175-154.dsl.sta.abo.bbox.fr - - [06/Oct/2017:05:43:28 +0200] "GET /standort HTTP/1.1" 200 17547
mlv95-h02-176-169-175-154.dsl.sta.abo.bbox.fr - - [06/Oct/2017:05:43:28 +0200] "GET /smartkat-crashkurs HTTP/1.1" 200 18007
195.141.126.4 - - [06/Oct/2017:05:45:43 +0200] "GET /vermietung.shtml HTTP/1.1" 200 25728
crawl-66-249-69-142.googlebot.com - - [06/Oct/2017:05:53:47 +0200] "GET /js/fancybox2/jquery.fancybox.min.css?v=6.6.7.1.40667 HTTP/1.1" 200 1020
crawl-66-249-69-142.googlebot.com - - [06/Oct/2017:05:53:47 +0200] "GET /templates/creator/m_f/fa/fa7/164/css/main.min.css?v=1483633820 HTTP/1.1" 200 1797
crawl-66-249-69-145.googlebot.com - - [06/Oct/2017:05:53:47 +0200] "GET /js/footer/get_deps.min.js?v=6.6.7.1.40667 HTTP/1.1" 200 157
crawl-66-249-69-144.googlebot.com - - [06/Oct/2017:05:53:48 +0200] "GET /css/skeleton.css HTTP/1.1" 200 3511
crawl-66-249-69-144.googlebot.com - - [06/Oct/2017:05:53:48 +0200] "GET /js/galleryLightbox/gallery-paging.min.js?v=6.6.7.1.40667 HTTP/1.1" 200 1107
crawl-66-249-69-142.googlebot.com - - [06/Oct/2017:05:53:49 +0200] "GET /js/jquery.lazyload.min.js?v=6.6.7.1.40667 HTTP/1.1" 200 1283
crawl-66-249-69-145.googlebot.com - - [06/Oct/2017:05:53:49 +0200] "GET /css/widgets/concat_widget.min.css?v=6.6.7.1.40667 HTTP/1.1" 200 24507
crawl-66-249-69-145.googlebot.com - - [06/Oct/2017:05:53:50 +0200] "GET /js/footer/build_social_entries.min.js?v=6.6.7.1.40667 HTTP/1.1" 200 278
crawl-66-249-69-144.googlebot.com - - [06/Oct/2017:05:53:50 +0200] "GET /js/functions_stripped.js?v=6.6.7.1.40667 HTTP/1.1" 200 3186
crawl-66-249-69-144.googlebot.com - - [06/Oct/2017:05:53:51 +0200] "GET /templates/creator/m_f/fa/fa7/164/css/style.min.css?v=1483633820 HTTP/1.1" 200 847
