168.23.60.178.dynamic.reverse-mundo-r.com - - [06/Dec/2017:02:25:41 +0100] "GET / HTTP/1.1" 200 35804
168.23.60.178.dynamic.reverse-mundo-r.com - - [06/Dec/2017:02:25:43 +0100] "GET /aktuelles-wetter.shtml HTTP/1.1" 200 18388
168.23.60.178.dynamic.reverse-mundo-r.com - - [06/Dec/2017:02:25:43 +0100] "GET /davosersee.shtml HTTP/1.1" 200 19505
168.23.60.178.dynamic.reverse-mundo-r.com - - [06/Dec/2017:02:25:42 +0100] "GET /%C3%BCber-uns.shtml HTTP/1.1" 200 21862
168.23.60.178.dynamic.reverse-mundo-r.com - - [06/Dec/2017:02:25:44 +0100] "GET /event-gruppesmartkat.shtml HTTP/1.1" 200 21256
168.23.60.178.dynamic.reverse-mundo-r.com - - [06/Dec/2017:02:25:44 +0100] "GET /event-matchracing.shtml HTTP/1.1" 200 21251
168.23.60.178.dynamic.reverse-mundo-r.com - - [06/Dec/2017:02:25:45 +0100] "GET /events.shtml HTTP/1.1" 200 22514
168.23.60.178.dynamic.reverse-mundo-r.com - - [06/Dec/2017:02:25:45 +0100] "GET /event-pedalo.shtml HTTP/1.1" 200 20248
168.23.60.178.dynamic.reverse-mundo-r.com - - [06/Dec/2017:02:25:46 +0100] "GET /galerie-gruppesmartkat.shtml HTTP/1.1" 200 20574
168.23.60.178.dynamic.reverse-mundo-r.com - - [06/Dec/2017:02:25:46 +0100] "GET /flotte.shtml HTTP/1.1" 200 29241
168.23.60.178.dynamic.reverse-mundo-r.com - - [06/Dec/2017:02:25:47 +0100] "GET /galerie-sktrophy-2015.shtml HTTP/1.1" 200 49420
168.23.60.178.dynamic.reverse-mundo-r.com - - [06/Dec/2017:02:25:47 +0100] "GET /galerie-matchracing.shtml HTTP/1.1" 200 21704
168.23.60.178.dynamic.reverse-mundo-r.com - - [06/Dec/2017:02:25:47 +0100] "GET /galerie-sktrophy-2014.shtml HTTP/1.1" 200 29913
168.23.60.178.dynamic.reverse-mundo-r.com - - [06/Dec/2017:02:25:48 +0100] "GET /galerie.shtml HTTP/1.1" 200 22747
168.23.60.178.dynamic.reverse-mundo-r.com - - [06/Dec/2017:02:25:48 +0100] "GET /kursanmeldung.shtml HTTP/1.1" 200 49926
168.23.60.178.dynamic.reverse-mundo-r.com - - [06/Dec/2017:02:25:48 +0100] "GET /kinder-segelkurs.shtml HTTP/1.1" 200 19898
168.23.60.178.dynamic.reverse-mundo-r.com - - [06/Dec/2017:02:25:49 +0100] "GET /optikurse-2014.shtml HTTP/1.1" 200 26353
168.23.60.178.dynamic.reverse-mundo-r.com - - [06/Dec/2017:02:25:49 +0100] "GET /kurse.shtml HTTP/1.1" 200 31031
168.23.60.178.dynamic.reverse-mundo-r.com - - [06/Dec/2017:02:25:50 +0100] "GET /segelkurs-jollesmartkat.shtml HTTP/1.1" 200 19993
168.23.60.178.dynamic.reverse-mundo-r.com - - [06/Dec/2017:02:25:50 +0100] "GET /segel-grundkurs.shtml HTTP/1.1" 200 21440
168.23.60.178.dynamic.reverse-mundo-r.com - - [06/Dec/2017:02:25:50 +0100] "GET /pruefungskurs.shtml HTTP/1.1" 200 23039
168.23.60.178.dynamic.reverse-mundo-r.com - - [06/Dec/2017:02:25:51 +0100] "GET /vermietung.shtml HTTP/1.1" 200 25728
168.23.60.178.dynamic.reverse-mundo-r.com - - [06/Dec/2017:02:25:51 +0100] "GET /smartkat-crashkurs.shtml HTTP/1.1" 200 17863
168.23.60.178.dynamic.reverse-mundo-r.com - - [06/Dec/2017:02:25:51 +0100] "GET /js/functions_stripped.js?v=6.6.7.2.41064 HTTP/1.1" 200 7672
168.23.60.178.dynamic.reverse-mundo-r.com - - [06/Dec/2017:02:25:51 +0100] "GET /standort.shtml HTTP/1.1" 200 17547
168.23.60.178.dynamic.reverse-mundo-r.com - - [06/Dec/2017:02:25:52 +0100] "GET /js/jquery.lazyload.min.js?v=6.6.7.2.41064 HTTP/1.1" 200 3342
168.23.60.178.dynamic.reverse-mundo-r.com - - [06/Dec/2017:02:25:52 +0100] "GET /aktuelles-wetter HTTP/1.1" 200 18388
168.23.60.178.dynamic.reverse-mundo-r.com - - [06/Dec/2017:02:25:52 +0100] "GET /Perspectiva.html? HTTP/1.1" 200 18069
134-249-52-116.broadband.kyivstar.net - - [06/Dec/2017:02:41:36 +0100] "GET / HTTP/1.1" 200 35804
134-249-52-116.broadband.kyivstar.net - - [06/Dec/2017:02:41:38 +0100] "GET / HTTP/1.1" 200 35804
134-249-52-116.broadband.kyivstar.net - - [06/Dec/2017:02:41:38 +0100] "GET / HTTP/1.1" 200 35804
66.ip-137-74-169.eu - - [06/Dec/2017:02:50:49 +0100] "GET / HTTP/1.1" 200 6440
msnbot-157-55-39-51.search.msn.com - - [06/Dec/2017:02:54:06 +0100] "GET /robots.txt HTTP/1.1" 200 80
msnbot-40-77-167-80.search.msn.com - - [06/Dec/2017:02:54:13 +0100] "GET /var/m_0/0d/0dd/12455/8097283-61_Fr%C3%BChling_2.jpg HTTP/1.1" 200 158570
crawl-66-249-64-28.googlebot.com - - [06/Dec/2017:02:56:59 +0100] "GET /favicon.ico HTTP/1.1" 200 1150
