hydrogen233.a.ahrefs.com - - [01/Dec/2017:06:17:47 +0100] "GET /var/m_0/0d/0dd/12455/143483-G1_SKT2014_07.JPG HTTP/1.1" 200 144574
hydrogen165.a.ahrefs.com - - [01/Dec/2017:06:41:41 +0100] "GET /var/m_0/0d/0dd/12455/7230935-G4_Event_SK_03.jpg HTTP/1.1" 200 109157
b115340.yse.yahoo.net - - [01/Dec/2017:06:50:10 +0100] "GET /robots.txt HTTP/1.1" 200 120
b115340.yse.yahoo.net - - [01/Dec/2017:06:50:21 +0100] "GET /davosersee.shtml HTTP/1.1" 200 5477
b115340.yse.yahoo.net - - [01/Dec/2017:06:50:51 +0100] "GET /segel-grundkurs.shtml HTTP/1.1" 200 5378
b115340.yse.yahoo.net - - [01/Dec/2017:06:50:55 +0100] "GET /pruefungskurs.shtml HTTP/1.1" 200 5895
msnbot-207-46-13-126.search.msn.com - - [01/Dec/2017:06:52:11 +0100] "GET /robots.txt HTTP/1.1" 200 80
msnbot-207-46-13-126.search.msn.com - - [01/Dec/2017:06:52:11 +0100] "GET /robots.txt HTTP/1.1" 200 80
msnbot-157-55-39-65.search.msn.com - - [01/Dec/2017:06:52:21 +0100] "GET /js/footer/build_social_entries.min.js?v=6.6.7.2.41064 HTTP/1.1" 200 278
msnbot-157-55-39-65.search.msn.com - - [01/Dec/2017:06:52:21 +0100] "GET /js/functions_stripped.js?v=6.6.7.2.41064 HTTP/1.1" 200 3186
msnbot-157-55-39-65.search.msn.com - - [01/Dec/2017:06:52:22 +0100] "GET /templates/creator/m_f/fa/fa7/164/css/style.min.css?v=1483633820 HTTP/1.1" 200 847
msnbot-157-55-39-65.search.msn.com - - [01/Dec/2017:06:52:22 +0100] "GET /templates/creator/m_f/fa/fa7/164/assets/wp-menu.js?v=1483633820 HTTP/1.1" 200 1089
msnbot-157-55-39-65.search.msn.com - - [01/Dec/2017:06:52:22 +0100] "GET /templates/creator/m_f/fa/fa7/164/css/main.min.css?v=1483633820 HTTP/1.1" 200 1797
msnbot-207-46-13-126.search.msn.com - - [01/Dec/2017:06:52:27 +0100] "GET /templates/creator/m_f/fa/fa7/164/assets/respond.min.js?v=1483633820 HTTP/1.1" 200 2085
msnbot-207-46-13-126.search.msn.com - - [01/Dec/2017:06:52:27 +0100] "GET /css/skeleton.css HTTP/1.1" 200 3511
msnbot-207-46-13-126.search.msn.com - - [01/Dec/2017:06:52:27 +0100] "GET /js/footer/get_deps.min.js?v=6.6.7.2.41064 HTTP/1.1" 200 157
b115340.yse.yahoo.net - - [01/Dec/2017:06:54:05 +0100] "GET /events.shtml HTTP/1.1" 200 5297
b115340.yse.yahoo.net - - [01/Dec/2017:06:54:08 +0100] "GET /flotte.shtml HTTP/1.1" 200 6274
b115340.yse.yahoo.net - - [01/Dec/2017:06:56:06 +0100] "GET / HTTP/1.1" 200 6440
b115340.yse.yahoo.net - - [01/Dec/2017:06:56:08 +0100] "GET /flotte HTTP/1.1" 200 6274
b115340.yse.yahoo.net - - [01/Dec/2017:06:56:28 +0100] "GET /segel-grundkurs HTTP/1.1" 200 5378
b115340.yse.yahoo.net - - [01/Dec/2017:06:57:19 +0100] "GET /segelkurs-jollesmartkat.shtml HTTP/1.1" 200 5139
