crawl-66-249-64-8.googlebot.com - - [23/Sep/2017:10:03:58 +0200] "GET /templates/creator/m_f/fa/fa7/164/css/main.min.css?v=1483633820 HTTP/1.1" 200 1797
crawl-66-249-64-8.googlebot.com - - [23/Sep/2017:10:03:58 +0200] "GET /css/widgets/concat_widget.min.css?v=6.6.1.38889 HTTP/1.1" 200 24507
crawl-66-249-64-6.googlebot.com - - [23/Sep/2017:10:03:58 +0200] "GET /robots.txt HTTP/1.1" 200 80
crawl-66-249-64-8.googlebot.com - - [23/Sep/2017:10:03:59 +0200] "GET /css/skeleton.css HTTP/1.1" 200 3511
crawl-66-249-64-13.googlebot.com - - [23/Sep/2017:10:03:59 +0200] "GET /templates/creator/m_f/fa/fa7/164/css/style.min.css?v=1483633820 HTTP/1.1" 200 847
crawl-66-249-64-31.googlebot.com - - [23/Sep/2017:10:36:00 +0200] "GET /smartkat-crashkurs HTTP/1.1" 200 4808
crawl-66-249-64-1.googlebot.com - - [23/Sep/2017:10:36:07 +0200] "GET /templates/creator/m_f/fa/fa7/164/css/main.min.css?v=1483633820 HTTP/1.1" 200 1797
crawl-66-249-64-31.googlebot.com - - [23/Sep/2017:10:36:08 +0200] "GET /css/skeleton.css HTTP/1.1" 200 3511
crawl-66-249-64-31.googlebot.com - - [23/Sep/2017:10:36:09 +0200] "GET /templates/creator/m_f/fa/fa7/164/css/style.min.css?v=1483633820 HTTP/1.1" 200 847
crawl-66-249-64-31.googlebot.com - - [23/Sep/2017:10:36:09 +0200] "GET /css/widgets/concat_widget.min.css?v=6.6.7.2.41064 HTTP/1.1" 200 24507
msnbot-207-46-13-156.search.msn.com - - [23/Sep/2017:10:40:31 +0200] "GET /var/m_0/0d/0dd/12455/125501-34_Laser.jpg HTTP/1.1" 200 52750
crawl-113-170-187-194.qwant.com - - [23/Sep/2017:10:43:28 +0200] "GET /robots.txt HTTP/1.0" 200 80
crawl-113-170-187-194.qwant.com - - [23/Sep/2017:10:43:28 +0200] "GET / HTTP/1.0" 200 6440
crawl-113-170-187-194.qwant.com - - [23/Sep/2017:10:52:37 +0200] "GET /event-pedalo.shtml HTTP/1.0" 200 5342
crawl-66-249-64-8.googlebot.com - - [23/Sep/2017:10:57:09 +0200] "GET /events HTTP/1.1" 200 5296
crawl-66-249-64-6.googlebot.com - - [23/Sep/2017:10:57:13 +0200] "GET /js/functions_stripped.js?v=6.6.7.2.41064 HTTP/1.1" 200 3186
crawl-66-249-64-8.googlebot.com - - [23/Sep/2017:10:57:16 +0200] "GET /js/footer/get_deps.min.js?v=6.6.7.2.41064 HTTP/1.1" 200 157
crawl-66-249-64-6.googlebot.com - - [23/Sep/2017:10:57:18 +0200] "GET /css/widgets/concat_widget.min.css?v=6.6.7.2.41064 HTTP/1.1" 200 24507
crawl-66-249-64-6.googlebot.com - - [23/Sep/2017:10:57:29 +0200] "GET /js/footer/build_social_entries.min.js?v=6.6.7.2.41064 HTTP/1.1" 200 278
crawl-66-249-64-6.googlebot.com - - [23/Sep/2017:10:57:30 +0200] "GET /js/jquery.lazyload.min.js?v=6.6.7.2.41064 HTTP/1.1" 200 1283
