msnbot-207-46-13-180.search.msn.com - - [17/Oct/2017:22:03:06 +0200] "GET /robots.txt HTTP/1.1" 200 80
msnbot-157-55-39-19.search.msn.com - - [17/Oct/2017:22:03:16 +0200] "GET /templates/creator/m_f/fa/fa7/164/assets/tab_l_bottom.png HTTP/1.1" 200 1751
msnbot-207-46-13-180.search.msn.com - - [17/Oct/2017:22:03:16 +0200] "GET /robots.txt HTTP/1.1" 200 80
msnbot-207-46-13-180.search.msn.com - - [17/Oct/2017:22:03:16 +0200] "GET /robots.txt HTTP/1.1" 200 80
msnbot-157-55-39-87.search.msn.com - - [17/Oct/2017:22:03:22 +0200] "GET /templates/creator/m_f/fa/fa7/164/assets/wp-menu.js?v=1483633820 HTTP/1.1" 200 1089
msnbot-157-55-39-19.search.msn.com - - [17/Oct/2017:22:03:25 +0200] "GET /templates/creator/m_f/fa/fa7/164/assets/bt_close.png HTTP/1.1" 200 2150
msnbot-207-46-13-180.search.msn.com - - [17/Oct/2017:22:03:27 +0200] "GET /templates/creator/m_f/fa/fa7/164/assets/call-icon.png HTTP/1.1" 200 3338
msnbot-207-46-13-180.search.msn.com - - [17/Oct/2017:22:03:27 +0200] "GET /templates/creator/m_f/fa/fa7/164/assets/respond.min.js?v=1483633820 HTTP/1.1" 200 2085
msnbot-207-46-13-180.search.msn.com - - [17/Oct/2017:22:03:27 +0200] "GET /css/skeleton.css HTTP/1.1" 200 3511
msnbot-207-46-13-180.search.msn.com - - [17/Oct/2017:22:03:27 +0200] "GET /templates/creator/m_f/fa/fa7/164/assets/bt_open.png HTTP/1.1" 200 2044
msnbot-157-55-39-87.search.msn.com - - [17/Oct/2017:22:03:31 +0200] "GET /templates/creator/m_f/fa/fa7/164/assets/tab_m_bottom.png HTTP/1.1" 200 1000
msnbot-157-55-39-87.search.msn.com - - [17/Oct/2017:22:03:31 +0200] "GET /templates/creator/m_f/fa/fa7/164/css/main.min.css?v=1483633820 HTTP/1.1" 200 1797
msnbot-157-55-39-87.search.msn.com - - [17/Oct/2017:22:03:31 +0200] "GET /templates/creator/m_f/fa/fa7/164/assets/google_maps_icon.png HTTP/1.1" 200 2900
msnbot-157-55-39-87.search.msn.com - - [17/Oct/2017:22:03:31 +0200] "GET /templates/creator/m_f/fa/fa7/164/assets/tab_r_bottom.png HTTP/1.1" 200 1803
msnbot-40-77-167-129.search.msn.com - - [17/Oct/2017:22:03:42 +0200] "GET /templates/creator/m_f/fa/fa7/164/assets/tab_b_bottom.png HTTP/1.1" 200 962
msnbot-40-77-167-129.search.msn.com - - [17/Oct/2017:22:03:42 +0200] "GET /templates/creator/m_f/fa/fa7/164/assets/mail_icon.png HTTP/1.1" 200 3128
hydrogen301.a.ahrefs.com - - [17/Oct/2017:22:07:41 +0200] "GET /var/m_0/0d/0dd/12455/143478-G1_SKT2014_02.JPG HTTP/1.1" 200 135948
msnbot-157-55-39-87.search.msn.com - - [17/Oct/2017:22:09:32 +0200] "GET /aktuelles-wetter.shtml HTTP/1.1" 200 4575
msnbot-157-55-39-87.search.msn.com - - [17/Oct/2017:22:09:33 +0200] "GET /standort.shtml HTTP/1.1" 200 4717
msnbot-207-46-13-180.search.msn.com - - [17/Oct/2017:22:09:37 +0200] "GET /optikurse-2014.shtml HTTP/1.1" 200 4938
msnbot-157-55-39-19.search.msn.com - - [17/Oct/2017:22:09:40 +0200] "GET /flotte.shtml HTTP/1.1" 200 6274
msnbot-157-55-39-19.search.msn.com - - [17/Oct/2017:22:09:40 +0200] "GET /%C3%BCber-uns.shtml HTTP/1.1" 200 4740
msnbot-157-55-39-19.search.msn.com - - [17/Oct/2017:22:09:41 +0200] "GET /davosersee.shtml HTTP/1.1" 200 5477
msnbot-40-77-167-129.search.msn.com - - [17/Oct/2017:22:09:54 +0200] "GET /kursanmeldung.shtml HTTP/1.1" 200 10952
b115490.yse.yahoo.net - - [17/Oct/2017:22:25:00 +0200] "GET /robots.txt HTTP/1.1" 200 120
b115490.yse.yahoo.net - - [17/Oct/2017:22:25:01 +0200] "GET /segelkurs-jollesmartkat HTTP/1.1" 200 5140
