105.189.184.35.bc.googleusercontent.com - - [28/Sep/2017:04:14:23 +0200] "GET /robots.txt HTTP/1.1" 200 80
105.189.184.35.bc.googleusercontent.com - - [28/Sep/2017:04:14:41 +0200] "GET /galerie.shtml HTTP/1.1" 200 4483
209.90.232.120.reverse.wowrack.com - - [28/Sep/2017:04:30:21 +0200] "GET / HTTP/1.1" 200 35804
209.90.232.120.reverse.wowrack.com - - [28/Sep/2017:04:30:22 +0200] "GET /events.shtml HTTP/1.1" 200 22514
209.90.232.120.reverse.wowrack.com - - [28/Sep/2017:04:30:23 +0200] "GET /galerie.shtml HTTP/1.1" 200 22747
209.90.232.120.reverse.wowrack.com - - [28/Sep/2017:04:30:24 +0200] "GET /vermietung.shtml HTTP/1.1" 200 25728
209.90.232.120.reverse.wowrack.com - - [28/Sep/2017:04:30:24 +0200] "GET /kurse.shtml HTTP/1.1" 200 31031
209.90.232.120.reverse.wowrack.com - - [28/Sep/2017:04:30:25 +0200] "GET /event-gruppesmartkat.shtml HTTP/1.1" 200 21256
209.90.232.120.reverse.wowrack.com - - [28/Sep/2017:04:30:26 +0200] "GET /event-pedalo.shtml HTTP/1.1" 200 20248
209.90.232.120.reverse.wowrack.com - - [28/Sep/2017:04:30:26 +0200] "GET /event-matchracing.shtml HTTP/1.1" 200 21251
209.90.232.120.reverse.wowrack.com - - [28/Sep/2017:04:30:27 +0200] "GET /galerie-matchracing.shtml HTTP/1.1" 200 21704
209.90.232.120.reverse.wowrack.com - - [28/Sep/2017:04:30:26 +0200] "GET /galerie-gruppesmartkat.shtml HTTP/1.1" 200 20574
209.90.232.120.reverse.wowrack.com - - [28/Sep/2017:04:30:29 +0200] "GET /galerie-sktrophy-2014.shtml HTTP/1.1" 200 29913
209.90.232.120.reverse.wowrack.com - - [28/Sep/2017:04:30:29 +0200] "GET /galerie-sktrophy-2015.shtml HTTP/1.1" 200 49420
209.90.232.120.reverse.wowrack.com - - [28/Sep/2017:04:30:30 +0200] "GET /optikurse-2014.shtml HTTP/1.1" 200 26353
209.90.232.120.reverse.wowrack.com - - [28/Sep/2017:04:30:30 +0200] "GET /kinder-segelkurs.shtml HTTP/1.1" 200 19898
209.90.232.120.reverse.wowrack.com - - [28/Sep/2017:04:30:31 +0200] "GET /pruefungskurs.shtml HTTP/1.1" 200 23039
209.90.232.120.reverse.wowrack.com - - [28/Sep/2017:04:30:32 +0200] "GET /segelkurs-jollesmartkat.shtml HTTP/1.1" 200 19993
209.90.232.120.reverse.wowrack.com - - [28/Sep/2017:04:30:32 +0200] "GET /segel-grundkurs.shtml HTTP/1.1" 200 21440
209.90.232.120.reverse.wowrack.com - - [28/Sep/2017:04:30:33 +0200] "GET /smartkat-crashkurs.shtml HTTP/1.1" 200 17863
209.90.232.120.reverse.wowrack.com - - [28/Sep/2017:04:30:33 +0200] "GET /flotte.shtml HTTP/1.1" 200 29241
209.90.232.120.reverse.wowrack.com - - [28/Sep/2017:04:30:34 +0200] "GET /Perspectiva.html? HTTP/1.1" 200 18069
209.90.232.120.reverse.wowrack.com - - [28/Sep/2017:04:30:34 +0200] "GET /js/functions_stripped.js?v=6.6.7.2.41064 HTTP/1.1" 200 7672
209.90.232.120.reverse.wowrack.com - - [28/Sep/2017:04:30:35 +0200] "GET /js/).html(a);null==$( HTTP/1.1" 200 219
209.90.232.120.reverse.wowrack.com - - [28/Sep/2017:04:30:35 +0200] "GET /js/jquery.lazyload.min.js?v=6.6.7.2.41064 HTTP/1.1" 200 3342
209.90.232.120.reverse.wowrack.com - - [28/Sep/2017:04:30:36 +0200] "GET /js/index.php?sid=46&lang=en&item=1&act=users&ajax=state HTTP/1.1" 200 210
209.90.232.120.reverse.wowrack.com - - [28/Sep/2017:04:30:37 +0200] "GET /aktuelles-wetter HTTP/1.1" 200 18388
209.90.232.120.reverse.wowrack.com - - [28/Sep/2017:04:30:38 +0200] "GET /event-gruppesmartkat HTTP/1.1" 200 21256
209.90.232.120.reverse.wowrack.com - - [28/Sep/2017:04:30:38 +0200] "GET /davosersee HTTP/1.1" 200 19505
209.90.232.120.reverse.wowrack.com - - [28/Sep/2017:04:30:39 +0200] "GET /event-matchracing HTTP/1.1" 200 21251
209.90.232.120.reverse.wowrack.com - - [28/Sep/2017:04:30:39 +0200] "GET /event-pedalo HTTP/1.1" 200 20248
209.90.232.120.reverse.wowrack.com - - [28/Sep/2017:04:30:40 +0200] "GET /events HTTP/1.1" 200 22514
