gamma.aceituna-mail.com - - [15/Oct/2017:07:09:34 +0200] "GET / HTTP/1.0" 200 35804
gamma.aceituna-mail.com - - [15/Oct/2017:07:09:34 +0200] "GET /index.php HTTP/1.0" 302 -
gamma.aceituna-mail.com - - [15/Oct/2017:07:09:36 +0200] "GET / HTTP/1.0" 200 35804
gamma.aceituna-mail.com - - [15/Oct/2017:07:09:36 +0200] "GET /templates/resellers/7/favicon.ico?v=1506103971 HTTP/1.0" 200 4286
gamma.aceituna-mail.com - - [15/Oct/2017:07:09:36 +0200] "GET /templates/creator/m_f/fa/fa7/164/css/main.min.css?v=1483633820 HTTP/1.0" 200 7582
gamma.aceituna-mail.com - - [15/Oct/2017:07:09:37 +0200] "GET /kinder-segelkurs.shtml HTTP/1.0" 200 19898
gamma.aceituna-mail.com - - [15/Oct/2017:07:09:37 +0200] "GET /segelkurs-jollesmartkat.shtml HTTP/1.0" 200 19993
gamma.aceituna-mail.com - - [15/Oct/2017:07:09:37 +0200] "GET /css/widgets/concat_widget.min.css?v=6.6.7.2.41064 HTTP/1.0" 200 138686
gamma.aceituna-mail.com - - [15/Oct/2017:07:09:37 +0200] "GET /templates/creator/m_f/fa/fa7/164/css/style.min.css?v=1483633820 HTTP/1.0" 200 2787
gamma.aceituna-mail.com - - [15/Oct/2017:07:09:37 +0200] "GET /davosersee.shtml HTTP/1.0" 200 19505
gamma.aceituna-mail.com - - [15/Oct/2017:07:09:37 +0200] "GET /css/skeleton.css HTTP/1.0" 200 18022
gamma.aceituna-mail.com - - [15/Oct/2017:07:09:37 +0200] "GET /kurse.shtml HTTP/1.0" 200 31031
gamma.aceituna-mail.com - - [15/Oct/2017:07:09:38 +0200] "GET /smartkat-crashkurs.shtml HTTP/1.0" 200 17863
gamma.aceituna-mail.com - - [15/Oct/2017:07:09:38 +0200] "GET /pruefungskurs.shtml HTTP/1.0" 200 23039
gamma.aceituna-mail.com - - [15/Oct/2017:07:09:38 +0200] "GET /events.shtml HTTP/1.0" 200 22514
gamma.aceituna-mail.com - - [15/Oct/2017:07:09:38 +0200] "GET /segel-grundkurs.shtml HTTP/1.0" 200 21440
gamma.aceituna-mail.com - - [15/Oct/2017:07:09:38 +0200] "GET /event-gruppesmartkat.shtml HTTP/1.0" 200 21256
gamma.aceituna-mail.com - - [15/Oct/2017:07:09:38 +0200] "GET /event-matchracing.shtml HTTP/1.0" 200 21251
gamma.aceituna-mail.com - - [15/Oct/2017:07:09:38 +0200] "GET /event-pedalo.shtml HTTP/1.0" 200 20248
gamma.aceituna-mail.com - - [15/Oct/2017:07:09:38 +0200] "GET /flotte.shtml HTTP/1.0" 200 29241
gamma.aceituna-mail.com - - [15/Oct/2017:07:09:38 +0200] "GET /vermietung.shtml HTTP/1.0" 200 25728
gamma.aceituna-mail.com - - [15/Oct/2017:07:09:38 +0200] "GET /galerie.shtml HTTP/1.0" 200 22747
gamma.aceituna-mail.com - - [15/Oct/2017:07:09:38 +0200] "GET /galerie-sktrophy-2015.shtml HTTP/1.0" 200 49420
gamma.aceituna-mail.com - - [15/Oct/2017:07:09:38 +0200] "GET /galerie-matchracing.shtml HTTP/1.0" 200 21704
gamma.aceituna-mail.com - - [15/Oct/2017:07:09:39 +0200] "GET /segelkurs-jollesmartkat HTTP/1.0" 200 20137
gamma.aceituna-mail.com - - [15/Oct/2017:07:09:39 +0200] "GET /galerie-gruppesmartkat.shtml HTTP/1.0" 200 20574
gamma.aceituna-mail.com - - [15/Oct/2017:07:09:39 +0200] "GET /galerie-sktrophy-2014.shtml HTTP/1.0" 200 29913
gamma.aceituna-mail.com - - [15/Oct/2017:07:09:39 +0200] "GET /optikurse-2014.shtml HTTP/1.0" 200 26353
gamma.aceituna-mail.com - - [15/Oct/2017:07:09:39 +0200] "GET /standort.shtml HTTP/1.0" 200 17547
gamma.aceituna-mail.com - - [15/Oct/2017:07:09:39 +0200] "GET /kursanmeldung.shtml HTTP/1.0" 200 49926
gamma.aceituna-mail.com - - [15/Oct/2017:07:09:39 +0200] "GET /aktuelles-wetter.shtml HTTP/1.0" 200 18388
gamma.aceituna-mail.com - - [15/Oct/2017:07:09:39 +0200] "GET /templates/resellers/7/favicon.ico?v=1506147134 HTTP/1.0" 200 4286
gamma.aceituna-mail.com - - [15/Oct/2017:07:09:39 +0200] "GET /kurse HTTP/1.0" 200 31031
gamma.aceituna-mail.com - - [15/Oct/2017:07:09:39 +0200] "GET /templates/resellers/7/favicon.ico?v=1506147131 HTTP/1.0" 200 4286
gamma.aceituna-mail.com - - [15/Oct/2017:07:09:39 +0200] "GET /kinder-segelkurs HTTP/1.0" 200 19898
gamma.aceituna-mail.com - - [15/Oct/2017:07:09:39 +0200] "GET /templates/resellers/7/favicon.ico?v=1506149035 HTTP/1.0" 200 4286
gamma.aceituna-mail.com - - [15/Oct/2017:07:09:39 +0200] "GET /%C3%BCber-uns.shtml HTTP/1.0" 200 21862
gamma.aceituna-mail.com - - [15/Oct/2017:07:09:39 +0200] "GET /templates/resellers/7/favicon.ico?v=1506147110 HTTP/1.0" 200 4286
gamma.aceituna-mail.com - - [15/Oct/2017:07:09:39 +0200] "GET /davosersee HTTP/1.0" 200 19505
gamma.aceituna-mail.com - - [15/Oct/2017:07:09:40 +0200] "GET /templates/resellers/7/favicon.ico?v=1506149037 HTTP/1.0" 200 4286
gamma.aceituna-mail.com - - [15/Oct/2017:07:09:40 +0200] "GET /smartkat-crashkurs HTTP/1.0" 200 18007
gamma.aceituna-mail.com - - [15/Oct/2017:07:09:40 +0200] "GET /templates/resellers/7/favicon.ico?v=1506149031 HTTP/1.0" 200 4286
gamma.aceituna-mail.com - - [15/Oct/2017:07:09:40 +0200] "GET /templates/resellers/7/favicon.ico?v=1506149005 HTTP/1.0" 200 4286
gamma.aceituna-mail.com - - [15/Oct/2017:07:09:40 +0200] "GET /templates/resellers/7/favicon.ico?v=1506147113 HTTP/1.0" 200 4286
gamma.aceituna-mail.com - - [15/Oct/2017:07:09:40 +0200] "GET /templates/resellers/7/favicon.ico?v=1506149034 HTTP/1.0" 200 4286
gamma.aceituna-mail.com - - [15/Oct/2017:07:09:40 +0200] "GET /segel-grundkurs HTTP/1.0" 200 21440
gamma.aceituna-mail.com - - [15/Oct/2017:07:09:40 +0200] "GET /events HTTP/1.0" 200 22514
gamma.aceituna-mail.com - - [15/Oct/2017:07:09:40 +0200] "GET /event-gruppesmartkat HTTP/1.0" 200 21256
gamma.aceituna-mail.com - - [15/Oct/2017:07:09:40 +0200] "GET /var/m_0/0d/0dd/12455/7230938-G4_Event_SK_06.jpg HTTP/1.0" 200 67404
gamma.aceituna-mail.com - - [15/Oct/2017:07:09:40 +0200] "GET /var/m_0/0d/0dd/12455/125486-2_Sportkurs.JPG HTTP/1.0" 200 69000
gamma.aceituna-mail.com - - [15/Oct/2017:07:09:40 +0200] "GET /var/m_0/0d/0dd/12455/7230936-G4_Event_SK_04.jpg HTTP/1.0" 200 87335
gamma.aceituna-mail.com - - [15/Oct/2017:07:09:40 +0200] "GET /pruefungskurs HTTP/1.0" 200 23039
gamma.aceituna-mail.com - - [15/Oct/2017:07:09:40 +0200] "GET /templates/resellers/7/favicon.ico?v=1506147118 HTTP/1.0" 200 4286
gamma.aceituna-mail.com - - [15/Oct/2017:07:09:40 +0200] "GET /js/fancybox2/jquery.fancybox.min.css?v=6.6.7.2.41064 HTTP/1.0" 200 3077
gamma.aceituna-mail.com - - [15/Oct/2017:07:09:40 +0200] "GET /event-matchracing HTTP/1.0" 200 21251
gamma.aceituna-mail.com - - [15/Oct/2017:07:09:41 +0200] "GET /vermietung HTTP/1.0" 200 25728
gamma.aceituna-mail.com - - [15/Oct/2017:07:09:41 +0200] "GET /templates/resellers/7/favicon.ico?v=1506149023 HTTP/1.0" 200 4286
gamma.aceituna-mail.com - - [15/Oct/2017:07:09:41 +0200] "GET /var/m_0/0d/0dd/12455/7230904-G5_Matchracing_01.jpg HTTP/1.0" 200 64265
gamma.aceituna-mail.com - - [15/Oct/2017:07:09:41 +0200] "GET /var/m_0/0d/0dd/12455/7230910-G5_Matchracing_07.jpg HTTP/1.0" 200 85482
gamma.aceituna-mail.com - - [15/Oct/2017:07:09:41 +0200] "GET /var/m_0/0d/0dd/12455/7230912-G5_Matchracing_09.jpg HTTP/1.0" 200 72435
gamma.aceituna-mail.com - - [15/Oct/2017:07:09:41 +0200] "GET /templates/resellers/7/favicon.ico?v=1506147116 HTTP/1.0" 200 4286
gamma.aceituna-mail.com - - [15/Oct/2017:07:09:41 +0200] "GET /event-pedalo HTTP/1.0" 200 20248
gamma.aceituna-mail.com - - [15/Oct/2017:07:09:41 +0200] "GET /var/m_0/0d/0dd/12455/7230981-37_Pedalo3.jpg HTTP/1.0" 200 76841
gamma.aceituna-mail.com - - [15/Oct/2017:07:09:41 +0200] "GET /var/m_0/0d/0dd/12455/7230969-37_Pedalo2.jpg HTTP/1.0" 200 107785
gamma.aceituna-mail.com - - [15/Oct/2017:07:09:41 +0200] "GET /templates/resellers/7/favicon.ico?v=1506147120 HTTP/1.0" 200 4286
gamma.aceituna-mail.com - - [15/Oct/2017:07:09:41 +0200] "GET /templates/resellers/7/favicon.ico?v=1506147147 HTTP/1.0" 200 4286
gamma.aceituna-mail.com - - [15/Oct/2017:07:09:41 +0200] "GET /galerie HTTP/1.0" 200 22747
gamma.aceituna-mail.com - - [15/Oct/2017:07:09:41 +0200] "GET /templates/resellers/7/favicon.ico?v=1506149021 HTTP/1.0" 200 4286
gamma.aceituna-mail.com - - [15/Oct/2017:07:09:41 +0200] "GET /galerie-sktrophy-2015 HTTP/1.0" 200 49420
gamma.aceituna-mail.com - - [15/Oct/2017:07:09:41 +0200] "GET /flotte HTTP/1.0" 200 29385
gamma.aceituna-mail.com - - [15/Oct/2017:07:09:42 +0200] "GET /var/m_0/0d/0dd/12455/6564673-G3_SKT2015_06.jpg HTTP/1.0" 200 122324
gamma.aceituna-mail.com - - [15/Oct/2017:07:09:42 +0200] "GET /var/m_0/0d/0dd/12455/6564666-G3_SKT2015_01.jpg HTTP/1.0" 200 160125
gamma.aceituna-mail.com - - [15/Oct/2017:07:09:42 +0200] "GET /var/m_0/0d/0dd/12455/6564668-G3_SKT2015_02.jpg HTTP/1.0" 200 142536
gamma.aceituna-mail.com - - [15/Oct/2017:07:09:42 +0200] "GET /var/m_0/0d/0dd/12455/6564669-G3_SKT2015_03.jpg HTTP/1.0" 200 114866
gamma.aceituna-mail.com - - [15/Oct/2017:07:09:42 +0200] "GET /var/m_0/0d/0dd/12455/6564670-G3_SKT2015_04.jpg HTTP/1.0" 200 209464
gamma.aceituna-mail.com - - [15/Oct/2017:07:09:42 +0200] "GET /var/m_0/0d/0dd/12455/6564672-G3_SKT2015_05.jpg HTTP/1.0" 200 207849
gamma.aceituna-mail.com - - [15/Oct/2017:07:09:42 +0200] "GET /var/m_0/0d/0dd/12455/6564674-G3_SKT2015_07.jpg HTTP/1.0" 200 117236
gamma.aceituna-mail.com - - [15/Oct/2017:07:09:42 +0200] "GET /var/m_0/0d/0dd/12455/6564675-G3_SKT2015_08.jpg HTTP/1.0" 200 111352
gamma.aceituna-mail.com - - [15/Oct/2017:07:09:42 +0200] "GET /var/m_0/0d/0dd/12455/6564676-G3_SKT2015_09.jpg HTTP/1.0" 200 150721
gamma.aceituna-mail.com - - [15/Oct/2017:07:09:42 +0200] "GET /var/m_0/0d/0dd/12455/6564678-G3_SKT2015_10.jpg HTTP/1.0" 200 138460
gamma.aceituna-mail.com - - [15/Oct/2017:07:09:43 +0200] "GET /var/m_0/0d/0dd/12455/6564679-G3_SKT2015_11.jpg HTTP/1.0" 200 96997
gamma.aceituna-mail.com - - [15/Oct/2017:07:09:43 +0200] "GET /var/m_0/0d/0dd/12455/6564681-G3_SKT2015_12.jpg HTTP/1.0" 200 148086
gamma.aceituna-mail.com - - [15/Oct/2017:07:09:43 +0200] "GET /var/m_0/0d/0dd/12455/6564682-G3_SKT2015_13.jpg HTTP/1.0" 200 204673
gamma.aceituna-mail.com - - [15/Oct/2017:07:09:43 +0200] "GET /var/m_0/0d/0dd/12455/6564683-G3_SKT2015_14.jpg HTTP/1.0" 200 195006
gamma.aceituna-mail.com - - [15/Oct/2017:07:09:43 +0200] "GET /var/m_0/0d/0dd/12455/6564684-G3_SKT2015_15.jpg HTTP/1.0" 200 144651
gamma.aceituna-mail.com - - [15/Oct/2017:07:09:43 +0200] "GET /var/m_0/0d/0dd/12455/6564685-G3_SKT2015_16.jpg HTTP/1.0" 200 129971
gamma.aceituna-mail.com - - [15/Oct/2017:07:09:43 +0200] "GET /var/m_0/0d/0dd/12455/6564686-G3_SKT2015_17.jpg HTTP/1.0" 200 130353
gamma.aceituna-mail.com - - [15/Oct/2017:07:09:43 +0200] "GET /var/m_0/0d/0dd/12455/6564687-G3_SKT2015_18.jpg HTTP/1.0" 200 93275
gamma.aceituna-mail.com - - [15/Oct/2017:07:09:43 +0200] "GET /var/m_0/0d/0dd/12455/6564688-G3_SKT2015_19.jpg HTTP/1.0" 200 123732
gamma.aceituna-mail.com - - [15/Oct/2017:07:09:43 +0200] "GET /var/m_0/0d/0dd/12455/6564690-G3_SKT2015_20.jpg HTTP/1.0" 200 120599
gamma.aceituna-mail.com - - [15/Oct/2017:07:09:43 +0200] "GET /var/m_0/0d/0dd/12455/6564691-G3_SKT2015_21.jpg HTTP/1.0" 200 121870
gamma.aceituna-mail.com - - [15/Oct/2017:07:09:44 +0200] "GET /var/m_0/0d/0dd/12455/6564692-G3_SKT2015_22.jpg HTTP/1.0" 200 137091
gamma.aceituna-mail.com - - [15/Oct/2017:07:09:44 +0200] "GET /var/m_0/0d/0dd/12455/6564693-G3_SKT2015_23.jpg HTTP/1.0" 200 129585
gamma.aceituna-mail.com - - [15/Oct/2017:07:09:44 +0200] "GET /var/m_0/0d/0dd/12455/6564694-G3_SKT2015_24.jpg HTTP/1.0" 200 173621
gamma.aceituna-mail.com - - [15/Oct/2017:07:09:44 +0200] "GET /var/m_0/0d/0dd/12455/6564695-G3_SKT2015_25.jpg HTTP/1.0" 200 121143
gamma.aceituna-mail.com - - [15/Oct/2017:07:09:44 +0200] "GET /var/m_0/0d/0dd/12455/6564696-G3_SKT2015_26.jpg HTTP/1.0" 200 113715
gamma.aceituna-mail.com - - [15/Oct/2017:07:09:44 +0200] "GET /var/m_0/0d/0dd/12455/6564698-G3_SKT2015_27.jpg HTTP/1.0" 200 164698
gamma.aceituna-mail.com - - [15/Oct/2017:07:09:44 +0200] "GET /var/m_0/0d/0dd/12455/6564699-G3_SKT2015_28.jpg HTTP/1.0" 200 120507
gamma.aceituna-mail.com - - [15/Oct/2017:07:09:44 +0200] "GET /var/m_0/0d/0dd/12455/6564700-G3_SKT2015_29.jpg HTTP/1.0" 200 84446
gamma.aceituna-mail.com - - [15/Oct/2017:07:09:44 +0200] "GET /var/m_0/0d/0dd/12455/6564701-G3_SKT2015_30.jpg HTTP/1.0" 200 93984
gamma.aceituna-mail.com - - [15/Oct/2017:07:09:44 +0200] "GET /var/m_0/0d/0dd/12455/6564702-G3_SKT2015_31.jpg HTTP/1.0" 200 94697
gamma.aceituna-mail.com - - [15/Oct/2017:07:09:45 +0200] "GET /var/m_0/0d/0dd/12455/6564703-G3_SKT2015_32.jpg HTTP/1.0" 200 112691
gamma.aceituna-mail.com - - [15/Oct/2017:07:09:45 +0200] "GET /var/m_0/0d/0dd/12455/6564705-G3_SKT2015_34.jpg HTTP/1.0" 200 103141
gamma.aceituna-mail.com - - [15/Oct/2017:07:09:45 +0200] "GET /var/m_0/0d/0dd/12455/6564706-G3_SKT2015_35.jpg HTTP/1.0" 200 92136
gamma.aceituna-mail.com - - [15/Oct/2017:07:09:45 +0200] "GET /var/m_0/0d/0dd/12455/6564707-G3_SKT2015_36.jpg HTTP/1.0" 200 82600
gamma.aceituna-mail.com - - [15/Oct/2017:07:09:45 +0200] "GET /var/m_0/0d/0dd/12455/6564709-G3_SKT2015_37.jpg HTTP/1.0" 200 89585
gamma.aceituna-mail.com - - [15/Oct/2017:07:09:45 +0200] "GET /var/m_0/0d/0dd/12455/6564710-G3_SKT2015_38.jpg HTTP/1.0" 200 94469
gamma.aceituna-mail.com - - [15/Oct/2017:07:09:45 +0200] "GET /var/m_0/0d/0dd/12455/6564711-G3_SKT2015_39.jpg HTTP/1.0" 200 101712
gamma.aceituna-mail.com - - [15/Oct/2017:07:09:45 +0200] "GET /var/m_0/0d/0dd/12455/6564713-G3_SKT2015_41.jpg HTTP/1.0" 200 83472
gamma.aceituna-mail.com - - [15/Oct/2017:07:09:45 +0200] "GET /var/m_0/0d/0dd/12455/6564714-G3_SKT2015_42.jpg HTTP/1.0" 200 66693
gamma.aceituna-mail.com - - [15/Oct/2017:07:09:45 +0200] "GET /var/m_0/0d/0dd/12455/6564715-G3_SKT2015_43.jpg HTTP/1.0" 200 109913
gamma.aceituna-mail.com - - [15/Oct/2017:07:09:45 +0200] "GET /var/m_0/0d/0dd/12455/6564704-G3_SKT2015_33.jpg HTTP/1.0" 200 100941
gamma.aceituna-mail.com - - [15/Oct/2017:07:09:45 +0200] "GET /var/m_0/0d/0dd/12455/6564712-G3_SKT2015_40.jpg HTTP/1.0" 200 86307
gamma.aceituna-mail.com - - [15/Oct/2017:07:09:46 +0200] "GET /var/m_0/0d/0dd/12455/6564716-G3_SKT2015_44.jpg HTTP/1.0" 200 99680
gamma.aceituna-mail.com - - [15/Oct/2017:07:09:46 +0200] "GET /var/m_0/0d/0dd/12455/6564717-G3_SKT2015_45.jpg HTTP/1.0" 200 137552
gamma.aceituna-mail.com - - [15/Oct/2017:07:09:46 +0200] "GET /var/m_0/0d/0dd/12455/6564720-G3_SKT2015_47.jpg HTTP/1.0" 200 94941
gamma.aceituna-mail.com - - [15/Oct/2017:07:09:46 +0200] "GET /var/m_0/0d/0dd/12455/6564718-G3_SKT2015_46.jpg HTTP/1.0" 200 106980
gamma.aceituna-mail.com - - [15/Oct/2017:07:09:46 +0200] "GET /var/m_0/0d/0dd/12455/6564721-G3_SKT2015_48.jpg HTTP/1.0" 200 99100
gamma.aceituna-mail.com - - [15/Oct/2017:07:09:46 +0200] "GET /var/m_0/0d/0dd/12455/6564722-G3_SKT2015_49.jpg HTTP/1.0" 200 93581
gamma.aceituna-mail.com - - [15/Oct/2017:07:09:46 +0200] "GET /var/m_0/0d/0dd/12455/6564723-G3_SKT2015_50.jpg HTTP/1.0" 200 84898
gamma.aceituna-mail.com - - [15/Oct/2017:07:09:46 +0200] "GET /var/m_0/0d/0dd/12455/6564724-G3_SKT2015_51.jpg HTTP/1.0" 200 77336
gamma.aceituna-mail.com - - [15/Oct/2017:07:09:46 +0200] "GET /var/m_0/0d/0dd/12455/6564725-G3_SKT2015_52.jpg HTTP/1.0" 200 139147
gamma.aceituna-mail.com - - [15/Oct/2017:07:09:46 +0200] "GET /var/m_0/0d/0dd/12455/6564726-G3_SKT2015_53.jpg HTTP/1.0" 200 119632
gamma.aceituna-mail.com - - [15/Oct/2017:07:09:46 +0200] "GET /var/m_0/0d/0dd/12455/6564727-G3_SKT2015_54.jpg HTTP/1.0" 200 105601
gamma.aceituna-mail.com - - [15/Oct/2017:07:09:47 +0200] "GET /var/m_0/0d/0dd/12455/6564731-G3_SKT2015_57.jpg HTTP/1.0" 200 84129
gamma.aceituna-mail.com - - [15/Oct/2017:07:09:47 +0200] "GET /var/m_0/0d/0dd/12455/6564732-G3_SKT2015_58.jpg HTTP/1.0" 200 148843
gamma.aceituna-mail.com - - [15/Oct/2017:07:09:47 +0200] "GET /var/m_0/0d/0dd/12455/6564734-G3_SKT2015_59.jpg HTTP/1.0" 200 117702
gamma.aceituna-mail.com - - [15/Oct/2017:07:09:47 +0200] "GET /var/m_0/0d/0dd/12455/6564735-G3_SKT2015_60.jpg HTTP/1.0" 200 102335
gamma.aceituna-mail.com - - [15/Oct/2017:07:09:47 +0200] "GET /var/m_0/0d/0dd/12455/6564737-G3_SKT2015_61.jpg HTTP/1.0" 200 101297
gamma.aceituna-mail.com - - [15/Oct/2017:07:09:47 +0200] "GET /var/m_0/0d/0dd/12455/6564738-G3_SKT2015_62.jpg HTTP/1.0" 200 114801
gamma.aceituna-mail.com - - [15/Oct/2017:07:09:47 +0200] "GET /var/m_0/0d/0dd/12455/6564739-G3_SKT2015_63.jpg HTTP/1.0" 200 83403
gamma.aceituna-mail.com - - [15/Oct/2017:07:09:47 +0200] "GET /var/m_0/0d/0dd/12455/6564740-G3_SKT2015_64.jpg HTTP/1.0" 200 66161
gamma.aceituna-mail.com - - [15/Oct/2017:07:09:47 +0200] "GET /var/m_0/0d/0dd/12455/6564729-G3_SKT2015_55.jpg HTTP/1.0" 200 88744
gamma.aceituna-mail.com - - [15/Oct/2017:07:09:47 +0200] "GET /var/m_0/0d/0dd/12455/6564730-G3_SKT2015_56.jpg HTTP/1.0" 200 114637
gamma.aceituna-mail.com - - [15/Oct/2017:07:09:48 +0200] "GET /var/m_0/0d/0dd/12455/6564741-G3_SKT2015_65.jpg HTTP/1.0" 200 170374
gamma.aceituna-mail.com - - [15/Oct/2017:07:09:48 +0200] "GET /var/m_0/0d/0dd/12455/6564743-G3_SKT2015_67.jpg HTTP/1.0" 200 99796
gamma.aceituna-mail.com - - [15/Oct/2017:07:09:48 +0200] "GET /templates/resellers/7/favicon.ico?v=1506147123 HTTP/1.0" 200 4286
gamma.aceituna-mail.com - - [15/Oct/2017:07:09:48 +0200] "GET /var/m_0/0d/0dd/12455/6564742-G3_SKT2015_66.jpg HTTP/1.0" 200 93775
gamma.aceituna-mail.com - - [15/Oct/2017:07:09:48 +0200] "GET /var/m_0/0d/0dd/12455/6564744-G3_SKT2015_68.jpg HTTP/1.0" 200 79155
gamma.aceituna-mail.com - - [15/Oct/2017:07:09:48 +0200] "GET /galerie-matchracing HTTP/1.0" 200 21704
gamma.aceituna-mail.com - - [15/Oct/2017:07:09:48 +0200] "GET /var/m_0/0d/0dd/12455/7230905-G5_Matchracing_02.jpg HTTP/1.0" 200 68797
gamma.aceituna-mail.com - - [15/Oct/2017:07:09:48 +0200] "GET /var/m_0/0d/0dd/12455/7230906-G5_Matchracing_03.jpg HTTP/1.0" 200 69934
gamma.aceituna-mail.com - - [15/Oct/2017:07:09:48 +0200] "GET /var/m_0/0d/0dd/12455/7230907-G5_Matchracing_04.jpg HTTP/1.0" 200 66183
gamma.aceituna-mail.com - - [15/Oct/2017:07:09:48 +0200] "GET /var/m_0/0d/0dd/12455/7230908-G5_Matchracing_05.jpg HTTP/1.0" 200 62194
gamma.aceituna-mail.com - - [15/Oct/2017:07:09:48 +0200] "GET /var/m_0/0d/0dd/12455/7230909-G5_Matchracing_06.jpg HTTP/1.0" 200 60985
gamma.aceituna-mail.com - - [15/Oct/2017:07:09:48 +0200] "GET /var/m_0/0d/0dd/12455/7230911-G5_Matchracing_08.jpg HTTP/1.0" 200 76548
gamma.aceituna-mail.com - - [15/Oct/2017:07:09:48 +0200] "GET /templates/resellers/7/favicon.ico?v=1506147121 HTTP/1.0" 200 4286
gamma.aceituna-mail.com - - [15/Oct/2017:07:09:48 +0200] "GET /var/m_0/0d/0dd/12455/7230935-G4_Event_SK_03.jpg HTTP/1.0" 200 109157
gamma.aceituna-mail.com - - [15/Oct/2017:07:09:49 +0200] "GET /galerie-gruppesmartkat HTTP/1.0" 200 20574
gamma.aceituna-mail.com - - [15/Oct/2017:07:09:49 +0200] "GET /var/m_0/0d/0dd/12455/7230933-G4_Event_SK_01.jpg HTTP/1.0" 200 65954
gamma.aceituna-mail.com - - [15/Oct/2017:07:09:49 +0200] "GET /var/m_0/0d/0dd/12455/7230934-G4_Event_SK_02.jpg HTTP/1.0" 200 93553
gamma.aceituna-mail.com - - [15/Oct/2017:07:09:49 +0200] "GET /templates/resellers/7/favicon.ico?v=1506149019 HTTP/1.0" 200 4286
gamma.aceituna-mail.com - - [15/Oct/2017:07:09:49 +0200] "GET /galerie-sktrophy-2014 HTTP/1.0" 200 29913
gamma.aceituna-mail.com - - [15/Oct/2017:07:09:49 +0200] "GET /var/m_0/0d/0dd/12455/143477-G1_SKT2014_01.JPG HTTP/1.0" 200 94726
gamma.aceituna-mail.com - - [15/Oct/2017:07:09:49 +0200] "GET /var/m_0/0d/0dd/12455/143478-G1_SKT2014_02.JPG HTTP/1.0" 200 135948
gamma.aceituna-mail.com - - [15/Oct/2017:07:09:49 +0200] "GET /var/m_0/0d/0dd/12455/143480-G1_SKT2014_04.JPG HTTP/1.0" 200 132118
gamma.aceituna-mail.com - - [15/Oct/2017:07:09:49 +0200] "GET /var/m_0/0d/0dd/12455/7230937-G4_Event_SK_05.jpg HTTP/1.0" 200 81682
gamma.aceituna-mail.com - - [15/Oct/2017:07:09:49 +0200] "GET /var/m_0/0d/0dd/12455/143479-G1_SKT2014_03.JPG HTTP/1.0" 200 139406
gamma.aceituna-mail.com - - [15/Oct/2017:07:09:49 +0200] "GET /var/m_0/0d/0dd/12455/143481-G1_SKT2014_05.JPG HTTP/1.0" 200 142942
gamma.aceituna-mail.com - - [15/Oct/2017:07:09:50 +0200] "GET /var/m_0/0d/0dd/12455/143483-G1_SKT2014_07.JPG HTTP/1.0" 200 144574
gamma.aceituna-mail.com - - [15/Oct/2017:07:09:50 +0200] "GET /var/m_0/0d/0dd/12455/143482-G1_SKT2014_06.JPG HTTP/1.0" 200 103935
gamma.aceituna-mail.com - - [15/Oct/2017:07:09:50 +0200] "GET /var/m_0/0d/0dd/12455/143484-G1_SKT2014_08.JPG HTTP/1.0" 200 146571
gamma.aceituna-mail.com - - [15/Oct/2017:07:09:50 +0200] "GET /var/m_0/0d/0dd/12455/143485-G1_SKT2014_09.JPG HTTP/1.0" 200 117355
gamma.aceituna-mail.com - - [15/Oct/2017:07:09:50 +0200] "GET /var/m_0/0d/0dd/12455/143486-G1_SKT2014_10.JPG HTTP/1.0" 200 129005
gamma.aceituna-mail.com - - [15/Oct/2017:07:09:50 +0200] "GET /var/m_0/0d/0dd/12455/143489-G1_SKT2014_12.JPG HTTP/1.0" 200 126542
gamma.aceituna-mail.com - - [15/Oct/2017:07:09:50 +0200] "GET /var/m_0/0d/0dd/12455/143490-G1_SKT2014_13.JPG HTTP/1.0" 200 178072
gamma.aceituna-mail.com - - [15/Oct/2017:07:09:50 +0200] "GET /var/m_0/0d/0dd/12455/143492-G1_SKT2014_14.JPG HTTP/1.0" 200 187728
gamma.aceituna-mail.com - - [15/Oct/2017:07:09:50 +0200] "GET /var/m_0/0d/0dd/12455/143493-G1_SKT2014_15.JPG HTTP/1.0" 200 124326
gamma.aceituna-mail.com - - [15/Oct/2017:07:09:50 +0200] "GET /var/m_0/0d/0dd/12455/143494-G1_SKT2014_16.JPG HTTP/1.0" 200 110813
gamma.aceituna-mail.com - - [15/Oct/2017:07:09:50 +0200] "GET /var/m_0/0d/0dd/12455/143488-G1_SKT2014_11.JPG HTTP/1.0" 200 120429
gamma.aceituna-mail.com - - [15/Oct/2017:07:09:51 +0200] "GET /var/m_0/0d/0dd/12455/143495-G1_SKT2014_17.JPG HTTP/1.0" 200 175692
gamma.aceituna-mail.com - - [15/Oct/2017:07:09:51 +0200] "GET /var/m_0/0d/0dd/12455/143496-G1_SKT2014_18.JPG HTTP/1.0" 200 172278
gamma.aceituna-mail.com - - [15/Oct/2017:07:09:51 +0200] "GET /var/m_0/0d/0dd/12455/143497-G1_SKT2014_19.JPG HTTP/1.0" 200 127422
gamma.aceituna-mail.com - - [15/Oct/2017:07:09:51 +0200] "GET /var/m_0/0d/0dd/12455/143498-G1_SKT2014_20.JPG HTTP/1.0" 200 143640
gamma.aceituna-mail.com - - [15/Oct/2017:07:09:51 +0200] "GET /var/m_0/0d/0dd/12455/143499-G1_SKT2014_21.JPG HTTP/1.0" 200 148511
gamma.aceituna-mail.com - - [15/Oct/2017:07:09:51 +0200] "GET /var/m_0/0d/0dd/12455/143501-G1_SKT2014_23.JPG HTTP/1.0" 200 144811
gamma.aceituna-mail.com - - [15/Oct/2017:07:09:51 +0200] "GET /var/m_0/0d/0dd/12455/143502-G1_SKT2014_24.JPG HTTP/1.0" 200 108909
gamma.aceituna-mail.com - - [15/Oct/2017:07:09:51 +0200] "GET /var/m_0/0d/0dd/12455/143503-G1_SKT2014_25.JPG HTTP/1.0" 200 126118
gamma.aceituna-mail.com - - [15/Oct/2017:07:09:51 +0200] "GET /var/m_0/0d/0dd/12455/143504-G1_SKT2014_26.JPG HTTP/1.0" 200 144091
gamma.aceituna-mail.com - - [15/Oct/2017:07:09:51 +0200] "GET /var/m_0/0d/0dd/12455/143500-G1_SKT2014_22.JPG HTTP/1.0" 200 187772
gamma.aceituna-mail.com - - [15/Oct/2017:07:09:52 +0200] "GET /var/m_0/0d/0dd/12455/143505-G1_SKT2014_27.JPG HTTP/1.0" 200 127521
gamma.aceituna-mail.com - - [15/Oct/2017:07:09:52 +0200] "GET /templates/resellers/7/favicon.ico?v=1506149030 HTTP/1.0" 200 4286
gamma.aceituna-mail.com - - [15/Oct/2017:07:09:52 +0200] "GET /optikurse-2014 HTTP/1.0" 200 26353
gamma.aceituna-mail.com - - [15/Oct/2017:07:09:52 +0200] "GET /var/m_0/0d/0dd/12455/143506-G2_Optikurs2014_01.JPG HTTP/1.0" 200 142608
gamma.aceituna-mail.com - - [15/Oct/2017:07:09:52 +0200] "GET /var/m_0/0d/0dd/12455/143507-G2_Optikurs2014_02.JPG HTTP/1.0" 200 83258
gamma.aceituna-mail.com - - [15/Oct/2017:07:09:52 +0200] "GET /var/m_0/0d/0dd/12455/143508-G2_Optikurs2014_03.JPG HTTP/1.0" 200 116444
gamma.aceituna-mail.com - - [15/Oct/2017:07:09:52 +0200] "GET /var/m_0/0d/0dd/12455/143509-G2_Optikurs2014_04.JPG HTTP/1.0" 200 86562
gamma.aceituna-mail.com - - [15/Oct/2017:07:09:52 +0200] "GET /var/m_0/0d/0dd/12455/143510-G2_Optikurs2014_05.jpg HTTP/1.0" 200 105692
gamma.aceituna-mail.com - - [15/Oct/2017:07:09:52 +0200] "GET /var/m_0/0d/0dd/12455/143512-G2_Optikurs2014_07.jpg HTTP/1.0" 200 120979
gamma.aceituna-mail.com - - [15/Oct/2017:07:09:52 +0200] "GET /var/m_0/0d/0dd/12455/143513-G2_Optikurs2014_08.jpg HTTP/1.0" 200 167068
gamma.aceituna-mail.com - - [15/Oct/2017:07:09:52 +0200] "GET /var/m_0/0d/0dd/12455/143514-G2_Optikurs2014_09.jpg HTTP/1.0" 200 152348
gamma.aceituna-mail.com - - [15/Oct/2017:07:09:52 +0200] "GET /var/m_0/0d/0dd/12455/143511-G2_Optikurs2014_06.JPG HTTP/1.0" 200 108393
gamma.aceituna-mail.com - - [15/Oct/2017:07:09:53 +0200] "GET /var/m_0/0d/0dd/12455/143515-G2_Optikurs2014_10.jpg HTTP/1.0" 200 143970
gamma.aceituna-mail.com - - [15/Oct/2017:07:09:53 +0200] "GET /var/m_0/0d/0dd/12455/143518-G2_Optikurs2014_13.JPG HTTP/1.0" 200 66371
gamma.aceituna-mail.com - - [15/Oct/2017:07:09:53 +0200] "GET /var/m_0/0d/0dd/12455/143519-G2_Optikurs2014_14.JPG HTTP/1.0" 200 71703
gamma.aceituna-mail.com - - [15/Oct/2017:07:09:53 +0200] "GET /var/m_0/0d/0dd/12455/143520-G2_Optikurs2014_15.JPG HTTP/1.0" 200 71469
gamma.aceituna-mail.com - - [15/Oct/2017:07:09:53 +0200] "GET /var/m_0/0d/0dd/12455/143521-G2_Optikurs2014_16.JPG HTTP/1.0" 200 81526
gamma.aceituna-mail.com - - [15/Oct/2017:07:09:53 +0200] "GET /var/m_0/0d/0dd/12455/143522-G2_Optikurs2014_17.JPG HTTP/1.0" 200 71952
gamma.aceituna-mail.com - - [15/Oct/2017:07:09:53 +0200] "GET /var/m_0/0d/0dd/12455/143524-G2_Optikurs2014_18.JPG HTTP/1.0" 200 73497
gamma.aceituna-mail.com - - [15/Oct/2017:07:09:53 +0200] "GET /var/m_0/0d/0dd/12455/143525-G2_Optikurs2014_19.JPG HTTP/1.0" 200 68664
gamma.aceituna-mail.com - - [15/Oct/2017:07:09:53 +0200] "GET /var/m_0/0d/0dd/12455/143516-G2_Optikurs2014_11.jpg HTTP/1.0" 200 127495
gamma.aceituna-mail.com - - [15/Oct/2017:07:09:53 +0200] "GET /var/m_0/0d/0dd/12455/143517-G2_Optikurs2014_12.JPG HTTP/1.0" 200 89201
malta2970.startdedicated.de - - [15/Oct/2017:07:18:05 +0200] "GET /robots.txt HTTP/1.1" 200 80
malta2970.startdedicated.de - - [15/Oct/2017:07:18:06 +0200] "GET /var/m_0/0d/0dd/12455/7230981-37_Pedalo3.jpg HTTP/1.1" 200 76841
ec2-13-57-10-111.us-west-1.compute.amazonaws.com - - [15/Oct/2017:07:23:56 +0200] "GET / HTTP/1.1" 200 6440
li285-110.members.linode.com - - [15/Oct/2017:07:27:57 +0200] "GET /cms/wp-login.php HTTP/1.1" 200 18069
li285-110.members.linode.com - - [15/Oct/2017:07:28:31 +0200] "GET /home/wp-login.php HTTP/1.1" 200 18069
li285-110.members.linode.com - - [15/Oct/2017:07:32:35 +0200] "GET /wp/wp-login.php HTTP/1.1" 200 18205
li285-110.members.linode.com - - [15/Oct/2017:07:32:49 +0200] "GET /wp-login.php HTTP/1.1" 200 18069
li285-110.members.linode.com - - [15/Oct/2017:07:34:21 +0200] "GET /blog/wp-login.php HTTP/1.1" 200 16979
li285-110.members.linode.com - - [15/Oct/2017:07:35:10 +0200] "GET /wordpress/wp-login.php HTTP/1.1" 200 18205
li285-110.members.linode.com - - [15/Oct/2017:07:36:52 +0200] "GET /test/wp-login.php HTTP/1.1" 200 18205
li285-110.members.linode.com - - [15/Oct/2017:07:38:07 +0200] "GET /news/wp-login.php HTTP/1.1" 200 18069
li285-110.members.linode.com - - [15/Oct/2017:07:50:08 +0200] "GET /cms/wp-login.php HTTP/1.1" 200 18069
li285-110.members.linode.com - - [15/Oct/2017:07:51:41 +0200] "GET /main/wp-login.php HTTP/1.1" 200 18069
b115490.yse.yahoo.net - - [15/Oct/2017:07:55:48 +0200] "GET /aktuelles-wetter.shtml HTTP/1.1" 200 4575
