hydrogen080.a.ahrefs.com - - [30/Sep/2017:19:13:52 +0200] "GET /event-pedalo HTTP/1.1" 200 5342
crawl-66-249-64-14.googlebot.com - - [30/Sep/2017:19:17:23 +0200] "GET / HTTP/1.1" 200 6440
crawl-66-249-64-12.googlebot.com - - [30/Sep/2017:19:17:23 +0200] "GET /robots.txt HTTP/1.1" 200 80
173.252.90.244 - - [30/Sep/2017:19:29:01 +0200] "GET / HTTP/1.1" 206 6440
173.252.90.235 - - [30/Sep/2017:19:29:05 +0200] "GET / HTTP/1.1" 206 6440
ec2-35-158-206-214.eu-central-1.compute.amazonaws.com - - [30/Sep/2017:19:29:15 +0200] "GET /robots.txt HTTP/1.1" 200 80
ec2-35-158-206-214.eu-central-1.compute.amazonaws.com - - [30/Sep/2017:19:29:16 +0200] "GET /kinder-segelkurs.shtml HTTP/1.1" 200 5171
87-250-224-36.spider.yandex.com - - [30/Sep/2017:19:41:03 +0200] "GET /robots.txt HTTP/1.1" 200 120
87-250-224-36.spider.yandex.com - - [30/Sep/2017:19:41:07 +0200] "GET /templates/resellers/7/favicon.ico?v=1503466260 HTTP/1.1" 200 4286
no-reverse-dns-configured.com - - [30/Sep/2017:19:54:04 +0200] "GET / HTTP/1.1" 200 35804
no-reverse-dns-configured.com - - [30/Sep/2017:19:54:07 +0200] "GET /%C3%BCber-uns.shtml HTTP/1.1" 200 21862
no-reverse-dns-configured.com - - [30/Sep/2017:19:54:08 +0200] "GET /aktuelles-wetter.shtml HTTP/1.1" 200 18388
no-reverse-dns-configured.com - - [30/Sep/2017:19:54:11 +0200] "GET /davosersee.shtml HTTP/1.1" 200 19505
no-reverse-dns-configured.com - - [30/Sep/2017:19:54:12 +0200] "GET /event-matchracing.shtml HTTP/1.1" 200 21251
no-reverse-dns-configured.com - - [30/Sep/2017:19:54:12 +0200] "GET /event-gruppesmartkat.shtml HTTP/1.1" 200 21256
no-reverse-dns-configured.com - - [30/Sep/2017:19:54:15 +0200] "GET /event-pedalo.shtml HTTP/1.1" 200 20248
no-reverse-dns-configured.com - - [30/Sep/2017:19:54:16 +0200] "GET /galerie-gruppesmartkat.shtml HTTP/1.1" 200 20574
no-reverse-dns-configured.com - - [30/Sep/2017:19:54:16 +0200] "GET /events.shtml HTTP/1.1" 200 22514
no-reverse-dns-configured.com - - [30/Sep/2017:19:54:16 +0200] "GET /flotte.shtml HTTP/1.1" 200 29241
no-reverse-dns-configured.com - - [30/Sep/2017:19:54:17 +0200] "GET /galerie-matchracing.shtml HTTP/1.1" 200 21704
no-reverse-dns-configured.com - - [30/Sep/2017:19:54:17 +0200] "GET /galerie-sktrophy-2014.shtml HTTP/1.1" 200 29913
no-reverse-dns-configured.com - - [30/Sep/2017:19:54:21 +0200] "GET /galerie.shtml HTTP/1.1" 200 22747
no-reverse-dns-configured.com - - [30/Sep/2017:19:54:21 +0200] "GET /kinder-segelkurs.shtml HTTP/1.1" 200 19898
no-reverse-dns-configured.com - - [30/Sep/2017:19:54:21 +0200] "GET /galerie-sktrophy-2015.shtml HTTP/1.1" 200 49420
no-reverse-dns-configured.com - - [30/Sep/2017:19:54:22 +0200] "GET /kurse.shtml HTTP/1.1" 200 31031
no-reverse-dns-configured.com - - [30/Sep/2017:19:54:22 +0200] "GET /kursanmeldung.shtml HTTP/1.1" 200 49926
no-reverse-dns-configured.com - - [30/Sep/2017:19:54:23 +0200] "GET /optikurse-2014.shtml HTTP/1.1" 200 26353
no-reverse-dns-configured.com - - [30/Sep/2017:19:54:23 +0200] "GET /pruefungskurs.shtml HTTP/1.1" 200 23039
no-reverse-dns-configured.com - - [30/Sep/2017:19:54:24 +0200] "GET /segelkurs-jollesmartkat.shtml HTTP/1.1" 200 19993
no-reverse-dns-configured.com - - [30/Sep/2017:19:54:24 +0200] "GET /segel-grundkurs.shtml HTTP/1.1" 200 21440
no-reverse-dns-configured.com - - [30/Sep/2017:19:54:25 +0200] "GET /standort.shtml HTTP/1.1" 200 17547
no-reverse-dns-configured.com - - [30/Sep/2017:19:54:25 +0200] "GET /smartkat-crashkurs.shtml HTTP/1.1" 200 17863
no-reverse-dns-configured.com - - [30/Sep/2017:19:54:26 +0200] "GET /js/jquery.lazyload.min.js?v=6.6.7.2.41064 HTTP/1.1" 200 3342
no-reverse-dns-configured.com - - [30/Sep/2017:19:54:26 +0200] "GET /aktuelles-wetter HTTP/1.1" 200 18388
no-reverse-dns-configured.com - - [30/Sep/2017:19:54:25 +0200] "GET /vermietung.shtml HTTP/1.1" 200 25728
no-reverse-dns-configured.com - - [30/Sep/2017:19:54:26 +0200] "GET /Perspectiva.html? HTTP/1.1" 200 18069
no-reverse-dns-configured.com - - [30/Sep/2017:19:54:26 +0200] "GET /js/functions_stripped.js?v=6.6.7.2.41064 HTTP/1.1" 200 7672
no-reverse-dns-configured.com - - [30/Sep/2017:19:54:27 +0200] "GET /davosersee HTTP/1.1" 200 19505
no-reverse-dns-configured.com - - [30/Sep/2017:19:54:27 +0200] "GET /event-gruppesmartkat HTTP/1.1" 200 21256
no-reverse-dns-configured.com - - [30/Sep/2017:19:54:28 +0200] "GET /event-pedalo HTTP/1.1" 200 20248
no-reverse-dns-configured.com - - [30/Sep/2017:19:54:28 +0200] "GET /event-matchracing HTTP/1.1" 200 21251
no-reverse-dns-configured.com - - [30/Sep/2017:19:54:30 +0200] "GET /events HTTP/1.1" 200 22514
no-reverse-dns-configured.com - - [30/Sep/2017:19:54:31 +0200] "GET /flotte HTTP/1.1" 200 29385
no-reverse-dns-configured.com - - [30/Sep/2017:19:54:31 +0200] "GET /galerie-gruppesmartkat HTTP/1.1" 200 20574
no-reverse-dns-configured.com - - [30/Sep/2017:19:54:32 +0200] "GET /galerie-sktrophy-2014 HTTP/1.1" 200 29913
no-reverse-dns-configured.com - - [30/Sep/2017:19:54:32 +0200] "GET /galerie-matchracing HTTP/1.1" 200 21704
no-reverse-dns-configured.com - - [30/Sep/2017:19:54:34 +0200] "GET /galerie-sktrophy-2015 HTTP/1.1" 200 49420
no-reverse-dns-configured.com - - [30/Sep/2017:19:54:35 +0200] "GET /galerie HTTP/1.1" 200 22747
no-reverse-dns-configured.com - - [30/Sep/2017:19:54:35 +0200] "GET /kinder-segelkurs HTTP/1.1" 200 19898
no-reverse-dns-configured.com - - [30/Sep/2017:19:54:36 +0200] "GET /kurse HTTP/1.1" 200 31031
no-reverse-dns-configured.com - - [30/Sep/2017:19:54:36 +0200] "GET /optikurse-2014 HTTP/1.1" 200 26353
no-reverse-dns-configured.com - - [30/Sep/2017:19:54:36 +0200] "GET /pruefungskurs HTTP/1.1" 200 23039
