crawl-66-249-64-28.googlebot.com - - [10/Nov/2017:09:50:40 +0100] "GET /robots.txt HTTP/1.1" 200 80
crawl-66-249-64-30.googlebot.com - - [10/Nov/2017:09:50:40 +0100] "GET /templates/creator/m_f/fa/fa7/164/assets/slide.js?v=1463484701 HTTP/1.1" 200 662
crawl-66-249-64-28.googlebot.com - - [10/Nov/2017:09:50:40 +0100] "GET /js/functions_stripped.js?v=6.5.1.37665 HTTP/1.1" 200 3186
crawl-66-249-64-30.googlebot.com - - [10/Nov/2017:09:50:41 +0100] "GET /js/footer/get_deps.min.js?v=6.5.1.37665 HTTP/1.1" 200 157
crawl-66-249-64-28.googlebot.com - - [10/Nov/2017:09:50:41 +0100] "GET /css/widgets/concat_widget.min.css?v=6.5.1.37665 HTTP/1.1" 200 24507
crawl-66-249-64-30.googlebot.com - - [10/Nov/2017:09:50:41 +0100] "GET /templates/creator/m_f/fa/fa7/164/assets/wp-menu.js?v=1463484701 HTTP/1.1" 200 1089
crawl-66-249-64-29.googlebot.com - - [10/Nov/2017:09:50:41 +0100] "GET /templates/creator/m_f/fa/fa7/164/css/main.min.css?v=1463484701 HTTP/1.1" 200 1797
crawl-66-249-64-29.googlebot.com - - [10/Nov/2017:09:50:41 +0100] "GET /js/fancybox2/jquery.fancybox.min.css?v=6.5.1.37665 HTTP/1.1" 200 1020
crawl-66-249-64-29.googlebot.com - - [10/Nov/2017:09:50:41 +0100] "GET /js/footer/build_social_entries.min.js?v=6.5.1.37665 HTTP/1.1" 200 278
crawl-66-249-64-28.googlebot.com - - [10/Nov/2017:09:50:42 +0100] "GET /templates/creator/m_f/fa/fa7/164/assets/respond.min.js?v=1463484701 HTTP/1.1" 200 2085
crawl-66-249-64-28.googlebot.com - - [10/Nov/2017:09:50:42 +0100] "GET /templates/creator/m_f/fa/fa7/164/css/style.min.css?v=1463484701 HTTP/1.1" 200 847
178-84-82-117.dynamic.upc.nl - - [10/Nov/2017:09:56:07 +0100] "GET / HTTP/1.1" 200 35804
178-84-82-117.dynamic.upc.nl - - [10/Nov/2017:09:56:10 +0100] "GET /events.shtml HTTP/1.1" 200 22514
178-84-82-117.dynamic.upc.nl - - [10/Nov/2017:09:56:11 +0100] "GET /galerie.shtml HTTP/1.1" 200 22747
178-84-82-117.dynamic.upc.nl - - [10/Nov/2017:09:56:12 +0100] "GET /kurse.shtml HTTP/1.1" 200 31031
178-84-82-117.dynamic.upc.nl - - [10/Nov/2017:09:56:13 +0100] "GET /vermietung.shtml HTTP/1.1" 200 25728
178-84-82-117.dynamic.upc.nl - - [10/Nov/2017:09:56:14 +0100] "GET /event-gruppesmartkat.shtml HTTP/1.1" 200 21256
178-84-82-117.dynamic.upc.nl - - [10/Nov/2017:09:56:14 +0100] "GET /event-matchracing.shtml HTTP/1.1" 200 21251
178-84-82-117.dynamic.upc.nl - - [10/Nov/2017:09:56:16 +0100] "GET /event-pedalo.shtml HTTP/1.1" 200 20248
178-84-82-117.dynamic.upc.nl - - [10/Nov/2017:09:56:16 +0100] "GET /galerie-gruppesmartkat.shtml HTTP/1.1" 200 20574
178-84-82-117.dynamic.upc.nl - - [10/Nov/2017:09:56:17 +0100] "GET /galerie-sktrophy-2014.shtml HTTP/1.1" 200 29913
178-84-82-117.dynamic.upc.nl - - [10/Nov/2017:09:56:17 +0100] "GET /galerie-matchracing.shtml HTTP/1.1" 200 21704
178-84-82-117.dynamic.upc.nl - - [10/Nov/2017:09:56:18 +0100] "GET /galerie-sktrophy-2015.shtml HTTP/1.1" 200 49420
178-84-82-117.dynamic.upc.nl - - [10/Nov/2017:09:56:19 +0100] "GET /optikurse-2014.shtml HTTP/1.1" 200 26353
178-84-82-117.dynamic.upc.nl - - [10/Nov/2017:09:56:20 +0100] "GET /pruefungskurs.shtml HTTP/1.1" 200 23039
178-84-82-117.dynamic.upc.nl - - [10/Nov/2017:09:56:20 +0100] "GET /kinder-segelkurs.shtml HTTP/1.1" 200 19898
178-84-82-117.dynamic.upc.nl - - [10/Nov/2017:09:56:21 +0100] "GET /segel-grundkurs.shtml HTTP/1.1" 200 21440
178-84-82-117.dynamic.upc.nl - - [10/Nov/2017:09:56:22 +0100] "GET /segelkurs-jollesmartkat.shtml HTTP/1.1" 200 19993
178-84-82-117.dynamic.upc.nl - - [10/Nov/2017:09:56:23 +0100] "GET /smartkat-crashkurs.shtml HTTP/1.1" 200 17863
178-84-82-117.dynamic.upc.nl - - [10/Nov/2017:09:56:23 +0100] "GET /flotte.shtml HTTP/1.1" 200 29241
178-84-82-117.dynamic.upc.nl - - [10/Nov/2017:09:56:24 +0100] "GET /js/functions_stripped.js?v=6.6.7.2.41064 HTTP/1.1" 200 7672
178-84-82-117.dynamic.upc.nl - - [10/Nov/2017:09:56:24 +0100] "GET /Perspectiva.html? HTTP/1.1" 200 18069
178-84-82-117.dynamic.upc.nl - - [10/Nov/2017:09:56:25 +0100] "GET /js/jquery.lazyload.min.js?v=6.6.7.2.41064 HTTP/1.1" 200 3342
178-84-82-117.dynamic.upc.nl - - [10/Nov/2017:09:56:26 +0100] "GET /js/).html(a);null==$( HTTP/1.1" 200 219
178-84-82-117.dynamic.upc.nl - - [10/Nov/2017:09:56:26 +0100] "GET /js/index.php?sid=46&lang=en&item=1&act=users&ajax=state HTTP/1.1" 200 210
178-84-82-117.dynamic.upc.nl - - [10/Nov/2017:09:56:28 +0100] "GET /aktuelles-wetter HTTP/1.1" 200 18388
178-84-82-117.dynamic.upc.nl - - [10/Nov/2017:09:56:28 +0100] "GET /davosersee HTTP/1.1" 200 19505
178-84-82-117.dynamic.upc.nl - - [10/Nov/2017:09:56:29 +0100] "GET /event-gruppesmartkat HTTP/1.1" 200 21256
178-84-82-117.dynamic.upc.nl - - [10/Nov/2017:09:56:29 +0100] "GET /event-matchracing HTTP/1.1" 200 21251
178-84-82-117.dynamic.upc.nl - - [10/Nov/2017:09:56:30 +0100] "GET /event-pedalo HTTP/1.1" 200 20248
178-84-82-117.dynamic.upc.nl - - [10/Nov/2017:09:56:30 +0100] "GET /events HTTP/1.1" 200 22514
