msnbot-207-46-13-156.search.msn.com - - [23/Sep/2017:23:26:40 +0200] "GET /css/skeleton.css HTTP/1.1" 200 3511
confianca-158-32-129-212.144sridrqurenas.com.br - - [23/Sep/2017:23:37:53 +0200] "GET / HTTP/1.1" 200 35804
confianca-158-32-129-212.144sridrqurenas.com.br - - [23/Sep/2017:23:37:53 +0200] "GET /%C3%BCber-uns.shtml HTTP/1.1" 200 21862
confianca-158-32-129-212.144sridrqurenas.com.br - - [23/Sep/2017:23:37:54 +0200] "GET /event-gruppesmartkat.shtml HTTP/1.1" 200 21256
confianca-158-32-129-212.144sridrqurenas.com.br - - [23/Sep/2017:23:37:54 +0200] "GET /davosersee.shtml HTTP/1.1" 200 19505
confianca-158-32-129-212.144sridrqurenas.com.br - - [23/Sep/2017:23:37:54 +0200] "GET /aktuelles-wetter.shtml HTTP/1.1" 200 18388
confianca-158-32-129-212.144sridrqurenas.com.br - - [23/Sep/2017:23:37:55 +0200] "GET /events.shtml HTTP/1.1" 200 22514
confianca-158-32-129-212.144sridrqurenas.com.br - - [23/Sep/2017:23:37:55 +0200] "GET /event-matchracing.shtml HTTP/1.1" 200 21251
confianca-158-32-129-212.144sridrqurenas.com.br - - [23/Sep/2017:23:37:55 +0200] "GET /event-pedalo.shtml HTTP/1.1" 200 20248
confianca-158-32-129-212.144sridrqurenas.com.br - - [23/Sep/2017:23:37:56 +0200] "GET /galerie-matchracing.shtml HTTP/1.1" 200 21704
confianca-158-32-129-212.144sridrqurenas.com.br - - [23/Sep/2017:23:37:56 +0200] "GET /galerie-gruppesmartkat.shtml HTTP/1.1" 200 20574
confianca-158-32-129-212.144sridrqurenas.com.br - - [23/Sep/2017:23:37:56 +0200] "GET /flotte.shtml HTTP/1.1" 200 29241
confianca-158-32-129-212.144sridrqurenas.com.br - - [23/Sep/2017:23:37:56 +0200] "GET /galerie.shtml HTTP/1.1" 200 22747
confianca-158-32-129-212.144sridrqurenas.com.br - - [23/Sep/2017:23:37:56 +0200] "GET /galerie-sktrophy-2015.shtml HTTP/1.1" 200 49420
confianca-158-32-129-212.144sridrqurenas.com.br - - [23/Sep/2017:23:37:56 +0200] "GET /galerie-sktrophy-2014.shtml HTTP/1.1" 200 29913
confianca-158-32-129-212.144sridrqurenas.com.br - - [23/Sep/2017:23:37:57 +0200] "GET /kurse.shtml HTTP/1.1" 200 31031
confianca-158-32-129-212.144sridrqurenas.com.br - - [23/Sep/2017:23:37:57 +0200] "GET /optikurse-2014.shtml HTTP/1.1" 200 26353
confianca-158-32-129-212.144sridrqurenas.com.br - - [23/Sep/2017:23:37:57 +0200] "GET /kinder-segelkurs.shtml HTTP/1.1" 200 19898
confianca-158-32-129-212.144sridrqurenas.com.br - - [23/Sep/2017:23:37:57 +0200] "GET /pruefungskurs.shtml HTTP/1.1" 200 23039
confianca-158-32-129-212.144sridrqurenas.com.br - - [23/Sep/2017:23:37:57 +0200] "GET /kursanmeldung.shtml HTTP/1.1" 200 49926
confianca-158-32-129-212.144sridrqurenas.com.br - - [23/Sep/2017:23:37:57 +0200] "GET /segel-grundkurs.shtml HTTP/1.1" 200 21440
confianca-158-32-129-212.144sridrqurenas.com.br - - [23/Sep/2017:23:37:58 +0200] "GET /vermietung.shtml HTTP/1.1" 200 25728
confianca-158-32-129-212.144sridrqurenas.com.br - - [23/Sep/2017:23:37:58 +0200] "GET /standort.shtml HTTP/1.1" 200 17547
confianca-158-32-129-212.144sridrqurenas.com.br - - [23/Sep/2017:23:37:58 +0200] "GET /aktuelles-wetter HTTP/1.1" 200 18388
confianca-158-32-129-212.144sridrqurenas.com.br - - [23/Sep/2017:23:37:58 +0200] "GET /smartkat-crashkurs.shtml HTTP/1.1" 200 17863
confianca-158-32-129-212.144sridrqurenas.com.br - - [23/Sep/2017:23:37:58 +0200] "GET /js/jquery.lazyload.min.js?v=6.6.7.2.41064 HTTP/1.1" 200 3342
confianca-158-32-129-212.144sridrqurenas.com.br - - [23/Sep/2017:23:37:58 +0200] "GET /Perspectiva.html? HTTP/1.1" 200 18069
confianca-158-32-129-212.144sridrqurenas.com.br - - [23/Sep/2017:23:37:58 +0200] "GET /segelkurs-jollesmartkat.shtml HTTP/1.1" 200 19993
confianca-158-32-129-212.144sridrqurenas.com.br - - [23/Sep/2017:23:37:58 +0200] "GET /js/functions_stripped.js?v=6.6.7.2.41064 HTTP/1.1" 200 7672
