msnbot-40-77-167-29.search.msn.com - - [01/Dec/2017:08:04:11 +0100] "GET / HTTP/1.1" 200 6440
msnbot-207-46-13-126.search.msn.com - - [01/Dec/2017:08:07:54 +0100] "GET / HTTP/1.1" 200 6440
hydrogen330.a.ahrefs.com - - [01/Dec/2017:08:41:05 +0100] "GET /var/m_0/0d/0dd/12455/6564715-G3_SKT2015_43.jpg HTTP/1.1" 200 109913
crawl-66-249-64-28.googlebot.com - - [01/Dec/2017:08:50:11 +0100] "GET /templates/resellers/7/favicon.ico?v=1506103971 HTTP/1.1" 200 4286
195-154-46-65.rev.poneytelecom.eu - - [01/Dec/2017:08:56:14 +0100] "GET / HTTP/1.1" 200 35804
195-154-46-65.rev.poneytelecom.eu - - [01/Dec/2017:08:56:15 +0100] "GET /aktuelles-wetter.shtml HTTP/1.1" 200 18388
195-154-46-65.rev.poneytelecom.eu - - [01/Dec/2017:08:56:15 +0100] "GET /%C3%BCber-uns.shtml HTTP/1.1" 200 21862
195-154-46-65.rev.poneytelecom.eu - - [01/Dec/2017:08:56:16 +0100] "GET /event-matchracing.shtml HTTP/1.1" 200 21251
195-154-46-65.rev.poneytelecom.eu - - [01/Dec/2017:08:56:16 +0100] "GET /event-pedalo.shtml HTTP/1.1" 200 20248
195-154-46-65.rev.poneytelecom.eu - - [01/Dec/2017:08:56:16 +0100] "GET /davosersee.shtml HTTP/1.1" 200 19505
195-154-46-65.rev.poneytelecom.eu - - [01/Dec/2017:08:56:16 +0100] "GET /event-gruppesmartkat.shtml HTTP/1.1" 200 21256
195-154-46-65.rev.poneytelecom.eu - - [01/Dec/2017:08:56:16 +0100] "GET /events.shtml HTTP/1.1" 200 22514
195-154-46-65.rev.poneytelecom.eu - - [01/Dec/2017:08:56:17 +0100] "GET /galerie-sktrophy-2014.shtml HTTP/1.1" 200 29913
195-154-46-65.rev.poneytelecom.eu - - [01/Dec/2017:08:56:17 +0100] "GET /flotte.shtml HTTP/1.1" 200 29241
195-154-46-65.rev.poneytelecom.eu - - [01/Dec/2017:08:56:17 +0100] "GET /galerie-gruppesmartkat.shtml HTTP/1.1" 200 20574
195-154-46-65.rev.poneytelecom.eu - - [01/Dec/2017:08:56:17 +0100] "GET /galerie.shtml HTTP/1.1" 200 22747
195-154-46-65.rev.poneytelecom.eu - - [01/Dec/2017:08:56:17 +0100] "GET /galerie-matchracing.shtml HTTP/1.1" 200 21704
195-154-46-65.rev.poneytelecom.eu - - [01/Dec/2017:08:56:17 +0100] "GET /galerie-sktrophy-2015.shtml HTTP/1.1" 200 49420
195-154-46-65.rev.poneytelecom.eu - - [01/Dec/2017:08:56:17 +0100] "GET /kinder-segelkurs.shtml HTTP/1.1" 200 19898
195-154-46-65.rev.poneytelecom.eu - - [01/Dec/2017:08:56:18 +0100] "GET /segelkurs-jollesmartkat.shtml HTTP/1.1" 200 19993
195-154-46-65.rev.poneytelecom.eu - - [01/Dec/2017:08:56:18 +0100] "GET /kursanmeldung.shtml HTTP/1.1" 200 49926
195-154-46-65.rev.poneytelecom.eu - - [01/Dec/2017:08:56:18 +0100] "GET /kurse.shtml HTTP/1.1" 200 31031
195-154-46-65.rev.poneytelecom.eu - - [01/Dec/2017:08:56:18 +0100] "GET /smartkat-crashkurs.shtml HTTP/1.1" 200 17863
195-154-46-65.rev.poneytelecom.eu - - [01/Dec/2017:08:56:18 +0100] "GET /js/functions_stripped.js?v=6.6.7.2.41064 HTTP/1.1" 200 7672
195-154-46-65.rev.poneytelecom.eu - - [01/Dec/2017:08:56:18 +0100] "GET /segel-grundkurs.shtml HTTP/1.1" 200 21440
195-154-46-65.rev.poneytelecom.eu - - [01/Dec/2017:08:56:18 +0100] "GET /vermietung.shtml HTTP/1.1" 200 25728
195-154-46-65.rev.poneytelecom.eu - - [01/Dec/2017:08:56:18 +0100] "GET /optikurse-2014.shtml HTTP/1.1" 200 26353
195-154-46-65.rev.poneytelecom.eu - - [01/Dec/2017:08:56:18 +0100] "GET /pruefungskurs.shtml HTTP/1.1" 200 23039
195-154-46-65.rev.poneytelecom.eu - - [01/Dec/2017:08:56:18 +0100] "GET /standort.shtml HTTP/1.1" 200 17547
195-154-46-65.rev.poneytelecom.eu - - [01/Dec/2017:08:56:19 +0100] "GET /js/jquery.lazyload.min.js?v=6.6.7.2.41064 HTTP/1.1" 200 3342
195-154-46-65.rev.poneytelecom.eu - - [01/Dec/2017:08:56:19 +0100] "GET /Perspectiva.html? HTTP/1.1" 200 18069
195-154-46-65.rev.poneytelecom.eu - - [01/Dec/2017:08:56:19 +0100] "GET /aktuelles-wetter HTTP/1.1" 200 18388
qualityassurance.siteimprove.com - - [01/Dec/2017:08:59:56 +0100] "GET / HTTP/1.1" 200 6440
