hydrogen225.a.ahrefs.com - - [08/Nov/2017:19:05:23 +0100] "GET /var/m_0/0d/0dd/12455/6564687-G3_SKT2015_18.jpg HTTP/1.1" 200 93275
hydrogen294.a.ahrefs.com - - [08/Nov/2017:19:11:18 +0100] "GET /var/m_0/0d/0dd/12455/6564735-G3_SKT2015_60.jpg HTTP/1.1" 200 102335
hydrogen227.a.ahrefs.com - - [08/Nov/2017:19:25:08 +0100] "GET /var/m_0/0d/0dd/12455/7230911-G5_Matchracing_08.jpg HTTP/1.1" 200 76548
reverse-dns.chicago - - [08/Nov/2017:19:30:32 +0100] "GET / HTTP/1.1" 200 35804
reverse-dns.chicago - - [08/Nov/2017:19:30:34 +0100] "GET /events.shtml HTTP/1.1" 200 22514
reverse-dns.chicago - - [08/Nov/2017:19:30:35 +0100] "GET /kurse.shtml HTTP/1.1" 200 31031
reverse-dns.chicago - - [08/Nov/2017:19:30:35 +0100] "GET /galerie.shtml HTTP/1.1" 200 22747
reverse-dns.chicago - - [08/Nov/2017:19:30:36 +0100] "GET /vermietung.shtml HTTP/1.1" 200 25728
reverse-dns.chicago - - [08/Nov/2017:19:30:37 +0100] "GET /event-matchracing.shtml HTTP/1.1" 200 21251
reverse-dns.chicago - - [08/Nov/2017:19:30:37 +0100] "GET /event-gruppesmartkat.shtml HTTP/1.1" 200 21256
reverse-dns.chicago - - [08/Nov/2017:19:30:38 +0100] "GET /event-pedalo.shtml HTTP/1.1" 200 20248
reverse-dns.chicago - - [08/Nov/2017:19:30:39 +0100] "GET /galerie-gruppesmartkat.shtml HTTP/1.1" 200 20574
reverse-dns.chicago - - [08/Nov/2017:19:30:40 +0100] "GET /galerie-sktrophy-2015.shtml HTTP/1.1" 200 49420
reverse-dns.chicago - - [08/Nov/2017:19:30:40 +0100] "GET /galerie-sktrophy-2014.shtml HTTP/1.1" 200 29913
reverse-dns.chicago - - [08/Nov/2017:19:30:39 +0100] "GET /galerie-matchracing.shtml HTTP/1.1" 200 21704
reverse-dns.chicago - - [08/Nov/2017:19:30:41 +0100] "GET /kinder-segelkurs.shtml HTTP/1.1" 200 19898
reverse-dns.chicago - - [08/Nov/2017:19:30:41 +0100] "GET /optikurse-2014.shtml HTTP/1.1" 200 26353
reverse-dns.chicago - - [08/Nov/2017:19:30:42 +0100] "GET /pruefungskurs.shtml HTTP/1.1" 200 23039
reverse-dns.chicago - - [08/Nov/2017:19:30:43 +0100] "GET /segel-grundkurs.shtml HTTP/1.1" 200 21440
reverse-dns.chicago - - [08/Nov/2017:19:30:43 +0100] "GET /segelkurs-jollesmartkat.shtml HTTP/1.1" 200 19993
reverse-dns.chicago - - [08/Nov/2017:19:30:44 +0100] "GET /smartkat-crashkurs.shtml HTTP/1.1" 200 17863
reverse-dns.chicago - - [08/Nov/2017:19:30:45 +0100] "GET /flotte.shtml HTTP/1.1" 200 29241
reverse-dns.chicago - - [08/Nov/2017:19:30:45 +0100] "GET /js/functions_stripped.js?v=6.6.7.2.41064 HTTP/1.1" 200 7672
reverse-dns.chicago - - [08/Nov/2017:19:30:46 +0100] "GET /Perspectiva.html? HTTP/1.1" 200 18069
reverse-dns.chicago - - [08/Nov/2017:19:30:52 +0100] "GET /js/jquery.lazyload.min.js?v=6.6.7.2.41064 HTTP/1.1" 200 3342
reverse-dns.chicago - - [08/Nov/2017:19:30:52 +0100] "GET /js/).html(a);null==$( HTTP/1.1" 200 219
reverse-dns.chicago - - [08/Nov/2017:19:30:53 +0100] "GET /js/index.php?sid=46&lang=en&item=1&act=users&ajax=state HTTP/1.1" 200 210
reverse-dns.chicago - - [08/Nov/2017:19:30:54 +0100] "GET /aktuelles-wetter HTTP/1.1" 200 18388
reverse-dns.chicago - - [08/Nov/2017:19:30:54 +0100] "GET /davosersee HTTP/1.1" 200 19505
reverse-dns.chicago - - [08/Nov/2017:19:30:56 +0100] "GET /event-gruppesmartkat HTTP/1.1" 200 21256
reverse-dns.chicago - - [08/Nov/2017:19:30:56 +0100] "GET /event-matchracing HTTP/1.1" 200 21251
reverse-dns.chicago - - [08/Nov/2017:19:30:57 +0100] "GET /event-pedalo HTTP/1.1" 200 20248
reverse-dns.chicago - - [08/Nov/2017:19:30:58 +0100] "GET /events HTTP/1.1" 200 22514
hydrogen313.a.ahrefs.com - - [08/Nov/2017:19:37:10 +0100] "GET /pruefungskurs.shtml HTTP/1.1" 200 5895
