0246c.mentureexists.info - - [12/Nov/2017:08:20:27 +0100] "GET / HTTP/1.1" 200 6440
42.pool85-57-37.dynamic.orange.es - - [12/Nov/2017:08:35:41 +0100] "GET / HTTP/1.1" 200 35804
42.pool85-57-37.dynamic.orange.es - - [12/Nov/2017:08:35:42 +0100] "GET /%C3%BCber-uns.shtml HTTP/1.1" 200 21862
42.pool85-57-37.dynamic.orange.es - - [12/Nov/2017:08:35:43 +0100] "GET /aktuelles-wetter.shtml HTTP/1.1" 200 18388
42.pool85-57-37.dynamic.orange.es - - [12/Nov/2017:08:35:44 +0100] "GET /davosersee.shtml HTTP/1.1" 200 19505
42.pool85-57-37.dynamic.orange.es - - [12/Nov/2017:08:35:45 +0100] "GET /event-pedalo.shtml HTTP/1.1" 200 20248
42.pool85-57-37.dynamic.orange.es - - [12/Nov/2017:08:35:45 +0100] "GET /event-matchracing.shtml HTTP/1.1" 200 21251
42.pool85-57-37.dynamic.orange.es - - [12/Nov/2017:08:35:45 +0100] "GET /event-gruppesmartkat.shtml HTTP/1.1" 200 21256
42.pool85-57-37.dynamic.orange.es - - [12/Nov/2017:08:35:46 +0100] "GET /events.shtml HTTP/1.1" 200 22514
42.pool85-57-37.dynamic.orange.es - - [12/Nov/2017:08:35:47 +0100] "GET /galerie-gruppesmartkat.shtml HTTP/1.1" 200 20574
42.pool85-57-37.dynamic.orange.es - - [12/Nov/2017:08:35:47 +0100] "GET /flotte.shtml HTTP/1.1" 200 29241
42.pool85-57-37.dynamic.orange.es - - [12/Nov/2017:08:35:48 +0100] "GET /galerie-sktrophy-2015.shtml HTTP/1.1" 200 49420
42.pool85-57-37.dynamic.orange.es - - [12/Nov/2017:08:35:48 +0100] "GET /galerie-sktrophy-2014.shtml HTTP/1.1" 200 29913
42.pool85-57-37.dynamic.orange.es - - [12/Nov/2017:08:35:48 +0100] "GET /galerie-matchracing.shtml HTTP/1.1" 200 21704
42.pool85-57-37.dynamic.orange.es - - [12/Nov/2017:08:35:50 +0100] "GET /kinder-segelkurs.shtml HTTP/1.1" 200 19898
42.pool85-57-37.dynamic.orange.es - - [12/Nov/2017:08:35:50 +0100] "GET /galerie.shtml HTTP/1.1" 200 22747
42.pool85-57-37.dynamic.orange.es - - [12/Nov/2017:08:35:50 +0100] "GET /kursanmeldung.shtml HTTP/1.1" 200 49926
42.pool85-57-37.dynamic.orange.es - - [12/Nov/2017:08:35:51 +0100] "GET /kurse.shtml HTTP/1.1" 200 31031
42.pool85-57-37.dynamic.orange.es - - [12/Nov/2017:08:35:52 +0100] "GET /pruefungskurs.shtml HTTP/1.1" 200 23039
42.pool85-57-37.dynamic.orange.es - - [12/Nov/2017:08:35:52 +0100] "GET /optikurse-2014.shtml HTTP/1.1" 200 26353
42.pool85-57-37.dynamic.orange.es - - [12/Nov/2017:08:35:53 +0100] "GET /segel-grundkurs.shtml HTTP/1.1" 200 21440
42.pool85-57-37.dynamic.orange.es - - [12/Nov/2017:08:35:53 +0100] "GET /segelkurs-jollesmartkat.shtml HTTP/1.1" 200 19993
42.pool85-57-37.dynamic.orange.es - - [12/Nov/2017:08:35:53 +0100] "GET /smartkat-crashkurs.shtml HTTP/1.1" 200 17863
42.pool85-57-37.dynamic.orange.es - - [12/Nov/2017:08:35:54 +0100] "GET /standort.shtml HTTP/1.1" 200 17547
42.pool85-57-37.dynamic.orange.es - - [12/Nov/2017:08:35:54 +0100] "GET /vermietung.shtml HTTP/1.1" 200 25728
42.pool85-57-37.dynamic.orange.es - - [12/Nov/2017:08:35:55 +0100] "GET /js/functions_stripped.js?v=6.6.7.2.41064 HTTP/1.1" 200 7672
42.pool85-57-37.dynamic.orange.es - - [12/Nov/2017:08:35:55 +0100] "GET /js/jquery.lazyload.min.js?v=6.6.7.2.41064 HTTP/1.1" 200 3342
42.pool85-57-37.dynamic.orange.es - - [12/Nov/2017:08:35:55 +0100] "GET /Perspectiva.html? HTTP/1.1" 200 18069
42.pool85-57-37.dynamic.orange.es - - [12/Nov/2017:08:35:56 +0100] "GET /aktuelles-wetter HTTP/1.1" 200 18388
crawl-66-249-64-27.googlebot.com - - [12/Nov/2017:08:39:45 +0100] "GET /css/widgets/concat_widget.min.css?v=6.6.7.1.40667 HTTP/1.1" 200 24507
msnbot-157-55-39-144.search.msn.com - - [12/Nov/2017:08:56:04 +0100] "GET /robots.txt HTTP/1.1" 200 80
msnbot-157-55-39-144.search.msn.com - - [12/Nov/2017:08:56:05 +0100] "GET /robots.txt HTTP/1.1" 200 80
msnbot-157-55-39-44.search.msn.com - - [12/Nov/2017:08:56:10 +0100] "GET / HTTP/1.1" 200 6440
