malta1844.startdedicated.de - - [14/Oct/2017:18:01:00 +0200] "GET /var/m_0/0d/0dd/12455/6564700-G3_SKT2015_29.jpg HTTP/1.1" 200 84446
msnbot-157-55-39-122.search.msn.com - - [14/Oct/2017:18:07:00 +0200] "GET / HTTP/1.1" 200 6440
malta1844.startdedicated.de - - [14/Oct/2017:18:12:30 +0200] "GET /var/m_0/0d/0dd/12455/6564716-G3_SKT2015_44.jpg HTTP/1.1" 200 99680
malta2970.startdedicated.de - - [14/Oct/2017:18:17:08 +0200] "GET /robots.txt HTTP/1.1" 200 80
malta2970.startdedicated.de - - [14/Oct/2017:18:17:08 +0200] "GET /var/m_0/0d/0dd/12455/6564706-G3_SKT2015_35.jpg HTTP/1.1" 200 92136
msnbot-207-46-13-137.search.msn.com - - [14/Oct/2017:18:19:39 +0200] "GET / HTTP/1.1" 200 6440
malta2970.startdedicated.de - - [14/Oct/2017:18:37:05 +0200] "GET /var/m_0/0d/0dd/12455/6564734-G3_SKT2015_59.jpg HTTP/1.1" 200 117702
crawl-66-249-64-29.googlebot.com - - [14/Oct/2017:18:38:07 +0200] "GET /robots.txt HTTP/1.1" 200 80
crawl-66-249-64-28.googlebot.com - - [14/Oct/2017:18:38:08 +0200] "GET /css/widgets/concat_widget.min.css?v=6.6.1.38889 HTTP/1.1" 200 24507
crawl-66-249-64-28.googlebot.com - - [14/Oct/2017:18:38:08 +0200] "GET /css/skeleton.css HTTP/1.1" 200 3511
crawl-66-249-64-28.googlebot.com - - [14/Oct/2017:18:38:09 +0200] "GET /templates/creator/m_f/fa/fa7/164/css/main.min.css?v=1483633820 HTTP/1.1" 200 1797
crawl-66-249-64-28.googlebot.com - - [14/Oct/2017:18:38:09 +0200] "GET /templates/creator/m_f/fa/fa7/164/css/style.min.css?v=1483633820 HTTP/1.1" 200 847
malta2970.startdedicated.de - - [14/Oct/2017:18:39:13 +0200] "GET /var/m_0/0d/0dd/12455/143502-G1_SKT2014_24.JPG HTTP/1.1" 200 108909
malta2970.startdedicated.de - - [14/Oct/2017:18:44:42 +0200] "GET /var/m_0/0d/0dd/12455/6564720-G3_SKT2015_47.jpg HTTP/1.1" 200 94941
adsl-89-217-60-229.adslplus.ch - - [14/Oct/2017:18:53:45 +0200] "GET /var/m_0/0d/0dd/12455/6564603-SK_Tro_Head.jpg HTTP/1.1" 200 136780
17-142-156-178.applebot.apple.com - - [14/Oct/2017:18:54:22 +0200] "GET /var/m_0/0d/0dd/12455/143351-Header_Segelschule.jpg HTTP/1.1" 200 107532
17-142-156-178.applebot.apple.com - - [14/Oct/2017:18:54:21 +0200] "GET / HTTP/1.1" 200 6440
17-142-156-178.applebot.apple.com - - [14/Oct/2017:18:54:22 +0200] "GET /var/m_0/0d/0dd/12455/143351-Header_Segelschule.jpg HTTP/1.1" 200 107532
17-142-156-178.applebot.apple.com - - [14/Oct/2017:18:54:22 +0200] "GET /var/m_0/0d/0dd/12455/143351-Header_Segelschule.jpg HTTP/1.1" 200 107532
17-142-156-178.applebot.apple.com - - [14/Oct/2017:18:54:22 +0200] "GET /var/m_0/0d/0dd/12455/143351-Header_Segelschule.jpg HTTP/1.1" 200 107532
17-142-156-178.applebot.apple.com - - [14/Oct/2017:18:54:22 +0200] "GET /var/m_0/0d/0dd/12455/143351-Header_Segelschule.jpg HTTP/1.1" 200 107532
17-142-156-178.applebot.apple.com - - [14/Oct/2017:18:54:23 +0200] "GET /var/m_0/0d/0dd/12455/143351-Header_Segelschule.jpg HTTP/1.1" 200 107532
17-142-156-178.applebot.apple.com - - [14/Oct/2017:18:54:23 +0200] "GET /var/m_0/0d/0dd/12455/143351-Header_Segelschule.jpg HTTP/1.1" 200 107532
17-142-156-178.applebot.apple.com - - [14/Oct/2017:18:54:23 +0200] "GET /var/m_0/0d/0dd/12455/143351-Header_Segelschule.jpg HTTP/1.1" 200 107532
17-142-156-178.applebot.apple.com - - [14/Oct/2017:18:54:23 +0200] "GET /var/m_0/0d/0dd/12455/143351-Header_Segelschule.jpg HTTP/1.1" 200 107532
17-142-156-178.applebot.apple.com - - [14/Oct/2017:18:54:23 +0200] "GET /var/m_0/0d/0dd/12455/143351-Header_Segelschule.jpg HTTP/1.1" 200 107532
17-142-156-178.applebot.apple.com - - [14/Oct/2017:18:54:23 +0200] "GET /var/m_0/0d/0dd/12455/143351-Header_Segelschule.jpg HTTP/1.1" 200 107532
17-142-156-178.applebot.apple.com - - [14/Oct/2017:18:54:23 +0200] "GET /var/m_0/0d/0dd/12455/143351-Header_Segelschule.jpg HTTP/1.1" 200 107532
17-142-156-178.applebot.apple.com - - [14/Oct/2017:18:54:23 +0200] "GET /var/m_0/0d/0dd/12455/143351-Header_Segelschule.jpg HTTP/1.1" 200 107532
