reverse-dns.chicago - - [21/Nov/2017:05:24:38 +0100] "GET / HTTP/1.1" 200 35804
reverse-dns.chicago - - [21/Nov/2017:05:24:41 +0100] "GET /%C3%BCber-uns.shtml HTTP/1.1" 200 21862
reverse-dns.chicago - - [21/Nov/2017:05:24:48 +0100] "GET /aktuelles-wetter.shtml HTTP/1.1" 200 18388
reverse-dns.chicago - - [21/Nov/2017:05:24:49 +0100] "GET /davosersee.shtml HTTP/1.1" 200 19505
reverse-dns.chicago - - [21/Nov/2017:05:24:50 +0100] "GET /event-gruppesmartkat.shtml HTTP/1.1" 200 21256
reverse-dns.chicago - - [21/Nov/2017:05:24:51 +0100] "GET /event-matchracing.shtml HTTP/1.1" 200 21251
reverse-dns.chicago - - [21/Nov/2017:05:24:51 +0100] "GET /event-pedalo.shtml HTTP/1.1" 200 20248
reverse-dns.chicago - - [21/Nov/2017:05:24:52 +0100] "GET /flotte.shtml HTTP/1.1" 200 29241
reverse-dns.chicago - - [21/Nov/2017:05:24:52 +0100] "GET /galerie-gruppesmartkat.shtml HTTP/1.1" 200 20574
reverse-dns.chicago - - [21/Nov/2017:05:24:52 +0100] "GET /events.shtml HTTP/1.1" 200 22514
reverse-dns.chicago - - [21/Nov/2017:05:24:53 +0100] "GET /galerie-sktrophy-2014.shtml HTTP/1.1" 200 29913
reverse-dns.chicago - - [21/Nov/2017:05:24:53 +0100] "GET /galerie-matchracing.shtml HTTP/1.1" 200 21704
reverse-dns.chicago - - [21/Nov/2017:05:24:53 +0100] "GET /galerie.shtml HTTP/1.1" 200 22747
reverse-dns.chicago - - [21/Nov/2017:05:24:53 +0100] "GET /galerie-sktrophy-2015.shtml HTTP/1.1" 200 49420
reverse-dns.chicago - - [21/Nov/2017:05:24:54 +0100] "GET /kurse.shtml HTTP/1.1" 200 31031
reverse-dns.chicago - - [21/Nov/2017:05:24:54 +0100] "GET /kinder-segelkurs.shtml HTTP/1.1" 200 19898
reverse-dns.chicago - - [21/Nov/2017:05:24:54 +0100] "GET /kursanmeldung.shtml HTTP/1.1" 200 49926
reverse-dns.chicago - - [21/Nov/2017:05:24:55 +0100] "GET /optikurse-2014.shtml HTTP/1.1" 200 26353
reverse-dns.chicago - - [21/Nov/2017:05:24:55 +0100] "GET /pruefungskurs.shtml HTTP/1.1" 200 23039
reverse-dns.chicago - - [21/Nov/2017:05:24:56 +0100] "GET /segel-grundkurs.shtml HTTP/1.1" 200 21440
reverse-dns.chicago - - [21/Nov/2017:05:24:57 +0100] "GET /standort.shtml HTTP/1.1" 200 17547
reverse-dns.chicago - - [21/Nov/2017:05:24:57 +0100] "GET /smartkat-crashkurs.shtml HTTP/1.1" 200 17863
reverse-dns.chicago - - [21/Nov/2017:05:24:57 +0100] "GET /segelkurs-jollesmartkat.shtml HTTP/1.1" 200 19993
reverse-dns.chicago - - [21/Nov/2017:05:24:57 +0100] "GET /vermietung.shtml HTTP/1.1" 200 25728
reverse-dns.chicago - - [21/Nov/2017:05:24:58 +0100] "GET /js/functions_stripped.js?v=6.6.7.2.41064 HTTP/1.1" 200 7672
reverse-dns.chicago - - [21/Nov/2017:05:24:59 +0100] "GET /js/jquery.lazyload.min.js?v=6.6.7.2.41064 HTTP/1.1" 200 3342
reverse-dns.chicago - - [21/Nov/2017:05:24:59 +0100] "GET /Perspectiva.html? HTTP/1.1" 200 18069
reverse-dns.chicago - - [21/Nov/2017:05:25:01 +0100] "GET /aktuelles-wetter HTTP/1.1" 200 18388
reverse-dns.chicago - - [21/Nov/2017:05:25:04 +0100] "GET /davosersee HTTP/1.1" 200 19505
reverse-dns.chicago - - [21/Nov/2017:05:25:05 +0100] "GET /event-gruppesmartkat HTTP/1.1" 200 21256
reverse-dns.chicago - - [21/Nov/2017:05:25:05 +0100] "GET /event-pedalo HTTP/1.1" 200 20248
reverse-dns.chicago - - [21/Nov/2017:05:25:05 +0100] "GET /event-matchracing HTTP/1.1" 200 21251
reverse-dns.chicago - - [21/Nov/2017:05:25:10 +0100] "GET /events HTTP/1.1" 200 22514
reverse-dns.chicago - - [21/Nov/2017:05:25:11 +0100] "GET /flotte HTTP/1.1" 200 29385
reverse-dns.chicago - - [21/Nov/2017:05:25:11 +0100] "GET /galerie-gruppesmartkat HTTP/1.1" 200 20574
reverse-dns.chicago - - [21/Nov/2017:05:25:11 +0100] "GET /galerie-matchracing HTTP/1.1" 200 21704
reverse-dns.chicago - - [21/Nov/2017:05:25:13 +0100] "GET /galerie-sktrophy-2015 HTTP/1.1" 200 49420
reverse-dns.chicago - - [21/Nov/2017:05:25:13 +0100] "GET /galerie-sktrophy-2014 HTTP/1.1" 200 29913
reverse-dns.chicago - - [21/Nov/2017:05:25:15 +0100] "GET /galerie HTTP/1.1" 200 22747
reverse-dns.chicago - - [21/Nov/2017:05:25:18 +0100] "GET /kinder-segelkurs HTTP/1.1" 200 19898
reverse-dns.chicago - - [21/Nov/2017:05:25:19 +0100] "GET /optikurse-2014 HTTP/1.1" 200 26353
reverse-dns.chicago - - [21/Nov/2017:05:25:19 +0100] "GET /kurse HTTP/1.1" 200 31031
reverse-dns.chicago - - [21/Nov/2017:05:25:20 +0100] "GET /pruefungskurs HTTP/1.1" 200 23039
