46.229.164.100 - - [10/Nov/2017:14:01:25 +0100] "GET /robots.txt HTTP/1.1" 200 80
m243.themothership.net - - [10/Nov/2017:14:08:49 +0100] "GET /wp-content/plugins/photo-gallery/filemanager/UploadHandler.php HTTP/1.1" 200 18205
msnbot-207-46-13-203.search.msn.com - - [10/Nov/2017:14:10:20 +0100] "GET /robots.txt HTTP/1.1" 200 80
msnbot-157-55-39-76.search.msn.com - - [10/Nov/2017:14:10:27 +0100] "GET /optikurse-2014.shtml HTTP/1.1" 200 4938
46.229.170.197 - - [10/Nov/2017:14:44:40 +0100] "GET / HTTP/1.1" 200 35804
46.229.170.197 - - [10/Nov/2017:14:46:40 +0100] "GET / HTTP/1.1" 200 35804
static.masmovil.com - - [10/Nov/2017:14:46:49 +0100] "GET / HTTP/1.1" 200 35804
static.masmovil.com - - [10/Nov/2017:14:46:51 +0100] "GET /events.shtml HTTP/1.1" 200 22514
static.masmovil.com - - [10/Nov/2017:14:46:52 +0100] "GET /galerie.shtml HTTP/1.1" 200 22747
static.masmovil.com - - [10/Nov/2017:14:46:53 +0100] "GET /kurse.shtml HTTP/1.1" 200 31031
static.masmovil.com - - [10/Nov/2017:14:46:56 +0100] "GET /vermietung.shtml HTTP/1.1" 200 25728
static.masmovil.com - - [10/Nov/2017:14:46:57 +0100] "GET /event-gruppesmartkat.shtml HTTP/1.1" 200 21256
static.masmovil.com - - [10/Nov/2017:14:46:59 +0100] "GET /event-matchracing.shtml HTTP/1.1" 200 21251
static.masmovil.com - - [10/Nov/2017:14:47:00 +0100] "GET /event-pedalo.shtml HTTP/1.1" 200 20248
static.masmovil.com - - [10/Nov/2017:14:47:02 +0100] "GET /galerie-gruppesmartkat.shtml HTTP/1.1" 200 20574
static.masmovil.com - - [10/Nov/2017:14:47:03 +0100] "GET /galerie-sktrophy-2014.shtml HTTP/1.1" 200 29913
static.masmovil.com - - [10/Nov/2017:14:47:03 +0100] "GET /galerie-matchracing.shtml HTTP/1.1" 200 21704
static.masmovil.com - - [10/Nov/2017:14:47:06 +0100] "GET /galerie-sktrophy-2015.shtml HTTP/1.1" 200 49420
static.masmovil.com - - [10/Nov/2017:14:47:09 +0100] "GET /optikurse-2014.shtml HTTP/1.1" 200 26353
static.masmovil.com - - [10/Nov/2017:14:47:12 +0100] "GET /kinder-segelkurs.shtml HTTP/1.1" 200 19898
static.masmovil.com - - [10/Nov/2017:14:47:13 +0100] "GET /pruefungskurs.shtml HTTP/1.1" 200 23039
static.masmovil.com - - [10/Nov/2017:14:47:14 +0100] "GET /segel-grundkurs.shtml HTTP/1.1" 200 21440
static.masmovil.com - - [10/Nov/2017:14:47:16 +0100] "GET /segelkurs-jollesmartkat.shtml HTTP/1.1" 200 19993
static.masmovil.com - - [10/Nov/2017:14:47:18 +0100] "GET /smartkat-crashkurs.shtml HTTP/1.1" 200 17863
static.masmovil.com - - [10/Nov/2017:14:47:20 +0100] "GET /flotte.shtml HTTP/1.1" 200 29241
static.masmovil.com - - [10/Nov/2017:14:47:22 +0100] "GET /js/functions_stripped.js?v=6.6.7.2.41064 HTTP/1.1" 200 7672
static.masmovil.com - - [10/Nov/2017:14:47:22 +0100] "GET /Perspectiva.html? HTTP/1.1" 200 18069
static.masmovil.com - - [10/Nov/2017:14:47:24 +0100] "GET /js/).html(a);null==$( HTTP/1.1" 200 219
static.masmovil.com - - [10/Nov/2017:14:47:24 +0100] "GET /js/jquery.lazyload.min.js?v=6.6.7.2.41064 HTTP/1.1" 200 3342
static.masmovil.com - - [10/Nov/2017:14:47:25 +0100] "GET /js/index.php?sid=46&lang=en&item=1&act=users&ajax=state HTTP/1.1" 200 210
static.masmovil.com - - [10/Nov/2017:14:47:26 +0100] "GET /aktuelles-wetter HTTP/1.1" 200 18388
static.masmovil.com - - [10/Nov/2017:14:47:27 +0100] "GET /davosersee HTTP/1.1" 200 19505
static.masmovil.com - - [10/Nov/2017:14:47:28 +0100] "GET /event-gruppesmartkat HTTP/1.1" 200 21256
static.masmovil.com - - [10/Nov/2017:14:47:30 +0100] "GET /event-matchracing HTTP/1.1" 200 21251
static.masmovil.com - - [10/Nov/2017:14:47:33 +0100] "GET /event-pedalo HTTP/1.1" 200 20248
static.masmovil.com - - [10/Nov/2017:14:47:35 +0100] "GET /events HTTP/1.1" 200 22514
