msnbot-131-253-25-95.search.msn.com - - [05/Nov/2017:05:25:18 +0100] "GET /davosersee HTTP/1.1" 200 5477
msnbot-131-253-25-95.search.msn.com - - [05/Nov/2017:05:25:19 +0100] "GET /css/widgets/concat_widget.min.css?v=6.6.7.2.41064 HTTP/1.1" 200 24507
msnbot-131-253-25-95.search.msn.com - - [05/Nov/2017:05:25:19 +0100] "GET /templates/creator/m_f/fa/fa7/164/css/style.min.css?v=1483633820 HTTP/1.1" 200 847
msnbot-131-253-25-74.search.msn.com - - [05/Nov/2017:05:25:19 +0100] "GET /templates/creator/m_f/fa/fa7/164/css/main.min.css?v=1483633820 HTTP/1.1" 200 1797
msnbot-131-253-25-74.search.msn.com - - [05/Nov/2017:05:25:20 +0100] "GET /js/footer/get_deps.min.js?v=6.6.7.2.41064 HTTP/1.1" 200 157
msnbot-131-253-25-74.search.msn.com - - [05/Nov/2017:05:25:20 +0100] "GET /css/skeleton.css HTTP/1.1" 200 3511
msnbot-131-253-25-74.search.msn.com - - [05/Nov/2017:05:25:20 +0100] "GET /templates/creator/m_f/fa/fa7/164/assets/slide.js?v=1483633820 HTTP/1.1" 200 662
msnbot-131-253-25-74.search.msn.com - - [05/Nov/2017:05:25:20 +0100] "GET /templates/creator/m_f/fa/fa7/164/assets/wp-menu.js?v=1483633820 HTTP/1.1" 200 1089
msnbot-131-253-25-95.search.msn.com - - [05/Nov/2017:05:25:20 +0100] "GET /js/footer/build_social_entries.min.js?v=6.6.7.2.41064 HTTP/1.1" 200 278
msnbot-131-253-25-95.search.msn.com - - [05/Nov/2017:05:25:20 +0100] "GET /templates/creator/m_f/fa/fa7/164/assets/respond.min.js?v=1483633820 HTTP/1.1" 200 2085
msnbot-131-253-25-95.search.msn.com - - [05/Nov/2017:05:25:20 +0100] "GET /js/functions_stripped.js?v=6.6.7.2.41064 HTTP/1.1" 200 3186
msnbot-131-253-25-95.search.msn.com - - [05/Nov/2017:05:25:21 +0100] "GET /css/widgets/concat_widget.min.css?v=6.6.7.2.41064 HTTP/1.1" 200 24507
msnbot-131-253-25-74.search.msn.com - - [05/Nov/2017:05:25:22 +0100] "GET /templates/creator/m_f/fa/fa7/164/css/main.min.css?v=1483633820 HTTP/1.1" 200 1797
msnbot-131-253-25-74.search.msn.com - - [05/Nov/2017:05:25:22 +0100] "GET /css/skeleton.css HTTP/1.1" 200 3511
msnbot-131-253-25-95.search.msn.com - - [05/Nov/2017:05:25:22 +0100] "GET /templates/creator/m_f/fa/fa7/164/css/style.min.css?v=1483633820 HTTP/1.1" 200 847
msnbot-40-77-167-41.search.msn.com - - [05/Nov/2017:05:44:29 +0100] "GET /galerie-sktrophy-2014.shtml HTTP/1.1" 200 5044
msnbot-157-55-39-28.search.msn.com - - [05/Nov/2017:05:46:03 +0100] "GET /robots.txt HTTP/1.1" 200 80
msnbot-157-55-39-28.search.msn.com - - [05/Nov/2017:05:46:04 +0100] "GET /robots.txt HTTP/1.1" 200 80
msnbot-157-55-39-28.search.msn.com - - [05/Nov/2017:05:46:04 +0100] "GET /robots.txt HTTP/1.1" 200 80
msnbot-207-46-13-10.search.msn.com - - [05/Nov/2017:05:46:06 +0100] "GET /js/footer/build_social_entries.min.js?v=6.6.7.2.41064 HTTP/1.1" 200 278
msnbot-207-46-13-10.search.msn.com - - [05/Nov/2017:05:46:07 +0100] "GET /js/functions_stripped.js?v=6.6.7.2.41064 HTTP/1.1" 200 3186
msnbot-40-77-167-77.search.msn.com - - [05/Nov/2017:05:46:09 +0100] "GET /js/jquery.lazyload.min.js?v=6.6.7.2.41064 HTTP/1.1" 200 1283
msnbot-40-77-167-77.search.msn.com - - [05/Nov/2017:05:46:09 +0100] "GET /templates/creator/m_f/fa/fa7/164/assets/respond.min.js?v=1483633820 HTTP/1.1" 200 2085
msnbot-40-77-167-77.search.msn.com - - [05/Nov/2017:05:46:09 +0100] "GET /js/footer/get_deps.min.js?v=6.6.7.2.41064 HTTP/1.1" 200 157
msnbot-40-77-167-41.search.msn.com - - [05/Nov/2017:05:46:31 +0100] "GET /css/widgets/concat_widget.min.css?v=6.6.7.2.41064 HTTP/1.1" 200 24507
