b78113.upc-b.chello.nl - - [06/Oct/2017:00:13:17 +0200] "GET / HTTP/1.1" 200 35804
b78113.upc-b.chello.nl - - [06/Oct/2017:00:13:18 +0200] "GET /events.shtml HTTP/1.1" 200 22514
b78113.upc-b.chello.nl - - [06/Oct/2017:00:13:18 +0200] "GET /galerie.shtml HTTP/1.1" 200 22747
b78113.upc-b.chello.nl - - [06/Oct/2017:00:13:19 +0200] "GET /kurse.shtml HTTP/1.1" 200 31031
b78113.upc-b.chello.nl - - [06/Oct/2017:00:13:21 +0200] "GET /vermietung.shtml HTTP/1.1" 200 25728
b78113.upc-b.chello.nl - - [06/Oct/2017:00:13:22 +0200] "GET /event-pedalo.shtml HTTP/1.1" 200 20248
b78113.upc-b.chello.nl - - [06/Oct/2017:00:13:22 +0200] "GET /event-matchracing.shtml HTTP/1.1" 200 21251
b78113.upc-b.chello.nl - - [06/Oct/2017:00:13:22 +0200] "GET /galerie-gruppesmartkat.shtml HTTP/1.1" 200 20574
b78113.upc-b.chello.nl - - [06/Oct/2017:00:13:22 +0200] "GET /event-gruppesmartkat.shtml HTTP/1.1" 200 21256
b78113.upc-b.chello.nl - - [06/Oct/2017:00:13:23 +0200] "GET /galerie-sktrophy-2014.shtml HTTP/1.1" 200 29913
b78113.upc-b.chello.nl - - [06/Oct/2017:00:13:23 +0200] "GET /segel-grundkurs.shtml HTTP/1.1" 200 21440
b78113.upc-b.chello.nl - - [06/Oct/2017:00:13:23 +0200] "GET /kinder-segelkurs.shtml HTTP/1.1" 200 19898
b78113.upc-b.chello.nl - - [06/Oct/2017:00:13:23 +0200] "GET /flotte.shtml HTTP/1.1" 200 29241
b78113.upc-b.chello.nl - - [06/Oct/2017:00:13:23 +0200] "GET /galerie-sktrophy-2015.shtml HTTP/1.1" 200 49420
b78113.upc-b.chello.nl - - [06/Oct/2017:00:13:23 +0200] "GET /segelkurs-jollesmartkat.shtml HTTP/1.1" 200 19993
b78113.upc-b.chello.nl - - [06/Oct/2017:00:13:23 +0200] "GET /optikurse-2014.shtml HTTP/1.1" 200 26353
b78113.upc-b.chello.nl - - [06/Oct/2017:00:13:23 +0200] "GET /smartkat-crashkurs.shtml HTTP/1.1" 200 17863
b78113.upc-b.chello.nl - - [06/Oct/2017:00:13:23 +0200] "GET /galerie-matchracing.shtml HTTP/1.1" 200 21704
b78113.upc-b.chello.nl - - [06/Oct/2017:00:13:23 +0200] "GET /pruefungskurs.shtml HTTP/1.1" 200 23039
b78113.upc-b.chello.nl - - [06/Oct/2017:00:13:24 +0200] "GET /event-matchracing HTTP/1.1" 200 21251
b78113.upc-b.chello.nl - - [06/Oct/2017:00:13:24 +0200] "GET /davosersee HTTP/1.1" 200 19505
b78113.upc-b.chello.nl - - [06/Oct/2017:00:13:24 +0200] "GET /events HTTP/1.1" 200 22514
b78113.upc-b.chello.nl - - [06/Oct/2017:00:13:24 +0200] "GET /Perspectiva.html? HTTP/1.1" 200 18069
b78113.upc-b.chello.nl - - [06/Oct/2017:00:13:24 +0200] "GET /aktuelles-wetter HTTP/1.1" 200 18388
b78113.upc-b.chello.nl - - [06/Oct/2017:00:13:24 +0200] "GET /js/jquery.lazyload.min.js?v=6.6.7.2.41064 HTTP/1.1" 200 3342
b78113.upc-b.chello.nl - - [06/Oct/2017:00:13:24 +0200] "GET /event-gruppesmartkat HTTP/1.1" 200 21256
b78113.upc-b.chello.nl - - [06/Oct/2017:00:13:24 +0200] "GET /js/functions_stripped.js?v=6.6.7.2.41064 HTTP/1.1" 200 7672
b78113.upc-b.chello.nl - - [06/Oct/2017:00:13:24 +0200] "GET /js/).html(a);null==$( HTTP/1.1" 200 219
b78113.upc-b.chello.nl - - [06/Oct/2017:00:13:24 +0200] "GET /event-pedalo HTTP/1.1" 200 20248
b78113.upc-b.chello.nl - - [06/Oct/2017:00:13:25 +0200] "GET /flotte HTTP/1.1" 200 29385
hydrogen197.a.ahrefs.com - - [06/Oct/2017:00:14:01 +0200] "GET /var/m_0/0d/0dd/12455/6564678-G3_SKT2015_10.jpg HTTP/1.1" 200 138460
hydrogen235.a.ahrefs.com - - [06/Oct/2017:00:20:53 +0200] "GET /var/m_0/0d/0dd/12455/143486-G1_SKT2014_10.JPG HTTP/1.1" 200 129005
msnbot-157-55-39-187.search.msn.com - - [06/Oct/2017:00:36:59 +0200] "GET /var/m_0/0d/0dd/12455/8097283-61_Fr%C3%BChling_2.jpg HTTP/1.1" 200 158570
