fulltextrobot-77-75-79-72.seznam.cz - - [16/Oct/2017:06:02:14 +0200] "GET /robots.txt HTTP/1.1" 200 80
fulltextrobot-77-75-79-72.seznam.cz - - [16/Oct/2017:06:02:14 +0200] "GET /pruefungskurs HTTP/1.1" 200 5895
46.229.168.68 - - [16/Oct/2017:06:11:59 +0200] "GET / HTTP/1.1" 200 6440
46.229.168.80 - - [16/Oct/2017:06:12:47 +0200] "GET /events HTTP/1.1" 200 5296
46.229.168.78 - - [16/Oct/2017:06:13:37 +0200] "GET / HTTP/1.1" 200 6440
46.229.168.67 - - [16/Oct/2017:06:14:20 +0200] "GET / HTTP/1.1" 200 6440
hydrogen090.a.ahrefs.com - - [16/Oct/2017:06:27:42 +0200] "GET /var/m_0/0d/0dd/12455/143510-G2_Optikurs2014_05.jpg HTTP/1.1" 200 105692
hydrogen149.a.ahrefs.com - - [16/Oct/2017:06:35:06 +0200] "GET /flotte HTTP/1.1" 200 6274
msnbot-157-55-39-122.search.msn.com - - [16/Oct/2017:06:39:42 +0200] "GET /robots.txt HTTP/1.1" 200 80
msnbot-157-55-39-122.search.msn.com - - [16/Oct/2017:06:39:47 +0200] "GET /css/skeleton.css HTTP/1.1" 200 3511
msnbot-157-55-39-122.search.msn.com - - [16/Oct/2017:06:39:47 +0200] "GET /templates/creator/m_f/fa/fa7/164/assets/respond.min.js?v=1483633820 HTTP/1.1" 200 2085
msnbot-157-55-39-122.search.msn.com - - [16/Oct/2017:06:39:47 +0200] "GET /js/footer/get_deps.min.js?v=6.6.7.2.41064 HTTP/1.1" 200 157
msnbot-157-55-39-122.search.msn.com - - [16/Oct/2017:06:39:47 +0200] "GET /js/jquery.lazyload.min.js?v=6.6.7.2.41064 HTTP/1.1" 200 1283
msnbot-157-55-39-251.search.msn.com - - [16/Oct/2017:06:39:48 +0200] "GET /js/functions_stripped.js?v=6.6.7.2.41064 HTTP/1.1" 200 3186
msnbot-157-55-39-251.search.msn.com - - [16/Oct/2017:06:39:48 +0200] "GET /js/footer/build_social_entries.min.js?v=6.6.7.2.41064 HTTP/1.1" 200 278
msnbot-157-55-39-251.search.msn.com - - [16/Oct/2017:06:39:48 +0200] "GET /templates/creator/m_f/fa/fa7/164/css/style.min.css?v=1483633820 HTTP/1.1" 200 847
msnbot-157-55-39-251.search.msn.com - - [16/Oct/2017:06:39:48 +0200] "GET /templates/creator/m_f/fa/fa7/164/assets/wp-menu.js?v=1483633820 HTTP/1.1" 200 1089
msnbot-157-55-39-251.search.msn.com - - [16/Oct/2017:06:39:49 +0200] "GET /templates/creator/m_f/fa/fa7/164/css/main.min.css?v=1483633820 HTTP/1.1" 200 1797
msnbot-157-55-39-213.search.msn.com - - [16/Oct/2017:06:39:51 +0200] "GET /css/widgets/concat_widget.min.css?v=6.6.7.2.41064 HTTP/1.1" 200 24507
msnbot-157-55-39-91.search.msn.com - - [16/Oct/2017:06:39:56 +0200] "GET /templates/creator/m_f/fa/fa7/164/assets/slide.js?v=1483633820 HTTP/1.1" 200 662
hydrogen177.a.ahrefs.com - - [16/Oct/2017:06:45:09 +0200] "GET /var/m_0/0d/0dd/12455/6564690-G3_SKT2015_20.jpg HTTP/1.1" 200 120599
hydrogen311.a.ahrefs.com - - [16/Oct/2017:06:50:56 +0200] "GET / HTTP/1.1" 200 6440
