malta1844.startdedicated.de - - [15/Oct/2017:14:03:12 +0200] "GET /robots.txt HTTP/1.1" 200 80
malta1844.startdedicated.de - - [15/Oct/2017:14:03:12 +0200] "GET /var/m_0/0d/0dd/12455/6564684-G3_SKT2015_15.jpg HTTP/1.1" 200 144651
65.210.18.95.dynamic.jazztel.es - - [15/Oct/2017:14:08:15 +0200] "GET / HTTP/1.1" 200 35804
65.210.18.95.dynamic.jazztel.es - - [15/Oct/2017:14:08:16 +0200] "GET /events.shtml HTTP/1.1" 200 22514
65.210.18.95.dynamic.jazztel.es - - [15/Oct/2017:14:08:17 +0200] "GET /galerie.shtml HTTP/1.1" 200 22747
65.210.18.95.dynamic.jazztel.es - - [15/Oct/2017:14:08:17 +0200] "GET /kurse.shtml HTTP/1.1" 200 31031
65.210.18.95.dynamic.jazztel.es - - [15/Oct/2017:14:08:18 +0200] "GET /vermietung.shtml HTTP/1.1" 200 25728
65.210.18.95.dynamic.jazztel.es - - [15/Oct/2017:14:08:19 +0200] "GET /event-gruppesmartkat.shtml HTTP/1.1" 200 21256
65.210.18.95.dynamic.jazztel.es - - [15/Oct/2017:14:08:20 +0200] "GET /event-matchracing.shtml HTTP/1.1" 200 21251
65.210.18.95.dynamic.jazztel.es - - [15/Oct/2017:14:08:20 +0200] "GET /galerie-gruppesmartkat.shtml HTTP/1.1" 200 20574
65.210.18.95.dynamic.jazztel.es - - [15/Oct/2017:14:08:20 +0200] "GET /event-pedalo.shtml HTTP/1.1" 200 20248
65.210.18.95.dynamic.jazztel.es - - [15/Oct/2017:14:08:21 +0200] "GET /galerie-sktrophy-2014.shtml HTTP/1.1" 200 29913
65.210.18.95.dynamic.jazztel.es - - [15/Oct/2017:14:08:21 +0200] "GET /galerie-sktrophy-2015.shtml HTTP/1.1" 200 49420
65.210.18.95.dynamic.jazztel.es - - [15/Oct/2017:14:08:21 +0200] "GET /galerie-matchracing.shtml HTTP/1.1" 200 21704
65.210.18.95.dynamic.jazztel.es - - [15/Oct/2017:14:08:22 +0200] "GET /optikurse-2014.shtml HTTP/1.1" 200 26353
65.210.18.95.dynamic.jazztel.es - - [15/Oct/2017:14:08:22 +0200] "GET /kinder-segelkurs.shtml HTTP/1.1" 200 19898
65.210.18.95.dynamic.jazztel.es - - [15/Oct/2017:14:08:23 +0200] "GET /segel-grundkurs.shtml HTTP/1.1" 200 21440
65.210.18.95.dynamic.jazztel.es - - [15/Oct/2017:14:08:23 +0200] "GET /pruefungskurs.shtml HTTP/1.1" 200 23039
65.210.18.95.dynamic.jazztel.es - - [15/Oct/2017:14:08:24 +0200] "GET /segelkurs-jollesmartkat.shtml HTTP/1.1" 200 19993
65.210.18.95.dynamic.jazztel.es - - [15/Oct/2017:14:08:25 +0200] "GET /flotte.shtml HTTP/1.1" 200 29241
65.210.18.95.dynamic.jazztel.es - - [15/Oct/2017:14:08:25 +0200] "GET /smartkat-crashkurs.shtml HTTP/1.1" 200 17863
65.210.18.95.dynamic.jazztel.es - - [15/Oct/2017:14:08:25 +0200] "GET /js/jquery.lazyload.min.js?v=6.6.7.2.41064 HTTP/1.1" 200 3342
65.210.18.95.dynamic.jazztel.es - - [15/Oct/2017:14:08:25 +0200] "GET /js/functions_stripped.js?v=6.6.7.2.41064 HTTP/1.1" 200 7672
65.210.18.95.dynamic.jazztel.es - - [15/Oct/2017:14:08:25 +0200] "GET /Perspectiva.html? HTTP/1.1" 200 18069
65.210.18.95.dynamic.jazztel.es - - [15/Oct/2017:14:08:26 +0200] "GET /js/).html(a);null==$( HTTP/1.1" 200 219
65.210.18.95.dynamic.jazztel.es - - [15/Oct/2017:14:08:26 +0200] "GET /js/index.php?sid=46&lang=en&item=1&act=users&ajax=state HTTP/1.1" 200 210
65.210.18.95.dynamic.jazztel.es - - [15/Oct/2017:14:08:27 +0200] "GET /event-gruppesmartkat HTTP/1.1" 200 21256
65.210.18.95.dynamic.jazztel.es - - [15/Oct/2017:14:08:27 +0200] "GET /davosersee HTTP/1.1" 200 19505
65.210.18.95.dynamic.jazztel.es - - [15/Oct/2017:14:08:27 +0200] "GET /aktuelles-wetter HTTP/1.1" 200 18388
65.210.18.95.dynamic.jazztel.es - - [15/Oct/2017:14:08:28 +0200] "GET /event-matchracing HTTP/1.1" 200 21251
65.210.18.95.dynamic.jazztel.es - - [15/Oct/2017:14:08:28 +0200] "GET /events HTTP/1.1" 200 22514
65.210.18.95.dynamic.jazztel.es - - [15/Oct/2017:14:08:28 +0200] "GET /event-pedalo HTTP/1.1" 200 20248
malta1844.startdedicated.de - - [15/Oct/2017:14:15:14 +0200] "GET /robots.txt HTTP/1.1" 200 80
malta1844.startdedicated.de - - [15/Oct/2017:14:15:14 +0200] "GET /var/m_0/0d/0dd/12455/143510-G2_Optikurs2014_05.jpg HTTP/1.1" 200 105692
malta1844.startdedicated.de - - [15/Oct/2017:14:40:39 +0200] "GET /var/m_0/0d/0dd/12455/6564678-G3_SKT2015_10.jpg HTTP/1.1" 200 138460
malta2970.startdedicated.de - - [15/Oct/2017:14:40:46 +0200] "GET /var/m_0/0d/0dd/12455/143505-G1_SKT2014_27.JPG HTTP/1.1" 200 127521
malta2970.startdedicated.de - - [15/Oct/2017:14:40:46 +0200] "GET /robots.txt HTTP/1.1" 200 80
malta2970.startdedicated.de - - [15/Oct/2017:14:53:36 +0200] "GET /var/m_0/0d/0dd/12455/143480-G1_SKT2014_04.JPG HTTP/1.1" 200 132118
