195.141.126.4 - - [02/Oct/2017:11:05:08 +0200] "GET /pruefungskurs.shtml HTTP/1.1" 200 23039
195.141.126.4 - - [02/Oct/2017:11:05:23 +0200] "GET /smartkat-crashkurs.shtml HTTP/1.1" 200 17863
msnbot-157-55-39-159.search.msn.com - - [02/Oct/2017:11:06:23 +0200] "GET / HTTP/1.1" 200 6440
msnbot-157-55-39-36.search.msn.com - - [02/Oct/2017:11:13:53 +0200] "GET / HTTP/1.1" 200 6440
195.141.126.4 - - [02/Oct/2017:11:32:53 +0200] "GET /flotte.shtml HTTP/1.1" 200 29241
50.226.197.178.dynamic.wless.zhbmb00p-cgnat.res.cust.swisscom.ch - - [02/Oct/2017:11:33:06 +0200] "GET / HTTP/1.1" 200 6401
50.226.197.178.dynamic.wless.zhbmb00p-cgnat.res.cust.swisscom.ch - - [02/Oct/2017:11:33:20 +0200] "GET /css/widgets/concat_widget.min.css?v=6.6.7.2.41064 HTTP/1.1" 200 24507
50.226.197.178.dynamic.wless.zhbmb00p-cgnat.res.cust.swisscom.ch - - [02/Oct/2017:11:33:20 +0200] "GET /templates/creator/m_f/fa/fa7/164/css/main.min.css?v=1483633820 HTTP/1.1" 200 1797
50.226.197.178.dynamic.wless.zhbmb00p-cgnat.res.cust.swisscom.ch - - [02/Oct/2017:11:33:20 +0200] "GET /templates/creator/m_f/fa/fa7/164/css/style.min.css?v=1483633820 HTTP/1.1" 200 847
50.226.197.178.dynamic.wless.zhbmb00p-cgnat.res.cust.swisscom.ch - - [02/Oct/2017:11:33:20 +0200] "GET /js/footer/get_deps.min.js?v=6.6.7.2.41064 HTTP/1.1" 200 157
50.226.197.178.dynamic.wless.zhbmb00p-cgnat.res.cust.swisscom.ch - - [02/Oct/2017:11:33:20 +0200] "GET /css/skeleton.css HTTP/1.1" 200 3511
50.226.197.178.dynamic.wless.zhbmb00p-cgnat.res.cust.swisscom.ch - - [02/Oct/2017:11:33:20 +0200] "GET /js/footer/build_social_entries.min.js?v=6.6.7.2.41064 HTTP/1.1" 200 278
50.226.197.178.dynamic.wless.zhbmb00p-cgnat.res.cust.swisscom.ch - - [02/Oct/2017:11:33:20 +0200] "GET /templates/creator/m_f/fa/fa7/164/assets/wp-menu.js?v=1483633820 HTTP/1.1" 200 1089
50.226.197.178.dynamic.wless.zhbmb00p-cgnat.res.cust.swisscom.ch - - [02/Oct/2017:11:33:20 +0200] "GET /templates/creator/m_f/fa/fa7/164/assets/respond.min.js?v=1483633820 HTTP/1.1" 200 2085
50.226.197.178.dynamic.wless.zhbmb00p-cgnat.res.cust.swisscom.ch - - [02/Oct/2017:11:33:20 +0200] "GET /templates/creator/m_f/fa/fa7/164/assets/slide.js?v=1483633820 HTTP/1.1" 200 662
50.226.197.178.dynamic.wless.zhbmb00p-cgnat.res.cust.swisscom.ch - - [02/Oct/2017:11:33:20 +0200] "GET /js/functions_stripped.js?v=6.6.7.2.41064 HTTP/1.1" 200 3186
50.226.197.178.dynamic.wless.zhbmb00p-cgnat.res.cust.swisscom.ch - - [02/Oct/2017:11:33:20 +0200] "GET /js/jquery.lazyload.min.js?v=6.6.7.2.41064 HTTP/1.1" 200 1283
50.226.197.178.dynamic.wless.zhbmb00p-cgnat.res.cust.swisscom.ch - - [02/Oct/2017:11:33:20 +0200] "GET /var/m_0/0d/0dd/12455/143351-Header_Segelschule.jpg HTTP/1.1" 200 107532
50.226.197.178.dynamic.wless.zhbmb00p-cgnat.res.cust.swisscom.ch - - [02/Oct/2017:11:33:21 +0200] "GET /templates/creator/m_f/fa/fa7/164/assets/tab_l_bottom.png HTTP/1.1" 200 1751
50.226.197.178.dynamic.wless.zhbmb00p-cgnat.res.cust.swisscom.ch - - [02/Oct/2017:11:33:21 +0200] "GET /templates/creator/m_f/fa/fa7/164/assets/tab_m_bottom.png HTTP/1.1" 200 1000
50.226.197.178.dynamic.wless.zhbmb00p-cgnat.res.cust.swisscom.ch - - [02/Oct/2017:11:33:21 +0200] "GET /templates/creator/m_f/fa/fa7/164/assets/tab_b_bottom.png HTTP/1.1" 200 962
50.226.197.178.dynamic.wless.zhbmb00p-cgnat.res.cust.swisscom.ch - - [02/Oct/2017:11:33:21 +0200] "GET /templates/creator/m_f/fa/fa7/164/assets/bt_open.png HTTP/1.1" 200 2044
50.226.197.178.dynamic.wless.zhbmb00p-cgnat.res.cust.swisscom.ch - - [02/Oct/2017:11:33:21 +0200] "GET /templates/creator/m_f/fa/fa7/164/assets/bt_close.png HTTP/1.1" 200 2150
50.226.197.178.dynamic.wless.zhbmb00p-cgnat.res.cust.swisscom.ch - - [02/Oct/2017:11:33:21 +0200] "GET /templates/creator/m_f/fa/fa7/164/assets/tab_r_bottom.png HTTP/1.1" 200 1803
50.226.197.178.dynamic.wless.zhbmb00p-cgnat.res.cust.swisscom.ch - - [02/Oct/2017:11:33:21 +0200] "GET /var/m_0/0d/0dd/12455/6564603-SK_Tro_Head.jpg HTTP/1.1" 200 136780
50.226.197.178.dynamic.wless.zhbmb00p-cgnat.res.cust.swisscom.ch - - [02/Oct/2017:11:33:21 +0200] "GET /var/m_0/0d/0dd/12455/8254793-J70_Davos.w640.jpg HTTP/1.1" 200 77993
50.226.197.178.dynamic.wless.zhbmb00p-cgnat.res.cust.swisscom.ch - - [02/Oct/2017:11:33:21 +0200] "GET /var/m_0/0d/0dd/12455/8218280-65_Regatta.JPG HTTP/1.1" 200 192350
50.226.197.178.dynamic.wless.zhbmb00p-cgnat.res.cust.swisscom.ch - - [02/Oct/2017:11:33:21 +0200] "GET /var/m_0/0d/0dd/12455/7230972-19_Matchracing.jpg HTTP/1.1" 200 55347
50.226.197.178.dynamic.wless.zhbmb00p-cgnat.res.cust.swisscom.ch - - [02/Oct/2017:11:33:21 +0200] "GET /var/m_0/0d/0dd/12455/125493-13_Kurse.JPG HTTP/1.1" 200 70517
50.226.197.178.dynamic.wless.zhbmb00p-cgnat.res.cust.swisscom.ch - - [02/Oct/2017:11:33:22 +0200] "GET /var/m_0/0d/0dd/12455/125494-14_Vermietung.JPG HTTP/1.1" 200 95115
50.226.197.178.dynamic.wless.zhbmb00p-cgnat.res.cust.swisscom.ch - - [02/Oct/2017:11:33:22 +0200] "GET /var/m_0/0d/0dd/12455/125495-15_Event.JPG HTTP/1.1" 200 59088
50.226.197.178.dynamic.wless.zhbmb00p-cgnat.res.cust.swisscom.ch - - [02/Oct/2017:11:33:23 +0200] "GET /var/m_0/0d/0dd/12455/143586-SP_DK1.jpg HTTP/1.1" 200 3071
50.226.197.178.dynamic.wless.zhbmb00p-cgnat.res.cust.swisscom.ch - - [02/Oct/2017:11:33:23 +0200] "GET /var/m_0/0d/0dd/12455/143580-SP_Heierling1.jpg HTTP/1.1" 200 2613
50.226.197.178.dynamic.wless.zhbmb00p-cgnat.res.cust.swisscom.ch - - [02/Oct/2017:11:36:24 +0200] "GET /var/m_0/0d/0dd/12455/143584-SP_Lemm1.jpg HTTP/1.1" 200 2321
50.226.197.178.dynamic.wless.zhbmb00p-cgnat.res.cust.swisscom.ch - - [02/Oct/2017:11:36:24 +0200] "GET /var/m_0/0d/0dd/12455/143582-SP_Gipfel1.jpg HTTP/1.1" 200 2688
50.226.197.178.dynamic.wless.zhbmb00p-cgnat.res.cust.swisscom.ch - - [02/Oct/2017:11:36:24 +0200] "GET /var/m_0/0d/0dd/12455/8288159-EWD_rgb_pos.jpg HTTP/1.1" 200 207458
