188-163-75-2.broadband.kyivstar.net - - [27/Nov/2017:12:30:00 +0100] "GET / HTTP/1.1" 200 35804
188-163-75-2.broadband.kyivstar.net - - [27/Nov/2017:12:30:01 +0100] "GET / HTTP/1.1" 200 35804
crawl-66-249-64-27.googlebot.com - - [27/Nov/2017:12:38:31 +0100] "GET /robots.txt HTTP/1.1" 200 80
crawl-66-249-64-29.googlebot.com - - [27/Nov/2017:12:38:32 +0100] "GET /var/m_0/0d/0dd/12455/7445964-SK_Kentern.jpg HTTP/1.1" 304 -
hydrogen234.a.ahrefs.com - - [27/Nov/2017:12:43:58 +0100] "GET /event-gruppesmartkat.shtml HTTP/1.1" 200 5645
static-145.132.2.64.ip.telfort.nl - - [27/Nov/2017:12:46:26 +0100] "GET /events.shtml HTTP/1.1" 200 22514
static-145.132.2.64.ip.telfort.nl - - [27/Nov/2017:12:46:26 +0100] "GET / HTTP/1.1" 200 35804
static-145.132.2.64.ip.telfort.nl - - [27/Nov/2017:12:46:27 +0100] "GET /galerie.shtml HTTP/1.1" 200 22747
static-145.132.2.64.ip.telfort.nl - - [27/Nov/2017:12:46:28 +0100] "GET /vermietung.shtml HTTP/1.1" 200 25728
static-145.132.2.64.ip.telfort.nl - - [27/Nov/2017:12:46:27 +0100] "GET /kurse.shtml HTTP/1.1" 200 31031
static-145.132.2.64.ip.telfort.nl - - [27/Nov/2017:12:46:29 +0100] "GET /event-gruppesmartkat.shtml HTTP/1.1" 200 21256
static-145.132.2.64.ip.telfort.nl - - [27/Nov/2017:12:46:29 +0100] "GET /event-matchracing.shtml HTTP/1.1" 200 21251
static-145.132.2.64.ip.telfort.nl - - [27/Nov/2017:12:46:30 +0100] "GET /galerie-gruppesmartkat.shtml HTTP/1.1" 200 20574
static-145.132.2.64.ip.telfort.nl - - [27/Nov/2017:12:46:30 +0100] "GET /event-pedalo.shtml HTTP/1.1" 200 20248
static-145.132.2.64.ip.telfort.nl - - [27/Nov/2017:12:46:30 +0100] "GET /galerie-matchracing.shtml HTTP/1.1" 200 21704
static-145.132.2.64.ip.telfort.nl - - [27/Nov/2017:12:46:31 +0100] "GET /galerie-sktrophy-2015.shtml HTTP/1.1" 200 49420
static-145.132.2.64.ip.telfort.nl - - [27/Nov/2017:12:46:31 +0100] "GET /optikurse-2014.shtml HTTP/1.1" 200 26353
static-145.132.2.64.ip.telfort.nl - - [27/Nov/2017:12:46:31 +0100] "GET /galerie-sktrophy-2014.shtml HTTP/1.1" 200 29913
static-145.132.2.64.ip.telfort.nl - - [27/Nov/2017:12:46:32 +0100] "GET /kinder-segelkurs.shtml HTTP/1.1" 200 19898
static-145.132.2.64.ip.telfort.nl - - [27/Nov/2017:12:46:32 +0100] "GET /pruefungskurs.shtml HTTP/1.1" 200 23039
static-145.132.2.64.ip.telfort.nl - - [27/Nov/2017:12:46:33 +0100] "GET /segelkurs-jollesmartkat.shtml HTTP/1.1" 200 19993
static-145.132.2.64.ip.telfort.nl - - [27/Nov/2017:12:46:33 +0100] "GET /flotte.shtml HTTP/1.1" 200 29241
static-145.132.2.64.ip.telfort.nl - - [27/Nov/2017:12:46:33 +0100] "GET /segel-grundkurs.shtml HTTP/1.1" 200 21440
static-145.132.2.64.ip.telfort.nl - - [27/Nov/2017:12:46:33 +0100] "GET /smartkat-crashkurs.shtml HTTP/1.1" 200 17863
static-145.132.2.64.ip.telfort.nl - - [27/Nov/2017:12:46:34 +0100] "GET /js/functions_stripped.js?v=6.6.7.2.41064 HTTP/1.1" 200 7672
static-145.132.2.64.ip.telfort.nl - - [27/Nov/2017:12:46:34 +0100] "GET /Perspectiva.html? HTTP/1.1" 200 18069
static-145.132.2.64.ip.telfort.nl - - [27/Nov/2017:12:46:35 +0100] "GET /davosersee HTTP/1.1" 200 19505
static-145.132.2.64.ip.telfort.nl - - [27/Nov/2017:12:46:35 +0100] "GET /aktuelles-wetter HTTP/1.1" 200 18388
static-145.132.2.64.ip.telfort.nl - - [27/Nov/2017:12:46:35 +0100] "GET /js/jquery.lazyload.min.js?v=6.6.7.2.41064 HTTP/1.1" 200 3342
static-145.132.2.64.ip.telfort.nl - - [27/Nov/2017:12:46:35 +0100] "GET /js/).html(a);null==$( HTTP/1.1" 200 219
static-145.132.2.64.ip.telfort.nl - - [27/Nov/2017:12:46:35 +0100] "GET /event-gruppesmartkat HTTP/1.1" 200 21256
static-145.132.2.64.ip.telfort.nl - - [27/Nov/2017:12:46:36 +0100] "GET /event-pedalo HTTP/1.1" 200 20248
static-145.132.2.64.ip.telfort.nl - - [27/Nov/2017:12:46:36 +0100] "GET /event-matchracing HTTP/1.1" 200 21251
static-145.132.2.64.ip.telfort.nl - - [27/Nov/2017:12:46:36 +0100] "GET /events HTTP/1.1" 200 22514
static-145.132.2.64.ip.telfort.nl - - [27/Nov/2017:12:46:37 +0100] "GET /flotte HTTP/1.1" 200 29385
