crawl-66-249-64-28.googlebot.com - - [19/Nov/2017:01:14:29 +0100] "GET /robots.txt HTTP/1.1" 200 80
crawl-66-249-64-28.googlebot.com - - [19/Nov/2017:01:14:29 +0100] "GET /apple-app-site-association HTTP/1.1" 200 4296
crawl-66-249-64-29.googlebot.com - - [19/Nov/2017:01:14:33 +0100] "GET /.well-known/apple-app-site-association HTTP/1.1" 200 4297
crawl-66-249-64-28.googlebot.com - - [19/Nov/2017:01:14:36 +0100] "GET /.well-known/assetlinks.json HTTP/1.1" 200 4297
msnbot-157-55-39-255.search.msn.com - - [19/Nov/2017:01:20:22 +0100] "GET /var/m_0/0d/0dd/12455/125489-5_Pr%C3%BCfungskurs.JPG HTTP/1.1" 200 53669
crawl03.lp.007ac9.net - - [19/Nov/2017:01:22:22 +0100] "GET /robots.txt HTTP/1.0" 200 120
crawl03.lp.007ac9.net - - [19/Nov/2017:01:22:22 +0100] "GET / HTTP/1.1" 200 35804
crawl03.lp.007ac9.net - - [19/Nov/2017:01:22:25 +0100] "GET /galerie.shtml HTTP/1.1" 200 22747
crawl03.lp.007ac9.net - - [19/Nov/2017:01:22:27 +0100] "GET /kurse.shtml HTTP/1.1" 200 31031
crawl03.lp.007ac9.net - - [19/Nov/2017:01:22:30 +0100] "GET /vermietung.shtml HTTP/1.1" 200 25728
crawl03.lp.007ac9.net - - [19/Nov/2017:01:22:33 +0100] "GET /events.shtml HTTP/1.1" 200 22514
crawl03.lp.007ac9.net - - [19/Nov/2017:01:22:36 +0100] "GET /kinder-segelkurs.shtml HTTP/1.1" 200 19898
crawl03.lp.007ac9.net - - [19/Nov/2017:01:22:38 +0100] "GET /segelkurs-jollesmartkat.shtml HTTP/1.1" 200 19993
crawl03.lp.007ac9.net - - [19/Nov/2017:01:22:41 +0100] "GET /smartkat-crashkurs.shtml HTTP/1.1" 200 17863
crawl03.lp.007ac9.net - - [19/Nov/2017:01:22:43 +0100] "GET /segel-grundkurs.shtml HTTP/1.1" 200 21440
crawl03.lp.007ac9.net - - [19/Nov/2017:01:22:46 +0100] "GET /pruefungskurs.shtml HTTP/1.1" 200 23039
crawl03.lp.007ac9.net - - [19/Nov/2017:01:22:48 +0100] "GET /event-gruppesmartkat.shtml HTTP/1.1" 200 21256
crawl03.lp.007ac9.net - - [19/Nov/2017:01:22:50 +0100] "GET /event-matchracing.shtml HTTP/1.1" 200 21251
crawl03.lp.007ac9.net - - [19/Nov/2017:01:22:52 +0100] "GET /event-pedalo.shtml HTTP/1.1" 200 20248
x28.ch - - [19/Nov/2017:01:30:01 +0100] "GET /robots.txt HTTP/1.1" 200 120
x28.ch - - [19/Nov/2017:01:30:01 +0100] "GET / HTTP/1.1" 200 6440
