188-163-73-8.broadband.kyivstar.net - - [13/Dec/2017:05:21:12 +0100] "GET / HTTP/1.1" 200 35804
188-163-73-8.broadband.kyivstar.net - - [13/Dec/2017:05:21:16 +0100] "GET / HTTP/1.1" 200 35804
188-163-73-8.broadband.kyivstar.net - - [13/Dec/2017:05:21:17 +0100] "GET / HTTP/1.1" 200 35804
ip64.ip-54-36-24.eu - - [13/Dec/2017:05:30:36 +0100] "GET / HTTP/1.1" 200 35804
ip64.ip-54-36-24.eu - - [13/Dec/2017:05:30:37 +0100] "GET /aktuelles-wetter.shtml HTTP/1.1" 200 18388
ip64.ip-54-36-24.eu - - [13/Dec/2017:05:30:37 +0100] "GET /%C3%BCber-uns.shtml HTTP/1.1" 200 21862
ip64.ip-54-36-24.eu - - [13/Dec/2017:05:30:38 +0100] "GET /davosersee.shtml HTTP/1.1" 200 19505
ip64.ip-54-36-24.eu - - [13/Dec/2017:05:30:40 +0100] "GET /event-gruppesmartkat.shtml HTTP/1.1" 200 21256
ip64.ip-54-36-24.eu - - [13/Dec/2017:05:30:41 +0100] "GET /event-pedalo.shtml HTTP/1.1" 200 20248
ip64.ip-54-36-24.eu - - [13/Dec/2017:05:30:41 +0100] "GET /event-matchracing.shtml HTTP/1.1" 200 21251
ip64.ip-54-36-24.eu - - [13/Dec/2017:05:30:41 +0100] "GET /events.shtml HTTP/1.1" 200 22514
ip64.ip-54-36-24.eu - - [13/Dec/2017:05:30:42 +0100] "GET /galerie-gruppesmartkat.shtml HTTP/1.1" 200 20574
ip64.ip-54-36-24.eu - - [13/Dec/2017:05:30:42 +0100] "GET /flotte.shtml HTTP/1.1" 200 29241
ip64.ip-54-36-24.eu - - [13/Dec/2017:05:30:43 +0100] "GET /galerie-sktrophy-2014.shtml HTTP/1.1" 200 29913
ip64.ip-54-36-24.eu - - [13/Dec/2017:05:30:43 +0100] "GET /galerie-matchracing.shtml HTTP/1.1" 200 21704
ip64.ip-54-36-24.eu - - [13/Dec/2017:05:30:43 +0100] "GET /galerie-sktrophy-2015.shtml HTTP/1.1" 200 49420
ip64.ip-54-36-24.eu - - [13/Dec/2017:05:30:44 +0100] "GET /kinder-segelkurs.shtml HTTP/1.1" 200 19898
ip64.ip-54-36-24.eu - - [13/Dec/2017:05:30:44 +0100] "GET /kursanmeldung.shtml HTTP/1.1" 200 49926
ip64.ip-54-36-24.eu - - [13/Dec/2017:05:30:44 +0100] "GET /galerie.shtml HTTP/1.1" 200 22747
ip64.ip-54-36-24.eu - - [13/Dec/2017:05:30:44 +0100] "GET /kurse.shtml HTTP/1.1" 200 31031
ip64.ip-54-36-24.eu - - [13/Dec/2017:05:30:45 +0100] "GET /segel-grundkurs.shtml HTTP/1.1" 200 21440
ip64.ip-54-36-24.eu - - [13/Dec/2017:05:30:45 +0100] "GET /pruefungskurs.shtml HTTP/1.1" 200 23039
ip64.ip-54-36-24.eu - - [13/Dec/2017:05:30:45 +0100] "GET /optikurse-2014.shtml HTTP/1.1" 200 26353
ip64.ip-54-36-24.eu - - [13/Dec/2017:05:30:45 +0100] "GET /segelkurs-jollesmartkat.shtml HTTP/1.1" 200 19993
ip64.ip-54-36-24.eu - - [13/Dec/2017:05:30:46 +0100] "GET /standort.shtml HTTP/1.1" 200 17547
ip64.ip-54-36-24.eu - - [13/Dec/2017:05:30:46 +0100] "GET /vermietung.shtml HTTP/1.1" 200 25728
ip64.ip-54-36-24.eu - - [13/Dec/2017:05:30:46 +0100] "GET /js/functions_stripped.js?v=6.6.7.2.41064 HTTP/1.1" 200 7672
ip64.ip-54-36-24.eu - - [13/Dec/2017:05:30:46 +0100] "GET /smartkat-crashkurs.shtml HTTP/1.1" 200 17863
ip64.ip-54-36-24.eu - - [13/Dec/2017:05:30:47 +0100] "GET /Perspectiva.html? HTTP/1.1" 200 18069
ip64.ip-54-36-24.eu - - [13/Dec/2017:05:30:47 +0100] "GET /aktuelles-wetter HTTP/1.1" 200 18388
ip64.ip-54-36-24.eu - - [13/Dec/2017:05:30:47 +0100] "GET /js/jquery.lazyload.min.js?v=6.6.7.2.41064 HTTP/1.1" 200 3342
hydrogen051.a.ahrefs.com - - [13/Dec/2017:05:43:18 +0100] "GET /var/m_0/0d/0dd/12455/143519-G2_Optikurs2014_14.JPG HTTP/1.1" 200 71703
188-163-73-8.broadband.kyivstar.net - - [13/Dec/2017:05:47:55 +0100] "GET / HTTP/1.1" 200 35804
188-163-73-8.broadband.kyivstar.net - - [13/Dec/2017:05:47:56 +0100] "GET / HTTP/1.1" 200 35804
188-163-73-8.broadband.kyivstar.net - - [13/Dec/2017:05:47:56 +0100] "GET / HTTP/1.1" 200 35804
