msnbot-207-46-13-91.search.msn.com - - [24/Nov/2017:23:04:59 +0100] "GET /var/m_0/0d/0dd/12455/125498-31_Sprinto.JPG HTTP/1.1" 200 60889
crawl-66-249-64-28.googlebot.com - - [24/Nov/2017:23:06:14 +0100] "GET /var/m_0/0d/0dd/12455/125488-4_Grundkurs.JPG HTTP/1.1" 304 -
p549ABBC0.dip0.t-ipconnect.de - - [24/Nov/2017:23:16:26 +0100] "GET /kurse HTTP/1.1" 200 6252
p549ABBC0.dip0.t-ipconnect.de - - [24/Nov/2017:23:16:27 +0100] "GET /css/widgets/concat_widget.min.css?v=6.6.7.2.41064 HTTP/1.1" 200 24507
p549ABBC0.dip0.t-ipconnect.de - - [24/Nov/2017:23:16:27 +0100] "GET /js/footer/get_deps.min.js?v=6.6.7.2.41064 HTTP/1.1" 200 157
p549ABBC0.dip0.t-ipconnect.de - - [24/Nov/2017:23:16:27 +0100] "GET /templates/creator/m_f/fa/fa7/164/css/main.min.css?v=1483633820 HTTP/1.1" 200 1797
p549ABBC0.dip0.t-ipconnect.de - - [24/Nov/2017:23:16:27 +0100] "GET /css/skeleton.css HTTP/1.1" 200 3511
p549ABBC0.dip0.t-ipconnect.de - - [24/Nov/2017:23:16:27 +0100] "GET /js/footer/build_social_entries.min.js?v=6.6.7.2.41064 HTTP/1.1" 200 278
p549ABBC0.dip0.t-ipconnect.de - - [24/Nov/2017:23:16:27 +0100] "GET /templates/creator/m_f/fa/fa7/164/assets/wp-menu.js?v=1483633820 HTTP/1.1" 200 1089
p549ABBC0.dip0.t-ipconnect.de - - [24/Nov/2017:23:16:27 +0100] "GET /templates/creator/m_f/fa/fa7/164/assets/respond.min.js?v=1483633820 HTTP/1.1" 200 2085
p549ABBC0.dip0.t-ipconnect.de - - [24/Nov/2017:23:16:27 +0100] "GET /templates/creator/m_f/fa/fa7/164/assets/slide.js?v=1483633820 HTTP/1.1" 200 662
p549ABBC0.dip0.t-ipconnect.de - - [24/Nov/2017:23:16:27 +0100] "GET /js/jquery.lazyload.min.js?v=6.6.7.2.41064 HTTP/1.1" 200 1283
p549ABBC0.dip0.t-ipconnect.de - - [24/Nov/2017:23:16:27 +0100] "GET /js/functions_stripped.js?v=6.6.7.2.41064 HTTP/1.1" 200 3186
p549ABBC0.dip0.t-ipconnect.de - - [24/Nov/2017:23:16:27 +0100] "GET /var/m_0/0d/0dd/12455/143352-Header_Segelschule_2.jpg HTTP/1.1" 200 107532
p549ABBC0.dip0.t-ipconnect.de - - [24/Nov/2017:23:16:27 +0100] "GET /templates/creator/m_f/fa/fa7/164/assets/tab_b_bottom.png HTTP/1.1" 200 962
p549ABBC0.dip0.t-ipconnect.de - - [24/Nov/2017:23:16:27 +0100] "GET /templates/creator/m_f/fa/fa7/164/assets/tab_l_bottom.png HTTP/1.1" 200 1751
p549ABBC0.dip0.t-ipconnect.de - - [24/Nov/2017:23:16:27 +0100] "GET /templates/creator/m_f/fa/fa7/164/assets/tab_m_bottom.png HTTP/1.1" 200 1000
p549ABBC0.dip0.t-ipconnect.de - - [24/Nov/2017:23:16:27 +0100] "GET /templates/creator/m_f/fa/fa7/164/assets/bt_open.png HTTP/1.1" 200 2044
p549ABBC0.dip0.t-ipconnect.de - - [24/Nov/2017:23:16:27 +0100] "GET /templates/creator/m_f/fa/fa7/164/assets/tab_r_bottom.png HTTP/1.1" 200 1803
p549ABBC0.dip0.t-ipconnect.de - - [24/Nov/2017:23:16:27 +0100] "GET /var/m_0/0d/0dd/12455/8010562-7_Plauschsegeln.JPG HTTP/1.1" 200 189182
p549ABBC0.dip0.t-ipconnect.de - - [24/Nov/2017:23:16:27 +0100] "GET /var/m_0/0d/0dd/12455/125485-1_Kinderkurs.JPG HTTP/1.1" 200 64975
p549ABBC0.dip0.t-ipconnect.de - - [24/Nov/2017:23:16:27 +0100] "GET /var/m_0/0d/0dd/12455/125486-2_Sportkurs.JPG HTTP/1.1" 200 69000
p549ABBC0.dip0.t-ipconnect.de - - [24/Nov/2017:23:16:27 +0100] "GET /var/m_0/0d/0dd/12455/125487-3_SKCrashkurs.JPG HTTP/1.1" 200 80503
p549ABBC0.dip0.t-ipconnect.de - - [24/Nov/2017:23:16:27 +0100] "GET /var/m_0/0d/0dd/12455/125488-4_Grundkurs.JPG HTTP/1.1" 200 77496
p549ABBC0.dip0.t-ipconnect.de - - [24/Nov/2017:23:16:27 +0100] "GET /var/m_0/0d/0dd/12455/125489-5_Pr%C3%BCfungskurs.JPG HTTP/1.1" 200 53669
p549ABBC0.dip0.t-ipconnect.de - - [24/Nov/2017:23:16:27 +0100] "GET /var/m_0/0d/0dd/12455/125503-36_420er.jpg HTTP/1.1" 200 61172
p549ABBC0.dip0.t-ipconnect.de - - [24/Nov/2017:23:16:27 +0100] "GET /var/m_0/0d/0dd/12455/126374-6_Schnupperkurs.JPG HTTP/1.1" 200 53584
p549ABBC0.dip0.t-ipconnect.de - - [24/Nov/2017:23:16:27 +0100] "GET /templates/creator/m_f/fa/fa7/164/css/style.min.css?v=1483633820 HTTP/1.1" 200 847
