179.37.1.85.dynamic.wline.res.cust.swisscom.ch - - [26/Sep/2017:17:00:36 +0200] "GET /vermietung HTTP/1.1" 200 5100
179.37.1.85.dynamic.wline.res.cust.swisscom.ch - - [26/Sep/2017:17:00:37 +0200] "GET /css/widgets/concat_widget.min.css?v=6.6.7.2.41064 HTTP/1.1" 200 24507
179.37.1.85.dynamic.wline.res.cust.swisscom.ch - - [26/Sep/2017:17:00:37 +0200] "GET /templates/creator/m_f/fa/fa7/164/css/main.min.css?v=1483633820 HTTP/1.1" 200 1797
179.37.1.85.dynamic.wline.res.cust.swisscom.ch - - [26/Sep/2017:17:00:37 +0200] "GET /templates/creator/m_f/fa/fa7/164/css/style.min.css?v=1483633820 HTTP/1.1" 200 847
179.37.1.85.dynamic.wline.res.cust.swisscom.ch - - [26/Sep/2017:17:00:37 +0200] "GET /js/footer/get_deps.min.js?v=6.6.7.2.41064 HTTP/1.1" 200 157
179.37.1.85.dynamic.wline.res.cust.swisscom.ch - - [26/Sep/2017:17:00:37 +0200] "GET /css/skeleton.css HTTP/1.1" 200 3511
179.37.1.85.dynamic.wline.res.cust.swisscom.ch - - [26/Sep/2017:17:00:37 +0200] "GET /templates/creator/m_f/fa/fa7/164/assets/respond.min.js?v=1483633820 HTTP/1.1" 200 2085
179.37.1.85.dynamic.wline.res.cust.swisscom.ch - - [26/Sep/2017:17:00:37 +0200] "GET /templates/creator/m_f/fa/fa7/164/assets/wp-menu.js?v=1483633820 HTTP/1.1" 200 1089
179.37.1.85.dynamic.wline.res.cust.swisscom.ch - - [26/Sep/2017:17:00:37 +0200] "GET /js/functions_stripped.js?v=6.6.7.2.41064 HTTP/1.1" 200 3186
179.37.1.85.dynamic.wline.res.cust.swisscom.ch - - [26/Sep/2017:17:00:37 +0200] "GET /templates/creator/m_f/fa/fa7/164/assets/slide.js?v=1483633820 HTTP/1.1" 200 662
179.37.1.85.dynamic.wline.res.cust.swisscom.ch - - [26/Sep/2017:17:00:37 +0200] "GET /js/jquery.lazyload.min.js?v=6.6.7.2.41064 HTTP/1.1" 200 1283
179.37.1.85.dynamic.wline.res.cust.swisscom.ch - - [26/Sep/2017:17:00:37 +0200] "GET /templates/resellers/7/favicon.ico?v=1506296826 HTTP/1.1" 200 4286
179.37.1.85.dynamic.wline.res.cust.swisscom.ch - - [26/Sep/2017:17:00:37 +0200] "GET /var/m_0/0d/0dd/12455/143352-Header_Segelschule_2.jpg HTTP/1.1" 200 107532
179.37.1.85.dynamic.wline.res.cust.swisscom.ch - - [26/Sep/2017:17:00:37 +0200] "GET /var/m_0/0d/0dd/12455/125500-33_Opti.jpg HTTP/1.1" 200 104538
179.37.1.85.dynamic.wline.res.cust.swisscom.ch - - [26/Sep/2017:17:00:37 +0200] "GET /var/m_0/0d/0dd/12455/125499-32_Smartkat.JPG HTTP/1.1" 200 60966
179.37.1.85.dynamic.wline.res.cust.swisscom.ch - - [26/Sep/2017:17:00:37 +0200] "GET /var/m_0/0d/0dd/12455/7441141-37_Pedalo.jpg HTTP/1.1" 200 195132
179.37.1.85.dynamic.wline.res.cust.swisscom.ch - - [26/Sep/2017:17:00:37 +0200] "GET /var/m_0/0d/0dd/12455/125501-34_Laser.jpg HTTP/1.1" 200 52750
179.37.1.85.dynamic.wline.res.cust.swisscom.ch - - [26/Sep/2017:17:00:37 +0200] "GET /var/m_0/0d/0dd/12455/125498-31_Sprinto.JPG HTTP/1.1" 200 60889
179.37.1.85.dynamic.wline.res.cust.swisscom.ch - - [26/Sep/2017:17:00:37 +0200] "GET /js/footer/build_social_entries.min.js?v=6.6.7.2.41064 HTTP/1.1" 200 278
msnbot-207-46-13-73.search.msn.com - - [26/Sep/2017:17:16:43 +0200] "GET /robots.txt HTTP/1.1" 200 80
216.244.66.229 - - [26/Sep/2017:17:21:45 +0200] "GET /robots.txt HTTP/1.1" 200 120
carbon172.a.ahrefs.com - - [26/Sep/2017:17:39:43 +0200] "GET /robots.txt HTTP/1.1" 200 80
hydrogen012.a.ahrefs.com - - [26/Sep/2017:17:39:44 +0200] "GET / HTTP/1.1" 200 6440
105.189.184.35.bc.googleusercontent.com - - [26/Sep/2017:17:58:13 +0200] "GET /robots.txt HTTP/1.1" 200 80
