msnbot-157-55-39-51.search.msn.com - - [10/Dec/2017:05:04:21 +0100] "GET /robots.txt HTTP/1.1" 200 80
crawl-66-249-64-28.googlebot.com - - [10/Dec/2017:05:04:57 +0100] "GET / HTTP/1.1" 200 6440
crawl-66-249-64-28.googlebot.com - - [10/Dec/2017:05:05:17 +0100] "GET /templates/creator/m_f/fa/fa7/164/css/main.min.css?v=1483633820 HTTP/1.1" 200 1797
crawl-66-249-64-28.googlebot.com - - [10/Dec/2017:05:05:17 +0100] "GET /templates/creator/m_f/fa/fa7/164/css/style.min.css?v=1483633820 HTTP/1.1" 200 847
msnbot-157-55-39-94.search.msn.com - - [10/Dec/2017:05:09:30 +0100] "GET /var/m_0/0d/0dd/12455/125494-14_Vermietung.JPG HTTP/1.1" 200 95115
176-8-89-80.broadband.kyivstar.net - - [10/Dec/2017:05:11:37 +0100] "GET / HTTP/1.1" 200 35804
176-8-89-80.broadband.kyivstar.net - - [10/Dec/2017:05:11:37 +0100] "GET /wp-includes/wlwmanifest.xml HTTP/1.1" 200 18205
176-8-89-80.broadband.kyivstar.net - - [10/Dec/2017:05:11:38 +0100] "GET /xmlrpc.php?rsd HTTP/1.1" 200 18205
176-8-89-80.broadband.kyivstar.net - - [10/Dec/2017:05:11:38 +0100] "GET / HTTP/1.1" 200 35804
176-8-89-80.broadband.kyivstar.net - - [10/Dec/2017:05:11:38 +0100] "GET /blog/wp-includes/wlwmanifest.xml HTTP/1.1" 200 16979
176-8-89-80.broadband.kyivstar.net - - [10/Dec/2017:05:11:38 +0100] "GET /wordpress/wp-includes/wlwmanifest.xml HTTP/1.1" 200 18205
176-8-89-80.broadband.kyivstar.net - - [10/Dec/2017:05:11:38 +0100] "GET /wp/wp-includes/wlwmanifest.xml HTTP/1.1" 200 18205
176-8-89-80.broadband.kyivstar.net - - [10/Dec/2017:05:11:38 +0100] "GET /site/wp-includes/wlwmanifest.xml HTTP/1.1" 200 18205
176-8-89-80.broadband.kyivstar.net - - [10/Dec/2017:05:11:38 +0100] "GET /cms/wp-includes/wlwmanifest.xml HTTP/1.1" 200 18205
hydrogen164.a.ahrefs.com - - [10/Dec/2017:05:14:46 +0100] "GET /var/m_0/0d/0dd/12455/6564738-G3_SKT2015_62.jpg HTTP/1.1" 200 114801
188-163-73-8.broadband.kyivstar.net - - [10/Dec/2017:05:37:01 +0100] "GET / HTTP/1.1" 200 35804
188-163-73-8.broadband.kyivstar.net - - [10/Dec/2017:05:37:01 +0100] "GET / HTTP/1.1" 200 35804
188-163-73-8.broadband.kyivstar.net - - [10/Dec/2017:05:37:02 +0100] "GET / HTTP/1.1" 200 35804
134-249-52-116.broadband.kyivstar.net - - [10/Dec/2017:05:54:43 +0100] "GET / HTTP/1.1" 200 35804
134-249-52-116.broadband.kyivstar.net - - [10/Dec/2017:05:54:44 +0100] "GET / HTTP/1.1" 200 35804
crawl-66-249-64-29.googlebot.com - - [10/Dec/2017:05:59:32 +0100] "GET /templates/resellers/7/favicon.ico?v=1506147164 HTTP/1.1" 200 4286
