crawl17.lp.007ac9.net - - [08/Oct/2017:04:00:55 +0200] "GET /robots.txt HTTP/1.0" 200 120
crawl17.lp.007ac9.net - - [08/Oct/2017:04:00:55 +0200] "GET / HTTP/1.1" 200 35804
crawl17.lp.007ac9.net - - [08/Oct/2017:04:00:58 +0200] "GET /galerie.shtml HTTP/1.1" 200 22747
crawl17.lp.007ac9.net - - [08/Oct/2017:04:01:00 +0200] "GET /kurse.shtml HTTP/1.1" 200 31031
crawl17.lp.007ac9.net - - [08/Oct/2017:04:01:03 +0200] "GET /vermietung.shtml HTTP/1.1" 200 25728
crawl17.lp.007ac9.net - - [08/Oct/2017:04:01:05 +0200] "GET /events.shtml HTTP/1.1" 200 22514
crawl17.lp.007ac9.net - - [08/Oct/2017:04:01:07 +0200] "GET /kinder-segelkurs.shtml HTTP/1.1" 200 19898
crawl17.lp.007ac9.net - - [08/Oct/2017:04:01:09 +0200] "GET /segelkurs-jollesmartkat.shtml HTTP/1.1" 200 19993
crawl17.lp.007ac9.net - - [08/Oct/2017:04:01:11 +0200] "GET /smartkat-crashkurs.shtml HTTP/1.1" 200 17863
crawl17.lp.007ac9.net - - [08/Oct/2017:04:01:13 +0200] "GET /segel-grundkurs.shtml HTTP/1.1" 200 21440
crawl17.lp.007ac9.net - - [08/Oct/2017:04:01:16 +0200] "GET /pruefungskurs.shtml HTTP/1.1" 200 23039
crawl17.lp.007ac9.net - - [08/Oct/2017:04:01:18 +0200] "GET /event-gruppesmartkat.shtml HTTP/1.1" 200 21256
crawl17.lp.007ac9.net - - [08/Oct/2017:04:01:20 +0200] "GET /event-matchracing.shtml HTTP/1.1" 200 21251
crawl17.lp.007ac9.net - - [08/Oct/2017:04:01:22 +0200] "GET /event-pedalo.shtml HTTP/1.1" 200 20248
baiduspider-180-76-15-15.crawl.baidu.com - - [08/Oct/2017:04:26:26 +0200] "GET /robots.txt HTTP/1.1" 200 80
baiduspider-180-76-15-22.crawl.baidu.com - - [08/Oct/2017:04:26:26 +0200] "GET /robots.txt HTTP/1.1" 200 80
baiduspider-180-76-15-150.crawl.baidu.com - - [08/Oct/2017:04:29:13 +0200] "GET /flotte HTTP/1.1" 200 6274
ec2-52-211-90-31.eu-west-1.compute.amazonaws.com - - [08/Oct/2017:04:38:48 +0200] "GET /davosersee HTTP/1.1" 200 5477
ec2-52-211-90-31.eu-west-1.compute.amazonaws.com - - [08/Oct/2017:04:39:21 +0200] "GET /kinder-segelkurs HTTP/1.1" 200 5172
ec2-52-211-90-31.eu-west-1.compute.amazonaws.com - - [08/Oct/2017:04:39:27 +0200] "GET /segelkurs-jollesmartkat HTTP/1.1" 200 5140
ec2-52-211-90-31.eu-west-1.compute.amazonaws.com - - [08/Oct/2017:04:39:28 +0200] "GET /smartkat-crashkurs HTTP/1.1" 200 4808
ec2-52-211-90-31.eu-west-1.compute.amazonaws.com - - [08/Oct/2017:04:39:29 +0200] "GET /segel-grundkurs HTTP/1.1" 200 5378
ec2-52-211-90-31.eu-west-1.compute.amazonaws.com - - [08/Oct/2017:04:39:45 +0200] "GET /pruefungskurs HTTP/1.1" 200 5895
ec2-52-211-90-31.eu-west-1.compute.amazonaws.com - - [08/Oct/2017:04:39:46 +0200] "GET /event-gruppesmartkat HTTP/1.1" 200 5645
ec2-52-211-90-31.eu-west-1.compute.amazonaws.com - - [08/Oct/2017:04:39:47 +0200] "GET /event-matchracing HTTP/1.1" 200 5634
ec2-52-211-90-31.eu-west-1.compute.amazonaws.com - - [08/Oct/2017:04:39:48 +0200] "GET /event-pedalo HTTP/1.1" 200 5342
ec2-52-211-90-31.eu-west-1.compute.amazonaws.com - - [08/Oct/2017:04:39:49 +0200] "GET /flotte HTTP/1.1" 200 6274
ec2-52-211-90-31.eu-west-1.compute.amazonaws.com - - [08/Oct/2017:04:39:50 +0200] "GET /galerie-matchracing HTTP/1.1" 200 4859
ec2-52-211-90-31.eu-west-1.compute.amazonaws.com - - [08/Oct/2017:04:39:50 +0200] "GET /galerie-sktrophy-2015 HTTP/1.1" 200 5939
ec2-52-211-90-31.eu-west-1.compute.amazonaws.com - - [08/Oct/2017:04:39:51 +0200] "GET /galerie-gruppesmartkat HTTP/1.1" 200 4863
ec2-52-211-90-31.eu-west-1.compute.amazonaws.com - - [08/Oct/2017:04:39:52 +0200] "GET /optikurse-2014 HTTP/1.1" 200 4938
ec2-52-211-90-31.eu-west-1.compute.amazonaws.com - - [08/Oct/2017:04:39:52 +0200] "GET /galerie-sktrophy-2014 HTTP/1.1" 200 5044
ec2-52-211-90-31.eu-west-1.compute.amazonaws.com - - [08/Oct/2017:04:39:54 +0200] "GET /%C3%BCber-uns HTTP/1.1" 200 4741
ec2-52-211-90-31.eu-west-1.compute.amazonaws.com - - [08/Oct/2017:04:40:18 +0200] "GET /standort HTTP/1.1" 200 4717
ec2-52-211-90-31.eu-west-1.compute.amazonaws.com - - [08/Oct/2017:04:40:18 +0200] "GET /aktuelles-wetter HTTP/1.1" 200 4575
