ns1.sachild.co.za - - [08/Nov/2017:07:10:01 +0100] "GET //images/stories/explore.gif HTTP/1.1" 200 18205
WimaxUser36181-83.wateen.net - - [08/Nov/2017:07:18:19 +0100] "GET / HTTP/1.1" 200 6440
WimaxUser36181-83.wateen.net - - [08/Nov/2017:07:18:19 +0100] "GET /css/widgets/concat_widget.min.css?v=6.6.7.2.41064 HTTP/1.1" 200 24507
202-166-162-211.connectel.com.pk - - [08/Nov/2017:07:18:19 +0100] "GET /js/footer/build_social_entries.min.js?v=6.6.7.2.41064 HTTP/1.1" 200 278
WimaxUser36181-83.wateen.net - - [08/Nov/2017:07:18:19 +0100] "GET /css/skeleton.css HTTP/1.1" 200 3511
WimaxUser36181-83.wateen.net - - [08/Nov/2017:07:18:19 +0100] "GET /js/footer/get_deps.min.js?v=6.6.7.2.41064 HTTP/1.1" 200 157
WimaxUser36181-83.wateen.net - - [08/Nov/2017:07:18:19 +0100] "GET /templates/creator/m_f/fa/fa7/164/css/style.min.css?v=1483633820 HTTP/1.1" 200 847
202-166-162-211.connectel.com.pk - - [08/Nov/2017:07:18:19 +0100] "GET /templates/creator/m_f/fa/fa7/164/css/main.min.css?v=1483633820 HTTP/1.1" 200 1797
WimaxUser36181-83.wateen.net - - [08/Nov/2017:07:18:19 +0100] "GET /templates/creator/m_f/fa/fa7/164/assets/wp-menu.js?v=1483633820 HTTP/1.1" 200 1089
202-166-162-211.connectel.com.pk - - [08/Nov/2017:07:18:20 +0100] "GET /templates/creator/m_f/fa/fa7/164/assets/respond.min.js?v=1483633820 HTTP/1.1" 200 2085
WimaxUser36181-83.wateen.net - - [08/Nov/2017:07:18:20 +0100] "GET /js/jquery.lazyload.min.js?v=6.6.7.2.41064 HTTP/1.1" 200 1283
202-166-162-211.connectel.com.pk - - [08/Nov/2017:07:18:20 +0100] "GET /templates/creator/m_f/fa/fa7/164/assets/slide.js?v=1483633820 HTTP/1.1" 200 662
WimaxUser36181-83.wateen.net - - [08/Nov/2017:07:18:20 +0100] "GET /js/functions_stripped.js?v=6.6.7.2.41064 HTTP/1.1" 200 3186
WimaxUser36181-83.wateen.net - - [08/Nov/2017:07:18:21 +0100] "GET /var/m_0/0d/0dd/12455/6564603-SK_Tro_Head.jpg HTTP/1.1" 200 136780
202-166-162-211.connectel.com.pk - - [08/Nov/2017:07:18:21 +0100] "GET /var/m_0/0d/0dd/12455/7230972-19_Matchracing.jpg HTTP/1.1" 200 55347
WimaxUser36181-83.wateen.net - - [08/Nov/2017:07:18:21 +0100] "GET /var/m_0/0d/0dd/12455/125493-13_Kurse.JPG HTTP/1.1" 200 70517
WimaxUser36181-83.wateen.net - - [08/Nov/2017:07:18:21 +0100] "GET /var/m_0/0d/0dd/12455/8254793-J70_Davos.w1024.jpg HTTP/1.1" 200 191999
202-166-162-211.connectel.com.pk - - [08/Nov/2017:07:18:21 +0100] "GET /var/m_0/0d/0dd/12455/143351-Header_Segelschule.jpg HTTP/1.1" 200 107532
WimaxUser36181-83.wateen.net - - [08/Nov/2017:07:18:21 +0100] "GET /var/m_0/0d/0dd/12455/8218280-65_Regatta.JPG HTTP/1.1" 200 192350
WimaxUser36181-83.wateen.net - - [08/Nov/2017:07:18:22 +0100] "GET /var/m_0/0d/0dd/12455/143582-SP_Gipfel1.jpg HTTP/1.1" 200 2688
202-166-162-211.connectel.com.pk - - [08/Nov/2017:07:18:22 +0100] "GET /var/m_0/0d/0dd/12455/143580-SP_Heierling1.jpg HTTP/1.1" 200 2613
WimaxUser36181-83.wateen.net - - [08/Nov/2017:07:18:22 +0100] "GET /var/m_0/0d/0dd/12455/125494-14_Vermietung.JPG HTTP/1.1" 200 95115
WimaxUser36181-83.wateen.net - - [08/Nov/2017:07:18:22 +0100] "GET /var/m_0/0d/0dd/12455/143584-SP_Lemm1.jpg HTTP/1.1" 200 2321
WimaxUser36181-83.wateen.net - - [08/Nov/2017:07:18:22 +0100] "GET /var/m_0/0d/0dd/12455/143586-SP_DK1.jpg HTTP/1.1" 200 3071
202-166-162-211.connectel.com.pk - - [08/Nov/2017:07:18:22 +0100] "GET /var/m_0/0d/0dd/12455/125495-15_Event.JPG HTTP/1.1" 200 59088
WimaxUser36181-83.wateen.net - - [08/Nov/2017:07:18:22 +0100] "GET /var/m_0/0d/0dd/12455/8288159-EWD_rgb_pos.jpg HTTP/1.1" 200 207458
29-148-221-81.pool.dsl-net.ch - - [08/Nov/2017:07:25:29 +0100] "GET / HTTP/1.1" 200 6440
29-148-221-81.pool.dsl-net.ch - - [08/Nov/2017:07:25:30 +0100] "GET /W3SVC/?cid=f2949bab-240a-46ca-a455-6f504367ba7d&securityScanNoAttack HTTP/1.1" 200 18205
hydrogen252.a.ahrefs.com - - [08/Nov/2017:07:34:39 +0100] "GET /var/m_0/0d/0dd/12455/6564737-G3_SKT2015_61.jpg HTTP/1.1" 200 101297
chomsky.torservers.net - - [08/Nov/2017:07:35:03 +0100] "GET /utility/convert/index.php HTTP/1.1" 200 -
chomsky.torservers.net - - [08/Nov/2017:07:35:05 +0100] "GET / HTTP/1.1" 200 35804
b115379.yse.yahoo.net - - [08/Nov/2017:07:53:36 +0100] "GET /robots.txt HTTP/1.1" 200 120
b118839.yse.yahoo.net - - [08/Nov/2017:07:56:10 +0100] "GET /robots.txt HTTP/1.1" 200 120
b118839.yse.yahoo.net - - [08/Nov/2017:07:56:11 +0100] "GET /kurse.shtml HTTP/1.1" 200 6280
b118839.yse.yahoo.net - - [08/Nov/2017:07:56:13 +0100] "GET /pruefungskurs.shtml HTTP/1.1" 200 5895
b118839.yse.yahoo.net - - [08/Nov/2017:07:56:40 +0100] "GET / HTTP/1.1" 200 6440
b118839.yse.yahoo.net - - [08/Nov/2017:07:57:12 +0100] "GET /vermietung.shtml HTTP/1.1" 200 5099
msnbot-157-55-39-76.search.msn.com - - [08/Nov/2017:07:58:57 +0100] "GET / HTTP/1.1" 200 6440
