msnbot-40-77-167-77.search.msn.com - - [03/Nov/2017:23:42:47 +0100] "GET / HTTP/1.1" 200 6440
chomsky.torservers.net - - [03/Nov/2017:23:50:18 +0100] "GET /utility/convert/index.php HTTP/1.1" 200 -
tor3e1.digitale-gesellschaft.ch - - [03/Nov/2017:23:50:21 +0100] "GET / HTTP/1.1" 200 35804
msnbot-157-55-39-28.search.msn.com - - [03/Nov/2017:23:50:53 +0100] "GET /robots.txt HTTP/1.1" 200 80
msnbot-157-55-39-204.search.msn.com - - [03/Nov/2017:23:50:56 +0100] "GET /davosersee.shtml HTTP/1.1" 200 5477
p5796BD1C.dip0.t-ipconnect.de - - [03/Nov/2017:23:53:14 +0100] "GET /var/m_0/0d/0dd/12455/126374-6_Schnupperkurs.JPG HTTP/1.1" 200 53584
p5796BD1C.dip0.t-ipconnect.de - - [03/Nov/2017:23:53:42 +0100] "GET /kurse HTTP/1.1" 200 6252
p5796BD1C.dip0.t-ipconnect.de - - [03/Nov/2017:23:53:43 +0100] "GET /templates/creator/m_f/fa/fa7/164/css/main.min.css?v=1483633820 HTTP/1.1" 200 1797
p5796BD1C.dip0.t-ipconnect.de - - [03/Nov/2017:23:53:43 +0100] "GET /js/footer/build_social_entries.min.js?v=6.6.7.2.41064 HTTP/1.1" 200 278
p5796BD1C.dip0.t-ipconnect.de - - [03/Nov/2017:23:53:43 +0100] "GET /templates/creator/m_f/fa/fa7/164/assets/wp-menu.js?v=1483633820 HTTP/1.1" 200 1089
p5796BD1C.dip0.t-ipconnect.de - - [03/Nov/2017:23:53:43 +0100] "GET /templates/creator/m_f/fa/fa7/164/assets/respond.min.js?v=1483633820 HTTP/1.1" 200 2085
p5796BD1C.dip0.t-ipconnect.de - - [03/Nov/2017:23:53:43 +0100] "GET /js/functions_stripped.js?v=6.6.7.2.41064 HTTP/1.1" 200 3186
p5796BD1C.dip0.t-ipconnect.de - - [03/Nov/2017:23:53:43 +0100] "GET /js/jquery.lazyload.min.js?v=6.6.7.2.41064 HTTP/1.1" 200 1283
p5796BD1C.dip0.t-ipconnect.de - - [03/Nov/2017:23:53:43 +0100] "GET /templates/creator/m_f/fa/fa7/164/assets/tab_l_bottom.png HTTP/1.1" 200 1751
p5796BD1C.dip0.t-ipconnect.de - - [03/Nov/2017:23:53:43 +0100] "GET /templates/creator/m_f/fa/fa7/164/assets/tab_b_bottom.png HTTP/1.1" 200 962
p5796BD1C.dip0.t-ipconnect.de - - [03/Nov/2017:23:53:43 +0100] "GET /templates/creator/m_f/fa/fa7/164/assets/tab_m_bottom.png HTTP/1.1" 200 1000
p5796BD1C.dip0.t-ipconnect.de - - [03/Nov/2017:23:53:43 +0100] "GET /templates/creator/m_f/fa/fa7/164/assets/bt_open.png HTTP/1.1" 200 2044
p5796BD1C.dip0.t-ipconnect.de - - [03/Nov/2017:23:53:43 +0100] "GET /templates/creator/m_f/fa/fa7/164/assets/bt_close.png HTTP/1.1" 200 2150
p5796BD1C.dip0.t-ipconnect.de - - [03/Nov/2017:23:53:43 +0100] "GET /templates/creator/m_f/fa/fa7/164/assets/tab_r_bottom.png HTTP/1.1" 200 1803
p5796BD1C.dip0.t-ipconnect.de - - [03/Nov/2017:23:53:43 +0100] "GET /var/m_0/0d/0dd/12455/125485-1_Kinderkurs.JPG HTTP/1.1" 200 64975
p5796BD1C.dip0.t-ipconnect.de - - [03/Nov/2017:23:53:43 +0100] "GET /var/m_0/0d/0dd/12455/125486-2_Sportkurs.JPG HTTP/1.1" 200 69000
p5796BD1C.dip0.t-ipconnect.de - - [03/Nov/2017:23:53:43 +0100] "GET /var/m_0/0d/0dd/12455/125487-3_SKCrashkurs.JPG HTTP/1.1" 200 80503
p5796BD1C.dip0.t-ipconnect.de - - [03/Nov/2017:23:53:43 +0100] "GET /var/m_0/0d/0dd/12455/126374-6_Schnupperkurs.JPG HTTP/1.1" 200 53584
p5796BD1C.dip0.t-ipconnect.de - - [03/Nov/2017:23:53:43 +0100] "GET /var/m_0/0d/0dd/12455/125489-5_Pr%C3%BCfungskurs.JPG HTTP/1.1" 200 53669
p5796BD1C.dip0.t-ipconnect.de - - [03/Nov/2017:23:53:43 +0100] "GET /var/m_0/0d/0dd/12455/125503-36_420er.jpg HTTP/1.1" 200 61172
p5796BD1C.dip0.t-ipconnect.de - - [03/Nov/2017:23:53:43 +0100] "GET /css/widgets/concat_widget.min.css?v=6.6.7.2.41064 HTTP/1.1" 200 24507
p5796BD1C.dip0.t-ipconnect.de - - [03/Nov/2017:23:53:43 +0100] "GET /templates/creator/m_f/fa/fa7/164/css/style.min.css?v=1483633820 HTTP/1.1" 200 847
p5796BD1C.dip0.t-ipconnect.de - - [03/Nov/2017:23:53:43 +0100] "GET /css/skeleton.css HTTP/1.1" 200 3511
p5796BD1C.dip0.t-ipconnect.de - - [03/Nov/2017:23:53:43 +0100] "GET /templates/creator/m_f/fa/fa7/164/assets/slide.js?v=1483633820 HTTP/1.1" 200 662
p5796BD1C.dip0.t-ipconnect.de - - [03/Nov/2017:23:53:43 +0100] "GET /var/m_0/0d/0dd/12455/143352-Header_Segelschule_2.jpg HTTP/1.1" 200 107532
p5796BD1C.dip0.t-ipconnect.de - - [03/Nov/2017:23:53:43 +0100] "GET /var/m_0/0d/0dd/12455/8010562-7_Plauschsegeln.JPG HTTP/1.1" 200 189182
p5796BD1C.dip0.t-ipconnect.de - - [03/Nov/2017:23:53:43 +0100] "GET /var/m_0/0d/0dd/12455/125488-4_Grundkurs.JPG HTTP/1.1" 200 77496
p5796BD1C.dip0.t-ipconnect.de - - [03/Nov/2017:23:53:43 +0100] "GET /js/footer/get_deps.min.js?v=6.6.7.2.41064 HTTP/1.1" 200 157
msnbot-157-55-39-241.search.msn.com - - [03/Nov/2017:23:54:47 +0100] "GET / HTTP/1.1" 200 6440
p5796BD1C.dip0.t-ipconnect.de - - [03/Nov/2017:23:55:03 +0100] "GET /kurse HTTP/1.1" 200 6252
p5796BD1C.dip0.t-ipconnect.de - - [03/Nov/2017:23:55:03 +0100] "GET /var/m_0/0d/0dd/12455/143352-Header_Segelschule_2.jpg HTTP/1.1" 200 107532
p5796BD1C.dip0.t-ipconnect.de - - [03/Nov/2017:23:55:04 +0100] "GET /var/m_0/0d/0dd/12455/125485-1_Kinderkurs.JPG HTTP/1.1" 200 64975
p5796BD1C.dip0.t-ipconnect.de - - [03/Nov/2017:23:55:04 +0100] "GET /var/m_0/0d/0dd/12455/8010562-7_Plauschsegeln.JPG HTTP/1.1" 200 189182
p5796BD1C.dip0.t-ipconnect.de - - [03/Nov/2017:23:55:04 +0100] "GET /var/m_0/0d/0dd/12455/125487-3_SKCrashkurs.JPG HTTP/1.1" 200 80503
p5796BD1C.dip0.t-ipconnect.de - - [03/Nov/2017:23:55:04 +0100] "GET /var/m_0/0d/0dd/12455/125488-4_Grundkurs.JPG HTTP/1.1" 200 77496
p5796BD1C.dip0.t-ipconnect.de - - [03/Nov/2017:23:55:04 +0100] "GET /var/m_0/0d/0dd/12455/125503-36_420er.jpg HTTP/1.1" 200 61172
p5796BD1C.dip0.t-ipconnect.de - - [03/Nov/2017:23:55:04 +0100] "GET /var/m_0/0d/0dd/12455/125486-2_Sportkurs.JPG HTTP/1.1" 200 69000
p5796BD1C.dip0.t-ipconnect.de - - [03/Nov/2017:23:55:04 +0100] "GET /var/m_0/0d/0dd/12455/125489-5_Pr%C3%BCfungskurs.JPG HTTP/1.1" 200 53669
p5796BD1C.dip0.t-ipconnect.de - - [03/Nov/2017:23:55:04 +0100] "GET /var/m_0/0d/0dd/12455/126374-6_Schnupperkurs.JPG HTTP/1.1" 200 53584
127.148.104.92.dynamic.wline.res.cust.swisscom.ch - - [03/Nov/2017:23:57:27 +0100] "GET /js/footer/get_deps.min.js?v=6.6.7.2.41064 HTTP/1.1" 200 157
127.148.104.92.dynamic.wline.res.cust.swisscom.ch - - [03/Nov/2017:23:57:27 +0100] "GET /flotte HTTP/1.1" 200 6249
127.148.104.92.dynamic.wline.res.cust.swisscom.ch - - [03/Nov/2017:23:57:27 +0100] "GET /css/widgets/concat_widget.min.css?v=6.6.7.2.41064 HTTP/1.1" 200 24507
127.148.104.92.dynamic.wline.res.cust.swisscom.ch - - [03/Nov/2017:23:57:27 +0100] "GET /js/footer/build_social_entries.min.js?v=6.6.7.2.41064 HTTP/1.1" 200 278
127.148.104.92.dynamic.wline.res.cust.swisscom.ch - - [03/Nov/2017:23:57:27 +0100] "GET /templates/creator/m_f/fa/fa7/164/css/style.min.css?v=1483633820 HTTP/1.1" 200 847
127.148.104.92.dynamic.wline.res.cust.swisscom.ch - - [03/Nov/2017:23:57:27 +0100] "GET /templates/creator/m_f/fa/fa7/164/assets/wp-menu.js?v=1483633820 HTTP/1.1" 200 1089
127.148.104.92.dynamic.wline.res.cust.swisscom.ch - - [03/Nov/2017:23:57:27 +0100] "GET /templates/creator/m_f/fa/fa7/164/css/main.min.css?v=1483633820 HTTP/1.1" 200 1797
127.148.104.92.dynamic.wline.res.cust.swisscom.ch - - [03/Nov/2017:23:57:27 +0100] "GET /templates/creator/m_f/fa/fa7/164/assets/respond.min.js?v=1483633820 HTTP/1.1" 200 2085
127.148.104.92.dynamic.wline.res.cust.swisscom.ch - - [03/Nov/2017:23:57:27 +0100] "GET /templates/creator/m_f/fa/fa7/164/assets/slide.js?v=1483633820 HTTP/1.1" 200 662
127.148.104.92.dynamic.wline.res.cust.swisscom.ch - - [03/Nov/2017:23:57:27 +0100] "GET /js/functions_stripped.js?v=6.6.7.2.41064 HTTP/1.1" 200 3186
127.148.104.92.dynamic.wline.res.cust.swisscom.ch - - [03/Nov/2017:23:57:27 +0100] "GET /js/jquery.lazyload.min.js?v=6.6.7.2.41064 HTTP/1.1" 200 1283
127.148.104.92.dynamic.wline.res.cust.swisscom.ch - - [03/Nov/2017:23:57:27 +0100] "GET /var/m_0/0d/0dd/12455/143352-Header_Segelschule_2.jpg HTTP/1.1" 200 107532
127.148.104.92.dynamic.wline.res.cust.swisscom.ch - - [03/Nov/2017:23:57:27 +0100] "GET /css/skeleton.css HTTP/1.1" 200 3511
127.148.104.92.dynamic.wline.res.cust.swisscom.ch - - [03/Nov/2017:23:57:28 +0100] "GET /templates/creator/m_f/fa/fa7/164/assets/tab_l_bottom.png HTTP/1.1" 200 1751
127.148.104.92.dynamic.wline.res.cust.swisscom.ch - - [03/Nov/2017:23:57:28 +0100] "GET /templates/creator/m_f/fa/fa7/164/assets/tab_b_bottom.png HTTP/1.1" 200 962
127.148.104.92.dynamic.wline.res.cust.swisscom.ch - - [03/Nov/2017:23:57:28 +0100] "GET /templates/creator/m_f/fa/fa7/164/assets/bt_close.png HTTP/1.1" 200 2150
127.148.104.92.dynamic.wline.res.cust.swisscom.ch - - [03/Nov/2017:23:57:28 +0100] "GET /templates/creator/m_f/fa/fa7/164/assets/tab_r_bottom.png HTTP/1.1" 200 1803
127.148.104.92.dynamic.wline.res.cust.swisscom.ch - - [03/Nov/2017:23:57:28 +0100] "GET /var/m_0/0d/0dd/12455/125499-32_Smartkat.JPG HTTP/1.1" 200 60966
127.148.104.92.dynamic.wline.res.cust.swisscom.ch - - [03/Nov/2017:23:57:28 +0100] "GET /var/m_0/0d/0dd/12455/125500-33_Opti.jpg HTTP/1.1" 200 104538
127.148.104.92.dynamic.wline.res.cust.swisscom.ch - - [03/Nov/2017:23:57:28 +0100] "GET /var/m_0/0d/0dd/12455/125501-34_Laser.jpg HTTP/1.1" 200 52750
127.148.104.92.dynamic.wline.res.cust.swisscom.ch - - [03/Nov/2017:23:57:28 +0100] "GET /var/m_0/0d/0dd/12455/7441200-35_Finn4.jpg HTTP/1.1" 200 211101
127.148.104.92.dynamic.wline.res.cust.swisscom.ch - - [03/Nov/2017:23:57:28 +0100] "GET /var/m_0/0d/0dd/12455/7441141-37_Pedalo.jpg HTTP/1.1" 200 195132
127.148.104.92.dynamic.wline.res.cust.swisscom.ch - - [03/Nov/2017:23:57:28 +0100] "GET /templates/resellers/7/favicon.ico?v=1506651681 HTTP/1.1" 200 4286
127.148.104.92.dynamic.wline.res.cust.swisscom.ch - - [03/Nov/2017:23:57:28 +0100] "GET /templates/creator/m_f/fa/fa7/164/assets/bt_open.png HTTP/1.1" 200 2044
127.148.104.92.dynamic.wline.res.cust.swisscom.ch - - [03/Nov/2017:23:57:28 +0100] "GET /templates/creator/m_f/fa/fa7/164/assets/tab_m_bottom.png HTTP/1.1" 200 1000
127.148.104.92.dynamic.wline.res.cust.swisscom.ch - - [03/Nov/2017:23:57:28 +0100] "GET /var/m_0/0d/0dd/12455/125498-31_Sprinto.JPG HTTP/1.1" 200 60889
127.148.104.92.dynamic.wline.res.cust.swisscom.ch - - [03/Nov/2017:23:57:28 +0100] "GET /var/m_0/0d/0dd/12455/125503-36_420er.jpg HTTP/1.1" 200 61172
