78.208.18.95.dynamic.jazztel.es - - [17/Nov/2017:21:23:55 +0100] "GET / HTTP/1.1" 200 35804
78.208.18.95.dynamic.jazztel.es - - [17/Nov/2017:21:23:56 +0100] "GET /events.shtml HTTP/1.1" 200 22514
78.208.18.95.dynamic.jazztel.es - - [17/Nov/2017:21:23:57 +0100] "GET /kurse.shtml HTTP/1.1" 200 31031
78.208.18.95.dynamic.jazztel.es - - [17/Nov/2017:21:23:57 +0100] "GET /galerie.shtml HTTP/1.1" 200 22747
78.208.18.95.dynamic.jazztel.es - - [17/Nov/2017:21:23:58 +0100] "GET /event-gruppesmartkat.shtml HTTP/1.1" 200 21256
78.208.18.95.dynamic.jazztel.es - - [17/Nov/2017:21:23:58 +0100] "GET /event-pedalo.shtml HTTP/1.1" 200 20248
78.208.18.95.dynamic.jazztel.es - - [17/Nov/2017:21:23:58 +0100] "GET /vermietung.shtml HTTP/1.1" 200 25728
78.208.18.95.dynamic.jazztel.es - - [17/Nov/2017:21:23:58 +0100] "GET /event-matchracing.shtml HTTP/1.1" 200 21251
78.208.18.95.dynamic.jazztel.es - - [17/Nov/2017:21:23:59 +0100] "GET /galerie-gruppesmartkat.shtml HTTP/1.1" 200 20574
78.208.18.95.dynamic.jazztel.es - - [17/Nov/2017:21:23:59 +0100] "GET /galerie-matchracing.shtml HTTP/1.1" 200 21704
78.208.18.95.dynamic.jazztel.es - - [17/Nov/2017:21:23:59 +0100] "GET /galerie-sktrophy-2014.shtml HTTP/1.1" 200 29913
78.208.18.95.dynamic.jazztel.es - - [17/Nov/2017:21:24:00 +0100] "GET /galerie-sktrophy-2015.shtml HTTP/1.1" 200 49420
78.208.18.95.dynamic.jazztel.es - - [17/Nov/2017:21:24:01 +0100] "GET /optikurse-2014.shtml HTTP/1.1" 200 26353
78.208.18.95.dynamic.jazztel.es - - [17/Nov/2017:21:24:01 +0100] "GET /kinder-segelkurs.shtml HTTP/1.1" 200 19898
78.208.18.95.dynamic.jazztel.es - - [17/Nov/2017:21:24:02 +0100] "GET /pruefungskurs.shtml HTTP/1.1" 200 23039
78.208.18.95.dynamic.jazztel.es - - [17/Nov/2017:21:24:02 +0100] "GET /segel-grundkurs.shtml HTTP/1.1" 200 21440
78.208.18.95.dynamic.jazztel.es - - [17/Nov/2017:21:24:02 +0100] "GET /segelkurs-jollesmartkat.shtml HTTP/1.1" 200 19993
78.208.18.95.dynamic.jazztel.es - - [17/Nov/2017:21:24:03 +0100] "GET /flotte.shtml HTTP/1.1" 200 29241
78.208.18.95.dynamic.jazztel.es - - [17/Nov/2017:21:24:03 +0100] "GET /smartkat-crashkurs.shtml HTTP/1.1" 200 17863
78.208.18.95.dynamic.jazztel.es - - [17/Nov/2017:21:24:04 +0100] "GET /js/jquery.lazyload.min.js?v=6.6.7.2.41064 HTTP/1.1" 200 3342
78.208.18.95.dynamic.jazztel.es - - [17/Nov/2017:21:24:04 +0100] "GET /js/functions_stripped.js?v=6.6.7.2.41064 HTTP/1.1" 200 7672
78.208.18.95.dynamic.jazztel.es - - [17/Nov/2017:21:24:04 +0100] "GET /Perspectiva.html? HTTP/1.1" 200 18069
78.208.18.95.dynamic.jazztel.es - - [17/Nov/2017:21:24:04 +0100] "GET /js/).html(a);null==$( HTTP/1.1" 200 219
78.208.18.95.dynamic.jazztel.es - - [17/Nov/2017:21:24:05 +0100] "GET /js/index.php?sid=46&lang=en&item=1&act=users&ajax=state HTTP/1.1" 200 210
78.208.18.95.dynamic.jazztel.es - - [17/Nov/2017:21:24:06 +0100] "GET /davosersee HTTP/1.1" 200 19505
78.208.18.95.dynamic.jazztel.es - - [17/Nov/2017:21:24:06 +0100] "GET /event-gruppesmartkat HTTP/1.1" 200 21256
78.208.18.95.dynamic.jazztel.es - - [17/Nov/2017:21:24:06 +0100] "GET /aktuelles-wetter HTTP/1.1" 200 18388
78.208.18.95.dynamic.jazztel.es - - [17/Nov/2017:21:24:07 +0100] "GET /event-pedalo HTTP/1.1" 200 20248
78.208.18.95.dynamic.jazztel.es - - [17/Nov/2017:21:24:07 +0100] "GET /events HTTP/1.1" 200 22514
78.208.18.95.dynamic.jazztel.es - - [17/Nov/2017:21:24:07 +0100] "GET /event-matchracing HTTP/1.1" 200 21251
msnbot-207-46-13-42.search.msn.com - - [17/Nov/2017:21:48:30 +0100] "GET /var/m_0/0d/0dd/12455/126374-6_Schnupperkurs.JPG HTTP/1.1" 200 53584
