malta2970.startdedicated.de - - [07/Dec/2017:21:01:17 +0100] "GET /var/m_0/0d/0dd/12455/7230969-37_Pedalo2.jpg HTTP/1.1" 200 107785
malta2970.startdedicated.de - - [07/Dec/2017:21:02:16 +0100] "GET /var/m_0/0d/0dd/12455/6564683-G3_SKT2015_14.jpg HTTP/1.1" 200 195006
malta2970.startdedicated.de - - [07/Dec/2017:21:02:22 +0100] "GET /var/m_0/0d/0dd/12455/6564714-G3_SKT2015_42.jpg HTTP/1.1" 200 66693
134-249-82-116.broadband.kyivstar.net - - [07/Dec/2017:21:05:36 +0100] "GET / HTTP/1.1" 200 35804
134-249-82-116.broadband.kyivstar.net - - [07/Dec/2017:21:05:35 +0100] "GET / HTTP/1.1" 200 35804
134-249-82-116.broadband.kyivstar.net - - [07/Dec/2017:21:05:37 +0100] "GET / HTTP/1.1" 200 35804
194-230-41-196.static.adslpremium.ch - - [07/Dec/2017:21:16:38 +0100] "GET / HTTP/1.1" 200 6440
194-230-41-196.static.adslpremium.ch - - [07/Dec/2017:21:16:38 +0100] "GET /templates/creator/m_f/fa/fa7/164/css/main.min.css?v=1483633820 HTTP/1.1" 200 1797
194-230-41-196.static.adslpremium.ch - - [07/Dec/2017:21:16:38 +0100] "GET /js/footer/get_deps.min.js?v=6.6.7.2.41064 HTTP/1.1" 200 157
194-230-41-196.static.adslpremium.ch - - [07/Dec/2017:21:16:38 +0100] "GET /templates/creator/m_f/fa/fa7/164/assets/wp-menu.js?v=1483633820 HTTP/1.1" 200 1089
194-230-41-196.static.adslpremium.ch - - [07/Dec/2017:21:16:39 +0100] "GET /js/jquery.lazyload.min.js?v=6.6.7.2.41064 HTTP/1.1" 200 1283
194-230-41-196.static.adslpremium.ch - - [07/Dec/2017:21:16:39 +0100] "GET /css/skeleton.css HTTP/1.1" 200 3511
194-230-41-196.static.adslpremium.ch - - [07/Dec/2017:21:16:39 +0100] "GET /js/functions_stripped.js?v=6.6.7.2.41064 HTTP/1.1" 200 3186
194-230-41-196.static.adslpremium.ch - - [07/Dec/2017:21:16:51 +0100] "GET /var/m_0/0d/0dd/12455/143351-Header_Segelschule.jpg HTTP/1.1" 200 107532
hydrogen329.a.ahrefs.com - - [07/Dec/2017:21:25:08 +0100] "GET /pruefungskurs HTTP/1.1" 200 5895
malta1844.startdedicated.de - - [07/Dec/2017:21:35:30 +0100] "GET /var/m_0/0d/0dd/12455/7230937-G4_Event_SK_05.jpg HTTP/1.1" 200 81682
malta1844.startdedicated.de - - [07/Dec/2017:21:35:44 +0100] "GET /var/m_0/0d/0dd/12455/6564711-G3_SKT2015_39.jpg HTTP/1.1" 200 101712
malta1844.startdedicated.de - - [07/Dec/2017:21:36:14 +0100] "GET /var/m_0/0d/0dd/12455/143492-G1_SKT2014_14.JPG HTTP/1.1" 200 187728
xdsl-31-164-156-152.adslplus.ch - - [07/Dec/2017:21:43:44 +0100] "GET /js/footer/get_deps.min.js?v=6.6.7.2.41064 HTTP/1.1" 200 157
xdsl-31-164-156-152.adslplus.ch - - [07/Dec/2017:21:43:44 +0100] "GET /templates/creator/m_f/fa/fa7/164/css/style.min.css?v=1483633820 HTTP/1.1" 200 847
xdsl-31-164-156-152.adslplus.ch - - [07/Dec/2017:21:43:44 +0100] "GET /js/footer/build_social_entries.min.js?v=6.6.7.2.41064 HTTP/1.1" 200 278
xdsl-31-164-156-152.adslplus.ch - - [07/Dec/2017:21:43:44 +0100] "GET /js/functions_stripped.js?v=6.6.7.2.41064 HTTP/1.1" 200 3186
xdsl-31-164-156-152.adslplus.ch - - [07/Dec/2017:21:43:44 +0100] "GET /js/jquery.lazyload.min.js?v=6.6.7.2.41064 HTTP/1.1" 200 1283
xdsl-31-164-156-152.adslplus.ch - - [07/Dec/2017:21:43:44 +0100] "GET /templates/creator/m_f/fa/fa7/164/assets/respond.min.js?v=1483633820 HTTP/1.1" 200 2085
xdsl-31-164-156-152.adslplus.ch - - [07/Dec/2017:21:43:44 +0100] "GET /templates/creator/m_f/fa/fa7/164/assets/slide.js?v=1483633820 HTTP/1.1" 200 662
xdsl-31-164-156-152.adslplus.ch - - [07/Dec/2017:21:43:44 +0100] "GET /var/m_0/0d/0dd/12455/8218280-65_Regatta.JPG HTTP/1.1" 200 192350
xdsl-31-164-156-152.adslplus.ch - - [07/Dec/2017:21:43:44 +0100] "GET /var/m_0/0d/0dd/12455/7230972-19_Matchracing.jpg HTTP/1.1" 200 55347
xdsl-31-164-156-152.adslplus.ch - - [07/Dec/2017:21:43:44 +0100] "GET /var/m_0/0d/0dd/12455/125493-13_Kurse.JPG HTTP/1.1" 200 70517
xdsl-31-164-156-152.adslplus.ch - - [07/Dec/2017:21:43:44 +0100] "GET /var/m_0/0d/0dd/12455/125494-14_Vermietung.JPG HTTP/1.1" 200 95115
xdsl-31-164-156-152.adslplus.ch - - [07/Dec/2017:21:43:43 +0100] "GET / HTTP/1.1" 200 6440
xdsl-31-164-156-152.adslplus.ch - - [07/Dec/2017:21:43:44 +0100] "GET /css/widgets/concat_widget.min.css?v=6.6.7.2.41064 HTTP/1.1" 200 24507
xdsl-31-164-156-152.adslplus.ch - - [07/Dec/2017:21:43:44 +0100] "GET /templates/creator/m_f/fa/fa7/164/css/main.min.css?v=1483633820 HTTP/1.1" 200 1797
xdsl-31-164-156-152.adslplus.ch - - [07/Dec/2017:21:43:44 +0100] "GET /css/skeleton.css HTTP/1.1" 200 3511
xdsl-31-164-156-152.adslplus.ch - - [07/Dec/2017:21:43:44 +0100] "GET /templates/creator/m_f/fa/fa7/164/assets/wp-menu.js?v=1483633820 HTTP/1.1" 200 1089
xdsl-31-164-156-152.adslplus.ch - - [07/Dec/2017:21:43:44 +0100] "GET /var/m_0/0d/0dd/12455/143351-Header_Segelschule.jpg HTTP/1.1" 200 107532
xdsl-31-164-156-152.adslplus.ch - - [07/Dec/2017:21:43:44 +0100] "GET /templates/resellers/7/favicon.ico?v=1506103971 HTTP/1.1" 200 4286
xdsl-31-164-156-152.adslplus.ch - - [07/Dec/2017:21:43:44 +0100] "GET /var/m_0/0d/0dd/12455/8254793-J70_Davos.w1024.jpg HTTP/1.1" 200 191999
xdsl-31-164-156-152.adslplus.ch - - [07/Dec/2017:21:43:44 +0100] "GET /var/m_0/0d/0dd/12455/6564603-SK_Tro_Head.jpg HTTP/1.1" 200 136780
xdsl-31-164-156-152.adslplus.ch - - [07/Dec/2017:21:43:45 +0100] "GET /var/m_0/0d/0dd/12455/125495-15_Event.JPG HTTP/1.1" 200 59088
xdsl-31-164-156-152.adslplus.ch - - [07/Dec/2017:21:43:45 +0100] "GET /var/m_0/0d/0dd/12455/143584-SP_Lemm1.jpg HTTP/1.1" 200 2321
xdsl-31-164-156-152.adslplus.ch - - [07/Dec/2017:21:43:45 +0100] "GET /var/m_0/0d/0dd/12455/143586-SP_DK1.jpg HTTP/1.1" 200 3071
xdsl-31-164-156-152.adslplus.ch - - [07/Dec/2017:21:43:45 +0100] "GET /var/m_0/0d/0dd/12455/143580-SP_Heierling1.jpg HTTP/1.1" 200 2613
xdsl-31-164-156-152.adslplus.ch - - [07/Dec/2017:21:43:45 +0100] "GET /var/m_0/0d/0dd/12455/8288159-EWD_rgb_pos.jpg HTTP/1.1" 200 207458
xdsl-31-164-156-152.adslplus.ch - - [07/Dec/2017:21:43:45 +0100] "GET /var/m_0/0d/0dd/12455/143582-SP_Gipfel1.jpg HTTP/1.1" 200 2688
