ip41.ip-167-114-219.net - - [01/Oct/2017:10:24:43 +0200] "GET /robots.txt HTTP/1.1" 200 80
ip41.ip-167-114-219.net - - [01/Oct/2017:10:24:54 +0200] "GET / HTTP/1.1" 200 6440
216.244.66.229 - - [01/Oct/2017:10:39:37 +0200] "GET /robots.txt HTTP/1.1" 200 120
adsl-84-226-37-17.adslplus.ch - - [01/Oct/2017:10:40:55 +0200] "GET / HTTP/1.1" 200 6401
adsl-84-226-37-17.adslplus.ch - - [01/Oct/2017:10:40:57 +0200] "GET /js/footer/get_deps.min.js?v=6.6.7.2.41064 HTTP/1.1" 200 157
adsl-84-226-37-17.adslplus.ch - - [01/Oct/2017:10:40:57 +0200] "GET /css/skeleton.css HTTP/1.1" 200 3511
adsl-84-226-37-17.adslplus.ch - - [01/Oct/2017:10:40:57 +0200] "GET /templates/creator/m_f/fa/fa7/164/assets/slide.js?v=1483633820 HTTP/1.1" 200 662
adsl-84-226-37-17.adslplus.ch - - [01/Oct/2017:10:40:57 +0200] "GET /templates/creator/m_f/fa/fa7/164/assets/tab_l_bottom.png HTTP/1.1" 200 1751
adsl-84-226-37-17.adslplus.ch - - [01/Oct/2017:10:40:57 +0200] "GET /var/m_0/0d/0dd/12455/125493-13_Kurse.JPG HTTP/1.1" 200 70517
adsl-84-226-37-17.adslplus.ch - - [01/Oct/2017:10:40:57 +0200] "GET /js/footer/build_social_entries.min.js?v=6.6.7.2.41064 HTTP/1.1" 200 278
adsl-84-226-37-17.adslplus.ch - - [01/Oct/2017:10:40:57 +0200] "GET /templates/creator/m_f/fa/fa7/164/assets/wp-menu.js?v=1483633820 HTTP/1.1" 200 1089
adsl-84-226-37-17.adslplus.ch - - [01/Oct/2017:10:40:57 +0200] "GET /templates/creator/m_f/fa/fa7/164/assets/respond.min.js?v=1483633820 HTTP/1.1" 200 2085
adsl-84-226-37-17.adslplus.ch - - [01/Oct/2017:10:40:57 +0200] "GET /js/functions_stripped.js?v=6.6.7.2.41064 HTTP/1.1" 200 3186
adsl-84-226-37-17.adslplus.ch - - [01/Oct/2017:10:40:57 +0200] "GET /js/jquery.lazyload.min.js?v=6.6.7.2.41064 HTTP/1.1" 200 1283
adsl-84-226-37-17.adslplus.ch - - [01/Oct/2017:10:40:57 +0200] "GET /var/m_0/0d/0dd/12455/143351-Header_Segelschule.jpg HTTP/1.1" 200 107532
adsl-84-226-37-17.adslplus.ch - - [01/Oct/2017:10:40:57 +0200] "GET /templates/creator/m_f/fa/fa7/164/assets/tab_b_bottom.png HTTP/1.1" 200 962
adsl-84-226-37-17.adslplus.ch - - [01/Oct/2017:10:40:57 +0200] "GET /templates/creator/m_f/fa/fa7/164/assets/tab_r_bottom.png HTTP/1.1" 200 1803
adsl-84-226-37-17.adslplus.ch - - [01/Oct/2017:10:40:57 +0200] "GET /var/m_0/0d/0dd/12455/8218280-65_Regatta.JPG HTTP/1.1" 200 192350
adsl-84-226-37-17.adslplus.ch - - [01/Oct/2017:10:40:57 +0200] "GET /var/m_0/0d/0dd/12455/125494-14_Vermietung.JPG HTTP/1.1" 200 95115
adsl-84-226-37-17.adslplus.ch - - [01/Oct/2017:10:40:57 +0200] "GET /css/widgets/concat_widget.min.css?v=6.6.7.2.41064 HTTP/1.1" 200 24507
adsl-84-226-37-17.adslplus.ch - - [01/Oct/2017:10:40:57 +0200] "GET /templates/creator/m_f/fa/fa7/164/css/main.min.css?v=1483633820 HTTP/1.1" 200 1797
adsl-84-226-37-17.adslplus.ch - - [01/Oct/2017:10:40:57 +0200] "GET /templates/creator/m_f/fa/fa7/164/assets/bt_open.png HTTP/1.1" 200 2044
adsl-84-226-37-17.adslplus.ch - - [01/Oct/2017:10:40:57 +0200] "GET /templates/creator/m_f/fa/fa7/164/assets/bt_close.png HTTP/1.1" 200 2150
adsl-84-226-37-17.adslplus.ch - - [01/Oct/2017:10:40:57 +0200] "GET /var/m_0/0d/0dd/12455/6564603-SK_Tro_Head.jpg HTTP/1.1" 200 136780
adsl-84-226-37-17.adslplus.ch - - [01/Oct/2017:10:40:57 +0200] "GET /var/m_0/0d/0dd/12455/8254793-J70_Davos.w640.jpg HTTP/1.1" 200 77993
adsl-84-226-37-17.adslplus.ch - - [01/Oct/2017:10:40:57 +0200] "GET /templates/creator/m_f/fa/fa7/164/css/style.min.css?v=1483633820 HTTP/1.1" 200 847
adsl-84-226-37-17.adslplus.ch - - [01/Oct/2017:10:40:57 +0200] "GET /templates/creator/m_f/fa/fa7/164/assets/tab_m_bottom.png HTTP/1.1" 200 1000
adsl-84-226-37-17.adslplus.ch - - [01/Oct/2017:10:40:57 +0200] "GET /var/m_0/0d/0dd/12455/7230972-19_Matchracing.jpg HTTP/1.1" 200 55347
adsl-84-226-37-17.adslplus.ch - - [01/Oct/2017:10:40:57 +0200] "GET /var/m_0/0d/0dd/12455/125495-15_Event.JPG HTTP/1.1" 200 59088
adsl-84-226-37-17.adslplus.ch - - [01/Oct/2017:10:40:58 +0200] "GET /templates/resellers/7/favicon.ico?v=1506170298 HTTP/1.1" 200 4286
adsl-84-226-37-17.adslplus.ch - - [01/Oct/2017:10:41:27 +0200] "GET /var/m_0/0d/0dd/12455/143586-SP_DK1.jpg HTTP/1.1" 200 3071
adsl-84-226-37-17.adslplus.ch - - [01/Oct/2017:10:41:27 +0200] "GET /var/m_0/0d/0dd/12455/143580-SP_Heierling1.jpg HTTP/1.1" 200 2613
adsl-84-226-37-17.adslplus.ch - - [01/Oct/2017:10:41:27 +0200] "GET /var/m_0/0d/0dd/12455/143584-SP_Lemm1.jpg HTTP/1.1" 200 2321
adsl-84-226-37-17.adslplus.ch - - [01/Oct/2017:10:41:28 +0200] "GET /var/m_0/0d/0dd/12455/8288159-EWD_rgb_pos.jpg HTTP/1.1" 200 207458
adsl-84-226-37-17.adslplus.ch - - [01/Oct/2017:10:41:30 +0200] "GET /var/m_0/0d/0dd/12455/143582-SP_Gipfel1.jpg HTTP/1.1" 200 2688
adsl-84-226-37-17.adslplus.ch - - [01/Oct/2017:10:41:40 +0200] "GET /vermietung HTTP/1.1" 200 5072
adsl-84-226-37-17.adslplus.ch - - [01/Oct/2017:10:41:42 +0200] "GET /var/m_0/0d/0dd/12455/143352-Header_Segelschule_2.jpg HTTP/1.1" 200 107532
adsl-84-226-37-17.adslplus.ch - - [01/Oct/2017:10:41:42 +0200] "GET /var/m_0/0d/0dd/12455/7441141-37_Pedalo.jpg HTTP/1.1" 200 195132
adsl-84-226-37-17.adslplus.ch - - [01/Oct/2017:10:41:42 +0200] "GET /var/m_0/0d/0dd/12455/125501-34_Laser.jpg HTTP/1.1" 200 52750
adsl-84-226-37-17.adslplus.ch - - [01/Oct/2017:10:41:42 +0200] "GET /var/m_0/0d/0dd/12455/125499-32_Smartkat.JPG HTTP/1.1" 200 60966
adsl-84-226-37-17.adslplus.ch - - [01/Oct/2017:10:41:42 +0200] "GET /var/m_0/0d/0dd/12455/125498-31_Sprinto.JPG HTTP/1.1" 200 60889
adsl-84-226-37-17.adslplus.ch - - [01/Oct/2017:10:41:42 +0200] "GET /var/m_0/0d/0dd/12455/125500-33_Opti.jpg HTTP/1.1" 200 104538
adsl-84-226-37-17.adslplus.ch - - [01/Oct/2017:10:41:43 +0200] "GET /templates/resellers/7/favicon.ico?v=1506453091 HTTP/1.1" 200 4286
adsl-84-226-37-17.adslplus.ch - - [01/Oct/2017:10:42:37 +0200] "GET / HTTP/1.1" 200 6401
