msnbot-207-46-13-10.search.msn.com - - [03/Nov/2017:14:32:54 +0100] "GET /var/m_0/0d/0dd/12455/125485-1_Kinderkurs.JPG HTTP/1.1" 200 64975
msnbot-157-55-39-241.search.msn.com - - [03/Nov/2017:14:32:54 +0100] "GET /var/m_0/0d/0dd/12455/125486-2_Sportkurs.JPG HTTP/1.1" 200 69000
msnbot-157-55-39-241.search.msn.com - - [03/Nov/2017:14:32:55 +0100] "GET /var/m_0/0d/0dd/12455/125503-36_420er.jpg HTTP/1.1" 200 61172
msnbot-157-55-39-241.search.msn.com - - [03/Nov/2017:14:32:55 +0100] "GET /var/m_0/0d/0dd/12455/125489-5_Pr%C3%BCfungskurs.JPG HTTP/1.1" 200 53669
msnbot-157-55-39-241.search.msn.com - - [03/Nov/2017:14:32:56 +0100] "GET /var/m_0/0d/0dd/12455/126374-6_Schnupperkurs.JPG HTTP/1.1" 200 53584
msnbot-157-55-39-204.search.msn.com - - [03/Nov/2017:14:32:58 +0100] "GET /var/m_0/0d/0dd/12455/125487-3_SKCrashkurs.JPG HTTP/1.1" 200 80503
msnbot-157-55-39-204.search.msn.com - - [03/Nov/2017:14:32:59 +0100] "GET /var/m_0/0d/0dd/12455/125488-4_Grundkurs.JPG HTTP/1.1" 200 77496
msnbot-40-77-167-77.search.msn.com - - [03/Nov/2017:14:33:07 +0100] "GET /var/m_0/0d/0dd/12455/143352-Header_Segelschule_2.jpg HTTP/1.1" 200 107532
msnbot-40-77-167-77.search.msn.com - - [03/Nov/2017:14:33:08 +0100] "GET /var/m_0/0d/0dd/12455/8010562-7_Plauschsegeln.JPG HTTP/1.1" 200 189182
msnbot-157-55-39-241.search.msn.com - - [03/Nov/2017:14:50:13 +0100] "GET / HTTP/1.1" 200 6440
msnbot-40-77-167-77.search.msn.com - - [03/Nov/2017:14:58:07 +0100] "GET / HTTP/1.1" 200 6440
p54BCE478.dip0.t-ipconnect.de - - [03/Nov/2017:14:58:58 +0100] "GET /var/m_0/0d/0dd/12455/126126-43_See.JPG HTTP/1.1" 200 86511
p54BCE478.dip0.t-ipconnect.de - - [03/Nov/2017:14:59:02 +0100] "GET /davosersee HTTP/1.1" 200 5477
p54BCE478.dip0.t-ipconnect.de - - [03/Nov/2017:14:59:02 +0100] "GET /templates/creator/m_f/fa/fa7/164/css/main.min.css?v=1483633820 HTTP/1.1" 200 1797
p54BCE478.dip0.t-ipconnect.de - - [03/Nov/2017:14:59:02 +0100] "GET /css/widgets/concat_widget.min.css?v=6.6.7.2.41064 HTTP/1.1" 200 24507
p54BCE478.dip0.t-ipconnect.de - - [03/Nov/2017:14:59:02 +0100] "GET /templates/creator/m_f/fa/fa7/164/css/style.min.css?v=1483633820 HTTP/1.1" 200 847
p54BCE478.dip0.t-ipconnect.de - - [03/Nov/2017:14:59:02 +0100] "GET /js/footer/build_social_entries.min.js?v=6.6.7.2.41064 HTTP/1.1" 200 278
p54BCE478.dip0.t-ipconnect.de - - [03/Nov/2017:14:59:02 +0100] "GET /css/skeleton.css HTTP/1.1" 200 3511
p54BCE478.dip0.t-ipconnect.de - - [03/Nov/2017:14:59:02 +0100] "GET /templates/creator/m_f/fa/fa7/164/assets/wp-menu.js?v=1483633820 HTTP/1.1" 200 1089
p54BCE478.dip0.t-ipconnect.de - - [03/Nov/2017:14:59:02 +0100] "GET /templates/creator/m_f/fa/fa7/164/assets/respond.min.js?v=1483633820 HTTP/1.1" 200 2085
p54BCE478.dip0.t-ipconnect.de - - [03/Nov/2017:14:59:02 +0100] "GET /js/functions_stripped.js?v=6.6.7.2.41064 HTTP/1.1" 200 3186
p54BCE478.dip0.t-ipconnect.de - - [03/Nov/2017:14:59:02 +0100] "GET /var/m_0/0d/0dd/12455/143352-Header_Segelschule_2.jpg HTTP/1.1" 200 107532
p54BCE478.dip0.t-ipconnect.de - - [03/Nov/2017:14:59:02 +0100] "GET /js/footer/get_deps.min.js?v=6.6.7.2.41064 HTTP/1.1" 200 157
p54BCE478.dip0.t-ipconnect.de - - [03/Nov/2017:14:59:02 +0100] "GET /templates/creator/m_f/fa/fa7/164/assets/slide.js?v=1483633820 HTTP/1.1" 200 662
p54BCE478.dip0.t-ipconnect.de - - [03/Nov/2017:14:59:03 +0100] "GET /templates/resellers/7/favicon.ico?v=1506149049 HTTP/1.1" 200 4286
p54BCE478.dip0.t-ipconnect.de - - [03/Nov/2017:14:59:04 +0100] "GET /templates/creator/m_f/fa/fa7/164/assets/call-icon.png HTTP/1.1" 200 3338
p54BCE478.dip0.t-ipconnect.de - - [03/Nov/2017:14:59:04 +0100] "GET /templates/creator/m_f/fa/fa7/164/assets/google_maps_icon.png HTTP/1.1" 200 2900
p54BCE478.dip0.t-ipconnect.de - - [03/Nov/2017:14:59:04 +0100] "GET /templates/creator/m_f/fa/fa7/164/assets/mail_icon.png HTTP/1.1" 200 3128
