baiduspider-180-76-15-158.crawl.baidu.com - - [29/Nov/2017:14:10:51 +0100] "GET /robots.txt HTTP/1.1" 200 80
baiduspider-180-76-15-158.crawl.baidu.com - - [29/Nov/2017:14:10:51 +0100] "GET /robots.txt HTTP/1.1" 200 80
baiduspider-180-76-15-134.crawl.baidu.com - - [29/Nov/2017:14:12:16 +0100] "GET /templates/resellers/7/favicon.ico?v=1506103971 HTTP/1.1" 200 4286
msnbot-40-77-167-138.search.msn.com - - [29/Nov/2017:14:29:03 +0100] "GET /events.shtml HTTP/1.1" 200 5297
cprogerlin0377.publiccloud.com.br - - [29/Nov/2017:14:29:13 +0100] "GET /modules/attributewizardpro/file_upload.php HTTP/1.1" 200 18069
84-73-28-74.dclient.hispeed.ch - - [29/Nov/2017:14:35:59 +0100] "GET / HTTP/1.1" 200 6440
84-73-28-74.dclient.hispeed.ch - - [29/Nov/2017:14:36:00 +0100] "GET /templates/creator/m_f/fa/fa7/164/css/main.min.css?v=1483633820 HTTP/1.1" 200 1797
84-73-28-74.dclient.hispeed.ch - - [29/Nov/2017:14:36:00 +0100] "GET /templates/creator/m_f/fa/fa7/164/css/style.min.css?v=1483633820 HTTP/1.1" 200 847
84-73-28-74.dclient.hispeed.ch - - [29/Nov/2017:14:36:00 +0100] "GET /js/footer/get_deps.min.js?v=6.6.7.2.41064 HTTP/1.1" 200 157
84-73-28-74.dclient.hispeed.ch - - [29/Nov/2017:14:36:00 +0100] "GET /css/skeleton.css HTTP/1.1" 200 3511
84-73-28-74.dclient.hispeed.ch - - [29/Nov/2017:14:36:00 +0100] "GET /templates/creator/m_f/fa/fa7/164/assets/slide.js?v=1483633820 HTTP/1.1" 200 662
84-73-28-74.dclient.hispeed.ch - - [29/Nov/2017:14:36:00 +0100] "GET /templates/creator/m_f/fa/fa7/164/assets/respond.min.js?v=1483633820 HTTP/1.1" 200 2085
84-73-28-74.dclient.hispeed.ch - - [29/Nov/2017:14:36:00 +0100] "GET /templates/creator/m_f/fa/fa7/164/assets/wp-menu.js?v=1483633820 HTTP/1.1" 200 1089
84-73-28-74.dclient.hispeed.ch - - [29/Nov/2017:14:36:00 +0100] "GET /js/jquery.lazyload.min.js?v=6.6.7.2.41064 HTTP/1.1" 200 1283
84-73-28-74.dclient.hispeed.ch - - [29/Nov/2017:14:36:00 +0100] "GET /var/m_0/0d/0dd/12455/8218280-65_Regatta.JPG HTTP/1.1" 200 192350
84-73-28-74.dclient.hispeed.ch - - [29/Nov/2017:14:36:00 +0100] "GET /var/m_0/0d/0dd/12455/7230972-19_Matchracing.jpg HTTP/1.1" 200 55347
84-73-28-74.dclient.hispeed.ch - - [29/Nov/2017:14:36:00 +0100] "GET /var/m_0/0d/0dd/12455/125493-13_Kurse.JPG HTTP/1.1" 200 70517
84-73-28-74.dclient.hispeed.ch - - [29/Nov/2017:14:36:00 +0100] "GET /var/m_0/0d/0dd/12455/125495-15_Event.JPG HTTP/1.1" 200 59088
84-73-28-74.dclient.hispeed.ch - - [29/Nov/2017:14:36:00 +0100] "GET /var/m_0/0d/0dd/12455/8254793-J70_Davos.w1024.jpg HTTP/1.1" 200 191999
84-73-28-74.dclient.hispeed.ch - - [29/Nov/2017:14:36:00 +0100] "GET /var/m_0/0d/0dd/12455/143584-SP_Lemm1.jpg HTTP/1.1" 200 2321
84-73-28-74.dclient.hispeed.ch - - [29/Nov/2017:14:36:00 +0100] "GET /var/m_0/0d/0dd/12455/143586-SP_DK1.jpg HTTP/1.1" 200 3071
84-73-28-74.dclient.hispeed.ch - - [29/Nov/2017:14:36:00 +0100] "GET /var/m_0/0d/0dd/12455/143582-SP_Gipfel1.jpg HTTP/1.1" 200 2688
84-73-28-74.dclient.hispeed.ch - - [29/Nov/2017:14:36:00 +0100] "GET /templates/resellers/7/favicon.ico?v=1506103971 HTTP/1.1" 200 4286
84-73-28-74.dclient.hispeed.ch - - [29/Nov/2017:14:36:00 +0100] "GET /css/widgets/concat_widget.min.css?v=6.6.7.2.41064 HTTP/1.1" 200 24507
84-73-28-74.dclient.hispeed.ch - - [29/Nov/2017:14:36:00 +0100] "GET /var/m_0/0d/0dd/12455/143351-Header_Segelschule.jpg HTTP/1.1" 200 107532
84-73-28-74.dclient.hispeed.ch - - [29/Nov/2017:14:36:00 +0100] "GET /var/m_0/0d/0dd/12455/125494-14_Vermietung.JPG HTTP/1.1" 200 95115
84-73-28-74.dclient.hispeed.ch - - [29/Nov/2017:14:36:00 +0100] "GET /var/m_0/0d/0dd/12455/8288159-EWD_rgb_pos.jpg HTTP/1.1" 200 207458
84-73-28-74.dclient.hispeed.ch - - [29/Nov/2017:14:36:00 +0100] "GET /js/footer/build_social_entries.min.js?v=6.6.7.2.41064 HTTP/1.1" 200 278
84-73-28-74.dclient.hispeed.ch - - [29/Nov/2017:14:36:00 +0100] "GET /js/functions_stripped.js?v=6.6.7.2.41064 HTTP/1.1" 200 3186
84-73-28-74.dclient.hispeed.ch - - [29/Nov/2017:14:36:00 +0100] "GET /var/m_0/0d/0dd/12455/6564603-SK_Tro_Head.jpg HTTP/1.1" 200 136780
84-73-28-74.dclient.hispeed.ch - - [29/Nov/2017:14:36:00 +0100] "GET /var/m_0/0d/0dd/12455/143580-SP_Heierling1.jpg HTTP/1.1" 200 2613
84-73-28-74.dclient.hispeed.ch - - [29/Nov/2017:14:36:02 +0100] "GET /templates/creator/m_f/fa/fa7/164/assets/mail_icon.png HTTP/1.1" 200 3128
84-73-28-74.dclient.hispeed.ch - - [29/Nov/2017:14:36:02 +0100] "GET /templates/creator/m_f/fa/fa7/164/assets/call-icon.png HTTP/1.1" 200 3338
84-73-28-74.dclient.hispeed.ch - - [29/Nov/2017:14:36:02 +0100] "GET /templates/creator/m_f/fa/fa7/164/assets/google_maps_icon.png HTTP/1.1" 200 2900
84-73-28-74.dclient.hispeed.ch - - [29/Nov/2017:14:36:06 +0100] "GET /var/m_0/0d/0dd/12455/143352-Header_Segelschule_2.jpg HTTP/1.1" 200 107532
84-73-28-74.dclient.hispeed.ch - - [29/Nov/2017:14:36:06 +0100] "GET /var/m_0/0d/0dd/12455/7441141-37_Pedalo.jpg HTTP/1.1" 200 195132
84-73-28-74.dclient.hispeed.ch - - [29/Nov/2017:14:36:06 +0100] "GET /var/m_0/0d/0dd/12455/125500-33_Opti.jpg HTTP/1.1" 200 104538
84-73-28-74.dclient.hispeed.ch - - [29/Nov/2017:14:36:06 +0100] "GET /var/m_0/0d/0dd/12455/125499-32_Smartkat.JPG HTTP/1.1" 200 60966
84-73-28-74.dclient.hispeed.ch - - [29/Nov/2017:14:36:06 +0100] "GET /templates/resellers/7/favicon.ico?v=1506147147 HTTP/1.1" 200 4286
84-73-28-74.dclient.hispeed.ch - - [29/Nov/2017:14:36:05 +0100] "GET /vermietung.shtml HTTP/1.1" 200 5099
84-73-28-74.dclient.hispeed.ch - - [29/Nov/2017:14:36:06 +0100] "GET /var/m_0/0d/0dd/12455/125498-31_Sprinto.JPG HTTP/1.1" 200 60889
84-73-28-74.dclient.hispeed.ch - - [29/Nov/2017:14:36:06 +0100] "GET /var/m_0/0d/0dd/12455/125501-34_Laser.jpg HTTP/1.1" 200 52750
84-73-28-74.dclient.hispeed.ch - - [29/Nov/2017:14:36:19 +0100] "GET /standort.shtml HTTP/1.1" 200 4717
84-73-28-74.dclient.hispeed.ch - - [29/Nov/2017:14:36:19 +0100] "GET /templates/resellers/7/favicon.ico?v=1506147146 HTTP/1.1" 200 4286
84-73-28-74.dclient.hispeed.ch - - [29/Nov/2017:14:38:09 +0100] "GET /flotte.shtml HTTP/1.1" 200 6274
84-73-28-74.dclient.hispeed.ch - - [29/Nov/2017:14:38:10 +0100] "GET /vermietung.shtml HTTP/1.1" 200 5099
95-108-181-76.spider.yandex.com - - [29/Nov/2017:14:58:34 +0100] "GET /robots.txt HTTP/1.1" 200 120
95-108-181-76.spider.yandex.com - - [29/Nov/2017:14:58:38 +0100] "GET /flotte.shtml HTTP/1.1" 200 6274
