17-142-156-178.applebot.apple.com - - [16/Nov/2017:01:00:15 +0100] "GET /robots.txt HTTP/1.1" 200 80
17-142-156-178.applebot.apple.com - - [16/Nov/2017:01:00:16 +0100] "GET /%C3%BCber-uns.shtml HTTP/1.1" 200 4740
m243.themothership.net - - [16/Nov/2017:01:00:33 +0100] "GET /wp-content/plugins/revslider/temp/ HTTP/1.1" 200 18205
s18687504.onlinehome-server.info - - [16/Nov/2017:01:16:49 +0100] "GET / HTTP/1.0" 200 35804
s18687504.onlinehome-server.info - - [16/Nov/2017:01:16:53 +0100] "GET /kurse.shtml HTTP/1.0" 200 31031
s18687504.onlinehome-server.info - - [16/Nov/2017:01:16:53 +0100] "GET /galerie.shtml HTTP/1.0" 200 22747
s18687504.onlinehome-server.info - - [16/Nov/2017:01:16:54 +0100] "GET /events.shtml HTTP/1.0" 200 22514
s18687504.onlinehome-server.info - - [16/Nov/2017:01:16:55 +0100] "GET /vermietung.shtml HTTP/1.0" 200 25728
s18687504.onlinehome-server.info - - [16/Nov/2017:01:16:56 +0100] "GET /segelkurs-jollesmartkat.shtml HTTP/1.0" 200 19993
s18687504.onlinehome-server.info - - [16/Nov/2017:01:16:56 +0100] "GET /info@davossail.ch HTTP/1.0" 200 18205
s18687504.onlinehome-server.info - - [16/Nov/2017:01:16:58 +0100] "GET /smartkat-crashkurs.shtml HTTP/1.0" 200 17863
s18687504.onlinehome-server.info - - [16/Nov/2017:01:16:57 +0100] "GET /kinder-segelkurs.shtml HTTP/1.0" 200 19898
s18687504.onlinehome-server.info - - [16/Nov/2017:01:16:59 +0100] "GET /segel-grundkurs.shtml HTTP/1.0" 200 21440
s18687504.onlinehome-server.info - - [16/Nov/2017:01:17:11 +0100] "GET /pruefungskurs.shtml HTTP/1.0" 200 23039
s18687504.onlinehome-server.info - - [16/Nov/2017:01:17:14 +0100] "GET /galerie-matchracing.shtml HTTP/1.0" 200 21704
s18687504.onlinehome-server.info - - [16/Nov/2017:01:17:15 +0100] "GET /galerie-sktrophy-2015.shtml HTTP/1.0" 200 49420
s18687504.onlinehome-server.info - - [16/Nov/2017:01:17:20 +0100] "GET /galerie-gruppesmartkat.shtml HTTP/1.0" 200 20574
s18687504.onlinehome-server.info - - [16/Nov/2017:01:17:21 +0100] "GET /optikurse-2014.shtml HTTP/1.0" 200 26353
s18687504.onlinehome-server.info - - [16/Nov/2017:01:17:22 +0100] "GET /galerie-sktrophy-2014.shtml HTTP/1.0" 200 29913
s18687504.onlinehome-server.info - - [16/Nov/2017:01:17:22 +0100] "GET /img.lazy HTTP/1.0" 200 18205
s18687504.onlinehome-server.info - - [16/Nov/2017:01:17:24 +0100] "GET /event-gruppesmartkat.shtml HTTP/1.0" 200 21256
s18687504.onlinehome-server.info - - [16/Nov/2017:01:17:25 +0100] "GET /event-matchracing.shtml HTTP/1.0" 200 21251
s18687504.onlinehome-server.info - - [16/Nov/2017:01:17:26 +0100] "GET /event-pedalo.shtml HTTP/1.0" 200 20248
s18687504.onlinehome-server.info - - [16/Nov/2017:01:17:27 +0100] "GET /flotte.shtml HTTP/1.0" 200 29241
adsl-178-39-164-142.adslplus.ch - - [16/Nov/2017:01:35:37 +0100] "GET / HTTP/1.1" 200 6440
adsl-178-39-164-142.adslplus.ch - - [16/Nov/2017:01:35:38 +0100] "GET /W3SVC/?cid=f2949bab-240a-46ca-a455-6f504367ba7d&securityScanNoAttack HTTP/1.1" 200 18069
