reverse-dns.chicago - - [21/Nov/2017:00:21:21 +0100] "GET / HTTP/1.1" 200 35804
reverse-dns.chicago - - [21/Nov/2017:00:21:22 +0100] "GET /%C3%BCber-uns.shtml HTTP/1.1" 200 21862
reverse-dns.chicago - - [21/Nov/2017:00:21:23 +0100] "GET /aktuelles-wetter.shtml HTTP/1.1" 200 18388
reverse-dns.chicago - - [21/Nov/2017:00:21:24 +0100] "GET /davosersee.shtml HTTP/1.1" 200 19505
reverse-dns.chicago - - [21/Nov/2017:00:21:27 +0100] "GET /event-gruppesmartkat.shtml HTTP/1.1" 200 21256
reverse-dns.chicago - - [21/Nov/2017:00:21:28 +0100] "GET /event-matchracing.shtml HTTP/1.1" 200 21251
reverse-dns.chicago - - [21/Nov/2017:00:21:31 +0100] "GET /event-pedalo.shtml HTTP/1.1" 200 20248
reverse-dns.chicago - - [21/Nov/2017:00:21:35 +0100] "GET /events.shtml HTTP/1.1" 200 22514
reverse-dns.chicago - - [21/Nov/2017:00:21:36 +0100] "GET /flotte.shtml HTTP/1.1" 200 29241
reverse-dns.chicago - - [21/Nov/2017:00:21:37 +0100] "GET /galerie-gruppesmartkat.shtml HTTP/1.1" 200 20574
reverse-dns.chicago - - [21/Nov/2017:00:21:38 +0100] "GET /galerie-matchracing.shtml HTTP/1.1" 200 21704
reverse-dns.chicago - - [21/Nov/2017:00:21:38 +0100] "GET /galerie-sktrophy-2014.shtml HTTP/1.1" 200 29913
reverse-dns.chicago - - [21/Nov/2017:00:21:39 +0100] "GET /galerie-sktrophy-2015.shtml HTTP/1.1" 200 49420
reverse-dns.chicago - - [21/Nov/2017:00:21:40 +0100] "GET /galerie.shtml HTTP/1.1" 200 22747
reverse-dns.chicago - - [21/Nov/2017:00:21:40 +0100] "GET /kinder-segelkurs.shtml HTTP/1.1" 200 19898
reverse-dns.chicago - - [21/Nov/2017:00:21:41 +0100] "GET /kurse.shtml HTTP/1.1" 200 31031
reverse-dns.chicago - - [21/Nov/2017:00:21:41 +0100] "GET /kursanmeldung.shtml HTTP/1.1" 200 49926
reverse-dns.chicago - - [21/Nov/2017:00:21:42 +0100] "GET /optikurse-2014.shtml HTTP/1.1" 200 26353
reverse-dns.chicago - - [21/Nov/2017:00:21:42 +0100] "GET /pruefungskurs.shtml HTTP/1.1" 200 23039
reverse-dns.chicago - - [21/Nov/2017:00:21:43 +0100] "GET /segelkurs-jollesmartkat.shtml HTTP/1.1" 200 19993
reverse-dns.chicago - - [21/Nov/2017:00:21:43 +0100] "GET /segel-grundkurs.shtml HTTP/1.1" 200 21440
reverse-dns.chicago - - [21/Nov/2017:00:21:44 +0100] "GET /standort.shtml HTTP/1.1" 200 17547
reverse-dns.chicago - - [21/Nov/2017:00:21:44 +0100] "GET /smartkat-crashkurs.shtml HTTP/1.1" 200 17863
reverse-dns.chicago - - [21/Nov/2017:00:21:45 +0100] "GET /vermietung.shtml HTTP/1.1" 200 25728
reverse-dns.chicago - - [21/Nov/2017:00:21:45 +0100] "GET /Perspectiva.html? HTTP/1.1" 200 18069
reverse-dns.chicago - - [21/Nov/2017:00:21:45 +0100] "GET /js/functions_stripped.js?v=6.6.7.2.41064 HTTP/1.1" 200 7672
reverse-dns.chicago - - [21/Nov/2017:00:21:46 +0100] "GET /js/jquery.lazyload.min.js?v=6.6.7.2.41064 HTTP/1.1" 200 3342
reverse-dns.chicago - - [21/Nov/2017:00:21:49 +0100] "GET /aktuelles-wetter HTTP/1.1" 200 18388
reverse-dns.chicago - - [21/Nov/2017:00:21:51 +0100] "GET /event-gruppesmartkat HTTP/1.1" 200 21256
reverse-dns.chicago - - [21/Nov/2017:00:21:51 +0100] "GET /davosersee HTTP/1.1" 200 19505
reverse-dns.chicago - - [21/Nov/2017:00:21:51 +0100] "GET /event-matchracing HTTP/1.1" 200 21251
reverse-dns.chicago - - [21/Nov/2017:00:21:52 +0100] "GET /events HTTP/1.1" 200 22514
reverse-dns.chicago - - [21/Nov/2017:00:21:52 +0100] "GET /event-pedalo HTTP/1.1" 200 20248
reverse-dns.chicago - - [21/Nov/2017:00:21:53 +0100] "GET /flotte HTTP/1.1" 200 29385
reverse-dns.chicago - - [21/Nov/2017:00:21:54 +0100] "GET /galerie-gruppesmartkat HTTP/1.1" 200 20574
reverse-dns.chicago - - [21/Nov/2017:00:21:55 +0100] "GET /galerie-matchracing HTTP/1.1" 200 21704
reverse-dns.chicago - - [21/Nov/2017:00:21:59 +0100] "GET /galerie-sktrophy-2014 HTTP/1.1" 200 29913
reverse-dns.chicago - - [21/Nov/2017:00:22:00 +0100] "GET /galerie-sktrophy-2015 HTTP/1.1" 200 49420
reverse-dns.chicago - - [21/Nov/2017:00:22:01 +0100] "GET /galerie HTTP/1.1" 200 22747
reverse-dns.chicago - - [21/Nov/2017:00:22:02 +0100] "GET /kinder-segelkurs HTTP/1.1" 200 19898
reverse-dns.chicago - - [21/Nov/2017:00:22:03 +0100] "GET /kurse HTTP/1.1" 200 31031
reverse-dns.chicago - - [21/Nov/2017:00:22:04 +0100] "GET /optikurse-2014 HTTP/1.1" 200 26353
reverse-dns.chicago - - [21/Nov/2017:00:22:05 +0100] "GET /pruefungskurs HTTP/1.1" 200 23039
hydrogen121.a.ahrefs.com - - [21/Nov/2017:00:41:40 +0100] "GET /var/m_0/0d/0dd/12455/143498-G1_SKT2014_20.JPG HTTP/1.1" 200 143640
crawl-111-170-187-194.qwant.com - - [21/Nov/2017:00:54:29 +0100] "GET /robots.txt HTTP/1.0" 200 80
crawl-111-170-187-194.qwant.com - - [21/Nov/2017:00:54:39 +0100] "GET /event-pedalo.shtml HTTP/1.0" 200 5342
