fulltextrobot-77-75-78-164.seznam.cz - - [12/Dec/2017:18:09:29 +0100] "GET /robots.txt HTTP/1.1" 200 80
fulltextrobot-77-75-78-164.seznam.cz - - [12/Dec/2017:18:09:29 +0100] "GET /kurse.shtml HTTP/1.1" 200 6280
fulltextrobot-77-75-78-164.seznam.cz - - [12/Dec/2017:18:09:30 +0100] "GET /events HTTP/1.1" 200 5296
HSI-KBW-091-089-131-076.hsi2.kabel-badenwuerttemberg.de - - [12/Dec/2017:18:15:23 +0100] "GET /templates/creator/m_f/fa/fa7/164/css/style.min.css?v=1483633820 HTTP/1.1" 200 847
HSI-KBW-091-089-131-076.hsi2.kabel-badenwuerttemberg.de - - [12/Dec/2017:18:15:24 +0100] "GET /css/skeleton.css HTTP/1.1" 200 3511
HSI-KBW-091-089-131-076.hsi2.kabel-badenwuerttemberg.de - - [12/Dec/2017:18:15:24 +0100] "GET /js/footer/get_deps.min.js?v=6.6.7.2.41064 HTTP/1.1" 200 157
HSI-KBW-091-089-131-076.hsi2.kabel-badenwuerttemberg.de - - [12/Dec/2017:18:15:24 +0100] "GET / HTTP/1.1" 200 6440
HSI-KBW-091-089-131-076.hsi2.kabel-badenwuerttemberg.de - - [12/Dec/2017:18:15:24 +0100] "GET /css/widgets/concat_widget.min.css?v=6.6.7.2.41064 HTTP/1.1" 200 24507
HSI-KBW-091-089-131-076.hsi2.kabel-badenwuerttemberg.de - - [12/Dec/2017:18:15:24 +0100] "GET /templates/creator/m_f/fa/fa7/164/css/main.min.css?v=1483633820 HTTP/1.1" 200 1797
HSI-KBW-091-089-131-076.hsi2.kabel-badenwuerttemberg.de - - [12/Dec/2017:18:15:24 +0100] "GET /js/footer/build_social_entries.min.js?v=6.6.7.2.41064 HTTP/1.1" 200 278
HSI-KBW-091-089-131-076.hsi2.kabel-badenwuerttemberg.de - - [12/Dec/2017:18:15:24 +0100] "GET /templates/creator/m_f/fa/fa7/164/assets/slide.js?v=1483633820 HTTP/1.1" 200 662
HSI-KBW-091-089-131-076.hsi2.kabel-badenwuerttemberg.de - - [12/Dec/2017:18:15:24 +0100] "GET /templates/creator/m_f/fa/fa7/164/assets/respond.min.js?v=1483633820 HTTP/1.1" 200 2085
HSI-KBW-091-089-131-076.hsi2.kabel-badenwuerttemberg.de - - [12/Dec/2017:18:15:25 +0100] "GET /var/m_0/0d/0dd/12455/143351-Header_Segelschule.jpg HTTP/1.1" 200 107532
HSI-KBW-091-089-131-076.hsi2.kabel-badenwuerttemberg.de - - [12/Dec/2017:18:15:25 +0100] "GET /var/m_0/0d/0dd/12455/8254793-J70_Davos.w1024.jpg HTTP/1.1" 200 191999
HSI-KBW-091-089-131-076.hsi2.kabel-badenwuerttemberg.de - - [12/Dec/2017:18:15:25 +0100] "GET /var/m_0/0d/0dd/12455/125494-14_Vermietung.JPG HTTP/1.1" 200 95115
HSI-KBW-091-089-131-076.hsi2.kabel-badenwuerttemberg.de - - [12/Dec/2017:18:15:25 +0100] "GET /var/m_0/0d/0dd/12455/8288159-EWD_rgb_pos.jpg HTTP/1.1" 200 207458
HSI-KBW-091-089-131-076.hsi2.kabel-badenwuerttemberg.de - - [12/Dec/2017:18:15:25 +0100] "GET /var/m_0/0d/0dd/12455/143582-SP_Gipfel1.jpg HTTP/1.1" 200 2688
HSI-KBW-091-089-131-076.hsi2.kabel-badenwuerttemberg.de - - [12/Dec/2017:18:15:25 +0100] "GET /js/functions_stripped.js?v=6.6.7.2.41064 HTTP/1.1" 200 3186
HSI-KBW-091-089-131-076.hsi2.kabel-badenwuerttemberg.de - - [12/Dec/2017:18:15:24 +0100] "GET /templates/creator/m_f/fa/fa7/164/assets/wp-menu.js?v=1483633820 HTTP/1.1" 200 1089
HSI-KBW-091-089-131-076.hsi2.kabel-badenwuerttemberg.de - - [12/Dec/2017:18:15:24 +0100] "GET /js/jquery.lazyload.min.js?v=6.6.7.2.41064 HTTP/1.1" 200 1283
HSI-KBW-091-089-131-076.hsi2.kabel-badenwuerttemberg.de - - [12/Dec/2017:18:15:25 +0100] "GET /templates/resellers/7/favicon.ico?v=1506103971 HTTP/1.1" 200 4286
HSI-KBW-091-089-131-076.hsi2.kabel-badenwuerttemberg.de - - [12/Dec/2017:18:15:25 +0100] "GET /var/m_0/0d/0dd/12455/8218280-65_Regatta.JPG HTTP/1.1" 200 192350
HSI-KBW-091-089-131-076.hsi2.kabel-badenwuerttemberg.de - - [12/Dec/2017:18:15:25 +0100] "GET /var/m_0/0d/0dd/12455/125493-13_Kurse.JPG HTTP/1.1" 200 70517
HSI-KBW-091-089-131-076.hsi2.kabel-badenwuerttemberg.de - - [12/Dec/2017:18:15:25 +0100] "GET /var/m_0/0d/0dd/12455/7230972-19_Matchracing.jpg HTTP/1.1" 200 55347
HSI-KBW-091-089-131-076.hsi2.kabel-badenwuerttemberg.de - - [12/Dec/2017:18:15:25 +0100] "GET /var/m_0/0d/0dd/12455/6564603-SK_Tro_Head.jpg HTTP/1.1" 200 136780
HSI-KBW-091-089-131-076.hsi2.kabel-badenwuerttemberg.de - - [12/Dec/2017:18:15:25 +0100] "GET /var/m_0/0d/0dd/12455/125495-15_Event.JPG HTTP/1.1" 200 59088
HSI-KBW-091-089-131-076.hsi2.kabel-badenwuerttemberg.de - - [12/Dec/2017:18:15:25 +0100] "GET /var/m_0/0d/0dd/12455/143586-SP_DK1.jpg HTTP/1.1" 200 3071
HSI-KBW-091-089-131-076.hsi2.kabel-badenwuerttemberg.de - - [12/Dec/2017:18:15:25 +0100] "GET /var/m_0/0d/0dd/12455/143580-SP_Heierling1.jpg HTTP/1.1" 200 2613
HSI-KBW-091-089-131-076.hsi2.kabel-badenwuerttemberg.de - - [12/Dec/2017:18:15:25 +0100] "GET /var/m_0/0d/0dd/12455/143584-SP_Lemm1.jpg HTTP/1.1" 200 2321
HSI-KBW-091-089-131-076.hsi2.kabel-badenwuerttemberg.de - - [12/Dec/2017:18:15:43 +0100] "GET /vermietung.shtml HTTP/1.1" 200 5099
HSI-KBW-091-089-131-076.hsi2.kabel-badenwuerttemberg.de - - [12/Dec/2017:18:15:43 +0100] "GET /var/m_0/0d/0dd/12455/143352-Header_Segelschule_2.jpg HTTP/1.1" 200 107532
HSI-KBW-091-089-131-076.hsi2.kabel-badenwuerttemberg.de - - [12/Dec/2017:18:15:43 +0100] "GET /var/m_0/0d/0dd/12455/125499-32_Smartkat.JPG HTTP/1.1" 200 60966
HSI-KBW-091-089-131-076.hsi2.kabel-badenwuerttemberg.de - - [12/Dec/2017:18:15:43 +0100] "GET /templates/resellers/7/favicon.ico?v=1506147147 HTTP/1.1" 200 4286
HSI-KBW-091-089-131-076.hsi2.kabel-badenwuerttemberg.de - - [12/Dec/2017:18:15:43 +0100] "GET /var/m_0/0d/0dd/12455/125500-33_Opti.jpg HTTP/1.1" 200 104538
HSI-KBW-091-089-131-076.hsi2.kabel-badenwuerttemberg.de - - [12/Dec/2017:18:15:43 +0100] "GET /var/m_0/0d/0dd/12455/7441141-37_Pedalo.jpg HTTP/1.1" 200 195132
HSI-KBW-091-089-131-076.hsi2.kabel-badenwuerttemberg.de - - [12/Dec/2017:18:15:43 +0100] "GET /var/m_0/0d/0dd/12455/125498-31_Sprinto.JPG HTTP/1.1" 200 60889
HSI-KBW-091-089-131-076.hsi2.kabel-badenwuerttemberg.de - - [12/Dec/2017:18:15:43 +0100] "GET /var/m_0/0d/0dd/12455/125501-34_Laser.jpg HTTP/1.1" 200 52750
HSI-KBW-091-089-131-076.hsi2.kabel-badenwuerttemberg.de - - [12/Dec/2017:18:15:59 +0100] "GET / HTTP/1.1" 200 6440
no-rdns.m247.ro - - [12/Dec/2017:18:49:36 +0100] "GET /phpMyAdmin/ HTTP/1.1" 200 18069
