msnbot-40-77-167-69.search.msn.com - - [19/Nov/2017:21:41:43 +0100] "GET /%C3%83%C6%92%C3%82%C2%BCber-uns HTTP/1.1" 200 4296
62-210-138-75.rev.poneytelecom.eu - - [19/Nov/2017:21:43:27 +0100] "GET / HTTP/1.1" 200 6440
62-210-138-75.rev.poneytelecom.eu - - [19/Nov/2017:21:43:27 +0100] "GET /templates/creator/m_f/fa/fa7/164/assets/wp-menu.js?v=1483633820 HTTP/1.1" 200 1089
62-210-138-75.rev.poneytelecom.eu - - [19/Nov/2017:21:43:27 +0100] "GET /templates/creator/m_f/fa/fa7/164/assets/respond.min.js?v=1483633820 HTTP/1.1" 200 2085
62-210-138-75.rev.poneytelecom.eu - - [19/Nov/2017:21:43:27 +0100] "GET /js/functions_stripped.js?v=6.6.7.2.41064 HTTP/1.1" 200 3186
62-210-138-75.rev.poneytelecom.eu - - [19/Nov/2017:21:43:27 +0100] "GET /js/footer/get_deps.min.js?v=6.6.7.2.41064 HTTP/1.1" 200 157
62-210-138-75.rev.poneytelecom.eu - - [19/Nov/2017:21:43:27 +0100] "GET /js/footer/build_social_entries.min.js?v=6.6.7.2.41064 HTTP/1.1" 200 278
62-210-138-75.rev.poneytelecom.eu - - [19/Nov/2017:21:43:27 +0100] "GET /js/jquery.lazyload.min.js?v=6.6.7.2.41064 HTTP/1.1" 200 1283
62-210-138-75.rev.poneytelecom.eu - - [19/Nov/2017:21:43:27 +0100] "GET /templates/creator/m_f/fa/fa7/164/assets/slide.js?v=1483633820 HTTP/1.1" 200 662
b115340.yse.yahoo.net - - [19/Nov/2017:21:45:50 +0100] "GET /kurse HTTP/1.1" 200 6281
reverse-dns.chicago - - [19/Nov/2017:21:47:15 +0100] "GET / HTTP/1.1" 200 35804
reverse-dns.chicago - - [19/Nov/2017:21:47:20 +0100] "GET /events.shtml HTTP/1.1" 200 22514
reverse-dns.chicago - - [19/Nov/2017:21:47:21 +0100] "GET /galerie.shtml HTTP/1.1" 200 22747
reverse-dns.chicago - - [19/Nov/2017:21:47:22 +0100] "GET /kurse.shtml HTTP/1.1" 200 31031
reverse-dns.chicago - - [19/Nov/2017:21:47:22 +0100] "GET /vermietung.shtml HTTP/1.1" 200 25728
reverse-dns.chicago - - [19/Nov/2017:21:47:23 +0100] "GET /event-gruppesmartkat.shtml HTTP/1.1" 200 21256
reverse-dns.chicago - - [19/Nov/2017:21:47:24 +0100] "GET /event-pedalo.shtml HTTP/1.1" 200 20248
reverse-dns.chicago - - [19/Nov/2017:21:47:24 +0100] "GET /event-matchracing.shtml HTTP/1.1" 200 21251
reverse-dns.chicago - - [19/Nov/2017:21:47:25 +0100] "GET /galerie-matchracing.shtml HTTP/1.1" 200 21704
reverse-dns.chicago - - [19/Nov/2017:21:47:25 +0100] "GET /galerie-gruppesmartkat.shtml HTTP/1.1" 200 20574
reverse-dns.chicago - - [19/Nov/2017:21:47:25 +0100] "GET /galerie-sktrophy-2014.shtml HTTP/1.1" 200 29913
reverse-dns.chicago - - [19/Nov/2017:21:47:26 +0100] "GET /galerie-sktrophy-2015.shtml HTTP/1.1" 200 49420
reverse-dns.chicago - - [19/Nov/2017:21:47:27 +0100] "GET /kinder-segelkurs.shtml HTTP/1.1" 200 19898
reverse-dns.chicago - - [19/Nov/2017:21:47:27 +0100] "GET /optikurse-2014.shtml HTTP/1.1" 200 26353
reverse-dns.chicago - - [19/Nov/2017:21:47:28 +0100] "GET /segel-grundkurs.shtml HTTP/1.1" 200 21440
reverse-dns.chicago - - [19/Nov/2017:21:47:28 +0100] "GET /pruefungskurs.shtml HTTP/1.1" 200 23039
reverse-dns.chicago - - [19/Nov/2017:21:47:29 +0100] "GET /segelkurs-jollesmartkat.shtml HTTP/1.1" 200 19993
reverse-dns.chicago - - [19/Nov/2017:21:47:29 +0100] "GET /smartkat-crashkurs.shtml HTTP/1.1" 200 17863
reverse-dns.chicago - - [19/Nov/2017:21:47:30 +0100] "GET /js/functions_stripped.js?v=6.6.7.2.41064 HTTP/1.1" 200 7672
reverse-dns.chicago - - [19/Nov/2017:21:47:29 +0100] "GET /flotte.shtml HTTP/1.1" 200 29241
reverse-dns.chicago - - [19/Nov/2017:21:47:31 +0100] "GET /Perspectiva.html? HTTP/1.1" 200 18069
reverse-dns.chicago - - [19/Nov/2017:21:47:31 +0100] "GET /js/jquery.lazyload.min.js?v=6.6.7.2.41064 HTTP/1.1" 200 3342
reverse-dns.chicago - - [19/Nov/2017:21:47:32 +0100] "GET /js/).html(a);null==$( HTTP/1.1" 200 219
reverse-dns.chicago - - [19/Nov/2017:21:47:35 +0100] "GET /js/index.php?sid=46&lang=en&item=1&act=users&ajax=state HTTP/1.1" 200 210
reverse-dns.chicago - - [19/Nov/2017:21:47:36 +0100] "GET /aktuelles-wetter HTTP/1.1" 200 18388
reverse-dns.chicago - - [19/Nov/2017:21:47:37 +0100] "GET /davosersee HTTP/1.1" 200 19505
reverse-dns.chicago - - [19/Nov/2017:21:47:39 +0100] "GET /event-gruppesmartkat HTTP/1.1" 200 21256
reverse-dns.chicago - - [19/Nov/2017:21:47:45 +0100] "GET /event-matchracing HTTP/1.1" 200 21251
reverse-dns.chicago - - [19/Nov/2017:21:47:45 +0100] "GET /event-pedalo HTTP/1.1" 200 20248
reverse-dns.chicago - - [19/Nov/2017:21:47:46 +0100] "GET /events HTTP/1.1" 200 22514
msnbot-40-77-167-69.search.msn.com - - [19/Nov/2017:21:49:08 +0100] "GET / HTTP/1.1" 200 6440
