hydrogen059.a.ahrefs.com - - [04/Oct/2017:14:19:34 +0200] "GET / HTTP/1.1" 200 6440
baiduspider-220-181-108-103.crawl.baidu.com - - [04/Oct/2017:14:32:06 +0200] "GET /templates/resellers/7/favicon.ico?v=1493214029 HTTP/1.1" 200 4286
104.15.127.176.dynamic.wline.res.cust.swisscom.ch - - [04/Oct/2017:14:40:47 +0200] "GET /templates/creator/m_f/fa/fa7/164/css/main.min.css?v=1483633820 HTTP/1.1" 200 1797
104.15.127.176.dynamic.wline.res.cust.swisscom.ch - - [04/Oct/2017:14:40:47 +0200] "GET /templates/creator/m_f/fa/fa7/164/assets/respond.min.js?v=1483633820 HTTP/1.1" 200 2085
104.15.127.176.dynamic.wline.res.cust.swisscom.ch - - [04/Oct/2017:14:40:47 +0200] "GET / HTTP/1.1" 200 6440
104.15.127.176.dynamic.wline.res.cust.swisscom.ch - - [04/Oct/2017:14:40:47 +0200] "GET /css/widgets/concat_widget.min.css?v=6.6.7.2.41064 HTTP/1.1" 200 24507
104.15.127.176.dynamic.wline.res.cust.swisscom.ch - - [04/Oct/2017:14:40:47 +0200] "GET /js/footer/build_social_entries.min.js?v=6.6.7.2.41064 HTTP/1.1" 200 278
104.15.127.176.dynamic.wline.res.cust.swisscom.ch - - [04/Oct/2017:14:40:47 +0200] "GET /templates/creator/m_f/fa/fa7/164/css/style.min.css?v=1483633820 HTTP/1.1" 200 847
104.15.127.176.dynamic.wline.res.cust.swisscom.ch - - [04/Oct/2017:14:40:47 +0200] "GET /css/skeleton.css HTTP/1.1" 200 3511
104.15.127.176.dynamic.wline.res.cust.swisscom.ch - - [04/Oct/2017:14:40:47 +0200] "GET /js/footer/get_deps.min.js?v=6.6.7.2.41064 HTTP/1.1" 200 157
104.15.127.176.dynamic.wline.res.cust.swisscom.ch - - [04/Oct/2017:14:40:47 +0200] "GET /templates/creator/m_f/fa/fa7/164/assets/wp-menu.js?v=1483633820 HTTP/1.1" 200 1089
104.15.127.176.dynamic.wline.res.cust.swisscom.ch - - [04/Oct/2017:14:40:47 +0200] "GET /templates/creator/m_f/fa/fa7/164/assets/slide.js?v=1483633820 HTTP/1.1" 200 662
104.15.127.176.dynamic.wline.res.cust.swisscom.ch - - [04/Oct/2017:14:40:47 +0200] "GET /js/functions_stripped.js?v=6.6.7.2.41064 HTTP/1.1" 200 3186
104.15.127.176.dynamic.wline.res.cust.swisscom.ch - - [04/Oct/2017:14:40:47 +0200] "GET /js/jquery.lazyload.min.js?v=6.6.7.2.41064 HTTP/1.1" 200 1283
104.15.127.176.dynamic.wline.res.cust.swisscom.ch - - [04/Oct/2017:14:40:47 +0200] "GET /var/m_0/0d/0dd/12455/143351-Header_Segelschule.jpg HTTP/1.1" 304 -
104.15.127.176.dynamic.wline.res.cust.swisscom.ch - - [04/Oct/2017:14:40:48 +0200] "GET /var/m_0/0d/0dd/12455/6564603-SK_Tro_Head.jpg HTTP/1.1" 304 -
104.15.127.176.dynamic.wline.res.cust.swisscom.ch - - [04/Oct/2017:14:40:48 +0200] "GET /var/m_0/0d/0dd/12455/8218280-65_Regatta.JPG HTTP/1.1" 304 -
104.15.127.176.dynamic.wline.res.cust.swisscom.ch - - [04/Oct/2017:14:40:48 +0200] "GET /var/m_0/0d/0dd/12455/7230972-19_Matchracing.jpg HTTP/1.1" 304 -
104.15.127.176.dynamic.wline.res.cust.swisscom.ch - - [04/Oct/2017:14:40:48 +0200] "GET /var/m_0/0d/0dd/12455/125493-13_Kurse.JPG HTTP/1.1" 304 -
104.15.127.176.dynamic.wline.res.cust.swisscom.ch - - [04/Oct/2017:14:40:48 +0200] "GET /var/m_0/0d/0dd/12455/125495-15_Event.JPG HTTP/1.1" 304 -
104.15.127.176.dynamic.wline.res.cust.swisscom.ch - - [04/Oct/2017:14:40:48 +0200] "GET /var/m_0/0d/0dd/12455/143586-SP_DK1.jpg HTTP/1.1" 304 -
104.15.127.176.dynamic.wline.res.cust.swisscom.ch - - [04/Oct/2017:14:40:48 +0200] "GET /var/m_0/0d/0dd/12455/143580-SP_Heierling1.jpg HTTP/1.1" 304 -
104.15.127.176.dynamic.wline.res.cust.swisscom.ch - - [04/Oct/2017:14:40:48 +0200] "GET /var/m_0/0d/0dd/12455/8288159-EWD_rgb_pos.jpg HTTP/1.1" 304 -
104.15.127.176.dynamic.wline.res.cust.swisscom.ch - - [04/Oct/2017:14:40:48 +0200] "GET /var/m_0/0d/0dd/12455/143582-SP_Gipfel1.jpg HTTP/1.1" 304 -
104.15.127.176.dynamic.wline.res.cust.swisscom.ch - - [04/Oct/2017:14:40:48 +0200] "GET /var/m_0/0d/0dd/12455/8254793-J70_Davos.w1024.jpg HTTP/1.1" 304 -
104.15.127.176.dynamic.wline.res.cust.swisscom.ch - - [04/Oct/2017:14:40:48 +0200] "GET /var/m_0/0d/0dd/12455/125494-14_Vermietung.JPG HTTP/1.1" 304 -
104.15.127.176.dynamic.wline.res.cust.swisscom.ch - - [04/Oct/2017:14:40:48 +0200] "GET /var/m_0/0d/0dd/12455/143584-SP_Lemm1.jpg HTTP/1.1" 304 -
