baiduspider-180-76-15-135.crawl.baidu.com - - [14/Oct/2017:02:13:12 +0200] "GET / HTTP/1.1" 200 6440
baiduspider-180-76-15-135.crawl.baidu.com - - [14/Oct/2017:02:13:12 +0200] "GET / HTTP/1.1" 200 6440
msnbot-207-46-13-139.search.msn.com - - [14/Oct/2017:02:15:18 +0200] "GET /var/m_0/0d/0dd/12455/126374-6_Schnupperkurs.JPG HTTP/1.1" 200 53584
msnbot-207-46-13-139.search.msn.com - - [14/Oct/2017:02:15:18 +0200] "GET /var/m_0/0d/0dd/12455/126374-6_Schnupperkurs.JPG HTTP/1.1" 200 53584
ip-10-140.dataclub.eu - - [14/Oct/2017:02:22:07 +0200] "GET / HTTP/1.1" 200 35804
ip-10-140.dataclub.eu - - [14/Oct/2017:02:22:07 +0200] "GET / HTTP/1.1" 200 35804
ip-10-140.dataclub.eu - - [14/Oct/2017:02:22:08 +0200] "GET /aktuelles-wetter.shtml HTTP/1.1" 200 18388
ip-10-140.dataclub.eu - - [14/Oct/2017:02:22:08 +0200] "GET /%C3%BCber-uns.shtml HTTP/1.1" 200 21862
ip-10-140.dataclub.eu - - [14/Oct/2017:02:22:08 +0200] "GET /aktuelles-wetter.shtml HTTP/1.1" 200 18388
ip-10-140.dataclub.eu - - [14/Oct/2017:02:22:08 +0200] "GET /%C3%BCber-uns.shtml HTTP/1.1" 200 21862
ip-10-140.dataclub.eu - - [14/Oct/2017:02:22:09 +0200] "GET /davosersee.shtml HTTP/1.1" 200 19505
ip-10-140.dataclub.eu - - [14/Oct/2017:02:22:09 +0200] "GET /event-gruppesmartkat.shtml HTTP/1.1" 200 21256
ip-10-140.dataclub.eu - - [14/Oct/2017:02:22:09 +0200] "GET /davosersee.shtml HTTP/1.1" 200 19505
ip-10-140.dataclub.eu - - [14/Oct/2017:02:22:09 +0200] "GET /event-gruppesmartkat.shtml HTTP/1.1" 200 21256
ip-10-140.dataclub.eu - - [14/Oct/2017:02:22:09 +0200] "GET /event-matchracing.shtml HTTP/1.1" 200 21251
ip-10-140.dataclub.eu - - [14/Oct/2017:02:22:09 +0200] "GET /event-matchracing.shtml HTTP/1.1" 200 21251
ip-10-140.dataclub.eu - - [14/Oct/2017:02:22:10 +0200] "GET /events.shtml HTTP/1.1" 200 22514
ip-10-140.dataclub.eu - - [14/Oct/2017:02:22:10 +0200] "GET /events.shtml HTTP/1.1" 200 22514
ip-10-140.dataclub.eu - - [14/Oct/2017:02:22:10 +0200] "GET /event-pedalo.shtml HTTP/1.1" 200 20248
ip-10-140.dataclub.eu - - [14/Oct/2017:02:22:10 +0200] "GET /galerie-gruppesmartkat.shtml HTTP/1.1" 200 20574
ip-10-140.dataclub.eu - - [14/Oct/2017:02:22:10 +0200] "GET /flotte.shtml HTTP/1.1" 200 29241
ip-10-140.dataclub.eu - - [14/Oct/2017:02:22:10 +0200] "GET /event-pedalo.shtml HTTP/1.1" 200 20248
ip-10-140.dataclub.eu - - [14/Oct/2017:02:22:10 +0200] "GET /galerie-gruppesmartkat.shtml HTTP/1.1" 200 20574
ip-10-140.dataclub.eu - - [14/Oct/2017:02:22:10 +0200] "GET /flotte.shtml HTTP/1.1" 200 29241
ip-10-140.dataclub.eu - - [14/Oct/2017:02:22:11 +0200] "GET /galerie-sktrophy-2014.shtml HTTP/1.1" 200 29913
ip-10-140.dataclub.eu - - [14/Oct/2017:02:22:11 +0200] "GET /galerie-matchracing.shtml HTTP/1.1" 200 21704
ip-10-140.dataclub.eu - - [14/Oct/2017:02:22:11 +0200] "GET /galerie-sktrophy-2015.shtml HTTP/1.1" 200 49420
ip-10-140.dataclub.eu - - [14/Oct/2017:02:22:11 +0200] "GET /galerie.shtml HTTP/1.1" 200 22747
ip-10-140.dataclub.eu - - [14/Oct/2017:02:22:11 +0200] "GET /galerie-sktrophy-2014.shtml HTTP/1.1" 200 29913
ip-10-140.dataclub.eu - - [14/Oct/2017:02:22:11 +0200] "GET /galerie-matchracing.shtml HTTP/1.1" 200 21704
ip-10-140.dataclub.eu - - [14/Oct/2017:02:22:11 +0200] "GET /galerie-sktrophy-2015.shtml HTTP/1.1" 200 49420
ip-10-140.dataclub.eu - - [14/Oct/2017:02:22:11 +0200] "GET /galerie.shtml HTTP/1.1" 200 22747
ip-10-140.dataclub.eu - - [14/Oct/2017:02:22:12 +0200] "GET /kinder-segelkurs.shtml HTTP/1.1" 200 19898
ip-10-140.dataclub.eu - - [14/Oct/2017:02:22:12 +0200] "GET /kinder-segelkurs.shtml HTTP/1.1" 200 19898
ip-10-140.dataclub.eu - - [14/Oct/2017:02:22:12 +0200] "GET /kurse.shtml HTTP/1.1" 200 31031
ip-10-140.dataclub.eu - - [14/Oct/2017:02:22:12 +0200] "GET /kursanmeldung.shtml HTTP/1.1" 200 49926
ip-10-140.dataclub.eu - - [14/Oct/2017:02:22:12 +0200] "GET /kurse.shtml HTTP/1.1" 200 31031
ip-10-140.dataclub.eu - - [14/Oct/2017:02:22:12 +0200] "GET /kursanmeldung.shtml HTTP/1.1" 200 49926
ip-10-140.dataclub.eu - - [14/Oct/2017:02:22:13 +0200] "GET /pruefungskurs.shtml HTTP/1.1" 200 23039
ip-10-140.dataclub.eu - - [14/Oct/2017:02:22:13 +0200] "GET /segel-grundkurs.shtml HTTP/1.1" 200 21440
ip-10-140.dataclub.eu - - [14/Oct/2017:02:22:13 +0200] "GET /pruefungskurs.shtml HTTP/1.1" 200 23039
ip-10-140.dataclub.eu - - [14/Oct/2017:02:22:13 +0200] "GET /segel-grundkurs.shtml HTTP/1.1" 200 21440
ip-10-140.dataclub.eu - - [14/Oct/2017:02:22:13 +0200] "GET /optikurse-2014.shtml HTTP/1.1" 200 26353
ip-10-140.dataclub.eu - - [14/Oct/2017:02:22:13 +0200] "GET /optikurse-2014.shtml HTTP/1.1" 200 26353
ip-10-140.dataclub.eu - - [14/Oct/2017:02:22:14 +0200] "GET /standort.shtml HTTP/1.1" 200 17547
ip-10-140.dataclub.eu - - [14/Oct/2017:02:22:14 +0200] "GET /segelkurs-jollesmartkat.shtml HTTP/1.1" 200 19993
ip-10-140.dataclub.eu - - [14/Oct/2017:02:22:14 +0200] "GET /smartkat-crashkurs.shtml HTTP/1.1" 200 17863
ip-10-140.dataclub.eu - - [14/Oct/2017:02:22:14 +0200] "GET /standort.shtml HTTP/1.1" 200 17547
ip-10-140.dataclub.eu - - [14/Oct/2017:02:22:14 +0200] "GET /segelkurs-jollesmartkat.shtml HTTP/1.1" 200 19993
ip-10-140.dataclub.eu - - [14/Oct/2017:02:22:14 +0200] "GET /smartkat-crashkurs.shtml HTTP/1.1" 200 17863
ip-10-140.dataclub.eu - - [14/Oct/2017:02:22:15 +0200] "GET /js/functions_stripped.js?v=6.6.7.2.41064 HTTP/1.1" 200 7672
ip-10-140.dataclub.eu - - [14/Oct/2017:02:22:15 +0200] "GET /vermietung.shtml HTTP/1.1" 200 25728
ip-10-140.dataclub.eu - - [14/Oct/2017:02:22:15 +0200] "GET /Perspectiva.html? HTTP/1.1" 200 18069
ip-10-140.dataclub.eu - - [14/Oct/2017:02:22:15 +0200] "GET /js/jquery.lazyload.min.js?v=6.6.7.2.41064 HTTP/1.1" 200 3342
ip-10-140.dataclub.eu - - [14/Oct/2017:02:22:15 +0200] "GET /js/functions_stripped.js?v=6.6.7.2.41064 HTTP/1.1" 200 7672
ip-10-140.dataclub.eu - - [14/Oct/2017:02:22:15 +0200] "GET /vermietung.shtml HTTP/1.1" 200 25728
ip-10-140.dataclub.eu - - [14/Oct/2017:02:22:15 +0200] "GET /Perspectiva.html? HTTP/1.1" 200 18069
ip-10-140.dataclub.eu - - [14/Oct/2017:02:22:15 +0200] "GET /js/jquery.lazyload.min.js?v=6.6.7.2.41064 HTTP/1.1" 200 3342
ip-10-140.dataclub.eu - - [14/Oct/2017:02:22:15 +0200] "GET /aktuelles-wetter HTTP/1.1" 200 18388
ip-10-140.dataclub.eu - - [14/Oct/2017:02:22:15 +0200] "GET /aktuelles-wetter HTTP/1.1" 200 18388
crawl-66-249-64-28.googlebot.com - - [14/Oct/2017:02:39:14 +0200] "GET / HTTP/1.1" 200 6440
crawl-66-249-64-28.googlebot.com - - [14/Oct/2017:02:39:14 +0200] "GET / HTTP/1.1" 200 6440
