msnbot-157-55-39-76.search.msn.com - - [07/Nov/2017:04:36:42 +0100] "GET /var/m_0/0d/0dd/12455/7441141-37_Pedalo.jpg HTTP/1.1" 200 195132
msnbot-157-55-39-76.search.msn.com - - [07/Nov/2017:04:48:14 +0100] "GET /robots.txt HTTP/1.1" 200 80
msnbot-207-46-13-139.search.msn.com - - [07/Nov/2017:04:48:28 +0100] "GET /js/photoswipe/code.photoswipe-3.0.5.min.js?v=6.6.7.2.41276 HTTP/1.1" 200 16480
msnbot-207-46-13-139.search.msn.com - - [07/Nov/2017:04:48:29 +0100] "GET /templates/creator/m_f/fa/fa7/164/assets/slide.js?v=1483633820 HTTP/1.1" 200 662
msnbot-207-46-13-10.search.msn.com - - [07/Nov/2017:04:48:29 +0100] "GET /templates/creator/m_f/fa/fa7/164/assets/wp-menu.js?v=1483633820 HTTP/1.1" 200 1089
msnbot-207-46-13-10.search.msn.com - - [07/Nov/2017:04:48:29 +0100] "GET /js/functions_stripped.js?v=6.6.7.2.41276 HTTP/1.1" 200 3186
msnbot-207-46-13-10.search.msn.com - - [07/Nov/2017:04:48:29 +0100] "GET /js/footer/build_social_entries.min.js?v=6.6.7.2.41276 HTTP/1.1" 200 278
msnbot-207-46-13-10.search.msn.com - - [07/Nov/2017:04:48:29 +0100] "GET /js/photoswipe/photoswipe.css?v=6.6.7.2.41276 HTTP/1.1" 200 1156
msnbot-207-46-13-10.search.msn.com - - [07/Nov/2017:04:48:30 +0100] "GET /templates/creator/m_f/fa/fa7/164/css/main.min.css?v=1483633820 HTTP/1.1" 200 1797
msnbot-207-46-13-10.search.msn.com - - [07/Nov/2017:04:48:30 +0100] "GET /templates/creator/m_f/fa/fa7/164/css/style.min.css?v=1483633820 HTTP/1.1" 200 847
msnbot-157-55-39-76.search.msn.com - - [07/Nov/2017:04:48:32 +0100] "GET /templates/creator/m_f/fa/fa7/164/assets/respond.min.js?v=1483633820 HTTP/1.1" 200 2085
msnbot-157-55-39-76.search.msn.com - - [07/Nov/2017:04:48:32 +0100] "GET /js/footer/get_deps.min.js?v=6.6.7.2.41276 HTTP/1.1" 200 157
msnbot-157-55-39-76.search.msn.com - - [07/Nov/2017:04:48:32 +0100] "GET /css/skeleton.css HTTP/1.1" 200 3511
msnbot-40-77-167-41.search.msn.com - - [07/Nov/2017:04:48:35 +0100] "GET /css/widgets/concat_widget.min.css?v=6.6.7.2.41276 HTTP/1.1" 200 24507
msnbot-40-77-167-41.search.msn.com - - [07/Nov/2017:04:48:36 +0100] "GET /js/photoswipe/lib/klass.min.js?v=6.6.7.2.41276 HTTP/1.1" 200 625
nat-cs-technik-crawler-003.nat.fhnw.net - - [07/Nov/2017:04:56:58 +0100] "GET /robots.txt HTTP/1.1" 200 80
nat-cs-technik-crawler-003.nat.fhnw.net - - [07/Nov/2017:04:56:58 +0100] "GET / HTTP/1.1" 200 6440
nat-cs-technik-crawler-003.nat.fhnw.net - - [07/Nov/2017:04:57:00 +0100] "GET /%C3%BCber-uns.shtml HTTP/1.1" 200 4740
nat-cs-technik-crawler-003.nat.fhnw.net - - [07/Nov/2017:04:57:02 +0100] "GET /kurse.shtml HTTP/1.1" 200 6280
nat-cs-technik-crawler-003.nat.fhnw.net - - [07/Nov/2017:04:57:04 +0100] "GET /vermietung.shtml HTTP/1.1" 200 5099
nat-cs-technik-crawler-003.nat.fhnw.net - - [07/Nov/2017:04:57:06 +0100] "GET /standort.shtml HTTP/1.1" 200 4717
nat-cs-technik-crawler-003.nat.fhnw.net - - [07/Nov/2017:04:57:08 +0100] "GET /events.shtml HTTP/1.1" 200 5297
nat-cs-technik-crawler-003.nat.fhnw.net - - [07/Nov/2017:04:57:10 +0100] "GET /aktuelles-wetter.shtml HTTP/1.1" 200 4575
nat-cs-technik-crawler-003.nat.fhnw.net - - [07/Nov/2017:04:57:12 +0100] "GET /css/widgets/concat_widget.min.css?v=6.6.7.2.41064 HTTP/1.1" 200 24507
nat-cs-technik-crawler-003.nat.fhnw.net - - [07/Nov/2017:04:57:14 +0100] "GET /templates/creator/m_f/fa/fa7/164/css/main.min.css?v=1483633820 HTTP/1.1" 200 1797
nat-cs-technik-crawler-003.nat.fhnw.net - - [07/Nov/2017:04:57:17 +0100] "GET /templates/creator/m_f/fa/fa7/164/css/style.min.css?v=1483633820 HTTP/1.1" 200 847
nat-cs-technik-crawler-003.nat.fhnw.net - - [07/Nov/2017:04:57:18 +0100] "GET /segelkurs-jollesmartkat.shtml HTTP/1.1" 200 5139
nat-cs-technik-crawler-003.nat.fhnw.net - - [07/Nov/2017:04:57:20 +0100] "GET /event-pedalo.shtml HTTP/1.1" 200 5342
nat-cs-technik-crawler-003.nat.fhnw.net - - [07/Nov/2017:04:57:22 +0100] "GET /event-gruppesmartkat.shtml HTTP/1.1" 200 5645
nat-cs-technik-crawler-003.nat.fhnw.net - - [07/Nov/2017:04:57:24 +0100] "GET /optikurse-2014.shtml HTTP/1.1" 200 4938
nat-cs-technik-crawler-003.nat.fhnw.net - - [07/Nov/2017:04:57:26 +0100] "GET /galerie-matchracing.shtml HTTP/1.1" 200 4859
nat-cs-technik-crawler-003.nat.fhnw.net - - [07/Nov/2017:04:57:28 +0100] "GET /css/skeleton.css HTTP/1.1" 200 3511
nat-cs-technik-crawler-003.nat.fhnw.net - - [07/Nov/2017:04:57:30 +0100] "GET /%C3%BCber-uns HTTP/1.1" 200 4741
nat-cs-technik-crawler-003.nat.fhnw.net - - [07/Nov/2017:04:58:20 +0100] "GET /templates/resellers/7/favicon.ico?v=1506148998 HTTP/1.1" 200 4286
nat-cs-technik-crawler-003.nat.fhnw.net - - [07/Nov/2017:04:58:23 +0100] "GET /kurse HTTP/1.1" 200 6281
nat-cs-technik-crawler-003.nat.fhnw.net - - [07/Nov/2017:04:58:24 +0100] "GET /templates/resellers/7/favicon.ico?v=1506147134 HTTP/1.1" 200 4286
nat-cs-technik-crawler-003.nat.fhnw.net - - [07/Nov/2017:04:58:26 +0100] "GET /templates/resellers/7/favicon.ico?v=1506147147 HTTP/1.1" 200 4286
nat-cs-technik-crawler-003.nat.fhnw.net - - [07/Nov/2017:04:58:28 +0100] "GET /vermietung HTTP/1.1" 200 5100
nat-cs-technik-crawler-003.nat.fhnw.net - - [07/Nov/2017:04:58:30 +0100] "GET /standort HTTP/1.1" 200 4717
nat-cs-technik-crawler-003.nat.fhnw.net - - [07/Nov/2017:04:58:34 +0100] "GET /templates/resellers/7/favicon.ico?v=1506147146 HTTP/1.1" 200 4286
nat-cs-technik-crawler-003.nat.fhnw.net - - [07/Nov/2017:04:58:34 +0100] "GET /aktuelles-wetter HTTP/1.1" 200 4575
nat-cs-technik-crawler-003.nat.fhnw.net - - [07/Nov/2017:04:58:36 +0100] "GET /events HTTP/1.1" 200 5296
nat-cs-technik-crawler-003.nat.fhnw.net - - [07/Nov/2017:04:58:40 +0100] "GET /templates/resellers/7/favicon.ico?v=1506147118 HTTP/1.1" 200 4286
nat-cs-technik-crawler-003.nat.fhnw.net - - [07/Nov/2017:04:58:40 +0100] "GET /templates/resellers/7/favicon.ico?v=1506147107 HTTP/1.1" 200 4286
nat-cs-technik-crawler-003.nat.fhnw.net - - [07/Nov/2017:04:58:43 +0100] "GET /js/fancybox2/jquery.fancybox.min.css?v=6.6.7.2.41064 HTTP/1.1" 200 1020
nat-cs-technik-crawler-003.nat.fhnw.net - - [07/Nov/2017:04:58:44 +0100] "GET /kinder-segelkurs.shtml HTTP/1.1" 200 5171
nat-cs-technik-crawler-003.nat.fhnw.net - - [07/Nov/2017:04:58:46 +0100] "GET /galerie.shtml HTTP/1.1" 200 4483
nat-cs-technik-crawler-003.nat.fhnw.net - - [07/Nov/2017:04:58:48 +0100] "GET /davosersee.shtml HTTP/1.1" 200 5477
nat-cs-technik-crawler-003.nat.fhnw.net - - [07/Nov/2017:04:58:50 +0100] "GET /galerie-sktrophy-2015.shtml HTTP/1.1" 200 5939
nat-cs-technik-crawler-003.nat.fhnw.net - - [07/Nov/2017:04:58:52 +0100] "GET /kursanmeldung.shtml HTTP/1.1" 200 10952
nat-cs-technik-crawler-003.nat.fhnw.net - - [07/Nov/2017:04:58:54 +0100] "GET /event-matchracing.shtml HTTP/1.1" 200 5634
nat-cs-technik-crawler-003.nat.fhnw.net - - [07/Nov/2017:04:58:56 +0100] "GET /templates/resellers/7/favicon.ico?v=1506103971 HTTP/1.1" 200 4286
nat-cs-technik-crawler-003.nat.fhnw.net - - [07/Nov/2017:04:58:58 +0100] "GET /segel-grundkurs.shtml HTTP/1.1" 200 5378
nat-cs-technik-crawler-003.nat.fhnw.net - - [07/Nov/2017:04:59:00 +0100] "GET /smartkat-crashkurs.shtml HTTP/1.1" 200 4808
nat-cs-technik-crawler-003.nat.fhnw.net - - [07/Nov/2017:04:59:02 +0100] "GET /pruefungskurs.shtml HTTP/1.1" 200 5895
nat-cs-technik-crawler-003.nat.fhnw.net - - [07/Nov/2017:04:59:04 +0100] "GET /flotte.shtml HTTP/1.1" 200 6274
nat-cs-technik-crawler-003.nat.fhnw.net - - [07/Nov/2017:04:59:06 +0100] "GET /templates/resellers/7/favicon.ico?v=1506147154 HTTP/1.1" 200 4286
nat-cs-technik-crawler-003.nat.fhnw.net - - [07/Nov/2017:04:59:08 +0100] "GET /galerie-sktrophy-2014.shtml HTTP/1.1" 200 5044
nat-cs-technik-crawler-003.nat.fhnw.net - - [07/Nov/2017:04:59:10 +0100] "GET /galerie-gruppesmartkat.shtml HTTP/1.1" 200 4863
nat-cs-technik-crawler-003.nat.fhnw.net - - [07/Nov/2017:04:59:12 +0100] "GET /templates/resellers/7/favicon.ico?v=1506149035 HTTP/1.1" 200 4286
nat-cs-technik-crawler-003.nat.fhnw.net - - [07/Nov/2017:04:59:14 +0100] "GET /segelkurs-jollesmartkat HTTP/1.1" 200 5140
nat-cs-technik-crawler-003.nat.fhnw.net - - [07/Nov/2017:04:59:16 +0100] "GET /event-pedalo HTTP/1.1" 200 5342
nat-cs-technik-crawler-003.nat.fhnw.net - - [07/Nov/2017:04:59:18 +0100] "GET /templates/resellers/7/favicon.ico?v=1506147116 HTTP/1.1" 200 4286
nat-cs-technik-crawler-003.nat.fhnw.net - - [07/Nov/2017:04:59:20 +0100] "GET /event-gruppesmartkat HTTP/1.1" 200 5645
nat-cs-technik-crawler-003.nat.fhnw.net - - [07/Nov/2017:04:59:22 +0100] "GET /templates/resellers/7/favicon.ico?v=1506149005 HTTP/1.1" 200 4286
nat-cs-technik-crawler-003.nat.fhnw.net - - [07/Nov/2017:04:59:24 +0100] "GET /templates/resellers/7/favicon.ico?v=1506149030 HTTP/1.1" 200 4286
nat-cs-technik-crawler-003.nat.fhnw.net - - [07/Nov/2017:04:59:26 +0100] "GET /optikurse-2014 HTTP/1.1" 200 4938
nat-cs-technik-crawler-003.nat.fhnw.net - - [07/Nov/2017:04:59:28 +0100] "GET /galerie-matchracing HTTP/1.1" 200 4859
nat-cs-technik-crawler-003.nat.fhnw.net - - [07/Nov/2017:04:59:30 +0100] "GET /templates/resellers/7/favicon.ico?v=1506147123 HTTP/1.1" 200 4286
nat-cs-technik-crawler-003.nat.fhnw.net - - [07/Nov/2017:04:59:32 +0100] "GET /templates/resellers/7/favicon.ico?v=1506147177 HTTP/1.1" 200 4286
nat-cs-technik-crawler-003.nat.fhnw.net - - [07/Nov/2017:04:59:34 +0100] "GET /templates/resellers/7/favicon.ico?v=1506296826 HTTP/1.1" 200 4286
nat-cs-technik-crawler-003.nat.fhnw.net - - [07/Nov/2017:04:59:36 +0100] "GET /templates/resellers/7/favicon.ico?v=1506294954 HTTP/1.1" 200 4286
nat-cs-technik-crawler-003.nat.fhnw.net - - [07/Nov/2017:04:59:38 +0100] "GET /templates/resellers/7/favicon.ico?v=1506147164 HTTP/1.1" 200 4286
nat-cs-technik-crawler-003.nat.fhnw.net - - [07/Nov/2017:04:59:40 +0100] "GET /templates/resellers/7/favicon.ico?v=1506147131 HTTP/1.1" 200 4286
nat-cs-technik-crawler-003.nat.fhnw.net - - [07/Nov/2017:04:59:42 +0100] "GET /kinder-segelkurs HTTP/1.1" 200 5172
nat-cs-technik-crawler-003.nat.fhnw.net - - [07/Nov/2017:04:59:44 +0100] "GET /galerie HTTP/1.1" 200 4483
nat-cs-technik-crawler-003.nat.fhnw.net - - [07/Nov/2017:04:59:46 +0100] "GET /templates/resellers/7/favicon.ico?v=1506149023 HTTP/1.1" 200 4286
nat-cs-technik-crawler-003.nat.fhnw.net - - [07/Nov/2017:04:59:48 +0100] "GET /davosersee HTTP/1.1" 200 5477
nat-cs-technik-crawler-003.nat.fhnw.net - - [07/Nov/2017:04:59:50 +0100] "GET /templates/resellers/7/favicon.ico?v=1506147110 HTTP/1.1" 200 4286
nat-cs-technik-crawler-003.nat.fhnw.net - - [07/Nov/2017:04:59:53 +0100] "GET /galerie-sktrophy-2015 HTTP/1.1" 200 5939
nat-cs-technik-crawler-003.nat.fhnw.net - - [07/Nov/2017:04:59:54 +0100] "GET /templates/resellers/7/favicon.ico?v=1506149021 HTTP/1.1" 200 4286
nat-cs-technik-crawler-003.nat.fhnw.net - - [07/Nov/2017:04:59:56 +0100] "GET /kursanmeldung HTTP/1.1" 200 10945
nat-cs-technik-crawler-003.nat.fhnw.net - - [07/Nov/2017:04:59:58 +0100] "GET /templates/resellers/7/favicon.ico?v=1506109630 HTTP/1.1" 200 4286
