137.174.107.92.dynamic.wline.res.cust.swisscom.ch - - [11/Nov/2017:12:07:43 +0100] "GET /segel-grundkurs.shtml HTTP/1.1" 200 5378
137.174.107.92.dynamic.wline.res.cust.swisscom.ch - - [11/Nov/2017:12:07:43 +0100] "GET /apple-touch-icon-precomposed.png HTTP/1.1" 200 18205
137.174.107.92.dynamic.wline.res.cust.swisscom.ch - - [11/Nov/2017:12:07:45 +0100] "GET /apple-touch-icon.png HTTP/1.1" 200 18205
137.174.107.92.dynamic.wline.res.cust.swisscom.ch - - [11/Nov/2017:12:07:46 +0100] "GET /templates/resellers/7/favicon.ico?v=1506149034 HTTP/1.1" 200 4286
137.174.107.92.dynamic.wline.res.cust.swisscom.ch - - [11/Nov/2017:12:07:47 +0100] "GET /apple-touch-icon-precomposed.png HTTP/1.1" 200 4297
137.174.107.92.dynamic.wline.res.cust.swisscom.ch - - [11/Nov/2017:12:07:47 +0100] "GET /apple-touch-icon.png HTTP/1.1" 200 4297
137.174.107.92.dynamic.wline.res.cust.swisscom.ch - - [11/Nov/2017:12:07:47 +0100] "GET /templates/resellers/7/favicon.ico?v=1509574817 HTTP/1.1" 200 4286
137.174.107.92.dynamic.wline.res.cust.swisscom.ch - - [11/Nov/2017:12:07:47 +0100] "GET /segel-grundkurs.shtml HTTP/1.1" 200 5365
msnbot-157-55-39-44.search.msn.com - - [11/Nov/2017:12:16:51 +0100] "GET /gallery/displayimage.php?album=random&cat=0&pos=-75 HTTP/1.1" 200 191
msnbot-157-55-39-44.search.msn.com - - [11/Nov/2017:12:16:51 +0100] "GET /gallery/displayimage.php?album=random&cat=0&pos=-102 HTTP/1.1" 200 191
msnbot-157-55-39-44.search.msn.com - - [11/Nov/2017:12:16:52 +0100] "GET /gallery/displayimage.php?album=random&cat=0&pos=-173 HTTP/1.1" 200 191
msnbot-157-55-39-44.search.msn.com - - [11/Nov/2017:12:16:52 +0100] "GET /gallery/displayimage.php?album=random&cat=0&pos=-79 HTTP/1.1" 200 191
msnbot-157-55-39-44.search.msn.com - - [11/Nov/2017:12:16:52 +0100] "GET /gallery/displayimage.php?album=random&cat=0&pos=-89 HTTP/1.1" 200 191
msnbot-157-55-39-44.search.msn.com - - [11/Nov/2017:12:16:53 +0100] "GET /gallery/displayimage.php?album=lastup&cat=0&pos=1 HTTP/1.1" 200 191
msnbot-157-55-39-44.search.msn.com - - [11/Nov/2017:12:16:53 +0100] "GET /gallery/displayimage.php?album=random&cat=0&pos=-151 HTTP/1.1" 200 191
msnbot-157-55-39-39.search.msn.com - - [11/Nov/2017:12:16:57 +0100] "GET /gallery/thumbnails.php?album=toprated HTTP/1.1" 200 191
msnbot-157-55-39-39.search.msn.com - - [11/Nov/2017:12:16:57 +0100] "GET /gallery/displayimage.php?album=random&cat=0&pos=-101 HTTP/1.1" 200 191
msnbot-157-55-39-39.search.msn.com - - [11/Nov/2017:12:16:57 +0100] "GET /gallery/thumbnails.php?album=toprated&cat=0 HTTP/1.1" 200 191
msnbot-157-55-39-39.search.msn.com - - [11/Nov/2017:12:16:58 +0100] "GET /gallery/displayimage.php?album=random&cat=0&pos=-133 HTTP/1.1" 200 191
msnbot-157-55-39-39.search.msn.com - - [11/Nov/2017:12:16:58 +0100] "GET /gallery/displayimage.php?album=random&cat=0&pos=-145 HTTP/1.1" 200 191
msnbot-157-55-39-39.search.msn.com - - [11/Nov/2017:12:16:58 +0100] "GET /gallery/displayimage.php?album=random&cat=0&pos=-81 HTTP/1.1" 200 191
msnbot-157-55-39-39.search.msn.com - - [11/Nov/2017:12:16:58 +0100] "GET /gallery/displayimage.php?album=random&cat=0&pos=-149 HTTP/1.1" 200 191
hydrogen267.a.ahrefs.com - - [11/Nov/2017:12:50:49 +0100] "GET /var/m_0/0d/0dd/12455/143488-G1_SKT2014_11.JPG HTTP/1.1" 200 120429
