hydrogen191.a.ahrefs.com - - [28/Nov/2017:23:03:46 +0100] "GET /pruefungskurs.shtml HTTP/1.1" 200 5895
carbon152.a.ahrefs.com - - [28/Nov/2017:23:03:46 +0100] "GET /robots.txt HTTP/1.1" 200 80
msnbot-157-55-39-190.search.msn.com - - [28/Nov/2017:23:05:41 +0100] "GET / HTTP/1.1" 200 6440
msnbot-207-46-13-126.search.msn.com - - [28/Nov/2017:23:09:38 +0100] "GET / HTTP/1.1" 200 6440
carbon172.a.ahrefs.com - - [28/Nov/2017:23:13:34 +0100] "GET /robots.txt HTTP/1.1" 200 80
hydrogen113.a.ahrefs.com - - [28/Nov/2017:23:13:34 +0100] "GET /var/m_0/0d/0dd/12455/6564703-G3_SKT2015_32.jpg HTTP/1.1" 200 112691
reverse-dns.chicago - - [28/Nov/2017:23:24:50 +0100] "GET / HTTP/1.1" 200 35804
reverse-dns.chicago - - [28/Nov/2017:23:24:53 +0100] "GET /events.shtml HTTP/1.1" 200 22514
reverse-dns.chicago - - [28/Nov/2017:23:24:54 +0100] "GET /galerie.shtml HTTP/1.1" 200 22747
reverse-dns.chicago - - [28/Nov/2017:23:24:59 +0100] "GET /kurse.shtml HTTP/1.1" 200 31031
reverse-dns.chicago - - [28/Nov/2017:23:25:00 +0100] "GET /vermietung.shtml HTTP/1.1" 200 25728
reverse-dns.chicago - - [28/Nov/2017:23:25:00 +0100] "GET /event-gruppesmartkat.shtml HTTP/1.1" 200 21256
reverse-dns.chicago - - [28/Nov/2017:23:25:01 +0100] "GET /event-matchracing.shtml HTTP/1.1" 200 21251
reverse-dns.chicago - - [28/Nov/2017:23:25:02 +0100] "GET /galerie-gruppesmartkat.shtml HTTP/1.1" 200 20574
reverse-dns.chicago - - [28/Nov/2017:23:25:02 +0100] "GET /event-pedalo.shtml HTTP/1.1" 200 20248
reverse-dns.chicago - - [28/Nov/2017:23:25:02 +0100] "GET /galerie-matchracing.shtml HTTP/1.1" 200 21704
reverse-dns.chicago - - [28/Nov/2017:23:25:03 +0100] "GET /galerie-sktrophy-2014.shtml HTTP/1.1" 200 29913
reverse-dns.chicago - - [28/Nov/2017:23:25:04 +0100] "GET /galerie-sktrophy-2015.shtml HTTP/1.1" 200 49420
reverse-dns.chicago - - [28/Nov/2017:23:25:05 +0100] "GET /kinder-segelkurs.shtml HTTP/1.1" 200 19898
reverse-dns.chicago - - [28/Nov/2017:23:25:05 +0100] "GET /optikurse-2014.shtml HTTP/1.1" 200 26353
reverse-dns.chicago - - [28/Nov/2017:23:25:06 +0100] "GET /pruefungskurs.shtml HTTP/1.1" 200 23039
reverse-dns.chicago - - [28/Nov/2017:23:25:07 +0100] "GET /segel-grundkurs.shtml HTTP/1.1" 200 21440
reverse-dns.chicago - - [28/Nov/2017:23:25:07 +0100] "GET /segelkurs-jollesmartkat.shtml HTTP/1.1" 200 19993
reverse-dns.chicago - - [28/Nov/2017:23:25:08 +0100] "GET /smartkat-crashkurs.shtml HTTP/1.1" 200 17863
reverse-dns.chicago - - [28/Nov/2017:23:25:09 +0100] "GET /flotte.shtml HTTP/1.1" 200 29241
reverse-dns.chicago - - [28/Nov/2017:23:25:10 +0100] "GET /Perspectiva.html? HTTP/1.1" 200 18069
reverse-dns.chicago - - [28/Nov/2017:23:25:10 +0100] "GET /js/jquery.lazyload.min.js?v=6.6.7.2.41064 HTTP/1.1" 200 3342
reverse-dns.chicago - - [28/Nov/2017:23:25:10 +0100] "GET /js/functions_stripped.js?v=6.6.7.2.41064 HTTP/1.1" 200 7672
reverse-dns.chicago - - [28/Nov/2017:23:25:11 +0100] "GET /js/).html(a);null==$( HTTP/1.1" 200 219
reverse-dns.chicago - - [28/Nov/2017:23:25:13 +0100] "GET /js/index.php?sid=46&lang=en&item=1&act=users&ajax=state HTTP/1.1" 200 210
reverse-dns.chicago - - [28/Nov/2017:23:25:14 +0100] "GET /davosersee HTTP/1.1" 200 19505
reverse-dns.chicago - - [28/Nov/2017:23:25:14 +0100] "GET /aktuelles-wetter HTTP/1.1" 200 18388
reverse-dns.chicago - - [28/Nov/2017:23:25:15 +0100] "GET /event-gruppesmartkat HTTP/1.1" 200 21256
reverse-dns.chicago - - [28/Nov/2017:23:25:15 +0100] "GET /event-matchracing HTTP/1.1" 200 21251
reverse-dns.chicago - - [28/Nov/2017:23:25:16 +0100] "GET /event-pedalo HTTP/1.1" 200 20248
reverse-dns.chicago - - [28/Nov/2017:23:25:16 +0100] "GET /events HTTP/1.1" 200 22514
msnbot-157-55-39-190.search.msn.com - - [28/Nov/2017:23:38:28 +0100] "GET /var/m_0/0d/0dd/12455/125489-5_Pr%C3%BCfungskurs.JPG HTTP/1.1" 200 53669
37-115-188-235.broadband.kyivstar.net - - [28/Nov/2017:23:41:14 +0100] "GET / HTTP/1.1" 200 35804
37-115-188-235.broadband.kyivstar.net - - [28/Nov/2017:23:41:13 +0100] "GET / HTTP/1.1" 200 35804
