static.34.59.201.138.clients.your-server.de - - [03/Dec/2017:02:07:00 +0100] "GET /robots.txt HTTP/1.0" 200 120
static.34.59.201.138.clients.your-server.de - - [03/Dec/2017:02:07:02 +0100] "GET / HTTP/1.0" 200 35804
static.34.59.201.138.clients.your-server.de - - [03/Dec/2017:02:07:04 +0100] "GET /templates/resellers/7/favicon.ico?v=1506103971 HTTP/1.0" 200 4286
static.34.59.201.138.clients.your-server.de - - [03/Dec/2017:02:07:06 +0100] "GET /css/widgets/concat_widget.min.css?v=6.6.7.2.41064 HTTP/1.0" 200 138686
static.34.59.201.138.clients.your-server.de - - [03/Dec/2017:02:07:07 +0100] "GET /templates/creator/m_f/fa/fa7/164/css/main.min.css?v=1483633820 HTTP/1.0" 200 7582
static.34.59.201.138.clients.your-server.de - - [03/Dec/2017:02:07:09 +0100] "GET /templates/creator/m_f/fa/fa7/164/css/style.min.css?v=1483633820 HTTP/1.0" 200 2787
static.34.59.201.138.clients.your-server.de - - [03/Dec/2017:02:07:10 +0100] "GET /js/footer/get_deps.min.js?v=6.6.7.2.41064 HTTP/1.0" 200 149
static.34.59.201.138.clients.your-server.de - - [03/Dec/2017:02:07:12 +0100] "GET /js/footer/build_social_entries.min.js?v=6.6.7.2.41064 HTTP/1.0" 200 766
static.34.59.201.138.clients.your-server.de - - [03/Dec/2017:02:07:14 +0100] "GET /css/skeleton.css HTTP/1.0" 200 18022
123.125.67.227 - - [03/Dec/2017:02:23:34 +0100] "GET /robots.txt HTTP/1.1" 200 80
baiduspider-123-125-71-42.crawl.baidu.com - - [03/Dec/2017:02:24:10 +0100] "GET /templates/resellers/7/favicon.ico HTTP/1.1" 200 4286
static.kpn.net - - [03/Dec/2017:02:25:01 +0100] "GET /davosersee.shtml HTTP/1.1" 200 19505
static.kpn.net - - [03/Dec/2017:02:25:01 +0100] "GET /aktuelles-wetter.shtml HTTP/1.1" 200 18388
static.kpn.net - - [03/Dec/2017:02:25:00 +0100] "GET / HTTP/1.1" 200 35804
static.kpn.net - - [03/Dec/2017:02:25:01 +0100] "GET /%C3%BCber-uns.shtml HTTP/1.1" 200 21862
static.kpn.net - - [03/Dec/2017:02:25:02 +0100] "GET /event-gruppesmartkat.shtml HTTP/1.1" 200 21256
static.kpn.net - - [03/Dec/2017:02:25:02 +0100] "GET /event-matchracing.shtml HTTP/1.1" 200 21251
static.kpn.net - - [03/Dec/2017:02:25:02 +0100] "GET /event-pedalo.shtml HTTP/1.1" 200 20248
static.kpn.net - - [03/Dec/2017:02:25:04 +0100] "GET /events.shtml HTTP/1.1" 200 22514
static.kpn.net - - [03/Dec/2017:02:25:04 +0100] "GET /galerie-matchracing.shtml HTTP/1.1" 200 21704
static.kpn.net - - [03/Dec/2017:02:25:04 +0100] "GET /galerie-gruppesmartkat.shtml HTTP/1.1" 200 20574
static.kpn.net - - [03/Dec/2017:02:25:04 +0100] "GET /galerie-sktrophy-2015.shtml HTTP/1.1" 200 49420
static.kpn.net - - [03/Dec/2017:02:25:04 +0100] "GET /flotte.shtml HTTP/1.1" 200 29241
static.kpn.net - - [03/Dec/2017:02:25:04 +0100] "GET /galerie-sktrophy-2014.shtml HTTP/1.1" 200 29913
static.kpn.net - - [03/Dec/2017:02:25:04 +0100] "GET /galerie.shtml HTTP/1.1" 200 22747
static.kpn.net - - [03/Dec/2017:02:25:05 +0100] "GET /kurse.shtml HTTP/1.1" 200 31031
static.kpn.net - - [03/Dec/2017:02:25:05 +0100] "GET /kinder-segelkurs.shtml HTTP/1.1" 200 19898
static.kpn.net - - [03/Dec/2017:02:25:05 +0100] "GET /kursanmeldung.shtml HTTP/1.1" 200 49926
static.kpn.net - - [03/Dec/2017:02:25:05 +0100] "GET /optikurse-2014.shtml HTTP/1.1" 200 26353
static.kpn.net - - [03/Dec/2017:02:25:05 +0100] "GET /pruefungskurs.shtml HTTP/1.1" 200 23039
static.kpn.net - - [03/Dec/2017:02:25:06 +0100] "GET /segel-grundkurs.shtml HTTP/1.1" 200 21440
static.kpn.net - - [03/Dec/2017:02:25:06 +0100] "GET /Perspectiva.html? HTTP/1.1" 200 18069
static.kpn.net - - [03/Dec/2017:02:25:06 +0100] "GET /standort.shtml HTTP/1.1" 200 17547
static.kpn.net - - [03/Dec/2017:02:25:06 +0100] "GET /js/functions_stripped.js?v=6.6.7.2.41064 HTTP/1.1" 200 7672
static.kpn.net - - [03/Dec/2017:02:25:06 +0100] "GET /smartkat-crashkurs.shtml HTTP/1.1" 200 17863
static.kpn.net - - [03/Dec/2017:02:25:06 +0100] "GET /js/jquery.lazyload.min.js?v=6.6.7.2.41064 HTTP/1.1" 200 3342
static.kpn.net - - [03/Dec/2017:02:25:06 +0100] "GET /segelkurs-jollesmartkat.shtml HTTP/1.1" 200 19993
static.kpn.net - - [03/Dec/2017:02:25:06 +0100] "GET /vermietung.shtml HTTP/1.1" 200 25728
static.kpn.net - - [03/Dec/2017:02:25:07 +0100] "GET /aktuelles-wetter HTTP/1.1" 200 18388
msnbot-207-46-13-67.search.msn.com - - [03/Dec/2017:02:29:32 +0100] "GET /var/m_0/0d/0dd/12455/125495-15_Event.JPG HTTP/1.1" 200 59088
ns309394.ip-188-165-200.eu - - [03/Dec/2017:02:34:33 +0100] "HEAD / HTTP/1.1" 403 -
134-249-52-116.broadband.kyivstar.net - - [03/Dec/2017:02:39:56 +0100] "GET / HTTP/1.1" 200 35804
134-249-52-116.broadband.kyivstar.net - - [03/Dec/2017:02:39:56 +0100] "GET / HTTP/1.1" 200 35804
134-249-52-116.broadband.kyivstar.net - - [03/Dec/2017:02:39:55 +0100] "GET / HTTP/1.1" 200 35804
134-249-52-116.broadband.kyivstar.net - - [03/Dec/2017:02:39:57 +0100] "GET / HTTP/1.1" 200 35804
134-249-52-116.broadband.kyivstar.net - - [03/Dec/2017:02:39:58 +0100] "GET / HTTP/1.1" 200 35804
b115340.yse.yahoo.net - - [03/Dec/2017:02:48:04 +0100] "GET /galerie-sktrophy-2014.shtml HTTP/1.1" 200 5044
