ec2-34-240-217-136.eu-west-1.compute.amazonaws.com - - [09/Oct/2017:01:17:05 +0200] "GET /robots.txt HTTP/1.1" 200 80
ec2-34-240-217-136.eu-west-1.compute.amazonaws.com - - [09/Oct/2017:01:17:05 +0200] "GET / HTTP/1.1" 200 6440
ec2-34-240-217-136.eu-west-1.compute.amazonaws.com - - [09/Oct/2017:01:18:25 +0200] "GET /kurse.shtml HTTP/1.1" 200 6280
ec2-34-240-217-136.eu-west-1.compute.amazonaws.com - - [09/Oct/2017:01:18:25 +0200] "GET /kinder-segelkurs.shtml HTTP/1.1" 200 5171
ec2-34-240-217-136.eu-west-1.compute.amazonaws.com - - [09/Oct/2017:01:18:24 +0200] "GET /davosersee.shtml HTTP/1.1" 200 5477
ec2-34-240-217-136.eu-west-1.compute.amazonaws.com - - [09/Oct/2017:01:18:25 +0200] "GET /segelkurs-jollesmartkat.shtml HTTP/1.1" 200 5139
ec2-34-240-217-136.eu-west-1.compute.amazonaws.com - - [09/Oct/2017:01:18:27 +0200] "GET /segel-grundkurs.shtml HTTP/1.1" 200 5378
ec2-34-240-217-136.eu-west-1.compute.amazonaws.com - - [09/Oct/2017:01:18:26 +0200] "GET /smartkat-crashkurs.shtml HTTP/1.1" 200 4808
ec2-34-240-217-136.eu-west-1.compute.amazonaws.com - - [09/Oct/2017:01:18:27 +0200] "GET /events.shtml HTTP/1.1" 200 5297
ec2-34-240-217-136.eu-west-1.compute.amazonaws.com - - [09/Oct/2017:01:18:27 +0200] "GET /event-matchracing.shtml HTTP/1.1" 200 5634
ec2-34-240-217-136.eu-west-1.compute.amazonaws.com - - [09/Oct/2017:01:18:27 +0200] "GET /event-pedalo.shtml HTTP/1.1" 200 5342
ec2-34-240-217-136.eu-west-1.compute.amazonaws.com - - [09/Oct/2017:01:18:27 +0200] "GET /flotte.shtml HTTP/1.1" 200 6274
ec2-34-240-217-136.eu-west-1.compute.amazonaws.com - - [09/Oct/2017:01:18:27 +0200] "GET /vermietung.shtml HTTP/1.1" 200 5099
ec2-34-240-217-136.eu-west-1.compute.amazonaws.com - - [09/Oct/2017:01:18:27 +0200] "GET /galerie.shtml HTTP/1.1" 200 4483
ec2-34-240-217-136.eu-west-1.compute.amazonaws.com - - [09/Oct/2017:01:18:27 +0200] "GET /pruefungskurs.shtml HTTP/1.1" 200 5895
ec2-34-240-217-136.eu-west-1.compute.amazonaws.com - - [09/Oct/2017:01:18:27 +0200] "GET /event-gruppesmartkat.shtml HTTP/1.1" 200 5645
ec2-34-240-217-136.eu-west-1.compute.amazonaws.com - - [09/Oct/2017:01:18:29 +0200] "GET /%C3%BCber-uns.shtml HTTP/1.1" 200 4740
ec2-34-240-217-136.eu-west-1.compute.amazonaws.com - - [09/Oct/2017:01:18:29 +0200] "GET /aktuelles-wetter.shtml HTTP/1.1" 200 4575
ec2-34-240-217-136.eu-west-1.compute.amazonaws.com - - [09/Oct/2017:01:18:29 +0200] "GET /kurse HTTP/1.1" 200 6281
ec2-34-240-217-136.eu-west-1.compute.amazonaws.com - - [09/Oct/2017:01:18:29 +0200] "GET /standort.shtml HTTP/1.1" 200 4717
ec2-34-240-217-136.eu-west-1.compute.amazonaws.com - - [09/Oct/2017:01:18:29 +0200] "GET /kursanmeldung.shtml HTTP/1.1" 200 10952
ec2-34-240-217-136.eu-west-1.compute.amazonaws.com - - [09/Oct/2017:01:18:29 +0200] "GET /galerie HTTP/1.1" 200 4483
ec2-34-240-217-136.eu-west-1.compute.amazonaws.com - - [09/Oct/2017:01:18:29 +0200] "GET /vermietung HTTP/1.1" 200 5100
ec2-34-240-217-136.eu-west-1.compute.amazonaws.com - - [09/Oct/2017:01:18:29 +0200] "GET /galerie-gruppesmartkat.shtml HTTP/1.1" 200 4863
ec2-34-240-217-136.eu-west-1.compute.amazonaws.com - - [09/Oct/2017:01:18:29 +0200] "GET /optikurse-2014.shtml HTTP/1.1" 200 4938
ec2-34-240-217-136.eu-west-1.compute.amazonaws.com - - [09/Oct/2017:01:18:28 +0200] "GET /galerie-sktrophy-2015.shtml HTTP/1.1" 200 5939
ec2-34-240-217-136.eu-west-1.compute.amazonaws.com - - [09/Oct/2017:01:18:29 +0200] "GET /galerie-matchracing.shtml HTTP/1.1" 200 4859
ec2-34-240-217-136.eu-west-1.compute.amazonaws.com - - [09/Oct/2017:01:18:29 +0200] "GET /galerie-sktrophy-2014.shtml HTTP/1.1" 200 5044
ec2-34-240-217-136.eu-west-1.compute.amazonaws.com - - [09/Oct/2017:01:18:30 +0200] "GET /galerie-matchracing HTTP/1.1" 200 4859
ec2-34-240-217-136.eu-west-1.compute.amazonaws.com - - [09/Oct/2017:01:18:30 +0200] "GET /galerie-sktrophy-2015 HTTP/1.1" 200 5939
ec2-34-240-217-136.eu-west-1.compute.amazonaws.com - - [09/Oct/2017:01:18:30 +0200] "GET /events HTTP/1.1" 200 5296
ec2-34-240-217-136.eu-west-1.compute.amazonaws.com - - [09/Oct/2017:01:18:31 +0200] "GET /segelkurs-jollesmartkat HTTP/1.1" 200 5140
ec2-34-240-217-136.eu-west-1.compute.amazonaws.com - - [09/Oct/2017:01:18:31 +0200] "GET /galerie-gruppesmartkat HTTP/1.1" 200 4863
ec2-34-240-217-136.eu-west-1.compute.amazonaws.com - - [09/Oct/2017:01:18:31 +0200] "GET /optikurse-2014 HTTP/1.1" 200 4938
ec2-34-240-217-136.eu-west-1.compute.amazonaws.com - - [09/Oct/2017:01:18:31 +0200] "GET /galerie-sktrophy-2014 HTTP/1.1" 200 5044
ec2-34-240-217-136.eu-west-1.compute.amazonaws.com - - [09/Oct/2017:01:18:31 +0200] "GET /kinder-segelkurs HTTP/1.1" 200 5172
ec2-34-240-217-136.eu-west-1.compute.amazonaws.com - - [09/Oct/2017:01:18:32 +0200] "GET /event-gruppesmartkat HTTP/1.1" 200 5645
ec2-34-240-217-136.eu-west-1.compute.amazonaws.com - - [09/Oct/2017:01:18:32 +0200] "GET /event-pedalo HTTP/1.1" 200 5342
ec2-34-240-217-136.eu-west-1.compute.amazonaws.com - - [09/Oct/2017:01:18:32 +0200] "GET /smartkat-crashkurs HTTP/1.1" 200 4808
ec2-34-240-217-136.eu-west-1.compute.amazonaws.com - - [09/Oct/2017:01:18:32 +0200] "GET /segel-grundkurs HTTP/1.1" 200 5378
ec2-34-240-217-136.eu-west-1.compute.amazonaws.com - - [09/Oct/2017:01:18:32 +0200] "GET /pruefungskurs HTTP/1.1" 200 5895
ec2-34-240-217-136.eu-west-1.compute.amazonaws.com - - [09/Oct/2017:01:18:32 +0200] "GET /%C3%BCber-uns HTTP/1.1" 200 4741
ec2-34-240-217-136.eu-west-1.compute.amazonaws.com - - [09/Oct/2017:01:18:32 +0200] "GET /event-matchracing HTTP/1.1" 200 5634
ec2-34-240-217-136.eu-west-1.compute.amazonaws.com - - [09/Oct/2017:01:18:32 +0200] "GET /flotte HTTP/1.1" 200 6274
ec2-34-240-217-136.eu-west-1.compute.amazonaws.com - - [09/Oct/2017:01:18:32 +0200] "GET /standort HTTP/1.1" 200 4717
ec2-34-240-217-136.eu-west-1.compute.amazonaws.com - - [09/Oct/2017:01:18:32 +0200] "GET /davosersee HTTP/1.1" 200 5477
ec2-34-240-217-136.eu-west-1.compute.amazonaws.com - - [09/Oct/2017:01:18:32 +0200] "GET /aktuelles-wetter HTTP/1.1" 200 4575
ec2-52-16-32-106.eu-west-1.compute.amazonaws.com - - [09/Oct/2017:01:18:33 +0200] "GET /kursanmeldung.shtml HTTP/1.1" 200 10952
ec2-52-16-32-106.eu-west-1.compute.amazonaws.com - - [09/Oct/2017:01:18:33 +0200] "GET /standort.shtml HTTP/1.1" 200 4717
ec2-52-16-32-106.eu-west-1.compute.amazonaws.com - - [09/Oct/2017:01:18:34 +0200] "GET /aktuelles-wetter.shtml HTTP/1.1" 200 4575
ec2-52-16-32-106.eu-west-1.compute.amazonaws.com - - [09/Oct/2017:01:18:34 +0200] "GET /kursanmeldung HTTP/1.1" 200 10945
ec2-52-16-32-106.eu-west-1.compute.amazonaws.com - - [09/Oct/2017:01:18:35 +0200] "GET /davosersee.shtml HTTP/1.1" 200 5477
ec2-52-16-32-106.eu-west-1.compute.amazonaws.com - - [09/Oct/2017:01:18:35 +0200] "GET /%C3%BCber-uns.shtml HTTP/1.1" 200 4740
msnbot-207-46-13-63.search.msn.com - - [09/Oct/2017:01:27:23 +0200] "GET /var/m_0/0d/0dd/12455/125500-33_Opti.jpg HTTP/1.1" 200 104538
msnbot-207-46-13-63.search.msn.com - - [09/Oct/2017:01:30:59 +0200] "GET /%C3%83%C6%92%C3%82%C2%BCber-uns HTTP/1.1" 200 4296
