24.204.15.62.static.jazztel.es - - [06/Dec/2017:17:09:34 +0100] "GET / HTTP/1.1" 200 35804
24.204.15.62.static.jazztel.es - - [06/Dec/2017:17:09:34 +0100] "GET /%C3%BCber-uns.shtml HTTP/1.1" 200 21862
24.204.15.62.static.jazztel.es - - [06/Dec/2017:17:09:35 +0100] "GET /davosersee.shtml HTTP/1.1" 200 19505
24.204.15.62.static.jazztel.es - - [06/Dec/2017:17:09:35 +0100] "GET /aktuelles-wetter.shtml HTTP/1.1" 200 18388
24.204.15.62.static.jazztel.es - - [06/Dec/2017:17:09:35 +0100] "GET /event-gruppesmartkat.shtml HTTP/1.1" 200 21256
24.204.15.62.static.jazztel.es - - [06/Dec/2017:17:09:36 +0100] "GET /event-matchracing.shtml HTTP/1.1" 200 21251
24.204.15.62.static.jazztel.es - - [06/Dec/2017:17:09:36 +0100] "GET /event-pedalo.shtml HTTP/1.1" 200 20248
24.204.15.62.static.jazztel.es - - [06/Dec/2017:17:09:37 +0100] "GET /flotte.shtml HTTP/1.1" 200 29241
24.204.15.62.static.jazztel.es - - [06/Dec/2017:17:09:37 +0100] "GET /events.shtml HTTP/1.1" 200 22514
24.204.15.62.static.jazztel.es - - [06/Dec/2017:17:09:38 +0100] "GET /galerie-sktrophy-2015.shtml HTTP/1.1" 200 49420
24.204.15.62.static.jazztel.es - - [06/Dec/2017:17:09:38 +0100] "GET /galerie-matchracing.shtml HTTP/1.1" 200 21704
24.204.15.62.static.jazztel.es - - [06/Dec/2017:17:09:37 +0100] "GET /galerie-gruppesmartkat.shtml HTTP/1.1" 200 20574
24.204.15.62.static.jazztel.es - - [06/Dec/2017:17:09:38 +0100] "GET /galerie-sktrophy-2014.shtml HTTP/1.1" 200 29913
24.204.15.62.static.jazztel.es - - [06/Dec/2017:17:09:39 +0100] "GET /kurse.shtml HTTP/1.1" 200 31031
24.204.15.62.static.jazztel.es - - [06/Dec/2017:17:09:39 +0100] "GET /galerie.shtml HTTP/1.1" 200 22747
24.204.15.62.static.jazztel.es - - [06/Dec/2017:17:09:39 +0100] "GET /kinder-segelkurs.shtml HTTP/1.1" 200 19898
24.204.15.62.static.jazztel.es - - [06/Dec/2017:17:09:39 +0100] "GET /kursanmeldung.shtml HTTP/1.1" 200 49926
24.204.15.62.static.jazztel.es - - [06/Dec/2017:17:09:40 +0100] "GET /pruefungskurs.shtml HTTP/1.1" 200 23039
24.204.15.62.static.jazztel.es - - [06/Dec/2017:17:09:40 +0100] "GET /segel-grundkurs.shtml HTTP/1.1" 200 21440
24.204.15.62.static.jazztel.es - - [06/Dec/2017:17:09:40 +0100] "GET /standort.shtml HTTP/1.1" 200 17547
24.204.15.62.static.jazztel.es - - [06/Dec/2017:17:09:40 +0100] "GET /optikurse-2014.shtml HTTP/1.1" 200 26353
24.204.15.62.static.jazztel.es - - [06/Dec/2017:17:09:40 +0100] "GET /smartkat-crashkurs.shtml HTTP/1.1" 200 17863
24.204.15.62.static.jazztel.es - - [06/Dec/2017:17:09:40 +0100] "GET /segelkurs-jollesmartkat.shtml HTTP/1.1" 200 19993
24.204.15.62.static.jazztel.es - - [06/Dec/2017:17:09:41 +0100] "GET /vermietung.shtml HTTP/1.1" 200 25728
24.204.15.62.static.jazztel.es - - [06/Dec/2017:17:09:50 +0100] "GET /Perspectiva.html? HTTP/1.1" 200 18069
24.204.15.62.static.jazztel.es - - [06/Dec/2017:17:09:50 +0100] "GET /js/functions_stripped.js?v=6.6.7.2.41064 HTTP/1.1" 200 7672
24.204.15.62.static.jazztel.es - - [06/Dec/2017:17:09:50 +0100] "GET /js/jquery.lazyload.min.js?v=6.6.7.2.41064 HTTP/1.1" 200 3342
24.204.15.62.static.jazztel.es - - [06/Dec/2017:17:09:51 +0100] "GET /davosersee HTTP/1.1" 200 19505
24.204.15.62.static.jazztel.es - - [06/Dec/2017:17:09:51 +0100] "GET /aktuelles-wetter HTTP/1.1" 200 18388
24.204.15.62.static.jazztel.es - - [06/Dec/2017:17:09:51 +0100] "GET /event-pedalo HTTP/1.1" 200 20248
24.204.15.62.static.jazztel.es - - [06/Dec/2017:17:09:51 +0100] "GET /event-gruppesmartkat HTTP/1.1" 200 21256
24.204.15.62.static.jazztel.es - - [06/Dec/2017:17:09:51 +0100] "GET /event-matchracing HTTP/1.1" 200 21251
24.204.15.62.static.jazztel.es - - [06/Dec/2017:17:09:52 +0100] "GET /galerie-gruppesmartkat HTTP/1.1" 200 20574
24.204.15.62.static.jazztel.es - - [06/Dec/2017:17:09:52 +0100] "GET /flotte HTTP/1.1" 200 29385
24.204.15.62.static.jazztel.es - - [06/Dec/2017:17:09:52 +0100] "GET /galerie-sktrophy-2014 HTTP/1.1" 200 29913
24.204.15.62.static.jazztel.es - - [06/Dec/2017:17:09:52 +0100] "GET /events HTTP/1.1" 200 22514
24.204.15.62.static.jazztel.es - - [06/Dec/2017:17:09:52 +0100] "GET /galerie-matchracing HTTP/1.1" 200 21704
24.204.15.62.static.jazztel.es - - [06/Dec/2017:17:09:53 +0100] "GET /kinder-segelkurs HTTP/1.1" 200 19898
24.204.15.62.static.jazztel.es - - [06/Dec/2017:17:09:53 +0100] "GET /kurse HTTP/1.1" 200 31031
24.204.15.62.static.jazztel.es - - [06/Dec/2017:17:09:53 +0100] "GET /galerie HTTP/1.1" 200 22747
24.204.15.62.static.jazztel.es - - [06/Dec/2017:17:09:53 +0100] "GET /galerie-sktrophy-2015 HTTP/1.1" 200 49420
24.204.15.62.static.jazztel.es - - [06/Dec/2017:17:09:54 +0100] "GET /pruefungskurs HTTP/1.1" 200 23039
24.204.15.62.static.jazztel.es - - [06/Dec/2017:17:09:54 +0100] "GET /optikurse-2014 HTTP/1.1" 200 26353
ip35.ip-192-99-203.net - - [06/Dec/2017:17:28:48 +0100] "GET /robots.txt HTTP/1.1" 200 80
ip35.ip-192-99-203.net - - [06/Dec/2017:17:29:01 +0100] "GET /events.shtml HTTP/1.1" 200 5297
ip35.ip-192-99-203.net - - [06/Dec/2017:17:29:14 +0100] "GET /kurse.shtml HTTP/1.1" 200 6280
ip35.ip-192-99-203.net - - [06/Dec/2017:17:29:24 +0100] "GET /galerie.shtml HTTP/1.1" 200 4483
ip35.ip-192-99-203.net - - [06/Dec/2017:17:29:35 +0100] "GET /vermietung.shtml HTTP/1.1" 200 5099
nat-cs-technik-crawler-006.nat.fhnw.net - - [06/Dec/2017:17:38:08 +0100] "GET / HTTP/1.1" 200 6440
nat-cs-technik-crawler-006.nat.fhnw.net - - [06/Dec/2017:17:38:08 +0100] "GET /robots.txt HTTP/1.1" 200 80
nat-cs-technik-crawler-006.nat.fhnw.net - - [06/Dec/2017:17:38:10 +0100] "GET /vermietung.shtml HTTP/1.1" 200 5099
nat-cs-technik-crawler-006.nat.fhnw.net - - [06/Dec/2017:17:38:12 +0100] "GET /standort.shtml HTTP/1.1" 200 4717
nat-cs-technik-crawler-006.nat.fhnw.net - - [06/Dec/2017:17:38:14 +0100] "GET /events.shtml HTTP/1.1" 200 5297
nat-cs-technik-crawler-006.nat.fhnw.net - - [06/Dec/2017:17:38:16 +0100] "GET /%C3%BCber-uns.shtml HTTP/1.1" 200 4740
nat-cs-technik-crawler-006.nat.fhnw.net - - [06/Dec/2017:17:38:18 +0100] "GET /kurse.shtml HTTP/1.1" 200 6280
nat-cs-technik-crawler-006.nat.fhnw.net - - [06/Dec/2017:17:38:20 +0100] "GET /aktuelles-wetter.shtml HTTP/1.1" 200 4575
nat-cs-technik-crawler-006.nat.fhnw.net - - [06/Dec/2017:17:38:22 +0100] "GET /css/widgets/concat_widget.min.css?v=6.6.7.2.41064 HTTP/1.1" 200 24507
nat-cs-technik-crawler-006.nat.fhnw.net - - [06/Dec/2017:17:38:24 +0100] "GET /templates/creator/m_f/fa/fa7/164/css/style.min.css?v=1483633820 HTTP/1.1" 200 847
nat-cs-technik-crawler-006.nat.fhnw.net - - [06/Dec/2017:17:38:29 +0100] "GET /templates/creator/m_f/fa/fa7/164/css/main.min.css?v=1483633820 HTTP/1.1" 200 1797
nat-cs-technik-crawler-006.nat.fhnw.net - - [06/Dec/2017:17:38:32 +0100] "GET /segelkurs-jollesmartkat.shtml HTTP/1.1" 200 5139
nat-cs-technik-crawler-006.nat.fhnw.net - - [06/Dec/2017:17:38:33 +0100] "GET /event-pedalo.shtml HTTP/1.1" 200 5342
nat-cs-technik-crawler-006.nat.fhnw.net - - [06/Dec/2017:17:38:34 +0100] "GET /event-gruppesmartkat.shtml HTTP/1.1" 200 5645
nat-cs-technik-crawler-006.nat.fhnw.net - - [06/Dec/2017:17:38:36 +0100] "GET /kurse.shtml HTTP/1.1" 200 6280
nat-cs-technik-crawler-006.nat.fhnw.net - - [06/Dec/2017:17:38:39 +0100] "GET /vermietung.shtml HTTP/1.1" 200 5099
nat-cs-technik-crawler-006.nat.fhnw.net - - [06/Dec/2017:17:38:44 +0100] "GET /optikurse-2014.shtml HTTP/1.1" 200 4938
nat-cs-technik-crawler-006.nat.fhnw.net - - [06/Dec/2017:17:38:44 +0100] "GET /event-matchracing.shtml HTTP/1.1" 200 5634
nat-cs-technik-crawler-006.nat.fhnw.net - - [06/Dec/2017:17:38:44 +0100] "GET /event-gruppesmartkat.shtml HTTP/1.1" 200 5645
nat-cs-technik-crawler-006.nat.fhnw.net - - [06/Dec/2017:17:38:49 +0100] "GET /aktuelles-wetter.shtml HTTP/1.1" 200 4575
nat-cs-technik-crawler-006.nat.fhnw.net - - [06/Dec/2017:17:38:49 +0100] "GET /event-pedalo.shtml HTTP/1.1" 200 5342
nat-cs-technik-crawler-006.nat.fhnw.net - - [06/Dec/2017:17:38:59 +0100] "GET /segel-grundkurs.shtml HTTP/1.1" 200 5378
nat-cs-technik-crawler-006.nat.fhnw.net - - [06/Dec/2017:17:39:00 +0100] "GET /smartkat-crashkurs.shtml HTTP/1.1" 200 4808
nat-cs-technik-crawler-006.nat.fhnw.net - - [06/Dec/2017:17:39:02 +0100] "GET /segelkurs-jollesmartkat.shtml HTTP/1.1" 200 5139
nat-cs-technik-crawler-006.nat.fhnw.net - - [06/Dec/2017:17:39:05 +0100] "GET /kinder-segelkurs.shtml HTTP/1.1" 200 5171
nat-cs-technik-crawler-006.nat.fhnw.net - - [06/Dec/2017:17:39:07 +0100] "GET /pruefungskurs.shtml HTTP/1.1" 200 5895
nat-cs-technik-crawler-006.nat.fhnw.net - - [06/Dec/2017:17:39:09 +0100] "GET /aktuelles-wetter HTTP/1.1" 200 4575
nat-cs-technik-crawler-006.nat.fhnw.net - - [06/Dec/2017:17:39:12 +0100] "GET /css/widgets/concat_widget.min.css?v=6.6.7.2.41064 HTTP/1.1" 200 24507
nat-cs-technik-crawler-006.nat.fhnw.net - - [06/Dec/2017:17:39:12 +0100] "GET /templates/creator/m_f/fa/fa7/164/css/main.min.css?v=1483633820 HTTP/1.1" 200 1797
nat-cs-technik-crawler-006.nat.fhnw.net - - [06/Dec/2017:17:39:18 +0100] "GET /templates/creator/m_f/fa/fa7/164/css/style.min.css?v=1483633820 HTTP/1.1" 200 847
nat-cs-technik-crawler-006.nat.fhnw.net - - [06/Dec/2017:17:39:21 +0100] "GET /vermietung HTTP/1.1" 200 5100
nat-cs-technik-crawler-006.nat.fhnw.net - - [06/Dec/2017:17:39:24 +0100] "GET /templates/resellers/7/favicon.ico?v=1506147147 HTTP/1.1" 200 4286
nat-cs-technik-crawler-006.nat.fhnw.net - - [06/Dec/2017:17:39:25 +0100] "GET /standort HTTP/1.1" 200 4717
nat-cs-technik-crawler-006.nat.fhnw.net - - [06/Dec/2017:17:39:28 +0100] "GET /js/fancybox2/jquery.fancybox.min.css?v=6.6.7.2.41064 HTTP/1.1" 200 1020
nat-cs-technik-crawler-006.nat.fhnw.net - - [06/Dec/2017:17:39:31 +0100] "GET /templates/resellers/7/favicon.ico?v=1506147146 HTTP/1.1" 200 4286
nat-cs-technik-crawler-006.nat.fhnw.net - - [06/Dec/2017:17:39:32 +0100] "GET /css/skeleton.css HTTP/1.1" 200 3511
nat-cs-technik-crawler-006.nat.fhnw.net - - [06/Dec/2017:17:39:36 +0100] "GET /templates/resellers/7/favicon.ico?v=1506147118 HTTP/1.1" 200 4286
nat-cs-technik-crawler-006.nat.fhnw.net - - [06/Dec/2017:17:39:36 +0100] "GET /events HTTP/1.1" 200 5296
nat-cs-technik-crawler-006.nat.fhnw.net - - [06/Dec/2017:17:39:39 +0100] "GET /kursanmeldung.shtml HTTP/1.1" 200 10952
nat-cs-technik-crawler-006.nat.fhnw.net - - [06/Dec/2017:17:39:41 +0100] "GET /standort.shtml HTTP/1.1" 200 4717
nat-cs-technik-crawler-006.nat.fhnw.net - - [06/Dec/2017:17:39:44 +0100] "GET /%C3%BCber-uns HTTP/1.1" 200 4741
nat-cs-technik-crawler-006.nat.fhnw.net - - [06/Dec/2017:17:39:45 +0100] "GET /templates/resellers/7/favicon.ico?v=1506148998 HTTP/1.1" 200 4286
nat-cs-technik-crawler-006.nat.fhnw.net - - [06/Dec/2017:17:39:50 +0100] "GET /templates/resellers/7/favicon.ico?v=1506147134 HTTP/1.1" 200 4286
nat-cs-technik-crawler-006.nat.fhnw.net - - [06/Dec/2017:17:39:50 +0100] "GET /kurse HTTP/1.1" 200 6281
nat-cs-technik-crawler-006.nat.fhnw.net - - [06/Dec/2017:17:39:57 +0100] "GET /js/fancybox2/jquery.fancybox.min.css?v=6.6.7.2.41064 HTTP/1.1" 200 1020
nat-cs-technik-crawler-006.nat.fhnw.net - - [06/Dec/2017:17:39:57 +0100] "GET /templates/resellers/7/favicon.ico?v=1506147107 HTTP/1.1" 200 4286
nat-cs-technik-crawler-006.nat.fhnw.net - - [06/Dec/2017:17:39:58 +0100] "GET /templates/resellers/7/favicon.ico?v=1506149005 HTTP/1.1" 200 4286
nat-cs-technik-crawler-006.nat.fhnw.net - - [06/Dec/2017:17:40:00 +0100] "GET /event-matchracing HTTP/1.1" 200 5634
nat-cs-technik-crawler-006.nat.fhnw.net - - [06/Dec/2017:17:40:02 +0100] "GET /flotte.shtml HTTP/1.1" 200 6274
nat-cs-technik-crawler-006.nat.fhnw.net - - [06/Dec/2017:17:40:04 +0100] "GET /%C3%BCber-uns.shtml HTTP/1.1" 200 4740
nat-cs-technik-crawler-006.nat.fhnw.net - - [06/Dec/2017:17:40:07 +0100] "GET /templates/resellers/7/favicon.ico?v=1506147113 HTTP/1.1" 200 4286
nat-cs-technik-crawler-006.nat.fhnw.net - - [06/Dec/2017:17:40:18 +0100] "GET /templates/resellers/7/favicon.ico?v=1506147116 HTTP/1.1" 200 4286
nat-cs-technik-crawler-006.nat.fhnw.net - - [06/Dec/2017:17:40:22 +0100] "GET /templates/resellers/7/favicon.ico?v=1506147107 HTTP/1.1" 200 4286
nat-cs-technik-crawler-006.nat.fhnw.net - - [06/Dec/2017:17:40:22 +0100] "GET /templates/resellers/7/favicon.ico?v=1506149034 HTTP/1.1" 200 4286
nat-cs-technik-crawler-006.nat.fhnw.net - - [06/Dec/2017:17:40:24 +0100] "GET /segel-grundkurs HTTP/1.1" 200 5378
nat-cs-technik-crawler-006.nat.fhnw.net - - [06/Dec/2017:17:40:27 +0100] "GET /templates/resellers/7/favicon.ico?v=1506149037 HTTP/1.1" 200 4286
nat-cs-technik-crawler-006.nat.fhnw.net - - [06/Dec/2017:17:40:30 +0100] "GET /smartkat-crashkurs HTTP/1.1" 200 4808
nat-cs-technik-crawler-006.nat.fhnw.net - - [06/Dec/2017:17:40:30 +0100] "GET /templates/resellers/7/favicon.ico?v=1506149035 HTTP/1.1" 200 4286
nat-cs-technik-crawler-006.nat.fhnw.net - - [06/Dec/2017:17:40:33 +0100] "GET /templates/resellers/7/favicon.ico?v=1506147131 HTTP/1.1" 200 4286
nat-cs-technik-crawler-006.nat.fhnw.net - - [06/Dec/2017:17:40:35 +0100] "GET /kinder-segelkurs HTTP/1.1" 200 5172
nat-cs-technik-crawler-006.nat.fhnw.net - - [06/Dec/2017:17:40:38 +0100] "GET /pruefungskurs HTTP/1.1" 200 5895
nat-cs-technik-crawler-006.nat.fhnw.net - - [06/Dec/2017:17:40:38 +0100] "GET /templates/resellers/7/favicon.ico?v=1506149031 HTTP/1.1" 200 4286
nat-cs-technik-crawler-006.nat.fhnw.net - - [06/Dec/2017:17:40:41 +0100] "GET /templates/resellers/7/favicon.ico?v=1506147154 HTTP/1.1" 200 4286
nat-cs-technik-crawler-006.nat.fhnw.net - - [06/Dec/2017:17:40:45 +0100] "GET /galerie-matchracing.shtml HTTP/1.1" 200 4859
nat-cs-technik-crawler-006.nat.fhnw.net - - [06/Dec/2017:17:40:47 +0100] "GET /kinder-segelkurs.shtml HTTP/1.1" 200 5171
nat-cs-technik-crawler-006.nat.fhnw.net - - [06/Dec/2017:17:40:48 +0100] "GET /templates/resellers/7/favicon.ico?v=1506148998 HTTP/1.1" 200 4286
nat-cs-technik-crawler-006.nat.fhnw.net - - [06/Dec/2017:17:40:51 +0100] "GET /galerie.shtml HTTP/1.1" 200 4483
nat-cs-technik-crawler-006.nat.fhnw.net - - [06/Dec/2017:17:40:52 +0100] "GET /galerie.shtml HTTP/1.1" 200 4483
nat-cs-technik-crawler-006.nat.fhnw.net - - [06/Dec/2017:17:40:55 +0100] "GET /css/skeleton.css HTTP/1.1" 200 3511
nat-cs-technik-crawler-006.nat.fhnw.net - - [06/Dec/2017:17:40:56 +0100] "GET /davosersee.shtml HTTP/1.1" 200 5477
nat-cs-technik-crawler-006.nat.fhnw.net - - [06/Dec/2017:17:40:59 +0100] "GET /galerie-sktrophy-2015.shtml HTTP/1.1" 200 5939
nat-cs-technik-crawler-006.nat.fhnw.net - - [06/Dec/2017:17:41:00 +0100] "GET /kursanmeldung.shtml HTTP/1.1" 200 10952
nat-cs-technik-crawler-006.nat.fhnw.net - - [06/Dec/2017:17:41:03 +0100] "GET /event-matchracing.shtml HTTP/1.1" 200 5634
nat-cs-technik-crawler-006.nat.fhnw.net - - [06/Dec/2017:17:41:07 +0100] "GET /events.shtml HTTP/1.1" 200 5297
nat-cs-technik-crawler-006.nat.fhnw.net - - [06/Dec/2017:17:41:11 +0100] "GET / HTTP/1.1" 200 6440
nat-cs-technik-crawler-006.nat.fhnw.net - - [06/Dec/2017:17:41:12 +0100] "GET /segel-grundkurs.shtml HTTP/1.1" 200 5378
nat-cs-technik-crawler-006.nat.fhnw.net - - [06/Dec/2017:17:41:14 +0100] "GET /smartkat-crashkurs.shtml HTTP/1.1" 200 4808
nat-cs-technik-crawler-006.nat.fhnw.net - - [06/Dec/2017:17:41:17 +0100] "GET /pruefungskurs.shtml HTTP/1.1" 200 5895
nat-cs-technik-crawler-006.nat.fhnw.net - - [06/Dec/2017:17:41:21 +0100] "GET /flotte.shtml HTTP/1.1" 200 6274
nat-cs-technik-crawler-006.nat.fhnw.net - - [06/Dec/2017:17:41:21 +0100] "GET /templates/resellers/7/favicon.ico?v=1506103971 HTTP/1.1" 200 4286
nat-cs-technik-crawler-006.nat.fhnw.net - - [06/Dec/2017:17:41:22 +0100] "GET /galerie-sktrophy-2014.shtml HTTP/1.1" 200 5044
nat-cs-technik-crawler-006.nat.fhnw.net - - [06/Dec/2017:17:41:24 +0100] "GET /galerie-gruppesmartkat.shtml HTTP/1.1" 200 4863
nat-cs-technik-crawler-006.nat.fhnw.net - - [06/Dec/2017:17:41:26 +0100] "GET /templates/resellers/7/favicon.ico?v=1506149035 HTTP/1.1" 200 4286
nat-cs-technik-crawler-006.nat.fhnw.net - - [06/Dec/2017:17:41:28 +0100] "GET /segelkurs-jollesmartkat HTTP/1.1" 200 5140
nat-cs-technik-crawler-006.nat.fhnw.net - - [06/Dec/2017:17:41:36 +0100] "GET /event-pedalo HTTP/1.1" 200 5342
nat-cs-technik-crawler-006.nat.fhnw.net - - [06/Dec/2017:17:41:36 +0100] "GET /templates/resellers/7/favicon.ico?v=1506147116 HTTP/1.1" 200 4286
nat-cs-technik-crawler-006.nat.fhnw.net - - [06/Dec/2017:17:41:38 +0100] "GET /event-gruppesmartkat HTTP/1.1" 200 5645
nat-cs-technik-crawler-006.nat.fhnw.net - - [06/Dec/2017:17:41:41 +0100] "GET /templates/resellers/7/favicon.ico?v=1506149005 HTTP/1.1" 200 4286
nat-cs-technik-crawler-006.nat.fhnw.net - - [06/Dec/2017:17:41:42 +0100] "GET /templates/resellers/7/favicon.ico?v=1506147134 HTTP/1.1" 200 4286
nat-cs-technik-crawler-006.nat.fhnw.net - - [06/Dec/2017:17:41:45 +0100] "GET /templates/resellers/7/favicon.ico?v=1506147147 HTTP/1.1" 200 4286
nat-cs-technik-crawler-006.nat.fhnw.net - - [06/Dec/2017:17:41:47 +0100] "GET /templates/resellers/7/favicon.ico?v=1506149030 HTTP/1.1" 200 4286
nat-cs-technik-crawler-006.nat.fhnw.net - - [06/Dec/2017:17:41:49 +0100] "GET /optikurse-2014 HTTP/1.1" 200 4938
nat-cs-technik-crawler-006.nat.fhnw.net - - [06/Dec/2017:17:41:53 +0100] "GET /templates/resellers/7/favicon.ico?v=1506296826 HTTP/1.1" 200 4286
nat-cs-technik-crawler-006.nat.fhnw.net - - [06/Dec/2017:17:41:54 +0100] "GET /templates/resellers/7/favicon.ico?v=1506294954 HTTP/1.1" 200 4286
nat-cs-technik-crawler-006.nat.fhnw.net - - [06/Dec/2017:17:41:58 +0100] "GET /templates/resellers/7/favicon.ico?v=1506147164 HTTP/1.1" 200 4286
nat-cs-technik-crawler-006.nat.fhnw.net - - [06/Dec/2017:17:41:58 +0100] "GET / HTTP/1.1" 200 6440
nat-cs-technik-crawler-006.nat.fhnw.net - - [06/Dec/2017:17:42:00 +0100] "GET /templates/resellers/7/favicon.ico?v=1506109630 HTTP/1.1" 200 4286
nat-cs-technik-crawler-006.nat.fhnw.net - - [06/Dec/2017:17:42:05 +0100] "GET /galerie-sktrophy-2014.shtml HTTP/1.1" 200 5044
nat-cs-technik-crawler-006.nat.fhnw.net - - [06/Dec/2017:17:42:05 +0100] "GET /galerie-sktrophy-2015.shtml HTTP/1.1" 200 5939
nat-cs-technik-crawler-006.nat.fhnw.net - - [06/Dec/2017:17:42:06 +0100] "GET /davosersee.shtml HTTP/1.1" 200 5477
nat-cs-technik-crawler-006.nat.fhnw.net - - [06/Dec/2017:17:42:09 +0100] "GET /optikurse-2014.shtml HTTP/1.1" 200 4938
nat-cs-technik-crawler-006.nat.fhnw.net - - [06/Dec/2017:17:42:10 +0100] "GET /kursanmeldung HTTP/1.1" 200 10945
nat-cs-technik-crawler-006.nat.fhnw.net - - [06/Dec/2017:17:42:12 +0100] "GET /galerie-matchracing.shtml HTTP/1.1" 200 4859
nat-cs-technik-crawler-006.nat.fhnw.net - - [06/Dec/2017:17:42:14 +0100] "GET /galerie-gruppesmartkat.shtml HTTP/1.1" 200 4863
nat-cs-technik-crawler-006.nat.fhnw.net - - [06/Dec/2017:17:42:17 +0100] "GET /templates/resellers/7/favicon.ico?v=1506147146 HTTP/1.1" 200 4286
nat-cs-technik-crawler-006.nat.fhnw.net - - [06/Dec/2017:17:42:19 +0100] "GET /templates/resellers/7/favicon.ico?v=1506181272 HTTP/1.1" 200 4286
nat-cs-technik-crawler-006.nat.fhnw.net - - [06/Dec/2017:17:42:21 +0100] "GET /templates/resellers/7/favicon.ico?v=1506147177 HTTP/1.1" 200 4286
nat-cs-technik-crawler-006.nat.fhnw.net - - [06/Dec/2017:17:42:22 +0100] "GET /templates/resellers/7/favicon.ico?v=1506147160 HTTP/1.1" 200 4286
nat-cs-technik-crawler-006.nat.fhnw.net - - [06/Dec/2017:17:42:25 +0100] "GET /flotte HTTP/1.1" 200 6274
nat-cs-technik-crawler-006.nat.fhnw.net - - [06/Dec/2017:17:42:26 +0100] "GET /templates/resellers/7/favicon.ico?v=1506147120 HTTP/1.1" 200 4286
nat-cs-technik-crawler-006.nat.fhnw.net - - [06/Dec/2017:17:42:28 +0100] "GET /templates/resellers/7/favicon.ico?v=1506294920 HTTP/1.1" 200 4286
nat-cs-technik-crawler-006.nat.fhnw.net - - [06/Dec/2017:17:42:30 +0100] "GET /smartkat-crashkurs HTTP/1.1" 200 4808
nat-cs-technik-crawler-006.nat.fhnw.net - - [06/Dec/2017:17:42:33 +0100] "GET /templates/resellers/7/favicon.ico?v=1506155761 HTTP/1.1" 200 4286
nat-cs-technik-crawler-006.nat.fhnw.net - - [06/Dec/2017:17:42:35 +0100] "GET /templates/resellers/7/favicon.ico?v=1506147175 HTTP/1.1" 200 4286
nat-cs-technik-crawler-006.nat.fhnw.net - - [06/Dec/2017:17:42:36 +0100] "GET /templates/resellers/7/favicon.ico?v=1506139835 HTTP/1.1" 200 4286
nat-cs-technik-crawler-006.nat.fhnw.net - - [06/Dec/2017:17:42:42 +0100] "GET /templates/resellers/7/favicon.ico?v=1506147123 HTTP/1.1" 200 4286
nat-cs-technik-crawler-006.nat.fhnw.net - - [06/Dec/2017:17:42:42 +0100] "GET /galerie-matchracing HTTP/1.1" 200 4859
nat-cs-technik-crawler-006.nat.fhnw.net - - [06/Dec/2017:17:42:44 +0100] "GET /templates/resellers/7/favicon.ico?v=1506147131 HTTP/1.1" 200 4286
nat-cs-technik-crawler-006.nat.fhnw.net - - [06/Dec/2017:17:42:44 +0100] "GET /galerie HTTP/1.1" 200 4483
nat-cs-technik-crawler-006.nat.fhnw.net - - [06/Dec/2017:17:42:57 +0100] "GET /templates/resellers/7/favicon.ico?v=1506149023 HTTP/1.1" 200 4286
nat-cs-technik-crawler-006.nat.fhnw.net - - [06/Dec/2017:17:43:00 +0100] "GET /templates/resellers/7/favicon.ico?v=1506149023 HTTP/1.1" 200 4286
nat-cs-technik-crawler-006.nat.fhnw.net - - [06/Dec/2017:17:43:01 +0100] "GET /davosersee HTTP/1.1" 200 5477
nat-cs-technik-crawler-006.nat.fhnw.net - - [06/Dec/2017:17:43:02 +0100] "GET /templates/resellers/7/favicon.ico?v=1506147110 HTTP/1.1" 200 4286
nat-cs-technik-crawler-006.nat.fhnw.net - - [06/Dec/2017:17:43:05 +0100] "GET /galerie-sktrophy-2015 HTTP/1.1" 200 5939
nat-cs-technik-crawler-006.nat.fhnw.net - - [06/Dec/2017:17:43:13 +0100] "GET /templates/resellers/7/favicon.ico?v=1506109630 HTTP/1.1" 200 4286
nat-cs-technik-crawler-006.nat.fhnw.net - - [06/Dec/2017:17:43:13 +0100] "GET /templates/resellers/7/favicon.ico?v=1506149021 HTTP/1.1" 200 4286
nat-cs-technik-crawler-006.nat.fhnw.net - - [06/Dec/2017:17:43:15 +0100] "GET /templates/resellers/7/favicon.ico?v=1506147113 HTTP/1.1" 200 4286
nat-cs-technik-crawler-006.nat.fhnw.net - - [06/Dec/2017:17:43:20 +0100] "GET /templates/resellers/7/favicon.ico?v=1506147118 HTTP/1.1" 200 4286
nat-cs-technik-crawler-006.nat.fhnw.net - - [06/Dec/2017:17:43:26 +0100] "GET /templates/resellers/7/favicon.ico?v=1506103971 HTTP/1.1" 200 4286
nat-cs-technik-crawler-006.nat.fhnw.net - - [06/Dec/2017:17:43:26 +0100] "GET /templates/resellers/7/favicon.ico?v=1506149034 HTTP/1.1" 200 4286
nat-cs-technik-crawler-006.nat.fhnw.net - - [06/Dec/2017:17:43:29 +0100] "GET /templates/resellers/7/favicon.ico?v=1506149037 HTTP/1.1" 200 4286
nat-cs-technik-crawler-006.nat.fhnw.net - - [06/Dec/2017:17:43:32 +0100] "GET /templates/resellers/7/favicon.ico?v=1506149031 HTTP/1.1" 200 4286
nat-cs-technik-crawler-006.nat.fhnw.net - - [06/Dec/2017:17:43:34 +0100] "GET /templates/resellers/7/favicon.ico?v=1506147120 HTTP/1.1" 200 4286
nat-cs-technik-crawler-006.nat.fhnw.net - - [06/Dec/2017:17:43:34 +0100] "GET /galerie-sktrophy-2014 HTTP/1.1" 200 5044
nat-cs-technik-crawler-006.nat.fhnw.net - - [06/Dec/2017:17:43:36 +0100] "GET /templates/resellers/7/favicon.ico?v=1506149019 HTTP/1.1" 200 4286
nat-cs-technik-crawler-006.nat.fhnw.net - - [06/Dec/2017:17:43:39 +0100] "GET /templates/resellers/7/favicon.ico?v=1506147121 HTTP/1.1" 200 4286
nat-cs-technik-crawler-006.nat.fhnw.net - - [06/Dec/2017:17:43:40 +0100] "GET /galerie-gruppesmartkat HTTP/1.1" 200 4863
nat-cs-technik-crawler-006.nat.fhnw.net - - [06/Dec/2017:17:43:43 +0100] "GET /templates/resellers/7/favicon.ico?v=1506204419 HTTP/1.1" 200 4286
nat-cs-technik-crawler-006.nat.fhnw.net - - [06/Dec/2017:17:43:45 +0100] "GET /segelkurs-jollesmartkat HTTP/1.1" 200 5140
nat-cs-technik-crawler-006.nat.fhnw.net - - [06/Dec/2017:17:43:46 +0100] "GET /templates/resellers/7/favicon.ico?v=1506149055 HTTP/1.1" 200 4286
nat-cs-technik-crawler-006.nat.fhnw.net - - [06/Dec/2017:17:43:48 +0100] "GET /templates/resellers/7/favicon.ico?v=1506149051 HTTP/1.1" 200 4286
nat-cs-technik-crawler-006.nat.fhnw.net - - [06/Dec/2017:17:43:51 +0100] "GET /templates/resellers/7/favicon.ico?v=1506147179 HTTP/1.1" 200 4286
nat-cs-technik-crawler-006.nat.fhnw.net - - [06/Dec/2017:17:43:52 +0100] "GET /templates/resellers/7/favicon.ico?v=1506149021 HTTP/1.1" 200 4286
nat-cs-technik-crawler-006.nat.fhnw.net - - [06/Dec/2017:17:44:00 +0100] "GET /templates/resellers/7/favicon.ico?v=1506147110 HTTP/1.1" 200 4286
nat-cs-technik-crawler-006.nat.fhnw.net - - [06/Dec/2017:17:44:00 +0100] "GET /templates/resellers/7/favicon.ico?v=1506149019 HTTP/1.1" 200 4286
nat-cs-technik-crawler-006.nat.fhnw.net - - [06/Dec/2017:17:44:02 +0100] "GET /templates/resellers/7/favicon.ico?v=1506149030 HTTP/1.1" 200 4286
nat-cs-technik-crawler-006.nat.fhnw.net - - [06/Dec/2017:17:44:17 +0100] "GET /templates/resellers/7/favicon.ico?v=1506452182 HTTP/1.1" 200 4286
nat-cs-technik-crawler-006.nat.fhnw.net - - [06/Dec/2017:17:44:17 +0100] "GET /kursanmeldung HTTP/1.1" 200 10945
nat-cs-technik-crawler-006.nat.fhnw.net - - [06/Dec/2017:17:44:19 +0100] "GET /templates/resellers/7/favicon.ico?v=1506147123 HTTP/1.1" 200 4286
nat-cs-technik-crawler-006.nat.fhnw.net - - [06/Dec/2017:17:44:21 +0100] "GET /templates/resellers/7/favicon.ico?v=1506147121 HTTP/1.1" 200 4286
nat-cs-technik-crawler-006.nat.fhnw.net - - [06/Dec/2017:17:44:23 +0100] "GET /flotte HTTP/1.1" 200 6274
nat-cs-technik-crawler-006.nat.fhnw.net - - [06/Dec/2017:17:44:24 +0100] "GET /templates/resellers/7/favicon.ico?v=1506109514 HTTP/1.1" 200 4286
nat-cs-technik-crawler-006.nat.fhnw.net - - [06/Dec/2017:17:44:27 +0100] "GET /templates/resellers/7/favicon.ico?v=1506155761 HTTP/1.1" 200 4286
nat-cs-technik-crawler-006.nat.fhnw.net - - [06/Dec/2017:17:44:29 +0100] "GET /templates/resellers/7/favicon.ico?v=1506147168 HTTP/1.1" 200 4286
nat-cs-technik-crawler-006.nat.fhnw.net - - [06/Dec/2017:17:44:32 +0100] "GET /templates/resellers/7/favicon.ico?v=1506149067 HTTP/1.1" 200 4286
nat-cs-technik-crawler-006.nat.fhnw.net - - [06/Dec/2017:17:44:33 +0100] "GET /templates/resellers/7/favicon.ico?v=1506149049 HTTP/1.1" 200 4286
nat-cs-technik-crawler-006.nat.fhnw.net - - [06/Dec/2017:17:44:35 +0100] "GET /templates/resellers/7/favicon.ico?v=1506147172 HTTP/1.1" 200 4286
nat-cs-technik-crawler-006.nat.fhnw.net - - [06/Dec/2017:17:44:37 +0100] "GET /templates/resellers/7/favicon.ico?v=1506147170 HTTP/1.1" 200 4286
nat-cs-technik-crawler-006.nat.fhnw.net - - [06/Dec/2017:17:44:39 +0100] "GET /templates/resellers/7/favicon.ico?v=1506147166 HTTP/1.1" 200 4286
nat-cs-technik-crawler-006.nat.fhnw.net - - [06/Dec/2017:17:44:41 +0100] "GET /templates/resellers/7/favicon.ico?v=1506204419 HTTP/1.1" 200 4286
nat-cs-technik-crawler-006.nat.fhnw.net - - [06/Dec/2017:17:44:42 +0100] "GET /templates/resellers/7/favicon.ico?v=1506452182 HTTP/1.1" 200 4286
nat-cs-technik-crawler-006.nat.fhnw.net - - [06/Dec/2017:17:44:48 +0100] "GET /templates/resellers/7/favicon.ico?v=1506109514 HTTP/1.1" 200 4286
