AToulon-256-1-153-58.w83-113.abo.wanadoo.fr - - [30/Sep/2017:17:30:19 +0200] "GET / HTTP/1.1" 200 6401
AToulon-256-1-153-58.w83-113.abo.wanadoo.fr - - [30/Sep/2017:17:30:21 +0200] "GET /css/widgets/concat_widget.min.css?v=6.6.7.2.41064 HTTP/1.1" 200 24507
AToulon-256-1-153-58.w83-113.abo.wanadoo.fr - - [30/Sep/2017:17:30:22 +0200] "GET /templates/creator/m_f/fa/fa7/164/css/main.min.css?v=1483633820 HTTP/1.1" 200 1797
AToulon-256-1-153-58.w83-113.abo.wanadoo.fr - - [30/Sep/2017:17:30:22 +0200] "GET /templates/creator/m_f/fa/fa7/164/css/style.min.css?v=1483633820 HTTP/1.1" 200 847
AToulon-256-1-153-58.w83-113.abo.wanadoo.fr - - [30/Sep/2017:17:30:22 +0200] "GET /css/skeleton.css HTTP/1.1" 200 3511
AToulon-256-1-153-58.w83-113.abo.wanadoo.fr - - [30/Sep/2017:17:30:22 +0200] "GET /js/footer/get_deps.min.js?v=6.6.7.2.41064 HTTP/1.1" 200 157
AToulon-256-1-153-58.w83-113.abo.wanadoo.fr - - [30/Sep/2017:17:30:22 +0200] "GET /js/footer/build_social_entries.min.js?v=6.6.7.2.41064 HTTP/1.1" 200 278
AToulon-256-1-153-58.w83-113.abo.wanadoo.fr - - [30/Sep/2017:17:30:22 +0200] "GET /templates/creator/m_f/fa/fa7/164/assets/respond.min.js?v=1483633820 HTTP/1.1" 200 2085
AToulon-256-1-153-58.w83-113.abo.wanadoo.fr - - [30/Sep/2017:17:30:22 +0200] "GET /templates/creator/m_f/fa/fa7/164/assets/slide.js?v=1483633820 HTTP/1.1" 200 662
AToulon-256-1-153-58.w83-113.abo.wanadoo.fr - - [30/Sep/2017:17:30:22 +0200] "GET /js/functions_stripped.js?v=6.6.7.2.41064 HTTP/1.1" 200 3186
AToulon-256-1-153-58.w83-113.abo.wanadoo.fr - - [30/Sep/2017:17:30:22 +0200] "GET /js/jquery.lazyload.min.js?v=6.6.7.2.41064 HTTP/1.1" 200 1283
AToulon-256-1-153-58.w83-113.abo.wanadoo.fr - - [30/Sep/2017:17:30:22 +0200] "GET /templates/creator/m_f/fa/fa7/164/assets/wp-menu.js?v=1483633820 HTTP/1.1" 200 1089
AToulon-256-1-153-58.w83-113.abo.wanadoo.fr - - [30/Sep/2017:17:30:22 +0200] "GET /var/m_0/0d/0dd/12455/143351-Header_Segelschule.jpg HTTP/1.1" 200 107532
AToulon-256-1-153-58.w83-113.abo.wanadoo.fr - - [30/Sep/2017:17:30:23 +0200] "GET /templates/creator/m_f/fa/fa7/164/assets/tab_b_bottom.png HTTP/1.1" 200 962
AToulon-256-1-153-58.w83-113.abo.wanadoo.fr - - [30/Sep/2017:17:30:23 +0200] "GET /templates/creator/m_f/fa/fa7/164/assets/tab_m_bottom.png HTTP/1.1" 200 1000
AToulon-256-1-153-58.w83-113.abo.wanadoo.fr - - [30/Sep/2017:17:30:23 +0200] "GET /templates/creator/m_f/fa/fa7/164/assets/tab_l_bottom.png HTTP/1.1" 200 1751
AToulon-256-1-153-58.w83-113.abo.wanadoo.fr - - [30/Sep/2017:17:30:23 +0200] "GET /templates/creator/m_f/fa/fa7/164/assets/bt_open.png HTTP/1.1" 200 2044
AToulon-256-1-153-58.w83-113.abo.wanadoo.fr - - [30/Sep/2017:17:30:23 +0200] "GET /templates/creator/m_f/fa/fa7/164/assets/tab_r_bottom.png HTTP/1.1" 200 1803
AToulon-256-1-153-58.w83-113.abo.wanadoo.fr - - [30/Sep/2017:17:30:23 +0200] "GET /var/m_0/0d/0dd/12455/6564603-SK_Tro_Head.jpg HTTP/1.1" 200 136780
AToulon-256-1-153-58.w83-113.abo.wanadoo.fr - - [30/Sep/2017:17:30:23 +0200] "GET /var/m_0/0d/0dd/12455/8254793-J70_Davos.w640.jpg HTTP/1.1" 200 77993
AToulon-256-1-153-58.w83-113.abo.wanadoo.fr - - [30/Sep/2017:17:30:23 +0200] "GET /var/m_0/0d/0dd/12455/8218280-65_Regatta.JPG HTTP/1.1" 200 192350
AToulon-256-1-153-58.w83-113.abo.wanadoo.fr - - [30/Sep/2017:17:30:23 +0200] "GET /templates/creator/m_f/fa/fa7/164/assets/bt_close.png HTTP/1.1" 200 2150
AToulon-256-1-153-58.w83-113.abo.wanadoo.fr - - [30/Sep/2017:17:30:24 +0200] "GET /var/m_0/0d/0dd/12455/7230972-19_Matchracing.jpg HTTP/1.1" 200 55347
AToulon-256-1-153-58.w83-113.abo.wanadoo.fr - - [30/Sep/2017:17:30:24 +0200] "GET /var/m_0/0d/0dd/12455/125494-14_Vermietung.JPG HTTP/1.1" 200 95115
AToulon-256-1-153-58.w83-113.abo.wanadoo.fr - - [30/Sep/2017:17:30:25 +0200] "GET /var/m_0/0d/0dd/12455/125493-13_Kurse.JPG HTTP/1.1" 200 70517
AToulon-256-1-153-58.w83-113.abo.wanadoo.fr - - [30/Sep/2017:17:30:25 +0200] "GET /var/m_0/0d/0dd/12455/125495-15_Event.JPG HTTP/1.1" 200 59088
AToulon-256-1-153-58.w83-113.abo.wanadoo.fr - - [30/Sep/2017:17:30:31 +0200] "GET /templates/resellers/7/favicon.ico?v=1506170298 HTTP/1.1" 200 4286
172.82.186.170 - - [30/Sep/2017:17:43:15 +0200] "GET / HTTP/1.1" 200 6440
msnbot-40-77-167-20.search.msn.com - - [30/Sep/2017:17:55:31 +0200] "GET /pruefungskurs HTTP/1.1" 200 5895
