152.red-2-138-243.dynamicip.rima-tde.net - - [02/Oct/2017:17:03:58 +0200] "GET / HTTP/1.1" 200 35804
152.red-2-138-243.dynamicip.rima-tde.net - - [02/Oct/2017:17:04:00 +0200] "GET /events.shtml HTTP/1.1" 200 22514
152.red-2-138-243.dynamicip.rima-tde.net - - [02/Oct/2017:17:04:07 +0200] "GET /galerie.shtml HTTP/1.1" 200 22747
152.red-2-138-243.dynamicip.rima-tde.net - - [02/Oct/2017:17:04:13 +0200] "GET /kurse.shtml HTTP/1.1" 200 31031
152.red-2-138-243.dynamicip.rima-tde.net - - [02/Oct/2017:17:04:16 +0200] "GET /vermietung.shtml HTTP/1.1" 200 25728
152.red-2-138-243.dynamicip.rima-tde.net - - [02/Oct/2017:17:04:16 +0200] "GET /event-gruppesmartkat.shtml HTTP/1.1" 200 21256
152.red-2-138-243.dynamicip.rima-tde.net - - [02/Oct/2017:17:04:21 +0200] "GET /event-matchracing.shtml HTTP/1.1" 200 21251
152.red-2-138-243.dynamicip.rima-tde.net - - [02/Oct/2017:17:04:22 +0200] "GET /event-pedalo.shtml HTTP/1.1" 200 20248
152.red-2-138-243.dynamicip.rima-tde.net - - [02/Oct/2017:17:04:23 +0200] "GET /galerie-gruppesmartkat.shtml HTTP/1.1" 200 20574
152.red-2-138-243.dynamicip.rima-tde.net - - [02/Oct/2017:17:04:24 +0200] "GET /galerie-matchracing.shtml HTTP/1.1" 200 21704
152.red-2-138-243.dynamicip.rima-tde.net - - [02/Oct/2017:17:04:23 +0200] "GET /galerie-sktrophy-2014.shtml HTTP/1.1" 200 29913
152.red-2-138-243.dynamicip.rima-tde.net - - [02/Oct/2017:17:04:27 +0200] "GET /galerie-sktrophy-2015.shtml HTTP/1.1" 200 49420
152.red-2-138-243.dynamicip.rima-tde.net - - [02/Oct/2017:17:04:30 +0200] "GET /kinder-segelkurs.shtml HTTP/1.1" 200 19898
152.red-2-138-243.dynamicip.rima-tde.net - - [02/Oct/2017:17:04:30 +0200] "GET /optikurse-2014.shtml HTTP/1.1" 200 26353
152.red-2-138-243.dynamicip.rima-tde.net - - [02/Oct/2017:17:04:31 +0200] "GET /segel-grundkurs.shtml HTTP/1.1" 200 21440
152.red-2-138-243.dynamicip.rima-tde.net - - [02/Oct/2017:17:04:31 +0200] "GET /pruefungskurs.shtml HTTP/1.1" 200 23039
152.red-2-138-243.dynamicip.rima-tde.net - - [02/Oct/2017:17:04:31 +0200] "GET /segelkurs-jollesmartkat.shtml HTTP/1.1" 200 19993
152.red-2-138-243.dynamicip.rima-tde.net - - [02/Oct/2017:17:04:38 +0200] "GET /smartkat-crashkurs.shtml HTTP/1.1" 200 17863
152.red-2-138-243.dynamicip.rima-tde.net - - [02/Oct/2017:17:04:40 +0200] "GET /flotte.shtml HTTP/1.1" 200 29241
152.red-2-138-243.dynamicip.rima-tde.net - - [02/Oct/2017:17:04:42 +0200] "GET /js/functions_stripped.js?v=6.6.7.2.41064 HTTP/1.1" 200 7672
152.red-2-138-243.dynamicip.rima-tde.net - - [02/Oct/2017:17:04:42 +0200] "GET /Perspectiva.html? HTTP/1.1" 200 18069
152.red-2-138-243.dynamicip.rima-tde.net - - [02/Oct/2017:17:04:44 +0200] "GET /js/jquery.lazyload.min.js?v=6.6.7.2.41064 HTTP/1.1" 200 3342
152.red-2-138-243.dynamicip.rima-tde.net - - [02/Oct/2017:17:04:45 +0200] "GET /js/).html(a);null==$( HTTP/1.1" 200 219
152.red-2-138-243.dynamicip.rima-tde.net - - [02/Oct/2017:17:04:48 +0200] "GET /aktuelles-wetter HTTP/1.1" 200 18388
152.red-2-138-243.dynamicip.rima-tde.net - - [02/Oct/2017:17:04:48 +0200] "GET /davosersee HTTP/1.1" 200 19505
152.red-2-138-243.dynamicip.rima-tde.net - - [02/Oct/2017:17:04:50 +0200] "GET /event-gruppesmartkat HTTP/1.1" 200 21256
152.red-2-138-243.dynamicip.rima-tde.net - - [02/Oct/2017:17:04:55 +0200] "GET /event-pedalo HTTP/1.1" 200 20248
152.red-2-138-243.dynamicip.rima-tde.net - - [02/Oct/2017:17:04:55 +0200] "GET /event-matchracing HTTP/1.1" 200 21251
152.red-2-138-243.dynamicip.rima-tde.net - - [02/Oct/2017:17:04:56 +0200] "GET /flotte HTTP/1.1" 200 29385
152.red-2-138-243.dynamicip.rima-tde.net - - [02/Oct/2017:17:04:56 +0200] "GET /events HTTP/1.1" 200 22514
hydrogen013.a.ahrefs.com - - [02/Oct/2017:17:50:53 +0200] "GET / HTTP/1.1" 200 6440
