msnbot-157-55-39-39.search.msn.com - - [14/Nov/2017:00:06:23 +0100] "GET /var/m_0/0d/0dd/12455/125487-3_SKCrashkurs.JPG HTTP/1.1" 200 80503
crawl-66-249-64-29.googlebot.com - - [14/Nov/2017:00:14:55 +0100] "GET /js/footer/build_social_entries.min.js?v=6.6.38691 HTTP/1.1" 200 278
crawl-66-249-64-29.googlebot.com - - [14/Nov/2017:00:14:55 +0100] "GET /js/photoswipe/lib/klass.min.js?v=6.6.38691 HTTP/1.1" 200 625
crawl-66-249-64-28.googlebot.com - - [14/Nov/2017:00:14:55 +0100] "GET /js/footer/get_deps.min.js?v=6.6.38691 HTTP/1.1" 200 157
crawl-66-249-64-28.googlebot.com - - [14/Nov/2017:00:14:56 +0100] "GET /js/photoswipe/code.photoswipe-3.0.5.min.js?v=6.6.38691 HTTP/1.1" 200 16480
crawl-66-249-64-28.googlebot.com - - [14/Nov/2017:00:14:56 +0100] "GET /css/widgets/concat_widget.min.css?v=6.6.38691 HTTP/1.1" 200 24507
crawl-66-249-64-29.googlebot.com - - [14/Nov/2017:00:14:56 +0100] "GET /js/functions_stripped.js?v=6.6.38691 HTTP/1.1" 200 3186
crawl-66-249-64-30.googlebot.com - - [14/Nov/2017:00:14:57 +0100] "GET /templates/creator/m_f/fa/fa7/164/css/main.min.css?v=1463484701 HTTP/1.1" 200 1797
crawl-66-249-64-29.googlebot.com - - [14/Nov/2017:00:14:57 +0100] "GET /js/photoswipe/photoswipe.css?v=6.6.38691 HTTP/1.1" 200 1156
crawl-66-249-64-29.googlebot.com - - [14/Nov/2017:00:14:57 +0100] "GET /templates/creator/m_f/fa/fa7/164/css/style.min.css?v=1463484701 HTTP/1.1" 200 847
hydrogen302.a.ahrefs.com - - [14/Nov/2017:00:29:00 +0100] "GET / HTTP/1.1" 200 6440
163-172-64-182.rev.poneytelecom.eu - - [14/Nov/2017:00:29:01 +0100] "GET / HTTP/1.1" 200 6440
163-172-64-182.rev.poneytelecom.eu - - [14/Nov/2017:00:29:02 +0100] "GET /css/skeleton.css HTTP/1.1" 200 3511
163-172-64-182.rev.poneytelecom.eu - - [14/Nov/2017:00:29:02 +0100] "GET /css/widgets/concat_widget.min.css?v=6.6.7.2.41064 HTTP/1.1" 200 24507
163-172-64-182.rev.poneytelecom.eu - - [14/Nov/2017:00:29:02 +0100] "GET /js/footer/build_social_entries.min.js?v=6.6.7.2.41064 HTTP/1.1" 200 278
163-172-64-182.rev.poneytelecom.eu - - [14/Nov/2017:00:29:02 +0100] "GET /js/footer/get_deps.min.js?v=6.6.7.2.41064 HTTP/1.1" 200 157
163-172-64-182.rev.poneytelecom.eu - - [14/Nov/2017:00:29:02 +0100] "GET /templates/creator/m_f/fa/fa7/164/assets/wp-menu.js?v=1483633820 HTTP/1.1" 200 1089
163-172-64-182.rev.poneytelecom.eu - - [14/Nov/2017:00:29:02 +0100] "GET /templates/creator/m_f/fa/fa7/164/css/style.min.css?v=1483633820 HTTP/1.1" 200 847
163-172-64-182.rev.poneytelecom.eu - - [14/Nov/2017:00:29:02 +0100] "GET /templates/creator/m_f/fa/fa7/164/assets/respond.min.js?v=1483633820 HTTP/1.1" 200 2085
163-172-64-182.rev.poneytelecom.eu - - [14/Nov/2017:00:29:02 +0100] "GET /templates/creator/m_f/fa/fa7/164/assets/slide.js?v=1483633820 HTTP/1.1" 200 662
163-172-64-182.rev.poneytelecom.eu - - [14/Nov/2017:00:29:02 +0100] "GET /js/functions_stripped.js?v=6.6.7.2.41064 HTTP/1.1" 200 3186
163-172-64-182.rev.poneytelecom.eu - - [14/Nov/2017:00:29:02 +0100] "GET /js/jquery.lazyload.min.js?v=6.6.7.2.41064 HTTP/1.1" 200 1283
163-172-64-182.rev.poneytelecom.eu - - [14/Nov/2017:00:29:02 +0100] "GET /templates/creator/m_f/fa/fa7/164/css/main.min.css?v=1483633820 HTTP/1.1" 200 1797
m243.themothership.net - - [14/Nov/2017:00:37:22 +0100] "GET /wp-content/themes/famous/style.css HTTP/1.1" 200 18205
crawl-66-249-66-84.googlebot.com - - [14/Nov/2017:00:49:18 +0100] "GET /var/m_0/0d/0dd/12455/125487-3_SKCrashkurs.JPG HTTP/1.1" 304 -
crawl-66-249-66-142.googlebot.com - - [14/Nov/2017:00:59:43 +0100] "GET /var/m_0/0d/0dd/12455/125485-1_Kinderkurs.JPG HTTP/1.1" 304 -
crawl-66-249-66-146.googlebot.com - - [14/Nov/2017:00:59:43 +0100] "GET /robots.txt HTTP/1.1" 200 80
