msnbot-207-46-13-86.search.msn.com - - [20/Nov/2017:08:07:20 +0100] "GET /var/m_0/0d/0dd/12455/125494-14_Vermietung.JPG HTTP/1.1" 200 95115
carbon152.a.ahrefs.com - - [20/Nov/2017:08:20:42 +0100] "GET /robots.txt HTTP/1.1" 200 80
hydrogen227.a.ahrefs.com - - [20/Nov/2017:08:20:42 +0100] "GET /var/m_0/0d/0dd/12455/125486-2_Sportkurs.JPG HTTP/1.1" 200 69000
reverse-dns.chicago - - [20/Nov/2017:08:45:28 +0100] "GET / HTTP/1.1" 200 35804
reverse-dns.chicago - - [20/Nov/2017:08:45:31 +0100] "GET /events.shtml HTTP/1.1" 200 22514
reverse-dns.chicago - - [20/Nov/2017:08:45:36 +0100] "GET /galerie.shtml HTTP/1.1" 200 22747
reverse-dns.chicago - - [20/Nov/2017:08:45:37 +0100] "GET /kurse.shtml HTTP/1.1" 200 31031
reverse-dns.chicago - - [20/Nov/2017:08:45:38 +0100] "GET /vermietung.shtml HTTP/1.1" 200 25728
reverse-dns.chicago - - [20/Nov/2017:08:45:39 +0100] "GET /event-matchracing.shtml HTTP/1.1" 200 21251
reverse-dns.chicago - - [20/Nov/2017:08:45:39 +0100] "GET /event-gruppesmartkat.shtml HTTP/1.1" 200 21256
reverse-dns.chicago - - [20/Nov/2017:08:45:40 +0100] "GET /galerie-gruppesmartkat.shtml HTTP/1.1" 200 20574
reverse-dns.chicago - - [20/Nov/2017:08:45:40 +0100] "GET /event-pedalo.shtml HTTP/1.1" 200 20248
reverse-dns.chicago - - [20/Nov/2017:08:45:40 +0100] "GET /galerie-matchracing.shtml HTTP/1.1" 200 21704
reverse-dns.chicago - - [20/Nov/2017:08:45:41 +0100] "GET /galerie-sktrophy-2014.shtml HTTP/1.1" 200 29913
reverse-dns.chicago - - [20/Nov/2017:08:45:42 +0100] "GET /galerie-sktrophy-2015.shtml HTTP/1.1" 200 49420
reverse-dns.chicago - - [20/Nov/2017:08:45:43 +0100] "GET /pruefungskurs.shtml HTTP/1.1" 200 23039
reverse-dns.chicago - - [20/Nov/2017:08:45:43 +0100] "GET /optikurse-2014.shtml HTTP/1.1" 200 26353
reverse-dns.chicago - - [20/Nov/2017:08:45:43 +0100] "GET /kinder-segelkurs.shtml HTTP/1.1" 200 19898
reverse-dns.chicago - - [20/Nov/2017:08:45:44 +0100] "GET /segel-grundkurs.shtml HTTP/1.1" 200 21440
reverse-dns.chicago - - [20/Nov/2017:08:45:45 +0100] "GET /segelkurs-jollesmartkat.shtml HTTP/1.1" 200 19993
reverse-dns.chicago - - [20/Nov/2017:08:45:45 +0100] "GET /smartkat-crashkurs.shtml HTTP/1.1" 200 17863
reverse-dns.chicago - - [20/Nov/2017:08:45:46 +0100] "GET /flotte.shtml HTTP/1.1" 200 29241
reverse-dns.chicago - - [20/Nov/2017:08:45:47 +0100] "GET /js/functions_stripped.js?v=6.6.7.2.41064 HTTP/1.1" 200 7672
reverse-dns.chicago - - [20/Nov/2017:08:45:47 +0100] "GET /Perspectiva.html? HTTP/1.1" 200 18069
reverse-dns.chicago - - [20/Nov/2017:08:45:48 +0100] "GET /js/jquery.lazyload.min.js?v=6.6.7.2.41064 HTTP/1.1" 200 3342
reverse-dns.chicago - - [20/Nov/2017:08:45:49 +0100] "GET /js/).html(a);null==$( HTTP/1.1" 200 219
reverse-dns.chicago - - [20/Nov/2017:08:45:50 +0100] "GET /aktuelles-wetter HTTP/1.1" 200 18388
reverse-dns.chicago - - [20/Nov/2017:08:45:49 +0100] "GET /js/index.php?sid=46&lang=en&item=1&act=users&ajax=state HTTP/1.1" 200 210
reverse-dns.chicago - - [20/Nov/2017:08:45:51 +0100] "GET /event-matchracing HTTP/1.1" 200 21251
reverse-dns.chicago - - [20/Nov/2017:08:45:51 +0100] "GET /davosersee HTTP/1.1" 200 19505
reverse-dns.chicago - - [20/Nov/2017:08:45:51 +0100] "GET /event-gruppesmartkat HTTP/1.1" 200 21256
reverse-dns.chicago - - [20/Nov/2017:08:45:52 +0100] "GET /event-pedalo HTTP/1.1" 200 20248
reverse-dns.chicago - - [20/Nov/2017:08:45:53 +0100] "GET /events HTTP/1.1" 200 22514
crawl-66-249-64-29.googlebot.com - - [20/Nov/2017:08:49:40 +0100] "GET /pruefungskurs HTTP/1.1" 200 5881
x28.ch - - [20/Nov/2017:08:55:06 +0100] "GET /davosersee.shtml HTTP/1.1" 200 5477
x28.ch - - [20/Nov/2017:08:55:06 +0100] "GET /robots.txt HTTP/1.1" 200 120
x28.ch - - [20/Nov/2017:08:55:11 +0100] "GET /event-gruppesmartkat.shtml HTTP/1.1" 200 5645
x28.ch - - [20/Nov/2017:08:55:16 +0100] "GET /event-matchracing.shtml HTTP/1.1" 200 5634
x28.ch - - [20/Nov/2017:08:55:21 +0100] "GET /event-pedalo.shtml HTTP/1.1" 200 5342
x28.ch - - [20/Nov/2017:08:55:27 +0100] "GET /flotte.shtml HTTP/1.1" 200 6274
x28.ch - - [20/Nov/2017:08:55:32 +0100] "GET /%C3%BCber-uns.shtml HTTP/1.1" 200 4740
x28.ch - - [20/Nov/2017:08:55:38 +0100] "GET /standort.shtml HTTP/1.1" 200 4717
x28.ch - - [20/Nov/2017:08:55:43 +0100] "GET /kursanmeldung.shtml HTTP/1.1" 200 10952
x28.ch - - [20/Nov/2017:08:55:48 +0100] "GET /aktuelles-wetter.shtml HTTP/1.1" 200 4575
x28.ch - - [20/Nov/2017:08:55:53 +0100] "GET /robots.txt HTTP/1.1" 200 120
x28.ch - - [20/Nov/2017:08:55:53 +0100] "GET /kursanmeldung.shtml HTTP/1.1" 200 10952
x28.ch - - [20/Nov/2017:08:55:58 +0100] "GET /standort.shtml HTTP/1.1" 200 4717
x28.ch - - [20/Nov/2017:08:56:03 +0100] "GET /aktuelles-wetter.shtml HTTP/1.1" 200 4575
x28.ch - - [20/Nov/2017:08:56:08 +0100] "GET /davosersee.shtml HTTP/1.1" 200 5477
x28.ch - - [20/Nov/2017:08:56:14 +0100] "GET /%C3%BCber-uns.shtml HTTP/1.1" 200 4740
