ip56592113.speed.planet.nl - - [07/Oct/2017:23:03:07 +0200] "GET /%C3%BCber-uns.shtml HTTP/1.1" 200 21862
ip56592113.speed.planet.nl - - [07/Oct/2017:23:03:06 +0200] "GET / HTTP/1.1" 200 35804
ip56592113.speed.planet.nl - - [07/Oct/2017:23:03:08 +0200] "GET /aktuelles-wetter.shtml HTTP/1.1" 200 18388
ip56592113.speed.planet.nl - - [07/Oct/2017:23:03:09 +0200] "GET /event-gruppesmartkat.shtml HTTP/1.1" 200 21256
ip56592113.speed.planet.nl - - [07/Oct/2017:23:03:09 +0200] "GET /davosersee.shtml HTTP/1.1" 200 19505
ip56592113.speed.planet.nl - - [07/Oct/2017:23:03:10 +0200] "GET /event-matchracing.shtml HTTP/1.1" 200 21251
ip56592113.speed.planet.nl - - [07/Oct/2017:23:03:10 +0200] "GET /event-pedalo.shtml HTTP/1.1" 200 20248
ip56592113.speed.planet.nl - - [07/Oct/2017:23:03:11 +0200] "GET /events.shtml HTTP/1.1" 200 22514
ip56592113.speed.planet.nl - - [07/Oct/2017:23:03:12 +0200] "GET /galerie-matchracing.shtml HTTP/1.1" 200 21704
ip56592113.speed.planet.nl - - [07/Oct/2017:23:03:12 +0200] "GET /galerie-gruppesmartkat.shtml HTTP/1.1" 200 20574
ip56592113.speed.planet.nl - - [07/Oct/2017:23:03:12 +0200] "GET /flotte.shtml HTTP/1.1" 200 29241
ip56592113.speed.planet.nl - - [07/Oct/2017:23:03:13 +0200] "GET /galerie-sktrophy-2014.shtml HTTP/1.1" 200 29913
ip56592113.speed.planet.nl - - [07/Oct/2017:23:03:13 +0200] "GET /galerie-sktrophy-2015.shtml HTTP/1.1" 200 49420
ip56592113.speed.planet.nl - - [07/Oct/2017:23:03:14 +0200] "GET /galerie.shtml HTTP/1.1" 200 22747
ip56592113.speed.planet.nl - - [07/Oct/2017:23:03:15 +0200] "GET /kurse.shtml HTTP/1.1" 200 31031
ip56592113.speed.planet.nl - - [07/Oct/2017:23:03:15 +0200] "GET /kinder-segelkurs.shtml HTTP/1.1" 200 19898
ip56592113.speed.planet.nl - - [07/Oct/2017:23:03:15 +0200] "GET /kursanmeldung.shtml HTTP/1.1" 200 49926
ip56592113.speed.planet.nl - - [07/Oct/2017:23:03:16 +0200] "GET /pruefungskurs.shtml HTTP/1.1" 200 23039
ip56592113.speed.planet.nl - - [07/Oct/2017:23:03:16 +0200] "GET /optikurse-2014.shtml HTTP/1.1" 200 26353
ip56592113.speed.planet.nl - - [07/Oct/2017:23:03:17 +0200] "GET /segel-grundkurs.shtml HTTP/1.1" 200 21440
ip56592113.speed.planet.nl - - [07/Oct/2017:23:03:18 +0200] "GET /segelkurs-jollesmartkat.shtml HTTP/1.1" 200 19993
ip56592113.speed.planet.nl - - [07/Oct/2017:23:03:18 +0200] "GET /js/functions_stripped.js?v=6.6.7.2.41064 HTTP/1.1" 200 7672
ip56592113.speed.planet.nl - - [07/Oct/2017:23:03:18 +0200] "GET /standort.shtml HTTP/1.1" 200 17547
ip56592113.speed.planet.nl - - [07/Oct/2017:23:03:18 +0200] "GET /smartkat-crashkurs.shtml HTTP/1.1" 200 17863
ip56592113.speed.planet.nl - - [07/Oct/2017:23:03:18 +0200] "GET /Perspectiva.html? HTTP/1.1" 200 18069
ip56592113.speed.planet.nl - - [07/Oct/2017:23:03:18 +0200] "GET /vermietung.shtml HTTP/1.1" 200 25728
ip56592113.speed.planet.nl - - [07/Oct/2017:23:03:19 +0200] "GET /js/jquery.lazyload.min.js?v=6.6.7.2.41064 HTTP/1.1" 200 3342
ip56592113.speed.planet.nl - - [07/Oct/2017:23:03:19 +0200] "GET /aktuelles-wetter HTTP/1.1" 200 18388
crawl-66-249-64-30.googlebot.com - - [07/Oct/2017:23:06:24 +0200] "GET /var/m_0/0d/0dd/12455/7230969-37_Pedalo2.jpg HTTP/1.1" 200 107785
no-mans-land.m247.com - - [07/Oct/2017:23:48:52 +0200] "GET /events.shtml HTTP/1.1" 200 22514
no-mans-land.m247.com - - [07/Oct/2017:23:48:52 +0200] "GET / HTTP/1.1" 200 35804
no-mans-land.m247.com - - [07/Oct/2017:23:48:53 +0200] "GET /galerie.shtml HTTP/1.1" 200 22747
no-mans-land.m247.com - - [07/Oct/2017:23:48:54 +0200] "GET /vermietung.shtml HTTP/1.1" 200 25728
no-mans-land.m247.com - - [07/Oct/2017:23:48:54 +0200] "GET /kurse.shtml HTTP/1.1" 200 31031
no-mans-land.m247.com - - [07/Oct/2017:23:48:55 +0200] "GET /event-pedalo.shtml HTTP/1.1" 200 20248
no-mans-land.m247.com - - [07/Oct/2017:23:48:55 +0200] "GET /optikurse-2014.shtml HTTP/1.1" 200 26353
no-mans-land.m247.com - - [07/Oct/2017:23:48:55 +0200] "GET /galerie-gruppesmartkat.shtml HTTP/1.1" 200 20574
no-mans-land.m247.com - - [07/Oct/2017:23:48:55 +0200] "GET /kinder-segelkurs.shtml HTTP/1.1" 200 19898
no-mans-land.m247.com - - [07/Oct/2017:23:48:55 +0200] "GET /galerie-matchracing.shtml HTTP/1.1" 200 21704
no-mans-land.m247.com - - [07/Oct/2017:23:48:55 +0200] "GET /pruefungskurs.shtml HTTP/1.1" 200 23039
no-mans-land.m247.com - - [07/Oct/2017:23:48:55 +0200] "GET /event-gruppesmartkat.shtml HTTP/1.1" 200 21256
no-mans-land.m247.com - - [07/Oct/2017:23:48:55 +0200] "GET /galerie-sktrophy-2014.shtml HTTP/1.1" 200 29913
no-mans-land.m247.com - - [07/Oct/2017:23:48:55 +0200] "GET /event-matchracing.shtml HTTP/1.1" 200 21251
no-mans-land.m247.com - - [07/Oct/2017:23:48:55 +0200] "GET /galerie-sktrophy-2015.shtml HTTP/1.1" 200 49420
no-mans-land.m247.com - - [07/Oct/2017:23:48:55 +0200] "GET /segel-grundkurs.shtml HTTP/1.1" 200 21440
no-mans-land.m247.com - - [07/Oct/2017:23:48:56 +0200] "GET /Perspectiva.html? HTTP/1.1" 200 18069
no-mans-land.m247.com - - [07/Oct/2017:23:48:56 +0200] "GET /js/).html(a);null==$( HTTP/1.1" 200 219
no-mans-land.m247.com - - [07/Oct/2017:23:48:56 +0200] "GET /js/functions_stripped.js?v=6.6.7.2.41064 HTTP/1.1" 200 7672
no-mans-land.m247.com - - [07/Oct/2017:23:48:56 +0200] "GET /flotte.shtml HTTP/1.1" 200 29241
no-mans-land.m247.com - - [07/Oct/2017:23:48:56 +0200] "GET /smartkat-crashkurs.shtml HTTP/1.1" 200 17863
no-mans-land.m247.com - - [07/Oct/2017:23:48:56 +0200] "GET /segelkurs-jollesmartkat.shtml HTTP/1.1" 200 19993
no-mans-land.m247.com - - [07/Oct/2017:23:48:56 +0200] "GET /js/jquery.lazyload.min.js?v=6.6.7.2.41064 HTTP/1.1" 200 3342
no-mans-land.m247.com - - [07/Oct/2017:23:48:56 +0200] "GET /js/index.php?sid=46&lang=en&item=1&act=users&ajax=state HTTP/1.1" 200 210
no-mans-land.m247.com - - [07/Oct/2017:23:48:57 +0200] "GET /aktuelles-wetter HTTP/1.1" 200 18388
no-mans-land.m247.com - - [07/Oct/2017:23:48:57 +0200] "GET /davosersee HTTP/1.1" 200 19505
no-mans-land.m247.com - - [07/Oct/2017:23:48:57 +0200] "GET /event-gruppesmartkat HTTP/1.1" 200 21256
no-mans-land.m247.com - - [07/Oct/2017:23:48:57 +0200] "GET /event-matchracing HTTP/1.1" 200 21251
no-mans-land.m247.com - - [07/Oct/2017:23:48:58 +0200] "GET /events HTTP/1.1" 200 22514
no-mans-land.m247.com - - [07/Oct/2017:23:48:58 +0200] "GET /event-pedalo HTTP/1.1" 200 20248
b115490.yse.yahoo.net - - [07/Oct/2017:23:55:31 +0200] "GET /robots.txt HTTP/1.1" 200 120
b115490.yse.yahoo.net - - [07/Oct/2017:23:55:31 +0200] "GET /kinder-segelkurs HTTP/1.1" 200 5172
