s5595406a.adsl.online.nl - - [10/Oct/2017:04:03:39 +0200] "GET / HTTP/1.1" 200 35804
s5595406a.adsl.online.nl - - [10/Oct/2017:04:03:40 +0200] "GET /events.shtml HTTP/1.1" 200 22514
s5595406a.adsl.online.nl - - [10/Oct/2017:04:03:41 +0200] "GET /kurse.shtml HTTP/1.1" 200 31031
s5595406a.adsl.online.nl - - [10/Oct/2017:04:03:40 +0200] "GET /galerie.shtml HTTP/1.1" 200 22747
s5595406a.adsl.online.nl - - [10/Oct/2017:04:03:42 +0200] "GET /event-matchracing.shtml HTTP/1.1" 200 21251
s5595406a.adsl.online.nl - - [10/Oct/2017:04:03:41 +0200] "GET /vermietung.shtml HTTP/1.1" 200 25728
s5595406a.adsl.online.nl - - [10/Oct/2017:04:03:42 +0200] "GET /event-gruppesmartkat.shtml HTTP/1.1" 200 21256
s5595406a.adsl.online.nl - - [10/Oct/2017:04:03:43 +0200] "GET /galerie-gruppesmartkat.shtml HTTP/1.1" 200 20574
s5595406a.adsl.online.nl - - [10/Oct/2017:04:03:43 +0200] "GET /event-pedalo.shtml HTTP/1.1" 200 20248
s5595406a.adsl.online.nl - - [10/Oct/2017:04:03:44 +0200] "GET /galerie-sktrophy-2014.shtml HTTP/1.1" 200 29913
s5595406a.adsl.online.nl - - [10/Oct/2017:04:03:44 +0200] "GET /galerie-matchracing.shtml HTTP/1.1" 200 21704
s5595406a.adsl.online.nl - - [10/Oct/2017:04:03:44 +0200] "GET /galerie-sktrophy-2015.shtml HTTP/1.1" 200 49420
s5595406a.adsl.online.nl - - [10/Oct/2017:04:03:44 +0200] "GET /optikurse-2014.shtml HTTP/1.1" 200 26353
s5595406a.adsl.online.nl - - [10/Oct/2017:04:03:45 +0200] "GET /segelkurs-jollesmartkat.shtml HTTP/1.1" 200 19993
s5595406a.adsl.online.nl - - [10/Oct/2017:04:03:45 +0200] "GET /segel-grundkurs.shtml HTTP/1.1" 200 21440
s5595406a.adsl.online.nl - - [10/Oct/2017:04:03:45 +0200] "GET /kinder-segelkurs.shtml HTTP/1.1" 200 19898
s5595406a.adsl.online.nl - - [10/Oct/2017:04:03:45 +0200] "GET /smartkat-crashkurs.shtml HTTP/1.1" 200 17863
s5595406a.adsl.online.nl - - [10/Oct/2017:04:03:45 +0200] "GET /pruefungskurs.shtml HTTP/1.1" 200 23039
s5595406a.adsl.online.nl - - [10/Oct/2017:04:03:45 +0200] "GET /flotte.shtml HTTP/1.1" 200 29241
s5595406a.adsl.online.nl - - [10/Oct/2017:04:03:46 +0200] "GET /js/jquery.lazyload.min.js?v=6.6.7.2.41064 HTTP/1.1" 200 3342
s5595406a.adsl.online.nl - - [10/Oct/2017:04:03:46 +0200] "GET /Perspectiva.html? HTTP/1.1" 200 18069
s5595406a.adsl.online.nl - - [10/Oct/2017:04:03:46 +0200] "GET /aktuelles-wetter HTTP/1.1" 200 18388
s5595406a.adsl.online.nl - - [10/Oct/2017:04:03:46 +0200] "GET /js/functions_stripped.js?v=6.6.7.2.41064 HTTP/1.1" 200 7672
s5595406a.adsl.online.nl - - [10/Oct/2017:04:03:46 +0200] "GET /davosersee HTTP/1.1" 200 19505
s5595406a.adsl.online.nl - - [10/Oct/2017:04:03:46 +0200] "GET /js/).html(a);null==$( HTTP/1.1" 200 219
s5595406a.adsl.online.nl - - [10/Oct/2017:04:03:47 +0200] "GET /event-gruppesmartkat HTTP/1.1" 200 21256
s5595406a.adsl.online.nl - - [10/Oct/2017:04:03:47 +0200] "GET /events HTTP/1.1" 200 22514
s5595406a.adsl.online.nl - - [10/Oct/2017:04:03:47 +0200] "GET /event-pedalo HTTP/1.1" 200 20248
s5595406a.adsl.online.nl - - [10/Oct/2017:04:03:47 +0200] "GET /flotte HTTP/1.1" 200 29385
s5595406a.adsl.online.nl - - [10/Oct/2017:04:03:47 +0200] "GET /event-matchracing HTTP/1.1" 200 21251
163-172-4-153.rev.poneytelecom.eu - - [10/Oct/2017:04:09:43 +0200] "GET / HTTP/1.1" 200 6440
CC01003.businesslearningnetwork.com - - [10/Oct/2017:04:29:21 +0200] "GET / HTTP/1.1" 200 35804
217.193.142.180 - - [10/Oct/2017:04:34:35 +0200] "GET / HTTP/1.1" 200 35804
217.193.142.180 - - [10/Oct/2017:04:34:35 +0200] "GET / HTTP/1.1" 200 35804
