46-118-159-26.broadband.kyivstar.net - - [23/Sep/2017:08:42:42 +0200] "GET / HTTP/1.1" 200 35804
46-118-159-26.broadband.kyivstar.net - - [23/Sep/2017:08:42:43 +0200] "GET / HTTP/1.1" 200 35804
46-118-159-26.broadband.kyivstar.net - - [23/Sep/2017:08:42:44 +0200] "GET / HTTP/1.1" 200 35804
209.90.232.120.reverse.wowrack.com - - [23/Sep/2017:08:43:17 +0200] "GET / HTTP/1.1" 200 35804
209.90.232.120.reverse.wowrack.com - - [23/Sep/2017:08:43:18 +0200] "GET /%C3%BCber-uns.shtml HTTP/1.1" 200 21862
209.90.232.120.reverse.wowrack.com - - [23/Sep/2017:08:43:20 +0200] "GET /aktuelles-wetter.shtml HTTP/1.1" 200 18388
209.90.232.120.reverse.wowrack.com - - [23/Sep/2017:08:43:22 +0200] "GET /davosersee.shtml HTTP/1.1" 200 19505
209.90.232.120.reverse.wowrack.com - - [23/Sep/2017:08:43:24 +0200] "GET /event-gruppesmartkat.shtml HTTP/1.1" 200 21256
209.90.232.120.reverse.wowrack.com - - [23/Sep/2017:08:43:26 +0200] "GET /event-matchracing.shtml HTTP/1.1" 200 21251
209.90.232.120.reverse.wowrack.com - - [23/Sep/2017:08:43:28 +0200] "GET /event-pedalo.shtml HTTP/1.1" 200 20248
209.90.232.120.reverse.wowrack.com - - [23/Sep/2017:08:43:31 +0200] "GET /events.shtml HTTP/1.1" 200 22514
209.90.232.120.reverse.wowrack.com - - [23/Sep/2017:08:43:33 +0200] "GET /flotte.shtml HTTP/1.1" 200 29241
209.90.232.120.reverse.wowrack.com - - [23/Sep/2017:08:43:35 +0200] "GET /galerie-gruppesmartkat.shtml HTTP/1.1" 200 20574
209.90.232.120.reverse.wowrack.com - - [23/Sep/2017:08:43:37 +0200] "GET /galerie-matchracing.shtml HTTP/1.1" 200 21704
209.90.232.120.reverse.wowrack.com - - [23/Sep/2017:08:43:39 +0200] "GET /galerie-sktrophy-2014.shtml HTTP/1.1" 200 29913
209.90.232.120.reverse.wowrack.com - - [23/Sep/2017:08:43:41 +0200] "GET /galerie-sktrophy-2015.shtml HTTP/1.1" 200 49420
209.90.232.120.reverse.wowrack.com - - [23/Sep/2017:08:43:43 +0200] "GET /galerie.shtml HTTP/1.1" 200 22747
209.90.232.120.reverse.wowrack.com - - [23/Sep/2017:08:43:45 +0200] "GET /kinder-segelkurs.shtml HTTP/1.1" 200 19898
209.90.232.120.reverse.wowrack.com - - [23/Sep/2017:08:43:47 +0200] "GET /kursanmeldung.shtml HTTP/1.1" 200 49926
209.90.232.120.reverse.wowrack.com - - [23/Sep/2017:08:43:47 +0200] "GET /kurse.shtml HTTP/1.1" 200 31031
209.90.232.120.reverse.wowrack.com - - [23/Sep/2017:08:43:49 +0200] "GET /optikurse-2014.shtml HTTP/1.1" 200 26353
209.90.232.120.reverse.wowrack.com - - [23/Sep/2017:08:43:51 +0200] "GET /pruefungskurs.shtml HTTP/1.1" 200 23039
209.90.232.120.reverse.wowrack.com - - [23/Sep/2017:08:43:53 +0200] "GET /segel-grundkurs.shtml HTTP/1.1" 200 21440
209.90.232.120.reverse.wowrack.com - - [23/Sep/2017:08:43:55 +0200] "GET /segelkurs-jollesmartkat.shtml HTTP/1.1" 200 19993
209.90.232.120.reverse.wowrack.com - - [23/Sep/2017:08:43:57 +0200] "GET /smartkat-crashkurs.shtml HTTP/1.1" 200 17863
209.90.232.120.reverse.wowrack.com - - [23/Sep/2017:08:43:59 +0200] "GET /standort.shtml HTTP/1.1" 200 17547
209.90.232.120.reverse.wowrack.com - - [23/Sep/2017:08:44:01 +0200] "GET /vermietung.shtml HTTP/1.1" 200 25728
209.90.232.120.reverse.wowrack.com - - [23/Sep/2017:08:44:03 +0200] "GET /js/functions_stripped.js?v=6.6.7.2.41064 HTTP/1.1" 200 7672
209.90.232.120.reverse.wowrack.com - - [23/Sep/2017:08:44:04 +0200] "GET /Perspectiva.html? HTTP/1.1" 200 18069
209.90.232.120.reverse.wowrack.com - - [23/Sep/2017:08:44:05 +0200] "GET /js/jquery.lazyload.min.js?v=6.6.7.2.41064 HTTP/1.1" 200 3342
209.90.232.120.reverse.wowrack.com - - [23/Sep/2017:08:44:07 +0200] "GET /aktuelles-wetter HTTP/1.1" 200 18388
209.90.232.120.reverse.wowrack.com - - [23/Sep/2017:08:44:08 +0200] "GET /davosersee HTTP/1.1" 200 19505
209.90.232.120.reverse.wowrack.com - - [23/Sep/2017:08:44:11 +0200] "GET /event-gruppesmartkat HTTP/1.1" 200 21256
209.90.232.120.reverse.wowrack.com - - [23/Sep/2017:08:44:13 +0200] "GET /event-matchracing HTTP/1.1" 200 21251
209.90.232.120.reverse.wowrack.com - - [23/Sep/2017:08:44:15 +0200] "GET /event-pedalo HTTP/1.1" 200 20248
209.90.232.120.reverse.wowrack.com - - [23/Sep/2017:08:44:17 +0200] "GET /events HTTP/1.1" 200 22514
209.90.232.120.reverse.wowrack.com - - [23/Sep/2017:08:44:19 +0200] "GET /galerie-gruppesmartkat HTTP/1.1" 200 20574
209.90.232.120.reverse.wowrack.com - - [23/Sep/2017:08:44:19 +0200] "GET /flotte HTTP/1.1" 200 29385
209.90.232.120.reverse.wowrack.com - - [23/Sep/2017:08:44:21 +0200] "GET /galerie-matchracing HTTP/1.1" 200 21704
209.90.232.120.reverse.wowrack.com - - [23/Sep/2017:08:44:23 +0200] "GET /galerie-sktrophy-2014 HTTP/1.1" 200 29913
209.90.232.120.reverse.wowrack.com - - [23/Sep/2017:08:44:25 +0200] "GET /galerie-sktrophy-2015 HTTP/1.1" 200 49420
209.90.232.120.reverse.wowrack.com - - [23/Sep/2017:08:44:27 +0200] "GET /galerie HTTP/1.1" 200 22747
209.90.232.120.reverse.wowrack.com - - [23/Sep/2017:08:44:28 +0200] "GET /kinder-segelkurs HTTP/1.1" 200 19898
209.90.232.120.reverse.wowrack.com - - [23/Sep/2017:08:44:30 +0200] "GET /kurse HTTP/1.1" 200 31031
209.90.232.120.reverse.wowrack.com - - [23/Sep/2017:08:44:32 +0200] "GET /optikurse-2014 HTTP/1.1" 200 26353
209.90.232.120.reverse.wowrack.com - - [23/Sep/2017:08:44:34 +0200] "GET /pruefungskurs HTTP/1.1" 200 23039
crawl-66-249-64-3.googlebot.com - - [23/Sep/2017:08:54:07 +0200] "GET /templates/resellers/7/favicon.ico?v=1503466260 HTTP/1.1" 304 -
