hydrogen099.a.ahrefs.com - - [30/Sep/2017:03:07:32 +0200] "GET /var/m_0/0d/0dd/12455/143488-G1_SKT2014_11.JPG HTTP/1.1" 200 120429
123.125.67.160 - - [30/Sep/2017:03:36:23 +0200] "GET /robots.txt HTTP/1.1" 200 80
baiduspider-123-125-71-42.crawl.baidu.com - - [30/Sep/2017:03:39:12 +0200] "GET /templates/resellers/7/favicon.ico?v=1471787590 HTTP/1.1" 200 4286
b115490.yse.yahoo.net - - [30/Sep/2017:03:45:01 +0200] "GET /robots.txt HTTP/1.1" 200 120
b115490.yse.yahoo.net - - [30/Sep/2017:03:45:02 +0200] "GET / HTTP/1.1" 200 6440
b118839.yse.yahoo.net - - [30/Sep/2017:03:45:51 +0200] "GET /robots.txt HTTP/1.1" 200 120
b118839.yse.yahoo.net - - [30/Sep/2017:03:45:52 +0200] "GET /kursanmeldung.shtml HTTP/1.1" 200 10952
b118839.yse.yahoo.net - - [30/Sep/2017:03:46:14 +0200] "GET /kinder-segelkurs.shtml HTTP/1.1" 200 5171
b118839.yse.yahoo.net - - [30/Sep/2017:03:46:41 +0200] "GET /davosersee.shtml HTTP/1.1" 200 5477
b118839.yse.yahoo.net - - [30/Sep/2017:03:46:49 +0200] "GET /segelkurs-jollesmartkat.shtml HTTP/1.1" 200 5139
b118839.yse.yahoo.net - - [30/Sep/2017:03:46:52 +0200] "GET /events.shtml HTTP/1.1" 200 5297
b118839.yse.yahoo.net - - [30/Sep/2017:03:46:53 +0200] "GET /%C3%BCber-uns.shtml HTTP/1.1" 200 4740
b118839.yse.yahoo.net - - [30/Sep/2017:03:47:07 +0200] "GET /smartkat-crashkurs.shtml HTTP/1.1" 200 4808
b118839.yse.yahoo.net - - [30/Sep/2017:03:48:40 +0200] "GET /kurse.shtml HTTP/1.1" 200 6280
b118839.yse.yahoo.net - - [30/Sep/2017:03:49:25 +0200] "GET /flotte.shtml HTTP/1.1" 200 6274
b118839.yse.yahoo.net - - [30/Sep/2017:03:49:29 +0200] "GET /vermietung.shtml HTTP/1.1" 200 5099
b118839.yse.yahoo.net - - [30/Sep/2017:03:52:34 +0200] "GET /segel-grundkurs.shtml HTTP/1.1" 200 5378
static.70.111.9.5.clients.your-server.de - - [30/Sep/2017:03:59:04 +0200] "GET /robots.txt HTTP/1.1" 200 120
static.70.111.9.5.clients.your-server.de - - [30/Sep/2017:03:59:06 +0200] "GET /%C3%BCber-uns HTTP/1.1" 200 21862
static.70.111.9.5.clients.your-server.de - - [30/Sep/2017:03:59:09 +0200] "GET /%C3%BCber-uns.shtml HTTP/1.1" 200 21862
static.70.111.9.5.clients.your-server.de - - [30/Sep/2017:03:59:12 +0200] "GET /robots.txt HTTP/1.1" 200 120
static.70.111.9.5.clients.your-server.de - - [30/Sep/2017:03:59:14 +0200] "GET /%C3%BCber-uns HTTP/1.1" 200 21862
static.70.111.9.5.clients.your-server.de - - [30/Sep/2017:03:59:16 +0200] "GET /%C3%BCber-uns.shtml HTTP/1.1" 200 21862
