104.15.127.176.dynamic.wline.res.cust.swisscom.ch - - [30/Sep/2017:11:10:57 +0200] "GET / HTTP/1.1" 200 6440
104.15.127.176.dynamic.wline.res.cust.swisscom.ch - - [30/Sep/2017:11:10:58 +0200] "GET /templates/creator/m_f/fa/fa7/164/css/main.min.css?v=1483633820 HTTP/1.1" 200 1797
104.15.127.176.dynamic.wline.res.cust.swisscom.ch - - [30/Sep/2017:11:10:58 +0200] "GET /templates/creator/m_f/fa/fa7/164/css/style.min.css?v=1483633820 HTTP/1.1" 200 847
104.15.127.176.dynamic.wline.res.cust.swisscom.ch - - [30/Sep/2017:11:10:58 +0200] "GET /templates/creator/m_f/fa/fa7/164/assets/wp-menu.js?v=1483633820 HTTP/1.1" 200 1089
104.15.127.176.dynamic.wline.res.cust.swisscom.ch - - [30/Sep/2017:11:10:58 +0200] "GET /templates/creator/m_f/fa/fa7/164/assets/slide.js?v=1483633820 HTTP/1.1" 200 662
104.15.127.176.dynamic.wline.res.cust.swisscom.ch - - [30/Sep/2017:11:10:58 +0200] "GET /js/jquery.lazyload.min.js?v=6.6.7.2.41064 HTTP/1.1" 200 1283
104.15.127.176.dynamic.wline.res.cust.swisscom.ch - - [30/Sep/2017:11:10:58 +0200] "GET /js/footer/get_deps.min.js?v=6.6.7.2.41064 HTTP/1.1" 200 157
104.15.127.176.dynamic.wline.res.cust.swisscom.ch - - [30/Sep/2017:11:10:58 +0200] "GET /var/m_0/0d/0dd/12455/143351-Header_Segelschule.jpg HTTP/1.1" 200 107532
104.15.127.176.dynamic.wline.res.cust.swisscom.ch - - [30/Sep/2017:11:10:58 +0200] "GET /js/footer/build_social_entries.min.js?v=6.6.7.2.41064 HTTP/1.1" 200 278
104.15.127.176.dynamic.wline.res.cust.swisscom.ch - - [30/Sep/2017:11:10:58 +0200] "GET /var/m_0/0d/0dd/12455/8218280-65_Regatta.JPG HTTP/1.1" 200 192350
104.15.127.176.dynamic.wline.res.cust.swisscom.ch - - [30/Sep/2017:11:10:58 +0200] "GET /var/m_0/0d/0dd/12455/8254793-J70_Davos.w1024.jpg HTTP/1.1" 200 191999
104.15.127.176.dynamic.wline.res.cust.swisscom.ch - - [30/Sep/2017:11:10:58 +0200] "GET /var/m_0/0d/0dd/12455/7230972-19_Matchracing.jpg HTTP/1.1" 200 55347
104.15.127.176.dynamic.wline.res.cust.swisscom.ch - - [30/Sep/2017:11:10:58 +0200] "GET /css/widgets/concat_widget.min.css?v=6.6.7.2.41064 HTTP/1.1" 200 24507
104.15.127.176.dynamic.wline.res.cust.swisscom.ch - - [30/Sep/2017:11:10:58 +0200] "GET /css/skeleton.css HTTP/1.1" 200 3511
104.15.127.176.dynamic.wline.res.cust.swisscom.ch - - [30/Sep/2017:11:10:58 +0200] "GET /templates/creator/m_f/fa/fa7/164/assets/respond.min.js?v=1483633820 HTTP/1.1" 200 2085
104.15.127.176.dynamic.wline.res.cust.swisscom.ch - - [30/Sep/2017:11:10:58 +0200] "GET /js/functions_stripped.js?v=6.6.7.2.41064 HTTP/1.1" 200 3186
104.15.127.176.dynamic.wline.res.cust.swisscom.ch - - [30/Sep/2017:11:10:58 +0200] "GET /var/m_0/0d/0dd/12455/6564603-SK_Tro_Head.jpg HTTP/1.1" 200 136780
104.15.127.176.dynamic.wline.res.cust.swisscom.ch - - [30/Sep/2017:11:10:59 +0200] "GET /var/m_0/0d/0dd/12455/125495-15_Event.JPG HTTP/1.1" 200 59088
104.15.127.176.dynamic.wline.res.cust.swisscom.ch - - [30/Sep/2017:11:10:59 +0200] "GET /var/m_0/0d/0dd/12455/8288159-EWD_rgb_pos.jpg HTTP/1.1" 200 207458
104.15.127.176.dynamic.wline.res.cust.swisscom.ch - - [30/Sep/2017:11:10:59 +0200] "GET /var/m_0/0d/0dd/12455/125493-13_Kurse.JPG HTTP/1.1" 200 70517
104.15.127.176.dynamic.wline.res.cust.swisscom.ch - - [30/Sep/2017:11:10:59 +0200] "GET /var/m_0/0d/0dd/12455/125494-14_Vermietung.JPG HTTP/1.1" 200 95115
104.15.127.176.dynamic.wline.res.cust.swisscom.ch - - [30/Sep/2017:11:10:59 +0200] "GET /var/m_0/0d/0dd/12455/143586-SP_DK1.jpg HTTP/1.1" 200 3071
104.15.127.176.dynamic.wline.res.cust.swisscom.ch - - [30/Sep/2017:11:10:59 +0200] "GET /var/m_0/0d/0dd/12455/143580-SP_Heierling1.jpg HTTP/1.1" 200 2613
104.15.127.176.dynamic.wline.res.cust.swisscom.ch - - [30/Sep/2017:11:10:59 +0200] "GET /var/m_0/0d/0dd/12455/143584-SP_Lemm1.jpg HTTP/1.1" 200 2321
104.15.127.176.dynamic.wline.res.cust.swisscom.ch - - [30/Sep/2017:11:10:59 +0200] "GET /var/m_0/0d/0dd/12455/143582-SP_Gipfel1.jpg HTTP/1.1" 200 2688
b115490.yse.yahoo.net - - [30/Sep/2017:11:26:40 +0200] "GET /robots.txt HTTP/1.1" 200 120
b115490.yse.yahoo.net - - [30/Sep/2017:11:26:40 +0200] "GET /pruefungskurs.shtml HTTP/1.1" 200 5895
hydrogen106.a.ahrefs.com - - [30/Sep/2017:11:32:38 +0200] "GET / HTTP/1.1" 200 6440
msnbot-207-46-13-28.search.msn.com - - [30/Sep/2017:11:52:40 +0200] "GET /flotte.shtml HTTP/1.1" 200 6274
msnbot-157-55-39-36.search.msn.com - - [30/Sep/2017:11:52:53 +0200] "GET /js/footer/get_deps.min.js?v=6.6.7.2.41064 HTTP/1.1" 200 157
msnbot-157-55-39-36.search.msn.com - - [30/Sep/2017:11:52:53 +0200] "GET /css/skeleton.css HTTP/1.1" 200 3511
msnbot-157-55-39-36.search.msn.com - - [30/Sep/2017:11:52:54 +0200] "GET /templates/creator/m_f/fa/fa7/164/assets/respond.min.js?v=1483633820 HTTP/1.1" 200 2085
msnbot-157-55-39-36.search.msn.com - - [30/Sep/2017:11:52:54 +0200] "GET /js/jquery.lazyload.min.js?v=6.6.7.2.41064 HTTP/1.1" 200 1283
msnbot-40-77-167-20.search.msn.com - - [30/Sep/2017:11:53:05 +0200] "GET /templates/creator/m_f/fa/fa7/164/assets/slide.js?v=1483633820 HTTP/1.1" 200 662
msnbot-207-46-13-157.search.msn.com - - [30/Sep/2017:11:53:15 +0200] "GET /templates/creator/m_f/fa/fa7/164/css/main.min.css?v=1483633820 HTTP/1.1" 200 1797
msnbot-207-46-13-157.search.msn.com - - [30/Sep/2017:11:53:15 +0200] "GET /templates/creator/m_f/fa/fa7/164/assets/wp-menu.js?v=1483633820 HTTP/1.1" 200 1089
msnbot-207-46-13-157.search.msn.com - - [30/Sep/2017:11:53:15 +0200] "GET /js/footer/build_social_entries.min.js?v=6.6.7.2.41064 HTTP/1.1" 200 278
msnbot-207-46-13-157.search.msn.com - - [30/Sep/2017:11:53:15 +0200] "GET /js/functions_stripped.js?v=6.6.7.2.41064 HTTP/1.1" 200 3186
msnbot-207-46-13-157.search.msn.com - - [30/Sep/2017:11:53:16 +0200] "GET /templates/creator/m_f/fa/fa7/164/css/style.min.css?v=1483633820 HTTP/1.1" 200 847
msnbot-207-46-13-28.search.msn.com - - [30/Sep/2017:11:53:16 +0200] "GET /css/widgets/concat_widget.min.css?v=6.6.7.2.41064 HTTP/1.1" 200 24507
msnbot-157-55-39-36.search.msn.com - - [30/Sep/2017:11:58:59 +0200] "GET / HTTP/1.1" 200 6440
