8.21.198.47 - - [17/Oct/2017:08:11:13 +0200] "GET /events HTTP/1.1" 200 5296
8.21.198.47 - - [17/Oct/2017:08:11:13 +0200] "GET /robots.txt HTTP/1.1" 200 80
b115490.yse.yahoo.net - - [17/Oct/2017:08:13:54 +0200] "GET /robots.txt HTTP/1.1" 200 120
b115490.yse.yahoo.net - - [17/Oct/2017:08:13:54 +0200] "GET /%C3%BCber-uns.shtml HTTP/1.1" 200 4740
msnbot-157-55-39-87.search.msn.com - - [17/Oct/2017:08:17:18 +0200] "GET /galerie HTTP/1.1" 200 4483
msnbot-157-55-39-87.search.msn.com - - [17/Oct/2017:08:17:19 +0200] "GET /flotte HTTP/1.1" 200 6274
msnbot-40-77-167-71.search.msn.com - - [17/Oct/2017:08:17:20 +0200] "GET /davosersee HTTP/1.1" 200 5477
msnbot-40-77-167-71.search.msn.com - - [17/Oct/2017:08:17:20 +0200] "GET /galerie-gruppesmartkat HTTP/1.1" 200 4863
msnbot-40-77-167-71.search.msn.com - - [17/Oct/2017:08:17:20 +0200] "GET /kinder-segelkurs HTTP/1.1" 200 5172
msnbot-157-55-39-20.search.msn.com - - [17/Oct/2017:08:19:09 +0200] "GET /robots.txt HTTP/1.1" 200 80
msnbot-207-46-13-180.search.msn.com - - [17/Oct/2017:08:19:17 +0200] "GET /var/m_0/0d/0dd/12455/7441141-37_Pedalo.jpg HTTP/1.1" 200 195132
qualityassurance.siteimprove.com - - [17/Oct/2017:08:33:28 +0200] "GET / HTTP/1.1" 200 6440
99.228.197.178.dynamic.wless.zhbmb00p-cgnat.res.cust.swisscom.ch - - [17/Oct/2017:08:39:58 +0200] "GET /vermietung HTTP/1.1" 200 5072
99.228.197.178.dynamic.wless.zhbmb00p-cgnat.res.cust.swisscom.ch - - [17/Oct/2017:08:39:58 +0200] "GET /js/footer/get_deps.min.js?v=6.6.7.2.41064 HTTP/1.1" 200 157
99.228.197.178.dynamic.wless.zhbmb00p-cgnat.res.cust.swisscom.ch - - [17/Oct/2017:08:39:59 +0200] "GET /css/widgets/concat_widget.min.css?v=6.6.7.2.41064 HTTP/1.1" 200 24507
99.228.197.178.dynamic.wless.zhbmb00p-cgnat.res.cust.swisscom.ch - - [17/Oct/2017:08:39:59 +0200] "GET /css/skeleton.css HTTP/1.1" 200 3511
99.228.197.178.dynamic.wless.zhbmb00p-cgnat.res.cust.swisscom.ch - - [17/Oct/2017:08:39:59 +0200] "GET /templates/creator/m_f/fa/fa7/164/css/main.min.css?v=1483633820 HTTP/1.1" 200 1797
99.228.197.178.dynamic.wless.zhbmb00p-cgnat.res.cust.swisscom.ch - - [17/Oct/2017:08:39:59 +0200] "GET /js/footer/build_social_entries.min.js?v=6.6.7.2.41064 HTTP/1.1" 200 278
99.228.197.178.dynamic.wless.zhbmb00p-cgnat.res.cust.swisscom.ch - - [17/Oct/2017:08:39:59 +0200] "GET /templates/creator/m_f/fa/fa7/164/assets/wp-menu.js?v=1483633820 HTTP/1.1" 200 1089
99.228.197.178.dynamic.wless.zhbmb00p-cgnat.res.cust.swisscom.ch - - [17/Oct/2017:08:39:59 +0200] "GET /templates/creator/m_f/fa/fa7/164/assets/slide.js?v=1483633820 HTTP/1.1" 200 662
99.228.197.178.dynamic.wless.zhbmb00p-cgnat.res.cust.swisscom.ch - - [17/Oct/2017:08:39:59 +0200] "GET /js/jquery.lazyload.min.js?v=6.6.7.2.41064 HTTP/1.1" 200 1283
99.228.197.178.dynamic.wless.zhbmb00p-cgnat.res.cust.swisscom.ch - - [17/Oct/2017:08:39:59 +0200] "GET /js/functions_stripped.js?v=6.6.7.2.41064 HTTP/1.1" 200 3186
99.228.197.178.dynamic.wless.zhbmb00p-cgnat.res.cust.swisscom.ch - - [17/Oct/2017:08:39:59 +0200] "GET /templates/creator/m_f/fa/fa7/164/assets/tab_l_bottom.png HTTP/1.1" 200 1751
99.228.197.178.dynamic.wless.zhbmb00p-cgnat.res.cust.swisscom.ch - - [17/Oct/2017:08:39:59 +0200] "GET /templates/creator/m_f/fa/fa7/164/assets/tab_b_bottom.png HTTP/1.1" 200 962
99.228.197.178.dynamic.wless.zhbmb00p-cgnat.res.cust.swisscom.ch - - [17/Oct/2017:08:39:59 +0200] "GET /templates/creator/m_f/fa/fa7/164/assets/bt_open.png HTTP/1.1" 200 2044
99.228.197.178.dynamic.wless.zhbmb00p-cgnat.res.cust.swisscom.ch - - [17/Oct/2017:08:39:59 +0200] "GET /var/m_0/0d/0dd/12455/125500-33_Opti.jpg HTTP/1.1" 200 104538
99.228.197.178.dynamic.wless.zhbmb00p-cgnat.res.cust.swisscom.ch - - [17/Oct/2017:08:39:59 +0200] "GET /var/m_0/0d/0dd/12455/7441141-37_Pedalo.jpg HTTP/1.1" 200 195132
99.228.197.178.dynamic.wless.zhbmb00p-cgnat.res.cust.swisscom.ch - - [17/Oct/2017:08:39:59 +0200] "GET /var/m_0/0d/0dd/12455/125499-32_Smartkat.JPG HTTP/1.1" 200 60966
99.228.197.178.dynamic.wless.zhbmb00p-cgnat.res.cust.swisscom.ch - - [17/Oct/2017:08:39:59 +0200] "GET /templates/creator/m_f/fa/fa7/164/css/style.min.css?v=1483633820 HTTP/1.1" 200 847
99.228.197.178.dynamic.wless.zhbmb00p-cgnat.res.cust.swisscom.ch - - [17/Oct/2017:08:39:59 +0200] "GET /templates/creator/m_f/fa/fa7/164/assets/respond.min.js?v=1483633820 HTTP/1.1" 200 2085
99.228.197.178.dynamic.wless.zhbmb00p-cgnat.res.cust.swisscom.ch - - [17/Oct/2017:08:39:59 +0200] "GET /var/m_0/0d/0dd/12455/143352-Header_Segelschule_2.jpg HTTP/1.1" 200 107532
99.228.197.178.dynamic.wless.zhbmb00p-cgnat.res.cust.swisscom.ch - - [17/Oct/2017:08:39:59 +0200] "GET /templates/creator/m_f/fa/fa7/164/assets/tab_m_bottom.png HTTP/1.1" 200 1000
99.228.197.178.dynamic.wless.zhbmb00p-cgnat.res.cust.swisscom.ch - - [17/Oct/2017:08:39:59 +0200] "GET /templates/creator/m_f/fa/fa7/164/assets/tab_r_bottom.png HTTP/1.1" 200 1803
99.228.197.178.dynamic.wless.zhbmb00p-cgnat.res.cust.swisscom.ch - - [17/Oct/2017:08:39:59 +0200] "GET /var/m_0/0d/0dd/12455/125501-34_Laser.jpg HTTP/1.1" 200 52750
99.228.197.178.dynamic.wless.zhbmb00p-cgnat.res.cust.swisscom.ch - - [17/Oct/2017:08:39:59 +0200] "GET /var/m_0/0d/0dd/12455/125498-31_Sprinto.JPG HTTP/1.1" 200 60889
