msnbot-207-46-13-119.search.msn.com - - [29/Nov/2017:03:08:53 +0100] "GET /var/m_0/0d/0dd/12455/125499-32_Smartkat.JPG HTTP/1.1" 200 60966
191.red.82.37.46.procono.es - - [29/Nov/2017:03:13:02 +0100] "GET / HTTP/1.1" 200 35804
191.red.82.37.46.procono.es - - [29/Nov/2017:03:13:15 +0100] "GET /%C3%BCber-uns.shtml HTTP/1.1" 200 21862
191.red.82.37.46.procono.es - - [29/Nov/2017:03:13:20 +0100] "GET /aktuelles-wetter.shtml HTTP/1.1" 200 18388
191.red.82.37.46.procono.es - - [29/Nov/2017:03:13:22 +0100] "GET /davosersee.shtml HTTP/1.1" 200 19505
191.red.82.37.46.procono.es - - [29/Nov/2017:03:13:26 +0100] "GET /event-gruppesmartkat.shtml HTTP/1.1" 200 21256
191.red.82.37.46.procono.es - - [29/Nov/2017:03:13:45 +0100] "GET /event-matchracing.shtml HTTP/1.1" 200 21251
191.red.82.37.46.procono.es - - [29/Nov/2017:03:13:46 +0100] "GET /event-pedalo.shtml HTTP/1.1" 200 20248
191.red.82.37.46.procono.es - - [29/Nov/2017:03:13:55 +0100] "GET /events.shtml HTTP/1.1" 200 22514
191.red.82.37.46.procono.es - - [29/Nov/2017:03:14:05 +0100] "GET /flotte.shtml HTTP/1.1" 200 29241
191.red.82.37.46.procono.es - - [29/Nov/2017:03:14:14 +0100] "GET /galerie-gruppesmartkat.shtml HTTP/1.1" 200 20574
191.red.82.37.46.procono.es - - [29/Nov/2017:03:14:17 +0100] "GET /galerie-matchracing.shtml HTTP/1.1" 200 21704
191.red.82.37.46.procono.es - - [29/Nov/2017:03:14:18 +0100] "GET /galerie-sktrophy-2014.shtml HTTP/1.1" 200 29913
191.red.82.37.46.procono.es - - [29/Nov/2017:03:14:22 +0100] "GET /galerie-sktrophy-2015.shtml HTTP/1.1" 200 49420
191.red.82.37.46.procono.es - - [29/Nov/2017:03:14:42 +0100] "GET /galerie.shtml HTTP/1.1" 200 22747
191.red.82.37.46.procono.es - - [29/Nov/2017:03:14:56 +0100] "GET /kinder-segelkurs.shtml HTTP/1.1" 200 19898
191.red.82.37.46.procono.es - - [29/Nov/2017:03:14:58 +0100] "GET /kursanmeldung.shtml HTTP/1.1" 200 49926
191.red.82.37.46.procono.es - - [29/Nov/2017:03:15:00 +0100] "GET /kurse.shtml HTTP/1.1" 200 31031
191.red.82.37.46.procono.es - - [29/Nov/2017:03:15:10 +0100] "GET /optikurse-2014.shtml HTTP/1.1" 200 26353
191.red.82.37.46.procono.es - - [29/Nov/2017:03:15:12 +0100] "GET /pruefungskurs.shtml HTTP/1.1" 200 23039
191.red.82.37.46.procono.es - - [29/Nov/2017:03:15:33 +0100] "GET /segel-grundkurs.shtml HTTP/1.1" 200 21440
191.red.82.37.46.procono.es - - [29/Nov/2017:03:15:47 +0100] "GET /segelkurs-jollesmartkat.shtml HTTP/1.1" 200 19993
191.red.82.37.46.procono.es - - [29/Nov/2017:03:15:50 +0100] "GET /smartkat-crashkurs.shtml HTTP/1.1" 200 17863
191.red.82.37.46.procono.es - - [29/Nov/2017:03:15:52 +0100] "GET /standort.shtml HTTP/1.1" 200 17547
191.red.82.37.46.procono.es - - [29/Nov/2017:03:15:53 +0100] "GET /vermietung.shtml HTTP/1.1" 200 25728
191.red.82.37.46.procono.es - - [29/Nov/2017:03:16:30 +0100] "GET /js/functions_stripped.js?v=6.6.7.2.41064 HTTP/1.1" 200 7672
191.red.82.37.46.procono.es - - [29/Nov/2017:03:16:49 +0100] "GET /Perspectiva.html? HTTP/1.1" 200 18069
191.red.82.37.46.procono.es - - [29/Nov/2017:03:16:52 +0100] "GET /js/jquery.lazyload.min.js?v=6.6.7.2.41064 HTTP/1.1" 200 3342
191.red.82.37.46.procono.es - - [29/Nov/2017:03:17:03 +0100] "GET /aktuelles-wetter HTTP/1.1" 200 18388
