188-163-73-8.broadband.kyivstar.net - - [08/Dec/2017:01:02:57 +0100] "GET / HTTP/1.1" 200 35804
188-163-73-8.broadband.kyivstar.net - - [08/Dec/2017:01:02:58 +0100] "GET / HTTP/1.1" 200 35804
malta1844.startdedicated.de - - [08/Dec/2017:01:14:50 +0100] "GET /var/m_0/0d/0dd/12455/6564744-G3_SKT2015_68.jpg HTTP/1.1" 200 79155
malta2970.startdedicated.de - - [08/Dec/2017:01:16:09 +0100] "GET /var/m_0/0d/0dd/12455/6564679-G3_SKT2015_11.jpg HTTP/1.1" 200 96997
malta2970.startdedicated.de - - [08/Dec/2017:01:16:36 +0100] "GET /var/m_0/0d/0dd/12455/143485-G1_SKT2014_09.JPG HTTP/1.1" 200 117355
46-118-121-38.broadband.kyivstar.net - - [08/Dec/2017:01:24:02 +0100] "GET / HTTP/1.1" 200 35804
malta2970.startdedicated.de - - [08/Dec/2017:01:28:03 +0100] "GET /var/m_0/0d/0dd/12455/6564722-G3_SKT2015_49.jpg HTTP/1.1" 200 93581
malta1844.startdedicated.de - - [08/Dec/2017:01:31:20 +0100] "GET /var/m_0/0d/0dd/12455/143499-G1_SKT2014_21.JPG HTTP/1.1" 200 148511
malta1844.startdedicated.de - - [08/Dec/2017:01:35:37 +0100] "GET /var/m_0/0d/0dd/12455/7230936-G4_Event_SK_04.jpg HTTP/1.1" 200 87335
crawl14.lp.007ac9.net - - [08/Dec/2017:01:45:56 +0100] "GET /robots.txt HTTP/1.0" 200 120
crawl14.lp.007ac9.net - - [08/Dec/2017:01:45:56 +0100] "GET / HTTP/1.1" 200 35804
crawl14.lp.007ac9.net - - [08/Dec/2017:01:45:59 +0100] "GET /davosersee.shtml HTTP/1.1" 200 19505
crawl14.lp.007ac9.net - - [08/Dec/2017:01:46:01 +0100] "GET /kurse.shtml HTTP/1.1" 200 31031
crawl14.lp.007ac9.net - - [08/Dec/2017:01:46:03 +0100] "GET /kinder-segelkurs.shtml HTTP/1.1" 200 19898
crawl14.lp.007ac9.net - - [08/Dec/2017:01:46:06 +0100] "GET /segelkurs-jollesmartkat.shtml HTTP/1.1" 200 19993
crawl14.lp.007ac9.net - - [08/Dec/2017:01:46:08 +0100] "GET /smartkat-crashkurs.shtml HTTP/1.1" 200 17863
crawl14.lp.007ac9.net - - [08/Dec/2017:01:46:10 +0100] "GET /segel-grundkurs.shtml HTTP/1.1" 200 21440
crawl14.lp.007ac9.net - - [08/Dec/2017:01:46:13 +0100] "GET /pruefungskurs.shtml HTTP/1.1" 200 23039
crawl14.lp.007ac9.net - - [08/Dec/2017:01:46:15 +0100] "GET /events.shtml HTTP/1.1" 200 22514
crawl14.lp.007ac9.net - - [08/Dec/2017:01:46:17 +0100] "GET /event-gruppesmartkat.shtml HTTP/1.1" 200 21256
crawl14.lp.007ac9.net - - [08/Dec/2017:01:46:19 +0100] "GET /event-matchracing.shtml HTTP/1.1" 200 21251
crawl14.lp.007ac9.net - - [08/Dec/2017:01:46:21 +0100] "GET /event-pedalo.shtml HTTP/1.1" 200 20248
crawl14.lp.007ac9.net - - [08/Dec/2017:01:46:23 +0100] "GET /flotte.shtml HTTP/1.1" 200 29241
crawl14.lp.007ac9.net - - [08/Dec/2017:01:46:25 +0100] "GET /vermietung.shtml HTTP/1.1" 200 25728
crawl14.lp.007ac9.net - - [08/Dec/2017:01:46:27 +0100] "GET /galerie.shtml HTTP/1.1" 200 22747
crawl14.lp.007ac9.net - - [08/Dec/2017:01:46:30 +0100] "GET /galerie-sktrophy-2015.shtml HTTP/1.1" 200 49420
crawl14.lp.007ac9.net - - [08/Dec/2017:01:46:32 +0100] "GET /galerie-matchracing.shtml HTTP/1.1" 200 21704
crawl14.lp.007ac9.net - - [08/Dec/2017:01:46:34 +0100] "GET /galerie-gruppesmartkat.shtml HTTP/1.1" 200 20574
crawl14.lp.007ac9.net - - [08/Dec/2017:01:46:36 +0100] "GET /galerie-sktrophy-2014.shtml HTTP/1.1" 200 29913
crawl14.lp.007ac9.net - - [08/Dec/2017:01:46:38 +0100] "GET /optikurse-2014.shtml HTTP/1.1" 200 26353
crawl14.lp.007ac9.net - - [08/Dec/2017:01:46:40 +0100] "GET /%C3%BCber-uns.shtml HTTP/1.1" 200 21862
crawl14.lp.007ac9.net - - [08/Dec/2017:01:46:42 +0100] "GET /standort.shtml HTTP/1.1" 200 17547
crawl14.lp.007ac9.net - - [08/Dec/2017:01:46:44 +0100] "GET /kursanmeldung.shtml HTTP/1.1" 200 49926
crawl14.lp.007ac9.net - - [08/Dec/2017:01:46:46 +0100] "GET /aktuelles-wetter.shtml HTTP/1.1" 200 18388
google-proxy-66-249-93-206.google.com - - [08/Dec/2017:01:47:18 +0100] "GET /var/m_0/0d/0dd/12455/6564603-SK_Tro_Head.jpg HTTP/1.1" 200 136780
malta1844.startdedicated.de - - [08/Dec/2017:01:53:20 +0100] "GET /var/m_0/0d/0dd/12455/6564716-G3_SKT2015_44.jpg HTTP/1.1" 200 99680
malta1844.startdedicated.de - - [08/Dec/2017:01:54:05 +0100] "GET /var/m_0/0d/0dd/12455/6564725-G3_SKT2015_52.jpg HTTP/1.1" 200 139147
malta1844.startdedicated.de - - [08/Dec/2017:01:58:08 +0100] "GET /var/m_0/0d/0dd/12455/143496-G1_SKT2014_18.JPG HTTP/1.1" 200 172278
