baiduspider-180-76-15-22.crawl.baidu.com - - [03/Oct/2017:20:07:35 +0200] "GET / HTTP/1.1" 200 6440
cpc1-watf12-2-0-cust209.15-2.cable.virginm.net - - [03/Oct/2017:20:12:53 +0200] "GET / HTTP/1.1" 200 6440
ip5657c507.direct-adsl.nl - - [03/Oct/2017:20:29:52 +0200] "GET / HTTP/1.1" 200 35804
ip5657c507.direct-adsl.nl - - [03/Oct/2017:20:29:55 +0200] "GET /%C3%BCber-uns.shtml HTTP/1.1" 200 21862
ip5657c507.direct-adsl.nl - - [03/Oct/2017:20:29:57 +0200] "GET /aktuelles-wetter.shtml HTTP/1.1" 200 18388
ip5657c507.direct-adsl.nl - - [03/Oct/2017:20:30:02 +0200] "GET /davosersee.shtml HTTP/1.1" 200 19505
ip5657c507.direct-adsl.nl - - [03/Oct/2017:20:30:03 +0200] "GET /event-gruppesmartkat.shtml HTTP/1.1" 200 21256
ip5657c507.direct-adsl.nl - - [03/Oct/2017:20:30:06 +0200] "GET /event-matchracing.shtml HTTP/1.1" 200 21251
ip5657c507.direct-adsl.nl - - [03/Oct/2017:20:30:08 +0200] "GET /event-pedalo.shtml HTTP/1.1" 200 20248
ip5657c507.direct-adsl.nl - - [03/Oct/2017:20:30:09 +0200] "GET /events.shtml HTTP/1.1" 200 22514
ip5657c507.direct-adsl.nl - - [03/Oct/2017:20:30:10 +0200] "GET /flotte.shtml HTTP/1.1" 200 29241
ip5657c507.direct-adsl.nl - - [03/Oct/2017:20:30:12 +0200] "GET /galerie-gruppesmartkat.shtml HTTP/1.1" 200 20574
ip5657c507.direct-adsl.nl - - [03/Oct/2017:20:30:13 +0200] "GET /galerie-matchracing.shtml HTTP/1.1" 200 21704
ip5657c507.direct-adsl.nl - - [03/Oct/2017:20:30:15 +0200] "GET /galerie-sktrophy-2014.shtml HTTP/1.1" 200 29913
ip5657c507.direct-adsl.nl - - [03/Oct/2017:20:30:16 +0200] "GET /galerie-sktrophy-2015.shtml HTTP/1.1" 200 49420
ip5657c507.direct-adsl.nl - - [03/Oct/2017:20:30:19 +0200] "GET /galerie.shtml HTTP/1.1" 200 22747
ip5657c507.direct-adsl.nl - - [03/Oct/2017:20:30:20 +0200] "GET /kinder-segelkurs.shtml HTTP/1.1" 200 19898
ip5657c507.direct-adsl.nl - - [03/Oct/2017:20:30:21 +0200] "GET /kursanmeldung.shtml HTTP/1.1" 200 49926
ip5657c507.direct-adsl.nl - - [03/Oct/2017:20:30:23 +0200] "GET /kurse.shtml HTTP/1.1" 200 31031
ip5657c507.direct-adsl.nl - - [03/Oct/2017:20:30:25 +0200] "GET /optikurse-2014.shtml HTTP/1.1" 200 26353
ip5657c507.direct-adsl.nl - - [03/Oct/2017:20:30:27 +0200] "GET /pruefungskurs.shtml HTTP/1.1" 200 23039
ip5657c507.direct-adsl.nl - - [03/Oct/2017:20:30:28 +0200] "GET /segel-grundkurs.shtml HTTP/1.1" 200 21440
ip5657c507.direct-adsl.nl - - [03/Oct/2017:20:30:30 +0200] "GET /segelkurs-jollesmartkat.shtml HTTP/1.1" 200 19993
ip5657c507.direct-adsl.nl - - [03/Oct/2017:20:30:31 +0200] "GET /smartkat-crashkurs.shtml HTTP/1.1" 200 17863
ip5657c507.direct-adsl.nl - - [03/Oct/2017:20:30:32 +0200] "GET /standort.shtml HTTP/1.1" 200 17547
ip5657c507.direct-adsl.nl - - [03/Oct/2017:20:30:34 +0200] "GET /vermietung.shtml HTTP/1.1" 200 25728
ip5657c507.direct-adsl.nl - - [03/Oct/2017:20:30:39 +0200] "GET /js/functions_stripped.js?v=6.6.7.2.41064 HTTP/1.1" 200 7672
ip5657c507.direct-adsl.nl - - [03/Oct/2017:20:30:41 +0200] "GET /Perspectiva.html? HTTP/1.1" 200 18069
ip5657c507.direct-adsl.nl - - [03/Oct/2017:20:30:44 +0200] "GET /js/jquery.lazyload.min.js?v=6.6.7.2.41064 HTTP/1.1" 200 3342
ip5657c507.direct-adsl.nl - - [03/Oct/2017:20:30:48 +0200] "GET /aktuelles-wetter HTTP/1.1" 200 18388
hydrogen280.a.ahrefs.com - - [03/Oct/2017:20:58:46 +0200] "GET /var/m_0/0d/0dd/12455/7230969-37_Pedalo2.jpg HTTP/1.1" 200 107785
