65.210.18.95.dynamic.jazztel.es - - [01/Oct/2017:11:04:05 +0200] "GET / HTTP/1.1" 200 35804
65.210.18.95.dynamic.jazztel.es - - [01/Oct/2017:11:04:11 +0200] "GET /%C3%BCber-uns.shtml HTTP/1.1" 200 21862
65.210.18.95.dynamic.jazztel.es - - [01/Oct/2017:11:04:12 +0200] "GET /aktuelles-wetter.shtml HTTP/1.1" 200 18388
65.210.18.95.dynamic.jazztel.es - - [01/Oct/2017:11:04:24 +0200] "GET /davosersee.shtml HTTP/1.1" 200 19505
65.210.18.95.dynamic.jazztel.es - - [01/Oct/2017:11:04:31 +0200] "GET /event-gruppesmartkat.shtml HTTP/1.1" 200 21256
65.210.18.95.dynamic.jazztel.es - - [01/Oct/2017:11:04:34 +0200] "GET /event-matchracing.shtml HTTP/1.1" 200 21251
65.210.18.95.dynamic.jazztel.es - - [01/Oct/2017:11:04:37 +0200] "GET /event-pedalo.shtml HTTP/1.1" 200 20248
65.210.18.95.dynamic.jazztel.es - - [01/Oct/2017:11:04:39 +0200] "GET /events.shtml HTTP/1.1" 200 22514
65.210.18.95.dynamic.jazztel.es - - [01/Oct/2017:11:04:40 +0200] "GET /flotte.shtml HTTP/1.1" 200 29241
65.210.18.95.dynamic.jazztel.es - - [01/Oct/2017:11:04:44 +0200] "GET /galerie-sktrophy-2014.shtml HTTP/1.1" 200 29913
65.210.18.95.dynamic.jazztel.es - - [01/Oct/2017:11:04:42 +0200] "GET /galerie-gruppesmartkat.shtml HTTP/1.1" 200 20574
65.210.18.95.dynamic.jazztel.es - - [01/Oct/2017:11:04:44 +0200] "GET /galerie-matchracing.shtml HTTP/1.1" 200 21704
65.210.18.95.dynamic.jazztel.es - - [01/Oct/2017:11:04:46 +0200] "GET /galerie.shtml HTTP/1.1" 200 22747
65.210.18.95.dynamic.jazztel.es - - [01/Oct/2017:11:04:46 +0200] "GET /galerie-sktrophy-2015.shtml HTTP/1.1" 200 49420
65.210.18.95.dynamic.jazztel.es - - [01/Oct/2017:11:04:48 +0200] "GET /kursanmeldung.shtml HTTP/1.1" 200 49926
65.210.18.95.dynamic.jazztel.es - - [01/Oct/2017:11:04:46 +0200] "GET /kinder-segelkurs.shtml HTTP/1.1" 200 19898
65.210.18.95.dynamic.jazztel.es - - [01/Oct/2017:11:04:49 +0200] "GET /optikurse-2014.shtml HTTP/1.1" 200 26353
65.210.18.95.dynamic.jazztel.es - - [01/Oct/2017:11:04:49 +0200] "GET /kurse.shtml HTTP/1.1" 200 31031
65.210.18.95.dynamic.jazztel.es - - [01/Oct/2017:11:04:49 +0200] "GET /pruefungskurs.shtml HTTP/1.1" 200 23039
65.210.18.95.dynamic.jazztel.es - - [01/Oct/2017:11:04:52 +0200] "GET /segel-grundkurs.shtml HTTP/1.1" 200 21440
65.210.18.95.dynamic.jazztel.es - - [01/Oct/2017:11:04:54 +0200] "GET /segelkurs-jollesmartkat.shtml HTTP/1.1" 200 19993
65.210.18.95.dynamic.jazztel.es - - [01/Oct/2017:11:05:00 +0200] "GET /standort.shtml HTTP/1.1" 200 17547
65.210.18.95.dynamic.jazztel.es - - [01/Oct/2017:11:04:54 +0200] "GET /smartkat-crashkurs.shtml HTTP/1.1" 200 17863
65.210.18.95.dynamic.jazztel.es - - [01/Oct/2017:11:05:01 +0200] "GET /vermietung.shtml HTTP/1.1" 200 25728
65.210.18.95.dynamic.jazztel.es - - [01/Oct/2017:11:05:05 +0200] "GET /js/functions_stripped.js?v=6.6.7.2.41064 HTTP/1.1" 200 7672
65.210.18.95.dynamic.jazztel.es - - [01/Oct/2017:11:05:05 +0200] "GET /Perspectiva.html? HTTP/1.1" 200 18069
65.210.18.95.dynamic.jazztel.es - - [01/Oct/2017:11:05:08 +0200] "GET /js/jquery.lazyload.min.js?v=6.6.7.2.41064 HTTP/1.1" 200 3342
65.210.18.95.dynamic.jazztel.es - - [01/Oct/2017:11:05:09 +0200] "GET /aktuelles-wetter HTTP/1.1" 200 18388
216.244.66.229 - - [01/Oct/2017:11:06:29 +0200] "GET /%C3%BCber-uns.shtml HTTP/1.1" 200 21862
216.244.66.229 - - [01/Oct/2017:11:22:56 +0200] "GET /robots.txt HTTP/1.1" 200 120
216.244.66.229 - - [01/Oct/2017:11:46:23 +0200] "GET /kursanmeldung.shtml HTTP/1.1" 200 49926
