hydrogen069.a.ahrefs.com - - [01/Oct/2017:19:00:55 +0200] "GET /var/m_0/0d/0dd/12455/6564744-G3_SKT2015_68.jpg HTTP/1.1" 200 79155
173.208.153.75 - - [01/Oct/2017:19:02:24 +0200] "GET / HTTP/1.1" 200 6440
241.ip-137-74-169.eu - - [01/Oct/2017:19:02:30 +0200] "GET / HTTP/1.1" 200 6440
241.ip-137-74-169.eu - - [01/Oct/2017:19:02:36 +0200] "GET /wp-login.php?action=register HTTP/1.1" 200 4295
msnbot-207-46-13-28.search.msn.com - - [01/Oct/2017:19:03:56 +0200] "GET /davosersee.shtml HTTP/1.1" 200 5477
msnbot-157-55-39-36.search.msn.com - - [01/Oct/2017:19:04:13 +0200] "GET /robots.txt HTTP/1.1" 200 80
msnbot-157-55-39-36.search.msn.com - - [01/Oct/2017:19:04:14 +0200] "GET /css/skeleton.css HTTP/1.1" 200 3511
msnbot-157-55-39-36.search.msn.com - - [01/Oct/2017:19:04:14 +0200] "GET /js/footer/get_deps.min.js?v=6.6.7.2.41064 HTTP/1.1" 200 157
tor-exit-three.sentries.org - - [01/Oct/2017:19:04:13 +0200] "GET /user/register HTTP/1.1" 200 18069
msnbot-157-55-39-36.search.msn.com - - [01/Oct/2017:19:04:15 +0200] "GET /templates/creator/m_f/fa/fa7/164/assets/respond.min.js?v=1483633820 HTTP/1.1" 200 2085
msnbot-207-46-13-127.search.msn.com - - [01/Oct/2017:19:04:18 +0200] "GET /js/footer/build_social_entries.min.js?v=6.6.7.2.41064 HTTP/1.1" 200 278
msnbot-207-46-13-127.search.msn.com - - [01/Oct/2017:19:04:18 +0200] "GET /templates/creator/m_f/fa/fa7/164/css/style.min.css?v=1483633820 HTTP/1.1" 200 847
msnbot-207-46-13-127.search.msn.com - - [01/Oct/2017:19:04:18 +0200] "GET /templates/creator/m_f/fa/fa7/164/assets/wp-menu.js?v=1483633820 HTTP/1.1" 200 1089
msnbot-207-46-13-132.search.msn.com - - [01/Oct/2017:19:04:18 +0200] "GET /templates/creator/m_f/fa/fa7/164/assets/slide.js?v=1483633820 HTTP/1.1" 200 662
msnbot-207-46-13-127.search.msn.com - - [01/Oct/2017:19:04:18 +0200] "GET /templates/creator/m_f/fa/fa7/164/css/main.min.css?v=1483633820 HTTP/1.1" 200 1797
msnbot-207-46-13-127.search.msn.com - - [01/Oct/2017:19:04:18 +0200] "GET /js/functions_stripped.js?v=6.6.7.2.41064 HTTP/1.1" 200 3186
msnbot-207-46-13-28.search.msn.com - - [01/Oct/2017:19:04:34 +0200] "GET /css/widgets/concat_widget.min.css?v=6.6.7.2.41064 HTTP/1.1" 200 24507
hydrogen281.a.ahrefs.com - - [01/Oct/2017:19:05:36 +0200] "GET / HTTP/1.1" 200 6440
baiduspider-180-76-15-24.crawl.baidu.com - - [01/Oct/2017:19:17:30 +0200] "GET /event-gruppesmartkat.shtml HTTP/1.1" 200 5645
baiduspider-180-76-15-22.crawl.baidu.com - - [01/Oct/2017:19:24:31 +0200] "GET /js/footer/build_social_entries.min.js HTTP/1.1" 200 278
ipservice-092-218-142-174.092.218.pools.vodafone-ip.de - - [01/Oct/2017:19:25:48 +0200] "GET /var/m_0/0d/0dd/12455/126126-43_See.JPG HTTP/1.1" 200 86511
hydrogen216.a.ahrefs.com - - [01/Oct/2017:19:32:22 +0200] "GET /var/m_0/0d/0dd/12455/6564713-G3_SKT2015_41.jpg HTTP/1.1" 200 83472
crawl-66-249-64-31.googlebot.com - - [01/Oct/2017:19:53:29 +0200] "GET /var/m_0/0d/0dd/12455/126126-43_See.JPG HTTP/1.1" 200 86511
crawl-66-249-64-1.googlebot.com - - [01/Oct/2017:19:53:29 +0200] "GET /robots.txt HTTP/1.1" 200 80
