msnbot-207-46-13-91.search.msn.com - - [25/Nov/2017:08:08:16 +0100] "GET /var/m_0/0d/0dd/12455/125488-4_Grundkurs.JPG HTTP/1.1" 200 77496
msnbot-40-77-167-149.search.msn.com - - [25/Nov/2017:08:11:48 +0100] "GET / HTTP/1.1" 200 6440
msnbot-40-77-167-80.search.msn.com - - [25/Nov/2017:08:14:33 +0100] "GET / HTTP/1.1" 200 6440
46-118-119-80.broadband.kyivstar.net - - [25/Nov/2017:08:38:43 +0100] "GET / HTTP/1.1" 200 35804
46-118-119-80.broadband.kyivstar.net - - [25/Nov/2017:08:38:44 +0100] "GET / HTTP/1.1" 200 35804
46-118-119-80.broadband.kyivstar.net - - [25/Nov/2017:08:38:44 +0100] "GET / HTTP/1.1" 200 35804
46-119-120-50.broadband.kyivstar.net - - [25/Nov/2017:08:42:52 +0100] "GET / HTTP/1.1" 200 35804
46-119-120-50.broadband.kyivstar.net - - [25/Nov/2017:08:42:53 +0100] "GET / HTTP/1.1" 200 35804
46-119-120-50.broadband.kyivstar.net - - [25/Nov/2017:08:42:53 +0100] "GET / HTTP/1.1" 200 35804
46-119-120-50.broadband.kyivstar.net - - [25/Nov/2017:08:42:53 +0100] "GET / HTTP/1.1" 200 35804
46-119-120-50.broadband.kyivstar.net - - [25/Nov/2017:08:42:54 +0100] "GET / HTTP/1.1" 200 35804
46-119-120-50.broadband.kyivstar.net - - [25/Nov/2017:08:42:55 +0100] "GET / HTTP/1.1" 200 35804
hydrogen158.a.ahrefs.com - - [25/Nov/2017:08:47:04 +0100] "GET /var/m_0/0d/0dd/12455/6564700-G3_SKT2015_29.jpg HTTP/1.1" 200 84446
188-163-75-2.broadband.kyivstar.net - - [25/Nov/2017:08:50:33 +0100] "GET / HTTP/1.1" 200 35804
188-163-75-2.broadband.kyivstar.net - - [25/Nov/2017:08:50:33 +0100] "GET / HTTP/1.1" 200 35804
188-163-75-2.broadband.kyivstar.net - - [25/Nov/2017:08:50:34 +0100] "GET / HTTP/1.1" 200 35804
188-163-75-2.broadband.kyivstar.net - - [25/Nov/2017:08:50:48 +0100] "GET / HTTP/1.1" 200 35804
188-163-75-2.broadband.kyivstar.net - - [25/Nov/2017:08:50:49 +0100] "GET / HTTP/1.1" 200 35804
188-163-75-2.broadband.kyivstar.net - - [25/Nov/2017:08:50:49 +0100] "GET / HTTP/1.1" 200 35804
chinazdrav.com - - [25/Nov/2017:08:51:01 +0100] "GET /images/stories/petx.php?baca HTTP/1.1" 200 18205
chinazdrav.com - - [25/Nov/2017:08:51:03 +0100] "GET /images/stories/explore.php?baca HTTP/1.1" 200 18205
chinazdrav.com - - [25/Nov/2017:08:51:14 +0100] "GET //images/stories/magic.php.png HTTP/1.1" 200 18205
