baiduspider-123-125-71-81.crawl.baidu.com - - [09/Oct/2017:00:31:45 +0200] "GET /templates/resellers/7/favicon.ico?v=1467530310 HTTP/1.1" 200 4286
ec2-52-16-32-106.eu-west-1.compute.amazonaws.com - - [09/Oct/2017:00:55:53 +0200] "GET /robots.txt HTTP/1.1" 200 80
ec2-52-16-32-106.eu-west-1.compute.amazonaws.com - - [09/Oct/2017:00:55:53 +0200] "GET / HTTP/1.1" 200 6440
ec2-52-16-32-106.eu-west-1.compute.amazonaws.com - - [09/Oct/2017:00:55:56 +0200] "GET /index.php HTTP/1.1" 302 -
ec2-52-16-32-106.eu-west-1.compute.amazonaws.com - - [09/Oct/2017:00:56:01 +0200] "GET /galerie.shtml HTTP/1.1" 200 4483
ec2-52-16-32-106.eu-west-1.compute.amazonaws.com - - [09/Oct/2017:00:56:02 +0200] "GET /kurse.shtml HTTP/1.1" 200 6280
ec2-52-16-32-106.eu-west-1.compute.amazonaws.com - - [09/Oct/2017:00:56:02 +0200] "GET /vermietung.shtml HTTP/1.1" 200 5099
ec2-52-16-32-106.eu-west-1.compute.amazonaws.com - - [09/Oct/2017:00:56:04 +0200] "GET /events.shtml HTTP/1.1" 200 5297
ec2-52-16-32-106.eu-west-1.compute.amazonaws.com - - [09/Oct/2017:00:56:12 +0200] "GET /galerie-gruppesmartkat.shtml HTTP/1.1" 200 4863
ec2-52-16-32-106.eu-west-1.compute.amazonaws.com - - [09/Oct/2017:00:56:12 +0200] "GET /smartkat-crashkurs.shtml HTTP/1.1" 200 4808
ec2-52-16-32-106.eu-west-1.compute.amazonaws.com - - [09/Oct/2017:00:56:12 +0200] "GET /event-matchracing.shtml HTTP/1.1" 200 5634
ec2-52-16-32-106.eu-west-1.compute.amazonaws.com - - [09/Oct/2017:00:56:12 +0200] "GET /optikurse-2014.shtml HTTP/1.1" 200 4938
ec2-52-16-32-106.eu-west-1.compute.amazonaws.com - - [09/Oct/2017:00:56:12 +0200] "GET /pruefungskurs.shtml HTTP/1.1" 200 5895
ec2-52-16-32-106.eu-west-1.compute.amazonaws.com - - [09/Oct/2017:00:56:12 +0200] "GET /galerie-sktrophy-2015.shtml HTTP/1.1" 200 5939
ec2-52-16-32-106.eu-west-1.compute.amazonaws.com - - [09/Oct/2017:00:56:12 +0200] "GET /kinder-segelkurs.shtml HTTP/1.1" 200 5171
ec2-52-16-32-106.eu-west-1.compute.amazonaws.com - - [09/Oct/2017:00:56:12 +0200] "GET /event-gruppesmartkat.shtml HTTP/1.1" 200 5645
ec2-52-16-32-106.eu-west-1.compute.amazonaws.com - - [09/Oct/2017:00:56:12 +0200] "GET /galerie-matchracing.shtml HTTP/1.1" 200 4859
ec2-52-16-32-106.eu-west-1.compute.amazonaws.com - - [09/Oct/2017:00:56:12 +0200] "GET /segelkurs-jollesmartkat.shtml HTTP/1.1" 200 5139
ec2-52-16-32-106.eu-west-1.compute.amazonaws.com - - [09/Oct/2017:00:56:12 +0200] "GET /galerie-sktrophy-2014.shtml HTTP/1.1" 200 5044
ec2-52-16-32-106.eu-west-1.compute.amazonaws.com - - [09/Oct/2017:00:56:12 +0200] "GET /segel-grundkurs.shtml HTTP/1.1" 200 5378
ec2-52-16-32-106.eu-west-1.compute.amazonaws.com - - [09/Oct/2017:00:56:12 +0200] "GET /event-pedalo.shtml HTTP/1.1" 200 5342
ec2-52-16-32-106.eu-west-1.compute.amazonaws.com - - [09/Oct/2017:00:56:22 +0200] "GET /flotte.shtml HTTP/1.1" 200 6274
