204.79.180.19 - - [25/Sep/2017:10:00:01 +0200] "GET /css/widgets/concat_widget.min.css?v=6.6.7.2.41064 HTTP/1.1" 200 24507
crawl-66-249-64-3.googlebot.com - - [25/Sep/2017:10:01:51 +0200] "GET /var/m_0/0d/0dd/12455/125487-3_SKCrashkurs.JPG HTTP/1.1" 200 80503
46-140-133-162.static.cablecom.ch - - [25/Sep/2017:10:09:50 +0200] "GET / HTTP/1.1" 200 6440
46-140-133-162.static.cablecom.ch - - [25/Sep/2017:10:09:53 +0200] "GET /css/widgets/concat_widget.min.css?v=6.6.7.2.41064 HTTP/1.1" 200 24507
46-140-133-162.static.cablecom.ch - - [25/Sep/2017:10:09:53 +0200] "GET /css/skeleton.css HTTP/1.1" 200 3511
46-140-133-162.static.cablecom.ch - - [25/Sep/2017:10:09:53 +0200] "GET /js/footer/build_social_entries.min.js?v=6.6.7.2.41064 HTTP/1.1" 200 278
46-140-133-162.static.cablecom.ch - - [25/Sep/2017:10:09:53 +0200] "GET /js/footer/get_deps.min.js?v=6.6.7.2.41064 HTTP/1.1" 200 157
46-140-133-162.static.cablecom.ch - - [25/Sep/2017:10:09:53 +0200] "GET /templates/creator/m_f/fa/fa7/164/css/main.min.css?v=1483633820 HTTP/1.1" 200 1797
46-140-133-162.static.cablecom.ch - - [25/Sep/2017:10:09:53 +0200] "GET /templates/creator/m_f/fa/fa7/164/css/style.min.css?v=1483633820 HTTP/1.1" 200 847
46-140-133-162.static.cablecom.ch - - [25/Sep/2017:10:09:53 +0200] "GET /templates/creator/m_f/fa/fa7/164/assets/wp-menu.js?v=1483633820 HTTP/1.1" 200 1089
46-140-133-162.static.cablecom.ch - - [25/Sep/2017:10:09:53 +0200] "GET /templates/creator/m_f/fa/fa7/164/assets/respond.min.js?v=1483633820 HTTP/1.1" 200 2085
46-140-133-162.static.cablecom.ch - - [25/Sep/2017:10:09:53 +0200] "GET /templates/creator/m_f/fa/fa7/164/assets/slide.js?v=1483633820 HTTP/1.1" 200 662
46-140-133-162.static.cablecom.ch - - [25/Sep/2017:10:09:53 +0200] "GET /js/functions_stripped.js?v=6.6.7.2.41064 HTTP/1.1" 200 3186
46-140-133-162.static.cablecom.ch - - [25/Sep/2017:10:09:53 +0200] "GET /js/jquery.lazyload.min.js?v=6.6.7.2.41064 HTTP/1.1" 200 1283
46-140-133-162.static.cablecom.ch - - [25/Sep/2017:10:09:53 +0200] "GET /var/m_0/0d/0dd/12455/143351-Header_Segelschule.jpg HTTP/1.1" 200 107532
46-140-133-162.static.cablecom.ch - - [25/Sep/2017:10:09:54 +0200] "GET /var/m_0/0d/0dd/12455/125493-13_Kurse.JPG HTTP/1.1" 200 70517
46-140-133-162.static.cablecom.ch - - [25/Sep/2017:10:09:54 +0200] "GET /var/m_0/0d/0dd/12455/6564603-SK_Tro_Head.jpg HTTP/1.1" 200 136780
46-140-133-162.static.cablecom.ch - - [25/Sep/2017:10:09:54 +0200] "GET /var/m_0/0d/0dd/12455/125494-14_Vermietung.JPG HTTP/1.1" 200 95115
46-140-133-162.static.cablecom.ch - - [25/Sep/2017:10:09:54 +0200] "GET /var/m_0/0d/0dd/12455/8254793-J70_Davos.w1024.jpg HTTP/1.1" 200 191999
46-140-133-162.static.cablecom.ch - - [25/Sep/2017:10:09:54 +0200] "GET /var/m_0/0d/0dd/12455/7230972-19_Matchracing.jpg HTTP/1.1" 200 55347
46-140-133-162.static.cablecom.ch - - [25/Sep/2017:10:09:54 +0200] "GET /var/m_0/0d/0dd/12455/8218280-65_Regatta.JPG HTTP/1.1" 200 192350
46-140-133-162.static.cablecom.ch - - [25/Sep/2017:10:09:54 +0200] "GET /var/m_0/0d/0dd/12455/125495-15_Event.JPG HTTP/1.1" 200 59088
46-140-133-162.static.cablecom.ch - - [25/Sep/2017:10:09:54 +0200] "GET /var/m_0/0d/0dd/12455/143586-SP_DK1.jpg HTTP/1.1" 200 3071
46-140-133-162.static.cablecom.ch - - [25/Sep/2017:10:09:54 +0200] "GET /var/m_0/0d/0dd/12455/143580-SP_Heierling1.jpg HTTP/1.1" 200 2613
46-140-133-162.static.cablecom.ch - - [25/Sep/2017:10:09:54 +0200] "GET /var/m_0/0d/0dd/12455/143584-SP_Lemm1.jpg HTTP/1.1" 200 2321
46-140-133-162.static.cablecom.ch - - [25/Sep/2017:10:09:54 +0200] "GET /var/m_0/0d/0dd/12455/143582-SP_Gipfel1.jpg HTTP/1.1" 200 2688
46-140-133-162.static.cablecom.ch - - [25/Sep/2017:10:09:54 +0200] "GET /var/m_0/0d/0dd/12455/8288159-EWD_rgb_pos.jpg HTTP/1.1" 200 207458
46-140-133-162.static.cablecom.ch - - [25/Sep/2017:10:09:54 +0200] "GET /templates/resellers/7/favicon.ico?v=1506103971 HTTP/1.1" 200 4286
msnbot-40-77-167-17.search.msn.com - - [25/Sep/2017:10:23:15 +0200] "GET /var/m_0/0d/0dd/12455/125488-4_Grundkurs.JPG HTTP/1.1" 200 77496
msnbot-207-46-13-156.search.msn.com - - [25/Sep/2017:10:43:46 +0200] "GET /event-pedalo.shtml HTTP/1.1" 200 5342
232.ip-217-182-77.eu - - [25/Sep/2017:10:50:34 +0200] "GET / HTTP/1.1" 200 35804
232.ip-217-182-77.eu - - [25/Sep/2017:10:50:39 +0200] "GET / HTTP/1.1" 200 35804
