net-2-40-233-143.cust.dsl.teletu.it - - [01/Dec/2017:19:13:19 +0100] "GET /var/m_0/0d/0dd/12455/7230969-37_Pedalo2.jpg HTTP/1.1" 200 107785
net-2-40-233-143.cust.dsl.teletu.it - - [01/Dec/2017:19:13:21 +0100] "GET /var/m_0/0d/0dd/12455/7441141-37_Pedalo.jpg HTTP/1.1" 200 195132
239.202.18.95.dynamic.jazztel.es - - [01/Dec/2017:19:19:45 +0100] "GET / HTTP/1.1" 200 35804
239.202.18.95.dynamic.jazztel.es - - [01/Dec/2017:19:19:46 +0100] "GET /%C3%BCber-uns.shtml HTTP/1.1" 200 21862
239.202.18.95.dynamic.jazztel.es - - [01/Dec/2017:19:19:51 +0100] "GET /aktuelles-wetter.shtml HTTP/1.1" 200 18388
239.202.18.95.dynamic.jazztel.es - - [01/Dec/2017:19:19:53 +0100] "GET /davosersee.shtml HTTP/1.1" 200 19505
239.202.18.95.dynamic.jazztel.es - - [01/Dec/2017:19:19:54 +0100] "GET /event-gruppesmartkat.shtml HTTP/1.1" 200 21256
239.202.18.95.dynamic.jazztel.es - - [01/Dec/2017:19:19:55 +0100] "GET /event-matchracing.shtml HTTP/1.1" 200 21251
239.202.18.95.dynamic.jazztel.es - - [01/Dec/2017:19:19:55 +0100] "GET /event-pedalo.shtml HTTP/1.1" 200 20248
239.202.18.95.dynamic.jazztel.es - - [01/Dec/2017:19:19:57 +0100] "GET /events.shtml HTTP/1.1" 200 22514
239.202.18.95.dynamic.jazztel.es - - [01/Dec/2017:19:19:58 +0100] "GET /galerie-gruppesmartkat.shtml HTTP/1.1" 200 20574
239.202.18.95.dynamic.jazztel.es - - [01/Dec/2017:19:19:58 +0100] "GET /flotte.shtml HTTP/1.1" 200 29241
239.202.18.95.dynamic.jazztel.es - - [01/Dec/2017:19:20:00 +0100] "GET /galerie-matchracing.shtml HTTP/1.1" 200 21704
239.202.18.95.dynamic.jazztel.es - - [01/Dec/2017:19:20:02 +0100] "GET /galerie-sktrophy-2014.shtml HTTP/1.1" 200 29913
239.202.18.95.dynamic.jazztel.es - - [01/Dec/2017:19:20:03 +0100] "GET /galerie-sktrophy-2015.shtml HTTP/1.1" 200 49420
239.202.18.95.dynamic.jazztel.es - - [01/Dec/2017:19:20:04 +0100] "GET /galerie.shtml HTTP/1.1" 200 22747
239.202.18.95.dynamic.jazztel.es - - [01/Dec/2017:19:20:05 +0100] "GET /kinder-segelkurs.shtml HTTP/1.1" 200 19898
239.202.18.95.dynamic.jazztel.es - - [01/Dec/2017:19:20:06 +0100] "GET /kursanmeldung.shtml HTTP/1.1" 200 49926
239.202.18.95.dynamic.jazztel.es - - [01/Dec/2017:19:20:07 +0100] "GET /kurse.shtml HTTP/1.1" 200 31031
239.202.18.95.dynamic.jazztel.es - - [01/Dec/2017:19:20:07 +0100] "GET /optikurse-2014.shtml HTTP/1.1" 200 26353
239.202.18.95.dynamic.jazztel.es - - [01/Dec/2017:19:20:08 +0100] "GET /pruefungskurs.shtml HTTP/1.1" 200 23039
239.202.18.95.dynamic.jazztel.es - - [01/Dec/2017:19:20:09 +0100] "GET /segel-grundkurs.shtml HTTP/1.1" 200 21440
239.202.18.95.dynamic.jazztel.es - - [01/Dec/2017:19:20:10 +0100] "GET /segelkurs-jollesmartkat.shtml HTTP/1.1" 200 19993
239.202.18.95.dynamic.jazztel.es - - [01/Dec/2017:19:20:11 +0100] "GET /smartkat-crashkurs.shtml HTTP/1.1" 200 17863
239.202.18.95.dynamic.jazztel.es - - [01/Dec/2017:19:20:12 +0100] "GET /vermietung.shtml HTTP/1.1" 200 25728
239.202.18.95.dynamic.jazztel.es - - [01/Dec/2017:19:20:12 +0100] "GET /standort.shtml HTTP/1.1" 200 17547
239.202.18.95.dynamic.jazztel.es - - [01/Dec/2017:19:20:15 +0100] "GET /js/functions_stripped.js?v=6.6.7.2.41064 HTTP/1.1" 200 7672
239.202.18.95.dynamic.jazztel.es - - [01/Dec/2017:19:20:17 +0100] "GET /Perspectiva.html? HTTP/1.1" 200 18069
239.202.18.95.dynamic.jazztel.es - - [01/Dec/2017:19:20:20 +0100] "GET /js/jquery.lazyload.min.js?v=6.6.7.2.41064 HTTP/1.1" 200 3342
static.111.168.76.144.clients.your-server.de - - [01/Dec/2017:19:45:55 +0100] "GET / HTTP/1.1" 200 35804
static.111.168.76.144.clients.your-server.de - - [01/Dec/2017:19:46:06 +0100] "GET /kurse.shtml HTTP/1.1" 200 31031
static.111.168.76.144.clients.your-server.de - - [01/Dec/2017:19:46:06 +0100] "GET /segel-grundkurs.shtml HTTP/1.1" 200 21440
static.111.168.76.144.clients.your-server.de - - [01/Dec/2017:19:46:06 +0100] "GET /pruefungskurs.shtml HTTP/1.1" 200 23039
static.111.168.76.144.clients.your-server.de - - [01/Dec/2017:19:46:06 +0100] "GET /galerie-gruppesmartkat.shtml HTTP/1.1" 200 20574
static.111.168.76.144.clients.your-server.de - - [01/Dec/2017:19:46:06 +0100] "GET /smartkat-crashkurs.shtml HTTP/1.1" 200 17863
static.111.168.76.144.clients.your-server.de - - [01/Dec/2017:19:46:06 +0100] "GET /segelkurs-jollesmartkat.shtml HTTP/1.1" 200 19993
static.111.168.76.144.clients.your-server.de - - [01/Dec/2017:19:46:06 +0100] "GET /event-pedalo.shtml HTTP/1.1" 200 20248
static.111.168.76.144.clients.your-server.de - - [01/Dec/2017:19:46:06 +0100] "GET /kinder-segelkurs.shtml HTTP/1.1" 200 19898
static.111.168.76.144.clients.your-server.de - - [01/Dec/2017:19:46:06 +0100] "GET /galerie.shtml HTTP/1.1" 200 22747
static.111.168.76.144.clients.your-server.de - - [01/Dec/2017:19:46:06 +0100] "GET /davosersee.shtml HTTP/1.1" 200 19505
static.111.168.76.144.clients.your-server.de - - [01/Dec/2017:19:46:06 +0100] "GET /events.shtml HTTP/1.1" 200 22514
static.111.168.76.144.clients.your-server.de - - [01/Dec/2017:19:46:06 +0100] "GET /optikurse-2014.shtml HTTP/1.1" 200 26353
static.111.168.76.144.clients.your-server.de - - [01/Dec/2017:19:46:06 +0100] "GET /event-matchracing.shtml HTTP/1.1" 200 21251
static.111.168.76.144.clients.your-server.de - - [01/Dec/2017:19:46:06 +0100] "GET /aktuelles-wetter.shtml HTTP/1.1" 200 18388
static.111.168.76.144.clients.your-server.de - - [01/Dec/2017:19:46:06 +0100] "GET /galerie-sktrophy-2014.shtml HTTP/1.1" 200 29913
static.111.168.76.144.clients.your-server.de - - [01/Dec/2017:19:46:06 +0100] "GET /kursanmeldung.shtml HTTP/1.1" 200 49926
static.111.168.76.144.clients.your-server.de - - [01/Dec/2017:19:46:06 +0100] "GET /%C3%BCber-uns.shtml HTTP/1.1" 200 21862
static.111.168.76.144.clients.your-server.de - - [01/Dec/2017:19:46:06 +0100] "GET /flotte.shtml HTTP/1.1" 200 29241
static.111.168.76.144.clients.your-server.de - - [01/Dec/2017:19:46:06 +0100] "GET /vermietung.shtml HTTP/1.1" 200 25728
static.111.168.76.144.clients.your-server.de - - [01/Dec/2017:19:46:06 +0100] "GET /event-gruppesmartkat.shtml HTTP/1.1" 200 21256
static.111.168.76.144.clients.your-server.de - - [01/Dec/2017:19:46:23 +0100] "GET /standort.shtml HTTP/1.1" 200 17547
static.111.168.76.144.clients.your-server.de - - [01/Dec/2017:19:47:13 +0100] "GET /%C3%BCber-uns.shtml HTTP/1.1" 200 21862
static.111.168.76.144.clients.your-server.de - - [01/Dec/2017:19:48:00 +0100] "GET /impressum.htm HTTP/1.1" 200 18069
static.111.168.76.144.clients.your-server.de - - [01/Dec/2017:19:48:00 +0100] "GET /impressum.php HTTP/1.1" 200 18069
static.111.168.76.144.clients.your-server.de - - [01/Dec/2017:19:48:00 +0100] "GET /impressum.html HTTP/1.1" 200 18069
static.111.168.76.144.clients.your-server.de - - [01/Dec/2017:19:48:00 +0100] "GET /imprint/ HTTP/1.1" 200 18069
static.111.168.76.144.clients.your-server.de - - [01/Dec/2017:19:48:01 +0100] "GET /imprint.htm HTTP/1.1" 200 18069
static.111.168.76.144.clients.your-server.de - - [01/Dec/2017:19:48:01 +0100] "GET /imprint.html HTTP/1.1" 200 18069
static.111.168.76.144.clients.your-server.de - - [01/Dec/2017:19:48:02 +0100] "GET /imprint.php HTTP/1.1" 200 18069
static.111.168.76.144.clients.your-server.de - - [01/Dec/2017:19:53:20 +0100] "GET /%C3%BCber-uns HTTP/1.1" 200 21862
static.111.168.76.144.clients.your-server.de - - [01/Dec/2017:19:58:41 +0100] "GET /standort HTTP/1.1" 200 17547
