hydrogen270.a.ahrefs.com - - [05/Oct/2017:11:13:46 +0200] "GET /var/m_0/0d/0dd/12455/125486-2_Sportkurs.JPG HTTP/1.1" 200 69000
msnbot-40-77-167-57.search.msn.com - - [05/Oct/2017:11:17:09 +0200] "GET /var/m_0/0d/0dd/12455/8019892-52_Segellehrer_2.JPG HTTP/1.1" 200 211038
msnbot-157-55-39-174.search.msn.com - - [05/Oct/2017:11:25:23 +0200] "GET /var/m_0/0d/0dd/12455/125488-4_Grundkurs.JPG HTTP/1.1" 200 77496
172-245-222-13-host.colocrossing.com - - [05/Oct/2017:11:34:16 +0200] "GET / HTTP/1.1" 200 35804
172-245-222-13-host.colocrossing.com - - [05/Oct/2017:11:34:17 +0200] "GET /events.shtml HTTP/1.1" 200 22514
172-245-222-13-host.colocrossing.com - - [05/Oct/2017:11:34:18 +0200] "GET /galerie.shtml HTTP/1.1" 200 22747
172-245-222-13-host.colocrossing.com - - [05/Oct/2017:11:34:19 +0200] "GET /kurse.shtml HTTP/1.1" 200 31031
172-245-222-13-host.colocrossing.com - - [05/Oct/2017:11:34:21 +0200] "GET /event-matchracing.shtml HTTP/1.1" 200 21251
172-245-222-13-host.colocrossing.com - - [05/Oct/2017:11:34:21 +0200] "GET /event-gruppesmartkat.shtml HTTP/1.1" 200 21256
172-245-222-13-host.colocrossing.com - - [05/Oct/2017:11:34:21 +0200] "GET /vermietung.shtml HTTP/1.1" 200 25728
172-245-222-13-host.colocrossing.com - - [05/Oct/2017:11:34:23 +0200] "GET /event-pedalo.shtml HTTP/1.1" 200 20248
172-245-222-13-host.colocrossing.com - - [05/Oct/2017:11:34:23 +0200] "GET /galerie-gruppesmartkat.shtml HTTP/1.1" 200 20574
172-245-222-13-host.colocrossing.com - - [05/Oct/2017:11:34:24 +0200] "GET /galerie-matchracing.shtml HTTP/1.1" 200 21704
172-245-222-13-host.colocrossing.com - - [05/Oct/2017:11:34:24 +0200] "GET /galerie-sktrophy-2015.shtml HTTP/1.1" 200 49420
172-245-222-13-host.colocrossing.com - - [05/Oct/2017:11:34:24 +0200] "GET /galerie-sktrophy-2014.shtml HTTP/1.1" 200 29913
172-245-222-13-host.colocrossing.com - - [05/Oct/2017:11:34:25 +0200] "GET /kinder-segelkurs.shtml HTTP/1.1" 200 19898
172-245-222-13-host.colocrossing.com - - [05/Oct/2017:11:34:25 +0200] "GET /optikurse-2014.shtml HTTP/1.1" 200 26353
172-245-222-13-host.colocrossing.com - - [05/Oct/2017:11:34:26 +0200] "GET /pruefungskurs.shtml HTTP/1.1" 200 23039
172-245-222-13-host.colocrossing.com - - [05/Oct/2017:11:34:26 +0200] "GET /smartkat-crashkurs.shtml HTTP/1.1" 200 17863
172-245-222-13-host.colocrossing.com - - [05/Oct/2017:11:34:26 +0200] "GET /segel-grundkurs.shtml HTTP/1.1" 200 21440
172-245-222-13-host.colocrossing.com - - [05/Oct/2017:11:34:26 +0200] "GET /segelkurs-jollesmartkat.shtml HTTP/1.1" 200 19993
172-245-222-13-host.colocrossing.com - - [05/Oct/2017:11:34:27 +0200] "GET /js/functions_stripped.js?v=6.6.7.2.41064 HTTP/1.1" 200 7672
172-245-222-13-host.colocrossing.com - - [05/Oct/2017:11:34:27 +0200] "GET /flotte.shtml HTTP/1.1" 200 29241
172-245-222-13-host.colocrossing.com - - [05/Oct/2017:11:34:27 +0200] "GET /Perspectiva.html? HTTP/1.1" 200 18069
172-245-222-13-host.colocrossing.com - - [05/Oct/2017:11:34:28 +0200] "GET /js/jquery.lazyload.min.js?v=6.6.7.2.41064 HTTP/1.1" 200 3342
172-245-222-13-host.colocrossing.com - - [05/Oct/2017:11:34:28 +0200] "GET /js/).html(a);null==$( HTTP/1.1" 200 219
172-245-222-13-host.colocrossing.com - - [05/Oct/2017:11:34:28 +0200] "GET /js/index.php?sid=46&lang=en&item=1&act=users&ajax=state HTTP/1.1" 200 210
172-245-222-13-host.colocrossing.com - - [05/Oct/2017:11:34:30 +0200] "GET /aktuelles-wetter HTTP/1.1" 200 18388
172-245-222-13-host.colocrossing.com - - [05/Oct/2017:11:34:31 +0200] "GET /davosersee HTTP/1.1" 200 19505
172-245-222-13-host.colocrossing.com - - [05/Oct/2017:11:34:32 +0200] "GET /event-pedalo HTTP/1.1" 200 20248
172-245-222-13-host.colocrossing.com - - [05/Oct/2017:11:34:32 +0200] "GET /event-gruppesmartkat HTTP/1.1" 200 21256
172-245-222-13-host.colocrossing.com - - [05/Oct/2017:11:34:32 +0200] "GET /event-matchracing HTTP/1.1" 200 21251
172-245-222-13-host.colocrossing.com - - [05/Oct/2017:11:34:33 +0200] "GET /events HTTP/1.1" 200 22514
msnbot-157-55-39-174.search.msn.com - - [05/Oct/2017:11:57:46 +0200] "GET /var/m_0/0d/0dd/12455/125488-4_Grundkurs.JPG HTTP/1.1" 200 77496
104.15.127.176.dynamic.wline.res.cust.swisscom.ch - - [05/Oct/2017:11:58:59 +0200] "GET /css/skeleton.css HTTP/1.1" 200 3511
104.15.127.176.dynamic.wline.res.cust.swisscom.ch - - [05/Oct/2017:11:58:59 +0200] "GET / HTTP/1.1" 200 6440
104.15.127.176.dynamic.wline.res.cust.swisscom.ch - - [05/Oct/2017:11:58:59 +0200] "GET /js/footer/build_social_entries.min.js?v=6.6.7.2.41064 HTTP/1.1" 200 278
104.15.127.176.dynamic.wline.res.cust.swisscom.ch - - [05/Oct/2017:11:58:59 +0200] "GET /js/functions_stripped.js?v=6.6.7.2.41064 HTTP/1.1" 200 3186
104.15.127.176.dynamic.wline.res.cust.swisscom.ch - - [05/Oct/2017:11:58:59 +0200] "GET /templates/creator/m_f/fa/fa7/164/assets/wp-menu.js?v=1483633820 HTTP/1.1" 200 1089
104.15.127.176.dynamic.wline.res.cust.swisscom.ch - - [05/Oct/2017:11:58:59 +0200] "GET /templates/creator/m_f/fa/fa7/164/assets/respond.min.js?v=1483633820 HTTP/1.1" 200 2085
104.15.127.176.dynamic.wline.res.cust.swisscom.ch - - [05/Oct/2017:11:59:00 +0200] "GET /var/m_0/0d/0dd/12455/125493-13_Kurse.JPG HTTP/1.1" 200 70517
104.15.127.176.dynamic.wline.res.cust.swisscom.ch - - [05/Oct/2017:11:59:00 +0200] "GET /var/m_0/0d/0dd/12455/143586-SP_DK1.jpg HTTP/1.1" 200 3071
104.15.127.176.dynamic.wline.res.cust.swisscom.ch - - [05/Oct/2017:11:59:00 +0200] "GET /var/m_0/0d/0dd/12455/143582-SP_Gipfel1.jpg HTTP/1.1" 200 2688
104.15.127.176.dynamic.wline.res.cust.swisscom.ch - - [05/Oct/2017:11:59:00 +0200] "GET /var/m_0/0d/0dd/12455/6564603-SK_Tro_Head.jpg HTTP/1.1" 200 136780
104.15.127.176.dynamic.wline.res.cust.swisscom.ch - - [05/Oct/2017:11:59:34 +0200] "GET /aktuelles-wetter.shtml HTTP/1.1" 200 4575
104.15.127.176.dynamic.wline.res.cust.swisscom.ch - - [05/Oct/2017:11:59:34 +0200] "GET /var/m_0/0d/0dd/12455/143352-Header_Segelschule_2.jpg HTTP/1.1" 200 107532
