10.225.197.178.dynamic.wless.zhbmb00p-cgnat.res.cust.swisscom.ch - - [24/Sep/2017:13:05:44 +0200] "GET / HTTP/1.1" 200 6401
10.225.197.178.dynamic.wless.zhbmb00p-cgnat.res.cust.swisscom.ch - - [24/Sep/2017:13:05:44 +0200] "GET /templates/creator/m_f/fa/fa7/164/css/main.min.css?v=1483633820 HTTP/1.1" 200 1797
10.225.197.178.dynamic.wless.zhbmb00p-cgnat.res.cust.swisscom.ch - - [24/Sep/2017:13:05:44 +0200] "GET /css/widgets/concat_widget.min.css?v=6.6.7.2.41064 HTTP/1.1" 200 24507
10.225.197.178.dynamic.wless.zhbmb00p-cgnat.res.cust.swisscom.ch - - [24/Sep/2017:13:05:44 +0200] "GET /templates/creator/m_f/fa/fa7/164/css/style.min.css?v=1483633820 HTTP/1.1" 200 847
10.225.197.178.dynamic.wless.zhbmb00p-cgnat.res.cust.swisscom.ch - - [24/Sep/2017:13:05:44 +0200] "GET /js/footer/build_social_entries.min.js?v=6.6.7.2.41064 HTTP/1.1" 200 278
10.225.197.178.dynamic.wless.zhbmb00p-cgnat.res.cust.swisscom.ch - - [24/Sep/2017:13:05:44 +0200] "GET /js/footer/get_deps.min.js?v=6.6.7.2.41064 HTTP/1.1" 200 157
10.225.197.178.dynamic.wless.zhbmb00p-cgnat.res.cust.swisscom.ch - - [24/Sep/2017:13:05:44 +0200] "GET /css/skeleton.css HTTP/1.1" 200 3511
10.225.197.178.dynamic.wless.zhbmb00p-cgnat.res.cust.swisscom.ch - - [24/Sep/2017:13:05:44 +0200] "GET /templates/creator/m_f/fa/fa7/164/assets/wp-menu.js?v=1483633820 HTTP/1.1" 200 1089
10.225.197.178.dynamic.wless.zhbmb00p-cgnat.res.cust.swisscom.ch - - [24/Sep/2017:13:05:44 +0200] "GET /templates/creator/m_f/fa/fa7/164/assets/slide.js?v=1483633820 HTTP/1.1" 200 662
10.225.197.178.dynamic.wless.zhbmb00p-cgnat.res.cust.swisscom.ch - - [24/Sep/2017:13:05:44 +0200] "GET /templates/creator/m_f/fa/fa7/164/assets/respond.min.js?v=1483633820 HTTP/1.1" 200 2085
10.225.197.178.dynamic.wless.zhbmb00p-cgnat.res.cust.swisscom.ch - - [24/Sep/2017:13:05:44 +0200] "GET /js/functions_stripped.js?v=6.6.7.2.41064 HTTP/1.1" 200 3186
10.225.197.178.dynamic.wless.zhbmb00p-cgnat.res.cust.swisscom.ch - - [24/Sep/2017:13:05:44 +0200] "GET /js/jquery.lazyload.min.js?v=6.6.7.2.41064 HTTP/1.1" 200 1283
10.225.197.178.dynamic.wless.zhbmb00p-cgnat.res.cust.swisscom.ch - - [24/Sep/2017:13:05:44 +0200] "GET /var/m_0/0d/0dd/12455/143351-Header_Segelschule.jpg HTTP/1.1" 200 107532
10.225.197.178.dynamic.wless.zhbmb00p-cgnat.res.cust.swisscom.ch - - [24/Sep/2017:13:05:44 +0200] "GET /templates/creator/m_f/fa/fa7/164/assets/bt_open.png HTTP/1.1" 200 2044
10.225.197.178.dynamic.wless.zhbmb00p-cgnat.res.cust.swisscom.ch - - [24/Sep/2017:13:05:44 +0200] "GET /templates/creator/m_f/fa/fa7/164/assets/tab_m_bottom.png HTTP/1.1" 200 1000
10.225.197.178.dynamic.wless.zhbmb00p-cgnat.res.cust.swisscom.ch - - [24/Sep/2017:13:05:44 +0200] "GET /templates/creator/m_f/fa/fa7/164/assets/tab_l_bottom.png HTTP/1.1" 200 1751
10.225.197.178.dynamic.wless.zhbmb00p-cgnat.res.cust.swisscom.ch - - [24/Sep/2017:13:05:44 +0200] "GET /templates/creator/m_f/fa/fa7/164/assets/tab_b_bottom.png HTTP/1.1" 200 962
10.225.197.178.dynamic.wless.zhbmb00p-cgnat.res.cust.swisscom.ch - - [24/Sep/2017:13:05:44 +0200] "GET /templates/creator/m_f/fa/fa7/164/assets/bt_close.png HTTP/1.1" 200 2150
10.225.197.178.dynamic.wless.zhbmb00p-cgnat.res.cust.swisscom.ch - - [24/Sep/2017:13:05:44 +0200] "GET /templates/creator/m_f/fa/fa7/164/assets/tab_r_bottom.png HTTP/1.1" 200 1803
10.225.197.178.dynamic.wless.zhbmb00p-cgnat.res.cust.swisscom.ch - - [24/Sep/2017:13:05:45 +0200] "GET /var/m_0/0d/0dd/12455/6564603-SK_Tro_Head.jpg HTTP/1.1" 200 136780
10.225.197.178.dynamic.wless.zhbmb00p-cgnat.res.cust.swisscom.ch - - [24/Sep/2017:13:05:45 +0200] "GET /var/m_0/0d/0dd/12455/125493-13_Kurse.JPG HTTP/1.1" 200 70517
10.225.197.178.dynamic.wless.zhbmb00p-cgnat.res.cust.swisscom.ch - - [24/Sep/2017:13:05:45 +0200] "GET /var/m_0/0d/0dd/12455/7230972-19_Matchracing.jpg HTTP/1.1" 200 55347
10.225.197.178.dynamic.wless.zhbmb00p-cgnat.res.cust.swisscom.ch - - [24/Sep/2017:13:05:45 +0200] "GET /var/m_0/0d/0dd/12455/125494-14_Vermietung.JPG HTTP/1.1" 200 95115
10.225.197.178.dynamic.wless.zhbmb00p-cgnat.res.cust.swisscom.ch - - [24/Sep/2017:13:05:45 +0200] "GET /var/m_0/0d/0dd/12455/8218280-65_Regatta.JPG HTTP/1.1" 200 192350
10.225.197.178.dynamic.wless.zhbmb00p-cgnat.res.cust.swisscom.ch - - [24/Sep/2017:13:05:45 +0200] "GET /var/m_0/0d/0dd/12455/8254793-J70_Davos.w640.jpg HTTP/1.1" 200 77993
10.225.197.178.dynamic.wless.zhbmb00p-cgnat.res.cust.swisscom.ch - - [24/Sep/2017:13:05:45 +0200] "GET /var/m_0/0d/0dd/12455/125495-15_Event.JPG HTTP/1.1" 200 59088
10.225.197.178.dynamic.wless.zhbmb00p-cgnat.res.cust.swisscom.ch - - [24/Sep/2017:13:05:46 +0200] "GET /templates/resellers/7/favicon.ico?v=1506170298 HTTP/1.1" 200 4286
10.225.197.178.dynamic.wless.zhbmb00p-cgnat.res.cust.swisscom.ch - - [24/Sep/2017:13:05:47 +0200] "GET /var/m_0/0d/0dd/12455/143586-SP_DK1.jpg HTTP/1.1" 200 3071
10.225.197.178.dynamic.wless.zhbmb00p-cgnat.res.cust.swisscom.ch - - [24/Sep/2017:13:05:47 +0200] "GET /var/m_0/0d/0dd/12455/143580-SP_Heierling1.jpg HTTP/1.1" 200 2613
10.225.197.178.dynamic.wless.zhbmb00p-cgnat.res.cust.swisscom.ch - - [24/Sep/2017:13:05:48 +0200] "GET /var/m_0/0d/0dd/12455/143584-SP_Lemm1.jpg HTTP/1.1" 200 2321
10.225.197.178.dynamic.wless.zhbmb00p-cgnat.res.cust.swisscom.ch - - [24/Sep/2017:13:05:48 +0200] "GET /var/m_0/0d/0dd/12455/8288159-EWD_rgb_pos.jpg HTTP/1.1" 200 207458
10.225.197.178.dynamic.wless.zhbmb00p-cgnat.res.cust.swisscom.ch - - [24/Sep/2017:13:05:48 +0200] "GET /var/m_0/0d/0dd/12455/143582-SP_Gipfel1.jpg HTTP/1.1" 200 2688
10.225.197.178.dynamic.wless.zhbmb00p-cgnat.res.cust.swisscom.ch - - [24/Sep/2017:13:06:04 +0200] "GET /aktuelles-wetter.shtml HTTP/1.1" 200 4556
10.225.197.178.dynamic.wless.zhbmb00p-cgnat.res.cust.swisscom.ch - - [24/Sep/2017:13:06:05 +0200] "GET /var/m_0/0d/0dd/12455/143352-Header_Segelschule_2.jpg HTTP/1.1" 200 107532
10.225.197.178.dynamic.wless.zhbmb00p-cgnat.res.cust.swisscom.ch - - [24/Sep/2017:13:06:06 +0200] "GET /templates/resellers/7/favicon.ico?v=1506249271 HTTP/1.1" 200 4286
10.225.197.178.dynamic.wless.zhbmb00p-cgnat.res.cust.swisscom.ch - - [24/Sep/2017:13:06:14 +0200] "GET / HTTP/1.1" 200 6401
ec2-107-21-1-8.compute-1.amazonaws.com - - [24/Sep/2017:13:10:43 +0200] "GET / HTTP/1.1" 200 6440
ec2-107-21-1-8.compute-1.amazonaws.com - - [24/Sep/2017:13:10:44 +0200] "GET /templates/resellers/7/favicon.ico?v=1506103971 HTTP/1.1" 200 4286
msnbot-207-46-13-157.search.msn.com - - [24/Sep/2017:13:16:40 +0200] "GET /var/m_0/0d/0dd/12455/8019892-52_Segellehrer_2.JPG HTTP/1.1" 200 211038
