46-118-119-80.broadband.kyivstar.net - - [21/Nov/2017:01:07:00 +0100] "GET / HTTP/1.1" 200 35804
46-118-119-80.broadband.kyivstar.net - - [21/Nov/2017:01:07:02 +0100] "GET / HTTP/1.1" 200 35804
static.19.65.9.5.clients.your-server.de - - [21/Nov/2017:01:13:22 +0100] "GET /robots.txt HTTP/1.1" 200 80
static.19.65.9.5.clients.your-server.de - - [21/Nov/2017:01:13:22 +0100] "GET /sitemap.xml HTTP/1.1" 200 -
static.19.65.9.5.clients.your-server.de - - [21/Nov/2017:01:13:24 +0100] "GET / HTTP/1.1" 200 6440
static.19.65.9.5.clients.your-server.de - - [21/Nov/2017:01:13:26 +0100] "GET /flotte.shtml HTTP/1.1" 200 6274
static.19.65.9.5.clients.your-server.de - - [21/Nov/2017:01:13:28 +0100] "GET /standort.shtml HTTP/1.1" 200 4717
static.19.65.9.5.clients.your-server.de - - [21/Nov/2017:01:13:30 +0100] "GET /davosersee.shtml HTTP/1.1" 200 5477
static.19.65.9.5.clients.your-server.de - - [21/Nov/2017:01:13:32 +0100] "GET /event-pedalo.shtml HTTP/1.1" 200 5342
static.19.65.9.5.clients.your-server.de - - [21/Nov/2017:01:13:34 +0100] "GET /pruefungskurs.shtml HTTP/1.1" 200 5895
static.19.65.9.5.clients.your-server.de - - [21/Nov/2017:01:13:36 +0100] "GET /%C3%BCber-uns.shtml HTTP/1.1" 200 4740
static.19.65.9.5.clients.your-server.de - - [21/Nov/2017:01:13:38 +0100] "GET /kursanmeldung.shtml HTTP/1.1" 200 10952
static.19.65.9.5.clients.your-server.de - - [21/Nov/2017:01:13:40 +0100] "GET /optikurse-2014.shtml HTTP/1.1" 200 4938
static.19.65.9.5.clients.your-server.de - - [21/Nov/2017:01:13:42 +0100] "GET /segel-grundkurs.shtml HTTP/1.1" 200 5378
static.19.65.9.5.clients.your-server.de - - [21/Nov/2017:01:13:44 +0100] "GET /kinder-segelkurs.shtml HTTP/1.1" 200 5171
static.19.65.9.5.clients.your-server.de - - [21/Nov/2017:01:13:46 +0100] "GET /aktuelles-wetter.shtml HTTP/1.1" 200 4575
static.19.65.9.5.clients.your-server.de - - [21/Nov/2017:01:13:48 +0100] "GET /event-matchracing.shtml HTTP/1.1" 200 5634
static.19.65.9.5.clients.your-server.de - - [21/Nov/2017:01:13:50 +0100] "GET /smartkat-crashkurs.shtml HTTP/1.1" 200 4808
static.19.65.9.5.clients.your-server.de - - [21/Nov/2017:01:13:52 +0100] "GET /galerie-matchracing.shtml HTTP/1.1" 200 4859
static.19.65.9.5.clients.your-server.de - - [21/Nov/2017:01:13:54 +0100] "GET /event-gruppesmartkat.shtml HTTP/1.1" 200 5645
static.19.65.9.5.clients.your-server.de - - [21/Nov/2017:01:13:56 +0100] "GET /galerie-sktrophy-2015.shtml HTTP/1.1" 200 5939
static.19.65.9.5.clients.your-server.de - - [21/Nov/2017:01:13:58 +0100] "GET /galerie-sktrophy-2014.shtml HTTP/1.1" 200 5044
static.19.65.9.5.clients.your-server.de - - [21/Nov/2017:01:14:00 +0100] "GET /galerie-gruppesmartkat.shtml HTTP/1.1" 200 4863
static.19.65.9.5.clients.your-server.de - - [21/Nov/2017:01:14:02 +0100] "GET /segelkurs-jollesmartkat.shtml HTTP/1.1" 200 5139
static.19.65.9.5.clients.your-server.de - - [21/Nov/2017:01:14:04 +0100] "GET /kurse.shtml HTTP/1.1" 200 6280
static.19.65.9.5.clients.your-server.de - - [21/Nov/2017:01:14:06 +0100] "GET /events.shtml HTTP/1.1" 200 5297
static.19.65.9.5.clients.your-server.de - - [21/Nov/2017:01:14:08 +0100] "GET /galerie.shtml HTTP/1.1" 200 4483
static.19.65.9.5.clients.your-server.de - - [21/Nov/2017:01:14:10 +0100] "GET /vermietung.shtml HTTP/1.1" 200 5099
crawl-111-170-187-194.qwant.com - - [21/Nov/2017:01:20:07 +0100] "GET /event-gruppesmartkat.shtml HTTP/1.0" 200 5645
crawl-111-170-187-194.qwant.com - - [21/Nov/2017:01:20:07 +0100] "GET /robots.txt HTTP/1.0" 200 80
crawl-66-249-64-28.googlebot.com - - [21/Nov/2017:01:28:02 +0100] "GET / HTTP/1.1" 200 6440
crawl-66-249-64-28.googlebot.com - - [21/Nov/2017:01:28:06 +0100] "GET / HTTP/1.1" 200 6401
crawl-66-249-64-28.googlebot.com - - [21/Nov/2017:01:28:10 +0100] "GET /css/widgets/concat_widget.min.css?v=6.6.7.2.41064 HTTP/1.1" 200 24507
ip-198.12-153-176.ip.secureserver.net - - [21/Nov/2017:01:31:51 +0100] "GET / HTTP/1.1" 200 35804
46-118-158-16.broadband.kyivstar.net - - [21/Nov/2017:01:39:58 +0100] "GET / HTTP/1.1" 200 35804
46-118-158-16.broadband.kyivstar.net - - [21/Nov/2017:01:39:58 +0100] "GET / HTTP/1.1" 200 35804
46-118-158-16.broadband.kyivstar.net - - [21/Nov/2017:01:39:59 +0100] "GET / HTTP/1.1" 200 35804
46-118-158-16.broadband.kyivstar.net - - [21/Nov/2017:01:39:59 +0100] "GET / HTTP/1.1" 200 35804
46-118-158-16.broadband.kyivstar.net - - [21/Nov/2017:01:40:00 +0100] "GET / HTTP/1.1" 200 35804
46-118-158-16.broadband.kyivstar.net - - [21/Nov/2017:01:40:00 +0100] "GET / HTTP/1.1" 200 35804
195-154-169-173.rev.poneytelecom.eu - - [21/Nov/2017:01:43:36 +0100] "GET / HTTP/1.1" 200 35804
m1.oscar2.beget.com - - [21/Nov/2017:01:48:22 +0100] "GET / HTTP/1.1" 200 35804
