msnbot-157-55-39-53.search.msn.com - - [24/Sep/2017:20:29:16 +0200] "GET /robots.txt HTTP/1.1" 200 80
msnbot-157-55-39-53.search.msn.com - - [24/Sep/2017:20:29:17 +0200] "GET /robots.txt HTTP/1.1" 200 80
msnbot-207-46-13-156.search.msn.com - - [24/Sep/2017:20:29:44 +0200] "GET / HTTP/1.1" 200 6440
209.90.232.120.reverse.wowrack.com - - [24/Sep/2017:20:32:33 +0200] "GET / HTTP/1.1" 200 35804
209.90.232.120.reverse.wowrack.com - - [24/Sep/2017:20:32:34 +0200] "GET /%C3%BCber-uns.shtml HTTP/1.1" 200 21862
209.90.232.120.reverse.wowrack.com - - [24/Sep/2017:20:32:36 +0200] "GET /aktuelles-wetter.shtml HTTP/1.1" 200 18388
209.90.232.120.reverse.wowrack.com - - [24/Sep/2017:20:32:39 +0200] "GET /event-gruppesmartkat.shtml HTTP/1.1" 200 21256
209.90.232.120.reverse.wowrack.com - - [24/Sep/2017:20:32:39 +0200] "GET /davosersee.shtml HTTP/1.1" 200 19505
209.90.232.120.reverse.wowrack.com - - [24/Sep/2017:20:32:39 +0200] "GET /event-matchracing.shtml HTTP/1.1" 200 21251
209.90.232.120.reverse.wowrack.com - - [24/Sep/2017:20:32:40 +0200] "GET /event-pedalo.shtml HTTP/1.1" 200 20248
209.90.232.120.reverse.wowrack.com - - [24/Sep/2017:20:32:41 +0200] "GET /events.shtml HTTP/1.1" 200 22514
209.90.232.120.reverse.wowrack.com - - [24/Sep/2017:20:32:41 +0200] "GET /flotte.shtml HTTP/1.1" 200 29241
209.90.232.120.reverse.wowrack.com - - [24/Sep/2017:20:32:42 +0200] "GET /galerie-matchracing.shtml HTTP/1.1" 200 21704
209.90.232.120.reverse.wowrack.com - - [24/Sep/2017:20:32:42 +0200] "GET /galerie-gruppesmartkat.shtml HTTP/1.1" 200 20574
209.90.232.120.reverse.wowrack.com - - [24/Sep/2017:20:32:43 +0200] "GET /galerie-sktrophy-2014.shtml HTTP/1.1" 200 29913
209.90.232.120.reverse.wowrack.com - - [24/Sep/2017:20:32:43 +0200] "GET /galerie-sktrophy-2015.shtml HTTP/1.1" 200 49420
209.90.232.120.reverse.wowrack.com - - [24/Sep/2017:20:32:44 +0200] "GET /kinder-segelkurs.shtml HTTP/1.1" 200 19898
209.90.232.120.reverse.wowrack.com - - [24/Sep/2017:20:32:44 +0200] "GET /galerie.shtml HTTP/1.1" 200 22747
209.90.232.120.reverse.wowrack.com - - [24/Sep/2017:20:32:44 +0200] "GET /kursanmeldung.shtml HTTP/1.1" 200 49926
209.90.232.120.reverse.wowrack.com - - [24/Sep/2017:20:32:45 +0200] "GET /kurse.shtml HTTP/1.1" 200 31031
209.90.232.120.reverse.wowrack.com - - [24/Sep/2017:20:32:45 +0200] "GET /pruefungskurs.shtml HTTP/1.1" 200 23039
209.90.232.120.reverse.wowrack.com - - [24/Sep/2017:20:32:45 +0200] "GET /segel-grundkurs.shtml HTTP/1.1" 200 21440
209.90.232.120.reverse.wowrack.com - - [24/Sep/2017:20:32:45 +0200] "GET /optikurse-2014.shtml HTTP/1.1" 200 26353
209.90.232.120.reverse.wowrack.com - - [24/Sep/2017:20:32:46 +0200] "GET /smartkat-crashkurs.shtml HTTP/1.1" 200 17863
209.90.232.120.reverse.wowrack.com - - [24/Sep/2017:20:32:46 +0200] "GET /standort.shtml HTTP/1.1" 200 17547
209.90.232.120.reverse.wowrack.com - - [24/Sep/2017:20:32:46 +0200] "GET /segelkurs-jollesmartkat.shtml HTTP/1.1" 200 19993
209.90.232.120.reverse.wowrack.com - - [24/Sep/2017:20:32:47 +0200] "GET /js/functions_stripped.js?v=6.6.7.2.41064 HTTP/1.1" 200 7672
209.90.232.120.reverse.wowrack.com - - [24/Sep/2017:20:32:47 +0200] "GET /vermietung.shtml HTTP/1.1" 200 25728
209.90.232.120.reverse.wowrack.com - - [24/Sep/2017:20:32:48 +0200] "GET /js/jquery.lazyload.min.js?v=6.6.7.2.41064 HTTP/1.1" 200 3342
209.90.232.120.reverse.wowrack.com - - [24/Sep/2017:20:32:48 +0200] "GET /Perspectiva.html? HTTP/1.1" 200 18069
209.90.232.120.reverse.wowrack.com - - [24/Sep/2017:20:32:49 +0200] "GET /aktuelles-wetter HTTP/1.1" 200 18388
msnbot-40-77-167-18.search.msn.com - - [24/Sep/2017:20:38:29 +0200] "GET / HTTP/1.1" 200 6440
msnbot-207-46-13-156.search.msn.com - - [24/Sep/2017:20:42:19 +0200] "GET / HTTP/1.1" 200 6440
adsl-178-39-159-61.adslplus.ch - - [24/Sep/2017:20:58:44 +0200] "GET / HTTP/1.1" 200 6440
adsl-178-39-159-61.adslplus.ch - - [24/Sep/2017:20:58:45 +0200] "GET /W3SVC/?cid=f2949bab-240a-46ca-a455-6f504367ba7d&securityScanNoAttack HTTP/1.1" 200 18069
