hydrogen161.a.ahrefs.com - - [15/Nov/2017:10:06:23 +0100] "GET /segel-grundkurs HTTP/1.1" 200 5378
193.red.82.37.46.procono.es - - [15/Nov/2017:10:15:20 +0100] "GET / HTTP/1.1" 200 35804
193.red.82.37.46.procono.es - - [15/Nov/2017:10:15:34 +0100] "GET /events.shtml HTTP/1.1" 200 22514
193.red.82.37.46.procono.es - - [15/Nov/2017:10:15:42 +0100] "GET /galerie.shtml HTTP/1.1" 200 22747
193.red.82.37.46.procono.es - - [15/Nov/2017:10:15:50 +0100] "GET /kurse.shtml HTTP/1.1" 200 31031
193.red.82.37.46.procono.es - - [15/Nov/2017:10:15:55 +0100] "GET /vermietung.shtml HTTP/1.1" 200 25728
193.red.82.37.46.procono.es - - [15/Nov/2017:10:15:58 +0100] "GET /event-gruppesmartkat.shtml HTTP/1.1" 200 21256
193.red.82.37.46.procono.es - - [15/Nov/2017:10:16:04 +0100] "GET /event-matchracing.shtml HTTP/1.1" 200 21251
193.red.82.37.46.procono.es - - [15/Nov/2017:10:16:08 +0100] "GET /event-pedalo.shtml HTTP/1.1" 200 20248
193.red.82.37.46.procono.es - - [15/Nov/2017:10:16:15 +0100] "GET /galerie-gruppesmartkat.shtml HTTP/1.1" 200 20574
193.red.82.37.46.procono.es - - [15/Nov/2017:10:16:20 +0100] "GET /galerie-matchracing.shtml HTTP/1.1" 200 21704
193.red.82.37.46.procono.es - - [15/Nov/2017:10:16:26 +0100] "GET /galerie-sktrophy-2014.shtml HTTP/1.1" 200 29913
193.red.82.37.46.procono.es - - [15/Nov/2017:10:16:29 +0100] "GET /galerie-sktrophy-2015.shtml HTTP/1.1" 200 49420
193.red.82.37.46.procono.es - - [15/Nov/2017:10:16:44 +0100] "GET /optikurse-2014.shtml HTTP/1.1" 200 26353
193.red.82.37.46.procono.es - - [15/Nov/2017:10:16:51 +0100] "GET /kinder-segelkurs.shtml HTTP/1.1" 200 19898
193.red.82.37.46.procono.es - - [15/Nov/2017:10:16:53 +0100] "GET /pruefungskurs.shtml HTTP/1.1" 200 23039
193.red.82.37.46.procono.es - - [15/Nov/2017:10:16:59 +0100] "GET /segel-grundkurs.shtml HTTP/1.1" 200 21440
193.red.82.37.46.procono.es - - [15/Nov/2017:10:17:02 +0100] "GET /segelkurs-jollesmartkat.shtml HTTP/1.1" 200 19993
193.red.82.37.46.procono.es - - [15/Nov/2017:10:17:07 +0100] "GET /smartkat-crashkurs.shtml HTTP/1.1" 200 17863
193.red.82.37.46.procono.es - - [15/Nov/2017:10:17:15 +0100] "GET /flotte.shtml HTTP/1.1" 200 29241
193.red.82.37.46.procono.es - - [15/Nov/2017:10:17:22 +0100] "GET /js/functions_stripped.js?v=6.6.7.2.41064 HTTP/1.1" 200 7672
193.red.82.37.46.procono.es - - [15/Nov/2017:10:17:25 +0100] "GET /Perspectiva.html? HTTP/1.1" 200 18069
193.red.82.37.46.procono.es - - [15/Nov/2017:10:17:34 +0100] "GET /js/jquery.lazyload.min.js?v=6.6.7.2.41064 HTTP/1.1" 200 3342
193.red.82.37.46.procono.es - - [15/Nov/2017:10:17:42 +0100] "GET /js/).html(a);null==$( HTTP/1.1" 200 219
193.red.82.37.46.procono.es - - [15/Nov/2017:10:17:46 +0100] "GET /js/index.php?sid=46&lang=en&item=1&act=users&ajax=state HTTP/1.1" 200 210
193.red.82.37.46.procono.es - - [15/Nov/2017:10:17:51 +0100] "GET /aktuelles-wetter HTTP/1.1" 200 18388
193.red.82.37.46.procono.es - - [15/Nov/2017:10:17:59 +0100] "GET /davosersee HTTP/1.1" 200 19505
193.red.82.37.46.procono.es - - [15/Nov/2017:10:18:10 +0100] "GET /event-gruppesmartkat HTTP/1.1" 200 21256
193.red.82.37.46.procono.es - - [15/Nov/2017:10:18:14 +0100] "GET /event-matchracing HTTP/1.1" 200 21251
193.red.82.37.46.procono.es - - [15/Nov/2017:10:18:22 +0100] "GET /event-pedalo HTTP/1.1" 200 20248
193.red.82.37.46.procono.es - - [15/Nov/2017:10:18:26 +0100] "GET /events HTTP/1.1" 200 22514
crawl-66-249-64-154.googlebot.com - - [15/Nov/2017:10:27:00 +0100] "GET / HTTP/1.1" 200 6401
crawl-66-249-64-154.googlebot.com - - [15/Nov/2017:10:27:00 +0100] "GET /robots.txt HTTP/1.1" 200 80
crawl-66-249-64-150.googlebot.com - - [15/Nov/2017:10:27:05 +0100] "GET / HTTP/1.1" 200 6440
tor-gateway.vif.com - - [15/Nov/2017:10:27:28 +0100] "PUT /ACQJMlAFnf.jsp/ HTTP/1.1" 200 4738
185.26.92.74 - - [15/Nov/2017:10:33:11 +0100] "GET / HTTP/1.1" 200 6440
185.26.92.74 - - [15/Nov/2017:10:33:11 +0100] "GET /robots.txt HTTP/1.1" 200 120
