147.red.82.37.46.procono.es - - [19/Nov/2017:08:19:22 +0100] "GET / HTTP/1.1" 200 35804
147.red.82.37.46.procono.es - - [19/Nov/2017:08:19:23 +0100] "GET /%C3%BCber-uns.shtml HTTP/1.1" 200 21862
147.red.82.37.46.procono.es - - [19/Nov/2017:08:19:24 +0100] "GET /aktuelles-wetter.shtml HTTP/1.1" 200 18388
147.red.82.37.46.procono.es - - [19/Nov/2017:08:19:25 +0100] "GET /event-gruppesmartkat.shtml HTTP/1.1" 200 21256
147.red.82.37.46.procono.es - - [19/Nov/2017:08:19:25 +0100] "GET /davosersee.shtml HTTP/1.1" 200 19505
147.red.82.37.46.procono.es - - [19/Nov/2017:08:19:26 +0100] "GET /event-matchracing.shtml HTTP/1.1" 200 21251
147.red.82.37.46.procono.es - - [19/Nov/2017:08:19:29 +0100] "GET /events.shtml HTTP/1.1" 200 22514
147.red.82.37.46.procono.es - - [19/Nov/2017:08:19:29 +0100] "GET /event-pedalo.shtml HTTP/1.1" 200 20248
147.red.82.37.46.procono.es - - [19/Nov/2017:08:19:30 +0100] "GET /galerie-gruppesmartkat.shtml HTTP/1.1" 200 20574
147.red.82.37.46.procono.es - - [19/Nov/2017:08:19:29 +0100] "GET /flotte.shtml HTTP/1.1" 200 29241
147.red.82.37.46.procono.es - - [19/Nov/2017:08:19:32 +0100] "GET /galerie-sktrophy-2014.shtml HTTP/1.1" 200 29913
147.red.82.37.46.procono.es - - [19/Nov/2017:08:19:31 +0100] "GET /galerie-matchracing.shtml HTTP/1.1" 200 21704
147.red.82.37.46.procono.es - - [19/Nov/2017:08:19:33 +0100] "GET /galerie-sktrophy-2015.shtml HTTP/1.1" 200 49420
147.red.82.37.46.procono.es - - [19/Nov/2017:08:19:35 +0100] "GET /galerie.shtml HTTP/1.1" 200 22747
147.red.82.37.46.procono.es - - [19/Nov/2017:08:19:38 +0100] "GET /kinder-segelkurs.shtml HTTP/1.1" 200 19898
147.red.82.37.46.procono.es - - [19/Nov/2017:08:19:38 +0100] "GET /kursanmeldung.shtml HTTP/1.1" 200 49926
147.red.82.37.46.procono.es - - [19/Nov/2017:08:19:39 +0100] "GET /optikurse-2014.shtml HTTP/1.1" 200 26353
147.red.82.37.46.procono.es - - [19/Nov/2017:08:19:39 +0100] "GET /kurse.shtml HTTP/1.1" 200 31031
147.red.82.37.46.procono.es - - [19/Nov/2017:08:19:40 +0100] "GET /pruefungskurs.shtml HTTP/1.1" 200 23039
147.red.82.37.46.procono.es - - [19/Nov/2017:08:19:41 +0100] "GET /segel-grundkurs.shtml HTTP/1.1" 200 21440
147.red.82.37.46.procono.es - - [19/Nov/2017:08:19:42 +0100] "GET /smartkat-crashkurs.shtml HTTP/1.1" 200 17863
147.red.82.37.46.procono.es - - [19/Nov/2017:08:19:42 +0100] "GET /segelkurs-jollesmartkat.shtml HTTP/1.1" 200 19993
147.red.82.37.46.procono.es - - [19/Nov/2017:08:19:43 +0100] "GET /standort.shtml HTTP/1.1" 200 17547
147.red.82.37.46.procono.es - - [19/Nov/2017:08:19:43 +0100] "GET /vermietung.shtml HTTP/1.1" 200 25728
147.red.82.37.46.procono.es - - [19/Nov/2017:08:19:44 +0100] "GET /js/functions_stripped.js?v=6.6.7.2.41064 HTTP/1.1" 200 7672
147.red.82.37.46.procono.es - - [19/Nov/2017:08:19:45 +0100] "GET /Perspectiva.html? HTTP/1.1" 200 18069
147.red.82.37.46.procono.es - - [19/Nov/2017:08:19:46 +0100] "GET /aktuelles-wetter HTTP/1.1" 200 18388
147.red.82.37.46.procono.es - - [19/Nov/2017:08:19:46 +0100] "GET /js/jquery.lazyload.min.js?v=6.6.7.2.41064 HTTP/1.1" 200 3342
103.56.113.172 - - [19/Nov/2017:08:35:52 +0100] "GET / HTTP/1.1" 200 35804
103.56.113.172 - - [19/Nov/2017:08:35:53 +0100] "GET /xmlrpc.php HTTP/1.1" 200 18205
103.56.113.172 - - [19/Nov/2017:08:35:55 +0100] "HEAD /wp-login.php HTTP/1.1" 200 -
ec2-54-165-59-7.compute-1.amazonaws.com - - [19/Nov/2017:08:57:43 +0100] "GET /events HTTP/1.0" 200 22514
ec2-54-165-59-7.compute-1.amazonaws.com - - [19/Nov/2017:08:57:43 +0100] "GET /robots.txt HTTP/1.0" 200 120
