crawl-66-249-64-28.googlebot.com - - [04/Oct/2017:01:20:34 +0200] "GET /templates/resellers/7/favicon.ico?v=1502945090 HTTP/1.1" 200 4286
152.red-2-138-243.dynamicip.rima-tde.net - - [04/Oct/2017:01:32:29 +0200] "GET / HTTP/1.1" 200 35804
152.red-2-138-243.dynamicip.rima-tde.net - - [04/Oct/2017:01:32:31 +0200] "GET /%C3%BCber-uns.shtml HTTP/1.1" 200 21862
152.red-2-138-243.dynamicip.rima-tde.net - - [04/Oct/2017:01:32:32 +0200] "GET /aktuelles-wetter.shtml HTTP/1.1" 200 18388
152.red-2-138-243.dynamicip.rima-tde.net - - [04/Oct/2017:01:32:33 +0200] "GET /event-gruppesmartkat.shtml HTTP/1.1" 200 21256
152.red-2-138-243.dynamicip.rima-tde.net - - [04/Oct/2017:01:32:33 +0200] "GET /davosersee.shtml HTTP/1.1" 200 19505
152.red-2-138-243.dynamicip.rima-tde.net - - [04/Oct/2017:01:32:34 +0200] "GET /event-pedalo.shtml HTTP/1.1" 200 20248
152.red-2-138-243.dynamicip.rima-tde.net - - [04/Oct/2017:01:32:34 +0200] "GET /event-matchracing.shtml HTTP/1.1" 200 21251
152.red-2-138-243.dynamicip.rima-tde.net - - [04/Oct/2017:01:32:36 +0200] "GET /events.shtml HTTP/1.1" 200 22514
152.red-2-138-243.dynamicip.rima-tde.net - - [04/Oct/2017:01:32:37 +0200] "GET /flotte.shtml HTTP/1.1" 200 29241
152.red-2-138-243.dynamicip.rima-tde.net - - [04/Oct/2017:01:32:38 +0200] "GET /galerie-gruppesmartkat.shtml HTTP/1.1" 200 20574
152.red-2-138-243.dynamicip.rima-tde.net - - [04/Oct/2017:01:32:39 +0200] "GET /galerie-sktrophy-2015.shtml HTTP/1.1" 200 49420
152.red-2-138-243.dynamicip.rima-tde.net - - [04/Oct/2017:01:32:39 +0200] "GET /galerie-sktrophy-2014.shtml HTTP/1.1" 200 29913
152.red-2-138-243.dynamicip.rima-tde.net - - [04/Oct/2017:01:32:39 +0200] "GET /galerie-matchracing.shtml HTTP/1.1" 200 21704
152.red-2-138-243.dynamicip.rima-tde.net - - [04/Oct/2017:01:32:40 +0200] "GET /galerie.shtml HTTP/1.1" 200 22747
152.red-2-138-243.dynamicip.rima-tde.net - - [04/Oct/2017:01:32:41 +0200] "GET /kinder-segelkurs.shtml HTTP/1.1" 200 19898
152.red-2-138-243.dynamicip.rima-tde.net - - [04/Oct/2017:01:32:41 +0200] "GET /kursanmeldung.shtml HTTP/1.1" 200 49926
152.red-2-138-243.dynamicip.rima-tde.net - - [04/Oct/2017:01:32:42 +0200] "GET /kurse.shtml HTTP/1.1" 200 31031
152.red-2-138-243.dynamicip.rima-tde.net - - [04/Oct/2017:01:32:43 +0200] "GET /optikurse-2014.shtml HTTP/1.1" 200 26353
152.red-2-138-243.dynamicip.rima-tde.net - - [04/Oct/2017:01:32:44 +0200] "GET /pruefungskurs.shtml HTTP/1.1" 200 23039
152.red-2-138-243.dynamicip.rima-tde.net - - [04/Oct/2017:01:32:45 +0200] "GET /segel-grundkurs.shtml HTTP/1.1" 200 21440
152.red-2-138-243.dynamicip.rima-tde.net - - [04/Oct/2017:01:32:48 +0200] "GET /smartkat-crashkurs.shtml HTTP/1.1" 200 17863
152.red-2-138-243.dynamicip.rima-tde.net - - [04/Oct/2017:01:32:48 +0200] "GET /segelkurs-jollesmartkat.shtml HTTP/1.1" 200 19993
152.red-2-138-243.dynamicip.rima-tde.net - - [04/Oct/2017:01:32:49 +0200] "GET /standort.shtml HTTP/1.1" 200 17547
152.red-2-138-243.dynamicip.rima-tde.net - - [04/Oct/2017:01:32:49 +0200] "GET /vermietung.shtml HTTP/1.1" 200 25728
152.red-2-138-243.dynamicip.rima-tde.net - - [04/Oct/2017:01:32:51 +0200] "GET /js/functions_stripped.js?v=6.6.7.2.41064 HTTP/1.1" 200 7672
152.red-2-138-243.dynamicip.rima-tde.net - - [04/Oct/2017:01:32:52 +0200] "GET /Perspectiva.html? HTTP/1.1" 200 18069
152.red-2-138-243.dynamicip.rima-tde.net - - [04/Oct/2017:01:32:53 +0200] "GET /js/jquery.lazyload.min.js?v=6.6.7.2.41064 HTTP/1.1" 200 3342
152.red-2-138-243.dynamicip.rima-tde.net - - [04/Oct/2017:01:32:54 +0200] "GET /aktuelles-wetter HTTP/1.1" 200 18388
ip165.ip-192-99-119.net - - [04/Oct/2017:01:33:25 +0200] "GET /%C3%BCber-uns.shtml HTTP/1.1" 200 21862
ip165.ip-192-99-119.net - - [04/Oct/2017:01:33:25 +0200] "GET / HTTP/1.1" 200 35804
ip165.ip-192-99-119.net - - [04/Oct/2017:01:33:26 +0200] "GET /davosersee.shtml HTTP/1.1" 200 19505
ip165.ip-192-99-119.net - - [04/Oct/2017:01:33:26 +0200] "GET /aktuelles-wetter.shtml HTTP/1.1" 200 18388
ip165.ip-192-99-119.net - - [04/Oct/2017:01:33:27 +0200] "GET /event-gruppesmartkat.shtml HTTP/1.1" 200 21256
ip165.ip-192-99-119.net - - [04/Oct/2017:01:33:28 +0200] "GET /event-pedalo.shtml HTTP/1.1" 200 20248
ip165.ip-192-99-119.net - - [04/Oct/2017:01:33:28 +0200] "GET /events.shtml HTTP/1.1" 200 22514
ip165.ip-192-99-119.net - - [04/Oct/2017:01:33:28 +0200] "GET /event-matchracing.shtml HTTP/1.1" 200 21251
ip165.ip-192-99-119.net - - [04/Oct/2017:01:33:29 +0200] "GET /flotte.shtml HTTP/1.1" 200 29241
ip165.ip-192-99-119.net - - [04/Oct/2017:01:33:29 +0200] "GET /galerie-gruppesmartkat.shtml HTTP/1.1" 200 20574
ip165.ip-192-99-119.net - - [04/Oct/2017:01:33:30 +0200] "GET /galerie-sktrophy-2015.shtml HTTP/1.1" 200 49420
ip165.ip-192-99-119.net - - [04/Oct/2017:01:33:30 +0200] "GET /galerie-sktrophy-2014.shtml HTTP/1.1" 200 29913
ip165.ip-192-99-119.net - - [04/Oct/2017:01:33:30 +0200] "GET /galerie-matchracing.shtml HTTP/1.1" 200 21704
ip165.ip-192-99-119.net - - [04/Oct/2017:01:33:31 +0200] "GET /kinder-segelkurs.shtml HTTP/1.1" 200 19898
ip165.ip-192-99-119.net - - [04/Oct/2017:01:33:31 +0200] "GET /kursanmeldung.shtml HTTP/1.1" 200 49926
ip165.ip-192-99-119.net - - [04/Oct/2017:01:33:31 +0200] "GET /galerie.shtml HTTP/1.1" 200 22747
ip165.ip-192-99-119.net - - [04/Oct/2017:01:33:32 +0200] "GET /optikurse-2014.shtml HTTP/1.1" 200 26353
ip165.ip-192-99-119.net - - [04/Oct/2017:01:33:32 +0200] "GET /kurse.shtml HTTP/1.1" 200 31031
ip165.ip-192-99-119.net - - [04/Oct/2017:01:33:33 +0200] "GET /pruefungskurs.shtml HTTP/1.1" 200 23039
ip165.ip-192-99-119.net - - [04/Oct/2017:01:33:33 +0200] "GET /segelkurs-jollesmartkat.shtml HTTP/1.1" 200 19993
ip165.ip-192-99-119.net - - [04/Oct/2017:01:33:33 +0200] "GET /segel-grundkurs.shtml HTTP/1.1" 200 21440
ip165.ip-192-99-119.net - - [04/Oct/2017:01:33:34 +0200] "GET /vermietung.shtml HTTP/1.1" 200 25728
ip165.ip-192-99-119.net - - [04/Oct/2017:01:33:34 +0200] "GET /standort.shtml HTTP/1.1" 200 17547
ip165.ip-192-99-119.net - - [04/Oct/2017:01:33:34 +0200] "GET /smartkat-crashkurs.shtml HTTP/1.1" 200 17863
ip165.ip-192-99-119.net - - [04/Oct/2017:01:33:35 +0200] "GET /js/functions_stripped.js?v=6.6.7.2.41064 HTTP/1.1" 200 7672
ip165.ip-192-99-119.net - - [04/Oct/2017:01:33:35 +0200] "GET /Perspectiva.html? HTTP/1.1" 200 18069
ip165.ip-192-99-119.net - - [04/Oct/2017:01:33:36 +0200] "GET /aktuelles-wetter HTTP/1.1" 200 18388
ip165.ip-192-99-119.net - - [04/Oct/2017:01:33:36 +0200] "GET /js/jquery.lazyload.min.js?v=6.6.7.2.41064 HTTP/1.1" 200 3342
