188-163-78-55.broadband.kyivstar.net - - [22/Nov/2017:02:01:45 +0100] "GET / HTTP/1.1" 200 35804
188-163-78-55.broadband.kyivstar.net - - [22/Nov/2017:02:01:46 +0100] "GET / HTTP/1.1" 200 35804
188-163-78-55.broadband.kyivstar.net - - [22/Nov/2017:02:01:49 +0100] "GET / HTTP/1.1" 200 35804
msnbot-207-46-13-10.search.msn.com - - [22/Nov/2017:02:18:30 +0100] "GET /var/m_0/0d/0dd/12455/7441141-37_Pedalo.jpg HTTP/1.1" 200 195132
msnbot-207-46-13-10.search.msn.com - - [22/Nov/2017:02:19:09 +0100] "GET /robots.txt HTTP/1.1" 200 80
msnbot-207-46-13-10.search.msn.com - - [22/Nov/2017:02:19:19 +0100] "GET /js/footer/get_deps.min.js?v=6.6.7.2.41064 HTTP/1.1" 200 157
msnbot-207-46-13-10.search.msn.com - - [22/Nov/2017:02:19:19 +0100] "GET /css/skeleton.css HTTP/1.1" 200 3511
msnbot-207-46-13-10.search.msn.com - - [22/Nov/2017:02:19:20 +0100] "GET /js/jquery.lazyload.min.js?v=6.6.7.2.41064 HTTP/1.1" 200 1283
msnbot-207-46-13-10.search.msn.com - - [22/Nov/2017:02:19:20 +0100] "GET /templates/creator/m_f/fa/fa7/164/assets/respond.min.js?v=1483633820 HTTP/1.1" 200 2085
msnbot-40-77-167-27.search.msn.com - - [22/Nov/2017:02:19:21 +0100] "GET /templates/creator/m_f/fa/fa7/164/assets/wp-menu.js?v=1483633820 HTTP/1.1" 200 1089
msnbot-40-77-167-27.search.msn.com - - [22/Nov/2017:02:19:21 +0100] "GET /js/footer/build_social_entries.min.js?v=6.6.7.2.41064 HTTP/1.1" 200 278
msnbot-40-77-167-27.search.msn.com - - [22/Nov/2017:02:19:21 +0100] "GET /js/functions_stripped.js?v=6.6.7.2.41064 HTTP/1.1" 200 3186
msnbot-40-77-167-27.search.msn.com - - [22/Nov/2017:02:19:22 +0100] "GET /templates/creator/m_f/fa/fa7/164/css/main.min.css?v=1483633820 HTTP/1.1" 200 1797
msnbot-40-77-167-27.search.msn.com - - [22/Nov/2017:02:19:22 +0100] "GET /templates/creator/m_f/fa/fa7/164/css/style.min.css?v=1483633820 HTTP/1.1" 200 847
msnbot-207-46-13-86.search.msn.com - - [22/Nov/2017:02:19:23 +0100] "GET /css/widgets/concat_widget.min.css?v=6.6.7.2.41064 HTTP/1.1" 200 24507
msnbot-157-55-39-205.search.msn.com - - [22/Nov/2017:02:19:29 +0100] "GET /templates/creator/m_f/fa/fa7/164/assets/slide.js?v=1483633820 HTTP/1.1" 200 662
37-115-190-154.broadband.kyivstar.net - - [22/Nov/2017:02:42:28 +0100] "GET / HTTP/1.1" 200 35804
37-115-190-154.broadband.kyivstar.net - - [22/Nov/2017:02:42:29 +0100] "GET / HTTP/1.1" 200 35804
37-115-190-154.broadband.kyivstar.net - - [22/Nov/2017:02:42:30 +0100] "GET / HTTP/1.1" 200 35804
ec2-54-67-67-222.us-west-1.compute.amazonaws.com - - [22/Nov/2017:02:59:37 +0100] "GET / HTTP/1.1" 200 6440
