244.pool85-59-110.dynamic.orange.es - - [06/Nov/2017:04:13:42 +0100] "GET /%C3%BCber-uns.shtml HTTP/1.1" 200 21862
244.pool85-59-110.dynamic.orange.es - - [06/Nov/2017:04:13:42 +0100] "GET / HTTP/1.1" 200 35804
244.pool85-59-110.dynamic.orange.es - - [06/Nov/2017:04:13:43 +0100] "GET /aktuelles-wetter.shtml HTTP/1.1" 200 18388
244.pool85-59-110.dynamic.orange.es - - [06/Nov/2017:04:13:43 +0100] "GET /davosersee.shtml HTTP/1.1" 200 19505
244.pool85-59-110.dynamic.orange.es - - [06/Nov/2017:04:13:44 +0100] "GET /event-gruppesmartkat.shtml HTTP/1.1" 200 21256
244.pool85-59-110.dynamic.orange.es - - [06/Nov/2017:04:13:44 +0100] "GET /event-matchracing.shtml HTTP/1.1" 200 21251
244.pool85-59-110.dynamic.orange.es - - [06/Nov/2017:04:13:44 +0100] "GET /event-pedalo.shtml HTTP/1.1" 200 20248
244.pool85-59-110.dynamic.orange.es - - [06/Nov/2017:04:13:45 +0100] "GET /events.shtml HTTP/1.1" 200 22514
244.pool85-59-110.dynamic.orange.es - - [06/Nov/2017:04:13:45 +0100] "GET /flotte.shtml HTTP/1.1" 200 29241
244.pool85-59-110.dynamic.orange.es - - [06/Nov/2017:04:13:46 +0100] "GET /galerie-matchracing.shtml HTTP/1.1" 200 21704
244.pool85-59-110.dynamic.orange.es - - [06/Nov/2017:04:13:46 +0100] "GET /galerie-gruppesmartkat.shtml HTTP/1.1" 200 20574
244.pool85-59-110.dynamic.orange.es - - [06/Nov/2017:04:13:47 +0100] "GET /galerie-sktrophy-2015.shtml HTTP/1.1" 200 49420
244.pool85-59-110.dynamic.orange.es - - [06/Nov/2017:04:13:47 +0100] "GET /galerie-sktrophy-2014.shtml HTTP/1.1" 200 29913
244.pool85-59-110.dynamic.orange.es - - [06/Nov/2017:04:13:47 +0100] "GET /galerie.shtml HTTP/1.1" 200 22747
244.pool85-59-110.dynamic.orange.es - - [06/Nov/2017:04:13:48 +0100] "GET /kinder-segelkurs.shtml HTTP/1.1" 200 19898
244.pool85-59-110.dynamic.orange.es - - [06/Nov/2017:04:13:48 +0100] "GET /kursanmeldung.shtml HTTP/1.1" 200 49926
244.pool85-59-110.dynamic.orange.es - - [06/Nov/2017:04:13:48 +0100] "GET /kurse.shtml HTTP/1.1" 200 31031
244.pool85-59-110.dynamic.orange.es - - [06/Nov/2017:04:13:49 +0100] "GET /segel-grundkurs.shtml HTTP/1.1" 200 21440
244.pool85-59-110.dynamic.orange.es - - [06/Nov/2017:04:13:49 +0100] "GET /optikurse-2014.shtml HTTP/1.1" 200 26353
244.pool85-59-110.dynamic.orange.es - - [06/Nov/2017:04:13:49 +0100] "GET /pruefungskurs.shtml HTTP/1.1" 200 23039
244.pool85-59-110.dynamic.orange.es - - [06/Nov/2017:04:13:50 +0100] "GET /segelkurs-jollesmartkat.shtml HTTP/1.1" 200 19993
244.pool85-59-110.dynamic.orange.es - - [06/Nov/2017:04:13:50 +0100] "GET /smartkat-crashkurs.shtml HTTP/1.1" 200 17863
244.pool85-59-110.dynamic.orange.es - - [06/Nov/2017:04:13:50 +0100] "GET /vermietung.shtml HTTP/1.1" 200 25728
244.pool85-59-110.dynamic.orange.es - - [06/Nov/2017:04:13:50 +0100] "GET /standort.shtml HTTP/1.1" 200 17547
244.pool85-59-110.dynamic.orange.es - - [06/Nov/2017:04:13:51 +0100] "GET /Perspectiva.html? HTTP/1.1" 200 18069
244.pool85-59-110.dynamic.orange.es - - [06/Nov/2017:04:13:51 +0100] "GET /js/functions_stripped.js?v=6.6.7.2.41064 HTTP/1.1" 200 7672
244.pool85-59-110.dynamic.orange.es - - [06/Nov/2017:04:13:51 +0100] "GET /js/jquery.lazyload.min.js?v=6.6.7.2.41064 HTTP/1.1" 200 3342
244.pool85-59-110.dynamic.orange.es - - [06/Nov/2017:04:13:52 +0100] "GET /davosersee HTTP/1.1" 200 19505
244.pool85-59-110.dynamic.orange.es - - [06/Nov/2017:04:13:52 +0100] "GET /aktuelles-wetter HTTP/1.1" 200 18388
244.pool85-59-110.dynamic.orange.es - - [06/Nov/2017:04:13:52 +0100] "GET /event-gruppesmartkat HTTP/1.1" 200 21256
244.pool85-59-110.dynamic.orange.es - - [06/Nov/2017:04:13:53 +0100] "GET /events HTTP/1.1" 200 22514
244.pool85-59-110.dynamic.orange.es - - [06/Nov/2017:04:13:53 +0100] "GET /event-pedalo HTTP/1.1" 200 20248
244.pool85-59-110.dynamic.orange.es - - [06/Nov/2017:04:13:53 +0100] "GET /flotte HTTP/1.1" 200 29385
244.pool85-59-110.dynamic.orange.es - - [06/Nov/2017:04:13:53 +0100] "GET /event-matchracing HTTP/1.1" 200 21251
244.pool85-59-110.dynamic.orange.es - - [06/Nov/2017:04:13:54 +0100] "GET /galerie-matchracing HTTP/1.1" 200 21704
244.pool85-59-110.dynamic.orange.es - - [06/Nov/2017:04:13:54 +0100] "GET /galerie-sktrophy-2014 HTTP/1.1" 200 29913
244.pool85-59-110.dynamic.orange.es - - [06/Nov/2017:04:13:54 +0100] "GET /galerie-gruppesmartkat HTTP/1.1" 200 20574
244.pool85-59-110.dynamic.orange.es - - [06/Nov/2017:04:13:55 +0100] "GET /galerie HTTP/1.1" 200 22747
244.pool85-59-110.dynamic.orange.es - - [06/Nov/2017:04:13:55 +0100] "GET /galerie-sktrophy-2015 HTTP/1.1" 200 49420
244.pool85-59-110.dynamic.orange.es - - [06/Nov/2017:04:13:56 +0100] "GET /kinder-segelkurs HTTP/1.1" 200 19898
244.pool85-59-110.dynamic.orange.es - - [06/Nov/2017:04:13:56 +0100] "GET /kurse HTTP/1.1" 200 31031
244.pool85-59-110.dynamic.orange.es - - [06/Nov/2017:04:13:57 +0100] "GET /pruefungskurs HTTP/1.1" 200 23039
244.pool85-59-110.dynamic.orange.es - - [06/Nov/2017:04:13:57 +0100] "GET /optikurse-2014 HTTP/1.1" 200 26353
msnbot-157-55-39-28.search.msn.com - - [06/Nov/2017:04:18:49 +0100] "GET /robots.txt HTTP/1.1" 200 80
msnbot-157-55-39-241.search.msn.com - - [06/Nov/2017:04:18:59 +0100] "GET / HTTP/1.1" 200 6440
msnbot-40-77-167-51.search.msn.com - - [06/Nov/2017:04:22:53 +0100] "GET / HTTP/1.1" 200 6440
crawl-66-249-64-29.googlebot.com - - [06/Nov/2017:04:45:52 +0100] "GET /robots.txt HTTP/1.1" 200 80
crawl-66-249-64-30.googlebot.com - - [06/Nov/2017:04:47:38 +0100] "GET /galerie HTTP/1.1" 200 4483
ip133.ip-144-217-213.net - - [06/Nov/2017:04:47:50 +0100] "GET /%C3%BCber-uns.shtml HTTP/1.1" 200 21862
ip133.ip-144-217-213.net - - [06/Nov/2017:04:47:50 +0100] "GET / HTTP/1.1" 200 35804
ip133.ip-144-217-213.net - - [06/Nov/2017:04:47:51 +0100] "GET /aktuelles-wetter.shtml HTTP/1.1" 200 18388
ip133.ip-144-217-213.net - - [06/Nov/2017:04:47:51 +0100] "GET /event-gruppesmartkat.shtml HTTP/1.1" 200 21256
ip133.ip-144-217-213.net - - [06/Nov/2017:04:47:51 +0100] "GET /davosersee.shtml HTTP/1.1" 200 19505
ip133.ip-144-217-213.net - - [06/Nov/2017:04:47:52 +0100] "GET /flotte.shtml HTTP/1.1" 200 29241
ip133.ip-144-217-213.net - - [06/Nov/2017:04:47:51 +0100] "GET /event-matchracing.shtml HTTP/1.1" 200 21251
ip133.ip-144-217-213.net - - [06/Nov/2017:04:47:52 +0100] "GET /galerie-matchracing.shtml HTTP/1.1" 200 21704
ip133.ip-144-217-213.net - - [06/Nov/2017:04:47:52 +0100] "GET /event-pedalo.shtml HTTP/1.1" 200 20248
ip133.ip-144-217-213.net - - [06/Nov/2017:04:47:52 +0100] "GET /galerie-gruppesmartkat.shtml HTTP/1.1" 200 20574
ip133.ip-144-217-213.net - - [06/Nov/2017:04:47:52 +0100] "GET /events.shtml HTTP/1.1" 200 22514
ip133.ip-144-217-213.net - - [06/Nov/2017:04:47:53 +0100] "GET /galerie-sktrophy-2015.shtml HTTP/1.1" 200 49420
ip133.ip-144-217-213.net - - [06/Nov/2017:04:47:53 +0100] "GET /kinder-segelkurs.shtml HTTP/1.1" 200 19898
ip133.ip-144-217-213.net - - [06/Nov/2017:04:47:53 +0100] "GET /galerie-sktrophy-2014.shtml HTTP/1.1" 200 29913
ip133.ip-144-217-213.net - - [06/Nov/2017:04:47:53 +0100] "GET /kursanmeldung.shtml HTTP/1.1" 200 49926
ip133.ip-144-217-213.net - - [06/Nov/2017:04:47:53 +0100] "GET /galerie.shtml HTTP/1.1" 200 22747
ip133.ip-144-217-213.net - - [06/Nov/2017:04:47:54 +0100] "GET /pruefungskurs.shtml HTTP/1.1" 200 23039
ip133.ip-144-217-213.net - - [06/Nov/2017:04:47:54 +0100] "GET /optikurse-2014.shtml HTTP/1.1" 200 26353
ip133.ip-144-217-213.net - - [06/Nov/2017:04:47:54 +0100] "GET /segelkurs-jollesmartkat.shtml HTTP/1.1" 200 19993
ip133.ip-144-217-213.net - - [06/Nov/2017:04:47:54 +0100] "GET /kurse.shtml HTTP/1.1" 200 31031
ip133.ip-144-217-213.net - - [06/Nov/2017:04:47:54 +0100] "GET /segel-grundkurs.shtml HTTP/1.1" 200 21440
ip133.ip-144-217-213.net - - [06/Nov/2017:04:47:55 +0100] "GET /vermietung.shtml HTTP/1.1" 200 25728
ip133.ip-144-217-213.net - - [06/Nov/2017:04:47:55 +0100] "GET /standort.shtml HTTP/1.1" 200 17547
ip133.ip-144-217-213.net - - [06/Nov/2017:04:47:55 +0100] "GET /smartkat-crashkurs.shtml HTTP/1.1" 200 17863
ip133.ip-144-217-213.net - - [06/Nov/2017:04:47:56 +0100] "GET /js/functions_stripped.js?v=6.6.7.2.41064 HTTP/1.1" 200 7672
ip133.ip-144-217-213.net - - [06/Nov/2017:04:47:56 +0100] "GET /Perspectiva.html? HTTP/1.1" 200 18069
ip133.ip-144-217-213.net - - [06/Nov/2017:04:47:56 +0100] "GET /js/jquery.lazyload.min.js?v=6.6.7.2.41064 HTTP/1.1" 200 3342
ip133.ip-144-217-213.net - - [06/Nov/2017:04:47:57 +0100] "GET /event-matchracing HTTP/1.1" 200 21251
ip133.ip-144-217-213.net - - [06/Nov/2017:04:47:57 +0100] "GET /aktuelles-wetter HTTP/1.1" 200 18388
ip133.ip-144-217-213.net - - [06/Nov/2017:04:47:57 +0100] "GET /davosersee HTTP/1.1" 200 19505
ip133.ip-144-217-213.net - - [06/Nov/2017:04:47:57 +0100] "GET /event-gruppesmartkat HTTP/1.1" 200 21256
ip133.ip-144-217-213.net - - [06/Nov/2017:04:47:57 +0100] "GET /event-pedalo HTTP/1.1" 200 20248
ip133.ip-144-217-213.net - - [06/Nov/2017:04:47:58 +0100] "GET /galerie-sktrophy-2014 HTTP/1.1" 200 29913
ip133.ip-144-217-213.net - - [06/Nov/2017:04:47:58 +0100] "GET /events HTTP/1.1" 200 22514
ip133.ip-144-217-213.net - - [06/Nov/2017:04:47:58 +0100] "GET /flotte HTTP/1.1" 200 29385
ip133.ip-144-217-213.net - - [06/Nov/2017:04:47:58 +0100] "GET /galerie-gruppesmartkat HTTP/1.1" 200 20574
ip133.ip-144-217-213.net - - [06/Nov/2017:04:47:58 +0100] "GET /galerie-matchracing HTTP/1.1" 200 21704
ip133.ip-144-217-213.net - - [06/Nov/2017:04:47:59 +0100] "GET /galerie HTTP/1.1" 200 22747
ip133.ip-144-217-213.net - - [06/Nov/2017:04:47:59 +0100] "GET /kinder-segelkurs HTTP/1.1" 200 19898
ip133.ip-144-217-213.net - - [06/Nov/2017:04:47:59 +0100] "GET /galerie-sktrophy-2015 HTTP/1.1" 200 49420
ip133.ip-144-217-213.net - - [06/Nov/2017:04:48:00 +0100] "GET /optikurse-2014 HTTP/1.1" 200 26353
ip133.ip-144-217-213.net - - [06/Nov/2017:04:47:59 +0100] "GET /kurse HTTP/1.1" 200 31031
ip133.ip-144-217-213.net - - [06/Nov/2017:04:48:01 +0100] "GET /pruefungskurs HTTP/1.1" 200 23039
