static-ip-85-25-236-93.inaddr.ip-pool.com - - [05/Nov/2017:02:01:55 +0100] "GET /pruefungskurs.shtml HTTP/1.1" 200 5895
static-ip-85-25-236-93.inaddr.ip-pool.com - - [05/Nov/2017:02:01:57 +0100] "GET /css/widgets/concat_widget.min.css?v=6.6.7.2.41064 HTTP/1.1" 200 24507
static-ip-85-25-236-93.inaddr.ip-pool.com - - [05/Nov/2017:02:04:08 +0100] "GET /templates/creator/m_f/fa/fa7/164/css/main.min.css?v=1483633820 HTTP/1.1" 200 1797
static-ip-85-25-236-93.inaddr.ip-pool.com - - [05/Nov/2017:02:04:48 +0100] "GET /pruefungskurs.shtml HTTP/1.1" 200 5895
static-ip-85-25-236-93.inaddr.ip-pool.com - - [05/Nov/2017:02:04:48 +0100] "GET /css/widgets/concat_widget.min.css?v=6.6.7.2.41064 HTTP/1.1" 200 24507
static-ip-85-25-236-93.inaddr.ip-pool.com - - [05/Nov/2017:02:04:48 +0100] "GET /templates/creator/m_f/fa/fa7/164/css/style.min.css?v=1483633820 HTTP/1.1" 200 847
static-ip-85-25-236-93.inaddr.ip-pool.com - - [05/Nov/2017:02:04:48 +0100] "GET /js/footer/get_deps.min.js?v=6.6.7.2.41064 HTTP/1.1" 200 157
static-ip-85-25-236-93.inaddr.ip-pool.com - - [05/Nov/2017:02:04:49 +0100] "GET /js/footer/build_social_entries.min.js?v=6.6.7.2.41064 HTTP/1.1" 200 278
static-ip-85-25-236-93.inaddr.ip-pool.com - - [05/Nov/2017:02:04:49 +0100] "GET /templates/creator/m_f/fa/fa7/164/assets/wp-menu.js?v=1483633820 HTTP/1.1" 200 1089
static-ip-85-25-236-93.inaddr.ip-pool.com - - [05/Nov/2017:02:04:49 +0100] "GET /templates/creator/m_f/fa/fa7/164/assets/respond.min.js?v=1483633820 HTTP/1.1" 200 2085
static-ip-85-25-236-93.inaddr.ip-pool.com - - [05/Nov/2017:02:04:49 +0100] "GET /templates/creator/m_f/fa/fa7/164/assets/slide.js?v=1483633820 HTTP/1.1" 200 662
static-ip-85-25-236-93.inaddr.ip-pool.com - - [05/Nov/2017:02:04:49 +0100] "GET /js/functions_stripped.js?v=6.6.7.2.41064 HTTP/1.1" 200 3186
static-ip-85-25-236-93.inaddr.ip-pool.com - - [05/Nov/2017:02:05:52 +0100] "GET /templates/creator/m_f/fa/fa7/164/css/main.min.css?v=1483633820 HTTP/1.1" 200 1797
static-ip-85-25-236-93.inaddr.ip-pool.com - - [05/Nov/2017:02:06:09 +0100] "GET /templates/creator/m_f/fa/fa7/164/css/style.min.css?v=1483633820 HTTP/1.1" 200 847
static-ip-85-25-236-93.inaddr.ip-pool.com - - [05/Nov/2017:02:06:09 +0100] "GET /css/skeleton.css HTTP/1.1" 200 3511
static-ip-85-25-236-93.inaddr.ip-pool.com - - [05/Nov/2017:02:06:20 +0100] "GET /segel-grundkurs.shtml HTTP/1.1" 200 5378
static-ip-85-25-236-93.inaddr.ip-pool.com - - [05/Nov/2017:02:06:22 +0100] "GET /css/widgets/concat_widget.min.css?v=6.6.7.2.41064 HTTP/1.1" 200 24507
static-ip-85-25-236-93.inaddr.ip-pool.com - - [05/Nov/2017:02:06:35 +0100] "GET /templates/creator/m_f/fa/fa7/164/css/main.min.css?v=1483633820 HTTP/1.1" 200 1797
static-ip-85-25-236-93.inaddr.ip-pool.com - - [05/Nov/2017:02:06:37 +0100] "GET /templates/creator/m_f/fa/fa7/164/css/style.min.css?v=1483633820 HTTP/1.1" 200 847
static-ip-85-25-236-93.inaddr.ip-pool.com - - [05/Nov/2017:02:06:37 +0100] "GET /js/footer/get_deps.min.js?v=6.6.7.2.41064 HTTP/1.1" 200 157
static-ip-85-25-236-93.inaddr.ip-pool.com - - [05/Nov/2017:02:06:37 +0100] "GET /js/footer/build_social_entries.min.js?v=6.6.7.2.41064 HTTP/1.1" 200 278
static-ip-85-25-236-93.inaddr.ip-pool.com - - [05/Nov/2017:02:06:38 +0100] "GET /templates/creator/m_f/fa/fa7/164/assets/wp-menu.js?v=1483633820 HTTP/1.1" 200 1089
static-ip-85-25-236-93.inaddr.ip-pool.com - - [05/Nov/2017:02:06:38 +0100] "GET /templates/creator/m_f/fa/fa7/164/assets/respond.min.js?v=1483633820 HTTP/1.1" 200 2085
static-ip-85-25-236-93.inaddr.ip-pool.com - - [05/Nov/2017:02:06:38 +0100] "GET /templates/creator/m_f/fa/fa7/164/assets/slide.js?v=1483633820 HTTP/1.1" 200 662
static-ip-85-25-236-93.inaddr.ip-pool.com - - [05/Nov/2017:02:06:38 +0100] "GET /js/functions_stripped.js?v=6.6.7.2.41064 HTTP/1.1" 200 3186
static-ip-85-25-236-93.inaddr.ip-pool.com - - [05/Nov/2017:02:06:38 +0100] "GET /css/skeleton.css HTTP/1.1" 200 3511
static-ip-85-25-236-93.inaddr.ip-pool.com - - [05/Nov/2017:02:07:12 +0100] "GET /segelkurs-jollesmartkat.shtml HTTP/1.1" 200 5139
static-ip-85-25-236-93.inaddr.ip-pool.com - - [05/Nov/2017:02:07:14 +0100] "GET /css/widgets/concat_widget.min.css?v=6.6.7.2.41064 HTTP/1.1" 200 24507
static-ip-85-25-236-93.inaddr.ip-pool.com - - [05/Nov/2017:02:08:38 +0100] "GET /templates/creator/m_f/fa/fa7/164/css/main.min.css?v=1483633820 HTTP/1.1" 200 1797
static-ip-85-25-236-93.inaddr.ip-pool.com - - [05/Nov/2017:02:08:38 +0100] "GET /templates/creator/m_f/fa/fa7/164/css/style.min.css?v=1483633820 HTTP/1.1" 200 847
static-ip-85-25-236-93.inaddr.ip-pool.com - - [05/Nov/2017:02:08:38 +0100] "GET /js/footer/get_deps.min.js?v=6.6.7.2.41064 HTTP/1.1" 200 157
static-ip-85-25-236-93.inaddr.ip-pool.com - - [05/Nov/2017:02:08:53 +0100] "GET /js/footer/build_social_entries.min.js?v=6.6.7.2.41064 HTTP/1.1" 200 278
static-ip-85-25-236-93.inaddr.ip-pool.com - - [05/Nov/2017:02:08:53 +0100] "GET /templates/creator/m_f/fa/fa7/164/assets/wp-menu.js?v=1483633820 HTTP/1.1" 200 1089
static-ip-85-25-236-93.inaddr.ip-pool.com - - [05/Nov/2017:02:08:53 +0100] "GET /templates/creator/m_f/fa/fa7/164/assets/respond.min.js?v=1483633820 HTTP/1.1" 200 2085
static-ip-85-25-236-93.inaddr.ip-pool.com - - [05/Nov/2017:02:08:53 +0100] "GET /templates/creator/m_f/fa/fa7/164/assets/slide.js?v=1483633820 HTTP/1.1" 200 662
static-ip-85-25-236-93.inaddr.ip-pool.com - - [05/Nov/2017:02:08:53 +0100] "GET /js/functions_stripped.js?v=6.6.7.2.41064 HTTP/1.1" 200 3186
static-ip-85-25-236-93.inaddr.ip-pool.com - - [05/Nov/2017:02:08:53 +0100] "GET /css/skeleton.css HTTP/1.1" 200 3511
static-ip-85-25-236-93.inaddr.ip-pool.com - - [05/Nov/2017:02:09:03 +0100] "GET /kinder-segelkurs.shtml HTTP/1.1" 200 5171
static-ip-85-25-236-93.inaddr.ip-pool.com - - [05/Nov/2017:02:09:04 +0100] "GET /css/widgets/concat_widget.min.css?v=6.6.7.2.41064 HTTP/1.1" 200 24507
static-ip-85-25-236-93.inaddr.ip-pool.com - - [05/Nov/2017:02:09:18 +0100] "GET /templates/creator/m_f/fa/fa7/164/css/main.min.css?v=1483633820 HTTP/1.1" 200 1797
static-ip-85-25-236-93.inaddr.ip-pool.com - - [05/Nov/2017:02:09:18 +0100] "GET /templates/creator/m_f/fa/fa7/164/css/style.min.css?v=1483633820 HTTP/1.1" 200 847
static-ip-85-25-236-93.inaddr.ip-pool.com - - [05/Nov/2017:02:09:18 +0100] "GET /js/footer/get_deps.min.js?v=6.6.7.2.41064 HTTP/1.1" 200 157
static-ip-85-25-236-93.inaddr.ip-pool.com - - [05/Nov/2017:02:09:18 +0100] "GET /js/footer/build_social_entries.min.js?v=6.6.7.2.41064 HTTP/1.1" 200 278
static-ip-85-25-236-93.inaddr.ip-pool.com - - [05/Nov/2017:02:09:19 +0100] "GET /templates/creator/m_f/fa/fa7/164/assets/wp-menu.js?v=1483633820 HTTP/1.1" 200 1089
static-ip-85-25-236-93.inaddr.ip-pool.com - - [05/Nov/2017:02:09:19 +0100] "GET /templates/creator/m_f/fa/fa7/164/assets/respond.min.js?v=1483633820 HTTP/1.1" 200 2085
static-ip-85-25-236-93.inaddr.ip-pool.com - - [05/Nov/2017:02:09:19 +0100] "GET /templates/creator/m_f/fa/fa7/164/assets/slide.js?v=1483633820 HTTP/1.1" 200 662
static-ip-85-25-236-93.inaddr.ip-pool.com - - [05/Nov/2017:02:09:19 +0100] "GET /js/functions_stripped.js?v=6.6.7.2.41064 HTTP/1.1" 200 3186
static-ip-85-25-236-93.inaddr.ip-pool.com - - [05/Nov/2017:02:09:19 +0100] "GET /css/skeleton.css HTTP/1.1" 200 3511
static-ip-85-25-236-93.inaddr.ip-pool.com - - [05/Nov/2017:02:09:49 +0100] "GET /davosersee.shtml HTTP/1.1" 200 5477
static-ip-85-25-236-93.inaddr.ip-pool.com - - [05/Nov/2017:02:09:53 +0100] "GET /css/widgets/concat_widget.min.css?v=6.6.7.2.41064 HTTP/1.1" 200 24507
static-ip-85-25-236-93.inaddr.ip-pool.com - - [05/Nov/2017:02:10:30 +0100] "GET /templates/creator/m_f/fa/fa7/164/css/main.min.css?v=1483633820 HTTP/1.1" 200 1797
static-ip-85-25-236-93.inaddr.ip-pool.com - - [05/Nov/2017:02:10:30 +0100] "GET /templates/creator/m_f/fa/fa7/164/css/style.min.css?v=1483633820 HTTP/1.1" 200 847
static-ip-85-25-236-93.inaddr.ip-pool.com - - [05/Nov/2017:02:10:31 +0100] "GET /js/footer/get_deps.min.js?v=6.6.7.2.41064 HTTP/1.1" 200 157
static-ip-85-25-236-93.inaddr.ip-pool.com - - [05/Nov/2017:02:10:31 +0100] "GET /js/footer/build_social_entries.min.js?v=6.6.7.2.41064 HTTP/1.1" 200 278
static-ip-85-25-236-93.inaddr.ip-pool.com - - [05/Nov/2017:02:10:31 +0100] "GET /templates/creator/m_f/fa/fa7/164/assets/wp-menu.js?v=1483633820 HTTP/1.1" 200 1089
static-ip-85-25-236-93.inaddr.ip-pool.com - - [05/Nov/2017:02:10:32 +0100] "GET /templates/creator/m_f/fa/fa7/164/assets/respond.min.js?v=1483633820 HTTP/1.1" 200 2085
static-ip-85-25-236-93.inaddr.ip-pool.com - - [05/Nov/2017:02:10:32 +0100] "GET /templates/creator/m_f/fa/fa7/164/assets/slide.js?v=1483633820 HTTP/1.1" 200 662
static-ip-85-25-236-93.inaddr.ip-pool.com - - [05/Nov/2017:02:10:32 +0100] "GET /js/functions_stripped.js?v=6.6.7.2.41064 HTTP/1.1" 200 3186
static-ip-85-25-236-93.inaddr.ip-pool.com - - [05/Nov/2017:02:10:32 +0100] "GET /css/skeleton.css HTTP/1.1" 200 3511
static-ip-85-25-236-93.inaddr.ip-pool.com - - [05/Nov/2017:02:10:39 +0100] "GET /%C3%BCber-uns.shtml HTTP/1.1" 200 4740
static-ip-85-25-236-93.inaddr.ip-pool.com - - [05/Nov/2017:02:10:40 +0100] "GET /css/widgets/concat_widget.min.css?v=6.6.7.2.41064 HTTP/1.1" 200 24507
static-ip-85-25-236-93.inaddr.ip-pool.com - - [05/Nov/2017:02:10:50 +0100] "GET /templates/creator/m_f/fa/fa7/164/css/main.min.css?v=1483633820 HTTP/1.1" 200 1797
static-ip-85-25-236-93.inaddr.ip-pool.com - - [05/Nov/2017:02:10:50 +0100] "GET /templates/creator/m_f/fa/fa7/164/css/style.min.css?v=1483633820 HTTP/1.1" 200 847
static-ip-85-25-236-93.inaddr.ip-pool.com - - [05/Nov/2017:02:10:50 +0100] "GET /js/footer/get_deps.min.js?v=6.6.7.2.41064 HTTP/1.1" 200 157
static-ip-85-25-236-93.inaddr.ip-pool.com - - [05/Nov/2017:02:10:50 +0100] "GET /js/footer/build_social_entries.min.js?v=6.6.7.2.41064 HTTP/1.1" 200 278
static-ip-85-25-236-93.inaddr.ip-pool.com - - [05/Nov/2017:02:10:50 +0100] "GET /templates/creator/m_f/fa/fa7/164/assets/wp-menu.js?v=1483633820 HTTP/1.1" 200 1089
static-ip-85-25-236-93.inaddr.ip-pool.com - - [05/Nov/2017:02:10:50 +0100] "GET /templates/creator/m_f/fa/fa7/164/assets/respond.min.js?v=1483633820 HTTP/1.1" 200 2085
static-ip-85-25-236-93.inaddr.ip-pool.com - - [05/Nov/2017:02:10:50 +0100] "GET /templates/creator/m_f/fa/fa7/164/assets/slide.js?v=1483633820 HTTP/1.1" 200 662
static-ip-85-25-236-93.inaddr.ip-pool.com - - [05/Nov/2017:02:10:51 +0100] "GET /js/functions_stripped.js?v=6.6.7.2.41064 HTTP/1.1" 200 3186
static-ip-85-25-236-93.inaddr.ip-pool.com - - [05/Nov/2017:02:10:51 +0100] "GET /js/jquery.lazyload.min.js?v=6.6.7.2.41064 HTTP/1.1" 200 1283
static-ip-85-25-236-93.inaddr.ip-pool.com - - [05/Nov/2017:02:10:51 +0100] "GET /css/skeleton.css HTTP/1.1" 200 3511
static-ip-85-25-236-93.inaddr.ip-pool.com - - [05/Nov/2017:02:11:14 +0100] "GET /vermietung.shtml HTTP/1.1" 200 5099
static-ip-85-25-236-93.inaddr.ip-pool.com - - [05/Nov/2017:02:11:14 +0100] "GET /css/widgets/concat_widget.min.css?v=6.6.7.2.41064 HTTP/1.1" 200 24507
static-ip-85-25-236-93.inaddr.ip-pool.com - - [05/Nov/2017:02:11:26 +0100] "GET /templates/creator/m_f/fa/fa7/164/css/main.min.css?v=1483633820 HTTP/1.1" 200 1797
static-ip-85-25-236-93.inaddr.ip-pool.com - - [05/Nov/2017:02:11:27 +0100] "GET /templates/creator/m_f/fa/fa7/164/css/style.min.css?v=1483633820 HTTP/1.1" 200 847
static-ip-85-25-236-93.inaddr.ip-pool.com - - [05/Nov/2017:02:11:27 +0100] "GET /js/footer/get_deps.min.js?v=6.6.7.2.41064 HTTP/1.1" 200 157
static-ip-85-25-236-93.inaddr.ip-pool.com - - [05/Nov/2017:02:11:27 +0100] "GET /js/footer/build_social_entries.min.js?v=6.6.7.2.41064 HTTP/1.1" 200 278
static-ip-85-25-236-93.inaddr.ip-pool.com - - [05/Nov/2017:02:11:30 +0100] "GET /templates/creator/m_f/fa/fa7/164/assets/wp-menu.js?v=1483633820 HTTP/1.1" 200 1089
static-ip-85-25-236-93.inaddr.ip-pool.com - - [05/Nov/2017:02:11:30 +0100] "GET /templates/creator/m_f/fa/fa7/164/assets/respond.min.js?v=1483633820 HTTP/1.1" 200 2085
static-ip-85-25-236-93.inaddr.ip-pool.com - - [05/Nov/2017:02:11:30 +0100] "GET /templates/creator/m_f/fa/fa7/164/assets/slide.js?v=1483633820 HTTP/1.1" 200 662
static-ip-85-25-236-93.inaddr.ip-pool.com - - [05/Nov/2017:02:11:30 +0100] "GET /js/functions_stripped.js?v=6.6.7.2.41064 HTTP/1.1" 200 3186
static-ip-85-25-236-93.inaddr.ip-pool.com - - [05/Nov/2017:02:11:30 +0100] "GET /js/jquery.lazyload.min.js?v=6.6.7.2.41064 HTTP/1.1" 200 1283
static-ip-85-25-236-93.inaddr.ip-pool.com - - [05/Nov/2017:02:11:30 +0100] "GET /css/skeleton.css HTTP/1.1" 200 3511
static-ip-85-25-236-93.inaddr.ip-pool.com - - [05/Nov/2017:02:12:05 +0100] "GET /flotte.shtml HTTP/1.1" 200 6274
static-ip-85-25-236-93.inaddr.ip-pool.com - - [05/Nov/2017:02:12:06 +0100] "GET /css/widgets/concat_widget.min.css?v=6.6.7.2.41064 HTTP/1.1" 200 24507
static-ip-85-25-236-93.inaddr.ip-pool.com - - [05/Nov/2017:02:12:36 +0100] "GET /templates/creator/m_f/fa/fa7/164/css/main.min.css?v=1483633820 HTTP/1.1" 200 1797
static-ip-85-25-236-93.inaddr.ip-pool.com - - [05/Nov/2017:02:12:36 +0100] "GET /templates/creator/m_f/fa/fa7/164/css/style.min.css?v=1483633820 HTTP/1.1" 200 847
static-ip-85-25-236-93.inaddr.ip-pool.com - - [05/Nov/2017:02:12:36 +0100] "GET /js/footer/get_deps.min.js?v=6.6.7.2.41064 HTTP/1.1" 200 157
static-ip-85-25-236-93.inaddr.ip-pool.com - - [05/Nov/2017:02:12:36 +0100] "GET /js/footer/build_social_entries.min.js?v=6.6.7.2.41064 HTTP/1.1" 200 278
static-ip-85-25-236-93.inaddr.ip-pool.com - - [05/Nov/2017:02:12:37 +0100] "GET /templates/creator/m_f/fa/fa7/164/assets/wp-menu.js?v=1483633820 HTTP/1.1" 200 1089
static-ip-85-25-236-93.inaddr.ip-pool.com - - [05/Nov/2017:02:12:37 +0100] "GET /templates/creator/m_f/fa/fa7/164/assets/respond.min.js?v=1483633820 HTTP/1.1" 200 2085
static-ip-85-25-236-93.inaddr.ip-pool.com - - [05/Nov/2017:02:12:37 +0100] "GET /templates/creator/m_f/fa/fa7/164/assets/slide.js?v=1483633820 HTTP/1.1" 200 662
static-ip-85-25-236-93.inaddr.ip-pool.com - - [05/Nov/2017:02:12:37 +0100] "GET /js/functions_stripped.js?v=6.6.7.2.41064 HTTP/1.1" 200 3186
static-ip-85-25-236-93.inaddr.ip-pool.com - - [05/Nov/2017:02:12:37 +0100] "GET /js/jquery.lazyload.min.js?v=6.6.7.2.41064 HTTP/1.1" 200 1283
static-ip-85-25-236-93.inaddr.ip-pool.com - - [05/Nov/2017:02:12:37 +0100] "GET /css/skeleton.css HTTP/1.1" 200 3511
static-ip-85-25-236-93.inaddr.ip-pool.com - - [05/Nov/2017:02:12:40 +0100] "GET /event-pedalo.shtml HTTP/1.1" 200 5342
static-ip-85-25-236-93.inaddr.ip-pool.com - - [05/Nov/2017:02:12:41 +0100] "GET /js/fancybox2/jquery.fancybox.min.css?v=6.6.7.2.41064 HTTP/1.1" 200 1020
static-ip-85-25-236-93.inaddr.ip-pool.com - - [05/Nov/2017:02:12:41 +0100] "GET /css/widgets/concat_widget.min.css?v=6.6.7.2.41064 HTTP/1.1" 200 24507
static-ip-85-25-236-93.inaddr.ip-pool.com - - [05/Nov/2017:02:12:56 +0100] "GET /templates/creator/m_f/fa/fa7/164/css/main.min.css?v=1483633820 HTTP/1.1" 200 1797
static-ip-85-25-236-93.inaddr.ip-pool.com - - [05/Nov/2017:02:12:57 +0100] "GET /templates/creator/m_f/fa/fa7/164/css/style.min.css?v=1483633820 HTTP/1.1" 200 847
static-ip-85-25-236-93.inaddr.ip-pool.com - - [05/Nov/2017:02:12:57 +0100] "GET /js/efu/main.min.js?v=6.6.7.2.41064 HTTP/1.1" 200 1746
static-ip-85-25-236-93.inaddr.ip-pool.com - - [05/Nov/2017:02:12:57 +0100] "GET /js/efu/w.gallery.min.js?v=6.6.7.2.41064 HTTP/1.1" 200 181
static-ip-85-25-236-93.inaddr.ip-pool.com - - [05/Nov/2017:02:12:57 +0100] "GET /js/fancybox2/jquery.fancybox.min.js?v=6.6.7.2.41064 HTTP/1.1" 200 6267
static-ip-85-25-236-93.inaddr.ip-pool.com - - [05/Nov/2017:02:12:57 +0100] "GET /js/footer/get_deps.min.js?v=6.6.7.2.41064 HTTP/1.1" 200 157
static-ip-85-25-236-93.inaddr.ip-pool.com - - [05/Nov/2017:02:12:57 +0100] "GET /js/footer/build_social_entries.min.js?v=6.6.7.2.41064 HTTP/1.1" 200 278
static-ip-85-25-236-93.inaddr.ip-pool.com - - [05/Nov/2017:02:12:58 +0100] "GET /templates/creator/m_f/fa/fa7/164/assets/wp-menu.js?v=1483633820 HTTP/1.1" 200 1089
static-ip-85-25-236-93.inaddr.ip-pool.com - - [05/Nov/2017:02:12:58 +0100] "GET /templates/creator/m_f/fa/fa7/164/assets/respond.min.js?v=1483633820 HTTP/1.1" 200 2085
static-ip-85-25-236-93.inaddr.ip-pool.com - - [05/Nov/2017:02:12:58 +0100] "GET /templates/creator/m_f/fa/fa7/164/assets/slide.js?v=1483633820 HTTP/1.1" 200 662
static-ip-85-25-236-93.inaddr.ip-pool.com - - [05/Nov/2017:02:12:58 +0100] "GET /js/functions_stripped.js?v=6.6.7.2.41064 HTTP/1.1" 200 3186
static-ip-85-25-236-93.inaddr.ip-pool.com - - [05/Nov/2017:02:12:58 +0100] "GET /js/jquery.lazyload.min.js?v=6.6.7.2.41064 HTTP/1.1" 200 1283
static-ip-85-25-236-93.inaddr.ip-pool.com - - [05/Nov/2017:02:12:58 +0100] "GET /js/galleryLightbox/gallery-paging.min.js?v=6.6.7.2.41064 HTTP/1.1" 200 1107
static-ip-85-25-236-93.inaddr.ip-pool.com - - [05/Nov/2017:02:12:58 +0100] "GET /css/skeleton.css HTTP/1.1" 200 3511
static-ip-85-25-236-93.inaddr.ip-pool.com - - [05/Nov/2017:02:13:23 +0100] "GET /event-matchracing.shtml HTTP/1.1" 200 5634
static-ip-85-25-236-93.inaddr.ip-pool.com - - [05/Nov/2017:02:13:25 +0100] "GET /js/fancybox2/jquery.fancybox.min.css?v=6.6.7.2.41064 HTTP/1.1" 200 1020
static-ip-85-25-236-93.inaddr.ip-pool.com - - [05/Nov/2017:02:13:25 +0100] "GET /css/widgets/concat_widget.min.css?v=6.6.7.2.41064 HTTP/1.1" 200 24507
static-ip-85-25-236-93.inaddr.ip-pool.com - - [05/Nov/2017:02:13:33 +0100] "GET /templates/creator/m_f/fa/fa7/164/css/main.min.css?v=1483633820 HTTP/1.1" 200 1797
static-ip-85-25-236-93.inaddr.ip-pool.com - - [05/Nov/2017:02:13:36 +0100] "GET /templates/creator/m_f/fa/fa7/164/css/style.min.css?v=1483633820 HTTP/1.1" 200 847
static-ip-85-25-236-93.inaddr.ip-pool.com - - [05/Nov/2017:02:13:36 +0100] "GET /js/efu/main.min.js?v=6.6.7.2.41064 HTTP/1.1" 200 1746
static-ip-85-25-236-93.inaddr.ip-pool.com - - [05/Nov/2017:02:13:36 +0100] "GET /js/efu/w.gallery.min.js?v=6.6.7.2.41064 HTTP/1.1" 200 181
static-ip-85-25-236-93.inaddr.ip-pool.com - - [05/Nov/2017:02:13:36 +0100] "GET /js/fancybox2/jquery.fancybox.min.js?v=6.6.7.2.41064 HTTP/1.1" 200 6267
static-ip-85-25-236-93.inaddr.ip-pool.com - - [05/Nov/2017:02:13:36 +0100] "GET /js/footer/get_deps.min.js?v=6.6.7.2.41064 HTTP/1.1" 200 157
static-ip-85-25-236-93.inaddr.ip-pool.com - - [05/Nov/2017:02:13:36 +0100] "GET /js/footer/build_social_entries.min.js?v=6.6.7.2.41064 HTTP/1.1" 200 278
static-ip-85-25-236-93.inaddr.ip-pool.com - - [05/Nov/2017:02:13:37 +0100] "GET /templates/creator/m_f/fa/fa7/164/assets/wp-menu.js?v=1483633820 HTTP/1.1" 200 1089
static-ip-85-25-236-93.inaddr.ip-pool.com - - [05/Nov/2017:02:13:37 +0100] "GET /templates/creator/m_f/fa/fa7/164/assets/respond.min.js?v=1483633820 HTTP/1.1" 200 2085
static-ip-85-25-236-93.inaddr.ip-pool.com - - [05/Nov/2017:02:13:37 +0100] "GET /templates/creator/m_f/fa/fa7/164/assets/slide.js?v=1483633820 HTTP/1.1" 200 662
static-ip-85-25-236-93.inaddr.ip-pool.com - - [05/Nov/2017:02:13:37 +0100] "GET /js/functions_stripped.js?v=6.6.7.2.41064 HTTP/1.1" 200 3186
static-ip-85-25-236-93.inaddr.ip-pool.com - - [05/Nov/2017:02:13:37 +0100] "GET /js/jquery.lazyload.min.js?v=6.6.7.2.41064 HTTP/1.1" 200 1283
static-ip-85-25-236-93.inaddr.ip-pool.com - - [05/Nov/2017:02:13:37 +0100] "GET /js/galleryLightbox/gallery-paging.min.js?v=6.6.7.2.41064 HTTP/1.1" 200 1107
static-ip-85-25-236-93.inaddr.ip-pool.com - - [05/Nov/2017:02:13:37 +0100] "GET /css/skeleton.css HTTP/1.1" 200 3511
static-ip-85-25-236-93.inaddr.ip-pool.com - - [05/Nov/2017:02:14:24 +0100] "GET /event-gruppesmartkat.shtml HTTP/1.1" 200 5645
static-ip-85-25-236-93.inaddr.ip-pool.com - - [05/Nov/2017:02:14:26 +0100] "GET /js/fancybox2/jquery.fancybox.min.css?v=6.6.7.2.41064 HTTP/1.1" 200 1020
static-ip-85-25-236-93.inaddr.ip-pool.com - - [05/Nov/2017:02:14:27 +0100] "GET /css/widgets/concat_widget.min.css?v=6.6.7.2.41064 HTTP/1.1" 200 24507
static-ip-85-25-236-93.inaddr.ip-pool.com - - [05/Nov/2017:02:14:38 +0100] "GET /templates/creator/m_f/fa/fa7/164/css/main.min.css?v=1483633820 HTTP/1.1" 200 1797
static-ip-85-25-236-93.inaddr.ip-pool.com - - [05/Nov/2017:02:14:38 +0100] "GET /templates/creator/m_f/fa/fa7/164/css/style.min.css?v=1483633820 HTTP/1.1" 200 847
static-ip-85-25-236-93.inaddr.ip-pool.com - - [05/Nov/2017:02:14:38 +0100] "GET /js/efu/main.min.js?v=6.6.7.2.41064 HTTP/1.1" 200 1746
static-ip-85-25-236-93.inaddr.ip-pool.com - - [05/Nov/2017:02:14:38 +0100] "GET /js/efu/w.gallery.min.js?v=6.6.7.2.41064 HTTP/1.1" 200 181
static-ip-85-25-236-93.inaddr.ip-pool.com - - [05/Nov/2017:02:14:38 +0100] "GET /js/fancybox2/jquery.fancybox.min.js?v=6.6.7.2.41064 HTTP/1.1" 200 6267
static-ip-85-25-236-93.inaddr.ip-pool.com - - [05/Nov/2017:02:14:38 +0100] "GET /js/footer/get_deps.min.js?v=6.6.7.2.41064 HTTP/1.1" 200 157
static-ip-85-25-236-93.inaddr.ip-pool.com - - [05/Nov/2017:02:14:38 +0100] "GET /js/footer/build_social_entries.min.js?v=6.6.7.2.41064 HTTP/1.1" 200 278
static-ip-85-25-236-93.inaddr.ip-pool.com - - [05/Nov/2017:02:14:39 +0100] "GET /templates/creator/m_f/fa/fa7/164/assets/wp-menu.js?v=1483633820 HTTP/1.1" 200 1089
static-ip-85-25-236-93.inaddr.ip-pool.com - - [05/Nov/2017:02:14:39 +0100] "GET /templates/creator/m_f/fa/fa7/164/assets/respond.min.js?v=1483633820 HTTP/1.1" 200 2085
static-ip-85-25-236-93.inaddr.ip-pool.com - - [05/Nov/2017:02:14:39 +0100] "GET /templates/creator/m_f/fa/fa7/164/assets/slide.js?v=1483633820 HTTP/1.1" 200 662
static-ip-85-25-236-93.inaddr.ip-pool.com - - [05/Nov/2017:02:14:39 +0100] "GET /js/functions_stripped.js?v=6.6.7.2.41064 HTTP/1.1" 200 3186
static-ip-85-25-236-93.inaddr.ip-pool.com - - [05/Nov/2017:02:14:39 +0100] "GET /js/jquery.lazyload.min.js?v=6.6.7.2.41064 HTTP/1.1" 200 1283
static-ip-85-25-236-93.inaddr.ip-pool.com - - [05/Nov/2017:02:14:39 +0100] "GET /js/galleryLightbox/gallery-paging.min.js?v=6.6.7.2.41064 HTTP/1.1" 200 1107
static-ip-85-25-236-93.inaddr.ip-pool.com - - [05/Nov/2017:02:14:39 +0100] "GET /css/skeleton.css HTTP/1.1" 200 3511
static-ip-85-25-236-93.inaddr.ip-pool.com - - [05/Nov/2017:02:15:36 +0100] "GET /events.shtml HTTP/1.1" 200 5297
static-ip-85-25-236-93.inaddr.ip-pool.com - - [05/Nov/2017:02:15:37 +0100] "GET /css/widgets/concat_widget.min.css?v=6.6.7.2.41064 HTTP/1.1" 200 24507
static-ip-85-25-236-93.inaddr.ip-pool.com - - [05/Nov/2017:02:15:51 +0100] "GET /templates/creator/m_f/fa/fa7/164/css/main.min.css?v=1483633820 HTTP/1.1" 200 1797
static-ip-85-25-236-93.inaddr.ip-pool.com - - [05/Nov/2017:02:15:51 +0100] "GET /templates/creator/m_f/fa/fa7/164/css/style.min.css?v=1483633820 HTTP/1.1" 200 847
static-ip-85-25-236-93.inaddr.ip-pool.com - - [05/Nov/2017:02:15:51 +0100] "GET /js/footer/get_deps.min.js?v=6.6.7.2.41064 HTTP/1.1" 200 157
static-ip-85-25-236-93.inaddr.ip-pool.com - - [05/Nov/2017:02:15:51 +0100] "GET /js/footer/build_social_entries.min.js?v=6.6.7.2.41064 HTTP/1.1" 200 278
static-ip-85-25-236-93.inaddr.ip-pool.com - - [05/Nov/2017:02:15:52 +0100] "GET /templates/creator/m_f/fa/fa7/164/assets/wp-menu.js?v=1483633820 HTTP/1.1" 200 1089
static-ip-85-25-236-93.inaddr.ip-pool.com - - [05/Nov/2017:02:15:54 +0100] "GET /templates/creator/m_f/fa/fa7/164/assets/respond.min.js?v=1483633820 HTTP/1.1" 200 2085
static-ip-85-25-236-93.inaddr.ip-pool.com - - [05/Nov/2017:02:15:54 +0100] "GET /templates/creator/m_f/fa/fa7/164/assets/slide.js?v=1483633820 HTTP/1.1" 200 662
static-ip-85-25-236-93.inaddr.ip-pool.com - - [05/Nov/2017:02:15:54 +0100] "GET /js/functions_stripped.js?v=6.6.7.2.41064 HTTP/1.1" 200 3186
static-ip-85-25-236-93.inaddr.ip-pool.com - - [05/Nov/2017:02:15:54 +0100] "GET /js/jquery.lazyload.min.js?v=6.6.7.2.41064 HTTP/1.1" 200 1283
static-ip-85-25-236-93.inaddr.ip-pool.com - - [05/Nov/2017:02:15:54 +0100] "GET /css/skeleton.css HTTP/1.1" 200 3511
static-ip-85-25-236-93.inaddr.ip-pool.com - - [05/Nov/2017:02:16:19 +0100] "GET /pruefungskurs.shtml HTTP/1.1" 200 5895
static-ip-85-25-236-93.inaddr.ip-pool.com - - [05/Nov/2017:02:16:24 +0100] "GET /css/widgets/concat_widget.min.css?v=6.6.7.2.41064 HTTP/1.1" 200 24507
static-ip-85-25-236-93.inaddr.ip-pool.com - - [05/Nov/2017:02:16:35 +0100] "GET /templates/creator/m_f/fa/fa7/164/css/main.min.css?v=1483633820 HTTP/1.1" 200 1797
static-ip-85-25-236-93.inaddr.ip-pool.com - - [05/Nov/2017:02:16:36 +0100] "GET /templates/creator/m_f/fa/fa7/164/css/style.min.css?v=1483633820 HTTP/1.1" 200 847
static-ip-85-25-236-93.inaddr.ip-pool.com - - [05/Nov/2017:02:16:36 +0100] "GET /js/footer/get_deps.min.js?v=6.6.7.2.41064 HTTP/1.1" 200 157
static-ip-85-25-236-93.inaddr.ip-pool.com - - [05/Nov/2017:02:16:36 +0100] "GET /js/footer/build_social_entries.min.js?v=6.6.7.2.41064 HTTP/1.1" 200 278
static-ip-85-25-236-93.inaddr.ip-pool.com - - [05/Nov/2017:02:16:37 +0100] "GET /templates/creator/m_f/fa/fa7/164/assets/wp-menu.js?v=1483633820 HTTP/1.1" 200 1089
static-ip-85-25-236-93.inaddr.ip-pool.com - - [05/Nov/2017:02:16:37 +0100] "GET /templates/creator/m_f/fa/fa7/164/assets/respond.min.js?v=1483633820 HTTP/1.1" 200 2085
static-ip-85-25-236-93.inaddr.ip-pool.com - - [05/Nov/2017:02:16:37 +0100] "GET /templates/creator/m_f/fa/fa7/164/assets/slide.js?v=1483633820 HTTP/1.1" 200 662
static-ip-85-25-236-93.inaddr.ip-pool.com - - [05/Nov/2017:02:16:37 +0100] "GET /js/functions_stripped.js?v=6.6.7.2.41064 HTTP/1.1" 200 3186
static-ip-85-25-236-93.inaddr.ip-pool.com - - [05/Nov/2017:02:16:37 +0100] "GET /css/skeleton.css HTTP/1.1" 200 3511
static-ip-85-25-236-93.inaddr.ip-pool.com - - [05/Nov/2017:02:17:21 +0100] "GET /segel-grundkurs.shtml HTTP/1.1" 200 5378
static-ip-85-25-236-93.inaddr.ip-pool.com - - [05/Nov/2017:02:17:22 +0100] "GET /css/widgets/concat_widget.min.css?v=6.6.7.2.41064 HTTP/1.1" 200 24507
static-ip-85-25-236-93.inaddr.ip-pool.com - - [05/Nov/2017:02:17:31 +0100] "GET /templates/creator/m_f/fa/fa7/164/css/main.min.css?v=1483633820 HTTP/1.1" 200 1797
static-ip-85-25-236-93.inaddr.ip-pool.com - - [05/Nov/2017:02:17:32 +0100] "GET /templates/creator/m_f/fa/fa7/164/css/style.min.css?v=1483633820 HTTP/1.1" 200 847
static-ip-85-25-236-93.inaddr.ip-pool.com - - [05/Nov/2017:02:17:33 +0100] "GET /js/footer/get_deps.min.js?v=6.6.7.2.41064 HTTP/1.1" 200 157
static-ip-85-25-236-93.inaddr.ip-pool.com - - [05/Nov/2017:02:17:33 +0100] "GET /js/footer/build_social_entries.min.js?v=6.6.7.2.41064 HTTP/1.1" 200 278
static-ip-85-25-236-93.inaddr.ip-pool.com - - [05/Nov/2017:02:17:33 +0100] "GET /templates/creator/m_f/fa/fa7/164/assets/wp-menu.js?v=1483633820 HTTP/1.1" 200 1089
static-ip-85-25-236-93.inaddr.ip-pool.com - - [05/Nov/2017:02:17:33 +0100] "GET /templates/creator/m_f/fa/fa7/164/assets/respond.min.js?v=1483633820 HTTP/1.1" 200 2085
static-ip-85-25-236-93.inaddr.ip-pool.com - - [05/Nov/2017:02:17:33 +0100] "GET /templates/creator/m_f/fa/fa7/164/assets/slide.js?v=1483633820 HTTP/1.1" 200 662
static-ip-85-25-236-93.inaddr.ip-pool.com - - [05/Nov/2017:02:17:33 +0100] "GET /js/functions_stripped.js?v=6.6.7.2.41064 HTTP/1.1" 200 3186
static-ip-85-25-236-93.inaddr.ip-pool.com - - [05/Nov/2017:02:17:33 +0100] "GET /css/skeleton.css HTTP/1.1" 200 3511
static-ip-85-25-236-93.inaddr.ip-pool.com - - [05/Nov/2017:02:17:56 +0100] "GET /smartkat-crashkurs.shtml HTTP/1.1" 200 4808
static-ip-85-25-236-93.inaddr.ip-pool.com - - [05/Nov/2017:02:17:57 +0100] "GET /css/widgets/concat_widget.min.css?v=6.6.7.2.41064 HTTP/1.1" 200 24507
static-ip-85-25-236-93.inaddr.ip-pool.com - - [05/Nov/2017:02:18:08 +0100] "GET /templates/creator/m_f/fa/fa7/164/css/main.min.css?v=1483633820 HTTP/1.1" 200 1797
static-ip-85-25-236-93.inaddr.ip-pool.com - - [05/Nov/2017:02:18:08 +0100] "GET /templates/creator/m_f/fa/fa7/164/css/style.min.css?v=1483633820 HTTP/1.1" 200 847
static-ip-85-25-236-93.inaddr.ip-pool.com - - [05/Nov/2017:02:18:08 +0100] "GET /js/footer/get_deps.min.js?v=6.6.7.2.41064 HTTP/1.1" 200 157
static-ip-85-25-236-93.inaddr.ip-pool.com - - [05/Nov/2017:02:18:09 +0100] "GET /js/footer/build_social_entries.min.js?v=6.6.7.2.41064 HTTP/1.1" 200 278
static-ip-85-25-236-93.inaddr.ip-pool.com - - [05/Nov/2017:02:18:09 +0100] "GET /templates/creator/m_f/fa/fa7/164/assets/wp-menu.js?v=1483633820 HTTP/1.1" 200 1089
static-ip-85-25-236-93.inaddr.ip-pool.com - - [05/Nov/2017:02:18:09 +0100] "GET /templates/creator/m_f/fa/fa7/164/assets/respond.min.js?v=1483633820 HTTP/1.1" 200 2085
static-ip-85-25-236-93.inaddr.ip-pool.com - - [05/Nov/2017:02:18:09 +0100] "GET /templates/creator/m_f/fa/fa7/164/assets/slide.js?v=1483633820 HTTP/1.1" 200 662
static-ip-85-25-236-93.inaddr.ip-pool.com - - [05/Nov/2017:02:18:09 +0100] "GET /js/functions_stripped.js?v=6.6.7.2.41064 HTTP/1.1" 200 3186
static-ip-85-25-236-93.inaddr.ip-pool.com - - [05/Nov/2017:02:18:09 +0100] "GET /css/skeleton.css HTTP/1.1" 200 3511
static-ip-85-25-236-93.inaddr.ip-pool.com - - [05/Nov/2017:02:18:29 +0100] "GET /segelkurs-jollesmartkat.shtml HTTP/1.1" 200 5139
static-ip-85-25-236-93.inaddr.ip-pool.com - - [05/Nov/2017:02:18:29 +0100] "GET /css/widgets/concat_widget.min.css?v=6.6.7.2.41064 HTTP/1.1" 200 24507
static-ip-85-25-236-93.inaddr.ip-pool.com - - [05/Nov/2017:02:18:39 +0100] "GET /templates/creator/m_f/fa/fa7/164/css/main.min.css?v=1483633820 HTTP/1.1" 200 1797
static-ip-85-25-236-93.inaddr.ip-pool.com - - [05/Nov/2017:02:18:41 +0100] "GET /templates/creator/m_f/fa/fa7/164/css/style.min.css?v=1483633820 HTTP/1.1" 200 847
static-ip-85-25-236-93.inaddr.ip-pool.com - - [05/Nov/2017:02:18:41 +0100] "GET /js/footer/get_deps.min.js?v=6.6.7.2.41064 HTTP/1.1" 200 157
static-ip-85-25-236-93.inaddr.ip-pool.com - - [05/Nov/2017:02:18:41 +0100] "GET /js/footer/build_social_entries.min.js?v=6.6.7.2.41064 HTTP/1.1" 200 278
static-ip-85-25-236-93.inaddr.ip-pool.com - - [05/Nov/2017:02:18:43 +0100] "GET /templates/creator/m_f/fa/fa7/164/assets/wp-menu.js?v=1483633820 HTTP/1.1" 200 1089
static-ip-85-25-236-93.inaddr.ip-pool.com - - [05/Nov/2017:02:18:43 +0100] "GET /templates/creator/m_f/fa/fa7/164/assets/respond.min.js?v=1483633820 HTTP/1.1" 200 2085
static-ip-85-25-236-93.inaddr.ip-pool.com - - [05/Nov/2017:02:18:43 +0100] "GET /templates/creator/m_f/fa/fa7/164/assets/slide.js?v=1483633820 HTTP/1.1" 200 662
static-ip-85-25-236-93.inaddr.ip-pool.com - - [05/Nov/2017:02:18:43 +0100] "GET /js/functions_stripped.js?v=6.6.7.2.41064 HTTP/1.1" 200 3186
static-ip-85-25-236-93.inaddr.ip-pool.com - - [05/Nov/2017:02:18:43 +0100] "GET /css/skeleton.css HTTP/1.1" 200 3511
static-ip-85-25-236-93.inaddr.ip-pool.com - - [05/Nov/2017:02:19:03 +0100] "GET /kinder-segelkurs.shtml HTTP/1.1" 200 5171
static-ip-85-25-236-93.inaddr.ip-pool.com - - [05/Nov/2017:02:19:06 +0100] "GET /css/widgets/concat_widget.min.css?v=6.6.7.2.41064 HTTP/1.1" 200 24507
static-ip-85-25-236-93.inaddr.ip-pool.com - - [05/Nov/2017:02:19:15 +0100] "GET /templates/creator/m_f/fa/fa7/164/css/main.min.css?v=1483633820 HTTP/1.1" 200 1797
static-ip-85-25-236-93.inaddr.ip-pool.com - - [05/Nov/2017:02:19:15 +0100] "GET /templates/creator/m_f/fa/fa7/164/css/style.min.css?v=1483633820 HTTP/1.1" 200 847
static-ip-85-25-236-93.inaddr.ip-pool.com - - [05/Nov/2017:02:19:19 +0100] "GET /js/footer/get_deps.min.js?v=6.6.7.2.41064 HTTP/1.1" 200 157
static-ip-85-25-236-93.inaddr.ip-pool.com - - [05/Nov/2017:02:19:19 +0100] "GET /js/footer/build_social_entries.min.js?v=6.6.7.2.41064 HTTP/1.1" 200 278
static-ip-85-25-236-93.inaddr.ip-pool.com - - [05/Nov/2017:02:19:20 +0100] "GET /templates/creator/m_f/fa/fa7/164/assets/wp-menu.js?v=1483633820 HTTP/1.1" 200 1089
static-ip-85-25-236-93.inaddr.ip-pool.com - - [05/Nov/2017:02:19:20 +0100] "GET /templates/creator/m_f/fa/fa7/164/assets/respond.min.js?v=1483633820 HTTP/1.1" 200 2085
static-ip-85-25-236-93.inaddr.ip-pool.com - - [05/Nov/2017:02:19:20 +0100] "GET /templates/creator/m_f/fa/fa7/164/assets/slide.js?v=1483633820 HTTP/1.1" 200 662
static-ip-85-25-236-93.inaddr.ip-pool.com - - [05/Nov/2017:02:19:20 +0100] "GET /js/functions_stripped.js?v=6.6.7.2.41064 HTTP/1.1" 200 3186
static-ip-85-25-236-93.inaddr.ip-pool.com - - [05/Nov/2017:02:19:21 +0100] "GET /css/skeleton.css HTTP/1.1" 200 3511
static-ip-85-25-236-93.inaddr.ip-pool.com - - [05/Nov/2017:02:19:47 +0100] "GET /davosersee.shtml HTTP/1.1" 200 5477
static-ip-85-25-236-93.inaddr.ip-pool.com - - [05/Nov/2017:02:19:48 +0100] "GET /css/widgets/concat_widget.min.css?v=6.6.7.2.41064 HTTP/1.1" 200 24507
static-ip-85-25-236-93.inaddr.ip-pool.com - - [05/Nov/2017:02:20:15 +0100] "GET /templates/creator/m_f/fa/fa7/164/css/main.min.css?v=1483633820 HTTP/1.1" 200 1797
static-ip-85-25-236-93.inaddr.ip-pool.com - - [05/Nov/2017:02:20:15 +0100] "GET /templates/creator/m_f/fa/fa7/164/css/style.min.css?v=1483633820 HTTP/1.1" 200 847
static-ip-85-25-236-93.inaddr.ip-pool.com - - [05/Nov/2017:02:20:16 +0100] "GET /js/footer/get_deps.min.js?v=6.6.7.2.41064 HTTP/1.1" 200 157
static-ip-85-25-236-93.inaddr.ip-pool.com - - [05/Nov/2017:02:20:16 +0100] "GET /js/footer/build_social_entries.min.js?v=6.6.7.2.41064 HTTP/1.1" 200 278
static-ip-85-25-236-93.inaddr.ip-pool.com - - [05/Nov/2017:02:20:18 +0100] "GET /templates/creator/m_f/fa/fa7/164/assets/wp-menu.js?v=1483633820 HTTP/1.1" 200 1089
static-ip-85-25-236-93.inaddr.ip-pool.com - - [05/Nov/2017:02:20:18 +0100] "GET /templates/creator/m_f/fa/fa7/164/assets/respond.min.js?v=1483633820 HTTP/1.1" 200 2085
static-ip-85-25-236-93.inaddr.ip-pool.com - - [05/Nov/2017:02:20:18 +0100] "GET /templates/creator/m_f/fa/fa7/164/assets/slide.js?v=1483633820 HTTP/1.1" 200 662
static-ip-85-25-236-93.inaddr.ip-pool.com - - [05/Nov/2017:02:20:18 +0100] "GET /js/functions_stripped.js?v=6.6.7.2.41064 HTTP/1.1" 200 3186
static-ip-85-25-236-93.inaddr.ip-pool.com - - [05/Nov/2017:02:20:18 +0100] "GET /css/skeleton.css HTTP/1.1" 200 3511
static-ip-85-25-236-93.inaddr.ip-pool.com - - [05/Nov/2017:02:20:37 +0100] "GET / HTTP/1.1" 200 6440
static-ip-85-25-236-93.inaddr.ip-pool.com - - [05/Nov/2017:02:20:38 +0100] "GET /css/widgets/concat_widget.min.css?v=6.6.7.2.41064 HTTP/1.1" 200 24507
static-ip-85-25-236-93.inaddr.ip-pool.com - - [05/Nov/2017:02:20:50 +0100] "GET /templates/creator/m_f/fa/fa7/164/css/main.min.css?v=1483633820 HTTP/1.1" 200 1797
static-ip-85-25-236-93.inaddr.ip-pool.com - - [05/Nov/2017:02:20:50 +0100] "GET /templates/creator/m_f/fa/fa7/164/css/style.min.css?v=1483633820 HTTP/1.1" 200 847
static-ip-85-25-236-93.inaddr.ip-pool.com - - [05/Nov/2017:02:20:50 +0100] "GET /js/footer/get_deps.min.js?v=6.6.7.2.41064 HTTP/1.1" 200 157
static-ip-85-25-236-93.inaddr.ip-pool.com - - [05/Nov/2017:02:20:50 +0100] "GET /js/footer/build_social_entries.min.js?v=6.6.7.2.41064 HTTP/1.1" 200 278
static-ip-85-25-236-93.inaddr.ip-pool.com - - [05/Nov/2017:02:20:51 +0100] "GET /templates/creator/m_f/fa/fa7/164/assets/wp-menu.js?v=1483633820 HTTP/1.1" 200 1089
static-ip-85-25-236-93.inaddr.ip-pool.com - - [05/Nov/2017:02:20:51 +0100] "GET /templates/creator/m_f/fa/fa7/164/assets/respond.min.js?v=1483633820 HTTP/1.1" 200 2085
static-ip-85-25-236-93.inaddr.ip-pool.com - - [05/Nov/2017:02:20:51 +0100] "GET /templates/creator/m_f/fa/fa7/164/assets/slide.js?v=1483633820 HTTP/1.1" 200 662
static-ip-85-25-236-93.inaddr.ip-pool.com - - [05/Nov/2017:02:20:52 +0100] "GET /js/functions_stripped.js?v=6.6.7.2.41064 HTTP/1.1" 200 3186
static-ip-85-25-236-93.inaddr.ip-pool.com - - [05/Nov/2017:02:20:52 +0100] "GET /js/jquery.lazyload.min.js?v=6.6.7.2.41064 HTTP/1.1" 200 1283
static-ip-85-25-236-93.inaddr.ip-pool.com - - [05/Nov/2017:02:20:52 +0100] "GET /css/skeleton.css HTTP/1.1" 200 3511
static-ip-85-25-236-93.inaddr.ip-pool.com - - [05/Nov/2017:02:21:18 +0100] "GET /kursanmeldung.shtml HTTP/1.1" 200 10952
static-ip-85-25-236-93.inaddr.ip-pool.com - - [05/Nov/2017:02:21:20 +0100] "GET /js/fancybox2/jquery.fancybox.min.css?v=6.6.7.2.41064 HTTP/1.1" 200 1020
static-ip-85-25-236-93.inaddr.ip-pool.com - - [05/Nov/2017:02:21:21 +0100] "GET /css/widgets/concat_widget.min.css?v=6.6.7.2.41064 HTTP/1.1" 200 24507
static-ip-85-25-236-93.inaddr.ip-pool.com - - [05/Nov/2017:02:21:29 +0100] "GET /templates/creator/m_f/fa/fa7/164/css/main.min.css?v=1483633820 HTTP/1.1" 200 1797
static-ip-85-25-236-93.inaddr.ip-pool.com - - [05/Nov/2017:02:21:30 +0100] "GET /templates/creator/m_f/fa/fa7/164/css/style.min.css?v=1483633820 HTTP/1.1" 200 847
static-ip-85-25-236-93.inaddr.ip-pool.com - - [05/Nov/2017:02:21:30 +0100] "GET /js/fancybox2/jquery.fancybox.min.js?v=6.6.7.2.41064 HTTP/1.1" 200 6267
static-ip-85-25-236-93.inaddr.ip-pool.com - - [05/Nov/2017:02:21:31 +0100] "GET /js/efu/main.min.js?v=6.6.7.2.41064 HTTP/1.1" 200 1746
static-ip-85-25-236-93.inaddr.ip-pool.com - - [05/Nov/2017:02:21:31 +0100] "GET /js/footer/get_deps.min.js?v=6.6.7.2.41064 HTTP/1.1" 200 157
static-ip-85-25-236-93.inaddr.ip-pool.com - - [05/Nov/2017:02:21:31 +0100] "GET /js/footer/build_social_entries.min.js?v=6.6.7.2.41064 HTTP/1.1" 200 278
static-ip-85-25-236-93.inaddr.ip-pool.com - - [05/Nov/2017:02:21:34 +0100] "GET /templates/creator/m_f/fa/fa7/164/assets/wp-menu.js?v=1483633820 HTTP/1.1" 200 1089
static-ip-85-25-236-93.inaddr.ip-pool.com - - [05/Nov/2017:02:21:34 +0100] "GET /templates/creator/m_f/fa/fa7/164/assets/respond.min.js?v=1483633820 HTTP/1.1" 200 2085
static-ip-85-25-236-93.inaddr.ip-pool.com - - [05/Nov/2017:02:21:34 +0100] "GET /templates/creator/m_f/fa/fa7/164/assets/slide.js?v=1483633820 HTTP/1.1" 200 662
static-ip-85-25-236-93.inaddr.ip-pool.com - - [05/Nov/2017:02:21:34 +0100] "GET /js/functions_stripped.js?v=6.6.7.2.41064 HTTP/1.1" 200 3186
static-ip-85-25-236-93.inaddr.ip-pool.com - - [05/Nov/2017:02:21:34 +0100] "GET /js/jquery/jquery.validate.min.js?v=6.6.7.2.41064 HTTP/1.1" 200 6581
static-ip-85-25-236-93.inaddr.ip-pool.com - - [05/Nov/2017:02:21:34 +0100] "GET /js/efu/w.formmanager.min.js?v=6.6.7.2.41064 HTTP/1.1" 200 2154
static-ip-85-25-236-93.inaddr.ip-pool.com - - [05/Nov/2017:02:21:34 +0100] "GET /js/jquery/jquery.form.min.js?v=6.6.7.2.41064 HTTP/1.1" 200 5592
static-ip-85-25-236-93.inaddr.ip-pool.com - - [05/Nov/2017:02:21:34 +0100] "GET /css/skeleton.css HTTP/1.1" 200 3511
static-ip-85-25-236-93.inaddr.ip-pool.com - - [05/Nov/2017:02:21:44 +0100] "POST /wforms/captcha/index HTTP/1.1" 200 8657
hydrogen192.a.ahrefs.com - - [05/Nov/2017:02:29:33 +0100] "GET /var/m_0/0d/0dd/12455/6564703-G3_SKT2015_32.jpg HTTP/1.1" 200 112691
hydrogen046.a.ahrefs.com - - [05/Nov/2017:02:30:28 +0100] "GET /var/m_0/0d/0dd/12455/6564742-G3_SKT2015_66.jpg HTTP/1.1" 200 93775
74.208.40.84 - - [05/Nov/2017:02:34:51 +0100] "GET / HTTP/1.1" 200 35804
74.208.40.84 - - [05/Nov/2017:02:34:52 +0100] "GET /events.shtml HTTP/1.1" 200 22514
74.208.40.84 - - [05/Nov/2017:02:34:54 +0100] "GET /kurse.shtml HTTP/1.1" 200 31031
74.208.40.84 - - [05/Nov/2017:02:34:53 +0100] "GET /galerie.shtml HTTP/1.1" 200 22747
74.208.40.84 - - [05/Nov/2017:02:34:55 +0100] "GET /vermietung.shtml HTTP/1.1" 200 25728
74.208.40.84 - - [05/Nov/2017:02:34:55 +0100] "GET /event-gruppesmartkat.shtml HTTP/1.1" 200 21256
74.208.40.84 - - [05/Nov/2017:02:34:56 +0100] "GET /event-matchracing.shtml HTTP/1.1" 200 21251
74.208.40.84 - - [05/Nov/2017:02:34:57 +0100] "GET /event-pedalo.shtml HTTP/1.1" 200 20248
74.208.40.84 - - [05/Nov/2017:02:34:59 +0100] "GET /galerie-gruppesmartkat.shtml HTTP/1.1" 200 20574
74.208.40.84 - - [05/Nov/2017:02:34:59 +0100] "GET /galerie-matchracing.shtml HTTP/1.1" 200 21704
74.208.40.84 - - [05/Nov/2017:02:35:00 +0100] "GET /galerie-sktrophy-2014.shtml HTTP/1.1" 200 29913
74.208.40.84 - - [05/Nov/2017:02:35:01 +0100] "GET /galerie-sktrophy-2015.shtml HTTP/1.1" 200 49420
74.208.40.84 - - [05/Nov/2017:02:35:03 +0100] "GET /optikurse-2014.shtml HTTP/1.1" 200 26353
74.208.40.84 - - [05/Nov/2017:02:35:04 +0100] "GET /kinder-segelkurs.shtml HTTP/1.1" 200 19898
74.208.40.84 - - [05/Nov/2017:02:35:05 +0100] "GET /segel-grundkurs.shtml HTTP/1.1" 200 21440
74.208.40.84 - - [05/Nov/2017:02:35:05 +0100] "GET /pruefungskurs.shtml HTTP/1.1" 200 23039
74.208.40.84 - - [05/Nov/2017:02:35:06 +0100] "GET /segelkurs-jollesmartkat.shtml HTTP/1.1" 200 19993
74.208.40.84 - - [05/Nov/2017:02:35:09 +0100] "GET /flotte.shtml HTTP/1.1" 200 29241
74.208.40.84 - - [05/Nov/2017:02:35:09 +0100] "GET /smartkat-crashkurs.shtml HTTP/1.1" 200 17863
74.208.40.84 - - [05/Nov/2017:02:35:10 +0100] "GET /js/functions_stripped.js?v=6.6.7.2.41064 HTTP/1.1" 200 7672
74.208.40.84 - - [05/Nov/2017:02:35:10 +0100] "GET /Perspectiva.html? HTTP/1.1" 200 18069
74.208.40.84 - - [05/Nov/2017:02:35:12 +0100] "GET /js/jquery.lazyload.min.js?v=6.6.7.2.41064 HTTP/1.1" 200 3342
74.208.40.84 - - [05/Nov/2017:02:35:14 +0100] "GET /js/).html(a);null==$( HTTP/1.1" 200 219
74.208.40.84 - - [05/Nov/2017:02:35:16 +0100] "GET /js/index.php?sid=46&lang=en&item=1&act=users&ajax=state HTTP/1.1" 200 210
74.208.40.84 - - [05/Nov/2017:02:35:18 +0100] "GET /aktuelles-wetter HTTP/1.1" 200 18388
74.208.40.84 - - [05/Nov/2017:02:35:19 +0100] "GET /davosersee HTTP/1.1" 200 19505
74.208.40.84 - - [05/Nov/2017:02:35:20 +0100] "GET /event-gruppesmartkat HTTP/1.1" 200 21256
74.208.40.84 - - [05/Nov/2017:02:35:20 +0100] "GET /event-matchracing HTTP/1.1" 200 21251
74.208.40.84 - - [05/Nov/2017:02:35:22 +0100] "GET /events HTTP/1.1" 200 22514
74.208.40.84 - - [05/Nov/2017:02:35:22 +0100] "GET /event-pedalo HTTP/1.1" 200 20248
crawl-66-249-64-29.googlebot.com - - [05/Nov/2017:02:49:58 +0100] "GET /templates/creator/m_f/fa/fa7/164/css/main.min.css?v=1483633820 HTTP/1.1" 200 1797
crawl-66-249-64-29.googlebot.com - - [05/Nov/2017:02:50:00 +0100] "GET /templates/creator/m_f/fa/fa7/164/css/style.min.css?v=1483633820 HTTP/1.1" 200 847
crawl-66-249-64-29.googlebot.com - - [05/Nov/2017:02:50:01 +0100] "GET /css/skeleton.css HTTP/1.1" 200 3511
msnbot-157-55-39-241.search.msn.com - - [05/Nov/2017:02:53:12 +0100] "GET / HTTP/1.1" 200 6440
x28.ch - - [05/Nov/2017:02:59:19 +0100] "GET /robots.txt HTTP/1.1" 200 120
x28.ch - - [05/Nov/2017:02:59:19 +0100] "GET /index.php HTTP/1.1" 302 -
