132.red.82.37.46.procono.es - - [22/Nov/2017:07:10:34 +0100] "GET / HTTP/1.1" 200 35804
132.red.82.37.46.procono.es - - [22/Nov/2017:07:10:35 +0100] "GET /events.shtml HTTP/1.1" 200 22514
132.red.82.37.46.procono.es - - [22/Nov/2017:07:10:36 +0100] "GET /galerie.shtml HTTP/1.1" 200 22747
132.red.82.37.46.procono.es - - [22/Nov/2017:07:10:37 +0100] "GET /kurse.shtml HTTP/1.1" 200 31031
132.red.82.37.46.procono.es - - [22/Nov/2017:07:10:38 +0100] "GET /vermietung.shtml HTTP/1.1" 200 25728
132.red.82.37.46.procono.es - - [22/Nov/2017:07:10:38 +0100] "GET /event-gruppesmartkat.shtml HTTP/1.1" 200 21256
132.red.82.37.46.procono.es - - [22/Nov/2017:07:10:39 +0100] "GET /event-pedalo.shtml HTTP/1.1" 200 20248
132.red.82.37.46.procono.es - - [22/Nov/2017:07:10:39 +0100] "GET /event-matchracing.shtml HTTP/1.1" 200 21251
132.red.82.37.46.procono.es - - [22/Nov/2017:07:10:40 +0100] "GET /galerie-matchracing.shtml HTTP/1.1" 200 21704
132.red.82.37.46.procono.es - - [22/Nov/2017:07:10:40 +0100] "GET /galerie-gruppesmartkat.shtml HTTP/1.1" 200 20574
132.red.82.37.46.procono.es - - [22/Nov/2017:07:10:41 +0100] "GET /galerie-sktrophy-2015.shtml HTTP/1.1" 200 49420
132.red.82.37.46.procono.es - - [22/Nov/2017:07:10:41 +0100] "GET /galerie-sktrophy-2014.shtml HTTP/1.1" 200 29913
132.red.82.37.46.procono.es - - [22/Nov/2017:07:10:42 +0100] "GET /optikurse-2014.shtml HTTP/1.1" 200 26353
132.red.82.37.46.procono.es - - [22/Nov/2017:07:10:43 +0100] "GET /segel-grundkurs.shtml HTTP/1.1" 200 21440
132.red.82.37.46.procono.es - - [22/Nov/2017:07:10:43 +0100] "GET /kinder-segelkurs.shtml HTTP/1.1" 200 19898
132.red.82.37.46.procono.es - - [22/Nov/2017:07:10:43 +0100] "GET /pruefungskurs.shtml HTTP/1.1" 200 23039
132.red.82.37.46.procono.es - - [22/Nov/2017:07:10:44 +0100] "GET /smartkat-crashkurs.shtml HTTP/1.1" 200 17863
132.red.82.37.46.procono.es - - [22/Nov/2017:07:10:44 +0100] "GET /segelkurs-jollesmartkat.shtml HTTP/1.1" 200 19993
132.red.82.37.46.procono.es - - [22/Nov/2017:07:10:44 +0100] "GET /flotte.shtml HTTP/1.1" 200 29241
132.red.82.37.46.procono.es - - [22/Nov/2017:07:10:45 +0100] "GET /Perspectiva.html? HTTP/1.1" 200 18069
132.red.82.37.46.procono.es - - [22/Nov/2017:07:10:45 +0100] "GET /js/jquery.lazyload.min.js?v=6.6.7.2.41064 HTTP/1.1" 200 3342
132.red.82.37.46.procono.es - - [22/Nov/2017:07:10:45 +0100] "GET /js/functions_stripped.js?v=6.6.7.2.41064 HTTP/1.1" 200 7672
132.red.82.37.46.procono.es - - [22/Nov/2017:07:10:46 +0100] "GET /aktuelles-wetter HTTP/1.1" 200 18388
132.red.82.37.46.procono.es - - [22/Nov/2017:07:10:46 +0100] "GET /js/).html(a);null==$( HTTP/1.1" 200 219
132.red.82.37.46.procono.es - - [22/Nov/2017:07:10:46 +0100] "GET /davosersee HTTP/1.1" 200 19505
132.red.82.37.46.procono.es - - [22/Nov/2017:07:10:46 +0100] "GET /event-gruppesmartkat HTTP/1.1" 200 21256
132.red.82.37.46.procono.es - - [22/Nov/2017:07:10:47 +0100] "GET /event-matchracing HTTP/1.1" 200 21251
132.red.82.37.46.procono.es - - [22/Nov/2017:07:10:48 +0100] "GET /event-pedalo HTTP/1.1" 200 20248
132.red.82.37.46.procono.es - - [22/Nov/2017:07:10:48 +0100] "GET /events HTTP/1.1" 200 22514
132.red.82.37.46.procono.es - - [22/Nov/2017:07:10:49 +0100] "GET /flotte HTTP/1.1" 200 29385
reverse-dns.chicago - - [22/Nov/2017:07:14:58 +0100] "GET / HTTP/1.1" 200 35804
reverse-dns.chicago - - [22/Nov/2017:07:14:59 +0100] "GET /events.shtml HTTP/1.1" 200 22514
reverse-dns.chicago - - [22/Nov/2017:07:15:01 +0100] "GET /galerie.shtml HTTP/1.1" 200 22747
reverse-dns.chicago - - [22/Nov/2017:07:15:01 +0100] "GET /kurse.shtml HTTP/1.1" 200 31031
reverse-dns.chicago - - [22/Nov/2017:07:15:02 +0100] "GET /vermietung.shtml HTTP/1.1" 200 25728
reverse-dns.chicago - - [22/Nov/2017:07:15:03 +0100] "GET /event-matchracing.shtml HTTP/1.1" 200 21251
reverse-dns.chicago - - [22/Nov/2017:07:15:03 +0100] "GET /event-gruppesmartkat.shtml HTTP/1.1" 200 21256
reverse-dns.chicago - - [22/Nov/2017:07:15:04 +0100] "GET /event-pedalo.shtml HTTP/1.1" 200 20248
reverse-dns.chicago - - [22/Nov/2017:07:15:04 +0100] "GET /galerie-matchracing.shtml HTTP/1.1" 200 21704
reverse-dns.chicago - - [22/Nov/2017:07:15:04 +0100] "GET /galerie-gruppesmartkat.shtml HTTP/1.1" 200 20574
reverse-dns.chicago - - [22/Nov/2017:07:15:05 +0100] "GET /galerie-sktrophy-2014.shtml HTTP/1.1" 200 29913
reverse-dns.chicago - - [22/Nov/2017:07:15:06 +0100] "GET /galerie-sktrophy-2015.shtml HTTP/1.1" 200 49420
reverse-dns.chicago - - [22/Nov/2017:07:15:07 +0100] "GET /optikurse-2014.shtml HTTP/1.1" 200 26353
reverse-dns.chicago - - [22/Nov/2017:07:15:07 +0100] "GET /kinder-segelkurs.shtml HTTP/1.1" 200 19898
reverse-dns.chicago - - [22/Nov/2017:07:15:08 +0100] "GET /pruefungskurs.shtml HTTP/1.1" 200 23039
reverse-dns.chicago - - [22/Nov/2017:07:15:08 +0100] "GET /segel-grundkurs.shtml HTTP/1.1" 200 21440
reverse-dns.chicago - - [22/Nov/2017:07:15:09 +0100] "GET /smartkat-crashkurs.shtml HTTP/1.1" 200 17863
reverse-dns.chicago - - [22/Nov/2017:07:15:09 +0100] "GET /segelkurs-jollesmartkat.shtml HTTP/1.1" 200 19993
reverse-dns.chicago - - [22/Nov/2017:07:15:10 +0100] "GET /flotte.shtml HTTP/1.1" 200 29241
reverse-dns.chicago - - [22/Nov/2017:07:15:10 +0100] "GET /Perspectiva.html? HTTP/1.1" 200 18069
reverse-dns.chicago - - [22/Nov/2017:07:15:10 +0100] "GET /js/functions_stripped.js?v=6.6.7.2.41064 HTTP/1.1" 200 7672
reverse-dns.chicago - - [22/Nov/2017:07:15:11 +0100] "GET /js/jquery.lazyload.min.js?v=6.6.7.2.41064 HTTP/1.1" 200 3342
reverse-dns.chicago - - [22/Nov/2017:07:15:12 +0100] "GET /js/).html(a);null==$( HTTP/1.1" 200 219
reverse-dns.chicago - - [22/Nov/2017:07:15:13 +0100] "GET /aktuelles-wetter HTTP/1.1" 200 18388
reverse-dns.chicago - - [22/Nov/2017:07:15:12 +0100] "GET /js/index.php?sid=46&lang=en&item=1&act=users&ajax=state HTTP/1.1" 200 210
reverse-dns.chicago - - [22/Nov/2017:07:15:14 +0100] "GET /davosersee HTTP/1.1" 200 19505
reverse-dns.chicago - - [22/Nov/2017:07:15:15 +0100] "GET /event-matchracing HTTP/1.1" 200 21251
reverse-dns.chicago - - [22/Nov/2017:07:15:15 +0100] "GET /event-gruppesmartkat HTTP/1.1" 200 21256
reverse-dns.chicago - - [22/Nov/2017:07:15:16 +0100] "GET /event-pedalo HTTP/1.1" 200 20248
reverse-dns.chicago - - [22/Nov/2017:07:15:16 +0100] "GET /events HTTP/1.1" 200 22514
msnbot-157-55-39-205.search.msn.com - - [22/Nov/2017:07:32:02 +0100] "GET /galerie-sktrophy-2014-2.shtml HTTP/1.1" 200 4296
46-118-158-16.broadband.kyivstar.net - - [22/Nov/2017:07:35:50 +0100] "GET / HTTP/1.1" 200 35804
46-118-158-16.broadband.kyivstar.net - - [22/Nov/2017:07:35:51 +0100] "GET / HTTP/1.1" 200 35804
46-118-158-16.broadband.kyivstar.net - - [22/Nov/2017:07:35:51 +0100] "GET / HTTP/1.1" 200 35804
46-118-158-16.broadband.kyivstar.net - - [22/Nov/2017:07:35:52 +0100] "GET / HTTP/1.1" 200 35804
46-118-158-16.broadband.kyivstar.net - - [22/Nov/2017:07:35:52 +0100] "GET / HTTP/1.1" 200 35804
46-118-158-16.broadband.kyivstar.net - - [22/Nov/2017:07:35:53 +0100] "GET / HTTP/1.1" 200 35804
