malta1844.startdedicated.de - - [05/Dec/2017:00:25:08 +0100] "GET /robots.txt HTTP/1.1" 200 80
malta1844.startdedicated.de - - [05/Dec/2017:00:25:08 +0100] "GET /events.shtml HTTP/1.1" 200 5297
hydrogen122.a.ahrefs.com - - [05/Dec/2017:00:25:19 +0100] "GET /var/m_0/0d/0dd/12455/6564691-G3_SKT2015_21.jpg HTTP/1.1" 200 121870
hydrogen143.a.ahrefs.com - - [05/Dec/2017:00:25:20 +0100] "GET /galerie-sktrophy-2014.shtml HTTP/1.1" 200 5044
crawl-66-249-66-12.googlebot.com - - [05/Dec/2017:00:31:19 +0100] "GET /var/m_0/0d/0dd/12455/6564603-SK_Tro_Head.jpg HTTP/1.1" 304 -
crawl-66-249-66-10.googlebot.com - - [05/Dec/2017:00:31:19 +0100] "GET /robots.txt HTTP/1.1" 200 80
crawl-66-249-66-12.googlebot.com - - [05/Dec/2017:00:31:35 +0100] "GET /var/m_0/0d/0dd/12455/125495-15_Event.JPG HTTP/1.1" 304 -
n2g1.007ac9.net - - [05/Dec/2017:00:38:16 +0100] "GET /robots.txt HTTP/1.1" 200 80
n2g1.007ac9.net - - [05/Dec/2017:00:38:16 +0100] "GET / HTTP/1.1" 200 6440
n2g1.007ac9.net - - [05/Dec/2017:00:38:16 +0100] "GET / HTTP/1.1" 200 35804
n2g1.007ac9.net - - [05/Dec/2017:00:38:17 +0100] "GET /kurse.shtml HTTP/1.1" 200 6280
n2g1.007ac9.net - - [05/Dec/2017:00:38:17 +0100] "GET /kinder-segelkurs.shtml HTTP/1.1" 200 5171
n2g1.007ac9.net - - [05/Dec/2017:00:38:16 +0100] "GET /davosersee.shtml HTTP/1.1" 200 5477
n2g1.007ac9.net - - [05/Dec/2017:00:38:18 +0100] "GET /segelkurs-jollesmartkat.shtml HTTP/1.1" 200 5139
n2g1.007ac9.net - - [05/Dec/2017:00:38:18 +0100] "GET /smartkat-crashkurs.shtml HTTP/1.1" 200 4808
n2g1.007ac9.net - - [05/Dec/2017:00:38:19 +0100] "GET /events.shtml HTTP/1.1" 200 5297
n2g1.007ac9.net - - [05/Dec/2017:00:38:19 +0100] "GET /segel-grundkurs.shtml HTTP/1.1" 200 5378
n2g1.007ac9.net - - [05/Dec/2017:00:38:19 +0100] "GET /pruefungskurs.shtml HTTP/1.1" 200 5895
n2g1.007ac9.net - - [05/Dec/2017:00:38:20 +0100] "GET /event-matchracing.shtml HTTP/1.1" 200 5634
n2g1.007ac9.net - - [05/Dec/2017:00:38:19 +0100] "GET /event-gruppesmartkat.shtml HTTP/1.1" 200 5645
n2g1.007ac9.net - - [05/Dec/2017:00:38:21 +0100] "GET /vermietung.shtml HTTP/1.1" 200 5099
n2g1.007ac9.net - - [05/Dec/2017:00:38:21 +0100] "GET /event-pedalo.shtml HTTP/1.1" 200 5342
n2g1.007ac9.net - - [05/Dec/2017:00:38:21 +0100] "GET /flotte.shtml HTTP/1.1" 200 6274
n2g1.007ac9.net - - [05/Dec/2017:00:38:22 +0100] "GET /galerie.shtml HTTP/1.1" 200 4483
n2g1.007ac9.net - - [05/Dec/2017:00:38:22 +0100] "GET /galerie-gruppesmartkat.shtml HTTP/1.1" 200 4863
n2g1.007ac9.net - - [05/Dec/2017:00:38:22 +0100] "GET /galerie-sktrophy-2015.shtml HTTP/1.1" 200 5939
n2g1.007ac9.net - - [05/Dec/2017:00:38:22 +0100] "GET /galerie-matchracing.shtml HTTP/1.1" 200 4859
n2g1.007ac9.net - - [05/Dec/2017:00:38:23 +0100] "GET /%C3%BCber-uns.shtml HTTP/1.1" 200 4740
n2g1.007ac9.net - - [05/Dec/2017:00:38:23 +0100] "GET /galerie-sktrophy-2014.shtml HTTP/1.1" 200 5044
n2g1.007ac9.net - - [05/Dec/2017:00:38:23 +0100] "GET /optikurse-2014.shtml HTTP/1.1" 200 4938
n2g1.007ac9.net - - [05/Dec/2017:00:38:23 +0100] "GET /standort.shtml HTTP/1.1" 200 4717
n2g1.007ac9.net - - [05/Dec/2017:00:38:24 +0100] "GET /davosersee HTTP/1.1" 200 5477
n2g1.007ac9.net - - [05/Dec/2017:00:38:24 +0100] "GET /kurse HTTP/1.1" 200 6281
n2g1.007ac9.net - - [05/Dec/2017:00:38:24 +0100] "GET /kursanmeldung.shtml HTTP/1.1" 200 10952
n2g1.007ac9.net - - [05/Dec/2017:00:38:24 +0100] "GET /aktuelles-wetter.shtml HTTP/1.1" 200 4575
n2g1.007ac9.net - - [05/Dec/2017:00:38:25 +0100] "GET /kinder-segelkurs HTTP/1.1" 200 5172
n2g1.007ac9.net - - [05/Dec/2017:00:38:25 +0100] "GET /segel-grundkurs HTTP/1.1" 200 5378
n2g1.007ac9.net - - [05/Dec/2017:00:38:25 +0100] "GET /smartkat-crashkurs HTTP/1.1" 200 4808
n2g1.007ac9.net - - [05/Dec/2017:00:38:25 +0100] "GET /segelkurs-jollesmartkat HTTP/1.1" 200 5140
n2g1.007ac9.net - - [05/Dec/2017:00:38:26 +0100] "GET /pruefungskurs HTTP/1.1" 200 5895
n2g1.007ac9.net - - [05/Dec/2017:00:38:26 +0100] "GET /events HTTP/1.1" 200 5296
n2g1.007ac9.net - - [05/Dec/2017:00:38:26 +0100] "GET /event-gruppesmartkat HTTP/1.1" 200 5645
n2g1.007ac9.net - - [05/Dec/2017:00:38:26 +0100] "GET /event-matchracing HTTP/1.1" 200 5634
n2g1.007ac9.net - - [05/Dec/2017:00:38:27 +0100] "GET /vermietung HTTP/1.1" 200 5100
n2g1.007ac9.net - - [05/Dec/2017:00:38:27 +0100] "GET /flotte HTTP/1.1" 200 6274
n2g1.007ac9.net - - [05/Dec/2017:00:38:27 +0100] "GET /event-pedalo HTTP/1.1" 200 5342
n2g1.007ac9.net - - [05/Dec/2017:00:38:28 +0100] "GET /galerie HTTP/1.1" 200 4483
n2g1.007ac9.net - - [05/Dec/2017:00:38:28 +0100] "GET /galerie-gruppesmartkat HTTP/1.1" 200 4863
n2g1.007ac9.net - - [05/Dec/2017:00:38:28 +0100] "GET /galerie-sktrophy-2015 HTTP/1.1" 200 5939
n2g1.007ac9.net - - [05/Dec/2017:00:38:28 +0100] "GET /galerie-matchracing HTTP/1.1" 200 4859
n2g1.007ac9.net - - [05/Dec/2017:00:38:29 +0100] "GET /standort HTTP/1.1" 200 4717
n2g1.007ac9.net - - [05/Dec/2017:00:38:29 +0100] "GET /galerie-sktrophy-2014 HTTP/1.1" 200 5044
n2g1.007ac9.net - - [05/Dec/2017:00:38:29 +0100] "GET /%C3%BCber-uns HTTP/1.1" 200 4741
n2g1.007ac9.net - - [05/Dec/2017:00:38:29 +0100] "GET /optikurse-2014 HTTP/1.1" 200 4938
n2g1.007ac9.net - - [05/Dec/2017:00:38:30 +0100] "GET /aktuelles-wetter HTTP/1.1" 200 4575
n2g1.007ac9.net - - [05/Dec/2017:00:38:30 +0100] "GET /%C3%BCber-uns.shtml HTTP/1.1" 200 4740
hydrogen221.a.ahrefs.com - - [05/Dec/2017:00:41:06 +0100] "GET /galerie-gruppesmartkat.shtml HTTP/1.1" 200 4863
malta1844.startdedicated.de - - [05/Dec/2017:00:47:21 +0100] "GET /galerie.shtml HTTP/1.1" 200 4483
217.217.179.17.dyn.user.ono.com - - [05/Dec/2017:00:48:25 +0100] "GET / HTTP/1.1" 200 35804
217.217.179.17.dyn.user.ono.com - - [05/Dec/2017:00:48:26 +0100] "GET /events.shtml HTTP/1.1" 200 22514
217.217.179.17.dyn.user.ono.com - - [05/Dec/2017:00:48:27 +0100] "GET /galerie.shtml HTTP/1.1" 200 22747
217.217.179.17.dyn.user.ono.com - - [05/Dec/2017:00:48:28 +0100] "GET /vermietung.shtml HTTP/1.1" 200 25728
217.217.179.17.dyn.user.ono.com - - [05/Dec/2017:00:48:28 +0100] "GET /kurse.shtml HTTP/1.1" 200 31031
217.217.179.17.dyn.user.ono.com - - [05/Dec/2017:00:48:29 +0100] "GET /event-gruppesmartkat.shtml HTTP/1.1" 200 21256
217.217.179.17.dyn.user.ono.com - - [05/Dec/2017:00:48:30 +0100] "GET /event-pedalo.shtml HTTP/1.1" 200 20248
217.217.179.17.dyn.user.ono.com - - [05/Dec/2017:00:48:30 +0100] "GET /event-matchracing.shtml HTTP/1.1" 200 21251
217.217.179.17.dyn.user.ono.com - - [05/Dec/2017:00:48:31 +0100] "GET /galerie-gruppesmartkat.shtml HTTP/1.1" 200 20574
217.217.179.17.dyn.user.ono.com - - [05/Dec/2017:00:48:31 +0100] "GET /galerie-matchracing.shtml HTTP/1.1" 200 21704
217.217.179.17.dyn.user.ono.com - - [05/Dec/2017:00:48:32 +0100] "GET /galerie-sktrophy-2014.shtml HTTP/1.1" 200 29913
217.217.179.17.dyn.user.ono.com - - [05/Dec/2017:00:48:33 +0100] "GET /galerie-sktrophy-2015.shtml HTTP/1.1" 200 49420
217.217.179.17.dyn.user.ono.com - - [05/Dec/2017:00:48:34 +0100] "GET /optikurse-2014.shtml HTTP/1.1" 200 26353
217.217.179.17.dyn.user.ono.com - - [05/Dec/2017:00:48:34 +0100] "GET /kinder-segelkurs.shtml HTTP/1.1" 200 19898
217.217.179.17.dyn.user.ono.com - - [05/Dec/2017:00:48:35 +0100] "GET /pruefungskurs.shtml HTTP/1.1" 200 23039
217.217.179.17.dyn.user.ono.com - - [05/Dec/2017:00:48:36 +0100] "GET /segel-grundkurs.shtml HTTP/1.1" 200 21440
217.217.179.17.dyn.user.ono.com - - [05/Dec/2017:00:48:38 +0100] "GET /smartkat-crashkurs.shtml HTTP/1.1" 200 17863
217.217.179.17.dyn.user.ono.com - - [05/Dec/2017:00:48:38 +0100] "GET /segelkurs-jollesmartkat.shtml HTTP/1.1" 200 19993
217.217.179.17.dyn.user.ono.com - - [05/Dec/2017:00:48:39 +0100] "GET /flotte.shtml HTTP/1.1" 200 29241
217.217.179.17.dyn.user.ono.com - - [05/Dec/2017:00:48:40 +0100] "GET /js/functions_stripped.js?v=6.6.7.2.41064 HTTP/1.1" 200 7672
217.217.179.17.dyn.user.ono.com - - [05/Dec/2017:00:48:41 +0100] "GET /Perspectiva.html? HTTP/1.1" 200 18069
217.217.179.17.dyn.user.ono.com - - [05/Dec/2017:00:48:41 +0100] "GET /js/jquery.lazyload.min.js?v=6.6.7.2.41064 HTTP/1.1" 200 3342
217.217.179.17.dyn.user.ono.com - - [05/Dec/2017:00:48:42 +0100] "GET /js/).html(a);null==$( HTTP/1.1" 200 219
217.217.179.17.dyn.user.ono.com - - [05/Dec/2017:00:48:42 +0100] "GET /js/index.php?sid=46&lang=en&item=1&act=users&ajax=state HTTP/1.1" 200 210
217.217.179.17.dyn.user.ono.com - - [05/Dec/2017:00:48:44 +0100] "GET /davosersee HTTP/1.1" 200 19505
217.217.179.17.dyn.user.ono.com - - [05/Dec/2017:00:48:44 +0100] "GET /aktuelles-wetter HTTP/1.1" 200 18388
217.217.179.17.dyn.user.ono.com - - [05/Dec/2017:00:48:45 +0100] "GET /event-gruppesmartkat HTTP/1.1" 200 21256
217.217.179.17.dyn.user.ono.com - - [05/Dec/2017:00:48:45 +0100] "GET /event-matchracing HTTP/1.1" 200 21251
217.217.179.17.dyn.user.ono.com - - [05/Dec/2017:00:48:46 +0100] "GET /event-pedalo HTTP/1.1" 200 20248
217.217.179.17.dyn.user.ono.com - - [05/Dec/2017:00:48:47 +0100] "GET /events HTTP/1.1" 200 22514
hydrogen354.a.ahrefs.com - - [05/Dec/2017:00:49:30 +0100] "GET /var/m_0/0d/0dd/12455/6564739-G3_SKT2015_63.jpg HTTP/1.1" 200 83403
crawl01.exabot.com - - [05/Dec/2017:00:56:09 +0100] "GET /segel-grundkurs HTTP/1.1" 200 5378
crawl01.exabot.com - - [05/Dec/2017:00:56:09 +0100] "GET /robots.txt HTTP/1.1" 200 80
