46-118-121-38.broadband.kyivstar.net - - [13/Dec/2017:18:33:36 +0100] "GET / HTTP/1.1" 200 35804
46-118-121-38.broadband.kyivstar.net - - [13/Dec/2017:18:33:38 +0100] "GET / HTTP/1.1" 200 35804
46-118-121-38.broadband.kyivstar.net - - [13/Dec/2017:18:33:39 +0100] "GET / HTTP/1.1" 200 35804
client217.vms.uwindsor.ca - - [13/Dec/2017:18:49:31 +0100] "GET / HTTP/1.1" 200 35804
client217.vms.uwindsor.ca - - [13/Dec/2017:18:49:41 +0100] "GET /%C3%BCber-uns.shtml HTTP/1.1" 200 21862
client217.vms.uwindsor.ca - - [13/Dec/2017:18:49:49 +0100] "GET /aktuelles-wetter.shtml HTTP/1.1" 200 18388
client217.vms.uwindsor.ca - - [13/Dec/2017:18:49:50 +0100] "GET /davosersee.shtml HTTP/1.1" 200 19505
client217.vms.uwindsor.ca - - [13/Dec/2017:18:49:58 +0100] "GET /event-gruppesmartkat.shtml HTTP/1.1" 200 21256
client217.vms.uwindsor.ca - - [13/Dec/2017:18:50:02 +0100] "GET /event-matchracing.shtml HTTP/1.1" 200 21251
client217.vms.uwindsor.ca - - [13/Dec/2017:18:50:11 +0100] "GET /event-pedalo.shtml HTTP/1.1" 200 20248
client217.vms.uwindsor.ca - - [13/Dec/2017:18:50:23 +0100] "GET /events.shtml HTTP/1.1" 200 22514
client217.vms.uwindsor.ca - - [13/Dec/2017:18:50:31 +0100] "GET /flotte.shtml HTTP/1.1" 200 29241
client217.vms.uwindsor.ca - - [13/Dec/2017:18:50:38 +0100] "GET /galerie-gruppesmartkat.shtml HTTP/1.1" 200 20574
client217.vms.uwindsor.ca - - [13/Dec/2017:18:50:48 +0100] "GET /galerie-matchracing.shtml HTTP/1.1" 200 21704
client217.vms.uwindsor.ca - - [13/Dec/2017:18:50:59 +0100] "GET /galerie-sktrophy-2014.shtml HTTP/1.1" 200 29913
client217.vms.uwindsor.ca - - [13/Dec/2017:18:51:01 +0100] "GET /galerie-sktrophy-2015.shtml HTTP/1.1" 200 49420
client217.vms.uwindsor.ca - - [13/Dec/2017:18:51:10 +0100] "GET /galerie.shtml HTTP/1.1" 200 22747
client217.vms.uwindsor.ca - - [13/Dec/2017:18:51:11 +0100] "GET /kinder-segelkurs.shtml HTTP/1.1" 200 19898
client217.vms.uwindsor.ca - - [13/Dec/2017:18:51:18 +0100] "GET /kursanmeldung.shtml HTTP/1.1" 200 49926
client217.vms.uwindsor.ca - - [13/Dec/2017:18:51:27 +0100] "GET /kurse.shtml HTTP/1.1" 200 31031
client217.vms.uwindsor.ca - - [13/Dec/2017:18:51:34 +0100] "GET /optikurse-2014.shtml HTTP/1.1" 200 26353
client217.vms.uwindsor.ca - - [13/Dec/2017:18:51:42 +0100] "GET /pruefungskurs.shtml HTTP/1.1" 200 23039
client217.vms.uwindsor.ca - - [13/Dec/2017:18:51:54 +0100] "GET /segel-grundkurs.shtml HTTP/1.1" 200 21440
client217.vms.uwindsor.ca - - [13/Dec/2017:18:51:55 +0100] "GET /segelkurs-jollesmartkat.shtml HTTP/1.1" 200 19993
client217.vms.uwindsor.ca - - [13/Dec/2017:18:52:02 +0100] "GET /smartkat-crashkurs.shtml HTTP/1.1" 200 17863
client217.vms.uwindsor.ca - - [13/Dec/2017:18:52:02 +0100] "GET /vermietung.shtml HTTP/1.1" 200 25728
client217.vms.uwindsor.ca - - [13/Dec/2017:18:52:02 +0100] "GET /standort.shtml HTTP/1.1" 200 17547
client217.vms.uwindsor.ca - - [13/Dec/2017:18:52:05 +0100] "GET /js/functions_stripped.js?v=6.6.7.2.41064 HTTP/1.1" 200 7672
client217.vms.uwindsor.ca - - [13/Dec/2017:18:52:10 +0100] "GET /Perspectiva.html? HTTP/1.1" 200 18069
client217.vms.uwindsor.ca - - [13/Dec/2017:18:52:13 +0100] "GET /js/jquery.lazyload.min.js?v=6.6.7.2.41064 HTTP/1.1" 200 3342
client217.vms.uwindsor.ca - - [13/Dec/2017:18:52:23 +0100] "GET /aktuelles-wetter HTTP/1.1" 200 18388
95-108-181-76.spider.yandex.com - - [13/Dec/2017:18:56:38 +0100] "GET /robots.txt HTTP/1.1" 200 120
95-108-181-76.spider.yandex.com - - [13/Dec/2017:18:56:42 +0100] "GET /flotte.shtml HTTP/1.1" 200 6274
37-9-113-206.spider.yandex.com - - [13/Dec/2017:18:56:43 +0100] "GET /js/functions_stripped.js?v=6.6.7.2.41064 HTTP/1.1" 200 3186
95-108-181-76.spider.yandex.com - - [13/Dec/2017:18:56:45 +0100] "GET /js/footer/get_deps.min.js?v=6.6.7.2.41064 HTTP/1.1" 200 157
37-9-113-206.spider.yandex.com - - [13/Dec/2017:18:56:46 +0100] "GET /templates/creator/m_f/fa/fa7/164/css/main.min.css?v=1483633820 HTTP/1.1" 200 1797
95-108-181-76.spider.yandex.com - - [13/Dec/2017:18:56:47 +0100] "GET /templates/creator/m_f/fa/fa7/164/assets/slide.js?v=1483633820 HTTP/1.1" 200 662
37-9-113-206.spider.yandex.com - - [13/Dec/2017:18:56:48 +0100] "GET /js/footer/build_social_entries.min.js?v=6.6.7.2.41064 HTTP/1.1" 200 278
95-108-181-76.spider.yandex.com - - [13/Dec/2017:18:56:50 +0100] "GET /css/widgets/concat_widget.min.css?v=6.6.7.2.41064 HTTP/1.1" 200 24507
37-9-113-206.spider.yandex.com - - [13/Dec/2017:18:56:51 +0100] "GET /templates/creator/m_f/fa/fa7/164/css/style.min.css?v=1483633820 HTTP/1.1" 200 847
95-108-181-76.spider.yandex.com - - [13/Dec/2017:18:56:52 +0100] "GET /templates/creator/m_f/fa/fa7/164/assets/wp-menu.js?v=1483633820 HTTP/1.1" 200 1089
37-9-113-206.spider.yandex.com - - [13/Dec/2017:18:56:53 +0100] "GET /css/skeleton.css HTTP/1.1" 200 3511
95-108-181-76.spider.yandex.com - - [13/Dec/2017:18:56:55 +0100] "GET /js/jquery.lazyload.min.js?v=6.6.7.2.41064 HTTP/1.1" 200 1283
37-9-113-206.spider.yandex.com - - [13/Dec/2017:18:56:56 +0100] "GET /templates/creator/m_f/fa/fa7/164/assets/respond.min.js?v=1483633820 HTTP/1.1" 200 2085
