nat-cs-technik-crawler-003.nat.fhnw.net - - [07/Nov/2017:05:00:01 +0100] "GET /event-matchracing HTTP/1.1" 200 5634
nat-cs-technik-crawler-003.nat.fhnw.net - - [07/Nov/2017:05:00:02 +0100] "GET /templates/resellers/7/favicon.ico?v=1506147113 HTTP/1.1" 200 4286
nat-cs-technik-crawler-003.nat.fhnw.net - - [07/Nov/2017:05:00:05 +0100] "GET /templates/resellers/7/favicon.ico?v=1506149034 HTTP/1.1" 200 4286
nat-cs-technik-crawler-003.nat.fhnw.net - - [07/Nov/2017:05:00:07 +0100] "GET /segel-grundkurs HTTP/1.1" 200 5378
nat-cs-technik-crawler-003.nat.fhnw.net - - [07/Nov/2017:05:00:08 +0100] "GET /templates/resellers/7/favicon.ico?v=1506149037 HTTP/1.1" 200 4286
nat-cs-technik-crawler-003.nat.fhnw.net - - [07/Nov/2017:05:00:10 +0100] "GET /smartkat-crashkurs HTTP/1.1" 200 4808
nat-cs-technik-crawler-003.nat.fhnw.net - - [07/Nov/2017:05:00:12 +0100] "GET /templates/resellers/7/favicon.ico?v=1506149031 HTTP/1.1" 200 4286
nat-cs-technik-crawler-003.nat.fhnw.net - - [07/Nov/2017:05:00:14 +0100] "GET /pruefungskurs HTTP/1.1" 200 5895
nat-cs-technik-crawler-003.nat.fhnw.net - - [07/Nov/2017:05:00:16 +0100] "GET /flotte HTTP/1.1" 200 6274
nat-cs-technik-crawler-003.nat.fhnw.net - - [07/Nov/2017:05:00:18 +0100] "GET /templates/resellers/7/favicon.ico?v=1506147120 HTTP/1.1" 200 4286
nat-cs-technik-crawler-003.nat.fhnw.net - - [07/Nov/2017:05:00:20 +0100] "GET /galerie-sktrophy-2014 HTTP/1.1" 200 5044
nat-cs-technik-crawler-003.nat.fhnw.net - - [07/Nov/2017:05:00:22 +0100] "GET /templates/resellers/7/favicon.ico?v=1506149019 HTTP/1.1" 200 4286
nat-cs-technik-crawler-003.nat.fhnw.net - - [07/Nov/2017:05:00:24 +0100] "GET /templates/resellers/7/favicon.ico?v=1506147121 HTTP/1.1" 200 4286
nat-cs-technik-crawler-003.nat.fhnw.net - - [07/Nov/2017:05:00:26 +0100] "GET /galerie-gruppesmartkat HTTP/1.1" 200 4863
nat-cs-technik-crawler-003.nat.fhnw.net - - [07/Nov/2017:05:00:28 +0100] "GET /templates/resellers/7/favicon.ico?v=1506204419 HTTP/1.1" 200 4286
nat-cs-technik-crawler-003.nat.fhnw.net - - [07/Nov/2017:05:00:30 +0100] "GET /templates/resellers/7/favicon.ico?v=1506149055 HTTP/1.1" 200 4286
nat-cs-technik-crawler-003.nat.fhnw.net - - [07/Nov/2017:05:00:32 +0100] "GET /templates/resellers/7/favicon.ico?v=1506149051 HTTP/1.1" 200 4286
nat-cs-technik-crawler-003.nat.fhnw.net - - [07/Nov/2017:05:00:34 +0100] "GET /templates/resellers/7/favicon.ico?v=1506147179 HTTP/1.1" 200 4286
nat-cs-technik-crawler-003.nat.fhnw.net - - [07/Nov/2017:05:00:36 +0100] "GET /templates/resellers/7/favicon.ico?v=1506147168 HTTP/1.1" 200 4286
nat-cs-technik-crawler-003.nat.fhnw.net - - [07/Nov/2017:05:00:38 +0100] "GET /templates/resellers/7/favicon.ico?v=1506147175 HTTP/1.1" 200 4286
nat-cs-technik-crawler-003.nat.fhnw.net - - [07/Nov/2017:05:00:40 +0100] "GET /templates/resellers/7/favicon.ico?v=1506149067 HTTP/1.1" 200 4286
nat-cs-technik-crawler-003.nat.fhnw.net - - [07/Nov/2017:05:00:42 +0100] "GET /templates/resellers/7/favicon.ico?v=1506149049 HTTP/1.1" 200 4286
nat-cs-technik-crawler-003.nat.fhnw.net - - [07/Nov/2017:05:00:44 +0100] "GET /templates/resellers/7/favicon.ico?v=1506147172 HTTP/1.1" 200 4286
nat-cs-technik-crawler-003.nat.fhnw.net - - [07/Nov/2017:05:00:46 +0100] "GET /templates/resellers/7/favicon.ico?v=1506452182 HTTP/1.1" 200 4286
nat-cs-technik-crawler-003.nat.fhnw.net - - [07/Nov/2017:05:00:48 +0100] "GET /templates/resellers/7/favicon.ico?v=1506147160 HTTP/1.1" 200 4286
nat-cs-technik-crawler-003.nat.fhnw.net - - [07/Nov/2017:05:00:50 +0100] "GET /templates/resellers/7/favicon.ico?v=1506294920 HTTP/1.1" 200 4286
nat-cs-technik-crawler-003.nat.fhnw.net - - [07/Nov/2017:05:00:52 +0100] "GET /templates/resellers/7/favicon.ico?v=1506155761 HTTP/1.1" 200 4286
nat-cs-technik-crawler-003.nat.fhnw.net - - [07/Nov/2017:05:00:54 +0100] "GET /templates/resellers/7/favicon.ico?v=1506139835 HTTP/1.1" 200 4286
nat-cs-technik-crawler-003.nat.fhnw.net - - [07/Nov/2017:05:00:56 +0100] "GET /templates/resellers/7/favicon.ico?v=1506109514 HTTP/1.1" 200 4286
nat-cs-technik-crawler-003.nat.fhnw.net - - [07/Nov/2017:05:00:58 +0100] "GET /templates/resellers/7/favicon.ico?v=1506147170 HTTP/1.1" 200 4286
nat-cs-technik-crawler-003.nat.fhnw.net - - [07/Nov/2017:05:01:00 +0100] "GET /templates/resellers/7/favicon.ico?v=1506147166 HTTP/1.1" 200 4286
msnbot-199-30-25-172.search.msn.com - - [07/Nov/2017:05:49:39 +0100] "GET /var/m_0/0d/0dd/12455/143352-Header_Segelschule_2.jpg HTTP/1.1" 200 107532
msnbot-199-30-25-92.search.msn.com - - [07/Nov/2017:05:49:41 +0100] "GET /templates/creator/m_f/fa/fa7/164/assets/tab_b_bottom.png HTTP/1.1" 200 962
msnbot-199-30-25-84.search.msn.com - - [07/Nov/2017:05:49:42 +0100] "GET /templates/creator/m_f/fa/fa7/164/assets/tab_l_bottom.png HTTP/1.1" 200 1751
msnbot-65-55-210-25.search.msn.com - - [07/Nov/2017:05:49:43 +0100] "GET /templates/creator/m_f/fa/fa7/164/assets/tab_m_bottom.png HTTP/1.1" 200 1000
msnbot-199-30-25-108.search.msn.com - - [07/Nov/2017:05:49:44 +0100] "GET /templates/creator/m_f/fa/fa7/164/assets/bt_open.png HTTP/1.1" 200 2044
msnbot-65-55-210-175.search.msn.com - - [07/Nov/2017:05:49:45 +0100] "GET /templates/creator/m_f/fa/fa7/164/assets/bt_close.png HTTP/1.1" 200 2150
msnbot-65-55-210-180.search.msn.com - - [07/Nov/2017:05:49:46 +0100] "GET /templates/creator/m_f/fa/fa7/164/assets/tab_r_bottom.png HTTP/1.1" 200 1803
