baiduspider-180-76-15-155.crawl.baidu.com - - [16/Nov/2017:19:15:46 +0100] "GET /robots.txt HTTP/1.1" 200 80
baiduspider-180-76-15-157.crawl.baidu.com - - [16/Nov/2017:19:16:01 +0100] "GET /robots.txt HTTP/1.1" 200 80
baiduspider-180-76-15-6.crawl.baidu.com - - [16/Nov/2017:19:18:33 +0100] "GET /standort.shtml HTTP/1.1" 200 4717
reverse-dns.chicago - - [16/Nov/2017:19:43:59 +0100] "GET / HTTP/1.1" 200 35804
reverse-dns.chicago - - [16/Nov/2017:19:44:00 +0100] "GET /galerie.shtml HTTP/1.1" 200 22747
reverse-dns.chicago - - [16/Nov/2017:19:43:59 +0100] "GET /events.shtml HTTP/1.1" 200 22514
reverse-dns.chicago - - [16/Nov/2017:19:44:03 +0100] "GET /kurse.shtml HTTP/1.1" 200 31031
reverse-dns.chicago - - [16/Nov/2017:19:44:05 +0100] "GET /vermietung.shtml HTTP/1.1" 200 25728
reverse-dns.chicago - - [16/Nov/2017:19:44:06 +0100] "GET /event-gruppesmartkat.shtml HTTP/1.1" 200 21256
reverse-dns.chicago - - [16/Nov/2017:19:44:07 +0100] "GET /event-matchracing.shtml HTTP/1.1" 200 21251
reverse-dns.chicago - - [16/Nov/2017:19:44:08 +0100] "GET /event-pedalo.shtml HTTP/1.1" 200 20248
reverse-dns.chicago - - [16/Nov/2017:19:44:09 +0100] "GET /galerie-sktrophy-2014.shtml HTTP/1.1" 200 29913
reverse-dns.chicago - - [16/Nov/2017:19:44:09 +0100] "GET /galerie-gruppesmartkat.shtml HTTP/1.1" 200 20574
reverse-dns.chicago - - [16/Nov/2017:19:44:09 +0100] "GET /galerie-matchracing.shtml HTTP/1.1" 200 21704
reverse-dns.chicago - - [16/Nov/2017:19:44:10 +0100] "GET /galerie-sktrophy-2015.shtml HTTP/1.1" 200 49420
reverse-dns.chicago - - [16/Nov/2017:19:44:10 +0100] "GET /optikurse-2014.shtml HTTP/1.1" 200 26353
reverse-dns.chicago - - [16/Nov/2017:19:44:10 +0100] "GET /kinder-segelkurs.shtml HTTP/1.1" 200 19898
reverse-dns.chicago - - [16/Nov/2017:19:44:11 +0100] "GET /segel-grundkurs.shtml HTTP/1.1" 200 21440
reverse-dns.chicago - - [16/Nov/2017:19:44:11 +0100] "GET /pruefungskurs.shtml HTTP/1.1" 200 23039
reverse-dns.chicago - - [16/Nov/2017:19:44:14 +0100] "GET /smartkat-crashkurs.shtml HTTP/1.1" 200 17863
reverse-dns.chicago - - [16/Nov/2017:19:44:14 +0100] "GET /segelkurs-jollesmartkat.shtml HTTP/1.1" 200 19993
reverse-dns.chicago - - [16/Nov/2017:19:44:15 +0100] "GET /Perspectiva.html? HTTP/1.1" 200 18069
reverse-dns.chicago - - [16/Nov/2017:19:44:15 +0100] "GET /flotte.shtml HTTP/1.1" 200 29241
reverse-dns.chicago - - [16/Nov/2017:19:44:15 +0100] "GET /js/functions_stripped.js?v=6.6.7.2.41064 HTTP/1.1" 200 7672
reverse-dns.chicago - - [16/Nov/2017:19:44:16 +0100] "GET /js/jquery.lazyload.min.js?v=6.6.7.2.41064 HTTP/1.1" 200 3342
reverse-dns.chicago - - [16/Nov/2017:19:44:16 +0100] "GET /js/).html(a);null==$( HTTP/1.1" 200 219
reverse-dns.chicago - - [16/Nov/2017:19:44:17 +0100] "GET /js/index.php?sid=46&lang=en&item=1&act=users&ajax=state HTTP/1.1" 200 210
reverse-dns.chicago - - [16/Nov/2017:19:44:18 +0100] "GET /aktuelles-wetter HTTP/1.1" 200 18388
reverse-dns.chicago - - [16/Nov/2017:19:44:19 +0100] "GET /davosersee HTTP/1.1" 200 19505
reverse-dns.chicago - - [16/Nov/2017:19:44:23 +0100] "GET /event-gruppesmartkat HTTP/1.1" 200 21256
reverse-dns.chicago - - [16/Nov/2017:19:44:26 +0100] "GET /event-matchracing HTTP/1.1" 200 21251
reverse-dns.chicago - - [16/Nov/2017:19:44:27 +0100] "GET /event-pedalo HTTP/1.1" 200 20248
reverse-dns.chicago - - [16/Nov/2017:19:44:28 +0100] "GET /events HTTP/1.1" 200 22514
