msnbot-40-77-167-138.search.msn.com - - [30/Nov/2017:10:19:41 +0100] "GET /galerie-sktrophy-2015 HTTP/1.1" 200 5939
vpn-global-dhcp1-110.ethz.ch - - [30/Nov/2017:10:22:08 +0100] "GET /var/m_0/0d/0dd/12455/143351-Header_Segelschule.jpg HTTP/1.1" 200 107532
reverse-dns.chicago - - [30/Nov/2017:10:49:45 +0100] "GET / HTTP/1.1" 200 35804
reverse-dns.chicago - - [30/Nov/2017:10:49:48 +0100] "GET /%C3%BCber-uns.shtml HTTP/1.1" 200 21862
reverse-dns.chicago - - [30/Nov/2017:10:49:50 +0100] "GET /aktuelles-wetter.shtml HTTP/1.1" 200 18388
reverse-dns.chicago - - [30/Nov/2017:10:49:51 +0100] "GET /davosersee.shtml HTTP/1.1" 200 19505
reverse-dns.chicago - - [30/Nov/2017:10:49:52 +0100] "GET /event-gruppesmartkat.shtml HTTP/1.1" 200 21256
reverse-dns.chicago - - [30/Nov/2017:10:49:52 +0100] "GET /event-matchracing.shtml HTTP/1.1" 200 21251
reverse-dns.chicago - - [30/Nov/2017:10:49:53 +0100] "GET /event-pedalo.shtml HTTP/1.1" 200 20248
reverse-dns.chicago - - [30/Nov/2017:10:49:56 +0100] "GET /events.shtml HTTP/1.1" 200 22514
reverse-dns.chicago - - [30/Nov/2017:10:49:57 +0100] "GET /flotte.shtml HTTP/1.1" 200 29241
reverse-dns.chicago - - [30/Nov/2017:10:49:58 +0100] "GET /galerie-gruppesmartkat.shtml HTTP/1.1" 200 20574
reverse-dns.chicago - - [30/Nov/2017:10:49:58 +0100] "GET /galerie-matchracing.shtml HTTP/1.1" 200 21704
reverse-dns.chicago - - [30/Nov/2017:10:49:59 +0100] "GET /galerie-sktrophy-2014.shtml HTTP/1.1" 200 29913
reverse-dns.chicago - - [30/Nov/2017:10:49:59 +0100] "GET /galerie-sktrophy-2015.shtml HTTP/1.1" 200 49420
reverse-dns.chicago - - [30/Nov/2017:10:50:00 +0100] "GET /galerie.shtml HTTP/1.1" 200 22747
reverse-dns.chicago - - [30/Nov/2017:10:50:01 +0100] "GET /kinder-segelkurs.shtml HTTP/1.1" 200 19898
reverse-dns.chicago - - [30/Nov/2017:10:50:02 +0100] "GET /kursanmeldung.shtml HTTP/1.1" 200 49926
reverse-dns.chicago - - [30/Nov/2017:10:50:07 +0100] "GET /kurse.shtml HTTP/1.1" 200 31031
reverse-dns.chicago - - [30/Nov/2017:10:50:08 +0100] "GET /optikurse-2014.shtml HTTP/1.1" 200 26353
reverse-dns.chicago - - [30/Nov/2017:10:50:08 +0100] "GET /pruefungskurs.shtml HTTP/1.1" 200 23039
reverse-dns.chicago - - [30/Nov/2017:10:50:09 +0100] "GET /segel-grundkurs.shtml HTTP/1.1" 200 21440
reverse-dns.chicago - - [30/Nov/2017:10:50:09 +0100] "GET /segelkurs-jollesmartkat.shtml HTTP/1.1" 200 19993
reverse-dns.chicago - - [30/Nov/2017:10:50:10 +0100] "GET /smartkat-crashkurs.shtml HTTP/1.1" 200 17863
reverse-dns.chicago - - [30/Nov/2017:10:50:13 +0100] "GET /standort.shtml HTTP/1.1" 200 17547
reverse-dns.chicago - - [30/Nov/2017:10:50:14 +0100] "GET /vermietung.shtml HTTP/1.1" 200 25728
reverse-dns.chicago - - [30/Nov/2017:10:50:15 +0100] "GET /js/functions_stripped.js?v=6.6.7.2.41064 HTTP/1.1" 200 7672
reverse-dns.chicago - - [30/Nov/2017:10:50:16 +0100] "GET /Perspectiva.html? HTTP/1.1" 200 18069
reverse-dns.chicago - - [30/Nov/2017:10:50:16 +0100] "GET /js/jquery.lazyload.min.js?v=6.6.7.2.41064 HTTP/1.1" 200 3342
reverse-dns.chicago - - [30/Nov/2017:10:50:18 +0100] "GET /aktuelles-wetter HTTP/1.1" 200 18388
reverse-dns.chicago - - [30/Nov/2017:10:50:26 +0100] "GET /davosersee HTTP/1.1" 200 19505
reverse-dns.chicago - - [30/Nov/2017:10:50:26 +0100] "GET /event-gruppesmartkat HTTP/1.1" 200 21256
reverse-dns.chicago - - [30/Nov/2017:10:50:27 +0100] "GET /event-matchracing HTTP/1.1" 200 21251
reverse-dns.chicago - - [30/Nov/2017:10:50:27 +0100] "GET /event-pedalo HTTP/1.1" 200 20248
reverse-dns.chicago - - [30/Nov/2017:10:50:27 +0100] "GET /events HTTP/1.1" 200 22514
reverse-dns.chicago - - [30/Nov/2017:10:50:28 +0100] "GET /flotte HTTP/1.1" 200 29385
reverse-dns.chicago - - [30/Nov/2017:10:50:28 +0100] "GET /galerie-gruppesmartkat HTTP/1.1" 200 20574
reverse-dns.chicago - - [30/Nov/2017:10:50:30 +0100] "GET /galerie-matchracing HTTP/1.1" 200 21704
reverse-dns.chicago - - [30/Nov/2017:10:50:31 +0100] "GET /galerie-sktrophy-2014 HTTP/1.1" 200 29913
reverse-dns.chicago - - [30/Nov/2017:10:50:32 +0100] "GET /galerie HTTP/1.1" 200 22747
reverse-dns.chicago - - [30/Nov/2017:10:50:32 +0100] "GET /galerie-sktrophy-2015 HTTP/1.1" 200 49420
reverse-dns.chicago - - [30/Nov/2017:10:50:33 +0100] "GET /kinder-segelkurs HTTP/1.1" 200 19898
reverse-dns.chicago - - [30/Nov/2017:10:50:34 +0100] "GET /kurse HTTP/1.1" 200 31031
reverse-dns.chicago - - [30/Nov/2017:10:50:35 +0100] "GET /pruefungskurs HTTP/1.1" 200 23039
reverse-dns.chicago - - [30/Nov/2017:10:50:35 +0100] "GET /optikurse-2014 HTTP/1.1" 200 26353
