46-118-154-197.broadband.kyivstar.net - - [23/Sep/2017:19:05:36 +0200] "GET / HTTP/1.1" 200 35804
46-118-154-197.broadband.kyivstar.net - - [23/Sep/2017:19:05:37 +0200] "GET / HTTP/1.1" 200 35804
46-118-154-197.broadband.kyivstar.net - - [23/Sep/2017:19:05:38 +0200] "GET / HTTP/1.1" 200 35804
216.244.66.229 - - [23/Sep/2017:19:07:56 +0200] "GET /smartkat-crashkurs.shtml HTTP/1.1" 200 17863
crawl-66-249-66-7.googlebot.com - - [23/Sep/2017:19:09:08 +0200] "GET /kurse HTTP/1.1" 200 6281
crawl-66-249-66-5.googlebot.com - - [23/Sep/2017:19:09:30 +0200] "GET /js/jquery.lazyload.min.js?v=6.6.7.2.41064 HTTP/1.1" 200 1283
msnbot-207-46-13-154.search.msn.com - - [23/Sep/2017:19:13:49 +0200] "GET / HTTP/1.1" 200 6440
b118839.yse.yahoo.net - - [23/Sep/2017:19:21:58 +0200] "GET /robots.txt HTTP/1.1" 200 120
b118839.yse.yahoo.net - - [23/Sep/2017:19:21:59 +0200] "GET /kursanmeldung.shtml HTTP/1.1" 200 10952
msnbot-207-46-13-156.search.msn.com - - [23/Sep/2017:19:24:44 +0200] "GET /js/footer/get_deps.min.js?v=6.6.7.2.41064 HTTP/1.1" 200 157
msnbot-207-46-13-156.search.msn.com - - [23/Sep/2017:19:24:44 +0200] "GET /robots.txt HTTP/1.1" 200 80
msnbot-207-46-13-156.search.msn.com - - [23/Sep/2017:19:24:44 +0200] "GET /js/jquery.lazyload.min.js?v=6.6.7.2.41064 HTTP/1.1" 200 1283
msnbot-207-46-13-156.search.msn.com - - [23/Sep/2017:19:24:44 +0200] "GET /css/skeleton.css HTTP/1.1" 200 3511
msnbot-207-46-13-156.search.msn.com - - [23/Sep/2017:19:24:45 +0200] "GET /templates/creator/m_f/fa/fa7/164/assets/respond.min.js?v=1483633820 HTTP/1.1" 200 2085
msnbot-207-46-13-154.search.msn.com - - [23/Sep/2017:19:24:50 +0200] "GET /templates/creator/m_f/fa/fa7/164/assets/slide.js?v=1483633820 HTTP/1.1" 200 662
msnbot-207-46-13-155.search.msn.com - - [23/Sep/2017:19:24:57 +0200] "GET /css/widgets/concat_widget.min.css?v=6.6.7.2.41064 HTTP/1.1" 200 24507
msnbot-207-46-13-157.search.msn.com - - [23/Sep/2017:19:25:13 +0200] "GET /templates/creator/m_f/fa/fa7/164/css/main.min.css?v=1483633820 HTTP/1.1" 200 1797
msnbot-207-46-13-157.search.msn.com - - [23/Sep/2017:19:25:13 +0200] "GET /js/functions_stripped.js?v=6.6.7.2.41064 HTTP/1.1" 200 3186
msnbot-207-46-13-157.search.msn.com - - [23/Sep/2017:19:25:13 +0200] "GET /templates/creator/m_f/fa/fa7/164/assets/wp-menu.js?v=1483633820 HTTP/1.1" 200 1089
msnbot-207-46-13-157.search.msn.com - - [23/Sep/2017:19:25:13 +0200] "GET /js/footer/build_social_entries.min.js?v=6.6.7.2.41064 HTTP/1.1" 200 278
msnbot-207-46-13-157.search.msn.com - - [23/Sep/2017:19:25:14 +0200] "GET /templates/creator/m_f/fa/fa7/164/css/style.min.css?v=1483633820 HTTP/1.1" 200 847
msnbot-207-46-13-157.search.msn.com - - [23/Sep/2017:19:47:47 +0200] "GET /aktuelles-wetter.shtml HTTP/1.1" 200 4575
msnbot-207-46-13-157.search.msn.com - - [23/Sep/2017:19:56:08 +0200] "GET /standort.shtml HTTP/1.1" 200 4717
