5.40.89.95.static.user.ono.com - - [04/Oct/2017:05:18:09 +0200] "GET / HTTP/1.1" 200 35804
5.40.89.95.static.user.ono.com - - [04/Oct/2017:05:18:11 +0200] "GET /galerie.shtml HTTP/1.1" 200 22747
5.40.89.95.static.user.ono.com - - [04/Oct/2017:05:18:10 +0200] "GET /events.shtml HTTP/1.1" 200 22514
5.40.89.95.static.user.ono.com - - [04/Oct/2017:05:18:12 +0200] "GET /kurse.shtml HTTP/1.1" 200 31031
5.40.89.95.static.user.ono.com - - [04/Oct/2017:05:18:13 +0200] "GET /vermietung.shtml HTTP/1.1" 200 25728
5.40.89.95.static.user.ono.com - - [04/Oct/2017:05:18:13 +0200] "GET /event-gruppesmartkat.shtml HTTP/1.1" 200 21256
5.40.89.95.static.user.ono.com - - [04/Oct/2017:05:18:14 +0200] "GET /event-pedalo.shtml HTTP/1.1" 200 20248
5.40.89.95.static.user.ono.com - - [04/Oct/2017:05:18:14 +0200] "GET /event-matchracing.shtml HTTP/1.1" 200 21251
5.40.89.95.static.user.ono.com - - [04/Oct/2017:05:18:15 +0200] "GET /galerie-matchracing.shtml HTTP/1.1" 200 21704
5.40.89.95.static.user.ono.com - - [04/Oct/2017:05:18:15 +0200] "GET /galerie-gruppesmartkat.shtml HTTP/1.1" 200 20574
5.40.89.95.static.user.ono.com - - [04/Oct/2017:05:18:16 +0200] "GET /galerie-sktrophy-2014.shtml HTTP/1.1" 200 29913
5.40.89.95.static.user.ono.com - - [04/Oct/2017:05:18:17 +0200] "GET /kinder-segelkurs.shtml HTTP/1.1" 200 19898
5.40.89.95.static.user.ono.com - - [04/Oct/2017:05:18:17 +0200] "GET /optikurse-2014.shtml HTTP/1.1" 200 26353
5.40.89.95.static.user.ono.com - - [04/Oct/2017:05:18:16 +0200] "GET /galerie-sktrophy-2015.shtml HTTP/1.1" 200 49420
5.40.89.95.static.user.ono.com - - [04/Oct/2017:05:18:18 +0200] "GET /segel-grundkurs.shtml HTTP/1.1" 200 21440
5.40.89.95.static.user.ono.com - - [04/Oct/2017:05:18:18 +0200] "GET /pruefungskurs.shtml HTTP/1.1" 200 23039
5.40.89.95.static.user.ono.com - - [04/Oct/2017:05:18:19 +0200] "GET /segelkurs-jollesmartkat.shtml HTTP/1.1" 200 19993
5.40.89.95.static.user.ono.com - - [04/Oct/2017:05:18:19 +0200] "GET /smartkat-crashkurs.shtml HTTP/1.1" 200 17863
5.40.89.95.static.user.ono.com - - [04/Oct/2017:05:18:20 +0200] "GET /flotte.shtml HTTP/1.1" 200 29241
5.40.89.95.static.user.ono.com - - [04/Oct/2017:05:18:20 +0200] "GET /Perspectiva.html? HTTP/1.1" 200 18069
5.40.89.95.static.user.ono.com - - [04/Oct/2017:05:18:20 +0200] "GET /js/functions_stripped.js?v=6.6.7.2.41064 HTTP/1.1" 200 7672
5.40.89.95.static.user.ono.com - - [04/Oct/2017:05:18:21 +0200] "GET /js/jquery.lazyload.min.js?v=6.6.7.2.41064 HTTP/1.1" 200 3342
5.40.89.95.static.user.ono.com - - [04/Oct/2017:05:18:21 +0200] "GET /js/).html(a);null==$( HTTP/1.1" 200 219
5.40.89.95.static.user.ono.com - - [04/Oct/2017:05:18:22 +0200] "GET /event-gruppesmartkat HTTP/1.1" 200 21256
5.40.89.95.static.user.ono.com - - [04/Oct/2017:05:18:22 +0200] "GET /aktuelles-wetter HTTP/1.1" 200 18388
5.40.89.95.static.user.ono.com - - [04/Oct/2017:05:18:22 +0200] "GET /davosersee HTTP/1.1" 200 19505
5.40.89.95.static.user.ono.com - - [04/Oct/2017:05:18:23 +0200] "GET /event-matchracing HTTP/1.1" 200 21251
5.40.89.95.static.user.ono.com - - [04/Oct/2017:05:18:24 +0200] "GET /events HTTP/1.1" 200 22514
5.40.89.95.static.user.ono.com - - [04/Oct/2017:05:18:24 +0200] "GET /event-pedalo HTTP/1.1" 200 20248
5.40.89.95.static.user.ono.com - - [04/Oct/2017:05:18:25 +0200] "GET /flotte HTTP/1.1" 200 29385
dolabuy1.example.com - - [04/Oct/2017:05:35:09 +0200] "GET /wp-login.php HTTP/1.1" 200 18069
dolabuy1.example.com - - [04/Oct/2017:05:35:12 +0200] "GET //wp-login.php HTTP/1.1" 200 18069
