p4FE4015D.dip0.t-ipconnect.de - - [23/Nov/2017:12:02:30 +0100] "GET /var/m_0/0d/0dd/12455/125501-34_Laser.jpg HTTP/1.1" 200 52750
no-mans-land.m247.com - - [23/Nov/2017:12:09:45 +0100] "GET / HTTP/1.1" 200 35804
no-mans-land.m247.com - - [23/Nov/2017:12:09:46 +0100] "GET /events.shtml HTTP/1.1" 200 22514
no-mans-land.m247.com - - [23/Nov/2017:12:09:46 +0100] "GET /galerie.shtml HTTP/1.1" 200 22747
no-mans-land.m247.com - - [23/Nov/2017:12:09:47 +0100] "GET /kurse.shtml HTTP/1.1" 200 31031
no-mans-land.m247.com - - [23/Nov/2017:12:09:48 +0100] "GET /event-gruppesmartkat.shtml HTTP/1.1" 200 21256
no-mans-land.m247.com - - [23/Nov/2017:12:09:48 +0100] "GET /vermietung.shtml HTTP/1.1" 200 25728
no-mans-land.m247.com - - [23/Nov/2017:12:09:49 +0100] "GET /event-matchracing.shtml HTTP/1.1" 200 21251
no-mans-land.m247.com - - [23/Nov/2017:12:09:49 +0100] "GET /galerie-gruppesmartkat.shtml HTTP/1.1" 200 20574
no-mans-land.m247.com - - [23/Nov/2017:12:09:49 +0100] "GET /event-pedalo.shtml HTTP/1.1" 200 20248
no-mans-land.m247.com - - [23/Nov/2017:12:09:49 +0100] "GET /galerie-matchracing.shtml HTTP/1.1" 200 21704
no-mans-land.m247.com - - [23/Nov/2017:12:09:50 +0100] "GET /galerie-sktrophy-2014.shtml HTTP/1.1" 200 29913
no-mans-land.m247.com - - [23/Nov/2017:12:09:50 +0100] "GET /galerie-sktrophy-2015.shtml HTTP/1.1" 200 49420
no-mans-land.m247.com - - [23/Nov/2017:12:09:50 +0100] "GET /optikurse-2014.shtml HTTP/1.1" 200 26353
no-mans-land.m247.com - - [23/Nov/2017:12:09:51 +0100] "GET /segel-grundkurs.shtml HTTP/1.1" 200 21440
no-mans-land.m247.com - - [23/Nov/2017:12:09:51 +0100] "GET /pruefungskurs.shtml HTTP/1.1" 200 23039
no-mans-land.m247.com - - [23/Nov/2017:12:09:51 +0100] "GET /kinder-segelkurs.shtml HTTP/1.1" 200 19898
no-mans-land.m247.com - - [23/Nov/2017:12:09:52 +0100] "GET /segelkurs-jollesmartkat.shtml HTTP/1.1" 200 19993
no-mans-land.m247.com - - [23/Nov/2017:12:09:52 +0100] "GET /smartkat-crashkurs.shtml HTTP/1.1" 200 17863
no-mans-land.m247.com - - [23/Nov/2017:12:09:53 +0100] "GET /flotte.shtml HTTP/1.1" 200 29241
no-mans-land.m247.com - - [23/Nov/2017:12:09:54 +0100] "GET /js/functions_stripped.js?v=6.6.7.2.41064 HTTP/1.1" 200 7672
no-mans-land.m247.com - - [23/Nov/2017:12:09:55 +0100] "GET /Perspectiva.html? HTTP/1.1" 200 18069
no-mans-land.m247.com - - [23/Nov/2017:12:09:58 +0100] "GET /js/jquery.lazyload.min.js?v=6.6.7.2.41064 HTTP/1.1" 200 3342
no-mans-land.m247.com - - [23/Nov/2017:12:09:58 +0100] "GET /js/).html(a);null==$( HTTP/1.1" 200 219
no-mans-land.m247.com - - [23/Nov/2017:12:09:59 +0100] "GET /js/index.php?sid=46&lang=en&item=1&act=users&ajax=state HTTP/1.1" 200 210
no-mans-land.m247.com - - [23/Nov/2017:12:10:00 +0100] "GET /aktuelles-wetter HTTP/1.1" 200 18388
no-mans-land.m247.com - - [23/Nov/2017:12:10:01 +0100] "GET /davosersee HTTP/1.1" 200 19505
no-mans-land.m247.com - - [23/Nov/2017:12:10:01 +0100] "GET /event-matchracing HTTP/1.1" 200 21251
no-mans-land.m247.com - - [23/Nov/2017:12:10:01 +0100] "GET /event-gruppesmartkat HTTP/1.1" 200 21256
no-mans-land.m247.com - - [23/Nov/2017:12:10:01 +0100] "GET /event-pedalo HTTP/1.1" 200 20248
no-mans-land.m247.com - - [23/Nov/2017:12:10:02 +0100] "GET /events HTTP/1.1" 200 22514
msnbot-157-55-39-65.search.msn.com - - [23/Nov/2017:12:23:27 +0100] "GET /galerie.shtml HTTP/1.1" 200 4483
msnbot-157-55-39-205.search.msn.com - - [23/Nov/2017:12:49:30 +0100] "GET /var/m_0/0d/0dd/12455/6564603-SK_Tro_Head.jpg HTTP/1.1" 200 136780
46-118-119-80.broadband.kyivstar.net - - [23/Nov/2017:12:53:46 +0100] "GET / HTTP/1.1" 200 35804
46-118-119-80.broadband.kyivstar.net - - [23/Nov/2017:12:53:47 +0100] "GET / HTTP/1.1" 200 35804
46-118-119-80.broadband.kyivstar.net - - [23/Nov/2017:12:53:49 +0100] "GET / HTTP/1.1" 200 35804
