b110041.yse.yahoo.net - - [08/Dec/2017:20:05:25 +0100] "GET /robots.txt HTTP/1.1" 200 120
b110041.yse.yahoo.net - - [08/Dec/2017:20:05:26 +0100] "GET /events HTTP/1.1" 200 5296
66.rbx.abcvg.ovh - - [08/Dec/2017:20:13:30 +0100] "GET / HTTP/1.1" 200 6440
acontecendo-199-53-154-195.acontecendoagora.com.br - - [08/Dec/2017:20:26:25 +0100] "GET / HTTP/1.1" 200 35804
acontecendo-199-53-154-195.acontecendoagora.com.br - - [08/Dec/2017:20:26:30 +0100] "GET /events.shtml HTTP/1.1" 200 22514
acontecendo-199-53-154-195.acontecendoagora.com.br - - [08/Dec/2017:20:26:31 +0100] "GET /galerie.shtml HTTP/1.1" 200 22747
acontecendo-199-53-154-195.acontecendoagora.com.br - - [08/Dec/2017:20:26:33 +0100] "GET /kurse.shtml HTTP/1.1" 200 31031
acontecendo-199-53-154-195.acontecendoagora.com.br - - [08/Dec/2017:20:26:37 +0100] "GET /vermietung.shtml HTTP/1.1" 200 25728
acontecendo-199-53-154-195.acontecendoagora.com.br - - [08/Dec/2017:20:26:41 +0100] "GET /event-gruppesmartkat.shtml HTTP/1.1" 200 21256
acontecendo-199-53-154-195.acontecendoagora.com.br - - [08/Dec/2017:20:26:43 +0100] "GET /event-matchracing.shtml HTTP/1.1" 200 21251
acontecendo-199-53-154-195.acontecendoagora.com.br - - [08/Dec/2017:20:26:47 +0100] "GET /event-pedalo.shtml HTTP/1.1" 200 20248
acontecendo-199-53-154-195.acontecendoagora.com.br - - [08/Dec/2017:20:26:48 +0100] "GET /galerie-gruppesmartkat.shtml HTTP/1.1" 200 20574
acontecendo-199-53-154-195.acontecendoagora.com.br - - [08/Dec/2017:20:26:51 +0100] "GET /galerie-matchracing.shtml HTTP/1.1" 200 21704
acontecendo-199-53-154-195.acontecendoagora.com.br - - [08/Dec/2017:20:26:57 +0100] "GET /galerie-sktrophy-2014.shtml HTTP/1.1" 200 29913
acontecendo-199-53-154-195.acontecendoagora.com.br - - [08/Dec/2017:20:26:59 +0100] "GET /galerie-sktrophy-2015.shtml HTTP/1.1" 200 49420
acontecendo-199-53-154-195.acontecendoagora.com.br - - [08/Dec/2017:20:27:04 +0100] "GET /optikurse-2014.shtml HTTP/1.1" 200 26353
acontecendo-199-53-154-195.acontecendoagora.com.br - - [08/Dec/2017:20:27:07 +0100] "GET /kinder-segelkurs.shtml HTTP/1.1" 200 19898
acontecendo-199-53-154-195.acontecendoagora.com.br - - [08/Dec/2017:20:27:09 +0100] "GET /pruefungskurs.shtml HTTP/1.1" 200 23039
acontecendo-199-53-154-195.acontecendoagora.com.br - - [08/Dec/2017:20:27:15 +0100] "GET /segel-grundkurs.shtml HTTP/1.1" 200 21440
acontecendo-199-53-154-195.acontecendoagora.com.br - - [08/Dec/2017:20:27:16 +0100] "GET /segelkurs-jollesmartkat.shtml HTTP/1.1" 200 19993
acontecendo-199-53-154-195.acontecendoagora.com.br - - [08/Dec/2017:20:27:17 +0100] "GET /smartkat-crashkurs.shtml HTTP/1.1" 200 17863
acontecendo-199-53-154-195.acontecendoagora.com.br - - [08/Dec/2017:20:27:19 +0100] "GET /flotte.shtml HTTP/1.1" 200 29241
acontecendo-199-53-154-195.acontecendoagora.com.br - - [08/Dec/2017:20:27:26 +0100] "GET /js/functions_stripped.js?v=6.6.7.2.41064 HTTP/1.1" 200 7672
acontecendo-199-53-154-195.acontecendoagora.com.br - - [08/Dec/2017:20:27:28 +0100] "GET /Perspectiva.html? HTTP/1.1" 200 18069
acontecendo-199-53-154-195.acontecendoagora.com.br - - [08/Dec/2017:20:27:31 +0100] "GET /js/jquery.lazyload.min.js?v=6.6.7.2.41064 HTTP/1.1" 200 3342
acontecendo-199-53-154-195.acontecendoagora.com.br - - [08/Dec/2017:20:27:36 +0100] "GET /aktuelles-wetter HTTP/1.1" 200 18388
acontecendo-199-53-154-195.acontecendoagora.com.br - - [08/Dec/2017:20:27:36 +0100] "GET /js/).html(a);null==$( HTTP/1.1" 200 219
acontecendo-199-53-154-195.acontecendoagora.com.br - - [08/Dec/2017:20:27:37 +0100] "GET /davosersee HTTP/1.1" 200 19505
acontecendo-199-53-154-195.acontecendoagora.com.br - - [08/Dec/2017:20:27:39 +0100] "GET /event-gruppesmartkat HTTP/1.1" 200 21256
acontecendo-199-53-154-195.acontecendoagora.com.br - - [08/Dec/2017:20:27:41 +0100] "GET /event-matchracing HTTP/1.1" 200 21251
acontecendo-199-53-154-195.acontecendoagora.com.br - - [08/Dec/2017:20:27:42 +0100] "GET /event-pedalo HTTP/1.1" 200 20248
acontecendo-199-53-154-195.acontecendoagora.com.br - - [08/Dec/2017:20:27:46 +0100] "GET /events HTTP/1.1" 200 22514
acontecendo-199-53-154-195.acontecendoagora.com.br - - [08/Dec/2017:20:27:47 +0100] "GET /flotte HTTP/1.1" 200 29385
customer.worldstream.nl - - [08/Dec/2017:20:30:43 +0100] "GET /phpMyAdmin/ HTTP/1.1" 200 18069
95-108-181-76.spider.yandex.com - - [08/Dec/2017:20:42:27 +0100] "GET /var/m_0/0d/0dd/12455/143485-G1_SKT2014_09.JPG HTTP/1.1" 200 117355
141-8-142-106.spider.yandex.com - - [08/Dec/2017:20:44:10 +0100] "GET /var/m_0/0d/0dd/12455/143513-G2_Optikurs2014_08.jpg HTTP/1.1" 200 167068
37-9-113-206.spider.yandex.com - - [08/Dec/2017:20:44:42 +0100] "GET /var/m_0/0d/0dd/12455/7230912-G5_Matchracing_09.jpg HTTP/1.1" 200 72435
87-250-224-53.spider.yandex.com - - [08/Dec/2017:20:45:03 +0100] "GET /var/m_0/0d/0dd/12455/143508-G2_Optikurs2014_03.JPG HTTP/1.1" 200 116444
