crawl-66-249-64-30.googlebot.com - - [12/Dec/2017:23:03:33 +0100] "GET /favicon.ico HTTP/1.1" 200 1150
crawl-66-249-64-28.googlebot.com - - [12/Dec/2017:23:03:40 +0100] "GET /robots.txt HTTP/1.1" 200 80
crawl-66-249-64-27.googlebot.com - - [12/Dec/2017:23:03:40 +0100] "GET /flotte HTTP/1.1" 200 6274
crawl-66-249-64-29.googlebot.com - - [12/Dec/2017:23:04:02 +0100] "GET /css/widgets/concat_widget.min.css?v=6.6.7.2.41064 HTTP/1.1" 200 24507
crawl-66-249-64-28.googlebot.com - - [12/Dec/2017:23:04:02 +0100] "GET /css/skeleton.css HTTP/1.1" 200 3511
ip64.ip-54-36-24.eu - - [12/Dec/2017:23:06:36 +0100] "GET / HTTP/1.1" 200 35804
ip64.ip-54-36-24.eu - - [12/Dec/2017:23:06:36 +0100] "GET /%C3%BCber-uns.shtml HTTP/1.1" 200 21862
ip64.ip-54-36-24.eu - - [12/Dec/2017:23:06:37 +0100] "GET /aktuelles-wetter.shtml HTTP/1.1" 200 18388
ip64.ip-54-36-24.eu - - [12/Dec/2017:23:06:38 +0100] "GET /davosersee.shtml HTTP/1.1" 200 19505
ip64.ip-54-36-24.eu - - [12/Dec/2017:23:06:38 +0100] "GET /event-gruppesmartkat.shtml HTTP/1.1" 200 21256
ip64.ip-54-36-24.eu - - [12/Dec/2017:23:06:39 +0100] "GET /event-matchracing.shtml HTTP/1.1" 200 21251
ip64.ip-54-36-24.eu - - [12/Dec/2017:23:06:40 +0100] "GET /events.shtml HTTP/1.1" 200 22514
ip64.ip-54-36-24.eu - - [12/Dec/2017:23:06:40 +0100] "GET /event-pedalo.shtml HTTP/1.1" 200 20248
ip64.ip-54-36-24.eu - - [12/Dec/2017:23:06:41 +0100] "GET /flotte.shtml HTTP/1.1" 200 29241
ip64.ip-54-36-24.eu - - [12/Dec/2017:23:06:41 +0100] "GET /galerie-gruppesmartkat.shtml HTTP/1.1" 200 20574
ip64.ip-54-36-24.eu - - [12/Dec/2017:23:06:41 +0100] "GET /galerie-matchracing.shtml HTTP/1.1" 200 21704
ip64.ip-54-36-24.eu - - [12/Dec/2017:23:06:41 +0100] "GET /galerie-sktrophy-2014.shtml HTTP/1.1" 200 29913
ip64.ip-54-36-24.eu - - [12/Dec/2017:23:06:42 +0100] "GET /galerie-sktrophy-2015.shtml HTTP/1.1" 200 49420
ip64.ip-54-36-24.eu - - [12/Dec/2017:23:06:42 +0100] "GET /kinder-segelkurs.shtml HTTP/1.1" 200 19898
ip64.ip-54-36-24.eu - - [12/Dec/2017:23:06:42 +0100] "GET /kursanmeldung.shtml HTTP/1.1" 200 49926
ip64.ip-54-36-24.eu - - [12/Dec/2017:23:06:42 +0100] "GET /galerie.shtml HTTP/1.1" 200 22747
ip64.ip-54-36-24.eu - - [12/Dec/2017:23:06:43 +0100] "GET /optikurse-2014.shtml HTTP/1.1" 200 26353
ip64.ip-54-36-24.eu - - [12/Dec/2017:23:06:43 +0100] "GET /kurse.shtml HTTP/1.1" 200 31031
ip64.ip-54-36-24.eu - - [12/Dec/2017:23:06:44 +0100] "GET /pruefungskurs.shtml HTTP/1.1" 200 23039
ip64.ip-54-36-24.eu - - [12/Dec/2017:23:06:44 +0100] "GET /segel-grundkurs.shtml HTTP/1.1" 200 21440
ip64.ip-54-36-24.eu - - [12/Dec/2017:23:06:44 +0100] "GET /segelkurs-jollesmartkat.shtml HTTP/1.1" 200 19993
ip64.ip-54-36-24.eu - - [12/Dec/2017:23:06:45 +0100] "GET /standort.shtml HTTP/1.1" 200 17547
ip64.ip-54-36-24.eu - - [12/Dec/2017:23:06:45 +0100] "GET /js/jquery.lazyload.min.js?v=6.6.7.2.41064 HTTP/1.1" 200 3342
ip64.ip-54-36-24.eu - - [12/Dec/2017:23:06:45 +0100] "GET /vermietung.shtml HTTP/1.1" 200 25728
ip64.ip-54-36-24.eu - - [12/Dec/2017:23:06:45 +0100] "GET /Perspectiva.html? HTTP/1.1" 200 18069
ip64.ip-54-36-24.eu - - [12/Dec/2017:23:06:45 +0100] "GET /smartkat-crashkurs.shtml HTTP/1.1" 200 17863
ip64.ip-54-36-24.eu - - [12/Dec/2017:23:06:45 +0100] "GET /js/functions_stripped.js?v=6.6.7.2.41064 HTTP/1.1" 200 7672
ip64.ip-54-36-24.eu - - [12/Dec/2017:23:06:46 +0100] "GET /aktuelles-wetter HTTP/1.1" 200 18388
46-118-157-50.broadband.kyivstar.net - - [12/Dec/2017:23:08:02 +0100] "GET / HTTP/1.1" 200 35804
46-118-157-50.broadband.kyivstar.net - - [12/Dec/2017:23:08:04 +0100] "GET / HTTP/1.1" 200 35804
46-118-157-50.broadband.kyivstar.net - - [12/Dec/2017:23:08:04 +0100] "GET / HTTP/1.1" 200 35804
static.34.59.201.138.clients.your-server.de - - [12/Dec/2017:23:55:16 +0100] "GET /robots.txt HTTP/1.0" 200 120
static.34.59.201.138.clients.your-server.de - - [12/Dec/2017:23:55:18 +0100] "GET / HTTP/1.0" 200 35804
static.34.59.201.138.clients.your-server.de - - [12/Dec/2017:23:55:21 +0100] "GET /templates/resellers/7/favicon.ico?v=1506103971 HTTP/1.0" 200 4286
static.34.59.201.138.clients.your-server.de - - [12/Dec/2017:23:55:23 +0100] "GET /css/widgets/concat_widget.min.css?v=6.6.7.2.41064 HTTP/1.0" 200 138686
static.34.59.201.138.clients.your-server.de - - [12/Dec/2017:23:55:25 +0100] "GET /templates/creator/m_f/fa/fa7/164/css/main.min.css?v=1483633820 HTTP/1.0" 200 7582
static.34.59.201.138.clients.your-server.de - - [12/Dec/2017:23:55:26 +0100] "GET /templates/creator/m_f/fa/fa7/164/css/style.min.css?v=1483633820 HTTP/1.0" 200 2787
static.34.59.201.138.clients.your-server.de - - [12/Dec/2017:23:55:28 +0100] "GET /js/footer/get_deps.min.js?v=6.6.7.2.41064 HTTP/1.0" 200 149
static.34.59.201.138.clients.your-server.de - - [12/Dec/2017:23:55:30 +0100] "GET /js/footer/build_social_entries.min.js?v=6.6.7.2.41064 HTTP/1.0" 200 766
static.34.59.201.138.clients.your-server.de - - [12/Dec/2017:23:55:32 +0100] "GET /css/skeleton.css HTTP/1.0" 200 18022
