msnbot-207-46-13-119.search.msn.com - - [26/Nov/2017:05:31:36 +0100] "GET /%C3%83%C2%BCber-uns.shtml HTTP/1.1" 200 4297
us.us-oil-reporteronline.com - - [26/Nov/2017:05:48:07 +0100] "GET / HTTP/1.0" 200 35804
us.us-oil-reporteronline.com - - [26/Nov/2017:05:48:08 +0100] "GET /css/widgets/concat_widget.min.css?v=6.6.7.2.41064 HTTP/1.0" 200 138686
us.us-oil-reporteronline.com - - [26/Nov/2017:05:48:08 +0100] "GET /templates/resellers/7/favicon.ico?v=1506103971 HTTP/1.0" 200 4286
us.us-oil-reporteronline.com - - [26/Nov/2017:05:48:09 +0100] "GET /templates/creator/m_f/fa/fa7/164/css/main.min.css?v=1483633820 HTTP/1.0" 200 7582
us.us-oil-reporteronline.com - - [26/Nov/2017:05:48:10 +0100] "GET /templates/creator/m_f/fa/fa7/164/css/style.min.css?v=1483633820 HTTP/1.0" 200 2787
us.us-oil-reporteronline.com - - [26/Nov/2017:05:48:10 +0100] "GET /davosersee.shtml HTTP/1.0" 200 19505
us.us-oil-reporteronline.com - - [26/Nov/2017:05:48:11 +0100] "GET /kinder-segelkurs.shtml HTTP/1.0" 200 19898
us.us-oil-reporteronline.com - - [26/Nov/2017:05:48:11 +0100] "GET /kurse.shtml HTTP/1.0" 200 31031
us.us-oil-reporteronline.com - - [26/Nov/2017:05:48:12 +0100] "GET /segelkurs-jollesmartkat.shtml HTTP/1.0" 200 19993
us.us-oil-reporteronline.com - - [26/Nov/2017:05:48:13 +0100] "GET /smartkat-crashkurs.shtml HTTP/1.0" 200 17863
us.us-oil-reporteronline.com - - [26/Nov/2017:05:48:13 +0100] "GET /segel-grundkurs.shtml HTTP/1.0" 200 21440
us.us-oil-reporteronline.com - - [26/Nov/2017:05:48:14 +0100] "GET /pruefungskurs.shtml HTTP/1.0" 200 23039
us.us-oil-reporteronline.com - - [26/Nov/2017:05:48:15 +0100] "GET /events.shtml HTTP/1.0" 200 22514
us.us-oil-reporteronline.com - - [26/Nov/2017:05:48:15 +0100] "GET /event-gruppesmartkat.shtml HTTP/1.0" 200 21256
us.us-oil-reporteronline.com - - [26/Nov/2017:05:48:16 +0100] "GET /event-pedalo.shtml HTTP/1.0" 200 20248
us.us-oil-reporteronline.com - - [26/Nov/2017:05:48:16 +0100] "GET /event-matchracing.shtml HTTP/1.0" 200 21251
us.us-oil-reporteronline.com - - [26/Nov/2017:05:48:17 +0100] "GET /flotte.shtml HTTP/1.0" 200 29241
us.us-oil-reporteronline.com - - [26/Nov/2017:05:48:18 +0100] "GET /vermietung.shtml HTTP/1.0" 200 25728
us.us-oil-reporteronline.com - - [26/Nov/2017:05:48:19 +0100] "GET /galerie.shtml HTTP/1.0" 200 22747
us.us-oil-reporteronline.com - - [26/Nov/2017:05:48:20 +0100] "GET /galerie-sktrophy-2015.shtml HTTP/1.0" 200 49420
us.us-oil-reporteronline.com - - [26/Nov/2017:05:48:20 +0100] "GET /galerie-matchracing.shtml HTTP/1.0" 200 21704
us.us-oil-reporteronline.com - - [26/Nov/2017:05:48:21 +0100] "GET /galerie-gruppesmartkat.shtml HTTP/1.0" 200 20574
us.us-oil-reporteronline.com - - [26/Nov/2017:05:48:22 +0100] "GET /galerie-sktrophy-2014.shtml HTTP/1.0" 200 29913
us.us-oil-reporteronline.com - - [26/Nov/2017:05:48:22 +0100] "GET /optikurse-2014.shtml HTTP/1.0" 200 26353
us.us-oil-reporteronline.com - - [26/Nov/2017:05:48:23 +0100] "GET /%C3%BCber-uns.shtml HTTP/1.0" 200 21862
us.us-oil-reporteronline.com - - [26/Nov/2017:05:48:23 +0100] "GET /standort.shtml HTTP/1.0" 200 17547
us.us-oil-reporteronline.com - - [26/Nov/2017:05:48:24 +0100] "GET /kursanmeldung.shtml HTTP/1.0" 200 49926
us.us-oil-reporteronline.com - - [26/Nov/2017:05:48:25 +0100] "GET /templates/resellers/7/favicon.ico?v=1506147110 HTTP/1.0" 200 4286
us.us-oil-reporteronline.com - - [26/Nov/2017:05:48:25 +0100] "GET /aktuelles-wetter.shtml HTTP/1.0" 200 18388
us.us-oil-reporteronline.com - - [26/Nov/2017:05:48:26 +0100] "GET /davosersee HTTP/1.0" 200 19505
us.us-oil-reporteronline.com - - [26/Nov/2017:05:48:26 +0100] "GET /templates/resellers/7/favicon.ico?v=1506147134 HTTP/1.0" 200 4286
us.us-oil-reporteronline.com - - [26/Nov/2017:05:48:27 +0100] "GET /templates/resellers/7/favicon.ico?v=1506147131 HTTP/1.0" 200 4286
us.us-oil-reporteronline.com - - [26/Nov/2017:05:48:27 +0100] "GET /kurse HTTP/1.0" 200 31031
us.us-oil-reporteronline.com - - [26/Nov/2017:05:48:28 +0100] "GET /kinder-segelkurs HTTP/1.0" 200 19898
us.us-oil-reporteronline.com - - [26/Nov/2017:05:48:28 +0100] "GET /templates/resellers/7/favicon.ico?v=1506149035 HTTP/1.0" 200 4286
us.us-oil-reporteronline.com - - [26/Nov/2017:05:48:30 +0100] "GET /segelkurs-jollesmartkat HTTP/1.0" 200 20137
us.us-oil-reporteronline.com - - [26/Nov/2017:05:48:30 +0100] "GET /templates/resellers/7/favicon.ico?v=1506149037 HTTP/1.0" 200 4286
us.us-oil-reporteronline.com - - [26/Nov/2017:05:48:31 +0100] "GET /smartkat-crashkurs HTTP/1.0" 200 18007
us.us-oil-reporteronline.com - - [26/Nov/2017:05:48:32 +0100] "GET /templates/resellers/7/favicon.ico?v=1506149034 HTTP/1.0" 200 4286
us.us-oil-reporteronline.com - - [26/Nov/2017:05:48:32 +0100] "GET /segel-grundkurs HTTP/1.0" 200 21440
us.us-oil-reporteronline.com - - [26/Nov/2017:05:48:33 +0100] "GET /templates/resellers/7/favicon.ico?v=1506149031 HTTP/1.0" 200 4286
us.us-oil-reporteronline.com - - [26/Nov/2017:05:48:33 +0100] "GET /pruefungskurs HTTP/1.0" 200 23039
us.us-oil-reporteronline.com - - [26/Nov/2017:05:48:34 +0100] "GET /events HTTP/1.0" 200 22514
us.us-oil-reporteronline.com - - [26/Nov/2017:05:48:34 +0100] "GET /templates/resellers/7/favicon.ico?v=1506147118 HTTP/1.0" 200 4286
us.us-oil-reporteronline.com - - [26/Nov/2017:05:48:35 +0100] "GET /templates/resellers/7/favicon.ico?v=1506149005 HTTP/1.0" 200 4286
us.us-oil-reporteronline.com - - [26/Nov/2017:05:48:35 +0100] "GET /event-gruppesmartkat HTTP/1.0" 200 21256
us.us-oil-reporteronline.com - - [26/Nov/2017:05:48:35 +0100] "GET /js/fancybox2/jquery.fancybox.min.css?v=6.6.7.2.41064 HTTP/1.0" 200 3077
us.us-oil-reporteronline.com - - [26/Nov/2017:05:48:36 +0100] "GET /templates/resellers/7/favicon.ico?v=1506147113 HTTP/1.0" 200 4286
us.us-oil-reporteronline.com - - [26/Nov/2017:05:48:37 +0100] "GET /event-matchracing HTTP/1.0" 200 21251
us.us-oil-reporteronline.com - - [26/Nov/2017:05:48:37 +0100] "GET /templates/resellers/7/favicon.ico?v=1506147116 HTTP/1.0" 200 4286
hydrogen009.a.ahrefs.com - - [26/Nov/2017:05:59:31 +0100] "GET /var/m_0/0d/0dd/12455/6564738-G3_SKT2015_62.jpg HTTP/1.1" 200 114801
