1-joined.fatsys.net - - [29/Sep/2017:13:51:33 +0200] "GET / HTTP/1.1" 200 35804
1-joined.fatsys.net - - [29/Sep/2017:13:51:35 +0200] "GET /events.shtml HTTP/1.1" 200 22514
1-joined.fatsys.net - - [29/Sep/2017:13:51:36 +0200] "GET /galerie.shtml HTTP/1.1" 200 22747
1-joined.fatsys.net - - [29/Sep/2017:13:51:40 +0200] "GET /kurse.shtml HTTP/1.1" 200 31031
1-joined.fatsys.net - - [29/Sep/2017:13:51:40 +0200] "GET /vermietung.shtml HTTP/1.1" 200 25728
1-joined.fatsys.net - - [29/Sep/2017:13:51:41 +0200] "GET /event-gruppesmartkat.shtml HTTP/1.1" 200 21256
1-joined.fatsys.net - - [29/Sep/2017:13:51:43 +0200] "GET /event-matchracing.shtml HTTP/1.1" 200 21251
1-joined.fatsys.net - - [29/Sep/2017:13:51:44 +0200] "GET /event-pedalo.shtml HTTP/1.1" 200 20248
1-joined.fatsys.net - - [29/Sep/2017:13:51:44 +0200] "GET /galerie-gruppesmartkat.shtml HTTP/1.1" 200 20574
1-joined.fatsys.net - - [29/Sep/2017:13:51:45 +0200] "GET /galerie-matchracing.shtml HTTP/1.1" 200 21704
1-joined.fatsys.net - - [29/Sep/2017:13:51:46 +0200] "GET /galerie-sktrophy-2014.shtml HTTP/1.1" 200 29913
1-joined.fatsys.net - - [29/Sep/2017:13:51:47 +0200] "GET /galerie-sktrophy-2015.shtml HTTP/1.1" 200 49420
1-joined.fatsys.net - - [29/Sep/2017:13:51:48 +0200] "GET /kinder-segelkurs.shtml HTTP/1.1" 200 19898
1-joined.fatsys.net - - [29/Sep/2017:13:51:48 +0200] "GET /optikurse-2014.shtml HTTP/1.1" 200 26353
1-joined.fatsys.net - - [29/Sep/2017:13:51:49 +0200] "GET /pruefungskurs.shtml HTTP/1.1" 200 23039
1-joined.fatsys.net - - [29/Sep/2017:13:51:50 +0200] "GET /segelkurs-jollesmartkat.shtml HTTP/1.1" 200 19993
1-joined.fatsys.net - - [29/Sep/2017:13:51:50 +0200] "GET /segel-grundkurs.shtml HTTP/1.1" 200 21440
1-joined.fatsys.net - - [29/Sep/2017:13:51:51 +0200] "GET /flotte.shtml HTTP/1.1" 200 29241
1-joined.fatsys.net - - [29/Sep/2017:13:51:51 +0200] "GET /smartkat-crashkurs.shtml HTTP/1.1" 200 17863
1-joined.fatsys.net - - [29/Sep/2017:13:51:51 +0200] "GET /js/functions_stripped.js?v=6.6.7.2.41064 HTTP/1.1" 200 7672
1-joined.fatsys.net - - [29/Sep/2017:13:51:52 +0200] "GET /js/jquery.lazyload.min.js?v=6.6.7.2.41064 HTTP/1.1" 200 3342
1-joined.fatsys.net - - [29/Sep/2017:13:51:52 +0200] "GET /Perspectiva.html? HTTP/1.1" 200 18069
1-joined.fatsys.net - - [29/Sep/2017:13:51:53 +0200] "GET /js/).html(a);null==$( HTTP/1.1" 200 219
hydrogen203.a.ahrefs.com - - [29/Sep/2017:13:51:54 +0200] "GET /segelkurs-jollesmartkat HTTP/1.1" 200 5140
1-joined.fatsys.net - - [29/Sep/2017:13:51:53 +0200] "GET /js/index.php?sid=46&lang=en&item=1&act=users&ajax=state HTTP/1.1" 200 210
1-joined.fatsys.net - - [29/Sep/2017:13:51:56 +0200] "GET /aktuelles-wetter HTTP/1.1" 200 18388
1-joined.fatsys.net - - [29/Sep/2017:13:51:56 +0200] "GET /davosersee HTTP/1.1" 200 19505
1-joined.fatsys.net - - [29/Sep/2017:13:51:57 +0200] "GET /event-gruppesmartkat HTTP/1.1" 200 21256
1-joined.fatsys.net - - [29/Sep/2017:13:51:58 +0200] "GET /event-matchracing HTTP/1.1" 200 21251
1-joined.fatsys.net - - [29/Sep/2017:13:51:59 +0200] "GET /events HTTP/1.1" 200 22514
1-joined.fatsys.net - - [29/Sep/2017:13:51:59 +0200] "GET /event-pedalo HTTP/1.1" 200 20248
