b110041.yse.yahoo.net - - [27/Nov/2017:21:13:18 +0100] "GET /robots.txt HTTP/1.1" 200 120
b110041.yse.yahoo.net - - [27/Nov/2017:21:13:18 +0100] "GET /events HTTP/1.1" 200 5296
95-108-181-76.spider.yandex.com - - [27/Nov/2017:21:19:58 +0100] "GET /robots.txt HTTP/1.1" 200 120
37-9-113-206.spider.yandex.com - - [27/Nov/2017:21:20:02 +0100] "GET /var/m_0/0d/0dd/12455/126125-42_Standort.JPG HTTP/1.1" 200 63490
msnbot-199-30-25-88.search.msn.com - - [27/Nov/2017:21:26:02 +0100] "GET /css/widgets/concat_widget.min.css?v=6.6.7.2.41064 HTTP/1.1" 200 138686
msnbot-65-55-210-66.search.msn.com - - [27/Nov/2017:21:26:04 +0100] "GET /templates/creator/m_f/fa/fa7/164/css/main.min.css?v=1483633820 HTTP/1.1" 200 7582
msnbot-199-30-25-47.search.msn.com - - [27/Nov/2017:21:26:05 +0100] "GET /templates/creator/m_f/fa/fa7/164/css/style.min.css?v=1483633820 HTTP/1.1" 200 2787
msnbot-199-30-25-88.search.msn.com - - [27/Nov/2017:21:26:06 +0100] "GET /js/footer/get_deps.min.js?v=6.6.7.2.41064 HTTP/1.1" 200 149
msnbot-65-55-210-190.search.msn.com - - [27/Nov/2017:21:26:07 +0100] "GET /js/footer/build_social_entries.min.js?v=6.6.7.2.41064 HTTP/1.1" 200 766
msnbot-199-30-25-29.search.msn.com - - [27/Nov/2017:21:26:09 +0100] "GET /css/skeleton.css HTTP/1.1" 200 18022
msnbot-65-55-210-60.search.msn.com - - [27/Nov/2017:21:26:10 +0100] "GET /templates/creator/m_f/fa/fa7/164/assets/wp-menu.js?v=1483633820 HTTP/1.1" 200 3661
msnbot-199-30-25-29.search.msn.com - - [27/Nov/2017:21:26:11 +0100] "GET /templates/creator/m_f/fa/fa7/164/assets/respond.min.js?v=1483633820 HTTP/1.1" 200 4070
msnbot-65-55-210-66.search.msn.com - - [27/Nov/2017:21:26:12 +0100] "GET /js/functions_stripped.js?v=6.6.7.2.41064 HTTP/1.1" 200 7672
msnbot-199-30-25-153.search.msn.com - - [27/Nov/2017:21:26:13 +0100] "GET /var/m_0/0d/0dd/12455/143352-Header_Segelschule_2.jpg HTTP/1.1" 200 107532
msnbot-65-55-210-115.search.msn.com - - [27/Nov/2017:21:26:14 +0100] "GET /js/jquery.lazyload.min.js?v=6.6.7.2.41064 HTTP/1.1" 200 3342
msnbot-199-30-24-124.search.msn.com - - [27/Nov/2017:21:26:16 +0100] "GET /var/m_0/0d/0dd/12455/125498-31_Sprinto.JPG HTTP/1.1" 200 60889
msnbot-199-30-25-58.search.msn.com - - [27/Nov/2017:21:26:17 +0100] "GET /var/m_0/0d/0dd/12455/125499-32_Smartkat.JPG HTTP/1.1" 200 60966
msnbot-65-55-210-96.search.msn.com - - [27/Nov/2017:21:26:18 +0100] "GET /var/m_0/0d/0dd/12455/125500-33_Opti.jpg HTTP/1.1" 200 104538
msnbot-65-55-210-66.search.msn.com - - [27/Nov/2017:21:26:19 +0100] "GET /var/m_0/0d/0dd/12455/125501-34_Laser.jpg HTTP/1.1" 200 52750
msnbot-65-55-210-60.search.msn.com - - [27/Nov/2017:21:26:20 +0100] "GET /var/m_0/0d/0dd/12455/7441200-35_Finn4.jpg HTTP/1.1" 200 211101
msnbot-199-30-25-65.search.msn.com - - [27/Nov/2017:21:26:22 +0100] "GET /var/m_0/0d/0dd/12455/125503-36_420er.jpg HTTP/1.1" 200 61172
msnbot-65-55-210-60.search.msn.com - - [27/Nov/2017:21:26:22 +0100] "GET /var/m_0/0d/0dd/12455/7441141-37_Pedalo.jpg HTTP/1.1" 200 195132
msnbot-207-46-13-119.search.msn.com - - [27/Nov/2017:21:36:11 +0100] "GET /index.php?option=com_content&task=view&id=48&Itemid=115 HTTP/1.1" 302 -
hydrogen160.a.ahrefs.com - - [27/Nov/2017:21:38:09 +0100] "GET /var/m_0/0d/0dd/12455/6564711-G3_SKT2015_39.jpg HTTP/1.1" 200 101712
msnbot-157-55-39-65.search.msn.com - - [27/Nov/2017:21:40:06 +0100] "GET /galerie.shtml HTTP/1.1" 200 4483
baiduspider-180-76-15-16.crawl.baidu.com - - [27/Nov/2017:21:41:16 +0100] "GET /js/footer/get_deps.min.js HTTP/1.1" 200 157
95-108-181-76.spider.yandex.com - - [27/Nov/2017:21:45:59 +0100] "GET /var/m_0/0d/0dd/12455/143584-SP_Lemm1.jpg HTTP/1.1" 200 2321
