46-118-154-197.broadband.kyivstar.net - - [30/Sep/2017:04:04:24 +0200] "GET / HTTP/1.1" 200 35804
46-118-154-197.broadband.kyivstar.net - - [30/Sep/2017:04:04:26 +0200] "GET / HTTP/1.1" 200 35804
46-118-154-197.broadband.kyivstar.net - - [30/Sep/2017:04:04:27 +0200] "GET / HTTP/1.1" 200 35804
hydrogen173.a.ahrefs.com - - [30/Sep/2017:04:08:13 +0200] "GET /var/m_0/0d/0dd/12455/6564735-G3_SKT2015_60.jpg HTTP/1.1" 200 102335
172-245-222-13-host.colocrossing.com - - [30/Sep/2017:04:08:22 +0200] "GET / HTTP/1.1" 200 35804
172-245-222-13-host.colocrossing.com - - [30/Sep/2017:04:08:29 +0200] "GET /events.shtml HTTP/1.1" 200 22514
172-245-222-13-host.colocrossing.com - - [30/Sep/2017:04:08:32 +0200] "GET /galerie.shtml HTTP/1.1" 200 22747
172-245-222-13-host.colocrossing.com - - [30/Sep/2017:04:08:36 +0200] "GET /kurse.shtml HTTP/1.1" 200 31031
172-245-222-13-host.colocrossing.com - - [30/Sep/2017:04:08:43 +0200] "GET /vermietung.shtml HTTP/1.1" 200 25728
172-245-222-13-host.colocrossing.com - - [30/Sep/2017:04:08:44 +0200] "GET /event-gruppesmartkat.shtml HTTP/1.1" 200 21256
172-245-222-13-host.colocrossing.com - - [30/Sep/2017:04:08:48 +0200] "GET /event-matchracing.shtml HTTP/1.1" 200 21251
172-245-222-13-host.colocrossing.com - - [30/Sep/2017:04:08:50 +0200] "GET /event-pedalo.shtml HTTP/1.1" 200 20248
172-245-222-13-host.colocrossing.com - - [30/Sep/2017:04:08:58 +0200] "GET /galerie-gruppesmartkat.shtml HTTP/1.1" 200 20574
172-245-222-13-host.colocrossing.com - - [30/Sep/2017:04:09:06 +0200] "GET /galerie-matchracing.shtml HTTP/1.1" 200 21704
172-245-222-13-host.colocrossing.com - - [30/Sep/2017:04:09:24 +0200] "GET /galerie-sktrophy-2014.shtml HTTP/1.1" 200 29913
172-245-222-13-host.colocrossing.com - - [30/Sep/2017:04:09:26 +0200] "GET /galerie-sktrophy-2015.shtml HTTP/1.1" 200 49420
172-245-222-13-host.colocrossing.com - - [30/Sep/2017:04:09:28 +0200] "GET /kinder-segelkurs.shtml HTTP/1.1" 200 19898
172-245-222-13-host.colocrossing.com - - [30/Sep/2017:04:09:28 +0200] "GET /optikurse-2014.shtml HTTP/1.1" 200 26353
172-245-222-13-host.colocrossing.com - - [30/Sep/2017:04:09:31 +0200] "GET /pruefungskurs.shtml HTTP/1.1" 200 23039
172-245-222-13-host.colocrossing.com - - [30/Sep/2017:04:09:32 +0200] "GET /segel-grundkurs.shtml HTTP/1.1" 200 21440
172-245-222-13-host.colocrossing.com - - [30/Sep/2017:04:09:34 +0200] "GET /segelkurs-jollesmartkat.shtml HTTP/1.1" 200 19993
172-245-222-13-host.colocrossing.com - - [30/Sep/2017:04:09:36 +0200] "GET /smartkat-crashkurs.shtml HTTP/1.1" 200 17863
172-245-222-13-host.colocrossing.com - - [30/Sep/2017:04:09:36 +0200] "GET /flotte.shtml HTTP/1.1" 200 29241
172-245-222-13-host.colocrossing.com - - [30/Sep/2017:04:09:38 +0200] "GET /js/jquery.lazyload.min.js?v=6.6.7.2.41064 HTTP/1.1" 200 3342
172-245-222-13-host.colocrossing.com - - [30/Sep/2017:04:09:38 +0200] "GET /js/functions_stripped.js?v=6.6.7.2.41064 HTTP/1.1" 200 7672
172-245-222-13-host.colocrossing.com - - [30/Sep/2017:04:09:38 +0200] "GET /Perspectiva.html? HTTP/1.1" 200 18069
172-245-222-13-host.colocrossing.com - - [30/Sep/2017:04:09:39 +0200] "GET /js/).html(a);null==$( HTTP/1.1" 200 219
172-245-222-13-host.colocrossing.com - - [30/Sep/2017:04:09:40 +0200] "GET /js/index.php?sid=46&lang=en&item=1&act=users&ajax=state HTTP/1.1" 200 210
172-245-222-13-host.colocrossing.com - - [30/Sep/2017:04:09:41 +0200] "GET /aktuelles-wetter HTTP/1.1" 200 18388
172-245-222-13-host.colocrossing.com - - [30/Sep/2017:04:09:41 +0200] "GET /davosersee HTTP/1.1" 200 19505
172-245-222-13-host.colocrossing.com - - [30/Sep/2017:04:09:43 +0200] "GET /event-gruppesmartkat HTTP/1.1" 200 21256
172-245-222-13-host.colocrossing.com - - [30/Sep/2017:04:09:45 +0200] "GET /event-matchracing HTTP/1.1" 200 21251
172-245-222-13-host.colocrossing.com - - [30/Sep/2017:04:09:46 +0200] "GET /event-pedalo HTTP/1.1" 200 20248
172-245-222-13-host.colocrossing.com - - [30/Sep/2017:04:09:49 +0200] "GET /events HTTP/1.1" 200 22514
msnbot-207-46-13-28.search.msn.com - - [30/Sep/2017:04:14:49 +0200] "GET /%C3%BCber-uns.shtml HTTP/1.1" 200 4722
msnbot-157-55-39-36.search.msn.com - - [30/Sep/2017:04:14:56 +0200] "GET /robots.txt HTTP/1.1" 200 80
msnbot-157-55-39-36.search.msn.com - - [30/Sep/2017:04:14:57 +0200] "GET /robots.txt HTTP/1.1" 200 80
msnbot-157-55-39-36.search.msn.com - - [30/Sep/2017:04:14:57 +0200] "GET /robots.txt HTTP/1.1" 200 80
msnbot-157-55-39-36.search.msn.com - - [30/Sep/2017:04:14:57 +0200] "GET /robots.txt HTTP/1.1" 200 80
msnbot-157-55-39-36.search.msn.com - - [30/Sep/2017:04:14:57 +0200] "GET /robots.txt HTTP/1.1" 200 80
msnbot-157-55-39-36.search.msn.com - - [30/Sep/2017:04:14:57 +0200] "GET /robots.txt HTTP/1.1" 200 80
msnbot-157-55-39-36.search.msn.com - - [30/Sep/2017:04:14:57 +0200] "GET /robots.txt HTTP/1.1" 200 80
msnbot-157-55-39-36.search.msn.com - - [30/Sep/2017:04:14:58 +0200] "GET /robots.txt HTTP/1.1" 200 80
msnbot-157-55-39-36.search.msn.com - - [30/Sep/2017:04:14:58 +0200] "GET /robots.txt HTTP/1.1" 200 80
msnbot-157-55-39-36.search.msn.com - - [30/Sep/2017:04:14:58 +0200] "GET /robots.txt HTTP/1.1" 200 80
msnbot-157-55-39-36.search.msn.com - - [30/Sep/2017:04:14:58 +0200] "GET /robots.txt HTTP/1.1" 200 80
msnbot-157-55-39-36.search.msn.com - - [30/Sep/2017:04:15:01 +0200] "GET /css/skeleton.css HTTP/1.1" 200 3511
msnbot-157-55-39-36.search.msn.com - - [30/Sep/2017:04:15:02 +0200] "GET /js/footer/get_deps.min.js?v=6.6.7.2.41064 HTTP/1.1" 200 157
msnbot-157-55-39-36.search.msn.com - - [30/Sep/2017:04:15:02 +0200] "GET /templates/creator/m_f/fa/fa7/164/assets/respond.min.js?v=1483633820 HTTP/1.1" 200 2085
msnbot-207-46-13-157.search.msn.com - - [30/Sep/2017:04:15:19 +0200] "GET /templates/creator/m_f/fa/fa7/164/css/main.min.css?v=1483633820 HTTP/1.1" 200 1797
msnbot-207-46-13-157.search.msn.com - - [30/Sep/2017:04:15:19 +0200] "GET /js/functions_stripped.js?v=6.6.7.2.41064 HTTP/1.1" 200 3186
msnbot-207-46-13-157.search.msn.com - - [30/Sep/2017:04:15:19 +0200] "GET /templates/creator/m_f/fa/fa7/164/assets/wp-menu.js?v=1483633820 HTTP/1.1" 200 1089
msnbot-207-46-13-157.search.msn.com - - [30/Sep/2017:04:15:19 +0200] "GET /js/footer/build_social_entries.min.js?v=6.6.7.2.41064 HTTP/1.1" 200 278
msnbot-207-46-13-28.search.msn.com - - [30/Sep/2017:04:15:33 +0200] "GET /css/widgets/concat_widget.min.css?v=6.6.7.2.41064 HTTP/1.1" 200 24507
195.141.126.4 - - [30/Sep/2017:04:30:30 +0200] "GET /kinder-segelkurs.shtml HTTP/1.1" 200 19898
fulltextrobot-77-75-77-36.seznam.cz - - [30/Sep/2017:04:53:57 +0200] "GET /robots.txt HTTP/1.1" 200 80
fulltextrobot-77-75-77-36.seznam.cz - - [30/Sep/2017:04:53:57 +0200] "GET /kinder-segelkurs.shtml HTTP/1.1" 200 5171
ec2-52-90-250-202.compute-1.amazonaws.com - - [30/Sep/2017:04:58:30 +0200] "GET / HTTP/1.1" 200 6440
