211.62.98.66.l.sta.codetel.net.do - - [10/Nov/2017:12:00:54 +0100] "GET /robots.txt HTTP/1.1" 200 120
211.62.98.66.l.sta.codetel.net.do - - [10/Nov/2017:12:00:54 +0100] "GET / HTTP/1.1" 200 35804
211.62.98.66.l.sta.codetel.net.do - - [10/Nov/2017:12:00:57 +0100] "GET /xmlrpc.php?rsd HTTP/1.1" 200 18205
211.62.98.66.l.sta.codetel.net.do - - [10/Nov/2017:12:00:57 +0100] "GET /blog/robots.txt HTTP/1.1" 200 213
211.62.98.66.l.sta.codetel.net.do - - [10/Nov/2017:12:00:57 +0100] "GET /blog/ HTTP/1.1" 200 18205
211.62.98.66.l.sta.codetel.net.do - - [10/Nov/2017:12:01:00 +0100] "GET /wordpress/ HTTP/1.1" 200 18205
211.62.98.66.l.sta.codetel.net.do - - [10/Nov/2017:12:01:02 +0100] "GET /wp/ HTTP/1.1" 200 18205
211.62.98.66.l.sta.codetel.net.do - - [10/Nov/2017:12:01:03 +0100] "GET /robots.txt HTTP/1.1" 200 120
211.62.98.66.l.sta.codetel.net.do - - [10/Nov/2017:12:01:04 +0100] "GET /administrator/index.php HTTP/1.1" 200 -
211.62.98.66.l.sta.codetel.net.do - - [10/Nov/2017:12:01:13 +0100] "GET /blog/robots.txt HTTP/1.1" 200 213
211.62.98.66.l.sta.codetel.net.do - - [10/Nov/2017:12:01:13 +0100] "GET /blog/administrator/index.php HTTP/1.1" 200 -
211.62.98.66.l.sta.codetel.net.do - - [10/Nov/2017:12:01:14 +0100] "GET /joomla/robots.txt HTTP/1.1" 200 215
211.62.98.66.l.sta.codetel.net.do - - [10/Nov/2017:12:01:14 +0100] "GET /joomla/administrator/index.php HTTP/1.1" 200 -
crawl-101-170-187-194.qwant.com - - [10/Nov/2017:12:11:53 +0100] "GET /segelkurs-jollesmartkat.shtml HTTP/1.0" 200 5139
crawl-101-170-187-194.qwant.com - - [10/Nov/2017:12:29:39 +0100] "GET /smartkat-crashkurs.shtml HTTP/1.0" 200 4808
msnbot-157-55-39-76.search.msn.com - - [10/Nov/2017:12:38:23 +0100] "GET / HTTP/1.1" 200 6440
msnbot-207-46-13-10.search.msn.com - - [10/Nov/2017:12:46:11 +0100] "GET /galerie-sktrophy-2015.shtml HTTP/1.1" 200 5939
crawl-101-170-187-194.qwant.com - - [10/Nov/2017:12:48:14 +0100] "GET /kurse.shtml HTTP/1.0" 200 6280
crawl-101-170-187-194.qwant.com - - [10/Nov/2017:12:49:12 +0100] "GET /kinder-segelkurs.shtml HTTP/1.0" 200 5171
msnbot-157-55-39-199.search.msn.com - - [10/Nov/2017:12:50:48 +0100] "GET / HTTP/1.1" 200 6440
crawl-101-170-187-194.qwant.com - - [10/Nov/2017:12:56:19 +0100] "GET /kursanmeldung.shtml HTTP/1.0" 200 10952
