malta2970.startdedicated.de - - [17/Nov/2017:05:18:50 +0100] "GET /robots.txt HTTP/1.1" 200 80
malta2970.startdedicated.de - - [17/Nov/2017:05:18:50 +0100] "GET /segel-grundkurs.shtml HTTP/1.1" 200 5378
msnbot-157-55-39-26.search.msn.com - - [17/Nov/2017:05:26:59 +0100] "GET /robots.txt HTTP/1.1" 200 80
msnbot-157-55-39-26.search.msn.com - - [17/Nov/2017:05:27:00 +0100] "GET /robots.txt HTTP/1.1" 200 80
msnbot-40-77-167-69.search.msn.com - - [17/Nov/2017:05:27:06 +0100] "GET / HTTP/1.1" 200 6440
msnbot-207-46-13-42.search.msn.com - - [17/Nov/2017:05:39:10 +0100] "GET / HTTP/1.1" 200 6440
msnbot-40-77-167-69.search.msn.com - - [17/Nov/2017:05:41:23 +0100] "GET /var/m_0/0d/0dd/12455/7441141-37_Pedalo.jpg HTTP/1.1" 200 195132
msnbot-40-77-167-69.search.msn.com - - [17/Nov/2017:05:43:23 +0100] "GET /robots.txt HTTP/1.1" 200 80
msnbot-40-77-167-69.search.msn.com - - [17/Nov/2017:05:43:34 +0100] "GET /templates/creator/m_f/fa/fa7/164/assets/respond.min.js?v=1483633820 HTTP/1.1" 200 2085
msnbot-40-77-167-69.search.msn.com - - [17/Nov/2017:05:43:34 +0100] "GET /css/skeleton.css HTTP/1.1" 200 3511
msnbot-40-77-167-69.search.msn.com - - [17/Nov/2017:05:43:34 +0100] "GET /js/footer/get_deps.min.js?v=6.6.7.2.41064 HTTP/1.1" 200 157
msnbot-157-55-39-171.search.msn.com - - [17/Nov/2017:05:43:35 +0100] "GET /css/widgets/concat_widget.min.css?v=6.6.7.2.41064 HTTP/1.1" 200 24507
msnbot-157-55-39-206.search.msn.com - - [17/Nov/2017:05:43:38 +0100] "GET /js/footer/build_social_entries.min.js?v=6.6.7.2.41064 HTTP/1.1" 200 278
msnbot-157-55-39-206.search.msn.com - - [17/Nov/2017:05:43:39 +0100] "GET /js/functions_stripped.js?v=6.6.7.2.41064 HTTP/1.1" 200 3186
msnbot-157-55-39-206.search.msn.com - - [17/Nov/2017:05:43:39 +0100] "GET /templates/creator/m_f/fa/fa7/164/assets/wp-menu.js?v=1483633820 HTTP/1.1" 200 1089
msnbot-157-55-39-206.search.msn.com - - [17/Nov/2017:05:43:39 +0100] "GET /templates/creator/m_f/fa/fa7/164/css/main.min.css?v=1483633820 HTTP/1.1" 200 1797
msnbot-157-55-39-206.search.msn.com - - [17/Nov/2017:05:43:39 +0100] "GET /templates/creator/m_f/fa/fa7/164/css/style.min.css?v=1483633820 HTTP/1.1" 200 847
mail.ibew969.org - - [17/Nov/2017:05:57:57 +0100] "GET / HTTP/1.1" 200 35804
mail.ibew969.org - - [17/Nov/2017:05:57:58 +0100] "GET /events.shtml HTTP/1.1" 200 22514
mail.ibew969.org - - [17/Nov/2017:05:57:58 +0100] "GET /galerie.shtml HTTP/1.1" 200 22747
mail.ibew969.org - - [17/Nov/2017:05:57:59 +0100] "GET /vermietung.shtml HTTP/1.1" 200 25728
mail.ibew969.org - - [17/Nov/2017:05:57:59 +0100] "GET /kurse.shtml HTTP/1.1" 200 31031
mail.ibew969.org - - [17/Nov/2017:05:58:00 +0100] "GET /event-gruppesmartkat.shtml HTTP/1.1" 200 21256
mail.ibew969.org - - [17/Nov/2017:05:58:01 +0100] "GET /event-matchracing.shtml HTTP/1.1" 200 21251
mail.ibew969.org - - [17/Nov/2017:05:58:01 +0100] "GET /galerie-matchracing.shtml HTTP/1.1" 200 21704
mail.ibew969.org - - [17/Nov/2017:05:58:01 +0100] "GET /galerie-gruppesmartkat.shtml HTTP/1.1" 200 20574
mail.ibew969.org - - [17/Nov/2017:05:58:01 +0100] "GET /event-pedalo.shtml HTTP/1.1" 200 20248
mail.ibew969.org - - [17/Nov/2017:05:58:02 +0100] "GET /galerie-sktrophy-2015.shtml HTTP/1.1" 200 49420
mail.ibew969.org - - [17/Nov/2017:05:58:02 +0100] "GET /optikurse-2014.shtml HTTP/1.1" 200 26353
mail.ibew969.org - - [17/Nov/2017:05:58:02 +0100] "GET /galerie-sktrophy-2014.shtml HTTP/1.1" 200 29913
mail.ibew969.org - - [17/Nov/2017:05:58:03 +0100] "GET /kinder-segelkurs.shtml HTTP/1.1" 200 19898
mail.ibew969.org - - [17/Nov/2017:05:58:03 +0100] "GET /pruefungskurs.shtml HTTP/1.1" 200 23039
mail.ibew969.org - - [17/Nov/2017:05:58:03 +0100] "GET /segelkurs-jollesmartkat.shtml HTTP/1.1" 200 19993
mail.ibew969.org - - [17/Nov/2017:05:58:03 +0100] "GET /segel-grundkurs.shtml HTTP/1.1" 200 21440
mail.ibew969.org - - [17/Nov/2017:05:58:04 +0100] "GET /flotte.shtml HTTP/1.1" 200 29241
mail.ibew969.org - - [17/Nov/2017:05:58:04 +0100] "GET /js/functions_stripped.js?v=6.6.7.2.41064 HTTP/1.1" 200 7672
mail.ibew969.org - - [17/Nov/2017:05:58:04 +0100] "GET /Perspectiva.html? HTTP/1.1" 200 18069
mail.ibew969.org - - [17/Nov/2017:05:58:04 +0100] "GET /smartkat-crashkurs.shtml HTTP/1.1" 200 17863
mail.ibew969.org - - [17/Nov/2017:05:58:04 +0100] "GET /js/jquery.lazyload.min.js?v=6.6.7.2.41064 HTTP/1.1" 200 3342
mail.ibew969.org - - [17/Nov/2017:05:58:05 +0100] "GET /aktuelles-wetter HTTP/1.1" 200 18388
mail.ibew969.org - - [17/Nov/2017:05:58:05 +0100] "GET /js/).html(a);null==$( HTTP/1.1" 200 219
mail.ibew969.org - - [17/Nov/2017:05:58:06 +0100] "GET /event-gruppesmartkat HTTP/1.1" 200 21256
mail.ibew969.org - - [17/Nov/2017:05:58:06 +0100] "GET /event-matchracing HTTP/1.1" 200 21251
mail.ibew969.org - - [17/Nov/2017:05:58:06 +0100] "GET /event-pedalo HTTP/1.1" 200 20248
mail.ibew969.org - - [17/Nov/2017:05:58:06 +0100] "GET /davosersee HTTP/1.1" 200 19505
mail.ibew969.org - - [17/Nov/2017:05:58:07 +0100] "GET /events HTTP/1.1" 200 22514
mail.ibew969.org - - [17/Nov/2017:05:58:07 +0100] "GET /flotte HTTP/1.1" 200 29385
malta1844.startdedicated.de - - [17/Nov/2017:05:58:25 +0100] "GET /robots.txt HTTP/1.1" 200 80
malta1844.startdedicated.de - - [17/Nov/2017:05:58:25 +0100] "GET /smartkat-crashkurs.shtml HTTP/1.1" 200 4808
