crawl-140-170-187-194.qwant.com - - [01/Oct/2017:22:10:34 +0200] "GET /kinder-segelkurs.shtml HTTP/1.0" 200 5171
crawl-140-170-187-194.qwant.com - - [01/Oct/2017:22:24:29 +0200] "GET /kursanmeldung.shtml HTTP/1.0" 200 10952
crawl-140-170-187-194.qwant.com - - [01/Oct/2017:22:31:10 +0200] "GET /davosersee.shtml HTTP/1.0" 200 5477
216.244.66.229 - - [01/Oct/2017:22:32:01 +0200] "GET /robots.txt HTTP/1.1" 200 120
crawl-140-170-187-194.qwant.com - - [01/Oct/2017:22:42:14 +0200] "GET /segelkurs-jollesmartkat.shtml HTTP/1.0" 200 5139
216.244.66.229 - - [01/Oct/2017:22:55:37 +0200] "GET /flotte.shtml HTTP/1.1" 200 29241
172-245-222-13-host.colocrossing.com - - [01/Oct/2017:22:56:30 +0200] "GET / HTTP/1.1" 200 35804
172-245-222-13-host.colocrossing.com - - [01/Oct/2017:22:56:34 +0200] "GET /events.shtml HTTP/1.1" 200 22514
172-245-222-13-host.colocrossing.com - - [01/Oct/2017:22:56:35 +0200] "GET /galerie.shtml HTTP/1.1" 200 22747
172-245-222-13-host.colocrossing.com - - [01/Oct/2017:22:56:37 +0200] "GET /kurse.shtml HTTP/1.1" 200 31031
172-245-222-13-host.colocrossing.com - - [01/Oct/2017:22:56:38 +0200] "GET /vermietung.shtml HTTP/1.1" 200 25728
172-245-222-13-host.colocrossing.com - - [01/Oct/2017:22:56:40 +0200] "GET /event-gruppesmartkat.shtml HTTP/1.1" 200 21256
172-245-222-13-host.colocrossing.com - - [01/Oct/2017:22:56:41 +0200] "GET /event-matchracing.shtml HTTP/1.1" 200 21251
172-245-222-13-host.colocrossing.com - - [01/Oct/2017:22:56:42 +0200] "GET /event-pedalo.shtml HTTP/1.1" 200 20248
172-245-222-13-host.colocrossing.com - - [01/Oct/2017:22:56:43 +0200] "GET /galerie-gruppesmartkat.shtml HTTP/1.1" 200 20574
172-245-222-13-host.colocrossing.com - - [01/Oct/2017:22:56:43 +0200] "GET /galerie-matchracing.shtml HTTP/1.1" 200 21704
172-245-222-13-host.colocrossing.com - - [01/Oct/2017:22:56:44 +0200] "GET /galerie-sktrophy-2014.shtml HTTP/1.1" 200 29913
172-245-222-13-host.colocrossing.com - - [01/Oct/2017:22:56:45 +0200] "GET /galerie-sktrophy-2015.shtml HTTP/1.1" 200 49420
172-245-222-13-host.colocrossing.com - - [01/Oct/2017:22:56:46 +0200] "GET /optikurse-2014.shtml HTTP/1.1" 200 26353
172-245-222-13-host.colocrossing.com - - [01/Oct/2017:22:56:47 +0200] "GET /kinder-segelkurs.shtml HTTP/1.1" 200 19898
172-245-222-13-host.colocrossing.com - - [01/Oct/2017:22:56:48 +0200] "GET /pruefungskurs.shtml HTTP/1.1" 200 23039
172-245-222-13-host.colocrossing.com - - [01/Oct/2017:22:56:55 +0200] "GET /segelkurs-jollesmartkat.shtml HTTP/1.1" 200 19993
172-245-222-13-host.colocrossing.com - - [01/Oct/2017:22:56:55 +0200] "GET /segel-grundkurs.shtml HTTP/1.1" 200 21440
172-245-222-13-host.colocrossing.com - - [01/Oct/2017:22:56:57 +0200] "GET /smartkat-crashkurs.shtml HTTP/1.1" 200 17863
172-245-222-13-host.colocrossing.com - - [01/Oct/2017:22:57:00 +0200] "GET /flotte.shtml HTTP/1.1" 200 29241
172-245-222-13-host.colocrossing.com - - [01/Oct/2017:22:57:01 +0200] "GET /js/functions_stripped.js?v=6.6.7.2.41064 HTTP/1.1" 200 7672
172-245-222-13-host.colocrossing.com - - [01/Oct/2017:22:57:02 +0200] "GET /js/jquery.lazyload.min.js?v=6.6.7.2.41064 HTTP/1.1" 200 3342
172-245-222-13-host.colocrossing.com - - [01/Oct/2017:22:57:01 +0200] "GET /Perspectiva.html? HTTP/1.1" 200 18069
172-245-222-13-host.colocrossing.com - - [01/Oct/2017:22:57:03 +0200] "GET /js/).html(a);null==$( HTTP/1.1" 200 219
172-245-222-13-host.colocrossing.com - - [01/Oct/2017:22:57:05 +0200] "GET /js/index.php?sid=46&lang=en&item=1&act=users&ajax=state HTTP/1.1" 200 210
172-245-222-13-host.colocrossing.com - - [01/Oct/2017:22:57:08 +0200] "GET /aktuelles-wetter HTTP/1.1" 200 18388
172-245-222-13-host.colocrossing.com - - [01/Oct/2017:22:57:10 +0200] "GET /event-gruppesmartkat HTTP/1.1" 200 21256
172-245-222-13-host.colocrossing.com - - [01/Oct/2017:22:57:10 +0200] "GET /davosersee HTTP/1.1" 200 19505
172-245-222-13-host.colocrossing.com - - [01/Oct/2017:22:57:11 +0200] "GET /event-matchracing HTTP/1.1" 200 21251
172-245-222-13-host.colocrossing.com - - [01/Oct/2017:22:57:12 +0200] "GET /event-pedalo HTTP/1.1" 200 20248
172-245-222-13-host.colocrossing.com - - [01/Oct/2017:22:57:13 +0200] "GET /events HTTP/1.1" 200 22514
