184.205.15.62.static.jazztel.es - - [26/Nov/2017:21:10:36 +0100] "GET / HTTP/1.1" 200 35804
184.205.15.62.static.jazztel.es - - [26/Nov/2017:21:10:37 +0100] "GET /kurse.shtml HTTP/1.1" 200 31031
184.205.15.62.static.jazztel.es - - [26/Nov/2017:21:10:36 +0100] "GET /events.shtml HTTP/1.1" 200 22514
184.205.15.62.static.jazztel.es - - [26/Nov/2017:21:10:37 +0100] "GET /galerie.shtml HTTP/1.1" 200 22747
184.205.15.62.static.jazztel.es - - [26/Nov/2017:21:10:38 +0100] "GET /vermietung.shtml HTTP/1.1" 200 25728
184.205.15.62.static.jazztel.es - - [26/Nov/2017:21:10:38 +0100] "GET /event-gruppesmartkat.shtml HTTP/1.1" 200 21256
184.205.15.62.static.jazztel.es - - [26/Nov/2017:21:10:39 +0100] "GET /event-pedalo.shtml HTTP/1.1" 200 20248
184.205.15.62.static.jazztel.es - - [26/Nov/2017:21:10:39 +0100] "GET /event-matchracing.shtml HTTP/1.1" 200 21251
184.205.15.62.static.jazztel.es - - [26/Nov/2017:21:10:40 +0100] "GET /galerie-matchracing.shtml HTTP/1.1" 200 21704
184.205.15.62.static.jazztel.es - - [26/Nov/2017:21:10:40 +0100] "GET /galerie-gruppesmartkat.shtml HTTP/1.1" 200 20574
184.205.15.62.static.jazztel.es - - [26/Nov/2017:21:10:40 +0100] "GET /galerie-sktrophy-2015.shtml HTTP/1.1" 200 49420
184.205.15.62.static.jazztel.es - - [26/Nov/2017:21:10:40 +0100] "GET /galerie-sktrophy-2014.shtml HTTP/1.1" 200 29913
184.205.15.62.static.jazztel.es - - [26/Nov/2017:21:10:41 +0100] "GET /pruefungskurs.shtml HTTP/1.1" 200 23039
184.205.15.62.static.jazztel.es - - [26/Nov/2017:21:10:41 +0100] "GET /kinder-segelkurs.shtml HTTP/1.1" 200 19898
184.205.15.62.static.jazztel.es - - [26/Nov/2017:21:10:41 +0100] "GET /segel-grundkurs.shtml HTTP/1.1" 200 21440
184.205.15.62.static.jazztel.es - - [26/Nov/2017:21:10:41 +0100] "GET /optikurse-2014.shtml HTTP/1.1" 200 26353
184.205.15.62.static.jazztel.es - - [26/Nov/2017:21:10:41 +0100] "GET /segelkurs-jollesmartkat.shtml HTTP/1.1" 200 19993
184.205.15.62.static.jazztel.es - - [26/Nov/2017:21:10:42 +0100] "GET /Perspectiva.html? HTTP/1.1" 200 18069
184.205.15.62.static.jazztel.es - - [26/Nov/2017:21:10:42 +0100] "GET /js/functions_stripped.js?v=6.6.7.2.41064 HTTP/1.1" 200 7672
184.205.15.62.static.jazztel.es - - [26/Nov/2017:21:10:42 +0100] "GET /smartkat-crashkurs.shtml HTTP/1.1" 200 17863
184.205.15.62.static.jazztel.es - - [26/Nov/2017:21:10:42 +0100] "GET /js/jquery.lazyload.min.js?v=6.6.7.2.41064 HTTP/1.1" 200 3342
184.205.15.62.static.jazztel.es - - [26/Nov/2017:21:10:42 +0100] "GET /flotte.shtml HTTP/1.1" 200 29241
184.205.15.62.static.jazztel.es - - [26/Nov/2017:21:10:43 +0100] "GET /js/).html(a);null==$( HTTP/1.1" 200 219
184.205.15.62.static.jazztel.es - - [26/Nov/2017:21:10:44 +0100] "GET /aktuelles-wetter HTTP/1.1" 200 18388
184.205.15.62.static.jazztel.es - - [26/Nov/2017:21:10:44 +0100] "GET /event-gruppesmartkat HTTP/1.1" 200 21256
184.205.15.62.static.jazztel.es - - [26/Nov/2017:21:10:43 +0100] "GET /js/index.php?sid=46&lang=en&item=1&act=users&ajax=state HTTP/1.1" 200 210
184.205.15.62.static.jazztel.es - - [26/Nov/2017:21:10:44 +0100] "GET /davosersee HTTP/1.1" 200 19505
184.205.15.62.static.jazztel.es - - [26/Nov/2017:21:10:45 +0100] "GET /event-matchracing HTTP/1.1" 200 21251
184.205.15.62.static.jazztel.es - - [26/Nov/2017:21:10:45 +0100] "GET /event-pedalo HTTP/1.1" 200 20248
184.205.15.62.static.jazztel.es - - [26/Nov/2017:21:10:45 +0100] "GET /events HTTP/1.1" 200 22514
188-163-75-2.broadband.kyivstar.net - - [26/Nov/2017:21:30:28 +0100] "GET / HTTP/1.1" 200 35804
188-163-75-2.broadband.kyivstar.net - - [26/Nov/2017:21:30:29 +0100] "GET / HTTP/1.1" 200 35804
188-163-75-2.broadband.kyivstar.net - - [26/Nov/2017:21:30:30 +0100] "GET / HTTP/1.1" 200 35804
188-163-75-2.broadband.kyivstar.net - - [26/Nov/2017:21:30:30 +0100] "GET / HTTP/1.1" 200 35804
188-163-75-2.broadband.kyivstar.net - - [26/Nov/2017:21:30:31 +0100] "GET / HTTP/1.1" 200 35804
msnbot-40-77-167-30.search.msn.com - - [26/Nov/2017:21:39:27 +0100] "GET /robots.txt HTTP/1.1" 200 80
msnbot-157-55-39-65.search.msn.com - - [26/Nov/2017:21:39:33 +0100] "GET /js/functions_stripped.js?v=6.6.7.2.41064 HTTP/1.1" 200 3186
msnbot-157-55-39-65.search.msn.com - - [26/Nov/2017:21:39:33 +0100] "GET /js/footer/build_social_entries.min.js?v=6.6.7.2.41064 HTTP/1.1" 200 278
msnbot-157-55-39-65.search.msn.com - - [26/Nov/2017:21:39:33 +0100] "GET /templates/creator/m_f/fa/fa7/164/assets/wp-menu.js?v=1483633820 HTTP/1.1" 200 1089
msnbot-157-55-39-65.search.msn.com - - [26/Nov/2017:21:39:34 +0100] "GET /templates/creator/m_f/fa/fa7/164/css/main.min.css?v=1483633820 HTTP/1.1" 200 1797
msnbot-207-46-13-119.search.msn.com - - [26/Nov/2017:21:39:34 +0100] "GET /css/widgets/concat_widget.min.css?v=6.6.7.2.41064 HTTP/1.1" 200 24507
msnbot-157-55-39-65.search.msn.com - - [26/Nov/2017:21:39:34 +0100] "GET /templates/creator/m_f/fa/fa7/164/css/style.min.css?v=1483633820 HTTP/1.1" 200 847
msnbot-157-55-39-190.search.msn.com - - [26/Nov/2017:21:39:37 +0100] "GET /templates/creator/m_f/fa/fa7/164/assets/slide.js?v=1483633820 HTTP/1.1" 200 662
msnbot-40-77-167-30.search.msn.com - - [26/Nov/2017:21:39:47 +0100] "GET /css/skeleton.css HTTP/1.1" 200 3511
msnbot-40-77-167-30.search.msn.com - - [26/Nov/2017:21:39:49 +0100] "GET /js/footer/get_deps.min.js?v=6.6.7.2.41064 HTTP/1.1" 200 157
msnbot-40-77-167-30.search.msn.com - - [26/Nov/2017:21:39:50 +0100] "GET /templates/creator/m_f/fa/fa7/164/assets/respond.min.js?v=1483633820 HTTP/1.1" 200 2085
msnbot-40-77-167-30.search.msn.com - - [26/Nov/2017:21:39:50 +0100] "GET /js/jquery.lazyload.min.js?v=6.6.7.2.41064 HTTP/1.1" 200 1283
195.141.126.4 - - [26/Nov/2017:21:41:20 +0100] "GET /kursanmeldung.shtml HTTP/1.1" 200 10952
