blexhn17.webmeup.com - - [05/Oct/2017:22:00:00 +0200] "GET /galerie-sktrophy-2015.shtml HTTP/1.1" 200 5939
blexhn17.webmeup.com - - [05/Oct/2017:22:00:07 +0200] "GET /galerie.shtml HTTP/1.1" 200 4483
blexhn17.webmeup.com - - [05/Oct/2017:22:00:14 +0200] "GET /index.php HTTP/1.1" 302 -
blexhn17.webmeup.com - - [05/Oct/2017:22:00:21 +0200] "GET /kinder-segelkurs.shtml HTTP/1.1" 200 5171
blexhn17.webmeup.com - - [05/Oct/2017:22:00:31 +0200] "GET /kursanmeldung.shtml HTTP/1.1" 200 10952
blexhn17.webmeup.com - - [05/Oct/2017:22:00:37 +0200] "GET /kurse.shtml HTTP/1.1" 200 6280
blexhn17.webmeup.com - - [05/Oct/2017:22:00:42 +0200] "GET /optikurse-2014.shtml HTTP/1.1" 200 4938
blexhn17.webmeup.com - - [05/Oct/2017:22:00:50 +0200] "GET /pruefungskurs.shtml HTTP/1.1" 200 5895
blexhn17.webmeup.com - - [05/Oct/2017:22:00:55 +0200] "GET /segel-grundkurs.shtml HTTP/1.1" 200 5378
blexhn17.webmeup.com - - [05/Oct/2017:22:01:03 +0200] "GET /segelkurs-jollesmartkat.shtml HTTP/1.1" 200 5139
blexhn17.webmeup.com - - [05/Oct/2017:22:01:12 +0200] "GET /smartkat-crashkurs.shtml HTTP/1.1" 200 4808
blexhn17.webmeup.com - - [05/Oct/2017:22:01:18 +0200] "GET /standort.shtml HTTP/1.1" 200 4717
blexhn17.webmeup.com - - [05/Oct/2017:22:01:26 +0200] "GET /vermietung.shtml HTTP/1.1" 200 5099
blexhn17.webmeup.com - - [05/Oct/2017:22:01:33 +0200] "GET /aktuelles-wetter HTTP/1.1" 200 4575
blexhn17.webmeup.com - - [05/Oct/2017:22:02:44 +0200] "GET /davosersee HTTP/1.1" 200 5477
blexhn17.webmeup.com - - [05/Oct/2017:22:02:49 +0200] "GET /event-gruppesmartkat HTTP/1.1" 200 5645
blexhn17.webmeup.com - - [05/Oct/2017:22:02:56 +0200] "GET /event-matchracing HTTP/1.1" 200 5634
blexhn17.webmeup.com - - [05/Oct/2017:22:03:01 +0200] "GET /flotte HTTP/1.1" 200 6274
blexhn17.webmeup.com - - [05/Oct/2017:22:03:06 +0200] "GET /galerie HTTP/1.1" 200 4483
blexhn17.webmeup.com - - [05/Oct/2017:22:03:15 +0200] "GET /galerie-gruppesmartkat HTTP/1.1" 200 4863
blexhn17.webmeup.com - - [05/Oct/2017:22:03:21 +0200] "GET /galerie-matchracing HTTP/1.1" 200 4859
blexhn17.webmeup.com - - [05/Oct/2017:22:03:32 +0200] "GET /galerie-sktrophy-2014 HTTP/1.1" 200 5044
ec2-54-72-1-12.eu-west-1.compute.amazonaws.com - - [05/Oct/2017:22:03:46 +0200] "GET /robots.txt HTTP/1.1" 200 80
ec2-54-72-1-12.eu-west-1.compute.amazonaws.com - - [05/Oct/2017:22:03:47 +0200] "GET / HTTP/1.1" 200 6440
blexhn17.webmeup.com - - [05/Oct/2017:22:03:49 +0200] "GET /smartkat-crashkurs HTTP/1.1" 200 4808
blexhn17.webmeup.com - - [05/Oct/2017:22:04:23 +0200] "GET /event-pedalo HTTP/1.1" 200 5342
blexhn17.webmeup.com - - [05/Oct/2017:22:04:37 +0200] "GET /events HTTP/1.1" 200 5296
blexhn17.webmeup.com - - [05/Oct/2017:22:04:41 +0200] "GET /galerie-sktrophy-2015 HTTP/1.1" 200 5939
blexhn17.webmeup.com - - [05/Oct/2017:22:04:46 +0200] "GET /kinder-segelkurs HTTP/1.1" 200 5172
blexhn17.webmeup.com - - [05/Oct/2017:22:04:53 +0200] "GET /kursanmeldung HTTP/1.1" 200 10945
blexhn17.webmeup.com - - [05/Oct/2017:22:05:03 +0200] "GET /kurse HTTP/1.1" 200 6281
blexhn17.webmeup.com - - [05/Oct/2017:22:05:10 +0200] "GET /optikurse-2014 HTTP/1.1" 200 4938
blexhn17.webmeup.com - - [05/Oct/2017:22:05:14 +0200] "GET /pruefungskurs HTTP/1.1" 200 5895
blexhn17.webmeup.com - - [05/Oct/2017:22:05:22 +0200] "GET /segel-grundkurs HTTP/1.1" 200 5378
blexhn17.webmeup.com - - [05/Oct/2017:22:05:27 +0200] "GET /segelkurs-jollesmartkat HTTP/1.1" 200 5140
blexhn17.webmeup.com - - [05/Oct/2017:22:05:34 +0200] "GET /standort HTTP/1.1" 200 4717
blexhn17.webmeup.com - - [05/Oct/2017:22:05:42 +0200] "GET /vermietung HTTP/1.1" 200 5100
ec2-34-249-52-36.eu-west-1.compute.amazonaws.com - - [05/Oct/2017:22:22:27 +0200] "GET /robots.txt HTTP/1.1" 200 80
ec2-34-249-52-36.eu-west-1.compute.amazonaws.com - - [05/Oct/2017:22:22:28 +0200] "GET / HTTP/1.1" 200 6440
ec2-34-215-102-123.us-west-2.compute.amazonaws.com - - [05/Oct/2017:22:36:23 +0200] "GET / HTTP/1.1" 200 6440
ec2-34-215-102-123.us-west-2.compute.amazonaws.com - - [05/Oct/2017:22:36:23 +0200] "GET /css/widgets/concat_widget.min.css?v=6.6.7.2.41064 HTTP/1.1" 200 24507
ec2-34-215-102-123.us-west-2.compute.amazonaws.com - - [05/Oct/2017:22:36:24 +0200] "GET /js/footer/build_social_entries.min.js?v=6.6.7.2.41064 HTTP/1.1" 200 278
ec2-34-215-102-123.us-west-2.compute.amazonaws.com - - [05/Oct/2017:22:36:24 +0200] "GET /templates/creator/m_f/fa/fa7/164/css/style.min.css?v=1483633820 HTTP/1.1" 200 847
ec2-34-215-102-123.us-west-2.compute.amazonaws.com - - [05/Oct/2017:22:36:24 +0200] "GET /css/skeleton.css HTTP/1.1" 200 3511
ec2-34-215-102-123.us-west-2.compute.amazonaws.com - - [05/Oct/2017:22:36:24 +0200] "GET /templates/creator/m_f/fa/fa7/164/assets/wp-menu.js?v=1483633820 HTTP/1.1" 200 1089
ec2-34-215-102-123.us-west-2.compute.amazonaws.com - - [05/Oct/2017:22:36:24 +0200] "GET /js/functions_stripped.js?v=6.6.7.2.41064 HTTP/1.1" 200 3186
ec2-34-215-102-123.us-west-2.compute.amazonaws.com - - [05/Oct/2017:22:36:24 +0200] "GET /js/jquery.lazyload.min.js?v=6.6.7.2.41064 HTTP/1.1" 200 1283
ec2-34-215-102-123.us-west-2.compute.amazonaws.com - - [05/Oct/2017:22:36:24 +0200] "GET /templates/creator/m_f/fa/fa7/164/css/main.min.css?v=1483633820 HTTP/1.1" 200 1797
ec2-34-215-102-123.us-west-2.compute.amazonaws.com - - [05/Oct/2017:22:36:24 +0200] "GET /templates/creator/m_f/fa/fa7/164/assets/respond.min.js?v=1483633820 HTTP/1.1" 200 2085
ec2-34-215-102-123.us-west-2.compute.amazonaws.com - - [05/Oct/2017:22:36:24 +0200] "GET /templates/creator/m_f/fa/fa7/164/assets/slide.js?v=1483633820 HTTP/1.1" 200 662
ec2-34-215-102-123.us-west-2.compute.amazonaws.com - - [05/Oct/2017:22:36:24 +0200] "GET /js/footer/get_deps.min.js?v=6.6.7.2.41064 HTTP/1.1" 200 157
ec2-34-215-102-123.us-west-2.compute.amazonaws.com - - [05/Oct/2017:22:36:26 +0200] "GET /robots.txt HTTP/1.0" 200 120
ec2-34-215-102-123.us-west-2.compute.amazonaws.com - - [05/Oct/2017:22:36:29 +0200] "GET /%25C3%25BCber-uns.shtml HTTP/1.1" 200 18069
ec2-34-215-102-123.us-west-2.compute.amazonaws.com - - [05/Oct/2017:22:36:31 +0200] "GET /css/widgets/concat_widget.min.css?v=6.6.7.2.41064 HTTP/1.1" 200 24507
ec2-34-215-102-123.us-west-2.compute.amazonaws.com - - [05/Oct/2017:22:36:31 +0200] "GET /js/footer/build_social_entries.min.js?v=6.6.7.2.41064 HTTP/1.1" 200 278
ec2-34-215-102-123.us-west-2.compute.amazonaws.com - - [05/Oct/2017:22:36:31 +0200] "GET /js/functions_stripped.js?v=6.6.7.2.41064 HTTP/1.1" 200 3186
ec2-34-215-102-123.us-west-2.compute.amazonaws.com - - [05/Oct/2017:22:36:31 +0200] "GET /templates/creator/m_f/fa/fa7/164/css/style.min.css?v=1483633820 HTTP/1.1" 200 847
ec2-34-215-102-123.us-west-2.compute.amazonaws.com - - [05/Oct/2017:22:36:31 +0200] "GET /templates/creator/m_f/fa/fa7/164/css/main.min.css?v=1483633820 HTTP/1.1" 200 1797
ec2-34-215-102-123.us-west-2.compute.amazonaws.com - - [05/Oct/2017:22:36:31 +0200] "GET /js/efu/main.min.js?v=6.6.7.2.41064 HTTP/1.1" 200 1746
ec2-34-215-102-123.us-west-2.compute.amazonaws.com - - [05/Oct/2017:22:36:31 +0200] "GET /js/footer/get_deps.min.js?v=6.6.7.2.41064 HTTP/1.1" 200 157
ec2-34-215-102-123.us-west-2.compute.amazonaws.com - - [05/Oct/2017:22:36:31 +0200] "GET /templates/creator/m_f/fa/fa7/164/assets/wp-menu.js?v=1483633820 HTTP/1.1" 200 1089
ec2-34-215-102-123.us-west-2.compute.amazonaws.com - - [05/Oct/2017:22:36:31 +0200] "GET /css/skeleton.css HTTP/1.1" 200 3511
ec2-34-215-102-123.us-west-2.compute.amazonaws.com - - [05/Oct/2017:22:36:31 +0200] "GET /templates/creator/m_f/fa/fa7/164/assets/slide.js?v=1483633820 HTTP/1.1" 200 662
ec2-34-215-102-123.us-west-2.compute.amazonaws.com - - [05/Oct/2017:22:36:31 +0200] "GET /templates/creator/m_f/fa/fa7/164/assets/respond.min.js?v=1483633820 HTTP/1.1" 200 2085
ec2-34-215-102-123.us-west-2.compute.amazonaws.com - - [05/Oct/2017:22:36:31 +0200] "GET /js/efu/w.siteMap.min.js?v=6.6.7.2.41064 HTTP/1.1" 200 225
ec2-34-249-52-36.eu-west-1.compute.amazonaws.com - - [05/Oct/2017:22:39:20 +0200] "GET /davosersee.shtml HTTP/1.1" 200 5477
ec2-34-249-52-36.eu-west-1.compute.amazonaws.com - - [05/Oct/2017:22:39:21 +0200] "GET /kurse.shtml HTTP/1.1" 200 6280
ec2-34-249-52-36.eu-west-1.compute.amazonaws.com - - [05/Oct/2017:22:39:22 +0200] "GET /kinder-segelkurs.shtml HTTP/1.1" 200 5171
ec2-34-249-52-36.eu-west-1.compute.amazonaws.com - - [05/Oct/2017:22:39:23 +0200] "GET /segel-grundkurs.shtml HTTP/1.1" 200 5378
ec2-34-249-52-36.eu-west-1.compute.amazonaws.com - - [05/Oct/2017:22:39:23 +0200] "GET /smartkat-crashkurs.shtml HTTP/1.1" 200 4808
ec2-34-249-52-36.eu-west-1.compute.amazonaws.com - - [05/Oct/2017:22:39:22 +0200] "GET /segelkurs-jollesmartkat.shtml HTTP/1.1" 200 5139
ec2-34-249-52-36.eu-west-1.compute.amazonaws.com - - [05/Oct/2017:22:39:24 +0200] "GET /pruefungskurs.shtml HTTP/1.1" 200 5895
ec2-34-249-52-36.eu-west-1.compute.amazonaws.com - - [05/Oct/2017:22:39:25 +0200] "GET /events.shtml HTTP/1.1" 200 5297
ec2-34-249-52-36.eu-west-1.compute.amazonaws.com - - [05/Oct/2017:22:39:25 +0200] "GET /event-gruppesmartkat.shtml HTTP/1.1" 200 5645
ec2-34-249-52-36.eu-west-1.compute.amazonaws.com - - [05/Oct/2017:22:39:26 +0200] "GET /flotte.shtml HTTP/1.1" 200 6274
ec2-34-249-52-36.eu-west-1.compute.amazonaws.com - - [05/Oct/2017:22:39:25 +0200] "GET /event-matchracing.shtml HTTP/1.1" 200 5634
ec2-34-249-52-36.eu-west-1.compute.amazonaws.com - - [05/Oct/2017:22:39:26 +0200] "GET /event-pedalo.shtml HTTP/1.1" 200 5342
ec2-34-249-52-36.eu-west-1.compute.amazonaws.com - - [05/Oct/2017:22:39:27 +0200] "GET /galerie-sktrophy-2015.shtml HTTP/1.1" 200 5939
ec2-34-249-52-36.eu-west-1.compute.amazonaws.com - - [05/Oct/2017:22:39:27 +0200] "GET /galerie.shtml HTTP/1.1" 200 4483
ec2-34-249-52-36.eu-west-1.compute.amazonaws.com - - [05/Oct/2017:22:39:27 +0200] "GET /vermietung.shtml HTTP/1.1" 200 5099
ec2-34-249-52-36.eu-west-1.compute.amazonaws.com - - [05/Oct/2017:22:39:28 +0200] "GET /galerie-gruppesmartkat.shtml HTTP/1.1" 200 4863
ec2-34-249-52-36.eu-west-1.compute.amazonaws.com - - [05/Oct/2017:22:39:28 +0200] "GET /galerie-sktrophy-2014.shtml HTTP/1.1" 200 5044
ec2-34-249-52-36.eu-west-1.compute.amazonaws.com - - [05/Oct/2017:22:39:28 +0200] "GET /galerie-matchracing.shtml HTTP/1.1" 200 4859
ec2-34-249-52-36.eu-west-1.compute.amazonaws.com - - [05/Oct/2017:22:39:29 +0200] "GET /standort.shtml HTTP/1.1" 200 4717
ec2-34-249-52-36.eu-west-1.compute.amazonaws.com - - [05/Oct/2017:22:39:29 +0200] "GET /%C3%BCber-uns.shtml HTTP/1.1" 200 4740
ec2-34-249-52-36.eu-west-1.compute.amazonaws.com - - [05/Oct/2017:22:39:29 +0200] "GET /optikurse-2014.shtml HTTP/1.1" 200 4938
ec2-34-249-52-36.eu-west-1.compute.amazonaws.com - - [05/Oct/2017:22:39:30 +0200] "GET /aktuelles-wetter.shtml HTTP/1.1" 200 4575
ec2-34-249-52-36.eu-west-1.compute.amazonaws.com - - [05/Oct/2017:22:39:30 +0200] "GET /kursanmeldung.shtml HTTP/1.1" 200 10952
hydrogen270.a.ahrefs.com - - [05/Oct/2017:22:50:32 +0200] "GET /var/m_0/0d/0dd/12455/143495-G1_SKT2014_17.JPG HTTP/1.1" 200 175692
crawl-66-249-69-142.googlebot.com - - [05/Oct/2017:22:54:55 +0200] "GET / HTTP/1.1" 200 6401
