crawl-66-249-64-29.googlebot.com - - [14/Oct/2017:21:12:12 +0200] "GET /templates/resellers/7/favicon.ico?v=1471787590 HTTP/1.1" 304 -
malta2970.startdedicated.de - - [14/Oct/2017:21:24:40 +0200] "GET /var/m_0/0d/0dd/12455/6564670-G3_SKT2015_04.jpg HTTP/1.1" 200 209464
msnbot-207-46-13-161.search.msn.com - - [14/Oct/2017:21:26:15 +0200] "GET / HTTP/1.1" 200 6440
malta2970.startdedicated.de - - [14/Oct/2017:21:27:09 +0200] "GET /var/m_0/0d/0dd/12455/143525-G2_Optikurs2014_19.JPG HTTP/1.1" 200 68664
msnbot-157-55-39-122.search.msn.com - - [14/Oct/2017:21:30:18 +0200] "GET / HTTP/1.1" 200 6440
30.50.77.83.dynamic.wline.res.cust.swisscom.ch - - [14/Oct/2017:21:35:05 +0200] "GET /var/m_0/0d/0dd/12455/126126-43_See.JPG HTTP/1.1" 200 86511
malta1844.startdedicated.de - - [14/Oct/2017:21:35:58 +0200] "GET /robots.txt HTTP/1.1" 200 80
malta1844.startdedicated.de - - [14/Oct/2017:21:35:58 +0200] "GET /var/m_0/0d/0dd/12455/143512-G2_Optikurs2014_07.jpg HTTP/1.1" 200 120979
b115490.yse.yahoo.net - - [14/Oct/2017:21:39:20 +0200] "GET /kursanmeldung HTTP/1.1" 200 10945
msnbot-157-55-39-251.search.msn.com - - [14/Oct/2017:21:49:05 +0200] "GET /standort.shtml HTTP/1.1" 200 4717
msnbot-157-55-39-122.search.msn.com - - [14/Oct/2017:21:51:40 +0200] "GET /robots.txt HTTP/1.1" 200 80
msnbot-157-55-39-122.search.msn.com - - [14/Oct/2017:21:51:44 +0200] "GET /js/jquery.lazyload.min.js?v=6.6.7.2.41064 HTTP/1.1" 200 1283
msnbot-157-55-39-122.search.msn.com - - [14/Oct/2017:21:51:44 +0200] "GET /js/footer/get_deps.min.js?v=6.6.7.2.41064 HTTP/1.1" 200 157
msnbot-157-55-39-122.search.msn.com - - [14/Oct/2017:21:51:44 +0200] "GET /css/skeleton.css HTTP/1.1" 200 3511
msnbot-207-46-13-161.search.msn.com - - [14/Oct/2017:21:51:45 +0200] "GET /templates/creator/m_f/fa/fa7/164/assets/slide.js?v=1483633820 HTTP/1.1" 200 662
msnbot-157-55-39-122.search.msn.com - - [14/Oct/2017:21:51:45 +0200] "GET /templates/creator/m_f/fa/fa7/164/assets/respond.min.js?v=1483633820 HTTP/1.1" 200 2085
msnbot-157-55-39-251.search.msn.com - - [14/Oct/2017:21:51:54 +0200] "GET /js/footer/build_social_entries.min.js?v=6.6.7.2.41064 HTTP/1.1" 200 278
msnbot-157-55-39-251.search.msn.com - - [14/Oct/2017:21:51:55 +0200] "GET /templates/creator/m_f/fa/fa7/164/css/style.min.css?v=1483633820 HTTP/1.1" 200 847
msnbot-157-55-39-251.search.msn.com - - [14/Oct/2017:21:51:55 +0200] "GET /js/functions_stripped.js?v=6.6.7.2.41064 HTTP/1.1" 200 3186
msnbot-157-55-39-251.search.msn.com - - [14/Oct/2017:21:51:55 +0200] "GET /templates/creator/m_f/fa/fa7/164/css/main.min.css?v=1483633820 HTTP/1.1" 200 1797
msnbot-157-55-39-251.search.msn.com - - [14/Oct/2017:21:51:55 +0200] "GET /templates/creator/m_f/fa/fa7/164/assets/wp-menu.js?v=1483633820 HTTP/1.1" 200 1089
msnbot-157-55-39-213.search.msn.com - - [14/Oct/2017:21:52:02 +0200] "GET /css/widgets/concat_widget.min.css?v=6.6.7.2.41064 HTTP/1.1" 200 24507
