134-249-80-20.broadband.kyivstar.net - - [23/Nov/2017:09:01:25 +0100] "GET / HTTP/1.1" 200 35804
134-249-80-20.broadband.kyivstar.net - - [23/Nov/2017:09:01:26 +0100] "GET / HTTP/1.1" 200 35804
134-249-80-20.broadband.kyivstar.net - - [23/Nov/2017:09:01:27 +0100] "GET / HTTP/1.1" 200 35804
crawl-66-249-64-27.googlebot.com - - [23/Nov/2017:09:14:12 +0100] "GET /davosersee HTTP/1.1" 200 5462
crawl-66-249-64-29.googlebot.com - - [23/Nov/2017:09:14:12 +0100] "GET /robots.txt HTTP/1.1" 200 80
crawl-66-249-64-29.googlebot.com - - [23/Nov/2017:09:14:33 +0100] "GET /templates/creator/m_f/fa/fa7/164/css/style.min.css?v=1483633820 HTTP/1.1" 200 847
crawl-66-249-64-28.googlebot.com - - [23/Nov/2017:09:14:33 +0100] "GET /robots.txt HTTP/1.1" 200 80
crawl-66-249-64-30.googlebot.com - - [23/Nov/2017:09:14:34 +0100] "GET /templates/creator/m_f/fa/fa7/164/css/main.min.css?v=1483633820 HTTP/1.1" 200 1797
crawl-66-249-64-30.googlebot.com - - [23/Nov/2017:09:14:34 +0100] "GET /css/widgets/concat_widget.min.css?v=6.6.7.2.41064 HTTP/1.1" 200 24507
17-142-156-178.applebot.apple.com - - [23/Nov/2017:09:18:37 +0100] "GET /favicon.ico HTTP/1.1" 200 1150
msnbot-40-77-167-120.search.msn.com - - [23/Nov/2017:09:32:48 +0100] "GET /davosersee.shtml HTTP/1.1" 200 5477
dynamic-31-25-124-222.ftth.glattnet.ch - - [23/Nov/2017:09:45:57 +0100] "GET / HTTP/1.1" 200 6440
dynamic-31-25-124-222.ftth.glattnet.ch - - [23/Nov/2017:09:45:58 +0100] "GET /js/footer/get_deps.min.js?v=6.6.7.2.41064 HTTP/1.1" 200 157
dynamic-31-25-124-222.ftth.glattnet.ch - - [23/Nov/2017:09:45:58 +0100] "GET /templates/creator/m_f/fa/fa7/164/css/main.min.css?v=1483633820 HTTP/1.1" 200 1797
dynamic-31-25-124-222.ftth.glattnet.ch - - [23/Nov/2017:09:45:58 +0100] "GET /js/footer/build_social_entries.min.js?v=6.6.7.2.41064 HTTP/1.1" 200 278
dynamic-31-25-124-222.ftth.glattnet.ch - - [23/Nov/2017:09:45:58 +0100] "GET /css/widgets/concat_widget.min.css?v=6.6.7.2.41064 HTTP/1.1" 200 24507
dynamic-31-25-124-222.ftth.glattnet.ch - - [23/Nov/2017:09:45:58 +0100] "GET /css/skeleton.css HTTP/1.1" 200 3511
dynamic-31-25-124-222.ftth.glattnet.ch - - [23/Nov/2017:09:45:58 +0100] "GET /templates/creator/m_f/fa/fa7/164/assets/wp-menu.js?v=1483633820 HTTP/1.1" 200 1089
dynamic-31-25-124-222.ftth.glattnet.ch - - [23/Nov/2017:09:45:58 +0100] "GET /templates/creator/m_f/fa/fa7/164/assets/respond.min.js?v=1483633820 HTTP/1.1" 200 2085
dynamic-31-25-124-222.ftth.glattnet.ch - - [23/Nov/2017:09:45:58 +0100] "GET /var/m_0/0d/0dd/12455/8254793-J70_Davos.w1024.jpg HTTP/1.1" 200 191999
dynamic-31-25-124-222.ftth.glattnet.ch - - [23/Nov/2017:09:45:58 +0100] "GET /var/m_0/0d/0dd/12455/8218280-65_Regatta.JPG HTTP/1.1" 200 192350
dynamic-31-25-124-222.ftth.glattnet.ch - - [23/Nov/2017:09:45:58 +0100] "GET /templates/creator/m_f/fa/fa7/164/css/style.min.css?v=1483633820 HTTP/1.1" 200 847
dynamic-31-25-124-222.ftth.glattnet.ch - - [23/Nov/2017:09:45:58 +0100] "GET /templates/creator/m_f/fa/fa7/164/assets/slide.js?v=1483633820 HTTP/1.1" 200 662
dynamic-31-25-124-222.ftth.glattnet.ch - - [23/Nov/2017:09:45:58 +0100] "GET /js/functions_stripped.js?v=6.6.7.2.41064 HTTP/1.1" 200 3186
dynamic-31-25-124-222.ftth.glattnet.ch - - [23/Nov/2017:09:45:58 +0100] "GET /js/jquery.lazyload.min.js?v=6.6.7.2.41064 HTTP/1.1" 200 1283
dynamic-31-25-124-222.ftth.glattnet.ch - - [23/Nov/2017:09:45:58 +0100] "GET /var/m_0/0d/0dd/12455/143351-Header_Segelschule.jpg HTTP/1.1" 200 107532
dynamic-31-25-124-222.ftth.glattnet.ch - - [23/Nov/2017:09:45:58 +0100] "GET /var/m_0/0d/0dd/12455/6564603-SK_Tro_Head.jpg HTTP/1.1" 200 136780
dynamic-31-25-124-222.ftth.glattnet.ch - - [23/Nov/2017:09:45:58 +0100] "GET /var/m_0/0d/0dd/12455/7230972-19_Matchracing.jpg HTTP/1.1" 200 55347
dynamic-31-25-124-222.ftth.glattnet.ch - - [23/Nov/2017:09:45:58 +0100] "GET /var/m_0/0d/0dd/12455/125494-14_Vermietung.JPG HTTP/1.1" 200 95115
dynamic-31-25-124-222.ftth.glattnet.ch - - [23/Nov/2017:09:45:58 +0100] "GET /var/m_0/0d/0dd/12455/125493-13_Kurse.JPG HTTP/1.1" 200 70517
dynamic-31-25-124-222.ftth.glattnet.ch - - [23/Nov/2017:09:45:58 +0100] "GET /var/m_0/0d/0dd/12455/125495-15_Event.JPG HTTP/1.1" 200 59088
dynamic-31-25-124-222.ftth.glattnet.ch - - [23/Nov/2017:09:45:58 +0100] "GET /var/m_0/0d/0dd/12455/143586-SP_DK1.jpg HTTP/1.1" 200 3071
dynamic-31-25-124-222.ftth.glattnet.ch - - [23/Nov/2017:09:45:58 +0100] "GET /var/m_0/0d/0dd/12455/143580-SP_Heierling1.jpg HTTP/1.1" 200 2613
dynamic-31-25-124-222.ftth.glattnet.ch - - [23/Nov/2017:09:45:58 +0100] "GET /var/m_0/0d/0dd/12455/143584-SP_Lemm1.jpg HTTP/1.1" 200 2321
dynamic-31-25-124-222.ftth.glattnet.ch - - [23/Nov/2017:09:45:58 +0100] "GET /var/m_0/0d/0dd/12455/143582-SP_Gipfel1.jpg HTTP/1.1" 200 2688
dynamic-31-25-124-222.ftth.glattnet.ch - - [23/Nov/2017:09:45:58 +0100] "GET /var/m_0/0d/0dd/12455/8288159-EWD_rgb_pos.jpg HTTP/1.1" 200 207458
dynamic-31-25-124-222.ftth.glattnet.ch - - [23/Nov/2017:09:45:59 +0100] "GET /templates/resellers/7/favicon.ico?v=1506103971 HTTP/1.1" 200 4286
dynamic-31-25-124-222.ftth.glattnet.ch - - [23/Nov/2017:09:46:07 +0100] "GET /aktuelles-wetter.shtml HTTP/1.1" 200 4575
dynamic-31-25-124-222.ftth.glattnet.ch - - [23/Nov/2017:09:46:08 +0100] "GET /var/m_0/0d/0dd/12455/143352-Header_Segelschule_2.jpg HTTP/1.1" 200 107532
dynamic-31-25-124-222.ftth.glattnet.ch - - [23/Nov/2017:09:46:09 +0100] "GET /templates/resellers/7/favicon.ico?v=1506147107 HTTP/1.1" 200 4286
msnbot-207-46-13-10.search.msn.com - - [23/Nov/2017:09:48:05 +0100] "GET /robots.txt HTTP/1.1" 200 80
msnbot-207-46-13-10.search.msn.com - - [23/Nov/2017:09:48:05 +0100] "GET /robots.txt HTTP/1.1" 200 80
msnbot-207-46-13-10.search.msn.com - - [23/Nov/2017:09:48:10 +0100] "GET /css/skeleton.css HTTP/1.1" 200 3511
msnbot-207-46-13-10.search.msn.com - - [23/Nov/2017:09:48:11 +0100] "GET /templates/creator/m_f/fa/fa7/164/assets/respond.min.js?v=1483633820 HTTP/1.1" 200 2085
msnbot-207-46-13-10.search.msn.com - - [23/Nov/2017:09:48:11 +0100] "GET /js/footer/get_deps.min.js?v=6.6.7.2.41064 HTTP/1.1" 200 157
msnbot-40-77-167-120.search.msn.com - - [23/Nov/2017:09:48:12 +0100] "GET /css/widgets/concat_widget.min.css?v=6.6.7.2.41064 HTTP/1.1" 200 24507
msnbot-157-55-39-65.search.msn.com - - [23/Nov/2017:09:48:15 +0100] "GET /templates/creator/m_f/fa/fa7/164/css/main.min.css?v=1483633820 HTTP/1.1" 200 1797
msnbot-157-55-39-65.search.msn.com - - [23/Nov/2017:09:48:15 +0100] "GET /js/footer/build_social_entries.min.js?v=6.6.7.2.41064 HTTP/1.1" 200 278
msnbot-157-55-39-65.search.msn.com - - [23/Nov/2017:09:48:15 +0100] "GET /templates/creator/m_f/fa/fa7/164/css/style.min.css?v=1483633820 HTTP/1.1" 200 847
msnbot-157-55-39-65.search.msn.com - - [23/Nov/2017:09:48:15 +0100] "GET /js/functions_stripped.js?v=6.6.7.2.41064 HTTP/1.1" 200 3186
msnbot-157-55-39-65.search.msn.com - - [23/Nov/2017:09:48:15 +0100] "GET /templates/creator/m_f/fa/fa7/164/assets/wp-menu.js?v=1483633820 HTTP/1.1" 200 1089
188-163-78-55.broadband.kyivstar.net - - [23/Nov/2017:09:59:03 +0100] "GET / HTTP/1.1" 200 35804
188-163-78-55.broadband.kyivstar.net - - [23/Nov/2017:09:59:04 +0100] "GET / HTTP/1.1" 200 35804
188-163-78-55.broadband.kyivstar.net - - [23/Nov/2017:09:59:05 +0100] "GET / HTTP/1.1" 200 35804
188-163-78-55.broadband.kyivstar.net - - [23/Nov/2017:09:59:09 +0100] "GET / HTTP/1.1" 200 35804
188-163-78-55.broadband.kyivstar.net - - [23/Nov/2017:09:59:10 +0100] "GET / HTTP/1.1" 200 35804
188-163-78-55.broadband.kyivstar.net - - [23/Nov/2017:09:59:11 +0100] "GET / HTTP/1.1" 200 35804
