217.193.142.180 - - [24/Nov/2017:05:18:37 +0100] "GET / HTTP/1.1" 200 35804
217.193.142.180 - - [24/Nov/2017:05:18:36 +0100] "GET / HTTP/1.1" 200 35804
reverse-dns.chicago - - [24/Nov/2017:05:18:40 +0100] "GET / HTTP/1.1" 200 35804
reverse-dns.chicago - - [24/Nov/2017:05:18:41 +0100] "GET /aktuelles-wetter.shtml HTTP/1.1" 200 18388
reverse-dns.chicago - - [24/Nov/2017:05:18:40 +0100] "GET /%C3%BCber-uns.shtml HTTP/1.1" 200 21862
reverse-dns.chicago - - [24/Nov/2017:05:18:43 +0100] "GET /davosersee.shtml HTTP/1.1" 200 19505
reverse-dns.chicago - - [24/Nov/2017:05:18:44 +0100] "GET /event-gruppesmartkat.shtml HTTP/1.1" 200 21256
reverse-dns.chicago - - [24/Nov/2017:05:18:44 +0100] "GET /event-matchracing.shtml HTTP/1.1" 200 21251
reverse-dns.chicago - - [24/Nov/2017:05:18:48 +0100] "GET /event-pedalo.shtml HTTP/1.1" 200 20248
reverse-dns.chicago - - [24/Nov/2017:05:18:49 +0100] "GET /flotte.shtml HTTP/1.1" 200 29241
reverse-dns.chicago - - [24/Nov/2017:05:18:49 +0100] "GET /events.shtml HTTP/1.1" 200 22514
reverse-dns.chicago - - [24/Nov/2017:05:18:50 +0100] "GET /galerie-gruppesmartkat.shtml HTTP/1.1" 200 20574
reverse-dns.chicago - - [24/Nov/2017:05:18:50 +0100] "GET /galerie-matchracing.shtml HTTP/1.1" 200 21704
reverse-dns.chicago - - [24/Nov/2017:05:18:51 +0100] "GET /galerie-sktrophy-2014.shtml HTTP/1.1" 200 29913
reverse-dns.chicago - - [24/Nov/2017:05:18:52 +0100] "GET /galerie.shtml HTTP/1.1" 200 22747
reverse-dns.chicago - - [24/Nov/2017:05:18:52 +0100] "GET /galerie-sktrophy-2015.shtml HTTP/1.1" 200 49420
reverse-dns.chicago - - [24/Nov/2017:05:18:53 +0100] "GET /kinder-segelkurs.shtml HTTP/1.1" 200 19898
reverse-dns.chicago - - [24/Nov/2017:05:18:54 +0100] "GET /kurse.shtml HTTP/1.1" 200 31031
reverse-dns.chicago - - [24/Nov/2017:05:18:54 +0100] "GET /kursanmeldung.shtml HTTP/1.1" 200 49926
reverse-dns.chicago - - [24/Nov/2017:05:18:55 +0100] "GET /pruefungskurs.shtml HTTP/1.1" 200 23039
reverse-dns.chicago - - [24/Nov/2017:05:18:55 +0100] "GET /optikurse-2014.shtml HTTP/1.1" 200 26353
reverse-dns.chicago - - [24/Nov/2017:05:18:56 +0100] "GET /segel-grundkurs.shtml HTTP/1.1" 200 21440
reverse-dns.chicago - - [24/Nov/2017:05:18:56 +0100] "GET /segelkurs-jollesmartkat.shtml HTTP/1.1" 200 19993
reverse-dns.chicago - - [24/Nov/2017:05:18:57 +0100] "GET /standort.shtml HTTP/1.1" 200 17547
reverse-dns.chicago - - [24/Nov/2017:05:18:57 +0100] "GET /smartkat-crashkurs.shtml HTTP/1.1" 200 17863
reverse-dns.chicago - - [24/Nov/2017:05:18:58 +0100] "GET /vermietung.shtml HTTP/1.1" 200 25728
reverse-dns.chicago - - [24/Nov/2017:05:19:03 +0100] "GET /js/functions_stripped.js?v=6.6.7.2.41064 HTTP/1.1" 200 7672
reverse-dns.chicago - - [24/Nov/2017:05:19:03 +0100] "GET /Perspectiva.html? HTTP/1.1" 200 18069
reverse-dns.chicago - - [24/Nov/2017:05:19:05 +0100] "GET /js/jquery.lazyload.min.js?v=6.6.7.2.41064 HTTP/1.1" 200 3342
reverse-dns.chicago - - [24/Nov/2017:05:19:07 +0100] "GET /aktuelles-wetter HTTP/1.1" 200 18388
