ec2-34-240-95-255.eu-west-1.compute.amazonaws.com - - [29/Sep/2017:23:02:24 +0200] "GET /robots.txt HTTP/1.1" 200 80
ec2-34-240-95-255.eu-west-1.compute.amazonaws.com - - [29/Sep/2017:23:02:24 +0200] "GET /index.php HTTP/1.1" 302 -
209.90.232.120.reverse.wowrack.com - - [29/Sep/2017:23:17:05 +0200] "GET / HTTP/1.1" 200 35804
209.90.232.120.reverse.wowrack.com - - [29/Sep/2017:23:17:08 +0200] "GET /aktuelles-wetter.shtml HTTP/1.1" 200 18388
209.90.232.120.reverse.wowrack.com - - [29/Sep/2017:23:17:08 +0200] "GET /%C3%BCber-uns.shtml HTTP/1.1" 200 21862
209.90.232.120.reverse.wowrack.com - - [29/Sep/2017:23:17:09 +0200] "GET /davosersee.shtml HTTP/1.1" 200 19505
209.90.232.120.reverse.wowrack.com - - [29/Sep/2017:23:17:11 +0200] "GET /event-gruppesmartkat.shtml HTTP/1.1" 200 21256
209.90.232.120.reverse.wowrack.com - - [29/Sep/2017:23:17:11 +0200] "GET /event-matchracing.shtml HTTP/1.1" 200 21251
209.90.232.120.reverse.wowrack.com - - [29/Sep/2017:23:17:12 +0200] "GET /event-pedalo.shtml HTTP/1.1" 200 20248
209.90.232.120.reverse.wowrack.com - - [29/Sep/2017:23:17:13 +0200] "GET /flotte.shtml HTTP/1.1" 200 29241
209.90.232.120.reverse.wowrack.com - - [29/Sep/2017:23:17:13 +0200] "GET /galerie-matchracing.shtml HTTP/1.1" 200 21704
209.90.232.120.reverse.wowrack.com - - [29/Sep/2017:23:17:13 +0200] "GET /events.shtml HTTP/1.1" 200 22514
209.90.232.120.reverse.wowrack.com - - [29/Sep/2017:23:17:13 +0200] "GET /galerie-gruppesmartkat.shtml HTTP/1.1" 200 20574
209.90.232.120.reverse.wowrack.com - - [29/Sep/2017:23:17:14 +0200] "GET /galerie-sktrophy-2014.shtml HTTP/1.1" 200 29913
209.90.232.120.reverse.wowrack.com - - [29/Sep/2017:23:17:15 +0200] "GET /galerie-sktrophy-2015.shtml HTTP/1.1" 200 49420
209.90.232.120.reverse.wowrack.com - - [29/Sep/2017:23:17:16 +0200] "GET /galerie.shtml HTTP/1.1" 200 22747
209.90.232.120.reverse.wowrack.com - - [29/Sep/2017:23:17:18 +0200] "GET /kinder-segelkurs.shtml HTTP/1.1" 200 19898
209.90.232.120.reverse.wowrack.com - - [29/Sep/2017:23:17:18 +0200] "GET /kursanmeldung.shtml HTTP/1.1" 200 49926
209.90.232.120.reverse.wowrack.com - - [29/Sep/2017:23:17:19 +0200] "GET /kurse.shtml HTTP/1.1" 200 31031
209.90.232.120.reverse.wowrack.com - - [29/Sep/2017:23:17:20 +0200] "GET /pruefungskurs.shtml HTTP/1.1" 200 23039
209.90.232.120.reverse.wowrack.com - - [29/Sep/2017:23:17:20 +0200] "GET /segel-grundkurs.shtml HTTP/1.1" 200 21440
209.90.232.120.reverse.wowrack.com - - [29/Sep/2017:23:17:19 +0200] "GET /optikurse-2014.shtml HTTP/1.1" 200 26353
209.90.232.120.reverse.wowrack.com - - [29/Sep/2017:23:17:21 +0200] "GET /segelkurs-jollesmartkat.shtml HTTP/1.1" 200 19993
209.90.232.120.reverse.wowrack.com - - [29/Sep/2017:23:17:22 +0200] "GET /standort.shtml HTTP/1.1" 200 17547
209.90.232.120.reverse.wowrack.com - - [29/Sep/2017:23:17:22 +0200] "GET /smartkat-crashkurs.shtml HTTP/1.1" 200 17863
209.90.232.120.reverse.wowrack.com - - [29/Sep/2017:23:17:22 +0200] "GET /vermietung.shtml HTTP/1.1" 200 25728
209.90.232.120.reverse.wowrack.com - - [29/Sep/2017:23:17:24 +0200] "GET /js/functions_stripped.js?v=6.6.7.2.41064 HTTP/1.1" 200 7672
209.90.232.120.reverse.wowrack.com - - [29/Sep/2017:23:17:24 +0200] "GET /Perspectiva.html? HTTP/1.1" 200 18069
209.90.232.120.reverse.wowrack.com - - [29/Sep/2017:23:17:24 +0200] "GET /js/jquery.lazyload.min.js?v=6.6.7.2.41064 HTTP/1.1" 200 3342
209.90.232.120.reverse.wowrack.com - - [29/Sep/2017:23:17:25 +0200] "GET /aktuelles-wetter HTTP/1.1" 200 18388
crawl-66-249-64-30.googlebot.com - - [29/Sep/2017:23:23:32 +0200] "GET / HTTP/1.1" 200 6401
crawl-66-249-64-30.googlebot.com - - [29/Sep/2017:23:23:35 +0200] "GET /css/widgets/concat_widget.min.css?v=6.6.7.2.41064 HTTP/1.1" 200 24507
crawl-66-249-64-29.googlebot.com - - [29/Sep/2017:23:23:35 +0200] "GET /css/skeleton.css HTTP/1.1" 200 3511
crawl-66-249-64-28.googlebot.com - - [29/Sep/2017:23:23:35 +0200] "GET /templates/creator/m_f/fa/fa7/164/css/main.min.css?v=1483633820 HTTP/1.1" 200 1797
crawl-66-249-64-28.googlebot.com - - [29/Sep/2017:23:23:36 +0200] "GET /templates/creator/m_f/fa/fa7/164/css/style.min.css?v=1483633820 HTTP/1.1" 200 847
hydrogen012.a.ahrefs.com - - [29/Sep/2017:23:25:05 +0200] "GET /var/m_0/0d/0dd/12455/6564724-G3_SKT2015_51.jpg HTTP/1.1" 200 77336
msnbot-207-46-13-28.search.msn.com - - [29/Sep/2017:23:36:02 +0200] "GET /%C3%BCber-uns.shtml HTTP/1.1" 200 4740
static-145.132.56.2.ip.telfort.nl - - [29/Sep/2017:23:38:51 +0200] "GET / HTTP/1.1" 200 35804
static-145.132.56.2.ip.telfort.nl - - [29/Sep/2017:23:38:52 +0200] "GET /%C3%BCber-uns.shtml HTTP/1.1" 200 21862
static-145.132.56.2.ip.telfort.nl - - [29/Sep/2017:23:38:53 +0200] "GET /aktuelles-wetter.shtml HTTP/1.1" 200 18388
static-145.132.56.2.ip.telfort.nl - - [29/Sep/2017:23:43:55 +0200] "GET /event-gruppesmartkat.shtml HTTP/1.1" 200 21256
static-145.132.56.2.ip.telfort.nl - - [29/Sep/2017:23:43:55 +0200] "GET /event-matchracing.shtml HTTP/1.1" 200 21251
static-145.132.56.2.ip.telfort.nl - - [29/Sep/2017:23:43:56 +0200] "GET /event-pedalo.shtml HTTP/1.1" 200 20248
static-145.132.56.2.ip.telfort.nl - - [29/Sep/2017:23:43:57 +0200] "GET /events.shtml HTTP/1.1" 200 22514
static-145.132.56.2.ip.telfort.nl - - [29/Sep/2017:23:43:59 +0200] "GET /flotte.shtml HTTP/1.1" 200 29241
static-145.132.56.2.ip.telfort.nl - - [29/Sep/2017:23:43:59 +0200] "GET /galerie-gruppesmartkat.shtml HTTP/1.1" 200 20574
static-145.132.56.2.ip.telfort.nl - - [29/Sep/2017:23:44:00 +0200] "GET /galerie-matchracing.shtml HTTP/1.1" 200 21704
static-145.132.56.2.ip.telfort.nl - - [29/Sep/2017:23:44:00 +0200] "GET /galerie-sktrophy-2014.shtml HTTP/1.1" 200 29913
static-145.132.56.2.ip.telfort.nl - - [29/Sep/2017:23:44:02 +0200] "GET /galerie-sktrophy-2015.shtml HTTP/1.1" 200 49420
static-145.132.56.2.ip.telfort.nl - - [29/Sep/2017:23:44:03 +0200] "GET /galerie.shtml HTTP/1.1" 200 22747
static-145.132.56.2.ip.telfort.nl - - [29/Sep/2017:23:44:06 +0200] "GET /kinder-segelkurs.shtml HTTP/1.1" 200 19898
static-145.132.56.2.ip.telfort.nl - - [29/Sep/2017:23:44:06 +0200] "GET /kursanmeldung.shtml HTTP/1.1" 200 49926
static-145.132.56.2.ip.telfort.nl - - [29/Sep/2017:23:44:07 +0200] "GET /kurse.shtml HTTP/1.1" 200 31031
static-145.132.56.2.ip.telfort.nl - - [29/Sep/2017:23:44:08 +0200] "GET /optikurse-2014.shtml HTTP/1.1" 200 26353
static-145.132.56.2.ip.telfort.nl - - [29/Sep/2017:23:44:08 +0200] "GET /pruefungskurs.shtml HTTP/1.1" 200 23039
static-145.132.56.2.ip.telfort.nl - - [29/Sep/2017:23:44:09 +0200] "GET /segel-grundkurs.shtml HTTP/1.1" 200 21440
static-145.132.56.2.ip.telfort.nl - - [29/Sep/2017:23:44:09 +0200] "GET /segelkurs-jollesmartkat.shtml HTTP/1.1" 200 19993
static-145.132.56.2.ip.telfort.nl - - [29/Sep/2017:23:44:10 +0200] "GET /smartkat-crashkurs.shtml HTTP/1.1" 200 17863
static-145.132.56.2.ip.telfort.nl - - [29/Sep/2017:23:44:11 +0200] "GET /vermietung.shtml HTTP/1.1" 200 25728
static-145.132.56.2.ip.telfort.nl - - [29/Sep/2017:23:44:11 +0200] "GET /standort.shtml HTTP/1.1" 200 17547
static-145.132.56.2.ip.telfort.nl - - [29/Sep/2017:23:44:12 +0200] "GET /js/functions_stripped.js?v=6.6.7.2.41064 HTTP/1.1" 200 7672
static-145.132.56.2.ip.telfort.nl - - [29/Sep/2017:23:44:12 +0200] "GET /Perspectiva.html? HTTP/1.1" 200 18069
static-145.132.56.2.ip.telfort.nl - - [29/Sep/2017:23:44:13 +0200] "GET /js/jquery.lazyload.min.js?v=6.6.7.2.41064 HTTP/1.1" 200 3342
static-145.132.56.2.ip.telfort.nl - - [29/Sep/2017:23:44:14 +0200] "GET /aktuelles-wetter HTTP/1.1" 200 18388
static-145.132.56.2.ip.telfort.nl - - [29/Sep/2017:23:38:54 +0200] "GET /davosersee.shtml HTTP/1.1" 200 -
crawl-66-249-66-146.googlebot.com - - [29/Sep/2017:23:55:20 +0200] "GET / HTTP/1.1" 200 6401
crawl-66-249-66-142.googlebot.com - - [29/Sep/2017:23:55:22 +0200] "GET /templates/creator/m_f/fa/fa7/164/css/main.min.css?v=1483633820 HTTP/1.1" 200 1797
crawl-66-249-66-146.googlebot.com - - [29/Sep/2017:23:55:23 +0200] "GET /css/widgets/concat_widget.min.css?v=6.6.7.2.41064 HTTP/1.1" 200 24507
crawl-66-249-66-146.googlebot.com - - [29/Sep/2017:23:55:23 +0200] "GET /css/skeleton.css HTTP/1.1" 200 3511
crawl-66-249-66-144.googlebot.com - - [29/Sep/2017:23:55:23 +0200] "GET /templates/creator/m_f/fa/fa7/164/css/style.min.css?v=1483633820 HTTP/1.1" 200 847
