static-ip-85-25-236-93.inaddr.ip-pool.com - - [05/Nov/2017:01:34:13 +0100] "GET / HTTP/1.1" 200 6440
static-ip-85-25-236-93.inaddr.ip-pool.com - - [05/Nov/2017:01:34:34 +0100] "GET /css/widgets/concat_widget.min.css?v=6.6.7.2.41064 HTTP/1.1" 200 24507
static-ip-85-25-236-93.inaddr.ip-pool.com - - [05/Nov/2017:01:35:03 +0100] "GET /templates/creator/m_f/fa/fa7/164/css/main.min.css?v=1483633820 HTTP/1.1" 200 1797
static-ip-85-25-236-93.inaddr.ip-pool.com - - [05/Nov/2017:01:35:05 +0100] "GET /templates/creator/m_f/fa/fa7/164/css/style.min.css?v=1483633820 HTTP/1.1" 200 847
static-ip-85-25-236-93.inaddr.ip-pool.com - - [05/Nov/2017:01:35:05 +0100] "GET /js/footer/get_deps.min.js?v=6.6.7.2.41064 HTTP/1.1" 200 157
static-ip-85-25-236-93.inaddr.ip-pool.com - - [05/Nov/2017:01:35:05 +0100] "GET /js/footer/build_social_entries.min.js?v=6.6.7.2.41064 HTTP/1.1" 200 278
static-ip-85-25-236-93.inaddr.ip-pool.com - - [05/Nov/2017:01:35:05 +0100] "GET /templates/creator/m_f/fa/fa7/164/assets/wp-menu.js?v=1483633820 HTTP/1.1" 200 1089
static-ip-85-25-236-93.inaddr.ip-pool.com - - [05/Nov/2017:01:35:06 +0100] "GET /templates/creator/m_f/fa/fa7/164/assets/respond.min.js?v=1483633820 HTTP/1.1" 200 2085
static-ip-85-25-236-93.inaddr.ip-pool.com - - [05/Nov/2017:01:35:06 +0100] "GET /templates/creator/m_f/fa/fa7/164/assets/slide.js?v=1483633820 HTTP/1.1" 200 662
static-ip-85-25-236-93.inaddr.ip-pool.com - - [05/Nov/2017:01:35:06 +0100] "GET /js/functions_stripped.js?v=6.6.7.2.41064 HTTP/1.1" 200 3186
static-ip-85-25-236-93.inaddr.ip-pool.com - - [05/Nov/2017:01:35:06 +0100] "GET /js/jquery.lazyload.min.js?v=6.6.7.2.41064 HTTP/1.1" 200 1283
static-ip-85-25-236-93.inaddr.ip-pool.com - - [05/Nov/2017:01:35:06 +0100] "GET /css/skeleton.css HTTP/1.1" 200 3511
static-ip-85-25-236-93.inaddr.ip-pool.com - - [05/Nov/2017:01:35:10 +0100] "GET /robots.txt HTTP/1.1" 200 80
static-ip-85-25-236-93.inaddr.ip-pool.com - - [05/Nov/2017:01:35:11 +0100] "GET / HTTP/1.1" 200 6440
static-ip-85-25-236-93.inaddr.ip-pool.com - - [05/Nov/2017:01:35:14 +0100] "GET /css/widgets/concat_widget.min.css?v=6.6.7.2.41064 HTTP/1.1" 200 24507
static-ip-85-25-236-93.inaddr.ip-pool.com - - [05/Nov/2017:01:35:23 +0100] "GET /templates/creator/m_f/fa/fa7/164/css/main.min.css?v=1483633820 HTTP/1.1" 200 1797
static-ip-85-25-236-93.inaddr.ip-pool.com - - [05/Nov/2017:01:35:23 +0100] "GET /templates/creator/m_f/fa/fa7/164/css/style.min.css?v=1483633820 HTTP/1.1" 200 847
static-ip-85-25-236-93.inaddr.ip-pool.com - - [05/Nov/2017:01:35:25 +0100] "GET /js/footer/get_deps.min.js?v=6.6.7.2.41064 HTTP/1.1" 200 157
static-ip-85-25-236-93.inaddr.ip-pool.com - - [05/Nov/2017:01:35:25 +0100] "GET /js/footer/build_social_entries.min.js?v=6.6.7.2.41064 HTTP/1.1" 200 278
static-ip-85-25-236-93.inaddr.ip-pool.com - - [05/Nov/2017:01:35:27 +0100] "GET /templates/creator/m_f/fa/fa7/164/assets/wp-menu.js?v=1483633820 HTTP/1.1" 200 1089
static-ip-85-25-236-93.inaddr.ip-pool.com - - [05/Nov/2017:01:35:27 +0100] "GET /templates/creator/m_f/fa/fa7/164/assets/respond.min.js?v=1483633820 HTTP/1.1" 200 2085
static-ip-85-25-236-93.inaddr.ip-pool.com - - [05/Nov/2017:01:35:27 +0100] "GET /templates/creator/m_f/fa/fa7/164/assets/slide.js?v=1483633820 HTTP/1.1" 200 662
static-ip-85-25-236-93.inaddr.ip-pool.com - - [05/Nov/2017:01:35:27 +0100] "GET /js/functions_stripped.js?v=6.6.7.2.41064 HTTP/1.1" 200 3186
static-ip-85-25-236-93.inaddr.ip-pool.com - - [05/Nov/2017:01:35:27 +0100] "GET /js/jquery.lazyload.min.js?v=6.6.7.2.41064 HTTP/1.1" 200 1283
static-ip-85-25-236-93.inaddr.ip-pool.com - - [05/Nov/2017:01:35:28 +0100] "GET /css/skeleton.css HTTP/1.1" 200 3511
static-ip-85-25-236-93.inaddr.ip-pool.com - - [05/Nov/2017:01:35:55 +0100] "GET / HTTP/1.1" 200 6440
static-ip-85-25-236-93.inaddr.ip-pool.com - - [05/Nov/2017:01:35:55 +0100] "GET /css/widgets/concat_widget.min.css?v=6.6.7.2.41064 HTTP/1.1" 200 24507
static-ip-85-25-236-93.inaddr.ip-pool.com - - [05/Nov/2017:01:36:00 +0100] "GET /templates/creator/m_f/fa/fa7/164/css/main.min.css?v=1483633820 HTTP/1.1" 200 1797
static-ip-85-25-236-93.inaddr.ip-pool.com - - [05/Nov/2017:01:36:00 +0100] "GET /templates/creator/m_f/fa/fa7/164/css/style.min.css?v=1483633820 HTTP/1.1" 200 847
static-ip-85-25-236-93.inaddr.ip-pool.com - - [05/Nov/2017:01:36:01 +0100] "GET /js/footer/get_deps.min.js?v=6.6.7.2.41064 HTTP/1.1" 200 157
static-ip-85-25-236-93.inaddr.ip-pool.com - - [05/Nov/2017:01:36:01 +0100] "GET /js/footer/build_social_entries.min.js?v=6.6.7.2.41064 HTTP/1.1" 200 278
static-ip-85-25-236-93.inaddr.ip-pool.com - - [05/Nov/2017:01:36:03 +0100] "GET /templates/creator/m_f/fa/fa7/164/assets/wp-menu.js?v=1483633820 HTTP/1.1" 200 1089
static-ip-85-25-236-93.inaddr.ip-pool.com - - [05/Nov/2017:01:36:03 +0100] "GET /templates/creator/m_f/fa/fa7/164/assets/respond.min.js?v=1483633820 HTTP/1.1" 200 2085
static-ip-85-25-236-93.inaddr.ip-pool.com - - [05/Nov/2017:01:36:03 +0100] "GET /templates/creator/m_f/fa/fa7/164/assets/slide.js?v=1483633820 HTTP/1.1" 200 662
static-ip-85-25-236-93.inaddr.ip-pool.com - - [05/Nov/2017:01:36:03 +0100] "GET /js/functions_stripped.js?v=6.6.7.2.41064 HTTP/1.1" 200 3186
static-ip-85-25-236-93.inaddr.ip-pool.com - - [05/Nov/2017:01:36:04 +0100] "GET /js/jquery.lazyload.min.js?v=6.6.7.2.41064 HTTP/1.1" 200 1283
static-ip-85-25-236-93.inaddr.ip-pool.com - - [05/Nov/2017:01:36:04 +0100] "GET /css/skeleton.css HTTP/1.1" 200 3511
static-ip-85-25-236-93.inaddr.ip-pool.com - - [05/Nov/2017:01:37:02 +0100] "GET /events.shtml HTTP/1.1" 200 5297
static-ip-85-25-236-93.inaddr.ip-pool.com - - [05/Nov/2017:01:37:03 +0100] "GET /css/widgets/concat_widget.min.css?v=6.6.7.2.41064 HTTP/1.1" 200 24507
static-ip-85-25-236-93.inaddr.ip-pool.com - - [05/Nov/2017:01:37:15 +0100] "GET /templates/creator/m_f/fa/fa7/164/css/main.min.css?v=1483633820 HTTP/1.1" 200 1797
static-ip-85-25-236-93.inaddr.ip-pool.com - - [05/Nov/2017:01:37:15 +0100] "GET /templates/creator/m_f/fa/fa7/164/css/style.min.css?v=1483633820 HTTP/1.1" 200 847
static-ip-85-25-236-93.inaddr.ip-pool.com - - [05/Nov/2017:01:37:15 +0100] "GET /js/footer/get_deps.min.js?v=6.6.7.2.41064 HTTP/1.1" 200 157
static-ip-85-25-236-93.inaddr.ip-pool.com - - [05/Nov/2017:01:37:15 +0100] "GET /js/footer/build_social_entries.min.js?v=6.6.7.2.41064 HTTP/1.1" 200 278
static-ip-85-25-236-93.inaddr.ip-pool.com - - [05/Nov/2017:01:37:18 +0100] "GET /templates/creator/m_f/fa/fa7/164/assets/wp-menu.js?v=1483633820 HTTP/1.1" 200 1089
static-ip-85-25-236-93.inaddr.ip-pool.com - - [05/Nov/2017:01:37:18 +0100] "GET /templates/creator/m_f/fa/fa7/164/assets/respond.min.js?v=1483633820 HTTP/1.1" 200 2085
static-ip-85-25-236-93.inaddr.ip-pool.com - - [05/Nov/2017:01:37:18 +0100] "GET /templates/creator/m_f/fa/fa7/164/assets/slide.js?v=1483633820 HTTP/1.1" 200 662
static-ip-85-25-236-93.inaddr.ip-pool.com - - [05/Nov/2017:01:37:18 +0100] "GET /js/functions_stripped.js?v=6.6.7.2.41064 HTTP/1.1" 200 3186
static-ip-85-25-236-93.inaddr.ip-pool.com - - [05/Nov/2017:01:37:18 +0100] "GET /js/jquery.lazyload.min.js?v=6.6.7.2.41064 HTTP/1.1" 200 1283
static-ip-85-25-236-93.inaddr.ip-pool.com - - [05/Nov/2017:01:37:18 +0100] "GET /css/skeleton.css HTTP/1.1" 200 3511
static-ip-85-25-236-93.inaddr.ip-pool.com - - [05/Nov/2017:01:37:49 +0100] "GET /event-pedalo.shtml HTTP/1.1" 200 5342
static-ip-85-25-236-93.inaddr.ip-pool.com - - [05/Nov/2017:01:37:50 +0100] "GET /js/fancybox2/jquery.fancybox.min.css?v=6.6.7.2.41064 HTTP/1.1" 200 1020
static-ip-85-25-236-93.inaddr.ip-pool.com - - [05/Nov/2017:01:37:50 +0100] "GET /css/widgets/concat_widget.min.css?v=6.6.7.2.41064 HTTP/1.1" 200 24507
static-ip-85-25-236-93.inaddr.ip-pool.com - - [05/Nov/2017:01:37:59 +0100] "GET /templates/creator/m_f/fa/fa7/164/css/main.min.css?v=1483633820 HTTP/1.1" 200 1797
static-ip-85-25-236-93.inaddr.ip-pool.com - - [05/Nov/2017:01:37:59 +0100] "GET /templates/creator/m_f/fa/fa7/164/css/style.min.css?v=1483633820 HTTP/1.1" 200 847
static-ip-85-25-236-93.inaddr.ip-pool.com - - [05/Nov/2017:01:38:00 +0100] "GET /js/efu/main.min.js?v=6.6.7.2.41064 HTTP/1.1" 200 1746
static-ip-85-25-236-93.inaddr.ip-pool.com - - [05/Nov/2017:01:38:00 +0100] "GET /js/efu/w.gallery.min.js?v=6.6.7.2.41064 HTTP/1.1" 200 181
static-ip-85-25-236-93.inaddr.ip-pool.com - - [05/Nov/2017:01:38:00 +0100] "GET /js/fancybox2/jquery.fancybox.min.js?v=6.6.7.2.41064 HTTP/1.1" 200 6267
static-ip-85-25-236-93.inaddr.ip-pool.com - - [05/Nov/2017:01:38:00 +0100] "GET /js/footer/get_deps.min.js?v=6.6.7.2.41064 HTTP/1.1" 200 157
static-ip-85-25-236-93.inaddr.ip-pool.com - - [05/Nov/2017:01:38:00 +0100] "GET /js/footer/build_social_entries.min.js?v=6.6.7.2.41064 HTTP/1.1" 200 278
static-ip-85-25-236-93.inaddr.ip-pool.com - - [05/Nov/2017:01:38:00 +0100] "GET /templates/creator/m_f/fa/fa7/164/assets/wp-menu.js?v=1483633820 HTTP/1.1" 200 1089
static-ip-85-25-236-93.inaddr.ip-pool.com - - [05/Nov/2017:01:38:00 +0100] "GET /templates/creator/m_f/fa/fa7/164/assets/respond.min.js?v=1483633820 HTTP/1.1" 200 2085
static-ip-85-25-236-93.inaddr.ip-pool.com - - [05/Nov/2017:01:38:00 +0100] "GET /templates/creator/m_f/fa/fa7/164/assets/slide.js?v=1483633820 HTTP/1.1" 200 662
static-ip-85-25-236-93.inaddr.ip-pool.com - - [05/Nov/2017:01:38:00 +0100] "GET /js/functions_stripped.js?v=6.6.7.2.41064 HTTP/1.1" 200 3186
static-ip-85-25-236-93.inaddr.ip-pool.com - - [05/Nov/2017:01:38:00 +0100] "GET /js/jquery.lazyload.min.js?v=6.6.7.2.41064 HTTP/1.1" 200 1283
static-ip-85-25-236-93.inaddr.ip-pool.com - - [05/Nov/2017:01:38:00 +0100] "GET /js/galleryLightbox/gallery-paging.min.js?v=6.6.7.2.41064 HTTP/1.1" 200 1107
static-ip-85-25-236-93.inaddr.ip-pool.com - - [05/Nov/2017:01:38:02 +0100] "GET /css/skeleton.css HTTP/1.1" 200 3511
msnbot-157-55-39-241.search.msn.com - - [05/Nov/2017:01:38:12 +0100] "GET / HTTP/1.1" 200 6440
static-ip-85-25-236-93.inaddr.ip-pool.com - - [05/Nov/2017:01:38:51 +0100] "GET /event-matchracing.shtml HTTP/1.1" 200 5634
static-ip-85-25-236-93.inaddr.ip-pool.com - - [05/Nov/2017:01:38:52 +0100] "GET /js/fancybox2/jquery.fancybox.min.css?v=6.6.7.2.41064 HTTP/1.1" 200 1020
static-ip-85-25-236-93.inaddr.ip-pool.com - - [05/Nov/2017:01:38:53 +0100] "GET /css/widgets/concat_widget.min.css?v=6.6.7.2.41064 HTTP/1.1" 200 24507
static-ip-85-25-236-93.inaddr.ip-pool.com - - [05/Nov/2017:01:39:01 +0100] "GET /templates/creator/m_f/fa/fa7/164/css/main.min.css?v=1483633820 HTTP/1.1" 200 1797
static-ip-85-25-236-93.inaddr.ip-pool.com - - [05/Nov/2017:01:39:02 +0100] "GET /templates/creator/m_f/fa/fa7/164/css/style.min.css?v=1483633820 HTTP/1.1" 200 847
static-ip-85-25-236-93.inaddr.ip-pool.com - - [05/Nov/2017:01:39:02 +0100] "GET /js/efu/main.min.js?v=6.6.7.2.41064 HTTP/1.1" 200 1746
static-ip-85-25-236-93.inaddr.ip-pool.com - - [05/Nov/2017:01:39:02 +0100] "GET /js/efu/w.gallery.min.js?v=6.6.7.2.41064 HTTP/1.1" 200 181
static-ip-85-25-236-93.inaddr.ip-pool.com - - [05/Nov/2017:01:39:02 +0100] "GET /js/fancybox2/jquery.fancybox.min.js?v=6.6.7.2.41064 HTTP/1.1" 200 6267
static-ip-85-25-236-93.inaddr.ip-pool.com - - [05/Nov/2017:01:39:02 +0100] "GET /js/footer/get_deps.min.js?v=6.6.7.2.41064 HTTP/1.1" 200 157
static-ip-85-25-236-93.inaddr.ip-pool.com - - [05/Nov/2017:01:39:02 +0100] "GET /js/footer/build_social_entries.min.js?v=6.6.7.2.41064 HTTP/1.1" 200 278
static-ip-85-25-236-93.inaddr.ip-pool.com - - [05/Nov/2017:01:39:04 +0100] "GET /templates/creator/m_f/fa/fa7/164/assets/wp-menu.js?v=1483633820 HTTP/1.1" 200 1089
static-ip-85-25-236-93.inaddr.ip-pool.com - - [05/Nov/2017:01:39:04 +0100] "GET /templates/creator/m_f/fa/fa7/164/assets/respond.min.js?v=1483633820 HTTP/1.1" 200 2085
static-ip-85-25-236-93.inaddr.ip-pool.com - - [05/Nov/2017:01:39:04 +0100] "GET /templates/creator/m_f/fa/fa7/164/assets/slide.js?v=1483633820 HTTP/1.1" 200 662
static-ip-85-25-236-93.inaddr.ip-pool.com - - [05/Nov/2017:01:39:04 +0100] "GET /js/functions_stripped.js?v=6.6.7.2.41064 HTTP/1.1" 200 3186
static-ip-85-25-236-93.inaddr.ip-pool.com - - [05/Nov/2017:01:39:04 +0100] "GET /js/jquery.lazyload.min.js?v=6.6.7.2.41064 HTTP/1.1" 200 1283
static-ip-85-25-236-93.inaddr.ip-pool.com - - [05/Nov/2017:01:39:04 +0100] "GET /js/galleryLightbox/gallery-paging.min.js?v=6.6.7.2.41064 HTTP/1.1" 200 1107
static-ip-85-25-236-93.inaddr.ip-pool.com - - [05/Nov/2017:01:39:04 +0100] "GET /css/skeleton.css HTTP/1.1" 200 3511
static-ip-85-25-236-93.inaddr.ip-pool.com - - [05/Nov/2017:01:39:33 +0100] "GET /event-gruppesmartkat.shtml HTTP/1.1" 200 5645
static-ip-85-25-236-93.inaddr.ip-pool.com - - [05/Nov/2017:01:39:34 +0100] "GET /js/fancybox2/jquery.fancybox.min.css?v=6.6.7.2.41064 HTTP/1.1" 200 1020
static-ip-85-25-236-93.inaddr.ip-pool.com - - [05/Nov/2017:01:39:34 +0100] "GET /css/widgets/concat_widget.min.css?v=6.6.7.2.41064 HTTP/1.1" 200 24507
static-ip-85-25-236-93.inaddr.ip-pool.com - - [05/Nov/2017:01:39:48 +0100] "GET /templates/creator/m_f/fa/fa7/164/css/main.min.css?v=1483633820 HTTP/1.1" 200 1797
static-ip-85-25-236-93.inaddr.ip-pool.com - - [05/Nov/2017:01:39:51 +0100] "GET /templates/creator/m_f/fa/fa7/164/css/style.min.css?v=1483633820 HTTP/1.1" 200 847
static-ip-85-25-236-93.inaddr.ip-pool.com - - [05/Nov/2017:01:39:52 +0100] "GET /js/efu/main.min.js?v=6.6.7.2.41064 HTTP/1.1" 200 1746
static-ip-85-25-236-93.inaddr.ip-pool.com - - [05/Nov/2017:01:39:52 +0100] "GET /js/efu/w.gallery.min.js?v=6.6.7.2.41064 HTTP/1.1" 200 181
static-ip-85-25-236-93.inaddr.ip-pool.com - - [05/Nov/2017:01:39:52 +0100] "GET /js/fancybox2/jquery.fancybox.min.js?v=6.6.7.2.41064 HTTP/1.1" 200 6267
static-ip-85-25-236-93.inaddr.ip-pool.com - - [05/Nov/2017:01:39:52 +0100] "GET /js/footer/get_deps.min.js?v=6.6.7.2.41064 HTTP/1.1" 200 157
static-ip-85-25-236-93.inaddr.ip-pool.com - - [05/Nov/2017:01:39:52 +0100] "GET /js/footer/build_social_entries.min.js?v=6.6.7.2.41064 HTTP/1.1" 200 278
static-ip-85-25-236-93.inaddr.ip-pool.com - - [05/Nov/2017:01:39:53 +0100] "GET /templates/creator/m_f/fa/fa7/164/assets/wp-menu.js?v=1483633820 HTTP/1.1" 200 1089
static-ip-85-25-236-93.inaddr.ip-pool.com - - [05/Nov/2017:01:39:53 +0100] "GET /templates/creator/m_f/fa/fa7/164/assets/respond.min.js?v=1483633820 HTTP/1.1" 200 2085
static-ip-85-25-236-93.inaddr.ip-pool.com - - [05/Nov/2017:01:39:53 +0100] "GET /templates/creator/m_f/fa/fa7/164/assets/slide.js?v=1483633820 HTTP/1.1" 200 662
static-ip-85-25-236-93.inaddr.ip-pool.com - - [05/Nov/2017:01:39:53 +0100] "GET /js/functions_stripped.js?v=6.6.7.2.41064 HTTP/1.1" 200 3186
static-ip-85-25-236-93.inaddr.ip-pool.com - - [05/Nov/2017:01:39:53 +0100] "GET /js/jquery.lazyload.min.js?v=6.6.7.2.41064 HTTP/1.1" 200 1283
static-ip-85-25-236-93.inaddr.ip-pool.com - - [05/Nov/2017:01:39:53 +0100] "GET /js/galleryLightbox/gallery-paging.min.js?v=6.6.7.2.41064 HTTP/1.1" 200 1107
static-ip-85-25-236-93.inaddr.ip-pool.com - - [05/Nov/2017:01:39:53 +0100] "GET /css/skeleton.css HTTP/1.1" 200 3511
static-ip-85-25-236-93.inaddr.ip-pool.com - - [05/Nov/2017:01:40:24 +0100] "GET /vermietung.shtml HTTP/1.1" 200 5099
static-ip-85-25-236-93.inaddr.ip-pool.com - - [05/Nov/2017:01:40:25 +0100] "GET /css/widgets/concat_widget.min.css?v=6.6.7.2.41064 HTTP/1.1" 200 24507
static-ip-85-25-236-93.inaddr.ip-pool.com - - [05/Nov/2017:01:40:34 +0100] "GET /templates/creator/m_f/fa/fa7/164/css/main.min.css?v=1483633820 HTTP/1.1" 200 1797
static-ip-85-25-236-93.inaddr.ip-pool.com - - [05/Nov/2017:01:40:34 +0100] "GET /templates/creator/m_f/fa/fa7/164/css/style.min.css?v=1483633820 HTTP/1.1" 200 847
static-ip-85-25-236-93.inaddr.ip-pool.com - - [05/Nov/2017:01:40:34 +0100] "GET /js/footer/get_deps.min.js?v=6.6.7.2.41064 HTTP/1.1" 200 157
static-ip-85-25-236-93.inaddr.ip-pool.com - - [05/Nov/2017:01:40:35 +0100] "GET /js/footer/build_social_entries.min.js?v=6.6.7.2.41064 HTTP/1.1" 200 278
static-ip-85-25-236-93.inaddr.ip-pool.com - - [05/Nov/2017:01:40:35 +0100] "GET /templates/creator/m_f/fa/fa7/164/assets/wp-menu.js?v=1483633820 HTTP/1.1" 200 1089
static-ip-85-25-236-93.inaddr.ip-pool.com - - [05/Nov/2017:01:40:35 +0100] "GET /templates/creator/m_f/fa/fa7/164/assets/respond.min.js?v=1483633820 HTTP/1.1" 200 2085
static-ip-85-25-236-93.inaddr.ip-pool.com - - [05/Nov/2017:01:40:35 +0100] "GET /templates/creator/m_f/fa/fa7/164/assets/slide.js?v=1483633820 HTTP/1.1" 200 662
static-ip-85-25-236-93.inaddr.ip-pool.com - - [05/Nov/2017:01:40:35 +0100] "GET /js/functions_stripped.js?v=6.6.7.2.41064 HTTP/1.1" 200 3186
static-ip-85-25-236-93.inaddr.ip-pool.com - - [05/Nov/2017:01:40:35 +0100] "GET /js/jquery.lazyload.min.js?v=6.6.7.2.41064 HTTP/1.1" 200 1283
static-ip-85-25-236-93.inaddr.ip-pool.com - - [05/Nov/2017:01:40:38 +0100] "GET /css/skeleton.css HTTP/1.1" 200 3511
b115490.yse.yahoo.net - - [05/Nov/2017:01:40:41 +0100] "GET /robots.txt HTTP/1.1" 200 120
b115490.yse.yahoo.net - - [05/Nov/2017:01:40:42 +0100] "GET /index.php?option=com_content&task=view&id=62&Itemid=148 HTTP/1.1" 302 -
b115490.yse.yahoo.net - - [05/Nov/2017:01:41:03 +0100] "GET / HTTP/1.1" 200 6440
static-ip-85-25-236-93.inaddr.ip-pool.com - - [05/Nov/2017:01:41:28 +0100] "GET /robots.txt HTTP/1.1" 200 80
static-ip-85-25-236-93.inaddr.ip-pool.com - - [05/Nov/2017:01:41:31 +0100] "GET /standort.shtml HTTP/1.1" 200 4717
static-ip-85-25-236-93.inaddr.ip-pool.com - - [05/Nov/2017:01:41:32 +0100] "GET /css/widgets/concat_widget.min.css?v=6.6.7.2.41064 HTTP/1.1" 200 24507
static-ip-85-25-236-93.inaddr.ip-pool.com - - [05/Nov/2017:01:41:42 +0100] "GET /templates/creator/m_f/fa/fa7/164/css/main.min.css?v=1483633820 HTTP/1.1" 200 1797
static-ip-85-25-236-93.inaddr.ip-pool.com - - [05/Nov/2017:01:41:43 +0100] "GET /templates/creator/m_f/fa/fa7/164/css/style.min.css?v=1483633820 HTTP/1.1" 200 847
static-ip-85-25-236-93.inaddr.ip-pool.com - - [05/Nov/2017:01:41:43 +0100] "GET /js/footer/get_deps.min.js?v=6.6.7.2.41064 HTTP/1.1" 200 157
static-ip-85-25-236-93.inaddr.ip-pool.com - - [05/Nov/2017:01:41:43 +0100] "GET /js/footer/build_social_entries.min.js?v=6.6.7.2.41064 HTTP/1.1" 200 278
static-ip-85-25-236-93.inaddr.ip-pool.com - - [05/Nov/2017:01:41:43 +0100] "GET /templates/creator/m_f/fa/fa7/164/assets/wp-menu.js?v=1483633820 HTTP/1.1" 200 1089
static-ip-85-25-236-93.inaddr.ip-pool.com - - [05/Nov/2017:01:41:43 +0100] "GET /templates/creator/m_f/fa/fa7/164/assets/respond.min.js?v=1483633820 HTTP/1.1" 200 2085
static-ip-85-25-236-93.inaddr.ip-pool.com - - [05/Nov/2017:01:41:43 +0100] "GET /templates/creator/m_f/fa/fa7/164/assets/slide.js?v=1483633820 HTTP/1.1" 200 662
static-ip-85-25-236-93.inaddr.ip-pool.com - - [05/Nov/2017:01:41:44 +0100] "GET /js/functions_stripped.js?v=6.6.7.2.41064 HTTP/1.1" 200 3186
static-ip-85-25-236-93.inaddr.ip-pool.com - - [05/Nov/2017:01:41:48 +0100] "GET /css/skeleton.css HTTP/1.1" 200 3511
msnbot-40-77-167-77.search.msn.com - - [05/Nov/2017:01:42:07 +0100] "GET / HTTP/1.1" 200 6440
static-ip-85-25-236-93.inaddr.ip-pool.com - - [05/Nov/2017:01:42:16 +0100] "GET /%C3%BCber-uns.shtml HTTP/1.1" 200 4740
static-ip-85-25-236-93.inaddr.ip-pool.com - - [05/Nov/2017:01:42:18 +0100] "GET /css/widgets/concat_widget.min.css?v=6.6.7.2.41064 HTTP/1.1" 200 24507
static-ip-85-25-236-93.inaddr.ip-pool.com - - [05/Nov/2017:01:42:28 +0100] "GET /templates/creator/m_f/fa/fa7/164/css/main.min.css?v=1483633820 HTTP/1.1" 200 1797
static-ip-85-25-236-93.inaddr.ip-pool.com - - [05/Nov/2017:01:42:29 +0100] "GET /templates/creator/m_f/fa/fa7/164/css/style.min.css?v=1483633820 HTTP/1.1" 200 847
static-ip-85-25-236-93.inaddr.ip-pool.com - - [05/Nov/2017:01:42:29 +0100] "GET /js/footer/get_deps.min.js?v=6.6.7.2.41064 HTTP/1.1" 200 157
static-ip-85-25-236-93.inaddr.ip-pool.com - - [05/Nov/2017:01:42:29 +0100] "GET /js/footer/build_social_entries.min.js?v=6.6.7.2.41064 HTTP/1.1" 200 278
static-ip-85-25-236-93.inaddr.ip-pool.com - - [05/Nov/2017:01:42:29 +0100] "GET /templates/creator/m_f/fa/fa7/164/assets/wp-menu.js?v=1483633820 HTTP/1.1" 200 1089
static-ip-85-25-236-93.inaddr.ip-pool.com - - [05/Nov/2017:01:42:29 +0100] "GET /templates/creator/m_f/fa/fa7/164/assets/respond.min.js?v=1483633820 HTTP/1.1" 200 2085
static-ip-85-25-236-93.inaddr.ip-pool.com - - [05/Nov/2017:01:42:29 +0100] "GET /templates/creator/m_f/fa/fa7/164/assets/slide.js?v=1483633820 HTTP/1.1" 200 662
static-ip-85-25-236-93.inaddr.ip-pool.com - - [05/Nov/2017:01:42:29 +0100] "GET /js/functions_stripped.js?v=6.6.7.2.41064 HTTP/1.1" 200 3186
static-ip-85-25-236-93.inaddr.ip-pool.com - - [05/Nov/2017:01:42:29 +0100] "GET /js/jquery.lazyload.min.js?v=6.6.7.2.41064 HTTP/1.1" 200 1283
static-ip-85-25-236-93.inaddr.ip-pool.com - - [05/Nov/2017:01:42:29 +0100] "GET /css/skeleton.css HTTP/1.1" 200 3511
static-ip-85-25-236-93.inaddr.ip-pool.com - - [05/Nov/2017:01:43:15 +0100] "GET /aktuelles-wetter.shtml HTTP/1.1" 200 4575
static-ip-85-25-236-93.inaddr.ip-pool.com - - [05/Nov/2017:01:43:18 +0100] "GET /css/widgets/concat_widget.min.css?v=6.6.7.2.41064 HTTP/1.1" 200 24507
static-ip-85-25-236-93.inaddr.ip-pool.com - - [05/Nov/2017:01:43:28 +0100] "GET /templates/creator/m_f/fa/fa7/164/css/main.min.css?v=1483633820 HTTP/1.1" 200 1797
static-ip-85-25-236-93.inaddr.ip-pool.com - - [05/Nov/2017:01:43:28 +0100] "GET /templates/creator/m_f/fa/fa7/164/css/style.min.css?v=1483633820 HTTP/1.1" 200 847
static-ip-85-25-236-93.inaddr.ip-pool.com - - [05/Nov/2017:01:43:29 +0100] "GET /js/footer/get_deps.min.js?v=6.6.7.2.41064 HTTP/1.1" 200 157
static-ip-85-25-236-93.inaddr.ip-pool.com - - [05/Nov/2017:01:43:29 +0100] "GET /js/footer/build_social_entries.min.js?v=6.6.7.2.41064 HTTP/1.1" 200 278
static-ip-85-25-236-93.inaddr.ip-pool.com - - [05/Nov/2017:01:43:29 +0100] "GET /templates/creator/m_f/fa/fa7/164/assets/wp-menu.js?v=1483633820 HTTP/1.1" 200 1089
static-ip-85-25-236-93.inaddr.ip-pool.com - - [05/Nov/2017:01:43:29 +0100] "GET /templates/creator/m_f/fa/fa7/164/assets/respond.min.js?v=1483633820 HTTP/1.1" 200 2085
static-ip-85-25-236-93.inaddr.ip-pool.com - - [05/Nov/2017:01:43:29 +0100] "GET /templates/creator/m_f/fa/fa7/164/assets/slide.js?v=1483633820 HTTP/1.1" 200 662
static-ip-85-25-236-93.inaddr.ip-pool.com - - [05/Nov/2017:01:43:29 +0100] "GET /js/functions_stripped.js?v=6.6.7.2.41064 HTTP/1.1" 200 3186
static-ip-85-25-236-93.inaddr.ip-pool.com - - [05/Nov/2017:01:43:32 +0100] "GET /css/skeleton.css HTTP/1.1" 200 3511
static-ip-85-25-236-93.inaddr.ip-pool.com - - [05/Nov/2017:01:44:12 +0100] "GET /aktuelles-wetter.shtml HTTP/1.1" 200 4575
static-ip-85-25-236-93.inaddr.ip-pool.com - - [05/Nov/2017:01:44:13 +0100] "GET /css/widgets/concat_widget.min.css?v=6.6.7.2.41064 HTTP/1.1" 200 24507
static-ip-85-25-236-93.inaddr.ip-pool.com - - [05/Nov/2017:01:44:23 +0100] "GET /templates/creator/m_f/fa/fa7/164/css/main.min.css?v=1483633820 HTTP/1.1" 200 1797
static-ip-85-25-236-93.inaddr.ip-pool.com - - [05/Nov/2017:01:44:25 +0100] "GET /templates/creator/m_f/fa/fa7/164/css/style.min.css?v=1483633820 HTTP/1.1" 200 847
static-ip-85-25-236-93.inaddr.ip-pool.com - - [05/Nov/2017:01:44:25 +0100] "GET /js/footer/get_deps.min.js?v=6.6.7.2.41064 HTTP/1.1" 200 157
static-ip-85-25-236-93.inaddr.ip-pool.com - - [05/Nov/2017:01:44:25 +0100] "GET /js/footer/build_social_entries.min.js?v=6.6.7.2.41064 HTTP/1.1" 200 278
static-ip-85-25-236-93.inaddr.ip-pool.com - - [05/Nov/2017:01:44:25 +0100] "GET /templates/creator/m_f/fa/fa7/164/assets/wp-menu.js?v=1483633820 HTTP/1.1" 200 1089
static-ip-85-25-236-93.inaddr.ip-pool.com - - [05/Nov/2017:01:44:25 +0100] "GET /templates/creator/m_f/fa/fa7/164/assets/respond.min.js?v=1483633820 HTTP/1.1" 200 2085
static-ip-85-25-236-93.inaddr.ip-pool.com - - [05/Nov/2017:01:44:25 +0100] "GET /templates/creator/m_f/fa/fa7/164/assets/slide.js?v=1483633820 HTTP/1.1" 200 662
static-ip-85-25-236-93.inaddr.ip-pool.com - - [05/Nov/2017:01:44:26 +0100] "GET /js/functions_stripped.js?v=6.6.7.2.41064 HTTP/1.1" 200 3186
static-ip-85-25-236-93.inaddr.ip-pool.com - - [05/Nov/2017:01:44:26 +0100] "GET /css/skeleton.css HTTP/1.1" 200 3511
static-ip-85-25-236-93.inaddr.ip-pool.com - - [05/Nov/2017:01:44:51 +0100] "GET /flotte.shtml HTTP/1.1" 200 6274
static-ip-85-25-236-93.inaddr.ip-pool.com - - [05/Nov/2017:01:44:52 +0100] "GET /css/widgets/concat_widget.min.css?v=6.6.7.2.41064 HTTP/1.1" 200 24507
static-ip-85-25-236-93.inaddr.ip-pool.com - - [05/Nov/2017:01:46:01 +0100] "GET /templates/creator/m_f/fa/fa7/164/css/main.min.css?v=1483633820 HTTP/1.1" 200 1797
static-ip-85-25-236-93.inaddr.ip-pool.com - - [05/Nov/2017:01:46:01 +0100] "GET /templates/creator/m_f/fa/fa7/164/css/style.min.css?v=1483633820 HTTP/1.1" 200 847
static-ip-85-25-236-93.inaddr.ip-pool.com - - [05/Nov/2017:01:46:02 +0100] "GET /js/footer/get_deps.min.js?v=6.6.7.2.41064 HTTP/1.1" 200 157
static-ip-85-25-236-93.inaddr.ip-pool.com - - [05/Nov/2017:01:46:02 +0100] "GET /js/footer/build_social_entries.min.js?v=6.6.7.2.41064 HTTP/1.1" 200 278
static-ip-85-25-236-93.inaddr.ip-pool.com - - [05/Nov/2017:01:46:03 +0100] "GET /templates/creator/m_f/fa/fa7/164/assets/wp-menu.js?v=1483633820 HTTP/1.1" 200 1089
static-ip-85-25-236-93.inaddr.ip-pool.com - - [05/Nov/2017:01:46:03 +0100] "GET /templates/creator/m_f/fa/fa7/164/assets/respond.min.js?v=1483633820 HTTP/1.1" 200 2085
static-ip-85-25-236-93.inaddr.ip-pool.com - - [05/Nov/2017:01:46:03 +0100] "GET /templates/creator/m_f/fa/fa7/164/assets/slide.js?v=1483633820 HTTP/1.1" 200 662
static-ip-85-25-236-93.inaddr.ip-pool.com - - [05/Nov/2017:01:46:03 +0100] "GET /js/functions_stripped.js?v=6.6.7.2.41064 HTTP/1.1" 200 3186
static-ip-85-25-236-93.inaddr.ip-pool.com - - [05/Nov/2017:01:46:03 +0100] "GET /js/jquery.lazyload.min.js?v=6.6.7.2.41064 HTTP/1.1" 200 1283
static-ip-85-25-236-93.inaddr.ip-pool.com - - [05/Nov/2017:01:46:03 +0100] "GET /css/skeleton.css HTTP/1.1" 200 3511
static-ip-85-25-236-93.inaddr.ip-pool.com - - [05/Nov/2017:01:46:16 +0100] "GET /smartkat-crashkurs.shtml HTTP/1.1" 200 4808
static-ip-85-25-236-93.inaddr.ip-pool.com - - [05/Nov/2017:01:46:17 +0100] "GET /css/widgets/concat_widget.min.css?v=6.6.7.2.41064 HTTP/1.1" 200 24507
static-ip-85-25-236-93.inaddr.ip-pool.com - - [05/Nov/2017:01:46:28 +0100] "GET /templates/creator/m_f/fa/fa7/164/css/main.min.css?v=1483633820 HTTP/1.1" 200 1797
static-ip-85-25-236-93.inaddr.ip-pool.com - - [05/Nov/2017:01:46:29 +0100] "GET /templates/creator/m_f/fa/fa7/164/css/style.min.css?v=1483633820 HTTP/1.1" 200 847
static-ip-85-25-236-93.inaddr.ip-pool.com - - [05/Nov/2017:01:46:29 +0100] "GET /js/footer/get_deps.min.js?v=6.6.7.2.41064 HTTP/1.1" 200 157
static-ip-85-25-236-93.inaddr.ip-pool.com - - [05/Nov/2017:01:46:29 +0100] "GET /js/footer/build_social_entries.min.js?v=6.6.7.2.41064 HTTP/1.1" 200 278
static-ip-85-25-236-93.inaddr.ip-pool.com - - [05/Nov/2017:01:46:29 +0100] "GET /templates/creator/m_f/fa/fa7/164/assets/wp-menu.js?v=1483633820 HTTP/1.1" 200 1089
static-ip-85-25-236-93.inaddr.ip-pool.com - - [05/Nov/2017:01:46:29 +0100] "GET /templates/creator/m_f/fa/fa7/164/assets/respond.min.js?v=1483633820 HTTP/1.1" 200 2085
static-ip-85-25-236-93.inaddr.ip-pool.com - - [05/Nov/2017:01:46:29 +0100] "GET /templates/creator/m_f/fa/fa7/164/assets/slide.js?v=1483633820 HTTP/1.1" 200 662
static-ip-85-25-236-93.inaddr.ip-pool.com - - [05/Nov/2017:01:46:30 +0100] "GET /js/functions_stripped.js?v=6.6.7.2.41064 HTTP/1.1" 200 3186
static-ip-85-25-236-93.inaddr.ip-pool.com - - [05/Nov/2017:01:46:30 +0100] "GET /css/skeleton.css HTTP/1.1" 200 3511
static-ip-85-25-236-93.inaddr.ip-pool.com - - [05/Nov/2017:01:46:56 +0100] "GET /kursanmeldung.shtml HTTP/1.1" 200 10952
static-ip-85-25-236-93.inaddr.ip-pool.com - - [05/Nov/2017:01:46:56 +0100] "GET /js/fancybox2/jquery.fancybox.min.css?v=6.6.7.2.41064 HTTP/1.1" 200 1020
static-ip-85-25-236-93.inaddr.ip-pool.com - - [05/Nov/2017:01:46:57 +0100] "GET /css/widgets/concat_widget.min.css?v=6.6.7.2.41064 HTTP/1.1" 200 24507
static-ip-85-25-236-93.inaddr.ip-pool.com - - [05/Nov/2017:01:47:06 +0100] "GET /templates/creator/m_f/fa/fa7/164/css/main.min.css?v=1483633820 HTTP/1.1" 200 1797
static-ip-85-25-236-93.inaddr.ip-pool.com - - [05/Nov/2017:01:47:10 +0100] "GET /templates/creator/m_f/fa/fa7/164/css/style.min.css?v=1483633820 HTTP/1.1" 200 847
static-ip-85-25-236-93.inaddr.ip-pool.com - - [05/Nov/2017:01:47:10 +0100] "GET /js/fancybox2/jquery.fancybox.min.js?v=6.6.7.2.41064 HTTP/1.1" 200 6267
static-ip-85-25-236-93.inaddr.ip-pool.com - - [05/Nov/2017:01:47:10 +0100] "GET /js/efu/main.min.js?v=6.6.7.2.41064 HTTP/1.1" 200 1746
static-ip-85-25-236-93.inaddr.ip-pool.com - - [05/Nov/2017:01:47:10 +0100] "GET /js/footer/get_deps.min.js?v=6.6.7.2.41064 HTTP/1.1" 200 157
static-ip-85-25-236-93.inaddr.ip-pool.com - - [05/Nov/2017:01:47:10 +0100] "GET /js/footer/build_social_entries.min.js?v=6.6.7.2.41064 HTTP/1.1" 200 278
static-ip-85-25-236-93.inaddr.ip-pool.com - - [05/Nov/2017:01:47:10 +0100] "GET /templates/creator/m_f/fa/fa7/164/assets/wp-menu.js?v=1483633820 HTTP/1.1" 200 1089
static-ip-85-25-236-93.inaddr.ip-pool.com - - [05/Nov/2017:01:47:10 +0100] "GET /templates/creator/m_f/fa/fa7/164/assets/respond.min.js?v=1483633820 HTTP/1.1" 200 2085
static-ip-85-25-236-93.inaddr.ip-pool.com - - [05/Nov/2017:01:47:10 +0100] "GET /templates/creator/m_f/fa/fa7/164/assets/slide.js?v=1483633820 HTTP/1.1" 200 662
static-ip-85-25-236-93.inaddr.ip-pool.com - - [05/Nov/2017:01:47:11 +0100] "GET /js/functions_stripped.js?v=6.6.7.2.41064 HTTP/1.1" 200 3186
static-ip-85-25-236-93.inaddr.ip-pool.com - - [05/Nov/2017:01:47:11 +0100] "GET /js/jquery/jquery.validate.min.js?v=6.6.7.2.41064 HTTP/1.1" 200 6581
static-ip-85-25-236-93.inaddr.ip-pool.com - - [05/Nov/2017:01:47:11 +0100] "GET /js/efu/w.formmanager.min.js?v=6.6.7.2.41064 HTTP/1.1" 200 2154
static-ip-85-25-236-93.inaddr.ip-pool.com - - [05/Nov/2017:01:47:11 +0100] "GET /js/jquery/jquery.form.min.js?v=6.6.7.2.41064 HTTP/1.1" 200 5592
static-ip-85-25-236-93.inaddr.ip-pool.com - - [05/Nov/2017:01:47:34 +0100] "GET /css/skeleton.css HTTP/1.1" 200 3511
static-ip-85-25-236-93.inaddr.ip-pool.com - - [05/Nov/2017:01:47:59 +0100] "POST /wforms/captcha/index HTTP/1.1" 200 9618
static-ip-85-25-236-93.inaddr.ip-pool.com - - [05/Nov/2017:01:54:06 +0100] "GET /standort.shtml HTTP/1.1" 200 4717
static-ip-85-25-236-93.inaddr.ip-pool.com - - [05/Nov/2017:01:54:07 +0100] "GET /css/widgets/concat_widget.min.css?v=6.6.7.2.41064 HTTP/1.1" 200 24507
static-ip-85-25-236-93.inaddr.ip-pool.com - - [05/Nov/2017:01:55:55 +0100] "GET /templates/creator/m_f/fa/fa7/164/css/main.min.css?v=1483633820 HTTP/1.1" 200 1797
static-ip-85-25-236-93.inaddr.ip-pool.com - - [05/Nov/2017:01:55:56 +0100] "GET /templates/creator/m_f/fa/fa7/164/css/style.min.css?v=1483633820 HTTP/1.1" 200 847
static-ip-85-25-236-93.inaddr.ip-pool.com - - [05/Nov/2017:01:55:56 +0100] "GET /js/footer/get_deps.min.js?v=6.6.7.2.41064 HTTP/1.1" 200 157
static-ip-85-25-236-93.inaddr.ip-pool.com - - [05/Nov/2017:01:55:56 +0100] "GET /js/footer/build_social_entries.min.js?v=6.6.7.2.41064 HTTP/1.1" 200 278
static-ip-85-25-236-93.inaddr.ip-pool.com - - [05/Nov/2017:01:55:56 +0100] "GET /templates/creator/m_f/fa/fa7/164/assets/wp-menu.js?v=1483633820 HTTP/1.1" 200 1089
static-ip-85-25-236-93.inaddr.ip-pool.com - - [05/Nov/2017:01:55:56 +0100] "GET /templates/creator/m_f/fa/fa7/164/assets/respond.min.js?v=1483633820 HTTP/1.1" 200 2085
static-ip-85-25-236-93.inaddr.ip-pool.com - - [05/Nov/2017:01:55:56 +0100] "GET /templates/creator/m_f/fa/fa7/164/assets/slide.js?v=1483633820 HTTP/1.1" 200 662
static-ip-85-25-236-93.inaddr.ip-pool.com - - [05/Nov/2017:01:55:56 +0100] "GET /js/functions_stripped.js?v=6.6.7.2.41064 HTTP/1.1" 200 3186
static-ip-85-25-236-93.inaddr.ip-pool.com - - [05/Nov/2017:01:56:28 +0100] "GET /css/skeleton.css HTTP/1.1" 200 3511
static-ip-85-25-236-93.inaddr.ip-pool.com - - [05/Nov/2017:01:57:13 +0100] "GET /%C3%BCber-uns.shtml HTTP/1.1" 200 4740
static-ip-85-25-236-93.inaddr.ip-pool.com - - [05/Nov/2017:01:57:35 +0100] "GET /css/widgets/concat_widget.min.css?v=6.6.7.2.41064 HTTP/1.1" 200 24507
crawl19.lp.007ac9.net - - [05/Nov/2017:01:59:04 +0100] "GET / HTTP/1.1" 200 35804
crawl19.lp.007ac9.net - - [05/Nov/2017:01:59:04 +0100] "GET /robots.txt HTTP/1.0" 200 120
static-ip-85-25-236-93.inaddr.ip-pool.com - - [05/Nov/2017:01:59:04 +0100] "GET /templates/creator/m_f/fa/fa7/164/css/main.min.css?v=1483633820 HTTP/1.1" 200 1797
static-ip-85-25-236-93.inaddr.ip-pool.com - - [05/Nov/2017:01:59:05 +0100] "GET /templates/creator/m_f/fa/fa7/164/css/style.min.css?v=1483633820 HTTP/1.1" 200 847
static-ip-85-25-236-93.inaddr.ip-pool.com - - [05/Nov/2017:01:59:05 +0100] "GET /js/footer/get_deps.min.js?v=6.6.7.2.41064 HTTP/1.1" 200 157
static-ip-85-25-236-93.inaddr.ip-pool.com - - [05/Nov/2017:01:59:05 +0100] "GET /js/footer/build_social_entries.min.js?v=6.6.7.2.41064 HTTP/1.1" 200 278
crawl19.lp.007ac9.net - - [05/Nov/2017:01:59:06 +0100] "GET /galerie.shtml HTTP/1.1" 200 22747
crawl19.lp.007ac9.net - - [05/Nov/2017:01:59:08 +0100] "GET /kurse.shtml HTTP/1.1" 200 31031
crawl19.lp.007ac9.net - - [05/Nov/2017:01:59:11 +0100] "GET /vermietung.shtml HTTP/1.1" 200 25728
crawl19.lp.007ac9.net - - [05/Nov/2017:01:59:13 +0100] "GET /events.shtml HTTP/1.1" 200 22514
crawl19.lp.007ac9.net - - [05/Nov/2017:01:59:15 +0100] "GET /kinder-segelkurs.shtml HTTP/1.1" 200 19898
crawl19.lp.007ac9.net - - [05/Nov/2017:01:59:17 +0100] "GET /segelkurs-jollesmartkat.shtml HTTP/1.1" 200 19993
crawl19.lp.007ac9.net - - [05/Nov/2017:01:59:19 +0100] "GET /smartkat-crashkurs.shtml HTTP/1.1" 200 17863
crawl19.lp.007ac9.net - - [05/Nov/2017:01:59:21 +0100] "GET /segel-grundkurs.shtml HTTP/1.1" 200 21440
crawl19.lp.007ac9.net - - [05/Nov/2017:01:59:23 +0100] "GET /pruefungskurs.shtml HTTP/1.1" 200 23039
crawl19.lp.007ac9.net - - [05/Nov/2017:01:59:25 +0100] "GET /event-gruppesmartkat.shtml HTTP/1.1" 200 21256
crawl19.lp.007ac9.net - - [05/Nov/2017:01:59:27 +0100] "GET /event-matchracing.shtml HTTP/1.1" 200 21251
crawl19.lp.007ac9.net - - [05/Nov/2017:01:59:29 +0100] "GET /event-pedalo.shtml HTTP/1.1" 200 20248
static-ip-85-25-236-93.inaddr.ip-pool.com - - [05/Nov/2017:01:59:34 +0100] "GET /templates/creator/m_f/fa/fa7/164/assets/wp-menu.js?v=1483633820 HTTP/1.1" 200 1089
static-ip-85-25-236-93.inaddr.ip-pool.com - - [05/Nov/2017:01:59:34 +0100] "GET /templates/creator/m_f/fa/fa7/164/assets/respond.min.js?v=1483633820 HTTP/1.1" 200 2085
static-ip-85-25-236-93.inaddr.ip-pool.com - - [05/Nov/2017:01:59:34 +0100] "GET /templates/creator/m_f/fa/fa7/164/assets/slide.js?v=1483633820 HTTP/1.1" 200 662
static-ip-85-25-236-93.inaddr.ip-pool.com - - [05/Nov/2017:01:59:34 +0100] "GET /js/functions_stripped.js?v=6.6.7.2.41064 HTTP/1.1" 200 3186
static-ip-85-25-236-93.inaddr.ip-pool.com - - [05/Nov/2017:01:59:34 +0100] "GET /js/jquery.lazyload.min.js?v=6.6.7.2.41064 HTTP/1.1" 200 1283
static-ip-85-25-236-93.inaddr.ip-pool.com - - [05/Nov/2017:01:59:34 +0100] "GET /css/skeleton.css HTTP/1.1" 200 3511
