29.147.21.46.in-addr.arpa - - [09/Nov/2017:14:03:18 +0100] "GET / HTTP/1.1" 200 35804
29.147.21.46.in-addr.arpa - - [09/Nov/2017:14:03:19 +0100] "GET /galerie.shtml HTTP/1.1" 200 22747
29.147.21.46.in-addr.arpa - - [09/Nov/2017:14:03:19 +0100] "GET /events.shtml HTTP/1.1" 200 22514
29.147.21.46.in-addr.arpa - - [09/Nov/2017:14:03:20 +0100] "GET /kurse.shtml HTTP/1.1" 200 31031
29.147.21.46.in-addr.arpa - - [09/Nov/2017:14:03:20 +0100] "GET /vermietung.shtml HTTP/1.1" 200 25728
29.147.21.46.in-addr.arpa - - [09/Nov/2017:14:03:20 +0100] "GET /event-gruppesmartkat.shtml HTTP/1.1" 200 21256
29.147.21.46.in-addr.arpa - - [09/Nov/2017:14:03:20 +0100] "GET /event-matchracing.shtml HTTP/1.1" 200 21251
29.147.21.46.in-addr.arpa - - [09/Nov/2017:14:03:21 +0100] "GET /galerie-sktrophy-2014.shtml HTTP/1.1" 200 29913
29.147.21.46.in-addr.arpa - - [09/Nov/2017:14:03:21 +0100] "GET /event-pedalo.shtml HTTP/1.1" 200 20248
29.147.21.46.in-addr.arpa - - [09/Nov/2017:14:03:21 +0100] "GET /galerie-matchracing.shtml HTTP/1.1" 200 21704
29.147.21.46.in-addr.arpa - - [09/Nov/2017:14:03:21 +0100] "GET /galerie-sktrophy-2015.shtml HTTP/1.1" 200 49420
29.147.21.46.in-addr.arpa - - [09/Nov/2017:14:03:21 +0100] "GET /optikurse-2014.shtml HTTP/1.1" 200 26353
29.147.21.46.in-addr.arpa - - [09/Nov/2017:14:03:21 +0100] "GET /galerie-gruppesmartkat.shtml HTTP/1.1" 200 20574
29.147.21.46.in-addr.arpa - - [09/Nov/2017:14:03:22 +0100] "GET /pruefungskurs.shtml HTTP/1.1" 200 23039
29.147.21.46.in-addr.arpa - - [09/Nov/2017:14:03:22 +0100] "GET /segel-grundkurs.shtml HTTP/1.1" 200 21440
29.147.21.46.in-addr.arpa - - [09/Nov/2017:14:03:22 +0100] "GET /kinder-segelkurs.shtml HTTP/1.1" 200 19898
29.147.21.46.in-addr.arpa - - [09/Nov/2017:14:03:22 +0100] "GET /segelkurs-jollesmartkat.shtml HTTP/1.1" 200 19993
29.147.21.46.in-addr.arpa - - [09/Nov/2017:14:03:23 +0100] "GET /smartkat-crashkurs.shtml HTTP/1.1" 200 17863
29.147.21.46.in-addr.arpa - - [09/Nov/2017:14:03:24 +0100] "GET /Perspectiva.html? HTTP/1.1" 200 18069
29.147.21.46.in-addr.arpa - - [09/Nov/2017:14:03:24 +0100] "GET /event-pedalo HTTP/1.1" 200 20248
29.147.21.46.in-addr.arpa - - [09/Nov/2017:14:03:24 +0100] "GET /event-gruppesmartkat HTTP/1.1" 200 21256
29.147.21.46.in-addr.arpa - - [09/Nov/2017:14:03:24 +0100] "GET /events HTTP/1.1" 200 22514
29.147.21.46.in-addr.arpa - - [09/Nov/2017:14:03:24 +0100] "GET /aktuelles-wetter HTTP/1.1" 200 18388
29.147.21.46.in-addr.arpa - - [09/Nov/2017:14:03:24 +0100] "GET /event-matchracing HTTP/1.1" 200 21251
29.147.21.46.in-addr.arpa - - [09/Nov/2017:14:03:24 +0100] "GET /flotte HTTP/1.1" 200 29385
29.147.21.46.in-addr.arpa - - [09/Nov/2017:14:03:24 +0100] "GET /flotte.shtml HTTP/1.1" 200 29241
29.147.21.46.in-addr.arpa - - [09/Nov/2017:14:03:24 +0100] "GET /js/jquery.lazyload.min.js?v=6.6.7.2.41064 HTTP/1.1" 200 3342
29.147.21.46.in-addr.arpa - - [09/Nov/2017:14:03:24 +0100] "GET /davosersee HTTP/1.1" 200 19505
29.147.21.46.in-addr.arpa - - [09/Nov/2017:14:03:24 +0100] "GET /js/functions_stripped.js?v=6.6.7.2.41064 HTTP/1.1" 200 7672
29.147.21.46.in-addr.arpa - - [09/Nov/2017:14:03:24 +0100] "GET /js/).html(a);null==$( HTTP/1.1" 200 219
58.pool85-60-242.dynamic.orange.es - - [09/Nov/2017:14:15:54 +0100] "GET / HTTP/1.1" 200 35804
58.pool85-60-242.dynamic.orange.es - - [09/Nov/2017:14:15:54 +0100] "GET /events.shtml HTTP/1.1" 200 22514
58.pool85-60-242.dynamic.orange.es - - [09/Nov/2017:14:15:55 +0100] "GET /galerie.shtml HTTP/1.1" 200 22747
58.pool85-60-242.dynamic.orange.es - - [09/Nov/2017:14:15:55 +0100] "GET /kurse.shtml HTTP/1.1" 200 31031
58.pool85-60-242.dynamic.orange.es - - [09/Nov/2017:14:15:56 +0100] "GET /vermietung.shtml HTTP/1.1" 200 25728
58.pool85-60-242.dynamic.orange.es - - [09/Nov/2017:14:15:57 +0100] "GET /event-matchracing.shtml HTTP/1.1" 200 21251
58.pool85-60-242.dynamic.orange.es - - [09/Nov/2017:14:15:57 +0100] "GET /event-gruppesmartkat.shtml HTTP/1.1" 200 21256
58.pool85-60-242.dynamic.orange.es - - [09/Nov/2017:14:15:58 +0100] "GET /event-pedalo.shtml HTTP/1.1" 200 20248
58.pool85-60-242.dynamic.orange.es - - [09/Nov/2017:14:15:58 +0100] "GET /galerie-gruppesmartkat.shtml HTTP/1.1" 200 20574
58.pool85-60-242.dynamic.orange.es - - [09/Nov/2017:14:15:59 +0100] "GET /galerie-matchracing.shtml HTTP/1.1" 200 21704
58.pool85-60-242.dynamic.orange.es - - [09/Nov/2017:14:15:59 +0100] "GET /galerie-sktrophy-2014.shtml HTTP/1.1" 200 29913
58.pool85-60-242.dynamic.orange.es - - [09/Nov/2017:14:16:00 +0100] "GET /galerie-sktrophy-2015.shtml HTTP/1.1" 200 49420
58.pool85-60-242.dynamic.orange.es - - [09/Nov/2017:14:16:01 +0100] "GET /kinder-segelkurs.shtml HTTP/1.1" 200 19898
58.pool85-60-242.dynamic.orange.es - - [09/Nov/2017:14:16:01 +0100] "GET /optikurse-2014.shtml HTTP/1.1" 200 26353
58.pool85-60-242.dynamic.orange.es - - [09/Nov/2017:14:16:02 +0100] "GET /pruefungskurs.shtml HTTP/1.1" 200 23039
58.pool85-60-242.dynamic.orange.es - - [09/Nov/2017:14:16:03 +0100] "GET /segel-grundkurs.shtml HTTP/1.1" 200 21440
58.pool85-60-242.dynamic.orange.es - - [09/Nov/2017:14:16:04 +0100] "GET /segelkurs-jollesmartkat.shtml HTTP/1.1" 200 19993
58.pool85-60-242.dynamic.orange.es - - [09/Nov/2017:14:16:05 +0100] "GET /smartkat-crashkurs.shtml HTTP/1.1" 200 17863
58.pool85-60-242.dynamic.orange.es - - [09/Nov/2017:14:16:05 +0100] "GET /flotte.shtml HTTP/1.1" 200 29241
58.pool85-60-242.dynamic.orange.es - - [09/Nov/2017:14:16:06 +0100] "GET /js/functions_stripped.js?v=6.6.7.2.41064 HTTP/1.1" 200 7672
58.pool85-60-242.dynamic.orange.es - - [09/Nov/2017:14:16:07 +0100] "GET /Perspectiva.html? HTTP/1.1" 200 18069
58.pool85-60-242.dynamic.orange.es - - [09/Nov/2017:14:16:08 +0100] "GET /js/jquery.lazyload.min.js?v=6.6.7.2.41064 HTTP/1.1" 200 3342
58.pool85-60-242.dynamic.orange.es - - [09/Nov/2017:14:16:09 +0100] "GET /js/).html(a);null==$( HTTP/1.1" 200 219
58.pool85-60-242.dynamic.orange.es - - [09/Nov/2017:14:16:10 +0100] "GET /aktuelles-wetter HTTP/1.1" 200 18388
58.pool85-60-242.dynamic.orange.es - - [09/Nov/2017:14:16:10 +0100] "GET /davosersee HTTP/1.1" 200 19505
58.pool85-60-242.dynamic.orange.es - - [09/Nov/2017:14:16:11 +0100] "GET /event-matchracing HTTP/1.1" 200 21251
58.pool85-60-242.dynamic.orange.es - - [09/Nov/2017:14:16:11 +0100] "GET /event-gruppesmartkat HTTP/1.1" 200 21256
58.pool85-60-242.dynamic.orange.es - - [09/Nov/2017:14:16:12 +0100] "GET /event-pedalo HTTP/1.1" 200 20248
58.pool85-60-242.dynamic.orange.es - - [09/Nov/2017:14:16:12 +0100] "GET /events HTTP/1.1" 200 22514
58.pool85-60-242.dynamic.orange.es - - [09/Nov/2017:14:16:13 +0100] "GET /flotte HTTP/1.1" 200 29385
37-9-113-206.spider.yandex.com - - [09/Nov/2017:14:31:22 +0100] "GET /robots.txt HTTP/1.1" 200 120
95-108-181-76.spider.yandex.com - - [09/Nov/2017:14:31:26 +0100] "GET /index.php HTTP/1.1" 302 -
5-45-207-72.spider.yandex.com - - [09/Nov/2017:14:31:30 +0100] "GET / HTTP/1.1" 200 6440
msnbot-207-46-13-10.search.msn.com - - [09/Nov/2017:14:50:49 +0100] "GET /flotte HTTP/1.1" 200 6274
