orbit001.ahrefs.com - - [03/Oct/2017:03:08:30 +0200] "GET /var/m_0/0d/0dd/12455/6564727-G3_SKT2015_54.jpg HTTP/1.1" 200 105601
ip4da2f927.direct-adsl.nl - - [03/Oct/2017:03:22:12 +0200] "GET / HTTP/1.1" 200 35804
ip4da2f927.direct-adsl.nl - - [03/Oct/2017:03:22:22 +0200] "GET /%C3%BCber-uns.shtml HTTP/1.1" 200 21862
ip4da2f927.direct-adsl.nl - - [03/Oct/2017:03:22:32 +0200] "GET /aktuelles-wetter.shtml HTTP/1.1" 200 18388
ip4da2f927.direct-adsl.nl - - [03/Oct/2017:03:22:40 +0200] "GET /davosersee.shtml HTTP/1.1" 200 19505
ip4da2f927.direct-adsl.nl - - [03/Oct/2017:03:22:56 +0200] "GET /event-gruppesmartkat.shtml HTTP/1.1" 200 21256
ip4da2f927.direct-adsl.nl - - [03/Oct/2017:03:23:04 +0200] "GET /event-matchracing.shtml HTTP/1.1" 200 21251
ip4da2f927.direct-adsl.nl - - [03/Oct/2017:03:23:37 +0200] "GET /event-pedalo.shtml HTTP/1.1" 200 20248
ip4da2f927.direct-adsl.nl - - [03/Oct/2017:03:23:49 +0200] "GET /events.shtml HTTP/1.1" 200 22514
ip4da2f927.direct-adsl.nl - - [03/Oct/2017:03:23:58 +0200] "GET /flotte.shtml HTTP/1.1" 200 29241
ip4da2f927.direct-adsl.nl - - [03/Oct/2017:03:24:18 +0200] "GET /galerie-gruppesmartkat.shtml HTTP/1.1" 200 20574
ip4da2f927.direct-adsl.nl - - [03/Oct/2017:03:24:29 +0200] "GET /galerie-matchracing.shtml HTTP/1.1" 200 21704
ip4da2f927.direct-adsl.nl - - [03/Oct/2017:03:24:39 +0200] "GET /galerie-sktrophy-2014.shtml HTTP/1.1" 200 29913
ip4da2f927.direct-adsl.nl - - [03/Oct/2017:03:24:50 +0200] "GET /galerie-sktrophy-2015.shtml HTTP/1.1" 200 49420
ip4da2f927.direct-adsl.nl - - [03/Oct/2017:03:25:16 +0200] "GET /galerie.shtml HTTP/1.1" 200 22747
ip4da2f927.direct-adsl.nl - - [03/Oct/2017:03:25:30 +0200] "GET /kinder-segelkurs.shtml HTTP/1.1" 200 19898
ip4da2f927.direct-adsl.nl - - [03/Oct/2017:03:25:37 +0200] "GET /kursanmeldung.shtml HTTP/1.1" 200 49926
ip4da2f927.direct-adsl.nl - - [03/Oct/2017:03:25:46 +0200] "GET /kurse.shtml HTTP/1.1" 200 31031
ip4da2f927.direct-adsl.nl - - [03/Oct/2017:03:25:53 +0200] "GET /optikurse-2014.shtml HTTP/1.1" 200 26353
ip4da2f927.direct-adsl.nl - - [03/Oct/2017:03:26:04 +0200] "GET /pruefungskurs.shtml HTTP/1.1" 200 23039
ip4da2f927.direct-adsl.nl - - [03/Oct/2017:03:26:12 +0200] "GET /segel-grundkurs.shtml HTTP/1.1" 200 21440
ip4da2f927.direct-adsl.nl - - [03/Oct/2017:03:26:15 +0200] "GET /segelkurs-jollesmartkat.shtml HTTP/1.1" 200 19993
ip4da2f927.direct-adsl.nl - - [03/Oct/2017:03:26:29 +0200] "GET /smartkat-crashkurs.shtml HTTP/1.1" 200 17863
ip4da2f927.direct-adsl.nl - - [03/Oct/2017:03:26:30 +0200] "GET /standort.shtml HTTP/1.1" 200 17547
ip4da2f927.direct-adsl.nl - - [03/Oct/2017:03:26:33 +0200] "GET /vermietung.shtml HTTP/1.1" 200 25728
ip4da2f927.direct-adsl.nl - - [03/Oct/2017:03:26:42 +0200] "GET /js/functions_stripped.js?v=6.6.7.2.41064 HTTP/1.1" 200 7672
ip4da2f927.direct-adsl.nl - - [03/Oct/2017:03:26:42 +0200] "GET /Perspectiva.html? HTTP/1.1" 200 18069
ip4da2f927.direct-adsl.nl - - [03/Oct/2017:03:26:51 +0200] "GET /js/jquery.lazyload.min.js?v=6.6.7.2.41064 HTTP/1.1" 200 3342
ip4da2f927.direct-adsl.nl - - [03/Oct/2017:03:26:56 +0200] "GET /aktuelles-wetter HTTP/1.1" 200 18388
msnbot-40-77-167-57.search.msn.com - - [03/Oct/2017:03:49:40 +0200] "GET /flotte HTTP/1.1" 200 6274
baiduspider-180-76-15-26.crawl.baidu.com - - [03/Oct/2017:03:49:44 +0200] "GET /robots.txt HTTP/1.1" 200 80
baiduspider-180-76-15-145.crawl.baidu.com - - [03/Oct/2017:03:49:44 +0200] "GET /robots.txt HTTP/1.1" 200 80
msnbot-40-77-167-57.search.msn.com - - [03/Oct/2017:03:50:00 +0200] "GET /templates/creator/m_f/fa/fa7/164/assets/tab_r_bottom.png HTTP/1.1" 200 1803
msnbot-40-77-167-57.search.msn.com - - [03/Oct/2017:03:50:00 +0200] "GET /templates/creator/m_f/fa/fa7/164/assets/google_maps_icon.png HTTP/1.1" 200 2900
msnbot-40-77-167-57.search.msn.com - - [03/Oct/2017:03:50:00 +0200] "GET /templates/creator/m_f/fa/fa7/164/assets/tab_m_bottom.png HTTP/1.1" 200 1000
msnbot-157-55-39-248.search.msn.com - - [03/Oct/2017:03:50:09 +0200] "GET /templates/creator/m_f/fa/fa7/164/assets/tab_l_bottom.png HTTP/1.1" 200 1751
msnbot-157-55-39-248.search.msn.com - - [03/Oct/2017:03:50:09 +0200] "GET /templates/creator/m_f/fa/fa7/164/assets/bt_close.png HTTP/1.1" 200 2150
msnbot-40-77-167-55.search.msn.com - - [03/Oct/2017:03:50:14 +0200] "GET /templates/creator/m_f/fa/fa7/164/assets/call-icon.png HTTP/1.1" 200 3338
msnbot-40-77-167-55.search.msn.com - - [03/Oct/2017:03:50:15 +0200] "GET /templates/creator/m_f/fa/fa7/164/assets/bt_open.png HTTP/1.1" 200 2044
msnbot-40-77-167-120.search.msn.com - - [03/Oct/2017:03:50:18 +0200] "GET /templates/creator/m_f/fa/fa7/164/assets/mail_icon.png HTTP/1.1" 200 3128
msnbot-40-77-167-120.search.msn.com - - [03/Oct/2017:03:50:18 +0200] "GET /templates/creator/m_f/fa/fa7/164/assets/tab_b_bottom.png HTTP/1.1" 200 962
baiduspider-180-76-15-139.crawl.baidu.com - - [03/Oct/2017:03:51:27 +0200] "GET / HTTP/1.1" 200 6440
