crawl19.lp.007ac9.net - - [29/Sep/2017:01:06:05 +0200] "GET /robots.txt HTTP/1.0" 200 120
crawl19.lp.007ac9.net - - [29/Sep/2017:01:06:05 +0200] "GET / HTTP/1.1" 200 35804
crawl19.lp.007ac9.net - - [29/Sep/2017:01:06:16 +0200] "GET /davosersee.shtml HTTP/1.1" 200 19505
crawl19.lp.007ac9.net - - [29/Sep/2017:01:06:21 +0200] "GET /kurse.shtml HTTP/1.1" 200 31031
crawl19.lp.007ac9.net - - [29/Sep/2017:01:06:27 +0200] "GET /kinder-segelkurs.shtml HTTP/1.1" 200 19898
crawl19.lp.007ac9.net - - [29/Sep/2017:01:06:31 +0200] "GET /segelkurs-jollesmartkat.shtml HTTP/1.1" 200 19993
crawl19.lp.007ac9.net - - [29/Sep/2017:01:06:35 +0200] "GET /smartkat-crashkurs.shtml HTTP/1.1" 200 17863
crawl19.lp.007ac9.net - - [29/Sep/2017:01:06:39 +0200] "GET /segel-grundkurs.shtml HTTP/1.1" 200 21440
crawl19.lp.007ac9.net - - [29/Sep/2017:01:06:41 +0200] "GET /pruefungskurs.shtml HTTP/1.1" 200 23039
crawl19.lp.007ac9.net - - [29/Sep/2017:01:06:43 +0200] "GET /events.shtml HTTP/1.1" 200 22514
crawl19.lp.007ac9.net - - [29/Sep/2017:01:06:45 +0200] "GET /event-gruppesmartkat.shtml HTTP/1.1" 200 21256
crawl19.lp.007ac9.net - - [29/Sep/2017:01:06:47 +0200] "GET /event-matchracing.shtml HTTP/1.1" 200 21251
crawl19.lp.007ac9.net - - [29/Sep/2017:01:06:49 +0200] "GET /event-pedalo.shtml HTTP/1.1" 200 20248
crawl19.lp.007ac9.net - - [29/Sep/2017:01:06:53 +0200] "GET /flotte.shtml HTTP/1.1" 200 29241
crawl19.lp.007ac9.net - - [29/Sep/2017:01:06:55 +0200] "GET /vermietung.shtml HTTP/1.1" 200 25728
crawl19.lp.007ac9.net - - [29/Sep/2017:01:06:58 +0200] "GET /galerie.shtml HTTP/1.1" 200 22747
crawl19.lp.007ac9.net - - [29/Sep/2017:01:07:00 +0200] "GET /galerie-sktrophy-2015.shtml HTTP/1.1" 200 49420
crawl19.lp.007ac9.net - - [29/Sep/2017:01:07:02 +0200] "GET /galerie-matchracing.shtml HTTP/1.1" 200 21704
crawl19.lp.007ac9.net - - [29/Sep/2017:01:07:06 +0200] "GET /galerie-gruppesmartkat.shtml HTTP/1.1" 200 20574
crawl19.lp.007ac9.net - - [29/Sep/2017:01:07:08 +0200] "GET /galerie-sktrophy-2014.shtml HTTP/1.1" 200 29913
crawl19.lp.007ac9.net - - [29/Sep/2017:01:07:16 +0200] "GET /optikurse-2014.shtml HTTP/1.1" 200 26353
crawl19.lp.007ac9.net - - [29/Sep/2017:01:07:19 +0200] "GET /%C3%BCber-uns.shtml HTTP/1.1" 200 21862
crawl19.lp.007ac9.net - - [29/Sep/2017:01:07:22 +0200] "GET /standort.shtml HTTP/1.1" 200 17547
crawl19.lp.007ac9.net - - [29/Sep/2017:01:07:26 +0200] "GET /kursanmeldung.shtml HTTP/1.1" 200 49926
crawl19.lp.007ac9.net - - [29/Sep/2017:01:07:28 +0200] "GET /aktuelles-wetter.shtml HTTP/1.1" 200 18388
hydrogen281.a.ahrefs.com - - [29/Sep/2017:01:08:00 +0200] "GET /var/m_0/0d/0dd/12455/6564683-G3_SKT2015_14.jpg HTTP/1.1" 200 195006
msnbot-207-46-13-157.search.msn.com - - [29/Sep/2017:01:38:50 +0200] "GET /kurse.shtml HTTP/1.1" 200 6280
msnbot-157-55-39-36.search.msn.com - - [29/Sep/2017:01:39:48 +0200] "GET /js/footer/get_deps.min.js?v=6.6.7.2.41064 HTTP/1.1" 200 157
