172-245-222-13-host.colocrossing.com - - [02/Oct/2017:16:05:04 +0200] "GET / HTTP/1.1" 200 35804
172-245-222-13-host.colocrossing.com - - [02/Oct/2017:16:05:09 +0200] "GET /events.shtml HTTP/1.1" 200 22514
172-245-222-13-host.colocrossing.com - - [02/Oct/2017:16:05:11 +0200] "GET /galerie.shtml HTTP/1.1" 200 22747
172-245-222-13-host.colocrossing.com - - [02/Oct/2017:16:05:16 +0200] "GET /kurse.shtml HTTP/1.1" 200 31031
172-245-222-13-host.colocrossing.com - - [02/Oct/2017:16:05:17 +0200] "GET /vermietung.shtml HTTP/1.1" 200 25728
172-245-222-13-host.colocrossing.com - - [02/Oct/2017:16:05:20 +0200] "GET /event-gruppesmartkat.shtml HTTP/1.1" 200 21256
172-245-222-13-host.colocrossing.com - - [02/Oct/2017:16:05:22 +0200] "GET /event-matchracing.shtml HTTP/1.1" 200 21251
172-245-222-13-host.colocrossing.com - - [02/Oct/2017:16:05:23 +0200] "GET /event-pedalo.shtml HTTP/1.1" 200 20248
172-245-222-13-host.colocrossing.com - - [02/Oct/2017:16:05:26 +0200] "GET /galerie-gruppesmartkat.shtml HTTP/1.1" 200 20574
172-245-222-13-host.colocrossing.com - - [02/Oct/2017:16:05:27 +0200] "GET /galerie-matchracing.shtml HTTP/1.1" 200 21704
172-245-222-13-host.colocrossing.com - - [02/Oct/2017:16:05:29 +0200] "GET /galerie-sktrophy-2014.shtml HTTP/1.1" 200 29913
172-245-222-13-host.colocrossing.com - - [02/Oct/2017:16:05:31 +0200] "GET /galerie-sktrophy-2015.shtml HTTP/1.1" 200 49420
172-245-222-13-host.colocrossing.com - - [02/Oct/2017:16:05:31 +0200] "GET /optikurse-2014.shtml HTTP/1.1" 200 26353
172-245-222-13-host.colocrossing.com - - [02/Oct/2017:16:05:32 +0200] "GET /kinder-segelkurs.shtml HTTP/1.1" 200 19898
172-245-222-13-host.colocrossing.com - - [02/Oct/2017:16:05:34 +0200] "GET /pruefungskurs.shtml HTTP/1.1" 200 23039
172-245-222-13-host.colocrossing.com - - [02/Oct/2017:16:05:36 +0200] "GET /segel-grundkurs.shtml HTTP/1.1" 200 21440
172-245-222-13-host.colocrossing.com - - [02/Oct/2017:16:05:38 +0200] "GET /segelkurs-jollesmartkat.shtml HTTP/1.1" 200 19993
172-245-222-13-host.colocrossing.com - - [02/Oct/2017:16:05:42 +0200] "GET /smartkat-crashkurs.shtml HTTP/1.1" 200 17863
172-245-222-13-host.colocrossing.com - - [02/Oct/2017:16:05:43 +0200] "GET /flotte.shtml HTTP/1.1" 200 29241
172-245-222-13-host.colocrossing.com - - [02/Oct/2017:16:05:45 +0200] "GET /js/functions_stripped.js?v=6.6.7.2.41064 HTTP/1.1" 200 7672
172-245-222-13-host.colocrossing.com - - [02/Oct/2017:16:05:46 +0200] "GET /js/jquery.lazyload.min.js?v=6.6.7.2.41064 HTTP/1.1" 200 3342
172-245-222-13-host.colocrossing.com - - [02/Oct/2017:16:05:46 +0200] "GET /Perspectiva.html? HTTP/1.1" 200 18069
172-245-222-13-host.colocrossing.com - - [02/Oct/2017:16:05:47 +0200] "GET /js/).html(a);null==$( HTTP/1.1" 200 219
172-245-222-13-host.colocrossing.com - - [02/Oct/2017:16:05:51 +0200] "GET /aktuelles-wetter HTTP/1.1" 200 18388
172-245-222-13-host.colocrossing.com - - [02/Oct/2017:16:05:49 +0200] "GET /js/index.php?sid=46&lang=en&item=1&act=users&ajax=state HTTP/1.1" 200 210
172-245-222-13-host.colocrossing.com - - [02/Oct/2017:16:05:51 +0200] "GET /davosersee HTTP/1.1" 200 19505
172-245-222-13-host.colocrossing.com - - [02/Oct/2017:16:05:54 +0200] "GET /event-gruppesmartkat HTTP/1.1" 200 21256
172-245-222-13-host.colocrossing.com - - [02/Oct/2017:16:05:56 +0200] "GET /event-matchracing HTTP/1.1" 200 21251
172-245-222-13-host.colocrossing.com - - [02/Oct/2017:16:05:56 +0200] "GET /event-pedalo HTTP/1.1" 200 20248
172-245-222-13-host.colocrossing.com - - [02/Oct/2017:16:05:59 +0200] "GET /events HTTP/1.1" 200 22514
crawl-126-170-187-194.qwant.com - - [02/Oct/2017:16:07:53 +0200] "GET /kursanmeldung.shtml HTTP/1.0" 200 10952
crawl-126-170-187-194.qwant.com - - [02/Oct/2017:16:14:30 +0200] "GET /davosersee.shtml HTTP/1.0" 200 5477
crawl-126-170-187-194.qwant.com - - [02/Oct/2017:16:25:30 +0200] "GET /segelkurs-jollesmartkat.shtml HTTP/1.0" 200 5139
217.182.95.33 - - [02/Oct/2017:16:40:08 +0200] "GET / HTTP/1.1" 200 6440
178-82-164-114.dynamic.hispeed.ch - - [02/Oct/2017:16:49:00 +0200] "GET /davosersee HTTP/1.1" 200 5477
178-82-164-114.dynamic.hispeed.ch - - [02/Oct/2017:16:49:01 +0200] "GET /css/widgets/concat_widget.min.css?v=6.6.7.2.41064 HTTP/1.1" 200 24507
178-82-164-114.dynamic.hispeed.ch - - [02/Oct/2017:16:49:01 +0200] "GET /js/footer/build_social_entries.min.js?v=6.6.7.2.41064 HTTP/1.1" 200 278
178-82-164-114.dynamic.hispeed.ch - - [02/Oct/2017:16:49:01 +0200] "GET /templates/creator/m_f/fa/fa7/164/css/main.min.css?v=1483633820 HTTP/1.1" 200 1797
178-82-164-114.dynamic.hispeed.ch - - [02/Oct/2017:16:49:02 +0200] "GET /js/footer/get_deps.min.js?v=6.6.7.2.41064 HTTP/1.1" 200 157
178-82-164-114.dynamic.hispeed.ch - - [02/Oct/2017:16:49:02 +0200] "GET /templates/creator/m_f/fa/fa7/164/css/style.min.css?v=1483633820 HTTP/1.1" 200 847
178-82-164-114.dynamic.hispeed.ch - - [02/Oct/2017:16:49:02 +0200] "GET /templates/creator/m_f/fa/fa7/164/assets/wp-menu.js?v=1483633820 HTTP/1.1" 200 1089
178-82-164-114.dynamic.hispeed.ch - - [02/Oct/2017:16:49:02 +0200] "GET /templates/creator/m_f/fa/fa7/164/assets/respond.min.js?v=1483633820 HTTP/1.1" 200 2085
178-82-164-114.dynamic.hispeed.ch - - [02/Oct/2017:16:49:02 +0200] "GET /templates/creator/m_f/fa/fa7/164/assets/slide.js?v=1483633820 HTTP/1.1" 200 662
178-82-164-114.dynamic.hispeed.ch - - [02/Oct/2017:16:49:02 +0200] "GET /js/functions_stripped.js?v=6.6.7.2.41064 HTTP/1.1" 200 3186
178-82-164-114.dynamic.hispeed.ch - - [02/Oct/2017:16:49:02 +0200] "GET /var/m_0/0d/0dd/12455/143352-Header_Segelschule_2.jpg HTTP/1.1" 200 107532
178-82-164-114.dynamic.hispeed.ch - - [02/Oct/2017:16:49:02 +0200] "GET /css/skeleton.css HTTP/1.1" 200 3511
178-82-164-114.dynamic.hispeed.ch - - [02/Oct/2017:16:49:02 +0200] "GET /var/m_0/0d/0dd/12455/126126-43_See.JPG HTTP/1.1" 200 86511
172-245-222-13-host.colocrossing.com - - [02/Oct/2017:16:56:34 +0200] "GET / HTTP/1.1" 200 35804
172-245-222-13-host.colocrossing.com - - [02/Oct/2017:16:56:39 +0200] "GET /%C3%BCber-uns.shtml HTTP/1.1" 200 21862
172-245-222-13-host.colocrossing.com - - [02/Oct/2017:16:56:40 +0200] "GET /aktuelles-wetter.shtml HTTP/1.1" 200 18388
172-245-222-13-host.colocrossing.com - - [02/Oct/2017:16:56:40 +0200] "GET /davosersee.shtml HTTP/1.1" 200 19505
172-245-222-13-host.colocrossing.com - - [02/Oct/2017:16:56:44 +0200] "GET /event-gruppesmartkat.shtml HTTP/1.1" 200 21256
172-245-222-13-host.colocrossing.com - - [02/Oct/2017:16:56:46 +0200] "GET /event-matchracing.shtml HTTP/1.1" 200 21251
172-245-222-13-host.colocrossing.com - - [02/Oct/2017:16:56:47 +0200] "GET /event-pedalo.shtml HTTP/1.1" 200 20248
172-245-222-13-host.colocrossing.com - - [02/Oct/2017:16:56:49 +0200] "GET /events.shtml HTTP/1.1" 200 22514
172-245-222-13-host.colocrossing.com - - [02/Oct/2017:16:56:49 +0200] "GET /flotte.shtml HTTP/1.1" 200 29241
172-245-222-13-host.colocrossing.com - - [02/Oct/2017:16:56:49 +0200] "GET /galerie-gruppesmartkat.shtml HTTP/1.1" 200 20574
172-245-222-13-host.colocrossing.com - - [02/Oct/2017:16:56:51 +0200] "GET /galerie-matchracing.shtml HTTP/1.1" 200 21704
172-245-222-13-host.colocrossing.com - - [02/Oct/2017:16:56:51 +0200] "GET /galerie-sktrophy-2014.shtml HTTP/1.1" 200 29913
172-245-222-13-host.colocrossing.com - - [02/Oct/2017:16:56:54 +0200] "GET /galerie-sktrophy-2015.shtml HTTP/1.1" 200 49420
172-245-222-13-host.colocrossing.com - - [02/Oct/2017:16:56:55 +0200] "GET /galerie.shtml HTTP/1.1" 200 22747
172-245-222-13-host.colocrossing.com - - [02/Oct/2017:16:56:56 +0200] "GET /kinder-segelkurs.shtml HTTP/1.1" 200 19898
172-245-222-13-host.colocrossing.com - - [02/Oct/2017:16:56:58 +0200] "GET /kursanmeldung.shtml HTTP/1.1" 200 49926
172-245-222-13-host.colocrossing.com - - [02/Oct/2017:16:56:58 +0200] "GET /optikurse-2014.shtml HTTP/1.1" 200 26353
172-245-222-13-host.colocrossing.com - - [02/Oct/2017:16:56:58 +0200] "GET /pruefungskurs.shtml HTTP/1.1" 200 23039
172-245-222-13-host.colocrossing.com - - [02/Oct/2017:16:56:58 +0200] "GET /kurse.shtml HTTP/1.1" 200 31031
172-245-222-13-host.colocrossing.com - - [02/Oct/2017:16:57:00 +0200] "GET /segel-grundkurs.shtml HTTP/1.1" 200 21440
172-245-222-13-host.colocrossing.com - - [02/Oct/2017:16:57:03 +0200] "GET /segelkurs-jollesmartkat.shtml HTTP/1.1" 200 19993
172-245-222-13-host.colocrossing.com - - [02/Oct/2017:16:57:06 +0200] "GET /smartkat-crashkurs.shtml HTTP/1.1" 200 17863
172-245-222-13-host.colocrossing.com - - [02/Oct/2017:16:57:06 +0200] "GET /standort.shtml HTTP/1.1" 200 17547
172-245-222-13-host.colocrossing.com - - [02/Oct/2017:16:57:08 +0200] "GET /vermietung.shtml HTTP/1.1" 200 25728
172-245-222-13-host.colocrossing.com - - [02/Oct/2017:16:57:11 +0200] "GET /js/functions_stripped.js?v=6.6.7.2.41064 HTTP/1.1" 200 7672
172-245-222-13-host.colocrossing.com - - [02/Oct/2017:16:57:12 +0200] "GET /Perspectiva.html? HTTP/1.1" 200 18069
172-245-222-13-host.colocrossing.com - - [02/Oct/2017:16:57:15 +0200] "GET /js/jquery.lazyload.min.js?v=6.6.7.2.41064 HTTP/1.1" 200 3342
172-245-222-13-host.colocrossing.com - - [02/Oct/2017:16:57:17 +0200] "GET /aktuelles-wetter HTTP/1.1" 200 18388
172-245-222-13-host.colocrossing.com - - [02/Oct/2017:16:57:18 +0200] "GET /davosersee HTTP/1.1" 200 19505
172-245-222-13-host.colocrossing.com - - [02/Oct/2017:16:57:19 +0200] "GET /event-gruppesmartkat HTTP/1.1" 200 21256
172-245-222-13-host.colocrossing.com - - [02/Oct/2017:16:57:21 +0200] "GET /event-matchracing HTTP/1.1" 200 21251
172-245-222-13-host.colocrossing.com - - [02/Oct/2017:16:57:23 +0200] "GET /event-pedalo HTTP/1.1" 200 20248
172-245-222-13-host.colocrossing.com - - [02/Oct/2017:16:57:25 +0200] "GET /events HTTP/1.1" 200 22514
172-245-222-13-host.colocrossing.com - - [02/Oct/2017:16:57:26 +0200] "GET /flotte HTTP/1.1" 200 29385
172-245-222-13-host.colocrossing.com - - [02/Oct/2017:16:57:31 +0200] "GET /galerie-gruppesmartkat HTTP/1.1" 200 20574
172-245-222-13-host.colocrossing.com - - [02/Oct/2017:16:57:32 +0200] "GET /galerie-sktrophy-2014 HTTP/1.1" 200 29913
172-245-222-13-host.colocrossing.com - - [02/Oct/2017:16:57:32 +0200] "GET /galerie-matchracing HTTP/1.1" 200 21704
172-245-222-13-host.colocrossing.com - - [02/Oct/2017:16:57:34 +0200] "GET /galerie-sktrophy-2015 HTTP/1.1" 200 49420
172-245-222-13-host.colocrossing.com - - [02/Oct/2017:16:57:34 +0200] "GET /kinder-segelkurs HTTP/1.1" 200 19898
172-245-222-13-host.colocrossing.com - - [02/Oct/2017:16:57:34 +0200] "GET /galerie HTTP/1.1" 200 22747
172-245-222-13-host.colocrossing.com - - [02/Oct/2017:16:57:36 +0200] "GET /kurse HTTP/1.1" 200 31031
172-245-222-13-host.colocrossing.com - - [02/Oct/2017:16:57:38 +0200] "GET /optikurse-2014 HTTP/1.1" 200 26353
172-245-222-13-host.colocrossing.com - - [02/Oct/2017:16:57:39 +0200] "GET /pruefungskurs HTTP/1.1" 200 23039
