no-reverse-dns-configured.com - - [01/Oct/2017:12:03:58 +0200] "GET / HTTP/1.1" 200 35804
no-reverse-dns-configured.com - - [01/Oct/2017:12:04:12 +0200] "GET /events.shtml HTTP/1.1" 200 22514
no-reverse-dns-configured.com - - [01/Oct/2017:12:04:28 +0200] "GET /galerie.shtml HTTP/1.1" 200 22747
no-reverse-dns-configured.com - - [01/Oct/2017:12:04:34 +0200] "GET /kurse.shtml HTTP/1.1" 200 31031
no-reverse-dns-configured.com - - [01/Oct/2017:12:04:40 +0200] "GET /vermietung.shtml HTTP/1.1" 200 25728
no-reverse-dns-configured.com - - [01/Oct/2017:12:05:16 +0200] "GET /event-gruppesmartkat.shtml HTTP/1.1" 200 21256
no-reverse-dns-configured.com - - [01/Oct/2017:12:05:34 +0200] "GET /event-matchracing.shtml HTTP/1.1" 200 21251
no-reverse-dns-configured.com - - [01/Oct/2017:12:05:41 +0200] "GET /event-pedalo.shtml HTTP/1.1" 200 20248
no-reverse-dns-configured.com - - [01/Oct/2017:12:06:33 +0200] "GET /galerie-gruppesmartkat.shtml HTTP/1.1" 200 20574
no-reverse-dns-configured.com - - [01/Oct/2017:12:06:38 +0200] "GET /galerie-matchracing.shtml HTTP/1.1" 200 21704
no-reverse-dns-configured.com - - [01/Oct/2017:12:06:45 +0200] "GET /galerie-sktrophy-2014.shtml HTTP/1.1" 200 29913
no-reverse-dns-configured.com - - [01/Oct/2017:12:07:01 +0200] "GET /galerie-sktrophy-2015.shtml HTTP/1.1" 200 49420
no-reverse-dns-configured.com - - [01/Oct/2017:12:07:29 +0200] "GET /optikurse-2014.shtml HTTP/1.1" 200 26353
no-reverse-dns-configured.com - - [01/Oct/2017:12:07:33 +0200] "GET /kinder-segelkurs.shtml HTTP/1.1" 200 19898
no-reverse-dns-configured.com - - [01/Oct/2017:12:07:57 +0200] "GET /pruefungskurs.shtml HTTP/1.1" 200 23039
no-reverse-dns-configured.com - - [01/Oct/2017:12:08:01 +0200] "GET /segel-grundkurs.shtml HTTP/1.1" 200 21440
no-reverse-dns-configured.com - - [01/Oct/2017:12:08:16 +0200] "GET /segelkurs-jollesmartkat.shtml HTTP/1.1" 200 19993
no-reverse-dns-configured.com - - [01/Oct/2017:12:08:30 +0200] "GET /smartkat-crashkurs.shtml HTTP/1.1" 200 17863
no-reverse-dns-configured.com - - [01/Oct/2017:12:08:34 +0200] "GET /flotte.shtml HTTP/1.1" 200 29241
no-reverse-dns-configured.com - - [01/Oct/2017:12:08:44 +0200] "GET /js/functions_stripped.js?v=6.6.7.2.41064 HTTP/1.1" 200 7672
no-reverse-dns-configured.com - - [01/Oct/2017:12:08:44 +0200] "GET /Perspectiva.html? HTTP/1.1" 200 18069
no-reverse-dns-configured.com - - [01/Oct/2017:12:08:48 +0200] "GET /js/jquery.lazyload.min.js?v=6.6.7.2.41064 HTTP/1.1" 200 3342
no-reverse-dns-configured.com - - [01/Oct/2017:12:08:49 +0200] "GET /js/).html(a);null==$( HTTP/1.1" 200 219
no-reverse-dns-configured.com - - [01/Oct/2017:12:08:50 +0200] "GET /aktuelles-wetter HTTP/1.1" 200 18388
no-reverse-dns-configured.com - - [01/Oct/2017:12:08:53 +0200] "GET /davosersee HTTP/1.1" 200 19505
no-reverse-dns-configured.com - - [01/Oct/2017:12:09:01 +0200] "GET /event-gruppesmartkat HTTP/1.1" 200 21256
no-reverse-dns-configured.com - - [01/Oct/2017:12:09:09 +0200] "GET /event-matchracing HTTP/1.1" 200 21251
no-reverse-dns-configured.com - - [01/Oct/2017:12:09:09 +0200] "GET /event-pedalo HTTP/1.1" 200 20248
no-reverse-dns-configured.com - - [01/Oct/2017:12:09:13 +0200] "GET /events HTTP/1.1" 200 22514
no-reverse-dns-configured.com - - [01/Oct/2017:12:09:29 +0200] "GET /flotte HTTP/1.1" 200 29385
216-83-221-81.pool.dsl-net.ch - - [01/Oct/2017:12:21:46 +0200] "GET / HTTP/1.1" 200 6440
216-83-221-81.pool.dsl-net.ch - - [01/Oct/2017:12:21:47 +0200] "GET /W3SVC/?cid=f2949bab-240a-46ca-a455-6f504367ba7d&securityScanNoAttack HTTP/1.1" 200 18069
