182.150.27.152 - - [13/Oct/2017:02:05:55 +0200] "GET / HTTP/1.1" 200 6401
crawl07.lp.007ac9.net - - [13/Oct/2017:02:06:12 +0200] "GET /robots.txt HTTP/1.0" 200 120
crawl07.lp.007ac9.net - - [13/Oct/2017:02:06:12 +0200] "GET / HTTP/1.1" 200 35804
crawl07.lp.007ac9.net - - [13/Oct/2017:02:06:15 +0200] "GET /davosersee.shtml HTTP/1.1" 200 19505
crawl07.lp.007ac9.net - - [13/Oct/2017:02:06:17 +0200] "GET /kurse.shtml HTTP/1.1" 200 31031
crawl07.lp.007ac9.net - - [13/Oct/2017:02:06:19 +0200] "GET /kinder-segelkurs.shtml HTTP/1.1" 200 19898
crawl07.lp.007ac9.net - - [13/Oct/2017:02:06:21 +0200] "GET /segelkurs-jollesmartkat.shtml HTTP/1.1" 200 19993
crawl07.lp.007ac9.net - - [13/Oct/2017:02:06:23 +0200] "GET /smartkat-crashkurs.shtml HTTP/1.1" 200 17863
crawl07.lp.007ac9.net - - [13/Oct/2017:02:06:26 +0200] "GET /segel-grundkurs.shtml HTTP/1.1" 200 21440
crawl07.lp.007ac9.net - - [13/Oct/2017:02:06:28 +0200] "GET /pruefungskurs.shtml HTTP/1.1" 200 23039
crawl07.lp.007ac9.net - - [13/Oct/2017:02:06:30 +0200] "GET /events.shtml HTTP/1.1" 200 22514
crawl07.lp.007ac9.net - - [13/Oct/2017:02:06:32 +0200] "GET /event-gruppesmartkat.shtml HTTP/1.1" 200 21256
crawl07.lp.007ac9.net - - [13/Oct/2017:02:06:34 +0200] "GET /event-matchracing.shtml HTTP/1.1" 200 21251
crawl07.lp.007ac9.net - - [13/Oct/2017:02:06:36 +0200] "GET /event-pedalo.shtml HTTP/1.1" 200 20248
crawl07.lp.007ac9.net - - [13/Oct/2017:02:06:39 +0200] "GET /flotte.shtml HTTP/1.1" 200 29241
crawl07.lp.007ac9.net - - [13/Oct/2017:02:06:41 +0200] "GET /vermietung.shtml HTTP/1.1" 200 25728
crawl07.lp.007ac9.net - - [13/Oct/2017:02:06:43 +0200] "GET /galerie.shtml HTTP/1.1" 200 22747
crawl07.lp.007ac9.net - - [13/Oct/2017:02:06:45 +0200] "GET /galerie-sktrophy-2015.shtml HTTP/1.1" 200 49420
crawl07.lp.007ac9.net - - [13/Oct/2017:02:06:47 +0200] "GET /galerie-matchracing.shtml HTTP/1.1" 200 21704
crawl07.lp.007ac9.net - - [13/Oct/2017:02:06:49 +0200] "GET /galerie-gruppesmartkat.shtml HTTP/1.1" 200 20574
crawl07.lp.007ac9.net - - [13/Oct/2017:02:06:51 +0200] "GET /galerie-sktrophy-2014.shtml HTTP/1.1" 200 29913
crawl07.lp.007ac9.net - - [13/Oct/2017:02:06:54 +0200] "GET /optikurse-2014.shtml HTTP/1.1" 200 26353
crawl07.lp.007ac9.net - - [13/Oct/2017:02:06:56 +0200] "GET /%C3%BCber-uns.shtml HTTP/1.1" 200 21862
crawl07.lp.007ac9.net - - [13/Oct/2017:02:06:58 +0200] "GET /standort.shtml HTTP/1.1" 200 17547
crawl07.lp.007ac9.net - - [13/Oct/2017:02:07:00 +0200] "GET /kursanmeldung.shtml HTTP/1.1" 200 49926
crawl07.lp.007ac9.net - - [13/Oct/2017:02:07:02 +0200] "GET /aktuelles-wetter.shtml HTTP/1.1" 200 18388
baiduspider-180-76-15-155.crawl.baidu.com - - [13/Oct/2017:02:18:36 +0200] "GET /templates/resellers/7/favicon.ico?v=1506103971 HTTP/1.1" 200 4286
msnbot-157-55-39-21.search.msn.com - - [13/Oct/2017:02:20:48 +0200] "GET /robots.txt HTTP/1.1" 200 80
msnbot-157-55-39-17.search.msn.com - - [13/Oct/2017:02:21:14 +0200] "GET /segel-grundkurs HTTP/1.1" 200 5378
msnbot-157-55-39-17.search.msn.com - - [13/Oct/2017:02:22:34 +0200] "GET /segel-grundkurs HTTP/1.1" 200 5378
crawl818.us.archive.org - - [13/Oct/2017:02:28:57 +0200] "GET /robots.txt HTTP/1.0" 200 120
crawl818.us.archive.org - - [13/Oct/2017:02:29:00 +0200] "GET /templates/creator/m_f/fa/fa7/164/assets/respond.min.js?v=1483633820 HTTP/1.0" 200 4070
crawl817.us.archive.org - - [13/Oct/2017:02:30:10 +0200] "GET /robots.txt HTTP/1.0" 200 120
crawl817.us.archive.org - - [13/Oct/2017:02:30:14 +0200] "GET /favicon.ico HTTP/1.0" 200 1150
malta2970.startdedicated.de - - [13/Oct/2017:02:41:52 +0200] "GET /robots.txt HTTP/1.1" 200 80
malta2970.startdedicated.de - - [13/Oct/2017:02:41:53 +0200] "GET /event-pedalo.shtml HTTP/1.1" 200 5342
crawl835.us.archive.org - - [13/Oct/2017:02:44:46 +0200] "GET /robots.txt HTTP/1.0" 200 120
crawl835.us.archive.org - - [13/Oct/2017:02:44:49 +0200] "GET /js/footer/get_deps.min.js?v=6.6.7.1.40667 HTTP/1.0" 200 149
crawl344.us.archive.org - - [13/Oct/2017:02:46:33 +0200] "GET /robots.txt HTTP/1.0" 200 120
crawl344.us.archive.org - - [13/Oct/2017:02:46:36 +0200] "GET /templates/resellers/7/favicon.ico?v=1504438789 HTTP/1.0" 200 4286
crawl818.us.archive.org - - [13/Oct/2017:02:48:20 +0200] "GET /css/widgets/concat_widget.min.css?v=6.6.7.1.40667 HTTP/1.0" 200 138686
crawl836.us.archive.org - - [13/Oct/2017:02:51:44 +0200] "GET /robots.txt HTTP/1.0" 200 120
crawl836.us.archive.org - - [13/Oct/2017:02:51:47 +0200] "GET /css/skeleton.css HTTP/1.0" 200 18022
crawl817.us.archive.org - - [13/Oct/2017:02:55:01 +0200] "GET /robots.txt HTTP/1.0" 200 120
crawl817.us.archive.org - - [13/Oct/2017:02:55:04 +0200] "GET / HTTP/1.0" 200 35804
