msnbot-157-55-39-190.search.msn.com - - [26/Nov/2017:18:06:54 +0100] "GET /templates/creator/m_f/fa/fa7/164/assets/wp-menu.js?v=1483633820 HTTP/1.1" 200 1089
msnbot-157-55-39-190.search.msn.com - - [26/Nov/2017:18:06:54 +0100] "GET /templates/creator/m_f/fa/fa7/164/css/style.min.css?v=1483633820 HTTP/1.1" 200 847
msnbot-207-46-13-119.search.msn.com - - [26/Nov/2017:18:06:55 +0100] "GET /templates/creator/m_f/fa/fa7/164/css/main.min.css?v=1483633820 HTTP/1.1" 200 1797
msnbot-157-55-39-65.search.msn.com - - [26/Nov/2017:18:06:58 +0100] "GET /css/skeleton.css HTTP/1.1" 200 3511
msnbot-157-55-39-65.search.msn.com - - [26/Nov/2017:18:06:59 +0100] "GET /js/footer/build_social_entries.min.js?v=6.6.7.2.41064 HTTP/1.1" 200 278
msnbot-157-55-39-65.search.msn.com - - [26/Nov/2017:18:06:59 +0100] "GET /templates/creator/m_f/fa/fa7/164/assets/respond.min.js?v=1483633820 HTTP/1.1" 200 2085
msnbot-157-55-39-65.search.msn.com - - [26/Nov/2017:18:06:59 +0100] "GET /templates/creator/m_f/fa/fa7/164/assets/slide.js?v=1483633820 HTTP/1.1" 200 662
msnbot-157-55-39-65.search.msn.com - - [26/Nov/2017:18:06:59 +0100] "GET /js/functions_stripped.js?v=6.6.7.2.41064 HTTP/1.1" 200 3186
msnbot-40-77-167-30.search.msn.com - - [26/Nov/2017:18:09:21 +0100] "GET /robots.txt HTTP/1.1" 200 80
msnbot-40-77-167-30.search.msn.com - - [26/Nov/2017:18:09:24 +0100] "GET /css/widgets/concat_widget.min.css?v=6.6.7.2.41064 HTTP/1.1" 200 24507
msnbot-40-77-167-30.search.msn.com - - [26/Nov/2017:18:10:23 +0100] "GET /js/footer/get_deps.min.js?v=6.6.7.2.41064 HTTP/1.1" 200 157
msnbot-40-77-167-30.search.msn.com - - [26/Nov/2017:18:10:24 +0100] "GET /js/jquery.lazyload.min.js?v=6.6.7.2.41064 HTTP/1.1" 200 1283
27.104.5.85.dynamic.wline.res.cust.swisscom.ch - - [26/Nov/2017:18:22:38 +0100] "GET / HTTP/1.1" 200 6401
27.104.5.85.dynamic.wline.res.cust.swisscom.ch - - [26/Nov/2017:18:22:39 +0100] "GET /templates/creator/m_f/fa/fa7/164/css/main.min.css?v=1483633820 HTTP/1.1" 200 1797
27.104.5.85.dynamic.wline.res.cust.swisscom.ch - - [26/Nov/2017:18:22:39 +0100] "GET /templates/creator/m_f/fa/fa7/164/css/style.min.css?v=1483633820 HTTP/1.1" 200 847
27.104.5.85.dynamic.wline.res.cust.swisscom.ch - - [26/Nov/2017:18:22:39 +0100] "GET /templates/creator/m_f/fa/fa7/164/assets/tab_l_bottom.png HTTP/1.1" 200 1751
27.104.5.85.dynamic.wline.res.cust.swisscom.ch - - [26/Nov/2017:18:22:39 +0100] "GET /templates/creator/m_f/fa/fa7/164/assets/bt_close.png HTTP/1.1" 200 2150
27.104.5.85.dynamic.wline.res.cust.swisscom.ch - - [26/Nov/2017:18:22:39 +0100] "GET /var/m_0/0d/0dd/12455/6564603-SK_Tro_Head.jpg HTTP/1.1" 200 136780
27.104.5.85.dynamic.wline.res.cust.swisscom.ch - - [26/Nov/2017:18:22:39 +0100] "GET /var/m_0/0d/0dd/12455/7230972-19_Matchracing.jpg HTTP/1.1" 200 55347
27.104.5.85.dynamic.wline.res.cust.swisscom.ch - - [26/Nov/2017:18:22:39 +0100] "GET /js/footer/build_social_entries.min.js?v=6.6.7.2.41064 HTTP/1.1" 200 278
27.104.5.85.dynamic.wline.res.cust.swisscom.ch - - [26/Nov/2017:18:22:39 +0100] "GET /templates/creator/m_f/fa/fa7/164/assets/slide.js?v=1483633820 HTTP/1.1" 200 662
27.104.5.85.dynamic.wline.res.cust.swisscom.ch - - [26/Nov/2017:18:22:39 +0100] "GET /js/functions_stripped.js?v=6.6.7.2.41064 HTTP/1.1" 200 3186
27.104.5.85.dynamic.wline.res.cust.swisscom.ch - - [26/Nov/2017:18:22:39 +0100] "GET /js/jquery.lazyload.min.js?v=6.6.7.2.41064 HTTP/1.1" 200 1283
27.104.5.85.dynamic.wline.res.cust.swisscom.ch - - [26/Nov/2017:18:22:39 +0100] "GET /var/m_0/0d/0dd/12455/143351-Header_Segelschule.jpg HTTP/1.1" 200 107532
27.104.5.85.dynamic.wline.res.cust.swisscom.ch - - [26/Nov/2017:18:22:39 +0100] "GET /templates/creator/m_f/fa/fa7/164/assets/tab_b_bottom.png HTTP/1.1" 200 962
27.104.5.85.dynamic.wline.res.cust.swisscom.ch - - [26/Nov/2017:18:22:39 +0100] "GET /var/m_0/0d/0dd/12455/125494-14_Vermietung.JPG HTTP/1.1" 200 95115
27.104.5.85.dynamic.wline.res.cust.swisscom.ch - - [26/Nov/2017:18:22:39 +0100] "GET /var/m_0/0d/0dd/12455/125495-15_Event.JPG HTTP/1.1" 200 59088
27.104.5.85.dynamic.wline.res.cust.swisscom.ch - - [26/Nov/2017:18:22:39 +0100] "GET /css/skeleton.css HTTP/1.1" 200 3511
27.104.5.85.dynamic.wline.res.cust.swisscom.ch - - [26/Nov/2017:18:22:39 +0100] "GET /templates/creator/m_f/fa/fa7/164/assets/respond.min.js?v=1483633820 HTTP/1.1" 200 2085
27.104.5.85.dynamic.wline.res.cust.swisscom.ch - - [26/Nov/2017:18:22:39 +0100] "GET /templates/creator/m_f/fa/fa7/164/assets/bt_open.png HTTP/1.1" 200 2044
27.104.5.85.dynamic.wline.res.cust.swisscom.ch - - [26/Nov/2017:18:22:39 +0100] "GET /templates/creator/m_f/fa/fa7/164/assets/tab_m_bottom.png HTTP/1.1" 200 1000
27.104.5.85.dynamic.wline.res.cust.swisscom.ch - - [26/Nov/2017:18:22:39 +0100] "GET /var/m_0/0d/0dd/12455/8218280-65_Regatta.JPG HTTP/1.1" 200 192350
27.104.5.85.dynamic.wline.res.cust.swisscom.ch - - [26/Nov/2017:18:22:39 +0100] "GET /var/m_0/0d/0dd/12455/125493-13_Kurse.JPG HTTP/1.1" 200 70517
27.104.5.85.dynamic.wline.res.cust.swisscom.ch - - [26/Nov/2017:18:22:39 +0100] "GET /css/widgets/concat_widget.min.css?v=6.6.7.2.41064 HTTP/1.1" 200 24507
27.104.5.85.dynamic.wline.res.cust.swisscom.ch - - [26/Nov/2017:18:22:39 +0100] "GET /js/footer/get_deps.min.js?v=6.6.7.2.41064 HTTP/1.1" 200 157
27.104.5.85.dynamic.wline.res.cust.swisscom.ch - - [26/Nov/2017:18:22:39 +0100] "GET /templates/creator/m_f/fa/fa7/164/assets/wp-menu.js?v=1483633820 HTTP/1.1" 200 1089
27.104.5.85.dynamic.wline.res.cust.swisscom.ch - - [26/Nov/2017:18:22:39 +0100] "GET /templates/creator/m_f/fa/fa7/164/assets/tab_r_bottom.png HTTP/1.1" 200 1803
27.104.5.85.dynamic.wline.res.cust.swisscom.ch - - [26/Nov/2017:18:22:39 +0100] "GET /var/m_0/0d/0dd/12455/8254793-J70_Davos.w640.jpg HTTP/1.1" 200 77993
27.104.5.85.dynamic.wline.res.cust.swisscom.ch - - [26/Nov/2017:18:22:41 +0100] "GET /templates/resellers/7/favicon.ico?v=1506170298 HTTP/1.1" 200 4286
27.104.5.85.dynamic.wline.res.cust.swisscom.ch - - [26/Nov/2017:18:22:49 +0100] "GET /var/m_0/0d/0dd/12455/143586-SP_DK1.jpg HTTP/1.1" 200 3071
27.104.5.85.dynamic.wline.res.cust.swisscom.ch - - [26/Nov/2017:18:22:50 +0100] "GET /var/m_0/0d/0dd/12455/143580-SP_Heierling1.jpg HTTP/1.1" 200 2613
27.104.5.85.dynamic.wline.res.cust.swisscom.ch - - [26/Nov/2017:18:22:50 +0100] "GET /var/m_0/0d/0dd/12455/143584-SP_Lemm1.jpg HTTP/1.1" 200 2321
27.104.5.85.dynamic.wline.res.cust.swisscom.ch - - [26/Nov/2017:18:22:50 +0100] "GET /var/m_0/0d/0dd/12455/8288159-EWD_rgb_pos.jpg HTTP/1.1" 200 207458
27.104.5.85.dynamic.wline.res.cust.swisscom.ch - - [26/Nov/2017:18:22:51 +0100] "GET /var/m_0/0d/0dd/12455/143582-SP_Gipfel1.jpg HTTP/1.1" 200 2688
27.104.5.85.dynamic.wline.res.cust.swisscom.ch - - [26/Nov/2017:18:22:59 +0100] "GET /vermietung HTTP/1.1" 200 5072
27.104.5.85.dynamic.wline.res.cust.swisscom.ch - - [26/Nov/2017:18:22:59 +0100] "GET /var/m_0/0d/0dd/12455/143352-Header_Segelschule_2.jpg HTTP/1.1" 200 107532
27.104.5.85.dynamic.wline.res.cust.swisscom.ch - - [26/Nov/2017:18:23:00 +0100] "GET /var/m_0/0d/0dd/12455/125501-34_Laser.jpg HTTP/1.1" 200 52750
27.104.5.85.dynamic.wline.res.cust.swisscom.ch - - [26/Nov/2017:18:23:00 +0100] "GET /var/m_0/0d/0dd/12455/125500-33_Opti.jpg HTTP/1.1" 200 104538
27.104.5.85.dynamic.wline.res.cust.swisscom.ch - - [26/Nov/2017:18:23:00 +0100] "GET /var/m_0/0d/0dd/12455/125499-32_Smartkat.JPG HTTP/1.1" 200 60966
27.104.5.85.dynamic.wline.res.cust.swisscom.ch - - [26/Nov/2017:18:23:00 +0100] "GET /var/m_0/0d/0dd/12455/125498-31_Sprinto.JPG HTTP/1.1" 200 60889
27.104.5.85.dynamic.wline.res.cust.swisscom.ch - - [26/Nov/2017:18:23:00 +0100] "GET /var/m_0/0d/0dd/12455/7441141-37_Pedalo.jpg HTTP/1.1" 200 195132
27.104.5.85.dynamic.wline.res.cust.swisscom.ch - - [26/Nov/2017:18:23:00 +0100] "GET /templates/resellers/7/favicon.ico?v=1506453091 HTTP/1.1" 200 4286
27.104.5.85.dynamic.wline.res.cust.swisscom.ch - - [26/Nov/2017:18:24:19 +0100] "GET / HTTP/1.1" 200 6401
crawl-66-249-64-29.googlebot.com - - [26/Nov/2017:18:32:48 +0100] "GET /index.php?option=com_weblinks&Itemid=29 HTTP/1.1" 302 -
crawl-66-249-64-30.googlebot.com - - [26/Nov/2017:18:32:50 +0100] "GET / HTTP/1.1" 200 6440
crawl-66-249-64-29.googlebot.com - - [26/Nov/2017:18:32:53 +0100] "GET /css/widgets/concat_widget.min.css?v=6.6.7.2.41064 HTTP/1.1" 200 24507
46-119-120-50.broadband.kyivstar.net - - [26/Nov/2017:18:49:36 +0100] "GET / HTTP/1.1" 200 35804
46-119-120-50.broadband.kyivstar.net - - [26/Nov/2017:18:49:38 +0100] "GET / HTTP/1.1" 200 35804
46-119-120-50.broadband.kyivstar.net - - [26/Nov/2017:18:49:39 +0100] "GET / HTTP/1.1" 200 35804
