acontecendo-199-53-154-195.acontecendoagora.com.br - - [09/Dec/2017:11:00:24 +0100] "GET / HTTP/1.1" 200 35804
acontecendo-199-53-154-195.acontecendoagora.com.br - - [09/Dec/2017:11:00:25 +0100] "GET /%C3%BCber-uns.shtml HTTP/1.1" 200 21862
acontecendo-199-53-154-195.acontecendoagora.com.br - - [09/Dec/2017:11:00:26 +0100] "GET /aktuelles-wetter.shtml HTTP/1.1" 200 18388
acontecendo-199-53-154-195.acontecendoagora.com.br - - [09/Dec/2017:11:00:27 +0100] "GET /davosersee.shtml HTTP/1.1" 200 19505
acontecendo-199-53-154-195.acontecendoagora.com.br - - [09/Dec/2017:11:00:28 +0100] "GET /event-matchracing.shtml HTTP/1.1" 200 21251
acontecendo-199-53-154-195.acontecendoagora.com.br - - [09/Dec/2017:11:00:28 +0100] "GET /event-gruppesmartkat.shtml HTTP/1.1" 200 21256
acontecendo-199-53-154-195.acontecendoagora.com.br - - [09/Dec/2017:11:00:29 +0100] "GET /flotte.shtml HTTP/1.1" 200 29241
acontecendo-199-53-154-195.acontecendoagora.com.br - - [09/Dec/2017:11:00:29 +0100] "GET /event-pedalo.shtml HTTP/1.1" 200 20248
acontecendo-199-53-154-195.acontecendoagora.com.br - - [09/Dec/2017:11:00:29 +0100] "GET /events.shtml HTTP/1.1" 200 22514
acontecendo-199-53-154-195.acontecendoagora.com.br - - [09/Dec/2017:11:00:30 +0100] "GET /galerie-matchracing.shtml HTTP/1.1" 200 21704
acontecendo-199-53-154-195.acontecendoagora.com.br - - [09/Dec/2017:11:00:30 +0100] "GET /galerie-gruppesmartkat.shtml HTTP/1.1" 200 20574
acontecendo-199-53-154-195.acontecendoagora.com.br - - [09/Dec/2017:11:00:31 +0100] "GET /galerie-sktrophy-2014.shtml HTTP/1.1" 200 29913
acontecendo-199-53-154-195.acontecendoagora.com.br - - [09/Dec/2017:11:00:31 +0100] "GET /galerie-sktrophy-2015.shtml HTTP/1.1" 200 49420
acontecendo-199-53-154-195.acontecendoagora.com.br - - [09/Dec/2017:11:00:32 +0100] "GET /kursanmeldung.shtml HTTP/1.1" 200 49926
acontecendo-199-53-154-195.acontecendoagora.com.br - - [09/Dec/2017:11:00:32 +0100] "GET /galerie.shtml HTTP/1.1" 200 22747
acontecendo-199-53-154-195.acontecendoagora.com.br - - [09/Dec/2017:11:00:32 +0100] "GET /kinder-segelkurs.shtml HTTP/1.1" 200 19898
acontecendo-199-53-154-195.acontecendoagora.com.br - - [09/Dec/2017:11:00:33 +0100] "GET /pruefungskurs.shtml HTTP/1.1" 200 23039
acontecendo-199-53-154-195.acontecendoagora.com.br - - [09/Dec/2017:11:00:33 +0100] "GET /kurse.shtml HTTP/1.1" 200 31031
acontecendo-199-53-154-195.acontecendoagora.com.br - - [09/Dec/2017:11:00:33 +0100] "GET /optikurse-2014.shtml HTTP/1.1" 200 26353
acontecendo-199-53-154-195.acontecendoagora.com.br - - [09/Dec/2017:11:00:34 +0100] "GET /segelkurs-jollesmartkat.shtml HTTP/1.1" 200 19993
acontecendo-199-53-154-195.acontecendoagora.com.br - - [09/Dec/2017:11:00:34 +0100] "GET /segel-grundkurs.shtml HTTP/1.1" 200 21440
acontecendo-199-53-154-195.acontecendoagora.com.br - - [09/Dec/2017:11:00:35 +0100] "GET /vermietung.shtml HTTP/1.1" 200 25728
acontecendo-199-53-154-195.acontecendoagora.com.br - - [09/Dec/2017:11:00:35 +0100] "GET /standort.shtml HTTP/1.1" 200 17547
acontecendo-199-53-154-195.acontecendoagora.com.br - - [09/Dec/2017:11:00:35 +0100] "GET /smartkat-crashkurs.shtml HTTP/1.1" 200 17863
acontecendo-199-53-154-195.acontecendoagora.com.br - - [09/Dec/2017:11:00:36 +0100] "GET /js/jquery.lazyload.min.js?v=6.6.7.2.41064 HTTP/1.1" 200 3342
acontecendo-199-53-154-195.acontecendoagora.com.br - - [09/Dec/2017:11:00:36 +0100] "GET /js/functions_stripped.js?v=6.6.7.2.41064 HTTP/1.1" 200 7672
acontecendo-199-53-154-195.acontecendoagora.com.br - - [09/Dec/2017:11:00:36 +0100] "GET /Perspectiva.html? HTTP/1.1" 200 18069
acontecendo-199-53-154-195.acontecendoagora.com.br - - [09/Dec/2017:11:00:37 +0100] "GET /aktuelles-wetter HTTP/1.1" 200 18388
msnbot-207-46-13-31.search.msn.com - - [09/Dec/2017:11:02:39 +0100] "GET / HTTP/1.1" 200 6440
msnbot-157-55-39-51.search.msn.com - - [09/Dec/2017:11:13:22 +0100] "GET /robots.txt HTTP/1.1" 200 80
msnbot-40-77-167-47.search.msn.com - - [09/Dec/2017:11:17:13 +0100] "GET / HTTP/1.1" 200 6440
msnbot-40-77-167-182.search.msn.com - - [09/Dec/2017:11:36:21 +0100] "GET /%C3%83%C6%92%C3%86%E2%80%99%C3%83%E2%80%9A%C3%82%C2%BCber-uns HTTP/1.1" 200 4296
b115340.yse.yahoo.net - - [09/Dec/2017:11:36:32 +0100] "GET /pruefungskurs.shtml HTTP/1.1" 200 5895
msnbot-40-77-167-47.search.msn.com - - [09/Dec/2017:11:37:43 +0100] "GET /var/m_0/0d/0dd/12455/7230972-19_Matchracing.jpg HTTP/1.1" 200 55347
b115340.yse.yahoo.net - - [09/Dec/2017:11:52:45 +0100] "GET /kurse.shtml HTTP/1.1" 200 6280
