10.116.192.178.dynamic.wline.res.cust.swisscom.ch - - [04/Oct/2017:11:08:58 +0200] "GET /var/m_0/0d/0dd/12455/126126-43_See.JPG HTTP/1.1" 200 86511
hydrogen290.a.ahrefs.com - - [04/Oct/2017:11:12:05 +0200] "GET /var/m_0/0d/0dd/12455/143504-G1_SKT2014_26.JPG HTTP/1.1" 200 144091
crawl-66-249-64-29.googlebot.com - - [04/Oct/2017:11:14:21 +0200] "GET /var/m_0/0d/0dd/12455/6564603-SK_Tro_Head.jpg HTTP/1.1" 304 -
msnbot-40-77-167-55.search.msn.com - - [04/Oct/2017:11:17:23 +0200] "GET /event-pedalo.shtml HTTP/1.1" 200 5342
104.15.127.176.dynamic.wline.res.cust.swisscom.ch - - [04/Oct/2017:11:39:52 +0200] "GET / HTTP/1.1" 200 6440
104.15.127.176.dynamic.wline.res.cust.swisscom.ch - - [04/Oct/2017:11:39:53 +0200] "GET /js/footer/build_social_entries.min.js?v=6.6.7.2.41064 HTTP/1.1" 200 278
104.15.127.176.dynamic.wline.res.cust.swisscom.ch - - [04/Oct/2017:11:39:53 +0200] "GET /templates/creator/m_f/fa/fa7/164/assets/slide.js?v=1483633820 HTTP/1.1" 200 662
104.15.127.176.dynamic.wline.res.cust.swisscom.ch - - [04/Oct/2017:11:39:53 +0200] "GET /var/m_0/0d/0dd/12455/8218280-65_Regatta.JPG HTTP/1.1" 200 192350
104.15.127.176.dynamic.wline.res.cust.swisscom.ch - - [04/Oct/2017:11:39:53 +0200] "GET /var/m_0/0d/0dd/12455/8288159-EWD_rgb_pos.jpg HTTP/1.1" 200 207458
104.15.127.176.dynamic.wline.res.cust.swisscom.ch - - [04/Oct/2017:11:39:53 +0200] "GET /css/widgets/concat_widget.min.css?v=6.6.7.2.41064 HTTP/1.1" 200 24507
104.15.127.176.dynamic.wline.res.cust.swisscom.ch - - [04/Oct/2017:11:39:53 +0200] "GET /css/skeleton.css HTTP/1.1" 200 3511
104.15.127.176.dynamic.wline.res.cust.swisscom.ch - - [04/Oct/2017:11:39:53 +0200] "GET /templates/creator/m_f/fa/fa7/164/assets/wp-menu.js?v=1483633820 HTTP/1.1" 200 1089
104.15.127.176.dynamic.wline.res.cust.swisscom.ch - - [04/Oct/2017:11:39:53 +0200] "GET /js/jquery.lazyload.min.js?v=6.6.7.2.41064 HTTP/1.1" 200 1283
104.15.127.176.dynamic.wline.res.cust.swisscom.ch - - [04/Oct/2017:11:39:53 +0200] "GET /var/m_0/0d/0dd/12455/143351-Header_Segelschule.jpg HTTP/1.1" 200 107532
104.15.127.176.dynamic.wline.res.cust.swisscom.ch - - [04/Oct/2017:11:39:53 +0200] "GET /var/m_0/0d/0dd/12455/6564603-SK_Tro_Head.jpg HTTP/1.1" 200 136780
104.15.127.176.dynamic.wline.res.cust.swisscom.ch - - [04/Oct/2017:11:39:53 +0200] "GET /var/m_0/0d/0dd/12455/125493-13_Kurse.JPG HTTP/1.1" 200 70517
104.15.127.176.dynamic.wline.res.cust.swisscom.ch - - [04/Oct/2017:11:39:53 +0200] "GET /var/m_0/0d/0dd/12455/125494-14_Vermietung.JPG HTTP/1.1" 200 95115
104.15.127.176.dynamic.wline.res.cust.swisscom.ch - - [04/Oct/2017:11:39:53 +0200] "GET /var/m_0/0d/0dd/12455/125495-15_Event.JPG HTTP/1.1" 200 59088
104.15.127.176.dynamic.wline.res.cust.swisscom.ch - - [04/Oct/2017:11:39:53 +0200] "GET /var/m_0/0d/0dd/12455/143586-SP_DK1.jpg HTTP/1.1" 200 3071
104.15.127.176.dynamic.wline.res.cust.swisscom.ch - - [04/Oct/2017:11:39:53 +0200] "GET /var/m_0/0d/0dd/12455/143584-SP_Lemm1.jpg HTTP/1.1" 200 2321
104.15.127.176.dynamic.wline.res.cust.swisscom.ch - - [04/Oct/2017:11:39:53 +0200] "GET /var/m_0/0d/0dd/12455/143582-SP_Gipfel1.jpg HTTP/1.1" 200 2688
104.15.127.176.dynamic.wline.res.cust.swisscom.ch - - [04/Oct/2017:11:39:53 +0200] "GET /templates/creator/m_f/fa/fa7/164/css/style.min.css?v=1483633820 HTTP/1.1" 200 847
104.15.127.176.dynamic.wline.res.cust.swisscom.ch - - [04/Oct/2017:11:39:53 +0200] "GET /templates/creator/m_f/fa/fa7/164/assets/respond.min.js?v=1483633820 HTTP/1.1" 200 2085
104.15.127.176.dynamic.wline.res.cust.swisscom.ch - - [04/Oct/2017:11:39:53 +0200] "GET /var/m_0/0d/0dd/12455/8254793-J70_Davos.w1024.jpg HTTP/1.1" 200 191999
104.15.127.176.dynamic.wline.res.cust.swisscom.ch - - [04/Oct/2017:11:42:03 +0200] "GET /templates/creator/m_f/fa/fa7/164/assets/bt_open.png HTTP/1.1" 200 2044
104.15.127.176.dynamic.wline.res.cust.swisscom.ch - - [04/Oct/2017:11:42:03 +0200] "GET /templates/creator/m_f/fa/fa7/164/assets/tab_r_bottom.png HTTP/1.1" 200 1803
104.15.127.176.dynamic.wline.res.cust.swisscom.ch - - [04/Oct/2017:11:42:03 +0200] "GET /templates/creator/m_f/fa/fa7/164/assets/tab_m_bottom.png HTTP/1.1" 200 1000
104.15.127.176.dynamic.wline.res.cust.swisscom.ch - - [04/Oct/2017:11:42:03 +0200] "GET /templates/creator/m_f/fa/fa7/164/assets/tab_l_bottom.png HTTP/1.1" 200 1751
104.15.127.176.dynamic.wline.res.cust.swisscom.ch - - [04/Oct/2017:11:42:03 +0200] "GET /templates/creator/m_f/fa/fa7/164/assets/tab_b_bottom.png HTTP/1.1" 200 962
crawl-66-249-64-29.googlebot.com - - [04/Oct/2017:11:42:35 +0200] "GET /var/m_0/0d/0dd/12455/143584-SP_Lemm1.jpg HTTP/1.1" 304 -
