hydrogen069.a.ahrefs.com - - [03/Oct/2017:14:13:41 +0200] "GET /events HTTP/1.1" 200 5296
ip5657c507.direct-adsl.nl - - [03/Oct/2017:14:35:58 +0200] "GET / HTTP/1.1" 200 35804
ip5657c507.direct-adsl.nl - - [03/Oct/2017:14:36:04 +0200] "GET /events.shtml HTTP/1.1" 200 22514
ip5657c507.direct-adsl.nl - - [03/Oct/2017:14:36:21 +0200] "GET /galerie.shtml HTTP/1.1" 200 22747
ip5657c507.direct-adsl.nl - - [03/Oct/2017:14:36:21 +0200] "GET /kurse.shtml HTTP/1.1" 200 31031
ip5657c507.direct-adsl.nl - - [03/Oct/2017:14:36:22 +0200] "GET /vermietung.shtml HTTP/1.1" 200 25728
ip5657c507.direct-adsl.nl - - [03/Oct/2017:14:36:26 +0200] "GET /galerie-gruppesmartkat.shtml HTTP/1.1" 200 20574
ip5657c507.direct-adsl.nl - - [03/Oct/2017:14:36:26 +0200] "GET /galerie-matchracing.shtml HTTP/1.1" 200 21704
ip5657c507.direct-adsl.nl - - [03/Oct/2017:14:36:27 +0200] "GET /galerie-sktrophy-2014.shtml HTTP/1.1" 200 29913
ip5657c507.direct-adsl.nl - - [03/Oct/2017:14:36:32 +0200] "GET /galerie-sktrophy-2015.shtml HTTP/1.1" 200 49420
ip5657c507.direct-adsl.nl - - [03/Oct/2017:14:36:53 +0200] "GET /optikurse-2014.shtml HTTP/1.1" 200 26353
ip5657c507.direct-adsl.nl - - [03/Oct/2017:14:37:01 +0200] "GET /kinder-segelkurs.shtml HTTP/1.1" 200 19898
ip5657c507.direct-adsl.nl - - [03/Oct/2017:14:37:03 +0200] "GET /pruefungskurs.shtml HTTP/1.1" 200 23039
ip5657c507.direct-adsl.nl - - [03/Oct/2017:14:37:19 +0200] "GET /segel-grundkurs.shtml HTTP/1.1" 200 21440
ip5657c507.direct-adsl.nl - - [03/Oct/2017:14:37:26 +0200] "GET /segelkurs-jollesmartkat.shtml HTTP/1.1" 200 19993
ip5657c507.direct-adsl.nl - - [03/Oct/2017:14:37:31 +0200] "GET /smartkat-crashkurs.shtml HTTP/1.1" 200 17863
ip5657c507.direct-adsl.nl - - [03/Oct/2017:14:37:34 +0200] "GET /event-gruppesmartkat.shtml HTTP/1.1" 200 21256
ip5657c507.direct-adsl.nl - - [03/Oct/2017:14:37:37 +0200] "GET /event-matchracing.shtml HTTP/1.1" 200 21251
ip5657c507.direct-adsl.nl - - [03/Oct/2017:14:37:38 +0200] "GET /flotte.shtml HTTP/1.1" 200 29241
ip5657c507.direct-adsl.nl - - [03/Oct/2017:14:37:39 +0200] "GET /js/functions_stripped.js?v=6.6.7.2.41064 HTTP/1.1" 200 7672
ip5657c507.direct-adsl.nl - - [03/Oct/2017:14:37:39 +0200] "GET /Perspectiva.html? HTTP/1.1" 200 18069
ip5657c507.direct-adsl.nl - - [03/Oct/2017:14:37:58 +0200] "GET /js/jquery.lazyload.min.js?v=6.6.7.2.41064 HTTP/1.1" 200 3342
ip5657c507.direct-adsl.nl - - [03/Oct/2017:14:37:59 +0200] "GET /js/).html(a);null==$( HTTP/1.1" 200 219
ip5657c507.direct-adsl.nl - - [03/Oct/2017:14:38:26 +0200] "GET /js/index.php?sid=46&lang=en&item=1&act=users&ajax=state HTTP/1.1" 200 210
ip5657c507.direct-adsl.nl - - [03/Oct/2017:14:38:42 +0200] "GET /js/footer/build_social_entries.min.js?v=6.6.7.2.41064 HTTP/1.1" 200 766
ip5657c507.direct-adsl.nl - - [03/Oct/2017:14:38:43 +0200] "GET /js/efu/main.min.js?v=6.6.7.2.41064 HTTP/1.1" 200 4962
ip5657c507.direct-adsl.nl - - [03/Oct/2017:14:38:43 +0200] "GET /js/footer/get_deps.min.js?v=6.6.7.2.41064 HTTP/1.1" 200 149
ip5657c507.direct-adsl.nl - - [03/Oct/2017:14:38:43 +0200] "GET /js/efu/w.gallery.min.js?v=6.6.7.2.41064 HTTP/1.1" 200 233
ip5657c507.direct-adsl.nl - - [03/Oct/2017:14:38:44 +0200] "GET /js/fancybox2/jquery.fancybox.min.js?v=6.6.7.2.41064 HTTP/1.1" 200 17187
ip5657c507.direct-adsl.nl - - [03/Oct/2017:14:38:44 +0200] "GET /js/galleryLightbox/gallery-paging.min.js?v=6.6.7.2.41064 HTTP/1.1" 200 2904
ip5657c507.direct-adsl.nl - - [03/Oct/2017:14:38:45 +0200] "GET /js/wpservice/controller.php HTTP/1.1" 200 225
138-201-133-216.crawler.sistrix.net - - [03/Oct/2017:14:45:29 +0200] "GET /robots.txt HTTP/1.1" 200 120
138-201-133-216.crawler.sistrix.net - - [03/Oct/2017:14:45:28 +0200] "GET /kurse.shtml HTTP/1.1" 200 31031
