crawl-66-249-64-28.googlebot.com - - [07/Dec/2017:00:08:16 +0100] "GET /templates/creator/m_f/fa/fa7/164/css/main.min.css?v=1483633820 HTTP/1.1" 200 1797
crawl-66-249-64-28.googlebot.com - - [07/Dec/2017:00:08:17 +0100] "GET /templates/creator/m_f/fa/fa7/164/css/style.min.css?v=1483633820 HTTP/1.1" 200 847
fulltextrobot-77-75-76-165.seznam.cz - - [07/Dec/2017:00:38:14 +0100] "GET /robots.txt HTTP/1.1" 200 80
fulltextrobot-77-75-76-165.seznam.cz - - [07/Dec/2017:00:38:15 +0100] "GET /events.shtml HTTP/1.1" 200 5297
ip64.ip-54-36-24.eu - - [07/Dec/2017:00:50:09 +0100] "GET /events.shtml HTTP/1.1" 200 22514
ip64.ip-54-36-24.eu - - [07/Dec/2017:00:50:08 +0100] "GET / HTTP/1.1" 200 35804
ip64.ip-54-36-24.eu - - [07/Dec/2017:00:50:10 +0100] "GET /event-gruppesmartkat.shtml HTTP/1.1" 200 21256
ip64.ip-54-36-24.eu - - [07/Dec/2017:00:50:10 +0100] "GET /galerie.shtml HTTP/1.1" 200 22747
ip64.ip-54-36-24.eu - - [07/Dec/2017:00:50:10 +0100] "GET /vermietung.shtml HTTP/1.1" 200 25728
ip64.ip-54-36-24.eu - - [07/Dec/2017:00:50:10 +0100] "GET /kurse.shtml HTTP/1.1" 200 31031
ip64.ip-54-36-24.eu - - [07/Dec/2017:00:50:11 +0100] "GET /event-matchracing.shtml HTTP/1.1" 200 21251
ip64.ip-54-36-24.eu - - [07/Dec/2017:00:50:11 +0100] "GET /event-pedalo.shtml HTTP/1.1" 200 20248
ip64.ip-54-36-24.eu - - [07/Dec/2017:00:50:11 +0100] "GET /galerie-gruppesmartkat.shtml HTTP/1.1" 200 20574
ip64.ip-54-36-24.eu - - [07/Dec/2017:00:50:12 +0100] "GET /kinder-segelkurs.shtml HTTP/1.1" 200 19898
ip64.ip-54-36-24.eu - - [07/Dec/2017:00:50:12 +0100] "GET /galerie-sktrophy-2014.shtml HTTP/1.1" 200 29913
ip64.ip-54-36-24.eu - - [07/Dec/2017:00:50:12 +0100] "GET /optikurse-2014.shtml HTTP/1.1" 200 26353
ip64.ip-54-36-24.eu - - [07/Dec/2017:00:50:12 +0100] "GET /pruefungskurs.shtml HTTP/1.1" 200 23039
ip64.ip-54-36-24.eu - - [07/Dec/2017:00:50:12 +0100] "GET /galerie-matchracing.shtml HTTP/1.1" 200 21704
ip64.ip-54-36-24.eu - - [07/Dec/2017:00:50:12 +0100] "GET /segel-grundkurs.shtml HTTP/1.1" 200 21440
ip64.ip-54-36-24.eu - - [07/Dec/2017:00:50:12 +0100] "GET /galerie-sktrophy-2015.shtml HTTP/1.1" 200 49420
ip64.ip-54-36-24.eu - - [07/Dec/2017:00:50:12 +0100] "GET /segelkurs-jollesmartkat.shtml HTTP/1.1" 200 19993
ip64.ip-54-36-24.eu - - [07/Dec/2017:00:50:13 +0100] "GET /js/functions_stripped.js?v=6.6.7.2.41064 HTTP/1.1" 200 7672
ip64.ip-54-36-24.eu - - [07/Dec/2017:00:50:13 +0100] "GET /js/).html(a);null==$( HTTP/1.1" 200 219
ip64.ip-54-36-24.eu - - [07/Dec/2017:00:50:13 +0100] "GET /flotte.shtml HTTP/1.1" 200 29241
ip64.ip-54-36-24.eu - - [07/Dec/2017:00:50:13 +0100] "GET /smartkat-crashkurs.shtml HTTP/1.1" 200 17863
ip64.ip-54-36-24.eu - - [07/Dec/2017:00:50:13 +0100] "GET /js/jquery.lazyload.min.js?v=6.6.7.2.41064 HTTP/1.1" 200 3342
ip64.ip-54-36-24.eu - - [07/Dec/2017:00:50:13 +0100] "GET /davosersee HTTP/1.1" 200 19505
ip64.ip-54-36-24.eu - - [07/Dec/2017:00:50:13 +0100] "GET /event-gruppesmartkat HTTP/1.1" 200 21256
ip64.ip-54-36-24.eu - - [07/Dec/2017:00:50:13 +0100] "GET /Perspectiva.html? HTTP/1.1" 200 18069
ip64.ip-54-36-24.eu - - [07/Dec/2017:00:50:13 +0100] "GET /aktuelles-wetter HTTP/1.1" 200 18388
ip64.ip-54-36-24.eu - - [07/Dec/2017:00:50:14 +0100] "GET /events HTTP/1.1" 200 22514
ip64.ip-54-36-24.eu - - [07/Dec/2017:00:50:14 +0100] "GET /flotte HTTP/1.1" 200 29385
ip64.ip-54-36-24.eu - - [07/Dec/2017:00:50:14 +0100] "GET /event-matchracing HTTP/1.1" 200 21251
ip64.ip-54-36-24.eu - - [07/Dec/2017:00:50:14 +0100] "GET /event-pedalo HTTP/1.1" 200 20248
msnbot-207-46-13-182.search.msn.com - - [07/Dec/2017:00:57:04 +0100] "GET / HTTP/1.1" 200 6440
