msnbot-157-55-39-204.search.msn.com - - [28/Sep/2017:20:05:10 +0200] "GET / HTTP/1.1" 200 6440
195.141.126.4 - - [28/Sep/2017:20:09:34 +0200] "GET /vermietung.shtml HTTP/1.1" 200 25728
msnbot-207-46-13-157.search.msn.com - - [28/Sep/2017:20:12:55 +0200] "GET /aktuelles-wetter.shtml HTTP/1.1" 200 4556
msnbot-157-55-39-204.search.msn.com - - [28/Sep/2017:20:13:16 +0200] "GET /css/skeleton.css HTTP/1.1" 200 3511
msnbot-157-55-39-204.search.msn.com - - [28/Sep/2017:20:13:16 +0200] "GET /templates/creator/m_f/fa/fa7/164/assets/bt_open.png HTTP/1.1" 200 2044
msnbot-157-55-39-204.search.msn.com - - [28/Sep/2017:20:13:16 +0200] "GET /var/m_0/0d/0dd/12455/143352-Header_Segelschule_2.jpg HTTP/1.1" 200 107532
msnbot-207-46-13-157.search.msn.com - - [28/Sep/2017:20:13:20 +0200] "GET /templates/creator/m_f/fa/fa7/164/assets/tab_r_bottom.png HTTP/1.1" 200 1803
msnbot-207-46-13-157.search.msn.com - - [28/Sep/2017:20:13:20 +0200] "GET /templates/creator/m_f/fa/fa7/164/assets/tab_m_bottom.png HTTP/1.1" 200 1000
46-118-159-26.broadband.kyivstar.net - - [28/Sep/2017:20:16:18 +0200] "GET / HTTP/1.1" 200 35804
46-118-159-26.broadband.kyivstar.net - - [28/Sep/2017:20:16:20 +0200] "GET / HTTP/1.1" 200 35804
46-118-159-26.broadband.kyivstar.net - - [28/Sep/2017:20:16:19 +0200] "GET / HTTP/1.1" 200 35804
msnbot-157-55-39-173.search.msn.com - - [28/Sep/2017:20:17:00 +0200] "GET / HTTP/1.1" 200 6440
46.229.164.100 - - [28/Sep/2017:20:17:36 +0200] "GET /robots.txt HTTP/1.1" 200 80
crawl-66-249-64-28.googlebot.com - - [28/Sep/2017:20:27:55 +0200] "GET / HTTP/1.1" 200 6440
77-58-237-184.dclient.hispeed.ch - - [28/Sep/2017:20:29:46 +0200] "GET / HTTP/1.1" 200 6440
77-58-237-184.dclient.hispeed.ch - - [28/Sep/2017:20:29:47 +0200] "GET /css/widgets/concat_widget.min.css?v=6.6.7.2.41064 HTTP/1.1" 200 24507
77-58-237-184.dclient.hispeed.ch - - [28/Sep/2017:20:29:47 +0200] "GET /js/footer/build_social_entries.min.js?v=6.6.7.2.41064 HTTP/1.1" 200 278
77-58-237-184.dclient.hispeed.ch - - [28/Sep/2017:20:29:47 +0200] "GET /css/skeleton.css HTTP/1.1" 200 3511
77-58-237-184.dclient.hispeed.ch - - [28/Sep/2017:20:29:47 +0200] "GET /js/footer/get_deps.min.js?v=6.6.7.2.41064 HTTP/1.1" 200 157
77-58-237-184.dclient.hispeed.ch - - [28/Sep/2017:20:29:47 +0200] "GET /templates/creator/m_f/fa/fa7/164/css/main.min.css?v=1483633820 HTTP/1.1" 200 1797
77-58-237-184.dclient.hispeed.ch - - [28/Sep/2017:20:29:47 +0200] "GET /templates/creator/m_f/fa/fa7/164/css/style.min.css?v=1483633820 HTTP/1.1" 200 847
77-58-237-184.dclient.hispeed.ch - - [28/Sep/2017:20:29:47 +0200] "GET /templates/creator/m_f/fa/fa7/164/assets/wp-menu.js?v=1483633820 HTTP/1.1" 200 1089
77-58-237-184.dclient.hispeed.ch - - [28/Sep/2017:20:29:47 +0200] "GET /templates/creator/m_f/fa/fa7/164/assets/respond.min.js?v=1483633820 HTTP/1.1" 200 2085
77-58-237-184.dclient.hispeed.ch - - [28/Sep/2017:20:29:47 +0200] "GET /templates/creator/m_f/fa/fa7/164/assets/slide.js?v=1483633820 HTTP/1.1" 200 662
77-58-237-184.dclient.hispeed.ch - - [28/Sep/2017:20:29:47 +0200] "GET /js/functions_stripped.js?v=6.6.7.2.41064 HTTP/1.1" 200 3186
77-58-237-184.dclient.hispeed.ch - - [28/Sep/2017:20:29:47 +0200] "GET /js/jquery.lazyload.min.js?v=6.6.7.2.41064 HTTP/1.1" 200 1283
77-58-237-184.dclient.hispeed.ch - - [28/Sep/2017:20:29:47 +0200] "GET /var/m_0/0d/0dd/12455/143351-Header_Segelschule.jpg HTTP/1.1" 200 107532
77-58-237-184.dclient.hispeed.ch - - [28/Sep/2017:20:29:47 +0200] "GET /var/m_0/0d/0dd/12455/8254793-J70_Davos.w1024.jpg HTTP/1.1" 200 191999
77-58-237-184.dclient.hispeed.ch - - [28/Sep/2017:20:29:47 +0200] "GET /var/m_0/0d/0dd/12455/6564603-SK_Tro_Head.jpg HTTP/1.1" 200 136780
77-58-237-184.dclient.hispeed.ch - - [28/Sep/2017:20:29:47 +0200] "GET /var/m_0/0d/0dd/12455/125493-13_Kurse.JPG HTTP/1.1" 200 70517
77-58-237-184.dclient.hispeed.ch - - [28/Sep/2017:20:29:47 +0200] "GET /var/m_0/0d/0dd/12455/7230972-19_Matchracing.jpg HTTP/1.1" 200 55347
77-58-237-184.dclient.hispeed.ch - - [28/Sep/2017:20:29:47 +0200] "GET /var/m_0/0d/0dd/12455/8218280-65_Regatta.JPG HTTP/1.1" 200 192350
77-58-237-184.dclient.hispeed.ch - - [28/Sep/2017:20:29:47 +0200] "GET /var/m_0/0d/0dd/12455/125494-14_Vermietung.JPG HTTP/1.1" 200 95115
77-58-237-184.dclient.hispeed.ch - - [28/Sep/2017:20:29:47 +0200] "GET /var/m_0/0d/0dd/12455/125495-15_Event.JPG HTTP/1.1" 200 59088
77-58-237-184.dclient.hispeed.ch - - [28/Sep/2017:20:29:47 +0200] "GET /var/m_0/0d/0dd/12455/143586-SP_DK1.jpg HTTP/1.1" 200 3071
77-58-237-184.dclient.hispeed.ch - - [28/Sep/2017:20:29:47 +0200] "GET /var/m_0/0d/0dd/12455/143580-SP_Heierling1.jpg HTTP/1.1" 200 2613
77-58-237-184.dclient.hispeed.ch - - [28/Sep/2017:20:29:47 +0200] "GET /var/m_0/0d/0dd/12455/143584-SP_Lemm1.jpg HTTP/1.1" 200 2321
77-58-237-184.dclient.hispeed.ch - - [28/Sep/2017:20:29:47 +0200] "GET /var/m_0/0d/0dd/12455/143582-SP_Gipfel1.jpg HTTP/1.1" 200 2688
77-58-237-184.dclient.hispeed.ch - - [28/Sep/2017:20:29:47 +0200] "GET /var/m_0/0d/0dd/12455/8288159-EWD_rgb_pos.jpg HTTP/1.1" 200 207458
77-58-237-184.dclient.hispeed.ch - - [28/Sep/2017:20:29:48 +0200] "GET /templates/resellers/7/favicon.ico?v=1506103971 HTTP/1.1" 200 4286
msnbot-157-55-39-173.search.msn.com - - [28/Sep/2017:20:34:58 +0200] "GET /kursanmeldung HTTP/1.1" 200 10945
msnbot-207-46-13-32.search.msn.com - - [28/Sep/2017:20:35:09 +0200] "GET /js/jquery/jquery.validate.min.js?v=6.6.7.2.41064 HTTP/1.1" 200 6581
msnbot-157-55-39-204.search.msn.com - - [28/Sep/2017:20:35:19 +0200] "GET /js/jquery/jquery.form.min.js?v=6.6.7.2.41064 HTTP/1.1" 200 5592
msnbot-157-55-39-204.search.msn.com - - [28/Sep/2017:20:35:20 +0200] "GET /wforms/captcha/index HTTP/1.1" 200 18069
msnbot-207-46-13-157.search.msn.com - - [28/Sep/2017:20:35:24 +0200] "GET /js/efu/w.formmanager.min.js?v=6.6.7.2.41064 HTTP/1.1" 200 2154
msnbot-207-46-13-157.search.msn.com - - [28/Sep/2017:20:35:24 +0200] "GET /js/efu/main.min.js?v=6.6.7.2.41064 HTTP/1.1" 200 1746
msnbot-207-46-13-157.search.msn.com - - [28/Sep/2017:20:35:25 +0200] "GET /js/fancybox2/jquery.fancybox.min.css?v=6.6.7.2.41064 HTTP/1.1" 200 1020
msnbot-207-46-13-157.search.msn.com - - [28/Sep/2017:20:35:25 +0200] "GET /js/fancybox2/jquery.fancybox.min.js?v=6.6.7.2.41064 HTTP/1.1" 200 6267
216.244.66.229 - - [28/Sep/2017:20:41:36 +0200] "GET /robots.txt HTTP/1.1" 200 120
msnbot-157-55-39-201.search.msn.com - - [28/Sep/2017:20:52:36 +0200] "GET /vermietung.shtml HTTP/1.1" 200 5099
