msnbot-207-46-13-156.search.msn.com - - [23/Sep/2017:17:08:04 +0200] "GET / HTTP/1.1" 200 6440
msnbot-207-46-13-154.search.msn.com - - [23/Sep/2017:17:18:04 +0200] "GET /templates/creator/m_f/fa/fa7/164/assets/wp-menu.js?v=1483633820 HTTP/1.1" 200 1089
msnbot-207-46-13-154.search.msn.com - - [23/Sep/2017:17:18:05 +0200] "GET /templates/creator/m_f/fa/fa7/164/css/style.min.css?v=1483633820 HTTP/1.1" 200 847
msnbot-207-46-13-157.search.msn.com - - [23/Sep/2017:17:18:11 +0200] "GET /css/skeleton.css HTTP/1.1" 200 3511
msnbot-207-46-13-157.search.msn.com - - [23/Sep/2017:17:18:12 +0200] "GET /js/footer/build_social_entries.min.js?v=6.6.7.2.41064 HTTP/1.1" 200 278
msnbot-207-46-13-157.search.msn.com - - [23/Sep/2017:17:18:13 +0200] "GET /js/functions_stripped.js?v=6.6.7.2.41064 HTTP/1.1" 200 3186
msnbot-207-46-13-156.search.msn.com - - [23/Sep/2017:17:18:13 +0200] "GET /js/footer/get_deps.min.js?v=6.6.7.2.41064 HTTP/1.1" 200 157
msnbot-207-46-13-156.search.msn.com - - [23/Sep/2017:17:18:13 +0200] "GET /css/widgets/concat_widget.min.css?v=6.6.7.2.41064 HTTP/1.1" 200 24507
msnbot-207-46-13-157.search.msn.com - - [23/Sep/2017:17:18:14 +0200] "GET /templates/creator/m_f/fa/fa7/164/assets/respond.min.js?v=1483633820 HTTP/1.1" 200 2085
msnbot-207-46-13-156.search.msn.com - - [23/Sep/2017:17:18:14 +0200] "GET /js/jquery.lazyload.min.js?v=6.6.7.2.41064 HTTP/1.1" 200 1283
msnbot-207-46-13-157.search.msn.com - - [23/Sep/2017:17:18:14 +0200] "GET /templates/creator/m_f/fa/fa7/164/assets/slide.js?v=1483633820 HTTP/1.1" 200 662
msnbot-207-46-13-155.search.msn.com - - [23/Sep/2017:17:18:34 +0200] "GET /templates/creator/m_f/fa/fa7/164/css/main.min.css?v=1483633820 HTTP/1.1" 200 1797
msnbot-207-46-13-154.search.msn.com - - [23/Sep/2017:17:20:01 +0200] "GET / HTTP/1.1" 200 6440
eagle.http.ph - - [23/Sep/2017:17:21:46 +0200] "GET /downloader HTTP/1.1" 200 18069
212-129-53-244.rev.poneytelecom.eu - - [23/Sep/2017:17:32:10 +0200] "GET / HTTP/1.1" 200 35804
212-129-53-244.rev.poneytelecom.eu - - [23/Sep/2017:17:32:16 +0200] "GET /events.shtml HTTP/1.1" 200 22514
212-129-53-244.rev.poneytelecom.eu - - [23/Sep/2017:17:32:21 +0200] "GET /galerie.shtml HTTP/1.1" 200 22747
212-129-53-244.rev.poneytelecom.eu - - [23/Sep/2017:17:32:21 +0200] "GET /kurse.shtml HTTP/1.1" 200 31031
212-129-53-244.rev.poneytelecom.eu - - [23/Sep/2017:17:32:21 +0200] "GET /vermietung.shtml HTTP/1.1" 200 25728
212-129-53-244.rev.poneytelecom.eu - - [23/Sep/2017:17:32:28 +0200] "GET /event-matchracing.shtml HTTP/1.1" 200 21251
212-129-53-244.rev.poneytelecom.eu - - [23/Sep/2017:17:32:28 +0200] "GET /event-gruppesmartkat.shtml HTTP/1.1" 200 21256
212-129-53-244.rev.poneytelecom.eu - - [23/Sep/2017:17:32:29 +0200] "GET /event-pedalo.shtml HTTP/1.1" 200 20248
212-129-53-244.rev.poneytelecom.eu - - [23/Sep/2017:17:32:33 +0200] "GET /galerie-gruppesmartkat.shtml HTTP/1.1" 200 20574
212-129-53-244.rev.poneytelecom.eu - - [23/Sep/2017:17:32:37 +0200] "GET /galerie-matchracing.shtml HTTP/1.1" 200 21704
212-129-53-244.rev.poneytelecom.eu - - [23/Sep/2017:17:32:37 +0200] "GET /galerie-sktrophy-2015.shtml HTTP/1.1" 200 49420
212-129-53-244.rev.poneytelecom.eu - - [23/Sep/2017:17:32:37 +0200] "GET /galerie-sktrophy-2014.shtml HTTP/1.1" 200 29913
212-129-53-244.rev.poneytelecom.eu - - [23/Sep/2017:17:32:39 +0200] "GET /optikurse-2014.shtml HTTP/1.1" 200 26353
212-129-53-244.rev.poneytelecom.eu - - [23/Sep/2017:17:32:39 +0200] "GET /pruefungskurs.shtml HTTP/1.1" 200 23039
212-129-53-244.rev.poneytelecom.eu - - [23/Sep/2017:17:32:39 +0200] "GET /segel-grundkurs.shtml HTTP/1.1" 200 21440
212-129-53-244.rev.poneytelecom.eu - - [23/Sep/2017:17:32:39 +0200] "GET /kinder-segelkurs.shtml HTTP/1.1" 200 19898
212-129-53-244.rev.poneytelecom.eu - - [23/Sep/2017:17:32:40 +0200] "GET /segelkurs-jollesmartkat.shtml HTTP/1.1" 200 19993
212-129-53-244.rev.poneytelecom.eu - - [23/Sep/2017:17:32:41 +0200] "GET /event-gruppesmartkat HTTP/1.1" 200 21256
212-129-53-244.rev.poneytelecom.eu - - [23/Sep/2017:17:32:41 +0200] "GET /smartkat-crashkurs.shtml HTTP/1.1" 200 17863
212-129-53-244.rev.poneytelecom.eu - - [23/Sep/2017:17:32:41 +0200] "GET /js/jquery.lazyload.min.js?v=6.6.7.2.41064 HTTP/1.1" 200 3342
212-129-53-244.rev.poneytelecom.eu - - [23/Sep/2017:17:32:41 +0200] "GET /js/functions_stripped.js?v=6.6.7.2.41064 HTTP/1.1" 200 7672
212-129-53-244.rev.poneytelecom.eu - - [23/Sep/2017:17:32:41 +0200] "GET /aktuelles-wetter HTTP/1.1" 200 18388
212-129-53-244.rev.poneytelecom.eu - - [23/Sep/2017:17:32:41 +0200] "GET /Perspectiva.html? HTTP/1.1" 200 18069
212-129-53-244.rev.poneytelecom.eu - - [23/Sep/2017:17:32:41 +0200] "GET /davosersee HTTP/1.1" 200 19505
212-129-53-244.rev.poneytelecom.eu - - [23/Sep/2017:17:32:41 +0200] "GET /flotte.shtml HTTP/1.1" 200 29241
212-129-53-244.rev.poneytelecom.eu - - [23/Sep/2017:17:32:41 +0200] "GET /js/).html(a);null==$( HTTP/1.1" 200 219
212-129-53-244.rev.poneytelecom.eu - - [23/Sep/2017:17:32:42 +0200] "GET /event-pedalo HTTP/1.1" 200 20248
212-129-53-244.rev.poneytelecom.eu - - [23/Sep/2017:17:32:42 +0200] "GET /events HTTP/1.1" 200 22514
212-129-53-244.rev.poneytelecom.eu - - [23/Sep/2017:17:32:42 +0200] "GET /event-matchracing HTTP/1.1" 200 21251
212-129-53-244.rev.poneytelecom.eu - - [23/Sep/2017:17:32:43 +0200] "GET /flotte HTTP/1.1" 200 29385
vdsl-91-137-17-157.net.encoline.de - - [23/Sep/2017:17:41:04 +0200] "GET /robots.txt HTTP/1.1" 200 120
vdsl-91-137-17-157.net.encoline.de - - [23/Sep/2017:17:41:06 +0200] "GET /%C3%BCber-uns HTTP/1.1" 200 21862
vdsl-91-137-17-157.net.encoline.de - - [23/Sep/2017:17:41:14 +0200] "GET /%C3%BCber-uns.shtml HTTP/1.1" 200 4740
vdsl-91-137-17-157.net.encoline.de - - [23/Sep/2017:17:41:15 +0200] "GET /robots.txt HTTP/1.1" 200 120
vdsl-91-137-17-157.net.encoline.de - - [23/Sep/2017:17:41:17 +0200] "GET /%C3%BCber-uns HTTP/1.1" 200 21862
vdsl-91-137-17-157.net.encoline.de - - [23/Sep/2017:17:41:24 +0200] "GET /%C3%BCber-uns.shtml HTTP/1.1" 200 4740
120.25.147.161 - - [23/Sep/2017:17:54:51 +0200] "GET /downloader HTTP/1.1" 200 18069
