msnbot-40-77-167-183.search.msn.com - - [03/Oct/2017:08:07:30 +0200] "GET / HTTP/1.1" 200 6440
ec2-52-204-147-41.compute-1.amazonaws.com - - [03/Oct/2017:08:10:27 +0200] "GET /flotte HTTP/1.1" 200 6274
46.229.164.99 - - [03/Oct/2017:08:16:10 +0200] "GET /robots.txt HTTP/1.1" 200 80
c87113.upc-c.chello.nl - - [03/Oct/2017:08:37:09 +0200] "GET / HTTP/1.1" 200 35804
c87113.upc-c.chello.nl - - [03/Oct/2017:08:37:12 +0200] "GET /%C3%BCber-uns.shtml HTTP/1.1" 200 21862
c87113.upc-c.chello.nl - - [03/Oct/2017:08:37:12 +0200] "GET /aktuelles-wetter.shtml HTTP/1.1" 200 18388
c87113.upc-c.chello.nl - - [03/Oct/2017:08:37:16 +0200] "GET /davosersee.shtml HTTP/1.1" 200 19505
c87113.upc-c.chello.nl - - [03/Oct/2017:08:37:17 +0200] "GET /event-gruppesmartkat.shtml HTTP/1.1" 200 21256
c87113.upc-c.chello.nl - - [03/Oct/2017:08:37:18 +0200] "GET /event-matchracing.shtml HTTP/1.1" 200 21251
c87113.upc-c.chello.nl - - [03/Oct/2017:08:37:20 +0200] "GET /event-pedalo.shtml HTTP/1.1" 200 20248
c87113.upc-c.chello.nl - - [03/Oct/2017:08:37:20 +0200] "GET /events.shtml HTTP/1.1" 200 22514
c87113.upc-c.chello.nl - - [03/Oct/2017:08:37:23 +0200] "GET /flotte.shtml HTTP/1.1" 200 29241
c87113.upc-c.chello.nl - - [03/Oct/2017:08:37:24 +0200] "GET /galerie-gruppesmartkat.shtml HTTP/1.1" 200 20574
c87113.upc-c.chello.nl - - [03/Oct/2017:08:37:25 +0200] "GET /galerie-matchracing.shtml HTTP/1.1" 200 21704
c87113.upc-c.chello.nl - - [03/Oct/2017:08:37:25 +0200] "GET /galerie-sktrophy-2014.shtml HTTP/1.1" 200 29913
c87113.upc-c.chello.nl - - [03/Oct/2017:08:37:26 +0200] "GET /galerie-sktrophy-2015.shtml HTTP/1.1" 200 49420
c87113.upc-c.chello.nl - - [03/Oct/2017:08:37:29 +0200] "GET /kinder-segelkurs.shtml HTTP/1.1" 200 19898
c87113.upc-c.chello.nl - - [03/Oct/2017:08:37:26 +0200] "GET /galerie.shtml HTTP/1.1" 200 22747
c87113.upc-c.chello.nl - - [03/Oct/2017:08:37:29 +0200] "GET /kursanmeldung.shtml HTTP/1.1" 200 49926
c87113.upc-c.chello.nl - - [03/Oct/2017:08:37:31 +0200] "GET /optikurse-2014.shtml HTTP/1.1" 200 26353
c87113.upc-c.chello.nl - - [03/Oct/2017:08:37:30 +0200] "GET /kurse.shtml HTTP/1.1" 200 31031
c87113.upc-c.chello.nl - - [03/Oct/2017:08:37:32 +0200] "GET /segel-grundkurs.shtml HTTP/1.1" 200 21440
c87113.upc-c.chello.nl - - [03/Oct/2017:08:37:31 +0200] "GET /pruefungskurs.shtml HTTP/1.1" 200 23039
c87113.upc-c.chello.nl - - [03/Oct/2017:08:37:33 +0200] "GET /segelkurs-jollesmartkat.shtml HTTP/1.1" 200 19993
c87113.upc-c.chello.nl - - [03/Oct/2017:08:37:33 +0200] "GET /smartkat-crashkurs.shtml HTTP/1.1" 200 17863
c87113.upc-c.chello.nl - - [03/Oct/2017:08:37:35 +0200] "GET /standort.shtml HTTP/1.1" 200 17547
c87113.upc-c.chello.nl - - [03/Oct/2017:08:37:36 +0200] "GET /vermietung.shtml HTTP/1.1" 200 25728
c87113.upc-c.chello.nl - - [03/Oct/2017:08:37:37 +0200] "GET /js/functions_stripped.js?v=6.6.7.2.41064 HTTP/1.1" 200 7672
c87113.upc-c.chello.nl - - [03/Oct/2017:08:37:38 +0200] "GET /Perspectiva.html? HTTP/1.1" 200 18069
c87113.upc-c.chello.nl - - [03/Oct/2017:08:37:38 +0200] "GET /aktuelles-wetter HTTP/1.1" 200 18388
c87113.upc-c.chello.nl - - [03/Oct/2017:08:37:38 +0200] "GET /js/jquery.lazyload.min.js?v=6.6.7.2.41064 HTTP/1.1" 200 3342
ip165.ip-192-99-119.net - - [03/Oct/2017:08:39:01 +0200] "GET / HTTP/1.1" 200 35804
ip165.ip-192-99-119.net - - [03/Oct/2017:08:39:05 +0200] "GET /events.shtml HTTP/1.1" 200 22514
ip165.ip-192-99-119.net - - [03/Oct/2017:08:39:13 +0200] "GET /galerie.shtml HTTP/1.1" 200 22747
ip165.ip-192-99-119.net - - [03/Oct/2017:08:39:17 +0200] "GET /kurse.shtml HTTP/1.1" 200 31031
ip165.ip-192-99-119.net - - [03/Oct/2017:08:39:18 +0200] "GET /vermietung.shtml HTTP/1.1" 200 25728
ip165.ip-192-99-119.net - - [03/Oct/2017:08:39:18 +0200] "GET /event-gruppesmartkat.shtml HTTP/1.1" 200 21256
ip165.ip-192-99-119.net - - [03/Oct/2017:08:39:19 +0200] "GET /event-matchracing.shtml HTTP/1.1" 200 21251
ip165.ip-192-99-119.net - - [03/Oct/2017:08:39:20 +0200] "GET /galerie-gruppesmartkat.shtml HTTP/1.1" 200 20574
ip165.ip-192-99-119.net - - [03/Oct/2017:08:39:20 +0200] "GET /event-pedalo.shtml HTTP/1.1" 200 20248
ip165.ip-192-99-119.net - - [03/Oct/2017:08:39:20 +0200] "GET /galerie-matchracing.shtml HTTP/1.1" 200 21704
ip165.ip-192-99-119.net - - [03/Oct/2017:08:39:22 +0200] "GET /galerie-sktrophy-2014.shtml HTTP/1.1" 200 29913
ip165.ip-192-99-119.net - - [03/Oct/2017:08:39:26 +0200] "GET /galerie-sktrophy-2015.shtml HTTP/1.1" 200 49420
ip165.ip-192-99-119.net - - [03/Oct/2017:08:39:28 +0200] "GET /optikurse-2014.shtml HTTP/1.1" 200 26353
ip165.ip-192-99-119.net - - [03/Oct/2017:08:39:31 +0200] "GET /kinder-segelkurs.shtml HTTP/1.1" 200 19898
ip165.ip-192-99-119.net - - [03/Oct/2017:08:39:32 +0200] "GET /pruefungskurs.shtml HTTP/1.1" 200 23039
ip165.ip-192-99-119.net - - [03/Oct/2017:08:39:36 +0200] "GET /segel-grundkurs.shtml HTTP/1.1" 200 21440
ip165.ip-192-99-119.net - - [03/Oct/2017:08:39:36 +0200] "GET /segelkurs-jollesmartkat.shtml HTTP/1.1" 200 19993
ip165.ip-192-99-119.net - - [03/Oct/2017:08:39:38 +0200] "GET /smartkat-crashkurs.shtml HTTP/1.1" 200 17863
ip165.ip-192-99-119.net - - [03/Oct/2017:08:39:38 +0200] "GET /flotte.shtml HTTP/1.1" 200 29241
ip165.ip-192-99-119.net - - [03/Oct/2017:08:39:44 +0200] "GET /Perspectiva.html? HTTP/1.1" 200 18069
ip165.ip-192-99-119.net - - [03/Oct/2017:08:39:44 +0200] "GET /js/functions_stripped.js?v=6.6.7.2.41064 HTTP/1.1" 200 7672
ip165.ip-192-99-119.net - - [03/Oct/2017:08:39:44 +0200] "GET /js/jquery.lazyload.min.js?v=6.6.7.2.41064 HTTP/1.1" 200 3342
ip165.ip-192-99-119.net - - [03/Oct/2017:08:39:44 +0200] "GET /js/).html(a);null==$( HTTP/1.1" 200 219
ip165.ip-192-99-119.net - - [03/Oct/2017:08:39:46 +0200] "GET /aktuelles-wetter HTTP/1.1" 200 18388
ip165.ip-192-99-119.net - - [03/Oct/2017:08:39:48 +0200] "GET /davosersee HTTP/1.1" 200 19505
ip165.ip-192-99-119.net - - [03/Oct/2017:08:39:51 +0200] "GET /event-gruppesmartkat HTTP/1.1" 200 21256
ip165.ip-192-99-119.net - - [03/Oct/2017:08:39:51 +0200] "GET /event-matchracing HTTP/1.1" 200 21251
ip165.ip-192-99-119.net - - [03/Oct/2017:08:39:54 +0200] "GET /events HTTP/1.1" 200 22514
ip165.ip-192-99-119.net - - [03/Oct/2017:08:39:55 +0200] "GET /event-pedalo HTTP/1.1" 200 20248
ip165.ip-192-99-119.net - - [03/Oct/2017:08:39:56 +0200] "GET /flotte HTTP/1.1" 200 29385
