msnbot-207-46-13-184.search.msn.com - - [13/Oct/2017:23:13:09 +0200] "GET /galerie-sktrophy-2014.shtml HTTP/1.1" 200 5044
46.229.164.99 - - [13/Oct/2017:23:23:59 +0200] "GET /robots.txt HTTP/1.1" 200 80
static-105-108-27-46.ipcom.comunitel.net - - [13/Oct/2017:23:40:06 +0200] "GET / HTTP/1.1" 200 35804
static-105-108-27-46.ipcom.comunitel.net - - [13/Oct/2017:23:40:08 +0200] "GET /events.shtml HTTP/1.1" 200 22514
static-105-108-27-46.ipcom.comunitel.net - - [13/Oct/2017:23:40:09 +0200] "GET /galerie.shtml HTTP/1.1" 200 22747
static-105-108-27-46.ipcom.comunitel.net - - [13/Oct/2017:23:40:11 +0200] "GET /kurse.shtml HTTP/1.1" 200 31031
static-105-108-27-46.ipcom.comunitel.net - - [13/Oct/2017:23:40:13 +0200] "GET /vermietung.shtml HTTP/1.1" 200 25728
static-105-108-27-46.ipcom.comunitel.net - - [13/Oct/2017:23:40:15 +0200] "GET /event-gruppesmartkat.shtml HTTP/1.1" 200 21256
static-105-108-27-46.ipcom.comunitel.net - - [13/Oct/2017:23:40:16 +0200] "GET /event-matchracing.shtml HTTP/1.1" 200 21251
static-105-108-27-46.ipcom.comunitel.net - - [13/Oct/2017:23:40:18 +0200] "GET /event-pedalo.shtml HTTP/1.1" 200 20248
static-105-108-27-46.ipcom.comunitel.net - - [13/Oct/2017:23:40:21 +0200] "GET /galerie-gruppesmartkat.shtml HTTP/1.1" 200 20574
static-105-108-27-46.ipcom.comunitel.net - - [13/Oct/2017:23:40:22 +0200] "GET /galerie-matchracing.shtml HTTP/1.1" 200 21704
static-105-108-27-46.ipcom.comunitel.net - - [13/Oct/2017:23:40:25 +0200] "GET /galerie-sktrophy-2014.shtml HTTP/1.1" 200 29913
static-105-108-27-46.ipcom.comunitel.net - - [13/Oct/2017:23:40:27 +0200] "GET /galerie-sktrophy-2015.shtml HTTP/1.1" 200 49420
static-105-108-27-46.ipcom.comunitel.net - - [13/Oct/2017:23:40:29 +0200] "GET /optikurse-2014.shtml HTTP/1.1" 200 26353
static-105-108-27-46.ipcom.comunitel.net - - [13/Oct/2017:23:40:32 +0200] "GET /kinder-segelkurs.shtml HTTP/1.1" 200 19898
static-105-108-27-46.ipcom.comunitel.net - - [13/Oct/2017:23:40:33 +0200] "GET /pruefungskurs.shtml HTTP/1.1" 200 23039
static-105-108-27-46.ipcom.comunitel.net - - [13/Oct/2017:23:40:37 +0200] "GET /segel-grundkurs.shtml HTTP/1.1" 200 21440
static-105-108-27-46.ipcom.comunitel.net - - [13/Oct/2017:23:40:38 +0200] "GET /segelkurs-jollesmartkat.shtml HTTP/1.1" 200 19993
static-105-108-27-46.ipcom.comunitel.net - - [13/Oct/2017:23:40:41 +0200] "GET /smartkat-crashkurs.shtml HTTP/1.1" 200 17863
static-105-108-27-46.ipcom.comunitel.net - - [13/Oct/2017:23:40:42 +0200] "GET /flotte.shtml HTTP/1.1" 200 29241
static-105-108-27-46.ipcom.comunitel.net - - [13/Oct/2017:23:40:44 +0200] "GET /js/functions_stripped.js?v=6.6.7.2.41064 HTTP/1.1" 200 7672
static-105-108-27-46.ipcom.comunitel.net - - [13/Oct/2017:23:40:46 +0200] "GET /Perspectiva.html? HTTP/1.1" 200 18069
static-105-108-27-46.ipcom.comunitel.net - - [13/Oct/2017:23:40:49 +0200] "GET /js/jquery.lazyload.min.js?v=6.6.7.2.41064 HTTP/1.1" 200 3342
static-105-108-27-46.ipcom.comunitel.net - - [13/Oct/2017:23:40:51 +0200] "GET /js/).html(a);null==$( HTTP/1.1" 200 219
static-105-108-27-46.ipcom.comunitel.net - - [13/Oct/2017:23:40:53 +0200] "GET /js/index.php?sid=46&lang=en&item=1&act=users&ajax=state HTTP/1.1" 200 210
static-105-108-27-46.ipcom.comunitel.net - - [13/Oct/2017:23:40:55 +0200] "GET /aktuelles-wetter HTTP/1.1" 200 18388
static-105-108-27-46.ipcom.comunitel.net - - [13/Oct/2017:23:40:57 +0200] "GET /davosersee HTTP/1.1" 200 19505
static-105-108-27-46.ipcom.comunitel.net - - [13/Oct/2017:23:41:00 +0200] "GET /event-gruppesmartkat HTTP/1.1" 200 21256
static-105-108-27-46.ipcom.comunitel.net - - [13/Oct/2017:23:41:02 +0200] "GET /event-matchracing HTTP/1.1" 200 21251
static-105-108-27-46.ipcom.comunitel.net - - [13/Oct/2017:23:41:06 +0200] "GET /event-pedalo HTTP/1.1" 200 20248
static-105-108-27-46.ipcom.comunitel.net - - [13/Oct/2017:23:41:08 +0200] "GET /events HTTP/1.1" 200 22514
cl-78-158-11-226.fastlink.lt - - [13/Oct/2017:23:58:45 +0200] "GET /%c3%bcber-uns.shtml HTTP/1.0" 200 22006
cl-78-158-11-226.fastlink.lt - - [13/Oct/2017:23:58:47 +0200] "GET /%C3%BCber-uns.shtml HTTP/1.0" 200 21862
