178-83-244-230.dynamic.hispeed.ch - - [08/Dec/2017:11:11:51 +0100] "GET /var/m_0/0d/0dd/12455/126126-43_See.JPG HTTP/1.1" 200 86511
37-9-113-206.spider.yandex.com - - [08/Dec/2017:11:12:39 +0100] "GET /event-pedalo.shtml HTTP/1.1" 200 5342
c-93-184-17-184.customer.ggaweb.ch - - [08/Dec/2017:11:23:21 +0100] "GET /var/m_0/0d/0dd/12455/126374-6_Schnupperkurs.JPG HTTP/1.1" 200 53584
c-93-184-17-184.customer.ggaweb.ch - - [08/Dec/2017:11:23:21 +0100] "GET /var/m_0/0d/0dd/12455/8010562-7_Plauschsegeln.JPG HTTP/1.1" 200 189182
c-93-184-17-184.customer.ggaweb.ch - - [08/Dec/2017:11:23:25 +0100] "GET /kurse HTTP/1.1" 200 6281
c-93-184-17-184.customer.ggaweb.ch - - [08/Dec/2017:11:23:25 +0100] "GET /css/widgets/concat_widget.min.css?v=6.6.7.2.41064 HTTP/1.1" 200 24507
c-93-184-17-184.customer.ggaweb.ch - - [08/Dec/2017:11:23:25 +0100] "GET /js/footer/get_deps.min.js?v=6.6.7.2.41064 HTTP/1.1" 200 157
c-93-184-17-184.customer.ggaweb.ch - - [08/Dec/2017:11:23:25 +0100] "GET /templates/creator/m_f/fa/fa7/164/css/style.min.css?v=1483633820 HTTP/1.1" 200 847
c-93-184-17-184.customer.ggaweb.ch - - [08/Dec/2017:11:23:25 +0100] "GET /templates/creator/m_f/fa/fa7/164/css/main.min.css?v=1483633820 HTTP/1.1" 200 1797
c-93-184-17-184.customer.ggaweb.ch - - [08/Dec/2017:11:23:25 +0100] "GET /js/footer/build_social_entries.min.js?v=6.6.7.2.41064 HTTP/1.1" 200 278
c-93-184-17-184.customer.ggaweb.ch - - [08/Dec/2017:11:23:25 +0100] "GET /templates/creator/m_f/fa/fa7/164/assets/slide.js?v=1483633820 HTTP/1.1" 200 662
c-93-184-17-184.customer.ggaweb.ch - - [08/Dec/2017:11:23:25 +0100] "GET /templates/creator/m_f/fa/fa7/164/assets/wp-menu.js?v=1483633820 HTTP/1.1" 200 1089
c-93-184-17-184.customer.ggaweb.ch - - [08/Dec/2017:11:23:25 +0100] "GET /templates/creator/m_f/fa/fa7/164/assets/respond.min.js?v=1483633820 HTTP/1.1" 200 2085
c-93-184-17-184.customer.ggaweb.ch - - [08/Dec/2017:11:23:25 +0100] "GET /css/skeleton.css HTTP/1.1" 200 3511
c-93-184-17-184.customer.ggaweb.ch - - [08/Dec/2017:11:23:26 +0100] "GET /var/m_0/0d/0dd/12455/125487-3_SKCrashkurs.JPG HTTP/1.1" 200 80503
c-93-184-17-184.customer.ggaweb.ch - - [08/Dec/2017:11:23:26 +0100] "GET /js/jquery.lazyload.min.js?v=6.6.7.2.41064 HTTP/1.1" 200 1283
c-93-184-17-184.customer.ggaweb.ch - - [08/Dec/2017:11:23:26 +0100] "GET /js/functions_stripped.js?v=6.6.7.2.41064 HTTP/1.1" 200 3186
c-93-184-17-184.customer.ggaweb.ch - - [08/Dec/2017:11:23:26 +0100] "GET /var/m_0/0d/0dd/12455/143352-Header_Segelschule_2.jpg HTTP/1.1" 200 107532
c-93-184-17-184.customer.ggaweb.ch - - [08/Dec/2017:11:23:26 +0100] "GET /templates/resellers/7/favicon.ico?v=1506147177 HTTP/1.1" 200 4286
c-93-184-17-184.customer.ggaweb.ch - - [08/Dec/2017:11:23:26 +0100] "GET /var/m_0/0d/0dd/12455/125485-1_Kinderkurs.JPG HTTP/1.1" 200 64975
c-93-184-17-184.customer.ggaweb.ch - - [08/Dec/2017:11:23:26 +0100] "GET /var/m_0/0d/0dd/12455/125486-2_Sportkurs.JPG HTTP/1.1" 200 69000
c-93-184-17-184.customer.ggaweb.ch - - [08/Dec/2017:11:23:26 +0100] "GET /var/m_0/0d/0dd/12455/125489-5_Pr%C3%BCfungskurs.JPG HTTP/1.1" 200 53669
c-93-184-17-184.customer.ggaweb.ch - - [08/Dec/2017:11:23:26 +0100] "GET /var/m_0/0d/0dd/12455/125503-36_420er.jpg HTTP/1.1" 200 61172
c-93-184-17-184.customer.ggaweb.ch - - [08/Dec/2017:11:23:26 +0100] "GET /var/m_0/0d/0dd/12455/125488-4_Grundkurs.JPG HTTP/1.1" 200 77496
c-93-184-17-184.customer.ggaweb.ch - - [08/Dec/2017:11:23:30 +0100] "GET /kinder-segelkurs.shtml HTTP/1.1" 200 5171
c-93-184-17-184.customer.ggaweb.ch - - [08/Dec/2017:11:23:32 +0100] "GET /css/skeleton.css HTTP/1.1" 200 3511
c-93-184-17-184.customer.ggaweb.ch - - [08/Dec/2017:11:23:32 +0100] "GET /templates/creator/m_f/fa/fa7/164/assets/respond.min.js?v=1483633820 HTTP/1.1" 200 2085
c-93-184-17-184.customer.ggaweb.ch - - [08/Dec/2017:11:23:32 +0100] "GET /css/widgets/concat_widget.min.css?v=6.6.7.2.41064 HTTP/1.1" 200 24507
c-93-184-17-184.customer.ggaweb.ch - - [08/Dec/2017:11:23:32 +0100] "GET /templates/creator/m_f/fa/fa7/164/css/style.min.css?v=1483633820 HTTP/1.1" 200 847
c-93-184-17-184.customer.ggaweb.ch - - [08/Dec/2017:11:23:32 +0100] "GET /js/functions_stripped.js?v=6.6.7.2.41064 HTTP/1.1" 200 3186
c-93-184-17-184.customer.ggaweb.ch - - [08/Dec/2017:11:23:32 +0100] "GET /var/m_0/0d/0dd/12455/143352-Header_Segelschule_2.jpg HTTP/1.1" 200 107532
c-93-184-17-184.customer.ggaweb.ch - - [08/Dec/2017:11:23:32 +0100] "GET /templates/resellers/7/favicon.ico?v=1506147131 HTTP/1.1" 200 4286
c-93-184-17-184.customer.ggaweb.ch - - [08/Dec/2017:11:23:32 +0100] "GET /templates/creator/m_f/fa/fa7/164/css/main.min.css?v=1483633820 HTTP/1.1" 200 1797
c-93-184-17-184.customer.ggaweb.ch - - [08/Dec/2017:11:23:32 +0100] "GET /js/footer/build_social_entries.min.js?v=6.6.7.2.41064 HTTP/1.1" 200 278
c-93-184-17-184.customer.ggaweb.ch - - [08/Dec/2017:11:23:32 +0100] "GET /templates/creator/m_f/fa/fa7/164/assets/wp-menu.js?v=1483633820 HTTP/1.1" 200 1089
c-93-184-17-184.customer.ggaweb.ch - - [08/Dec/2017:11:23:32 +0100] "GET /templates/creator/m_f/fa/fa7/164/assets/slide.js?v=1483633820 HTTP/1.1" 200 662
c-93-184-17-184.customer.ggaweb.ch - - [08/Dec/2017:11:23:32 +0100] "GET /js/footer/get_deps.min.js?v=6.6.7.2.41064 HTTP/1.1" 200 157
c-93-184-17-184.customer.ggaweb.ch - - [08/Dec/2017:11:23:45 +0100] "GET /var/m_0/0d/0dd/12455/8254793-J70_Davos.w1024.jpg HTTP/1.1" 200 191999
195-154-133-147.rev.poneytelecom.eu - - [08/Dec/2017:11:24:21 +0100] "GET /license.php HTTP/1.0" 200 18205
195-154-133-147.rev.poneytelecom.eu - - [08/Dec/2017:11:24:21 +0100] "GET /license.php HTTP/1.0" 200 18205
malta2970.startdedicated.de - - [08/Dec/2017:11:29:06 +0100] "GET /robots.txt HTTP/1.1" 200 80
malta2970.startdedicated.de - - [08/Dec/2017:11:29:10 +0100] "GET /var/m_0/0d/0dd/12455/143495-G1_SKT2014_17.JPG HTTP/1.1" 200 175692
malta2970.startdedicated.de - - [08/Dec/2017:11:29:36 +0100] "GET /var/m_0/0d/0dd/12455/7230905-G5_Matchracing_02.jpg HTTP/1.1" 200 68797
msnbot-157-55-39-151.search.msn.com - - [08/Dec/2017:11:36:03 +0100] "GET /smartkat-crashkurs HTTP/1.1" 200 4808
malta1844.startdedicated.de - - [08/Dec/2017:11:39:51 +0100] "GET /var/m_0/0d/0dd/12455/6564700-G3_SKT2015_29.jpg HTTP/1.1" 200 84446
malta1844.startdedicated.de - - [08/Dec/2017:11:40:09 +0100] "GET /var/m_0/0d/0dd/12455/6564737-G3_SKT2015_61.jpg HTTP/1.1" 200 101297
msnbot-157-55-39-151.search.msn.com - - [08/Dec/2017:11:42:43 +0100] "GET /%C3%83%C6%92%C3%82%C2%BCber-uns HTTP/1.1" 200 4296
malta2970.startdedicated.de - - [08/Dec/2017:11:59:42 +0100] "GET /var/m_0/0d/0dd/12455/143515-G2_Optikurs2014_10.jpg HTTP/1.1" 200 143970
