static.140.79.130.94.clients.your-server.de - - [10/Dec/2017:11:12:33 +0100] "GET /robots.txt HTTP/1.0" 200 120
static.140.79.130.94.clients.your-server.de - - [10/Dec/2017:11:12:39 +0100] "GET /robots.txt HTTP/1.0" 200 120
static.140.79.130.94.clients.your-server.de - - [10/Dec/2017:11:12:39 +0100] "GET /robots.txt HTTP/1.0" 200 120
static.140.79.130.94.clients.your-server.de - - [10/Dec/2017:11:12:39 +0100] "GET /robots.txt HTTP/1.0" 200 120
static.140.79.130.94.clients.your-server.de - - [10/Dec/2017:11:12:39 +0100] "GET /robots.txt HTTP/1.0" 200 120
static.140.79.130.94.clients.your-server.de - - [10/Dec/2017:11:12:38 +0100] "GET / HTTP/1.1" 200 35804
static.140.79.130.94.clients.your-server.de - - [10/Dec/2017:11:12:39 +0100] "GET /robots.txt HTTP/1.0" 200 120
static.140.79.130.94.clients.your-server.de - - [10/Dec/2017:11:12:39 +0100] "GET /robots.txt HTTP/1.0" 200 120
static.140.79.130.94.clients.your-server.de - - [10/Dec/2017:11:12:39 +0100] "GET /robots.txt HTTP/1.0" 200 120
static.140.79.130.94.clients.your-server.de - - [10/Dec/2017:11:12:39 +0100] "GET /robots.txt HTTP/1.0" 200 120
static.140.79.130.94.clients.your-server.de - - [10/Dec/2017:11:12:39 +0100] "GET /robots.txt HTTP/1.0" 200 120
static.140.79.130.94.clients.your-server.de - - [10/Dec/2017:11:12:39 +0100] "GET /robots.txt HTTP/1.0" 200 120
static.140.79.130.94.clients.your-server.de - - [10/Dec/2017:11:12:39 +0100] "GET /robots.txt HTTP/1.0" 200 120
static.140.79.130.94.clients.your-server.de - - [10/Dec/2017:11:12:39 +0100] "GET /robots.txt HTTP/1.0" 200 120
static.140.79.130.94.clients.your-server.de - - [10/Dec/2017:11:12:39 +0100] "GET /robots.txt HTTP/1.0" 200 120
static.140.79.130.94.clients.your-server.de - - [10/Dec/2017:11:12:39 +0100] "GET /robots.txt HTTP/1.0" 200 120
static.140.79.130.94.clients.your-server.de - - [10/Dec/2017:11:12:39 +0100] "GET /robots.txt HTTP/1.0" 200 120
static.140.79.130.94.clients.your-server.de - - [10/Dec/2017:11:12:39 +0100] "GET /robots.txt HTTP/1.0" 200 120
static.140.79.130.94.clients.your-server.de - - [10/Dec/2017:11:12:40 +0100] "GET /robots.txt HTTP/1.0" 200 120
static.140.79.130.94.clients.your-server.de - - [10/Dec/2017:11:12:40 +0100] "GET /robots.txt HTTP/1.0" 200 120
static.140.79.130.94.clients.your-server.de - - [10/Dec/2017:11:12:40 +0100] "GET /robots.txt HTTP/1.0" 200 120
static.140.79.130.94.clients.your-server.de - - [10/Dec/2017:11:12:40 +0100] "GET /robots.txt HTTP/1.0" 200 120
static.140.79.130.94.clients.your-server.de - - [10/Dec/2017:11:12:40 +0100] "GET /robots.txt HTTP/1.0" 200 120
static.140.79.130.94.clients.your-server.de - - [10/Dec/2017:11:12:40 +0100] "GET /robots.txt HTTP/1.0" 200 120
static.140.79.130.94.clients.your-server.de - - [10/Dec/2017:11:12:40 +0100] "GET /robots.txt HTTP/1.0" 200 120
static.140.79.130.94.clients.your-server.de - - [10/Dec/2017:11:12:40 +0100] "GET /robots.txt HTTP/1.0" 200 120
static.140.79.130.94.clients.your-server.de - - [10/Dec/2017:11:12:40 +0100] "GET /robots.txt HTTP/1.0" 200 120
static.140.79.130.94.clients.your-server.de - - [10/Dec/2017:11:12:45 +0100] "GET /robots.txt HTTP/1.0" 200 120
static.140.79.130.94.clients.your-server.de - - [10/Dec/2017:11:12:45 +0100] "GET /robots.txt HTTP/1.0" 200 120
static.140.79.130.94.clients.your-server.de - - [10/Dec/2017:11:12:45 +0100] "GET /galerie.shtml HTTP/1.1" 200 22747
static.140.79.130.94.clients.your-server.de - - [10/Dec/2017:11:12:45 +0100] "GET /robots.txt HTTP/1.0" 200 120
static.140.79.130.94.clients.your-server.de - - [10/Dec/2017:11:12:46 +0100] "GET /robots.txt HTTP/1.0" 200 120
static.140.79.130.94.clients.your-server.de - - [10/Dec/2017:11:12:46 +0100] "GET /robots.txt HTTP/1.0" 200 120
static.140.79.130.94.clients.your-server.de - - [10/Dec/2017:11:12:46 +0100] "GET /robots.txt HTTP/1.0" 200 120
static.140.79.130.94.clients.your-server.de - - [10/Dec/2017:11:12:46 +0100] "GET /robots.txt HTTP/1.0" 200 120
static.140.79.130.94.clients.your-server.de - - [10/Dec/2017:11:12:46 +0100] "GET /robots.txt HTTP/1.0" 200 120
static.140.79.130.94.clients.your-server.de - - [10/Dec/2017:11:12:46 +0100] "GET /robots.txt HTTP/1.0" 200 120
static.140.79.130.94.clients.your-server.de - - [10/Dec/2017:11:12:46 +0100] "GET /robots.txt HTTP/1.0" 200 120
static.140.79.130.94.clients.your-server.de - - [10/Dec/2017:11:12:46 +0100] "GET /robots.txt HTTP/1.0" 200 120
static.140.79.130.94.clients.your-server.de - - [10/Dec/2017:11:12:46 +0100] "GET /robots.txt HTTP/1.0" 200 120
static.140.79.130.94.clients.your-server.de - - [10/Dec/2017:11:12:46 +0100] "GET /robots.txt HTTP/1.0" 200 120
static.140.79.130.94.clients.your-server.de - - [10/Dec/2017:11:12:46 +0100] "GET /robots.txt HTTP/1.0" 200 120
static.140.79.130.94.clients.your-server.de - - [10/Dec/2017:11:12:46 +0100] "GET /robots.txt HTTP/1.0" 200 120
static.140.79.130.94.clients.your-server.de - - [10/Dec/2017:11:12:46 +0100] "GET /robots.txt HTTP/1.0" 200 120
static.140.79.130.94.clients.your-server.de - - [10/Dec/2017:11:12:46 +0100] "GET /robots.txt HTTP/1.0" 200 120
static.140.79.130.94.clients.your-server.de - - [10/Dec/2017:11:12:46 +0100] "GET /robots.txt HTTP/1.0" 200 120
static.140.79.130.94.clients.your-server.de - - [10/Dec/2017:11:12:46 +0100] "GET /robots.txt HTTP/1.0" 200 120
static.140.79.130.94.clients.your-server.de - - [10/Dec/2017:11:12:46 +0100] "GET /robots.txt HTTP/1.0" 200 120
static.140.79.130.94.clients.your-server.de - - [10/Dec/2017:11:12:46 +0100] "GET /robots.txt HTTP/1.0" 200 120
static.140.79.130.94.clients.your-server.de - - [10/Dec/2017:11:12:46 +0100] "GET /robots.txt HTTP/1.0" 200 120
static.140.79.130.94.clients.your-server.de - - [10/Dec/2017:11:12:46 +0100] "GET /robots.txt HTTP/1.0" 200 120
static.140.79.130.94.clients.your-server.de - - [10/Dec/2017:11:12:46 +0100] "GET /robots.txt HTTP/1.0" 200 120
static.140.79.130.94.clients.your-server.de - - [10/Dec/2017:11:12:47 +0100] "GET /robots.txt HTTP/1.0" 200 120
static.140.79.130.94.clients.your-server.de - - [10/Dec/2017:11:12:52 +0100] "GET /robots.txt HTTP/1.0" 200 120
static.140.79.130.94.clients.your-server.de - - [10/Dec/2017:11:12:52 +0100] "GET /robots.txt HTTP/1.0" 200 120
static.140.79.130.94.clients.your-server.de - - [10/Dec/2017:11:12:52 +0100] "GET /robots.txt HTTP/1.0" 200 120
static.140.79.130.94.clients.your-server.de - - [10/Dec/2017:11:12:52 +0100] "GET /robots.txt HTTP/1.0" 200 120
static.140.79.130.94.clients.your-server.de - - [10/Dec/2017:11:12:52 +0100] "GET /robots.txt HTTP/1.0" 200 120
static.140.79.130.94.clients.your-server.de - - [10/Dec/2017:11:12:52 +0100] "GET /robots.txt HTTP/1.0" 200 120
static.140.79.130.94.clients.your-server.de - - [10/Dec/2017:11:12:52 +0100] "GET /robots.txt HTTP/1.0" 200 120
static.140.79.130.94.clients.your-server.de - - [10/Dec/2017:11:12:52 +0100] "GET /galerie-sktrophy-2015.shtml HTTP/1.1" 200 49420
static.140.79.130.94.clients.your-server.de - - [10/Dec/2017:11:12:52 +0100] "GET /robots.txt HTTP/1.0" 200 120
static.140.79.130.94.clients.your-server.de - - [10/Dec/2017:11:12:52 +0100] "GET /robots.txt HTTP/1.0" 200 120
static.140.79.130.94.clients.your-server.de - - [10/Dec/2017:11:12:52 +0100] "GET /robots.txt HTTP/1.0" 200 120
static.140.79.130.94.clients.your-server.de - - [10/Dec/2017:11:12:52 +0100] "GET /robots.txt HTTP/1.0" 200 120
static.140.79.130.94.clients.your-server.de - - [10/Dec/2017:11:12:52 +0100] "GET /robots.txt HTTP/1.0" 200 120
static.140.79.130.94.clients.your-server.de - - [10/Dec/2017:11:12:52 +0100] "GET /robots.txt HTTP/1.0" 200 120
static.140.79.130.94.clients.your-server.de - - [10/Dec/2017:11:12:52 +0100] "GET /robots.txt HTTP/1.0" 200 120
static.140.79.130.94.clients.your-server.de - - [10/Dec/2017:11:12:52 +0100] "GET /robots.txt HTTP/1.0" 200 120
static.140.79.130.94.clients.your-server.de - - [10/Dec/2017:11:12:52 +0100] "GET /robots.txt HTTP/1.0" 200 120
static.140.79.130.94.clients.your-server.de - - [10/Dec/2017:11:12:52 +0100] "GET /robots.txt HTTP/1.0" 200 120
static.140.79.130.94.clients.your-server.de - - [10/Dec/2017:11:12:52 +0100] "GET /robots.txt HTTP/1.0" 200 120
static.140.79.130.94.clients.your-server.de - - [10/Dec/2017:11:12:52 +0100] "GET /robots.txt HTTP/1.0" 200 120
static.140.79.130.94.clients.your-server.de - - [10/Dec/2017:11:12:53 +0100] "GET /robots.txt HTTP/1.0" 200 120
static.140.79.130.94.clients.your-server.de - - [10/Dec/2017:11:12:53 +0100] "GET /robots.txt HTTP/1.0" 200 120
static.140.79.130.94.clients.your-server.de - - [10/Dec/2017:11:12:53 +0100] "GET /robots.txt HTTP/1.0" 200 120
static.140.79.130.94.clients.your-server.de - - [10/Dec/2017:11:12:53 +0100] "GET /robots.txt HTTP/1.0" 200 120
static.140.79.130.94.clients.your-server.de - - [10/Dec/2017:11:12:53 +0100] "GET /robots.txt HTTP/1.0" 200 120
static.140.79.130.94.clients.your-server.de - - [10/Dec/2017:11:12:53 +0100] "GET /robots.txt HTTP/1.0" 200 120
static.140.79.130.94.clients.your-server.de - - [10/Dec/2017:11:12:58 +0100] "GET /robots.txt HTTP/1.0" 200 120
static.140.79.130.94.clients.your-server.de - - [10/Dec/2017:11:12:58 +0100] "GET /var/m_0/0d/0dd/12455/6564666-G3_SKT2015_01.jpg HTTP/1.1" 200 160125
static.140.79.130.94.clients.your-server.de - - [10/Dec/2017:11:13:03 +0100] "GET /var/m_0/0d/0dd/12455/6564668-G3_SKT2015_02.jpg HTTP/1.1" 200 142536
static.140.79.130.94.clients.your-server.de - - [10/Dec/2017:11:13:03 +0100] "GET /robots.txt HTTP/1.0" 200 120
static.140.79.130.94.clients.your-server.de - - [10/Dec/2017:11:13:08 +0100] "GET /var/m_0/0d/0dd/12455/6564669-G3_SKT2015_03.jpg HTTP/1.1" 200 114866
static.140.79.130.94.clients.your-server.de - - [10/Dec/2017:11:13:08 +0100] "GET /robots.txt HTTP/1.0" 200 120
static.140.79.130.94.clients.your-server.de - - [10/Dec/2017:11:13:13 +0100] "GET /robots.txt HTTP/1.0" 200 120
static.140.79.130.94.clients.your-server.de - - [10/Dec/2017:11:13:13 +0100] "GET /var/m_0/0d/0dd/12455/6564670-G3_SKT2015_04.jpg HTTP/1.1" 200 209464
static.140.79.130.94.clients.your-server.de - - [10/Dec/2017:11:13:18 +0100] "GET /var/m_0/0d/0dd/12455/6564672-G3_SKT2015_05.jpg HTTP/1.1" 200 207849
static.140.79.130.94.clients.your-server.de - - [10/Dec/2017:11:13:19 +0100] "GET /robots.txt HTTP/1.0" 200 120
static.140.79.130.94.clients.your-server.de - - [10/Dec/2017:11:13:24 +0100] "GET /robots.txt HTTP/1.0" 200 120
static.140.79.130.94.clients.your-server.de - - [10/Dec/2017:11:13:24 +0100] "GET /var/m_0/0d/0dd/12455/6564673-G3_SKT2015_06.jpg HTTP/1.1" 200 122324
static.140.79.130.94.clients.your-server.de - - [10/Dec/2017:11:13:29 +0100] "GET /var/m_0/0d/0dd/12455/6564674-G3_SKT2015_07.jpg HTTP/1.1" 200 117236
static.140.79.130.94.clients.your-server.de - - [10/Dec/2017:11:13:29 +0100] "GET /robots.txt HTTP/1.0" 200 120
static.140.79.130.94.clients.your-server.de - - [10/Dec/2017:11:13:34 +0100] "GET /robots.txt HTTP/1.0" 200 120
static.140.79.130.94.clients.your-server.de - - [10/Dec/2017:11:13:34 +0100] "GET /var/m_0/0d/0dd/12455/6564675-G3_SKT2015_08.jpg HTTP/1.1" 200 111352
static.140.79.130.94.clients.your-server.de - - [10/Dec/2017:11:13:39 +0100] "GET /var/m_0/0d/0dd/12455/6564676-G3_SKT2015_09.jpg HTTP/1.1" 200 150721
static.140.79.130.94.clients.your-server.de - - [10/Dec/2017:11:13:39 +0100] "GET /robots.txt HTTP/1.0" 200 120
static.140.79.130.94.clients.your-server.de - - [10/Dec/2017:11:13:44 +0100] "GET /robots.txt HTTP/1.0" 200 120
static.140.79.130.94.clients.your-server.de - - [10/Dec/2017:11:13:44 +0100] "GET /var/m_0/0d/0dd/12455/6564678-G3_SKT2015_10.jpg HTTP/1.1" 200 138460
static.140.79.130.94.clients.your-server.de - - [10/Dec/2017:11:13:49 +0100] "GET /robots.txt HTTP/1.0" 200 120
static.140.79.130.94.clients.your-server.de - - [10/Dec/2017:11:13:49 +0100] "GET /var/m_0/0d/0dd/12455/6564679-G3_SKT2015_11.jpg HTTP/1.1" 200 96997
static.140.79.130.94.clients.your-server.de - - [10/Dec/2017:11:13:54 +0100] "GET /robots.txt HTTP/1.0" 200 120
static.140.79.130.94.clients.your-server.de - - [10/Dec/2017:11:13:54 +0100] "GET /var/m_0/0d/0dd/12455/6564681-G3_SKT2015_12.jpg HTTP/1.1" 200 148086
static.140.79.130.94.clients.your-server.de - - [10/Dec/2017:11:14:00 +0100] "GET /robots.txt HTTP/1.0" 200 120
static.140.79.130.94.clients.your-server.de - - [10/Dec/2017:11:14:00 +0100] "GET /var/m_0/0d/0dd/12455/6564682-G3_SKT2015_13.jpg HTTP/1.1" 200 204673
static.140.79.130.94.clients.your-server.de - - [10/Dec/2017:11:14:05 +0100] "GET /var/m_0/0d/0dd/12455/6564683-G3_SKT2015_14.jpg HTTP/1.1" 200 195006
static.140.79.130.94.clients.your-server.de - - [10/Dec/2017:11:14:05 +0100] "GET /robots.txt HTTP/1.0" 200 120
static.140.79.130.94.clients.your-server.de - - [10/Dec/2017:11:14:10 +0100] "GET /var/m_0/0d/0dd/12455/6564684-G3_SKT2015_15.jpg HTTP/1.1" 200 144651
static.140.79.130.94.clients.your-server.de - - [10/Dec/2017:11:14:10 +0100] "GET /robots.txt HTTP/1.0" 200 120
static.140.79.130.94.clients.your-server.de - - [10/Dec/2017:11:14:15 +0100] "GET /robots.txt HTTP/1.0" 200 120
static.140.79.130.94.clients.your-server.de - - [10/Dec/2017:11:14:15 +0100] "GET /var/m_0/0d/0dd/12455/6564685-G3_SKT2015_16.jpg HTTP/1.1" 200 129971
static.140.79.130.94.clients.your-server.de - - [10/Dec/2017:11:14:20 +0100] "GET /robots.txt HTTP/1.0" 200 120
static.140.79.130.94.clients.your-server.de - - [10/Dec/2017:11:14:20 +0100] "GET /var/m_0/0d/0dd/12455/6564686-G3_SKT2015_17.jpg HTTP/1.1" 200 130353
static.140.79.130.94.clients.your-server.de - - [10/Dec/2017:11:14:25 +0100] "GET /var/m_0/0d/0dd/12455/6564687-G3_SKT2015_18.jpg HTTP/1.1" 200 93275
static.140.79.130.94.clients.your-server.de - - [10/Dec/2017:11:14:25 +0100] "GET /robots.txt HTTP/1.0" 200 120
static.140.79.130.94.clients.your-server.de - - [10/Dec/2017:11:14:30 +0100] "GET /var/m_0/0d/0dd/12455/6564688-G3_SKT2015_19.jpg HTTP/1.1" 200 123732
static.140.79.130.94.clients.your-server.de - - [10/Dec/2017:11:14:30 +0100] "GET /robots.txt HTTP/1.0" 200 120
static.140.79.130.94.clients.your-server.de - - [10/Dec/2017:11:14:35 +0100] "GET /var/m_0/0d/0dd/12455/6564690-G3_SKT2015_20.jpg HTTP/1.1" 200 120599
static.140.79.130.94.clients.your-server.de - - [10/Dec/2017:11:14:36 +0100] "GET /robots.txt HTTP/1.0" 200 120
95-108-181-76.spider.yandex.com - - [10/Dec/2017:11:14:39 +0100] "GET /robots.txt HTTP/1.1" 200 120
static.140.79.130.94.clients.your-server.de - - [10/Dec/2017:11:14:41 +0100] "GET /robots.txt HTTP/1.0" 200 120
static.140.79.130.94.clients.your-server.de - - [10/Dec/2017:11:14:41 +0100] "GET /var/m_0/0d/0dd/12455/6564691-G3_SKT2015_21.jpg HTTP/1.1" 200 121870
95-108-181-76.spider.yandex.com - - [10/Dec/2017:11:14:43 +0100] "GET /var/m_0/0d/0dd/12455/143481-G1_SKT2014_05.JPG HTTP/1.1" 200 142942
static.140.79.130.94.clients.your-server.de - - [10/Dec/2017:11:14:46 +0100] "GET /var/m_0/0d/0dd/12455/6564692-G3_SKT2015_22.jpg HTTP/1.1" 200 137091
ec2-54-183-130-127.us-west-1.compute.amazonaws.com - - [10/Dec/2017:11:26:25 +0100] "GET / HTTP/1.1" 200 6440
b110041.yse.yahoo.net - - [10/Dec/2017:11:38:05 +0100] "GET /robots.txt HTTP/1.1" 200 120
b110041.yse.yahoo.net - - [10/Dec/2017:11:38:06 +0100] "GET /galerie-sktrophy-2014.shtml HTTP/1.1" 200 5044
46-118-121-38.broadband.kyivstar.net - - [10/Dec/2017:11:58:34 +0100] "GET / HTTP/1.1" 200 35804
46-118-121-38.broadband.kyivstar.net - - [10/Dec/2017:11:58:35 +0100] "GET / HTTP/1.1" 200 35804
46-118-121-38.broadband.kyivstar.net - - [10/Dec/2017:11:58:36 +0100] "GET / HTTP/1.1" 200 35804
