27.red.226.225.212.procono.es - - [05/Oct/2017:18:07:30 +0200] "GET / HTTP/1.1" 200 35804
27.red.226.225.212.procono.es - - [05/Oct/2017:18:07:37 +0200] "GET /%C3%BCber-uns.shtml HTTP/1.1" 200 21862
27.red.226.225.212.procono.es - - [05/Oct/2017:18:07:45 +0200] "GET /aktuelles-wetter.shtml HTTP/1.1" 200 18388
27.red.226.225.212.procono.es - - [05/Oct/2017:18:07:51 +0200] "GET /davosersee.shtml HTTP/1.1" 200 19505
27.red.226.225.212.procono.es - - [05/Oct/2017:18:07:54 +0200] "GET /event-gruppesmartkat.shtml HTTP/1.1" 200 21256
27.red.226.225.212.procono.es - - [05/Oct/2017:18:07:57 +0200] "GET /event-matchracing.shtml HTTP/1.1" 200 21251
27.red.226.225.212.procono.es - - [05/Oct/2017:18:08:01 +0200] "GET /event-pedalo.shtml HTTP/1.1" 200 20248
27.red.226.225.212.procono.es - - [05/Oct/2017:18:08:07 +0200] "GET /events.shtml HTTP/1.1" 200 22514
27.red.226.225.212.procono.es - - [05/Oct/2017:18:08:23 +0200] "GET /flotte.shtml HTTP/1.1" 200 29241
27.red.226.225.212.procono.es - - [05/Oct/2017:18:08:34 +0200] "GET /galerie-gruppesmartkat.shtml HTTP/1.1" 200 20574
27.red.226.225.212.procono.es - - [05/Oct/2017:18:08:35 +0200] "GET /galerie-matchracing.shtml HTTP/1.1" 200 21704
27.red.226.225.212.procono.es - - [05/Oct/2017:18:08:40 +0200] "GET /galerie-sktrophy-2014.shtml HTTP/1.1" 200 29913
27.red.226.225.212.procono.es - - [05/Oct/2017:18:08:47 +0200] "GET /galerie-sktrophy-2015.shtml HTTP/1.1" 200 49420
27.red.226.225.212.procono.es - - [05/Oct/2017:18:08:58 +0200] "GET /galerie.shtml HTTP/1.1" 200 22747
27.red.226.225.212.procono.es - - [05/Oct/2017:18:09:02 +0200] "GET /kinder-segelkurs.shtml HTTP/1.1" 200 19898
27.red.226.225.212.procono.es - - [05/Oct/2017:18:09:07 +0200] "GET /kursanmeldung.shtml HTTP/1.1" 200 49926
27.red.226.225.212.procono.es - - [05/Oct/2017:18:09:15 +0200] "GET /kurse.shtml HTTP/1.1" 200 31031
27.red.226.225.212.procono.es - - [05/Oct/2017:18:09:21 +0200] "GET /optikurse-2014.shtml HTTP/1.1" 200 26353
27.red.226.225.212.procono.es - - [05/Oct/2017:18:09:25 +0200] "GET /pruefungskurs.shtml HTTP/1.1" 200 23039
27.red.226.225.212.procono.es - - [05/Oct/2017:18:09:39 +0200] "GET /segel-grundkurs.shtml HTTP/1.1" 200 21440
27.red.226.225.212.procono.es - - [05/Oct/2017:18:09:53 +0200] "GET /segelkurs-jollesmartkat.shtml HTTP/1.1" 200 19993
27.red.226.225.212.procono.es - - [05/Oct/2017:18:09:57 +0200] "GET /smartkat-crashkurs.shtml HTTP/1.1" 200 17863
27.red.226.225.212.procono.es - - [05/Oct/2017:18:10:00 +0200] "GET /standort.shtml HTTP/1.1" 200 17547
crawl-66-249-75-15.googlebot.com - - [05/Oct/2017:18:14:15 +0200] "GET /var/m_0/0d/0dd/12455/143586-SP_DK1.jpg HTTP/1.1" 304 -
crawl-66-249-75-17.googlebot.com - - [05/Oct/2017:18:16:21 +0200] "GET /var/m_0/0d/0dd/12455/143584-SP_Lemm1.jpg HTTP/1.1" 304 -
27.red.226.225.212.procono.es - - [05/Oct/2017:18:10:04 +0200] "GET /vermietung.shtml HTTP/1.1" 200 -
msnbot-157-55-39-174.search.msn.com - - [05/Oct/2017:18:28:40 +0200] "GET /%C3%83%C6%92%C3%82%C2%BCber-uns.shtml HTTP/1.1" 200 4297
crawl-66-249-75-139.googlebot.com - - [05/Oct/2017:18:29:14 +0200] "GET /var/m_0/0d/0dd/12455/125494-14_Vermietung.JPG HTTP/1.1" 304 -
p4FC258B8.dip0.t-ipconnect.de - - [05/Oct/2017:18:29:19 +0200] "GET / HTTP/1.1" 200 6440
p4FC258B8.dip0.t-ipconnect.de - - [05/Oct/2017:18:29:20 +0200] "GET /js/footer/get_deps.min.js?v=6.6.7.2.41064 HTTP/1.1" 200 157
p4FC258B8.dip0.t-ipconnect.de - - [05/Oct/2017:18:29:20 +0200] "GET /css/widgets/concat_widget.min.css?v=6.6.7.2.41064 HTTP/1.1" 200 24507
p4FC258B8.dip0.t-ipconnect.de - - [05/Oct/2017:18:29:20 +0200] "GET /templates/creator/m_f/fa/fa7/164/css/main.min.css?v=1483633820 HTTP/1.1" 200 1797
p4FC258B8.dip0.t-ipconnect.de - - [05/Oct/2017:18:29:20 +0200] "GET /js/footer/build_social_entries.min.js?v=6.6.7.2.41064 HTTP/1.1" 200 278
p4FC258B8.dip0.t-ipconnect.de - - [05/Oct/2017:18:29:20 +0200] "GET /templates/creator/m_f/fa/fa7/164/assets/wp-menu.js?v=1483633820 HTTP/1.1" 200 1089
p4FC258B8.dip0.t-ipconnect.de - - [05/Oct/2017:18:29:20 +0200] "GET /templates/creator/m_f/fa/fa7/164/assets/respond.min.js?v=1483633820 HTTP/1.1" 200 2085
p4FC258B8.dip0.t-ipconnect.de - - [05/Oct/2017:18:29:20 +0200] "GET /js/jquery.lazyload.min.js?v=6.6.7.2.41064 HTTP/1.1" 200 1283
p4FC258B8.dip0.t-ipconnect.de - - [05/Oct/2017:18:29:20 +0200] "GET /var/m_0/0d/0dd/12455/143351-Header_Segelschule.jpg HTTP/1.1" 200 107532
p4FC258B8.dip0.t-ipconnect.de - - [05/Oct/2017:18:29:20 +0200] "GET /var/m_0/0d/0dd/12455/8254793-J70_Davos.w1024.jpg HTTP/1.1" 200 191999
p4FC258B8.dip0.t-ipconnect.de - - [05/Oct/2017:18:29:20 +0200] "GET /var/m_0/0d/0dd/12455/8218280-65_Regatta.JPG HTTP/1.1" 200 192350
p4FC258B8.dip0.t-ipconnect.de - - [05/Oct/2017:18:29:20 +0200] "GET /var/m_0/0d/0dd/12455/125494-14_Vermietung.JPG HTTP/1.1" 200 95115
p4FC258B8.dip0.t-ipconnect.de - - [05/Oct/2017:18:29:20 +0200] "GET /css/skeleton.css HTTP/1.1" 200 3511
p4FC258B8.dip0.t-ipconnect.de - - [05/Oct/2017:18:29:20 +0200] "GET /var/m_0/0d/0dd/12455/125493-13_Kurse.JPG HTTP/1.1" 200 70517
p4FC258B8.dip0.t-ipconnect.de - - [05/Oct/2017:18:29:20 +0200] "GET /var/m_0/0d/0dd/12455/7230972-19_Matchracing.jpg HTTP/1.1" 200 55347
p4FC258B8.dip0.t-ipconnect.de - - [05/Oct/2017:18:29:20 +0200] "GET /templates/creator/m_f/fa/fa7/164/css/style.min.css?v=1483633820 HTTP/1.1" 200 847
p4FC258B8.dip0.t-ipconnect.de - - [05/Oct/2017:18:29:20 +0200] "GET /templates/creator/m_f/fa/fa7/164/assets/slide.js?v=1483633820 HTTP/1.1" 200 662
p4FC258B8.dip0.t-ipconnect.de - - [05/Oct/2017:18:29:20 +0200] "GET /js/functions_stripped.js?v=6.6.7.2.41064 HTTP/1.1" 200 3186
p4FC258B8.dip0.t-ipconnect.de - - [05/Oct/2017:18:29:20 +0200] "GET /var/m_0/0d/0dd/12455/6564603-SK_Tro_Head.jpg HTTP/1.1" 200 136780
p4FC258B8.dip0.t-ipconnect.de - - [05/Oct/2017:18:29:21 +0200] "GET /var/m_0/0d/0dd/12455/143586-SP_DK1.jpg HTTP/1.1" 200 3071
p4FC258B8.dip0.t-ipconnect.de - - [05/Oct/2017:18:29:21 +0200] "GET /var/m_0/0d/0dd/12455/143580-SP_Heierling1.jpg HTTP/1.1" 200 2613
p4FC258B8.dip0.t-ipconnect.de - - [05/Oct/2017:18:29:21 +0200] "GET /var/m_0/0d/0dd/12455/125495-15_Event.JPG HTTP/1.1" 200 59088
p4FC258B8.dip0.t-ipconnect.de - - [05/Oct/2017:18:29:21 +0200] "GET /var/m_0/0d/0dd/12455/143584-SP_Lemm1.jpg HTTP/1.1" 200 2321
p4FC258B8.dip0.t-ipconnect.de - - [05/Oct/2017:18:29:22 +0200] "GET /var/m_0/0d/0dd/12455/8288159-EWD_rgb_pos.jpg HTTP/1.1" 200 207458
p4FC258B8.dip0.t-ipconnect.de - - [05/Oct/2017:18:29:22 +0200] "GET /var/m_0/0d/0dd/12455/143582-SP_Gipfel1.jpg HTTP/1.1" 200 2688
p4FC258B8.dip0.t-ipconnect.de - - [05/Oct/2017:18:29:23 +0200] "GET /templates/resellers/7/favicon.ico?v=1506103971 HTTP/1.1" 200 4286
p4FC258B8.dip0.t-ipconnect.de - - [05/Oct/2017:18:30:04 +0200] "GET /%C3%BCber-uns.shtml HTTP/1.1" 200 4740
p4FC258B8.dip0.t-ipconnect.de - - [05/Oct/2017:18:30:05 +0200] "GET /css/widgets/concat_widget.min.css?v=6.6.7.2.41064 HTTP/1.1" 200 24507
p4FC258B8.dip0.t-ipconnect.de - - [05/Oct/2017:18:30:05 +0200] "GET /templates/creator/m_f/fa/fa7/164/css/style.min.css?v=1483633820 HTTP/1.1" 200 847
p4FC258B8.dip0.t-ipconnect.de - - [05/Oct/2017:18:30:05 +0200] "GET /css/skeleton.css HTTP/1.1" 200 3511
p4FC258B8.dip0.t-ipconnect.de - - [05/Oct/2017:18:30:05 +0200] "GET /js/footer/get_deps.min.js?v=6.6.7.2.41064 HTTP/1.1" 200 157
p4FC258B8.dip0.t-ipconnect.de - - [05/Oct/2017:18:30:05 +0200] "GET /templates/creator/m_f/fa/fa7/164/assets/respond.min.js?v=1483633820 HTTP/1.1" 200 2085
p4FC258B8.dip0.t-ipconnect.de - - [05/Oct/2017:18:30:05 +0200] "GET /js/functions_stripped.js?v=6.6.7.2.41064 HTTP/1.1" 200 3186
p4FC258B8.dip0.t-ipconnect.de - - [05/Oct/2017:18:30:05 +0200] "GET /js/footer/build_social_entries.min.js?v=6.6.7.2.41064 HTTP/1.1" 200 278
p4FC258B8.dip0.t-ipconnect.de - - [05/Oct/2017:18:30:05 +0200] "GET /templates/creator/m_f/fa/fa7/164/assets/slide.js?v=1483633820 HTTP/1.1" 200 662
p4FC258B8.dip0.t-ipconnect.de - - [05/Oct/2017:18:30:05 +0200] "GET /js/jquery.lazyload.min.js?v=6.6.7.2.41064 HTTP/1.1" 200 1283
p4FC258B8.dip0.t-ipconnect.de - - [05/Oct/2017:18:30:05 +0200] "GET /templates/creator/m_f/fa/fa7/164/css/main.min.css?v=1483633820 HTTP/1.1" 200 1797
p4FC258B8.dip0.t-ipconnect.de - - [05/Oct/2017:18:30:05 +0200] "GET /templates/creator/m_f/fa/fa7/164/assets/wp-menu.js?v=1483633820 HTTP/1.1" 200 1089
p4FC258B8.dip0.t-ipconnect.de - - [05/Oct/2017:18:30:05 +0200] "GET /var/m_0/0d/0dd/12455/143352-Header_Segelschule_2.jpg HTTP/1.1" 200 107532
p4FC258B8.dip0.t-ipconnect.de - - [05/Oct/2017:18:30:06 +0200] "GET /var/m_0/0d/0dd/12455/119662-DSC_7544.JPG HTTP/1.1" 200 65485
p4FC258B8.dip0.t-ipconnect.de - - [05/Oct/2017:18:30:06 +0200] "GET /var/m_0/0d/0dd/12455/126125-42_Standort.JPG HTTP/1.1" 200 63490
p4FC258B8.dip0.t-ipconnect.de - - [05/Oct/2017:18:30:06 +0200] "GET /var/m_0/0d/0dd/12455/126124-41_Wetter.JPG HTTP/1.1" 200 26919
p4FC258B8.dip0.t-ipconnect.de - - [05/Oct/2017:18:30:06 +0200] "GET /var/m_0/0d/0dd/12455/125486-2_Sportkurs.JPG HTTP/1.1" 200 69000
p4FC258B8.dip0.t-ipconnect.de - - [05/Oct/2017:18:30:07 +0200] "GET /templates/resellers/7/favicon.ico?v=1506148998 HTTP/1.1" 200 4286
p4FC258B8.dip0.t-ipconnect.de - - [05/Oct/2017:18:30:12 +0200] "GET /standort.shtml HTTP/1.1" 200 4717
p4FC258B8.dip0.t-ipconnect.de - - [05/Oct/2017:18:30:14 +0200] "GET /templates/resellers/7/favicon.ico?v=1506147146 HTTP/1.1" 200 4286
p4FC258B8.dip0.t-ipconnect.de - - [05/Oct/2017:18:30:34 +0200] "GET /davosersee.shtml HTTP/1.1" 200 5477
p4FC258B8.dip0.t-ipconnect.de - - [05/Oct/2017:18:30:35 +0200] "GET /var/m_0/0d/0dd/12455/126126-43_See.JPG HTTP/1.1" 200 86511
p4FC258B8.dip0.t-ipconnect.de - - [05/Oct/2017:18:30:36 +0200] "GET /templates/resellers/7/favicon.ico?v=1506147110 HTTP/1.1" 200 4286
hydrogen272.a.ahrefs.com - - [05/Oct/2017:18:31:24 +0200] "GET /var/m_0/0d/0dd/12455/143484-G1_SKT2014_08.JPG HTTP/1.1" 200 146571
ip4da2f927.direct-adsl.nl - - [05/Oct/2017:18:31:31 +0200] "GET / HTTP/1.1" 200 35804
ip4da2f927.direct-adsl.nl - - [05/Oct/2017:18:31:41 +0200] "GET /%C3%BCber-uns.shtml HTTP/1.1" 200 21862
ip4da2f927.direct-adsl.nl - - [05/Oct/2017:18:31:50 +0200] "GET /aktuelles-wetter.shtml HTTP/1.1" 200 18388
ip4da2f927.direct-adsl.nl - - [05/Oct/2017:18:31:51 +0200] "GET /davosersee.shtml HTTP/1.1" 200 19505
ip4da2f927.direct-adsl.nl - - [05/Oct/2017:18:31:57 +0200] "GET /event-gruppesmartkat.shtml HTTP/1.1" 200 21256
ip4da2f927.direct-adsl.nl - - [05/Oct/2017:18:32:06 +0200] "GET /event-matchracing.shtml HTTP/1.1" 200 21251
ip4da2f927.direct-adsl.nl - - [05/Oct/2017:18:32:07 +0200] "GET /event-pedalo.shtml HTTP/1.1" 200 20248
ip4da2f927.direct-adsl.nl - - [05/Oct/2017:18:32:12 +0200] "GET /events.shtml HTTP/1.1" 200 22514
ip4da2f927.direct-adsl.nl - - [05/Oct/2017:18:32:19 +0200] "GET /flotte.shtml HTTP/1.1" 200 29241
ip4da2f927.direct-adsl.nl - - [05/Oct/2017:18:32:21 +0200] "GET /galerie-gruppesmartkat.shtml HTTP/1.1" 200 20574
ip4da2f927.direct-adsl.nl - - [05/Oct/2017:18:32:30 +0200] "GET /galerie-matchracing.shtml HTTP/1.1" 200 21704
ip4da2f927.direct-adsl.nl - - [05/Oct/2017:18:32:38 +0200] "GET /galerie-sktrophy-2014.shtml HTTP/1.1" 200 29913
ip4da2f927.direct-adsl.nl - - [05/Oct/2017:18:32:47 +0200] "GET /galerie-sktrophy-2015.shtml HTTP/1.1" 200 49420
ip4da2f927.direct-adsl.nl - - [05/Oct/2017:18:32:48 +0200] "GET /galerie.shtml HTTP/1.1" 200 22747
ip4da2f927.direct-adsl.nl - - [05/Oct/2017:18:32:57 +0200] "GET /kinder-segelkurs.shtml HTTP/1.1" 200 19898
ip4da2f927.direct-adsl.nl - - [05/Oct/2017:18:33:09 +0200] "GET /kursanmeldung.shtml HTTP/1.1" 200 49926
ip4da2f927.direct-adsl.nl - - [05/Oct/2017:18:33:19 +0200] "GET /kurse.shtml HTTP/1.1" 200 31031
ip4da2f927.direct-adsl.nl - - [05/Oct/2017:18:33:30 +0200] "GET /optikurse-2014.shtml HTTP/1.1" 200 26353
ip4da2f927.direct-adsl.nl - - [05/Oct/2017:18:33:30 +0200] "GET /pruefungskurs.shtml HTTP/1.1" 200 23039
ip4da2f927.direct-adsl.nl - - [05/Oct/2017:18:33:41 +0200] "GET /segel-grundkurs.shtml HTTP/1.1" 200 21440
ip4da2f927.direct-adsl.nl - - [05/Oct/2017:18:33:42 +0200] "GET /segelkurs-jollesmartkat.shtml HTTP/1.1" 200 19993
ip4da2f927.direct-adsl.nl - - [05/Oct/2017:18:33:52 +0200] "GET /smartkat-crashkurs.shtml HTTP/1.1" 200 17863
ip4da2f927.direct-adsl.nl - - [05/Oct/2017:18:34:02 +0200] "GET /standort.shtml HTTP/1.1" 200 17547
ip4da2f927.direct-adsl.nl - - [05/Oct/2017:18:34:12 +0200] "GET /vermietung.shtml HTTP/1.1" 200 25728
ip4da2f927.direct-adsl.nl - - [05/Oct/2017:18:34:27 +0200] "GET /js/functions_stripped.js?v=6.6.7.2.41064 HTTP/1.1" 200 7672
ip4da2f927.direct-adsl.nl - - [05/Oct/2017:18:34:35 +0200] "GET /js/jquery.lazyload.min.js?v=6.6.7.2.41064 HTTP/1.1" 200 3342
ip4da2f927.direct-adsl.nl - - [05/Oct/2017:18:34:35 +0200] "GET /Perspectiva.html? HTTP/1.1" 200 18069
ip4da2f927.direct-adsl.nl - - [05/Oct/2017:18:34:46 +0200] "GET /aktuelles-wetter HTTP/1.1" 200 18388
dslb-188-108-095-104.188.108.pools.vodafone-ip.de - - [05/Oct/2017:18:38:19 +0200] "GET / HTTP/1.1" 200 6401
crawl-66-249-75-137.googlebot.com - - [05/Oct/2017:18:46:01 +0200] "GET /templates/resellers/7/favicon.ico?v=1504088693 HTTP/1.1" 304 -
crawl-66-249-75-16.googlebot.com - - [05/Oct/2017:18:49:37 +0200] "GET /var/m_0/0d/0dd/12455/8288159-EWD_rgb_pos.jpg HTTP/1.1" 304 -
crawl-66-249-69-144.googlebot.com - - [05/Oct/2017:18:49:57 +0200] "GET /var/m_0/0d/0dd/12455/8254793-J70_Davos.w1024.jpg HTTP/1.1" 304 -
crawl-66-249-75-15.googlebot.com - - [05/Oct/2017:18:54:07 +0200] "GET /var/m_0/0d/0dd/12455/143582-SP_Gipfel1.jpg HTTP/1.1" 304 -
