malta1844.startdedicated.de - - [12/Oct/2017:18:20:20 +0200] "GET /galerie.shtml HTTP/1.1" 200 4483
msnbot-207-46-13-184.search.msn.com - - [12/Oct/2017:18:32:46 +0200] "GET /css/widgets/concat_widget.min.css?v=6.6.7.2.41064 HTTP/1.1" 200 24507
msnbot-157-55-39-243.search.msn.com - - [12/Oct/2017:18:32:48 +0200] "GET /js/efu/w.gallery.min.js?v=6.6.7.2.41064 HTTP/1.1" 200 181
msnbot-157-55-39-243.search.msn.com - - [12/Oct/2017:18:32:48 +0200] "GET /js/fancybox2/jquery.fancybox.min.css?v=6.6.7.2.41064 HTTP/1.1" 200 1020
msnbot-157-55-39-243.search.msn.com - - [12/Oct/2017:18:32:48 +0200] "GET /js/fancybox2/jquery.fancybox.min.js?v=6.6.7.2.41064 HTTP/1.1" 200 6267
msnbot-157-55-39-243.search.msn.com - - [12/Oct/2017:18:32:48 +0200] "GET /js/efu/main.min.js?v=6.6.7.2.41064 HTTP/1.1" 200 1746
msnbot-157-55-39-243.search.msn.com - - [12/Oct/2017:18:32:49 +0200] "GET /js/functions_stripped.js?v=6.6.7.2.41064 HTTP/1.1" 200 3186
msnbot-157-55-39-243.search.msn.com - - [12/Oct/2017:18:32:49 +0200] "GET /js/footer/build_social_entries.min.js?v=6.6.7.2.41064 HTTP/1.1" 200 278
msnbot-157-55-39-243.search.msn.com - - [12/Oct/2017:18:32:49 +0200] "GET /templates/creator/m_f/fa/fa7/164/css/main.min.css?v=1483633820 HTTP/1.1" 200 1797
msnbot-157-55-39-243.search.msn.com - - [12/Oct/2017:18:32:49 +0200] "GET /templates/creator/m_f/fa/fa7/164/assets/wp-menu.js?v=1483633820 HTTP/1.1" 200 1089
msnbot-40-77-167-130.search.msn.com - - [12/Oct/2017:18:32:54 +0200] "GET /templates/creator/m_f/fa/fa7/164/assets/slide.js?v=1483633820 HTTP/1.1" 200 662
msnbot-157-55-39-17.search.msn.com - - [12/Oct/2017:18:33:37 +0200] "GET /robots.txt HTTP/1.1" 200 80
msnbot-157-55-39-17.search.msn.com - - [12/Oct/2017:18:33:40 +0200] "GET /css/skeleton.css HTTP/1.1" 200 3511
msnbot-157-55-39-17.search.msn.com - - [12/Oct/2017:18:33:41 +0200] "GET /js/jquery.lazyload.min.js?v=6.6.7.2.41064 HTTP/1.1" 200 1283
msnbot-157-55-39-17.search.msn.com - - [12/Oct/2017:18:33:41 +0200] "GET /js/galleryLightbox/gallery-paging.min.js?v=6.6.7.2.41064 HTTP/1.1" 200 1107
msnbot-157-55-39-17.search.msn.com - - [12/Oct/2017:18:33:41 +0200] "GET /js/footer/get_deps.min.js?v=6.6.7.2.41064 HTTP/1.1" 200 157
msnbot-157-55-39-17.search.msn.com - - [12/Oct/2017:18:36:03 +0200] "GET /templates/creator/m_f/fa/fa7/164/assets/respond.min.js?v=1483633820 HTTP/1.1" 200 2085
malta1844.startdedicated.de - - [12/Oct/2017:18:48:50 +0200] "GET /robots.txt HTTP/1.1" 200 80
malta1844.startdedicated.de - - [12/Oct/2017:18:48:50 +0200] "GET /standort.shtml HTTP/1.1" 200 4717
31.10.155.253 - - [12/Oct/2017:18:54:29 +0200] "GET /var/m_0/0d/0dd/12455/126126-43_See.JPG HTTP/1.1" 200 86511
