static.232.33.243.136.clients.your-server.de - - [19/Nov/2017:15:01:05 +0100] "GET / HTTP/1.1" 200 6440
static.232.33.243.136.clients.your-server.de - - [19/Nov/2017:15:01:06 +0100] "GET /robots.txt HTTP/1.1" 200 80
localhost, 136.243.33.232 - - [19/Nov/2017:15:01:06 +0100] "GET / HTTP/1.1" 200 6440
static.232.33.243.136.clients.your-server.de - - [19/Nov/2017:15:01:07 +0100] "GET / HTTP/1.1" 200 6440
static.232.33.243.136.clients.your-server.de - - [19/Nov/2017:15:01:08 +0100] "GET /kinder-segelkurs.shtml HTTP/1.1" 200 5171
static.232.33.243.136.clients.your-server.de - - [19/Nov/2017:15:01:08 +0100] "GET /event-matchracing.shtml HTTP/1.1" 200 5634
static.232.33.243.136.clients.your-server.de - - [19/Nov/2017:15:01:08 +0100] "GET /segel-grundkurs.shtml HTTP/1.1" 200 5378
static.232.33.243.136.clients.your-server.de - - [19/Nov/2017:15:01:08 +0100] "GET /galerie-gruppesmartkat.shtml HTTP/1.1" 200 4863
static.232.33.243.136.clients.your-server.de - - [19/Nov/2017:15:01:08 +0100] "GET /segelkurs-jollesmartkat.shtml HTTP/1.1" 200 5139
static.232.33.243.136.clients.your-server.de - - [19/Nov/2017:15:01:08 +0100] "GET /aktuelles-wetter.shtml HTTP/1.1" 200 4575
static.232.33.243.136.clients.your-server.de - - [19/Nov/2017:15:01:08 +0100] "GET /galerie-sktrophy-2015.shtml HTTP/1.1" 200 5939
static.232.33.243.136.clients.your-server.de - - [19/Nov/2017:15:01:08 +0100] "GET /standort.shtml HTTP/1.1" 200 4717
static.232.33.243.136.clients.your-server.de - - [19/Nov/2017:15:01:08 +0100] "GET /event-gruppesmartkat.shtml HTTP/1.1" 200 5645
static.232.33.243.136.clients.your-server.de - - [19/Nov/2017:15:01:09 +0100] "GET /events.shtml HTTP/1.1" 200 5297
static.232.33.243.136.clients.your-server.de - - [19/Nov/2017:15:01:09 +0100] "GET /smartkat-crashkurs.shtml HTTP/1.1" 200 4808
static.232.33.243.136.clients.your-server.de - - [19/Nov/2017:15:01:09 +0100] "GET /%C3%BCber-uns.shtml HTTP/1.1" 200 4740
static.232.33.243.136.clients.your-server.de - - [19/Nov/2017:15:01:09 +0100] "GET /flotte.shtml HTTP/1.1" 200 6274
static.232.33.243.136.clients.your-server.de - - [19/Nov/2017:15:01:09 +0100] "GET /pruefungskurs.shtml HTTP/1.1" 200 5895
static.232.33.243.136.clients.your-server.de - - [19/Nov/2017:15:01:09 +0100] "GET /kursanmeldung.shtml HTTP/1.1" 200 10952
static.232.33.243.136.clients.your-server.de - - [19/Nov/2017:15:01:10 +0100] "GET /davosersee.shtml HTTP/1.1" 200 5477
static.232.33.243.136.clients.your-server.de - - [19/Nov/2017:15:01:10 +0100] "GET /event-pedalo.shtml HTTP/1.1" 200 5342
static.232.33.243.136.clients.your-server.de - - [19/Nov/2017:15:01:10 +0100] "GET /kurse.shtml HTTP/1.1" 200 6280
static.232.33.243.136.clients.your-server.de - - [19/Nov/2017:15:01:10 +0100] "GET /galerie-sktrophy-2014.shtml HTTP/1.1" 200 5044
static.232.33.243.136.clients.your-server.de - - [19/Nov/2017:15:01:10 +0100] "GET /galerie.shtml HTTP/1.1" 200 4483
static.232.33.243.136.clients.your-server.de - - [19/Nov/2017:15:01:10 +0100] "GET /vermietung.shtml HTTP/1.1" 200 5099
static.232.33.243.136.clients.your-server.de - - [19/Nov/2017:15:01:10 +0100] "GET /optikurse-2014.shtml HTTP/1.1" 200 4938
static.232.33.243.136.clients.your-server.de - - [19/Nov/2017:15:01:10 +0100] "GET / HTTP/1.1" 200 6440
static.232.33.243.136.clients.your-server.de - - [19/Nov/2017:15:01:13 +0100] "GET / HTTP/1.1" 200 6440
static.232.33.243.136.clients.your-server.de - - [19/Nov/2017:15:01:15 +0100] "GET /aktuelles-wetter.shtml HTTP/1.1" 200 4575
static.232.33.243.136.clients.your-server.de - - [19/Nov/2017:15:01:17 +0100] "GET /kinder-segelkurs.shtml HTTP/1.1" 200 5171
static.232.33.243.136.clients.your-server.de - - [19/Nov/2017:15:01:19 +0100] "GET /segel-grundkurs.shtml HTTP/1.1" 200 5378
static.232.33.243.136.clients.your-server.de - - [19/Nov/2017:15:01:21 +0100] "GET /galerie-sktrophy-2015.shtml HTTP/1.1" 200 5939
static.232.33.243.136.clients.your-server.de - - [19/Nov/2017:15:01:24 +0100] "GET /galerie-gruppesmartkat.shtml HTTP/1.1" 200 4863
static.232.33.243.136.clients.your-server.de - - [19/Nov/2017:15:01:26 +0100] "GET /segelkurs-jollesmartkat.shtml HTTP/1.1" 200 5139
static.232.33.243.136.clients.your-server.de - - [19/Nov/2017:15:01:28 +0100] "GET /event-matchracing.shtml HTTP/1.1" 200 5634
static.232.33.243.136.clients.your-server.de - - [19/Nov/2017:15:01:30 +0100] "GET /standort.shtml HTTP/1.1" 200 4717
static.232.33.243.136.clients.your-server.de - - [19/Nov/2017:15:01:32 +0100] "GET /event-gruppesmartkat.shtml HTTP/1.1" 200 5645
static.232.33.243.136.clients.your-server.de - - [19/Nov/2017:15:01:34 +0100] "GET /flotte.shtml HTTP/1.1" 200 6274
static.232.33.243.136.clients.your-server.de - - [19/Nov/2017:15:01:36 +0100] "GET /smartkat-crashkurs.shtml HTTP/1.1" 200 4808
static.232.33.243.136.clients.your-server.de - - [19/Nov/2017:15:01:38 +0100] "GET /events.shtml HTTP/1.1" 200 5297
static.232.33.243.136.clients.your-server.de - - [19/Nov/2017:15:01:40 +0100] "GET /pruefungskurs.shtml HTTP/1.1" 200 5895
static.232.33.243.136.clients.your-server.de - - [19/Nov/2017:15:01:42 +0100] "GET /%C3%BCber-uns.shtml HTTP/1.1" 200 4740
static.232.33.243.136.clients.your-server.de - - [19/Nov/2017:15:01:45 +0100] "GET /kursanmeldung.shtml HTTP/1.1" 200 10952
static.232.33.243.136.clients.your-server.de - - [19/Nov/2017:15:01:47 +0100] "GET /galerie.shtml HTTP/1.1" 200 4483
static.232.33.243.136.clients.your-server.de - - [19/Nov/2017:15:01:49 +0100] "GET /event-pedalo.shtml HTTP/1.1" 200 5342
static.232.33.243.136.clients.your-server.de - - [19/Nov/2017:15:01:51 +0100] "GET /vermietung.shtml HTTP/1.1" 200 5099
static.232.33.243.136.clients.your-server.de - - [19/Nov/2017:15:01:53 +0100] "GET /davosersee.shtml HTTP/1.1" 200 5477
static.232.33.243.136.clients.your-server.de - - [19/Nov/2017:15:01:55 +0100] "GET /kurse.shtml HTTP/1.1" 200 6280
static.232.33.243.136.clients.your-server.de - - [19/Nov/2017:15:01:57 +0100] "GET /optikurse-2014.shtml HTTP/1.1" 200 4938
static.232.33.243.136.clients.your-server.de - - [19/Nov/2017:15:01:59 +0100] "GET /galerie-sktrophy-2014.shtml HTTP/1.1" 200 5044
static.232.33.243.136.clients.your-server.de - - [19/Nov/2017:15:02:01 +0100] "GET /galerie-matchracing.shtml HTTP/1.1" 200 4859
static.232.33.243.136.clients.your-server.de - - [19/Nov/2017:15:02:03 +0100] "GET /aktuelles-wetter HTTP/1.1" 200 4575
static.232.33.243.136.clients.your-server.de - - [19/Nov/2017:15:02:05 +0100] "GET /kinder-segelkurs HTTP/1.1" 200 5172
static.232.33.243.136.clients.your-server.de - - [19/Nov/2017:15:02:08 +0100] "GET /segel-grundkurs HTTP/1.1" 200 5378
static.232.33.243.136.clients.your-server.de - - [19/Nov/2017:15:02:10 +0100] "GET /galerie-sktrophy-2015 HTTP/1.1" 200 5939
static.232.33.243.136.clients.your-server.de - - [19/Nov/2017:15:02:12 +0100] "GET /galerie-gruppesmartkat HTTP/1.1" 200 4863
static.232.33.243.136.clients.your-server.de - - [19/Nov/2017:15:02:14 +0100] "GET /segelkurs-jollesmartkat HTTP/1.1" 200 5140
static.232.33.243.136.clients.your-server.de - - [19/Nov/2017:15:02:16 +0100] "GET /event-matchracing HTTP/1.1" 200 5634
static.232.33.243.136.clients.your-server.de - - [19/Nov/2017:15:02:18 +0100] "GET /standort HTTP/1.1" 200 4717
static.232.33.243.136.clients.your-server.de - - [19/Nov/2017:15:02:20 +0100] "GET /event-gruppesmartkat HTTP/1.1" 200 5645
static.232.33.243.136.clients.your-server.de - - [19/Nov/2017:15:02:22 +0100] "GET /flotte HTTP/1.1" 200 6274
static.232.33.243.136.clients.your-server.de - - [19/Nov/2017:15:02:24 +0100] "GET /smartkat-crashkurs HTTP/1.1" 200 4808
static.232.33.243.136.clients.your-server.de - - [19/Nov/2017:15:02:27 +0100] "GET /events HTTP/1.1" 200 5296
static.232.33.243.136.clients.your-server.de - - [19/Nov/2017:15:02:29 +0100] "GET /pruefungskurs HTTP/1.1" 200 5895
static.232.33.243.136.clients.your-server.de - - [19/Nov/2017:15:02:31 +0100] "GET /%C3%BCber-uns HTTP/1.1" 200 4741
static.232.33.243.136.clients.your-server.de - - [19/Nov/2017:15:02:33 +0100] "GET /galerie HTTP/1.1" 200 4483
static.232.33.243.136.clients.your-server.de - - [19/Nov/2017:15:02:35 +0100] "GET /event-pedalo HTTP/1.1" 200 5342
static.232.33.243.136.clients.your-server.de - - [19/Nov/2017:15:02:37 +0100] "GET /vermietung HTTP/1.1" 200 5100
static.232.33.243.136.clients.your-server.de - - [19/Nov/2017:15:02:39 +0100] "GET /davosersee HTTP/1.1" 200 5477
static.232.33.243.136.clients.your-server.de - - [19/Nov/2017:15:02:42 +0100] "GET /kurse HTTP/1.1" 200 6281
static.232.33.243.136.clients.your-server.de - - [19/Nov/2017:15:02:44 +0100] "GET /optikurse-2014 HTTP/1.1" 200 4938
static.232.33.243.136.clients.your-server.de - - [19/Nov/2017:15:02:46 +0100] "GET /galerie-sktrophy-2014 HTTP/1.1" 200 5044
static.232.33.243.136.clients.your-server.de - - [19/Nov/2017:15:02:48 +0100] "GET /galerie-matchracing HTTP/1.1" 200 4859
static.232.33.243.136.clients.your-server.de - - [19/Nov/2017:15:02:50 +0100] "GET /%C3%BCber-uns.shtml HTTP/1.1" 200 4740
