msnbot-40-77-167-41.search.msn.com - - [06/Nov/2017:12:08:18 +0100] "GET /%C3%83%C2%BCber-uns.shtml HTTP/1.1" 200 4297
58.pool85-60-242.dynamic.orange.es - - [06/Nov/2017:12:18:36 +0100] "GET / HTTP/1.1" 200 35804
58.pool85-60-242.dynamic.orange.es - - [06/Nov/2017:12:18:37 +0100] "GET /events.shtml HTTP/1.1" 200 22514
58.pool85-60-242.dynamic.orange.es - - [06/Nov/2017:12:18:38 +0100] "GET /galerie.shtml HTTP/1.1" 200 22747
58.pool85-60-242.dynamic.orange.es - - [06/Nov/2017:12:18:39 +0100] "GET /kurse.shtml HTTP/1.1" 200 31031
58.pool85-60-242.dynamic.orange.es - - [06/Nov/2017:12:23:40 +0100] "GET /event-gruppesmartkat.shtml HTTP/1.1" 200 21256
58.pool85-60-242.dynamic.orange.es - - [06/Nov/2017:12:23:41 +0100] "GET /event-matchracing.shtml HTTP/1.1" 200 21251
58.pool85-60-242.dynamic.orange.es - - [06/Nov/2017:12:23:41 +0100] "GET /event-pedalo.shtml HTTP/1.1" 200 20248
58.pool85-60-242.dynamic.orange.es - - [06/Nov/2017:12:23:42 +0100] "GET /galerie-gruppesmartkat.shtml HTTP/1.1" 200 20574
58.pool85-60-242.dynamic.orange.es - - [06/Nov/2017:12:23:42 +0100] "GET /galerie-matchracing.shtml HTTP/1.1" 200 21704
58.pool85-60-242.dynamic.orange.es - - [06/Nov/2017:12:23:43 +0100] "GET /galerie-sktrophy-2015.shtml HTTP/1.1" 200 49420
58.pool85-60-242.dynamic.orange.es - - [06/Nov/2017:12:23:43 +0100] "GET /galerie-sktrophy-2014.shtml HTTP/1.1" 200 29913
58.pool85-60-242.dynamic.orange.es - - [06/Nov/2017:12:23:44 +0100] "GET /optikurse-2014.shtml HTTP/1.1" 200 26353
58.pool85-60-242.dynamic.orange.es - - [06/Nov/2017:12:23:44 +0100] "GET /kinder-segelkurs.shtml HTTP/1.1" 200 19898
58.pool85-60-242.dynamic.orange.es - - [06/Nov/2017:12:23:45 +0100] "GET /pruefungskurs.shtml HTTP/1.1" 200 23039
hosted-by.ihost.md - - [06/Nov/2017:12:23:44 +0100] "GET /utility/convert/index.php HTTP/1.1" 200 -
58.pool85-60-242.dynamic.orange.es - - [06/Nov/2017:12:23:46 +0100] "GET /segelkurs-jollesmartkat.shtml HTTP/1.1" 200 19993
no-rdns.free.clues.ro - - [06/Nov/2017:12:23:46 +0100] "GET / HTTP/1.1" 200 35804
58.pool85-60-242.dynamic.orange.es - - [06/Nov/2017:12:23:46 +0100] "GET /segel-grundkurs.shtml HTTP/1.1" 200 21440
58.pool85-60-242.dynamic.orange.es - - [06/Nov/2017:12:23:47 +0100] "GET /smartkat-crashkurs.shtml HTTP/1.1" 200 17863
58.pool85-60-242.dynamic.orange.es - - [06/Nov/2017:12:23:47 +0100] "GET /flotte.shtml HTTP/1.1" 200 29241
58.pool85-60-242.dynamic.orange.es - - [06/Nov/2017:12:23:48 +0100] "GET /js/functions_stripped.js?v=6.6.7.2.41064 HTTP/1.1" 200 7672
58.pool85-60-242.dynamic.orange.es - - [06/Nov/2017:12:23:49 +0100] "GET /js/jquery.lazyload.min.js?v=6.6.7.2.41064 HTTP/1.1" 200 3342
58.pool85-60-242.dynamic.orange.es - - [06/Nov/2017:12:23:49 +0100] "GET /Perspectiva.html? HTTP/1.1" 200 18069
58.pool85-60-242.dynamic.orange.es - - [06/Nov/2017:12:23:50 +0100] "GET /js/).html(a);null==$( HTTP/1.1" 200 219
58.pool85-60-242.dynamic.orange.es - - [06/Nov/2017:12:23:51 +0100] "GET /aktuelles-wetter HTTP/1.1" 200 18388
58.pool85-60-242.dynamic.orange.es - - [06/Nov/2017:12:23:51 +0100] "GET /davosersee HTTP/1.1" 200 19505
58.pool85-60-242.dynamic.orange.es - - [06/Nov/2017:12:23:52 +0100] "GET /event-gruppesmartkat HTTP/1.1" 200 21256
58.pool85-60-242.dynamic.orange.es - - [06/Nov/2017:12:23:52 +0100] "GET /event-matchracing HTTP/1.1" 200 21251
58.pool85-60-242.dynamic.orange.es - - [06/Nov/2017:12:23:53 +0100] "GET /events HTTP/1.1" 200 22514
58.pool85-60-242.dynamic.orange.es - - [06/Nov/2017:12:23:53 +0100] "GET /event-pedalo HTTP/1.1" 200 20248
58.pool85-60-242.dynamic.orange.es - - [06/Nov/2017:12:23:54 +0100] "GET /flotte HTTP/1.1" 200 29385
58.pool85-60-242.dynamic.orange.es - - [06/Nov/2017:12:18:40 +0100] "GET /vermietung.shtml HTTP/1.1" 200 -
msnbot-40-77-167-41.search.msn.com - - [06/Nov/2017:12:48:37 +0100] "GET /vermietung HTTP/1.1" 200 5100
