qualityassurance.siteimprove.com - - [18/Oct/2017:03:23:25 +0200] "GET / HTTP/1.1" 200 6440
ip4da5b462.direct-adsl.nl - - [18/Oct/2017:03:40:34 +0200] "GET / HTTP/1.1" 200 35804
ip4da5b462.direct-adsl.nl - - [18/Oct/2017:03:40:35 +0200] "GET /events.shtml HTTP/1.1" 200 22514
ip4da5b462.direct-adsl.nl - - [18/Oct/2017:03:40:36 +0200] "GET /galerie.shtml HTTP/1.1" 200 22747
ip4da5b462.direct-adsl.nl - - [18/Oct/2017:03:40:37 +0200] "GET /vermietung.shtml HTTP/1.1" 200 25728
ip4da5b462.direct-adsl.nl - - [18/Oct/2017:03:40:37 +0200] "GET /kurse.shtml HTTP/1.1" 200 31031
ip4da5b462.direct-adsl.nl - - [18/Oct/2017:03:40:38 +0200] "GET /event-gruppesmartkat.shtml HTTP/1.1" 200 21256
ip4da5b462.direct-adsl.nl - - [18/Oct/2017:03:40:38 +0200] "GET /event-pedalo.shtml HTTP/1.1" 200 20248
ip4da5b462.direct-adsl.nl - - [18/Oct/2017:03:40:38 +0200] "GET /galerie-matchracing.shtml HTTP/1.1" 200 21704
ip4da5b462.direct-adsl.nl - - [18/Oct/2017:03:40:38 +0200] "GET /event-matchracing.shtml HTTP/1.1" 200 21251
ip4da5b462.direct-adsl.nl - - [18/Oct/2017:03:40:38 +0200] "GET /galerie-gruppesmartkat.shtml HTTP/1.1" 200 20574
ip4da5b462.direct-adsl.nl - - [18/Oct/2017:03:40:39 +0200] "GET /galerie-sktrophy-2015.shtml HTTP/1.1" 200 49420
ip4da5b462.direct-adsl.nl - - [18/Oct/2017:03:40:39 +0200] "GET /segel-grundkurs.shtml HTTP/1.1" 200 21440
ip4da5b462.direct-adsl.nl - - [18/Oct/2017:03:40:39 +0200] "GET /Perspectiva.html? HTTP/1.1" 200 18069
ip4da5b462.direct-adsl.nl - - [18/Oct/2017:03:40:39 +0200] "GET /optikurse-2014.shtml HTTP/1.1" 200 26353
ip4da5b462.direct-adsl.nl - - [18/Oct/2017:03:40:39 +0200] "GET /segelkurs-jollesmartkat.shtml HTTP/1.1" 200 19993
ip4da5b462.direct-adsl.nl - - [18/Oct/2017:03:40:39 +0200] "GET /js/jquery.lazyload.min.js?v=6.6.7.2.41064 HTTP/1.1" 200 3342
ip4da5b462.direct-adsl.nl - - [18/Oct/2017:03:40:39 +0200] "GET /flotte.shtml HTTP/1.1" 200 29241
ip4da5b462.direct-adsl.nl - - [18/Oct/2017:03:40:39 +0200] "GET /kinder-segelkurs.shtml HTTP/1.1" 200 19898
ip4da5b462.direct-adsl.nl - - [18/Oct/2017:03:40:39 +0200] "GET /smartkat-crashkurs.shtml HTTP/1.1" 200 17863
ip4da5b462.direct-adsl.nl - - [18/Oct/2017:03:40:39 +0200] "GET /galerie-sktrophy-2014.shtml HTTP/1.1" 200 29913
ip4da5b462.direct-adsl.nl - - [18/Oct/2017:03:40:39 +0200] "GET /pruefungskurs.shtml HTTP/1.1" 200 23039
ip4da5b462.direct-adsl.nl - - [18/Oct/2017:03:40:39 +0200] "GET /js/functions_stripped.js?v=6.6.7.2.41064 HTTP/1.1" 200 7672
ip4da5b462.direct-adsl.nl - - [18/Oct/2017:03:40:40 +0200] "GET /aktuelles-wetter HTTP/1.1" 200 18388
ip4da5b462.direct-adsl.nl - - [18/Oct/2017:03:40:40 +0200] "GET /events HTTP/1.1" 200 22514
ip4da5b462.direct-adsl.nl - - [18/Oct/2017:03:40:40 +0200] "GET /event-matchracing HTTP/1.1" 200 21251
ip4da5b462.direct-adsl.nl - - [18/Oct/2017:03:40:40 +0200] "GET /js/).html(a);null==$( HTTP/1.1" 200 219
ip4da5b462.direct-adsl.nl - - [18/Oct/2017:03:40:40 +0200] "GET /event-pedalo HTTP/1.1" 200 20248
ip4da5b462.direct-adsl.nl - - [18/Oct/2017:03:40:40 +0200] "GET /event-gruppesmartkat HTTP/1.1" 200 21256
ip4da5b462.direct-adsl.nl - - [18/Oct/2017:03:40:40 +0200] "GET /davosersee HTTP/1.1" 200 19505
ip4da5b462.direct-adsl.nl - - [18/Oct/2017:03:40:40 +0200] "GET /flotte HTTP/1.1" 200 29385
hydrogen226.a.ahrefs.com - - [18/Oct/2017:03:49:11 +0200] "GET /var/m_0/0d/0dd/12455/143504-G1_SKT2014_26.JPG HTTP/1.1" 200 144091
